0
0
5.94641464093
20.6441730568
49.1882842855
90.2292057343
128.561575712
150.267257106
154.446870977
148.579408584
137.808218347
125.139667151
112.199839085
99.8145015132
88.3638512462
77.9863345706
68.6932167378
60.4322263649
53.1224445905
46.6731088529
40.9933952852
35.9973345496
31.6059335095
27.7478648656
24.3594105598
21.3839930292
18.77159055
16.478095788
14.4646830752
12.6972077885
11.1456620536
9.78368485392
8.5881251819
7.53865473007
6.61742574622
5.80876947912
5.09893078721
4.47583479135
3.92888182484
3.44876731803
3.02732362414
2.65738113527
2.33264634834
2.04759481926
1.79737719134
1.5777367033
1.38493677574
1.21569744547
1.06713956694
0.936735832
0.822267774872
0.721788031032
0.633585253665
0.556161091758
0.488198313867
0.42854075349
0.376173490788
0.330205633646
0.289855161019
0.254435618433
0.223344439298
0.223344439298
20.8268726152501
