0
0
5.75479681282
19.0782894073
43.7956621946
80.0388248738
117.580647362
143.122502554
152.890984844
149.774914866
140.294476946
128.132983152
115.285086946
102.780952562
91.113408795
80.4819754096
70.9301499802
62.4218732248
54.8836420797
48.2273640822
42.3623827758
37.2016579866
32.6645679309
28.677966185
25.1763183919
22.1013376305
19.4014240072
17.0310468438
14.9501100969
13.1233415858
11.5197366654
10.112055408
8.87637307452
7.79168092287
6.83953320939
6.0037358682
5.27007241262
4.62606286872
4.06075190676
3.56452271632
3.1289335434
2.7465741564
2.41093982592
2.11632068964
1.85770462876
1.63069200839
1.43142083417
1.25650105346
1.10295688417
0.968176190644
0.849866045609
0.746013722373
0.654850507083
0.574827675869
0.504583798075
0.442923894249
0.388798979344
0.341288258917
0.299583463769
0.262975098907
0.230840372883
0.230840372883
17.7699105881779
