0
0
5.86404403931
19.9658942702
46.859692322
85.9440654966
124.17646098
147.610554105
153.589365547
148.893137681
138.742435573
126.344801019
113.478173979
101.061806182
89.5295580804
79.0495916829
69.649115536
61.2840445046
53.8773473865
47.3398095461
41.5809062908
36.5143373936
32.0604833123
28.1472758254
24.7102414976
21.692083077
19.0421049575
16.715594348
14.67318232
12.8802412931
11.3063360231
9.92472841415
8.71193536791
7.64733645273
6.71282714308
5.89251309658
5.17244103754
4.54036210255
3.98552386653
3.49848764883
3.07096806895
2.69569216615
2.36627571077
2.07711461702
1.82328961769
1.60048258347
1.40490306585
1.23322381519
1.08252417786
0.95024040991
0.834122062253
0.732193695459
0.64271932195
0.564178954066
0.495236375776
0.434718749069
0.381596522116
0.334965958887
0.294033763993
0.258103586389
0.22656417232
0.22656417232
19.5193206544681
