0
0
5.88788235261
20.1614097969
47.5323065623
87.2001569906
125.496253722
148.437526398
153.875442281
148.817552258
138.471695579
125.986934743
113.094995947
100.686180699
89.1775919947
78.7280649461
69.3597819613
61.026062981
53.6486327783
47.1377699369
41.4028376295
36.3576237429
31.9226917188
28.0261935484
24.6038835373
21.598678647
18.9600914814
16.6435899378
14.6099695552
12.8247490404
11.2576226423
9.88196654398
8.67439830543
7.61438604704
6.68390308379
5.8671234635
5.15015397829
4.52079851194
3.96835095196
3.48341327715
3.0577358014
2.68407689849
2.3560798453
2.06816470192
1.81543339671
1.59358640604
1.39884961354
1.22791010598
1.07785981424
0.946146041081
0.830528034189
0.729038865958
0.639950019465
0.561748066901
0.493102548075
0.432845679455
0.379952345383
0.333522703886
0.292766877767
0.256991516453
0.225587999993
0.225587999993
19.8987330627748
