0
0
5.5946124598
17.8030462785
39.3806724845
71.0355454938
106.256150971
134.022657157
148.252516913
148.944652066
141.842764962
130.917240037
118.577942002
106.165440805
94.3685273571
83.5018312771
73.6735942978
64.8827461417
57.0737279569
50.1668081183
44.0744873815
38.7100349211
33.9917463312
29.8447453628
26.2015284544
23.0018435228
20.1922216899
17.7254031809
15.5597292591
13.6585319224
11.9895664993
10.5244961627
9.2384285271
8.10950271743
7.11852342364
6.24863771241
5.48505022528
4.81477255433
4.22640289096
3.70993240215
3.25657515476
2.85861875937
2.50929322942
2.20265584538
1.93349007703
1.69721685095
1.48981665744
1.30776117393
1.14795324287
1.00767418365
0.884537542674
0.776448494963
0.681566269598
0.598278871103
0.525169347839
0.460993969658
0.404660961582
0.355211967965
0.31180574823
0.273703864997
0.240258121116
0.240258121116
15.1724701493997
