0
0
6.4761550031
25.1679763826
64.1335743537
113.426448873
147.011403677
157.700583332
154.808239674
145.139894766
132.615896914
119.346224893
106.415800387
94.3431574348
83.3389343839
73.4502633063
64.6409177062
56.835386387
49.9427762921
43.8693896757
38.525191435
33.8267477464
29.6983411016
26.0721214471
22.8877387126
20.091763363
17.6370465838
15.4820672606
13.5902990462
11.9296345684
10.4718649042
9.19221415721
8.06892611865
7.08289873909
6.21736174748
5.45759280873
4.79066788459
4.20524182897
3.69135564173
3.24026719008
2.84430256759
2.49672559006
2.19162322379
1.92380500614
1.68871475212
1.48235304794
1.30120921444
1.14220158379
1.00262507407
0.88010516999
0.772557527093
0.678150586857
0.595280418883
0.522537161372
0.458683309643
0.402632553492
0.35343133459
0.310242623732
0.272331680519
0.239053553212
0.209842106106
0.209842106106
29.014106431501
