0
0
5.94407261611
20.6247839302
49.121921937
90.1095665231
128.443616388
150.199199369
154.427239918
148.59015795
137.834642074
125.172708904
112.234456974
99.8480692562
88.3951137123
78.0147905847
68.7187671465
60.4549767876
53.142596515
46.6909005788
41.0090705387
36.0111267805
31.6180586383
27.7585185638
24.3687681261
21.3922103123
18.778805518
16.484430118
14.4702439274
12.7020894265
11.1499473338
9.78744657073
8.59142726965
7.54155333027
6.61997015112
5.81100296375
5.10089134191
4.47755576601
3.93039249509
3.4500933826
3.0284876417
2.65840290798
2.33354325863
2.04838212545
1.7980682872
1.57834334587
1.38546928534
1.21616488125
1.06754988102
0.937096004744
0.822583933624
0.722065554364
0.633828862966
0.556374931358
0.48838602177
0.428705523058
0.376318125141
0.330332593351
0.28996660595
0.254533444519
0.223430310776
0.223430310776
20.7898293304401
