0
0
6.47295699788
25.1399349581
64.045165104
113.310513242
146.939061968
157.67668251
154.813558408
145.159872936
132.642115527
119.374137252
106.443061682
94.3686421178
83.3621805852
73.4711620966
64.659540484
56.8518899141
49.9573512176
43.8822331725
38.5364933996
33.8366843415
29.7070723043
26.0797906405
22.8944734925
20.0976767267
17.6422382168
15.4866249694
13.5943000776
11.9331468255
10.4749480464
9.19492058387
8.07130184301
7.08498416117
6.21919233577
5.45919970047
4.79207841372
4.20647999015
3.69244249796
3.24122123073
2.84514002277
2.49746070661
2.19226850763
1.92437143495
1.68921196212
1.48278949779
1.30159232913
1.14253788097
1.00292027492
0.880364296551
0.772784987701
0.678350251207
0.595455683716
0.522691008405
0.458818356193
0.402751097028
0.353535391821
0.310333964915
0.272411859578
0.239123934175
0.20990388631
0.20990388631
28.9657759510215
