0
0
6.03950356096
21.4195939184
51.8305068762
94.8726585243
132.946467176
152.663375877
155.046102679
148.092065961
136.774421889
123.883351225
110.898817526
98.5603628942
87.199695504
76.9287577983
67.7447631269
59.5883401783
52.375296591
46.0136642035
40.4125079661
35.4862901298
31.1566956417
27.3531637292
24.0127401899
21.0795732449
18.5043064666
16.2434377056
14.258680015
12.5163670597
10.9869138487
9.6443322866
8.46579968184
7.43127646691
6.52316865206
5.72603041134
5.02630238416
4.41208160256
3.87291933415
3.39964351664
2.98420282781
2.61952977481
2.29942049411
2.01842922881
1.77177569469
1.55526376271
1.36521007666
1.19838139275
1.05193957572
0.923393316238
0.810555748226
0.711505330677
0.624559125227
0.548237980852
0.481243426069
0.422435769323
0.370814549926
0.325501567954
0.28572594352
0.250811001808
0.220162760764
0.220162760764
22.2929746185349
