0
0
6.17927991787
22.6005699323
55.8010695595
101.407621695
138.502883321
155.321805901
155.446566665
147.226887939
135.307525633
122.193224021
109.187704952
96.9300062469
85.6962283981
75.5682504044
66.5275459804
58.5069323383
51.4187529434
45.1699063542
39.6695463457
34.8328173729
30.5823444092
26.8485883389
23.5695945549
20.690451935
18.1626625878
15.9435017164
13.9953733245
12.2852237469
10.7840092611
9.4662188501
8.30944970182
7.29403143849
6.4026944939
5.62027801739
4.93347291007
4.33059594574
3.80139131612
3.33685632715
2.92908833891
2.57115037787
2.25695315364
1.98115148341
1.73905336781
1.52654017472
1.33999657491
1.17624903873
1.032511848
0.906339705033
0.795586132709
0.698365039192
0.613024611583
0.538113017353
0.472355757877
0.414634195564
0.36396634714
0.319490232087
0.280449207846
0.246179097065
0.216096887897
0.216096887897
24.4719044242396
