0
0
6.49494483807
25.3328886023
64.6522458189
114.101803752
147.429264088
157.836921456
154.775696583
145.022858464
132.463012345
119.183734605
106.257226544
94.1949818583
83.2038079096
73.3288003401
64.5326929489
56.7394830946
49.858083386
43.7947596192
38.4595197852
33.7690103195
29.6476080201
26.0275593978
22.8486061965
20.0574037507
17.6068806203
15.4555847291
13.5670510946
11.9092266404
10.4539503464
9.17648850195
8.05512200558
7.07078142396
6.20672514076
5.44825598771
4.78247202571
4.19804751161
3.68504047958
3.23472375091
2.83943654661
2.49245420615
2.18787381155
1.92051377983
1.68582572068
1.47981706247
1.29898313211
1.14024753391
1.00090981381
0.878599518866
0.771235870533
0.676990440057
0.594262045122
0.521643235428
0.457898623634
0.401943758005
0.352826711569
0.309711887121
0.271865801265
0.238644605655
0.209483133137
0.209483133137
29.2978145888961
