0
0
6.19796586687
22.7598854056
56.3308876294
102.239464565
139.160884633
155.608100557
155.467290167
147.105233029
135.120542732
121.983699549
108.978178095
96.7316523162
85.5139828249
75.4036951588
66.3805196121
58.3764196875
51.3033708702
45.0681630781
39.579976576
34.7540469519
30.5131174471
26.7877749238
23.5161868175
20.6435559882
18.1214891147
15.9073550458
13.9636412142
12.2573678799
10.7595566012
9.44475388382
8.29060753278
7.27749167149
6.38817583606
5.60753352187
4.92228579137
4.32077590094
3.79277129261
3.32928968362
2.92244635231
2.56532005446
2.25183530725
1.97665904833
1.73510991779
1.52307862286
1.33695803243
1.17358181316
1.03017056379
0.904284531606
0.793782106867
0.696781469802
0.611634558535
0.536892832759
0.471284682832
0.413694008475
0.363141053172
0.318765791046
0.279813295315
0.245620894727
0.215606899482
0.215606899482
24.761191459021
