0
0
5.68265563269
18.4999972553
41.7938089847
76.0250859401
112.722725975
139.436213065
151.178456699
149.626265382
141.072342225
129.368507102
116.693088373
104.202969303
92.4678254606
81.731209373
72.0609294229
63.4338368639
55.7829003998
49.0229171564
43.0642249126
37.8197181806
33.2082241274
29.1558235511
25.5961392691
22.4700581301
19.7252030173
17.3153261801
15.199688231
13.3424428745
11.7120761971
10.2808982298
9.02458748475
7.92178598912
6.9537408969
6.10398825665
5.35807449898
4.70331143767
4.12856091633
3.62404560603
3.18118283042
2.79243864506
2.45119971886
2.15166085507
1.88872624797
1.65792280089
1.45532403383
1.2774832881
1.12137509247
0.984343693913
0.864057877683
0.758471308248
0.665785773779
0.584426648973
0.513009775181
0.450320215952
0.395291469774
0.346987366256
0.304586139207
0.267366445993
0.234695095334
0.234695095334
16.6049571704884
