0
0
5.63764759075
18.1424808258
40.5556804673
73.484820413
109.489705239
136.802291013
149.812719831
149.360896566
141.500000897
130.158657716
117.634034296
105.172967061
93.4021709714
82.5987709559
72.8494818644
64.141387941
56.4127150464
49.5807233253
43.5566826683
38.2535976148
33.5899933844
29.491459377
25.8910546556
22.7291024916
19.9526896258
17.5150702491
15.3750563551
13.4964002736
11.8472314604
10.3995444484
9.12873941165
8.0132132569
7.03399751659
6.1744387057
5.4199167319
4.75759714802
4.17621335902
3.6658752626
3.21790117217
2.82467022136
2.47949277241
2.17649664243
1.91052722264
1.67705979727
1.47212257391
1.2922291178
1.13431904169
0.995705942827
0.874031701829
0.767226366025
0.673470995007
0.591172762219
0.518931537321
0.455518359865
0.399854419028
0.350992739254
0.308102069536
0.270452741442
0.237404255285
0.237404255285
15.8741546044051
