0
0
4.77989525881
11.8771644447
19.7628634217
27.6509108669
34.732157109
40.5832499606
45.5052206638
49.7714148744
52.6891906794
54.2397344616
54.6515365033
54.2209705192
53.1981270897
51.8203439295
50.2205603917
48.4314208152
46.5323619864
44.5474479097
42.5184683155
40.4787351034
38.4557680142
36.4609355087
34.5105309959
32.6061671369
30.7570627634
28.973043408
27.2586045727
25.6133699442
24.0368111335
22.5369008609
21.108166254
19.7521952334
18.4681576371
17.2554428285
16.1093138828
15.0320020994
14.0165938494
13.0625140109
12.1697131996
11.3326007048
10.5478641344
9.81338931253
9.12672045181
8.48456920289
7.88326236557
7.32146860799
6.80146243828
6.31413020634
5.86054325097
5.4393823769
5.04572827317
4.68205905089
4.3428472478
4.02871627111
3.73753359662
3.46587229763
3.21304418264
2.97891206361
2.76034289531
2.76034289531
1.3034819959318
