0
0
5.23277405719
15.0483255237
29.9554758408
50.351208037
74.6747097379
99.3001445677
119.975461437
133.397324475
138.050676786
135.387388458
127.856547763
117.707033935
106.548142486
95.3460049985
84.7195935008
74.9445799066
66.1120045943
58.216677747
51.2060650539
45.0070044652
39.5400275276
34.7267639279
30.4935898534
26.7731456453
23.5047715395
20.6343527064
18.113887841
15.9009614994
13.9581940939
12.2526860089
10.7555084048
9.44123957124
8.28754853423
7.27482424166
6.38584706978
5.60549878279
4.92050698202
4.31922024511
3.79141043903
3.32809901856
2.92140445381
2.56440824702
2.25103729098
1.97596058543
1.73449856477
1.5225435001
1.33648962494
1.17317179769
1.02981165844
0.903970364833
0.793507103215
0.696540725524
0.611423804521
0.536708332355
0.471123165141
0.413552610421
0.36301726851
0.318657425839
0.27971842898
0.27971842898
9.15526252795813
