0
0
5.69610153904
18.6072957092
42.1653864521
76.7789996035
113.658569897
140.171635004
151.539192687
149.677082063
140.934309203
129.134643402
116.421302796
103.925941247
92.2026306737
81.4858769254
71.8384498078
63.2345017713
55.6056331143
48.8660143417
42.9257601494
37.6977570122
33.100930374
29.0615068784
25.5132723539
22.397274665
19.6612889078
17.2592081836
15.1504196925
13.2991902306
11.6741062743
10.2475666107
8.99532802204
7.89610144531
6.93119463998
6.08419692048
5.34070151215
4.688061327
4.11517429723
3.61229477978
3.17086791642
2.78338418397
2.44325168984
2.1446840569
1.88260199987
1.65254692405
1.45060507954
1.27334098227
1.11773897018
0.98115190083
0.861256117884
0.756011920623
0.663626920512
0.582531605532
0.511346303898
0.448860018923
0.394009707107
0.345862233504
0.303598496441
0.266499492198
0.23393408259
0.23393408259
16.8226808557217
