0
0
4.83346766903
12.2350209822
20.8566871762
29.9995768059
38.8435030109
46.8710673405
54.2314610394
61.0203709432
66.3799090546
70.1512408667
72.4538566839
73.5120801314
73.5410314387
72.7743712721
71.3660260034
69.3891762639
66.9754236973
64.2064390587
61.1825355106
57.9925737005
54.7144929855
51.4039212123
48.1147224355
44.8794529447
41.7320018336
38.7009661594
35.8044366027
33.0513068378
30.446757282
28.0014596683
25.7102784037
23.5733692677
21.5871031262
19.7470994295
18.0442191518
16.4758924069
15.0302077289
13.7015744596
12.4849812801
11.3700295849
10.3488409721
9.4150049096
8.56205266479
7.78297953182
7.07070196582
6.4207768106
5.83262978815
5.29455333853
4.80530185762
4.36146942894
3.95626931921
3.59052082797
3.25721242849
2.95566200855
2.6825806444
2.43352853696
2.20694220537
2.0019224889
1.81467198408
1.81467198408
2.25231889993813
