0
0
4.9647343393
13.1319192203
23.6696755918
36.1833716769
49.8430128407
63.7610969164
77.3905633081
89.9388807514
99.7328032831
106.081354316
108.92735422
108.641421164
105.802742109
101.101708778
95.1452505039
88.4025746562
81.3136488184
74.1754254495
67.2211730223
60.6057349576
54.4238793584
48.7151391491
43.4969409187
38.754474105
34.4698716779
30.6196504581
27.1722764637
24.091172139
21.3409569038
18.8967438977
16.7227095155
14.7929329318
13.0818420353
11.5667807248
10.2235519173
9.03730237457
7.98618940049
7.05670943193
6.23760623931
5.51362025014
4.87318297305
4.30715766156
3.80712923725
3.36477739439
2.97221623619
2.62461318163
2.32131480594
2.05075924743
1.81205778868
1.60230319872
1.41530683849
1.25256739294
1.10778811361
0.981036766294
0.869782043245
0.77034251351
0.68191429541
0.604341418266
0.534541108397
0.534541108397
4.55394166006871
