0
0
5.68742930672
18.5380654804
41.925643908
76.2930273931
113.056566043
139.699945623
151.308878497
149.645667781
141.023790211
129.285324975
116.596102191
104.103961845
92.3729678926
81.6434128511
71.9812867501
63.3624655066
55.7194223854
48.9667268983
43.0146350486
37.776037371
33.1697955901
29.1220423722
25.5664587024
22.4439889751
19.7023105183
17.2952259883
15.1820413131
13.3269506889
11.6984761507
10.2689595146
9.01410732419
7.91258628658
6.9456652621
6.09689937721
5.3518518229
4.69784913314
4.12376607749
3.6198366761
3.17748821638
2.78919550102
2.4483528777
2.14916189045
1.88653265081
1.6559972564
1.45363378687
1.27599958605
1.12007269616
0.983200448298
0.863054334992
0.757590397168
0.665012508786
0.58374787602
0.512413947331
0.449797197413
0.394832363347
0.346584361982
0.304232381506
0.267055917041
0.234422512686
0.234422512686
16.6822866316282
