0
0
5.56512695351
17.5718667859
38.5810526033
69.3484121367
103.962667698
131.962753712
147.020947836
148.547562752
142.026026655
131.43146354
119.247864571
106.883942108
95.0756530991
84.1668681959
74.282920354
65.432302777
57.5645594417
50.6024960472
44.459711372
39.0497812975
34.2908961405
30.1078718896
26.43280945
23.205042048
20.3706951869
17.8821315229
15.6973445181
13.7793548726
12.0956403169
10.6176178501
9.32017755249
8.18126676095
7.18152132593
6.30393982026
5.53359636783
4.8573878906
4.26381186079
3.74277099595
3.28540169802
2.88392338785
2.53150621176
2.22215489193
1.9506067577
1.7122422301
1.50300624116
1.31933925337
1.15811670724
1.01659586763
0.892369164981
0.783323238001
0.687601046121
0.603576307686
0.529819534137
0.465075987593
0.408244230753
0.358357426162
0.314566887728
0.276127642245
0.24238575529
0.24238575529
14.6900482493741
