0
0
5.9541177376
20.7079874972
49.4066061378
90.6217635732
128.946840779
150.488227
154.509688279
148.543425461
137.721414657
125.031491912
112.086659208
99.7048310996
88.2617521792
77.8934223908
68.6098034375
60.3579605756
53.0566649053
46.6150353486
40.9422312561
35.9523173581
31.5663580288
27.7130922291
24.3288684903
21.3571727863
18.7480417837
16.4574213376
14.446533171
12.681274759
11.1316754622
9.77140710715
8.57734760518
7.52919408413
6.60912114726
5.80147968292
5.09253179816
4.47021775975
3.92395119889
3.44443922045
3.02352442641
2.65404620574
2.3297189531
2.04502515718
1.79512154696
1.5757567032
1.38319873577
1.21417179772
1.06580035676
0.935560276437
0.821235875092
0.720882232095
0.632790145584
0.555463148001
0.487585660471
0.428002967746
0.375701423687
0.329791254228
0.289491419743
0.254116327244
0.223064166347
0.223064166347
20.9486558644887
