0
0
5.42343580287
16.4771263291
34.8091327883
61.1933583873
92.1343779684
120.173468699
138.825050866
146.179412037
143.019283783
134.221202249
122.863086765
110.75297932
98.8814494367
87.7468364191
77.5645218244
68.3935861317
60.2107508607
52.9524577985
46.5382739809
40.8835504393
35.9059793189
31.5287840589
27.6819888976
24.3027154947
21.3349352159
18.7289836053
16.4409946865
14.4323176333
12.6689376799
11.1209469658
9.76206394058
8.56920234954
7.52208768769
6.60291756269
5.79606187417
5.08779866769
4.46608171603
3.92033618569
3.4412790906
3.02076158102
2.65163044327
2.32760648832
2.04317777995
1.79350589774
1.57434364708
1.38196282022
1.213090782
1.0648548029
0.934733193353
0.820512408598
0.720249394742
0.632236567611
0.55497889894
0.487162055271
0.427632410589
0.375377270924
0.329507694785
0.28924337061
0.253899342133
0.253899342133
12.3525655879762
