0
0
6.149075164
22.343745465
54.9438873368
100.041854606
137.398899224
154.827717876
155.39898131
147.421574652
135.614480485
122.539771562
109.535419539
97.2597591037
85.9995062018
75.8422535649
66.7724515773
58.7243804741
51.6110197063
45.3394616798
39.8188232283
34.9641009825
30.6977250623
26.9499476795
23.6586115296
20.7686157569
18.2312887535
16.0037495812
14.04826326
12.3316529498
10.8247661434
9.50199595968
8.34085522703
7.32159939864
6.42689373616
5.64152014334
4.95211925007
4.34696369021
3.81575890284
3.34946817312
2.9401589956
2.58086817967
2.26548342095
1.98863933462
1.74562618781
1.53230978185
1.34506112316
1.1806946875
1.03641422785
0.909765204326
0.798593027014
0.701004483533
0.615341508903
0.540146783219
0.474140992567
0.416201270268
0.365341921553
0.320697707969
0.281509127155
0.247109491437
0.216913585421
0.216913585421
24.0032991876961
