0
0
6.30193279222
23.6521387084
59.2690193669
106.683182379
142.496460204
156.049364492
154.976852472
146.245292697
134.131654312
120.984871823
108.027902109
95.8561264297
84.7221486963
74.6955026334
65.7514792024
57.8200871765
50.8126797416
44.6361148594
39.1999817945
34.4200695638
30.2197167533
26.5300963898
23.2899231629
20.4448999989
17.9470855104
15.7542505204
13.8292388273
12.139385488
10.6559895042
9.35384154927
8.2108041121
7.20743996465
6.3266843507
5.55355628678
4.87490460919
4.27918475402
3.75626264574
3.29724245566
2.8943153549
2.5406267198
2.23015954806
1.95763211207
1.7184081138
1.50841781592
1.32408880911
1.16228523881
1.02025445801
0.895580198835
0.786141466488
0.690074534776
0.605747228676
0.531724900825
0.466748284857
0.409711969288
0.359645628751
0.315697515996
0.277119971185
0.243256701958
0.213531617871
0.213531617871
26.3623208634779
