0
0
5.00804221543
13.4339348382
24.6376406675
38.3461790042
53.7061894337
69.6104298205
85.1140673985
98.9638566468
109.162914396
114.960959847
116.481332959
114.402383431
109.617419515
103.060312363
95.4875257012
87.4363381777
79.3555136464
71.515074855
64.104522373
57.230329408
50.9415376607
45.2380751668
40.1048948557
35.5015822992
31.3906646041
27.7339802979
24.4892361289
21.6121778843
19.0621094766
16.8105677382
14.8194464523
13.0614936103
11.5104860445
10.1435988492
8.93680215533
7.87563628217
6.93879683541
6.11340801792
5.38888569135
4.75065676022
4.18783528814
3.69194861186
3.25521694027
2.86992052104
2.52873659373
2.2273570793
1.96561263156
1.73238494294
1.52719362022
1.34750437672
1.18746808041
1.04889262336
0.925760862188
0.818394350227
0.724490980064
0.640576535051
0.566035129813
0.500880418295
0.442181956335
0.442181956335
5.30611963166691
