0
0
5.18060597873
14.6666708164
28.6792151713
47.4661998918
69.7532498541
92.7264198095
112.996273649
127.4824719
134.122885171
133.602187677
127.864998447
118.988521597
108.614804069
97.8965003406
87.4963773072
77.6910126212
68.7005950109
60.5915021679
53.3500820678
46.9236027771
41.2426928536
36.2333768983
31.8232995528
27.944757927
24.5359402998
21.5412462825
18.9110970027
16.6015262328
14.573692351
12.7933633119
11.2304086339
9.85833280337
8.6538508635
7.59650742419
6.66833741547
5.85356554595
5.13834091042
4.51050312102
3.95937649233
3.47558907172
3.05091360504
2.67812783017
2.3508917791
2.06364003489
1.81229666565
1.5913058963
1.39711564739
1.22654018225
1.07674409148
0.94521649602
0.829740973967
0.728364978195
0.639368645799
0.561243998965
0.492664073515
0.432463448229
0.379618681895
0.333231176505
0.292512018762
0.292512018762
8.26967192644886
