0
0
5.26429657495
15.2809140247
30.7380410933
52.1161805046
77.6350098075
103.116031304
123.807557871
136.397987605
139.806977633
135.944717928
127.49606253
116.599201512
105.030904927
93.727653306
83.1486731082
73.4872621411
64.7924083921
57.0379632664
50.1614510168
44.0854925789
38.7292734806
34.0145563511
29.8684939534
26.2247644595
23.0238062387
20.2125578623
17.7439907822
15.5765715033
13.6737024089
12.0031744356
10.5366660418
9.2492883935
8.11917754941
7.1271315667
6.25628913035
5.49184582784
4.82080415421
4.23175351916
3.71467681681
3.26078044349
2.86234497446
2.5125940199
2.20557906497
1.93607835638
1.69950812858
1.49184466735
1.30955589011
1.14954128226
1.00907916995
0.885780433635
0.7775478761
0.682538605346
0.599138763945
0.525929735911
0.46166631347
0.405255410733
0.355737509413
0.312270338134
0.274114545872
0.274114545872
9.68810790842738
