0
0
5.66453839733
18.3557783132
41.294343916
75.0054879648
111.43985224
138.408401662
150.658890579
149.537971919
141.25142202
129.685445318
117.066067275
104.585365447
92.8350608672
82.0715860081
72.3699634364
63.7109293487
56.0294358589
49.2411994496
43.2568962837
37.9894484323
33.3575558532
29.2871018625
25.7114856418
22.5713718011
19.8141724537
17.3934444269
15.2682725033
13.4026531872
11.7649329542
10.3272983645
9.06531902453
7.95754106615
6.98512729654
6.1315396274
5.38225935621
4.72454109071
4.14719644039
3.64040396991
3.19554227989
2.80504343096
2.46226424896
2.16137333946
1.89725189952
1.66540664489
1.46189337455
1.28324987405
1.12643701709
0.988787064112
0.867958278495
0.761895088533
0.6687911759
0.587064797183
0.515325547604
0.45235300624
0.397075857713
0.348553706009
0.305961075675
0.268573368084
0.235754533839
0.235754533839
16.3111574916039
