0
0
6.08874959954
21.8334608509
53.2300786665
97.2369674326
135.0376009
153.71386612
155.243733491
147.799484231
136.244385229
123.262146958
110.265257528
97.9544027536
86.6396931593
76.4213572051
67.2904473929
59.184517354
52.0179912583
45.6984272433
40.1348950979
35.2420960125
30.9420572898
27.164594856
23.8471252535
20.934146774
18.3766226527
16.1313409101
14.1602725447
12.4299800362
10.9110805947
9.57776437559
8.40736558332
7.37998261447
6.47814271974
5.68650657436
4.99160834739
4.38162719531
3.84618648811
3.37617746253
2.96360436448
2.60144848114
2.28354876938
2.00449706075
1.75954606652
1.5445286213
1.35578679323
1.19010965603
1.04467866479
0.917019706529
0.804961010121
0.706594283326
0.62024822057
0.544453880827
0.477921752298
0.419520012052
0.368255105141
0.323254893475
0.28375381822
0.249079875357
0.218643182833
0.218643182833
23.0636981583124
