0
0
5.59512497221
17.807074616
39.3946115843
71.0648127737
106.29546216
134.057324751
148.272703657
148.950693438
141.839166669
130.908239796
118.566457871
106.153232941
94.3565702591
83.4906180083
73.6633388419
64.8735074322
57.0654828438
50.1594930991
44.0680218931
38.7043340815
33.9867275221
29.8403314257
26.1976490455
22.9984353608
20.1892283621
17.7227746465
15.5574213347
13.6565056604
11.9877876172
10.5229345124
9.23705761255
8.1082992615
7.1174669824
6.24771033337
5.48423614557
4.81405793466
4.22577558153
3.70938173676
3.25609176987
2.85819443513
2.50892075007
2.20232887664
1.93320305847
1.69696490145
1.48959549223
1.30756703173
1.14778282194
1.00752458566
0.88440622341
0.776333221066
0.681465080549
0.598190045959
0.525091375897
0.46092552481
0.404600879752
0.355159227311
0.311759451766
0.273663225337
0.240222447082
0.240222447082
15.1808435285391
