0
0
5.56267292402
17.5526773826
38.5147111166
69.2077243004
103.76899387
131.785441286
146.912018495
148.50990024
142.039014694
131.473858774
119.30441474
106.945193252
95.1362531815
84.2240404903
74.3354067885
65.4797014849
57.6069291382
50.6401271085
44.4929967053
39.0791449701
34.3167559269
30.1306206433
26.4528068506
23.22261253
20.3861284867
17.8956849534
15.7092454569
13.7898038644
12.1048139551
10.6256714741
9.32724771198
8.18747343453
7.18696990069
6.30872284806
5.53779511776
4.86107371808
4.2670474131
3.74561127265
3.28789498317
2.88611206911
2.53342749989
2.22384145272
1.95208726686
1.7135418605
1.5041470906
1.32034072015
1.1589958199
1.01736757441
0.893046587921
0.783917896042
0.688123051116
0.604034535933
0.530221777648
0.465429086355
0.408554189074
0.358629514767
0.314805733383
0.276337306433
0.242569803271
0.242569803271
14.6498357144471
