0
0
4.97390587812
13.195621439
23.8730338585
36.6365938284
50.6529286507
64.9934606096
79.0350548269
91.8935202152
101.824767974
108.114061637
110.728071928
110.091858188
106.847331166
101.738841206
95.4108542897
88.3536145146
81.0146639557
73.6893558244
66.6041786689
59.9049146248
53.676918531
47.9510485074
42.7372727611
38.0146591571
33.7604871999
29.9475135561
26.5413575483
23.5033339505
20.7965383033
18.3950055216
16.2621733942
14.3716392032
12.6975382508
11.2170605773
9.90595564883
8.74938798796
7.72558145633
6.82113228338
6.02490444942
5.32176999459
4.70029765849
4.15148891232
3.66706439604
3.23883476591
2.85903902101
2.52296259211
2.23006229438
1.96887823737
1.73861649052
1.53645711893
1.3562915151
1.19969177102
1.06042789151
0.938628590599
0.831817886385
0.736364608179
0.651510706066
0.577141749382
0.510212409713
0.510212409713
4.71351210543355
