0
0
4.9889533405
13.3004455245
24.2086000529
37.3858612658
51.9916094674
67.0237288501
81.7248438079
95.0530707908
105.149789555
111.273394665
113.446296348
112.196148381
108.273424114
102.509286825
95.6034877251
88.0731516401
80.3713252972
72.7855450718
65.5278604097
58.7274640306
52.4537007639
46.723370477
41.5347894363
36.8577635858
32.6624232781
28.9161316877
25.580537083
22.6140802576
19.9778591774
17.644545754
15.5766922881
13.7473637404
12.1304172737
10.702946324
9.44073132535
8.32905478045
7.34631514492
6.47931915715
5.71716032058
5.04494782299
4.45148813429
3.92801544765
3.46647408693
3.05888695833
2.69769270674
2.37836320992
2.10052775368
1.85288475555
1.63478628303
1.44354595933
1.27317691983
1.12536228328
0.993972556977
0.879227778716
0.778734522078
0.688936319349
0.609142960849
0.539301278997
0.476420999864
0.476420999864
4.97500067488032
