0
0
5.68776721467
18.5407612423
41.9349795313
76.3119822293
113.080130895
139.718503581
151.31801151
149.646982728
141.020333404
129.279442737
116.5892574
104.096980869
92.3662829238
81.6372273678
71.9756767742
63.357438753
55.7149519097
48.9627698645
43.0111429427
37.772961446
33.16708956
29.1196636192
25.5643687141
22.4421532964
19.7006985312
17.2938106262
15.1807987011
13.3258598042
11.6975185022
10.2681188495
9.0133693637
7.91193848985
6.94509661679
6.0964002144
5.35141365387
4.6974645057
4.12342844965
3.61954030502
3.17722806083
2.7889671357
2.44815241802
2.14898592646
1.88637818923
1.65586166971
1.45351476862
1.27589511163
1.11998098834
0.983119947039
0.862983670882
0.757528368132
0.664958059621
0.583700080486
0.512371992352
0.44976036928
0.394800035565
0.346555984614
0.304207471818
0.26703405129
0.23440331891
0.23440331891
16.6877591403755
