0
0
5.82021908093
19.6081499312
45.6265537237
83.6031788057
121.639531018
145.954491205
152.969511997
148.991061558
139.237215849
127.02178563
114.212493962
101.786286656
90.2108367147
79.6732690724
70.2110750335
61.7855172993
54.3221591985
47.7328723535
41.9274076485
36.8193260807
32.3286705729
28.3829549332
24.9172684478
21.873894164
19.2017461874
16.8557541816
14.7962297016
12.9882607696
11.4011602818
10.0079678097
8.78500438556
7.71147724501
6.76913036377
5.94193628669
5.21582481984
4.57844442834
4.0189525391
3.52783132653
3.09672592937
2.71830239248
2.38612294298
2.09453649349
1.83858251808
1.61390667012
1.41668670929
1.24356747899
1.0916038288
0.958210511483
0.841118202344
0.738334892964
0.648110053484
0.568910926951
0.499390092985
0.438364874672
0.384797084779
0.33777540714
0.296499892546
0.260268349251
0.228464396559
0.228464396559
18.8196449949041
