0
0
4.88466501632
12.5814484785
21.931617319
32.3411850169
42.9889907111
53.2498406668
63.0750581731
72.3063807712
79.8364086009
85.3047258578
88.6994120848
90.1929378502
90.0214853278
88.4940694311
85.873549403
82.3586112303
78.2056050073
73.6081419887
68.7593390924
63.8189028165
58.9144044323
54.1327055889
49.5438582275
45.1850625773
41.0864594353
37.2670532228
33.7317051636
30.4742029258
27.4840007518
24.7562057822
22.2708590247
20.0144226252
17.97085302
16.1247025389
14.4571120545
12.9570741306
11.6054217464
10.3904006002
9.3017944641
8.3248448939
7.44806811772
6.66210123618
5.95807928132
5.32707525903
4.76048884336
4.25270353414
3.80224938199
3.39674570181
3.0344817757
2.71174613776
2.42157473852
2.1647204733
1.93418272771
1.72936197044
1.54710162269
1.38313504933
1.23610849458
1.10535449425
0.987318691722
0.987318691722
3.1538321520006
