0
0
5.17323702164
14.6130902563
28.5008846759
47.0627249884
69.0575332015
91.7750451617
111.948007884
126.546634875
133.452060688
133.24452394
127.787651049
119.122561093
108.888189862
98.2495995696
87.8856462478
78.1213628053
69.1248184178
60.9878051512
53.7099195755
47.2451608921
41.5274185456
36.4841548477
32.0435044399
28.1377873559
24.7049932761
21.6892335517
19.0406210043
16.7148894878
14.6729171995
12.880221641
11.3064503022
9.92491242399
8.71215210515
7.64756461992
6.71305456786
5.89273294498
5.17264962178
4.54055760215
3.98570557518
3.49865552591
3.071122469
2.69583367333
2.36640503616
2.07723253403
1.82339692101
1.60058006291
1.40499148964
1.23330391961
1.08259666104
0.950305928462
0.834181229837
0.732247082712
0.642767431953
0.564222275107
0.495275356624
0.434753801091
0.381628021535
0.33499424909
0.294059157835
0.294059157835
8.14419762125202
