0
0
4.8165126648
12.1212521033
20.5070656759
29.2448402317
37.5162882577
44.8347082962
51.4015881142
57.3763959085
61.9625489427
65.0532039985
66.8073418609
67.4738495993
67.2774796806
66.4490304959
65.1299002962
63.3733674299
61.2870446427
58.9272265443
56.369416226
53.6798362008
50.9167862215
48.1195711603
45.3290919908
42.5681016602
39.8635165642
37.239460569
34.711620273
32.288108534
29.9745604088
27.7830469886
25.7104899352
23.7595153303
21.9292117716
20.2180180629
18.6196069241
17.1341394169
15.7523025082
14.4709295373
13.2872506456
12.1929151736
11.1818901407
10.2494151582
9.39048827804
8.59939957025
7.87019912118
7.19942993195
6.58737623833
6.02307579578
5.50591575816
5.03302985204
4.59808845123
4.20229245128
3.83895114578
3.50764475713
3.20529930698
2.92764705944
2.67325692859
2.44133075946
2.22814690496
2.22814690496
1.95264935599749
