0
0
4.90703207418
12.7341512129
22.4101895917
33.3928963619
44.8609618013
56.1304959443
67.0407506367
77.287243314
85.6220197024
91.5832859647
95.1124305313
96.3909910271
95.7080162789
93.4502636058
89.9655001877
85.532167637
80.4723298176
75.0275837525
69.421748951
63.830228907
58.3848702744
53.1689134027
48.2438746229
43.6358096006
39.3627548475
35.4316943752
31.8362325885
28.5600379214
25.5837530169
22.894945206
20.467332168
18.282157977
16.319129191
14.5593804036
12.98134161
11.5718857431
10.3102125441
9.1833364697
8.1801333249
7.28519554632
6.48659983531
5.77471076957
5.14052027729
4.5750581132
4.06975775478
3.61909502584
3.22173297252
2.86544946588
2.54871545445
2.26801334524
2.01657842532
1.79536605548
1.59757437482
1.4227994369
1.26807341383
1.12931106247
1.00533342366
0.895639052679
0.796829568887
0.796829568887
3.54611600548806
