0
0
4.80215828633
12.0253038748
20.21355648
28.6140899392
36.4112718809
43.143471176
49.052967353
54.3472461595
58.2745432782
60.7662001897
62.011051342
62.2778632483
61.8013154105
60.8137046382
59.4511790814
57.7563438079
55.8227864197
53.6910988315
51.4206297971
49.0620921934
46.6595583787
44.2397185967
41.8326660847
39.4521791657
37.1179680162
34.8486400945
32.6558712474
30.5450387331
28.520103797
26.5923664613
24.7586925657
23.0221920776
21.3828538431
19.8403140462
18.3896356698
17.0324896809
15.7611298656
14.5739579354
13.4697496673
12.441646931
11.485029646
10.5964615098
9.77217159155
9.00758438687
8.29778563452
7.64025780999
7.03613894094
6.47523887991
5.95762967113
5.4810565272
5.03973241195
4.63533550231
4.26159769539
3.91846686219
3.60319065382
3.31177936741
3.04303853703
2.79637247292
2.56823287017
2.56823287017
1.6984942138865
