0
0
5.82478664738
19.6453313952
45.754848232
83.848994294
121.910696113
146.135677685
153.040242768
148.983639985
139.185963167
126.950093062
114.134102097
101.708639569
90.1376597775
79.6061923319
70.1505880608
61.7315139996
54.2742425463
47.6905217092
41.8900689067
36.7864579379
32.2997668746
28.3575538682
24.894954936
21.8542981324
19.1845394988
16.8406471618
14.7829670725
12.9766178819
11.3909396187
9.99899581034
8.77712859604
7.70456378355
6.76306167627
5.93660916567
5.21114865929
4.57433968837
4.01534939623
3.52466848782
3.0939495908
2.71586532428
2.38398368653
2.09265865624
1.83693415455
1.61245973853
1.41541659455
1.24245257397
1.09062516678
0.957351443479
0.840364113892
0.7376729555
0.647529005893
0.568400884467
0.498942378517
0.437971871616
0.384452107307
0.337472586456
0.296234077041
0.260035016863
0.228259577838
0.228259577838
18.8926982360085
