0
0
5.65944057774
18.3152723023
41.1540617083
74.7178549757
111.074363784
138.111408387
150.505570816
149.50880613
141.300198743
129.774922846
117.172411176
104.694891453
92.9405068707
82.1694646062
72.4589107542
63.7907297528
56.1004629421
49.3041023406
43.3124278926
38.0383732851
33.4006039588
29.3249475446
25.7447394908
22.600580764
19.8398229654
17.4159667285
15.2880462306
13.420012706
11.7801724104
10.340676325
9.07706266913
7.96784993401
6.99417661305
6.13948324621
5.38923235407
4.73066205229
4.15256946797
3.6451204498
3.19968243434
2.80867768123
2.46545441228
2.16417367997
1.89971005098
1.66756442073
1.46378747897
1.28491252628
1.1278964994
0.990068202862
0.869082866404
0.762882255367
0.669657714176
0.587825447137
0.515993248586
0.452939116327
0.397590347049
0.349005326404
0.306357509483
0.268921358886
0.23606000116
0.23606000116
16.2283979107597
