0
0
4.87008984137
12.4823843248
21.6226789962
31.665133639
41.7885010759
51.4014245327
60.5189785407
69.0659236895
76.0162989489
81.0729123972
84.2604542568
85.7589110991
85.786718139
84.6179332847
82.471757421
79.5011719895
75.9207066877
71.8895723681
67.5751647155
63.1200889056
58.6423105128
54.2249362851
49.9385539288
45.8237690181
41.9158777496
38.2399542109
34.8072149714
31.6176533793
28.6665126013
25.9541459257
23.4652345527
21.1902595614
19.1166112941
17.2317346493
15.5191767008
13.969908435
12.5663734467
11.2981098044
10.1559278832
9.12587417799
8.1970822906
7.36065175053
6.60805421347
5.93059733653
5.31983252111
4.77022820508
4.28034851169
3.83780951792
3.44086331573
3.08573775569
2.76539142101
2.48048633536
2.22392436675
1.9950023889
1.79045821224
1.60591888268
1.43992379386
1.29170063123
1.15759390316
1.15759390316
2.89769474174074
