0
0
4.87213482272
12.4962624878
21.6658853502
31.7595405259
41.95598882
51.6593067395
60.8760276273
69.5198180489
76.5537934211
81.6721116054
84.894166765
86.3983911911
86.4050081816
85.1922481133
82.9848197861
79.9417006427
76.2830996886
72.1730715365
67.7827911218
63.257524677
58.7168868216
54.2448065659
49.9120619298
45.7590004858
41.8203677807
38.120512371
34.6698442889
31.4675376352
28.508048449
25.7909987957
23.3004105713
21.026181814
18.9551968256
17.0744671733
15.3671737321
13.8239815761
12.4270811832
11.1658039715
10.030793025
9.00796086922
8.08633573155
7.25693569945
6.51117068733
5.84030281145
5.23585130022
4.69226334901
4.20809033307
3.77094200269
3.37906999066
3.02870591263
2.7128152614
2.43206957745
2.17938175952
1.95406109286
1.75285851453
1.57141467199
1.40828296804
1.26270508361
1.13103921474
1.13103921474
2.93365672358027
