0
0
5.57414814813
17.6424763819
38.8252092637
69.8652556883
104.670968674
132.606755121
147.412722222
148.679716831
141.975187137
131.275030432
119.041022049
106.660718887
94.8552325376
83.9591569863
74.0923727984
65.2603077592
57.4108617827
50.4660170854
44.3390109
38.9433123753
34.1971384263
30.0253976709
26.3603126688
23.1413452503
20.3147472185
17.8329990789
15.6542030059
13.7414770913
12.0623859669
10.588423727
9.29454859714
8.15876800573
7.16177071172
6.28660182546
5.51837637761
4.84402723192
4.25208343096
3.73247541757
3.2763639391
2.87598979208
2.52454188989
2.21604143086
1.94524020876
1.70753134273
1.49887091208
1.31570916505
1.15493013262
1.01379862075
0.889913679785
0.781167759654
0.685708920428
0.601915359274
0.528361518091
0.463796110029
0.407120727046
0.357371190851
0.313701149635
0.275367679282
0.241718644106
0.241718644106
14.8377913187253
