0
0
6.01518097365
21.2161072272
51.1395057401
93.680979214
131.856702431
152.092263647
154.920687704
148.229113091
137.040922655
124.201044729
111.225177733
98.8736676262
87.4898459149
77.1919814464
67.980627557
59.7980900148
52.5609402744
46.1774816922
40.5567910152
35.6132143718
31.2682632831
27.45118375
24.0988302836
21.1551699535
18.5706806144
16.3017095398
14.3098358404
12.5612743173
11.0263349146
9.67893690158
8.49617604097
7.45794105454
6.54657493177
5.74657648588
5.0443377374
4.42791302767
3.88681614313
3.4118421164
2.9949107389
2.62892916005
2.30767125662
2.02567173176
1.77813314889
1.56084432253
1.37010867988
1.20268137559
1.05571409059
0.926706576166
0.813464119289
0.714060205554
0.626801787844
0.550206583874
0.482971461029
0.423952634293
0.372146050407
0.3266703559
0.286751902711
0.251711586137
0.220953291179
0.220953291179
21.9110820688406
