0
0
5.71134632271
18.7292201249
42.5875604466
77.6307152998
114.702796063
140.977959211
151.924016889
149.721155694
140.773517311
128.871344317
116.118422184
103.618697922
91.9092880288
81.2149305796
71.5929808768
63.0147044347
55.4102464778
48.6931184144
42.7732075286
37.5634021598
32.9827413516
28.9576178213
25.421998151
22.3171087566
19.5908930878
17.1973997913
15.0961557324
13.2515524089
11.6322869509
10.210855952
8.96310243113
7.86781324081
6.90636290238
6.06239940401
5.32156751485
4.67126541495
4.10043078596
3.59935288445
3.1595074915
2.7734119817
2.43449807483
2.13700012162
1.87585703226
1.64662618439
1.44540784882
1.26877884902
1.11373432659
0.977636622569
0.858170405292
0.753303281453
0.661249276136
0.580444508955
0.509514249801
0.447251841143
0.392598048019
0.344623078624
0.30251076589
0.265544682091
0.233095950247
0.233095950247
17.0692014567075
