0
0
5.13638828163
14.3463988465
27.6165701396
45.0618176318
65.5834081769
86.9472699363
106.486064468
121.481642528
129.615783219
130.981941808
127.015258807
119.531464986
110.117625889
99.9814824054
89.876302313
80.1995603603
71.2127448065
63.0018483
55.598768692
48.9847803125
43.1146475532
37.9119864888
33.3168333207
29.267154069
25.7032095921
22.569563567
19.8158622124
17.3969496057
15.2726346218
13.4073243301
11.7696052039
10.331803476
9.06956979765
7.96149737358
6.98877628066
6.13488407844
5.38531084274
4.72731587094
4.14971301479
3.6426816125
3.19760015973
2.80690009396
2.46393732225
2.16287937486
1.89941608421
1.66778566466
1.46425523325
1.2854802975
1.12848610975
0.99063948478
0.869616639169
0.763370779738
0.670099321645
0.588221642698
0.516347031667
0.453254086233
0.397870226244
0.349253715698
0.306577771415
0.306577771415
7.51533140353478
