0
0
6.41601838747
24.6419894269
62.4650150191
111.197684151
145.589029954
157.214906679
154.89637785
145.518127386
133.118733711
119.884014419
106.94219847
94.8358349825
83.7886464522
73.8547311142
65.001428709
57.1549228981
50.2249869205
44.1180906332
38.7440509488
34.0191730334
29.8674264091
26.2206418568
23.0181643094
20.2062819363
17.7375883597
15.570332545
13.6677837204
11.9976536049
10.5315736486
9.24462736975
8.11493489193
7.12328546288
6.25281330924
5.48871221731
4.81798449398
4.2292203242
3.71240393315
3.25874334664
2.86052090489
2.51096201561
2.20411992971
1.93477458875
1.69834382837
1.49080542999
1.30862869635
1.14871438774
1.00834199764
0.885123471079
0.776962578487
0.682017329895
0.59867463561
0.525516596333
0.461298650368
0.404928293276
0.35544652945
0.312011556861
0.273884445546
0.240416566188
0.211038554922
0.211038554922
28.1031373638588
