0
0
5.76969173607
19.1984771468
44.2113316109
80.8571741757
118.533644032
143.80761976
153.181828264
149.772076031
140.125006887
127.8846389
115.009491623
102.506140846
90.8535013879
80.2432533273
70.7146207776
62.2293043374
54.7126983831
48.0762331459
42.22911242
37.084330317
32.5613841138
28.587282067
25.0966546358
22.0313744272
19.3399906126
16.9771094845
14.9027575989
13.0817720152
11.4832448953
10.080021806
8.84825334725
7.76699707471
6.81786553413
5.98471587884
5.25337661224
4.6114072696
4.04788721193
3.55323008578
3.1190208754
2.73787282177
2.4033018007
2.10961603772
1.85181929186
1.62552586597
1.42688600036
1.25252038203
1.09946265617
0.965108962413
0.847173637543
0.743650331254
0.652775926132
0.573006612409
0.502985271376
0.441520709907
0.387567266202
0.340207062953
0.298634391618
0.26214200494
0.230109084525
0.230109084525
18.0094650607
