0
0
5.98112960821
20.9322678956
50.1727359425
91.9867054066
130.265297287
151.22921976
154.709688212
148.410284323
137.418564986
124.658241531
111.697893877
99.3289780119
87.9122937202
77.5756487915
68.3246494027
60.1041511609
52.8318983754
46.4166235005
40.7674390077
35.7985319215
31.431166409
27.5943096775
24.2245387843
21.2655573496
18.667601833
16.386799973
14.3845354839
12.6268497053
11.0838992223
9.72946806902
8.54053295113
7.49687788642
6.58075384493
5.77657880317
5.07067378823
4.45103080379
3.90710890524
3.4296550761
3.01054692684
2.64265457852
2.31971940336
2.03624757144
1.78741659955
1.56899331612
1.37726184888
1.20896041139
1.06122581368
0.931544753378
0.817711058968
0.717788157808
0.630074174883
0.553079076242
0.485492927926
0.426165971983
0.374088913045
0.328375796134
0.288248934008
0.253025676387
0.222106795981
0.222106795981
21.3750406514928
