0
0
6.31733216025
23.7851117718
59.7024077693
107.314628932
142.94654272
156.227990121
154.974074784
146.146871409
133.990300674
120.829697613
107.874152154
95.711281345
84.5894356702
74.5758706377
65.6446996115
57.7253611292
50.7289690411
44.5623180047
39.135025207
34.36295066
30.1695214357
26.4860034691
23.2512008005
20.4108994922
17.917234247
15.7280439377
13.8062329372
12.1191899476
10.6382613271
9.33827946891
8.197143568
7.19544866461
6.31615835443
5.54431655638
4.86679397455
4.27206524535
3.75001314995
3.29175665796
2.88949993129
2.53639975004
2.22644912238
1.95437510804
1.71554912257
1.50590819965
1.32188587359
1.16035150712
1.01855703298
0.894090203404
0.784833552426
0.688926451084
0.604739443849
0.530840269828
0.465971757934
0.409030335828
0.359047292538
0.315172297924
0.276658936083
0.242852006572
0.213176377429
0.213176377429
26.5982743567581
