0
0
5.81128945044
19.5355301981
45.3759008825
83.1214135781
121.10482413
145.594279978
152.826846154
149.003497268
139.337102168
127.162685044
114.367024566
101.939574947
90.3554184787
79.8058624028
70.330677673
61.8923195165
54.4169351166
47.8166454642
42.0012704315
36.8843472863
32.3858503287
28.4332061658
24.9614119319
21.9126618056
19.2357870272
16.8856412226
14.8224679318
13.0112946002
11.4213804573
10.0257176874
8.80058556906
7.72515459779
6.78113644856
5.9524752842
5.22507598095
4.58656511141
4.02608088008
3.534088585
3.10221854917
2.72312381123
2.3903551809
2.09825154832
1.84184358962
1.61676923525
1.41919946566
1.2457731734
1.09353998439
0.959910066043
0.842610068645
0.739644450615
0.649259581103
0.569919980243
0.500275838425
0.439142380705
0.385479578436
0.338374499063
0.297025774516
0.260729967578
0.22886960428
0.22886960428
18.6767368574824
