0
0
6.07479201712
21.7159103644
52.8333891765
96.5735866972
134.460285167
153.429848205
155.194775325
147.884224843
136.393266368
123.435283404
110.441246992
98.1224340434
86.7948282488
76.5618383192
67.4161863121
59.2962567138
52.1168451803
45.7856345517
40.2116897011
35.3096437072
31.0014280443
27.2167537967
23.8929346002
20.9743717113
18.4119398339
16.1623466625
14.1874918119
12.4538744516
10.9320558518
9.59617685756
8.42352827272
7.39417033133
6.49059674819
5.69743873995
5.00120460528
4.39005078509
3.85358070597
3.38266809627
2.9693018319
2.60644970762
2.28793883629
2.00835065261
1.76292874141
1.54749792604
1.35839324235
1.19239759111
1.04668700877
0.918782625905
0.806508496171
0.707952662763
0.621440602512
0.54550055034
0.478840516238
0.42032650083
0.368963039064
0.323876316166
0.284299301516
0.249558699168
0.219063493023
0.219063493023
22.8455945558191
