0
0
6.07793637635
21.7423749705
52.922756495
96.7234993441
134.591386649
153.494751421
155.206334209
147.86530276
136.359661737
123.396096594
110.401367457
98.0843346568
86.7596408409
76.5299681817
67.3876570838
59.2709019066
52.0944131102
45.7658447313
40.1942624741
35.294314714
30.9879545825
27.2049169056
23.8825386441
20.9652430594
18.4039249377
16.1553101976
14.1813146507
12.4484518328
10.9272957081
9.5919983117
8.41986029652
7.39095055708
6.48777041875
5.69495778349
4.99902682099
4.38813912724
3.85190265479
3.38119510536
2.96800884294
2.60531472427
2.2869425501
2.00747611461
1.76216107378
1.54682406904
1.35780173217
1.19187836482
1.04623123317
0.91838254721
0.806157308131
0.707644390767
0.621170002154
0.545263018107
0.478632011024
0.420143475454
0.368802379826
0.323735289874
0.284175508986
0.249450034409
0.218968107403
0.218968107403
22.894752189371
