0
0
4.88238970458
12.5659606627
21.8832372362
32.23516095
42.8005569979
52.9597210358
62.6743804909
71.7998504502
79.2419896676
84.6504687235
88.018867069
89.5202370211
89.3871890314
87.9224688428
85.3814582768
81.9552861616
77.893611748
73.384738885
68.6179924221
63.7507228066
58.9093422243
54.1804474859
49.6344677061
45.3093616406
41.2362507771
37.4352114706
33.9121769963
30.6619479639
27.6749002168
24.9469564301
22.4588667709
20.1976950954
18.1479045008
16.294466624
14.6188654376
13.1103708341
11.7500375363
10.5262856716
9.42903448496
8.44362900098
7.55866222512
6.76482629076
6.05329387207
5.41516174755
4.8418422733
4.32772285787
3.87133094773
3.46027866391
3.09284393603
2.76530123117
2.47067064689
2.20968783938
1.97533450114
1.76699298677
1.58148871687
1.41453731461
1.26476752592
1.13149495927
1.01114911465
1.01114911465
3.11387351433078
