0
0
6.11043822481
22.0165088263
53.8464212231
98.2571179028
135.911235655
154.134970042
155.309504345
147.66563257
136.015372336
122.997663923
109.997222805
97.6988869329
86.4039959847
76.2080358798
67.0995735408
59.0149290603
51.8679783104
45.5660988861
40.018372929
35.1396077345
30.8519775433
27.0854582327
23.7776229641
20.8731175323
18.3230396452
16.0842992834
14.1189757975
12.3937277491
10.8792572353
9.54982923305
8.38284379881
7.35845723165
6.45924766407
5.66992046628
4.97704905799
4.36884705969
3.83496809937
3.3663299773
2.95496025857
2.59386070088
2.27688823064
1.99865045334
1.75441392678
1.5400236401
1.35183233074
1.18663843793
1.0416316378
0.914345033795
0.802613189359
0.704533372067
0.618439158033
0.54286589084
0.476527818574
0.418296420384
0.367181039302
0.322312081076
0.282926219841
0.248353411669
0.218005495064
0.218005495064
23.4020793113626
