0
0
4.97802035336
13.2242532656
23.9645582703
36.8407811103
51.0177870059
65.5476665109
79.7717501865
92.7635967413
102.747507626
108.999818633
111.500368193
110.700686417
107.27177603
101.982033227
95.4918841539
88.2998772732
80.8558969929
73.4537662782
66.3163976763
59.5852173054
53.3412473546
47.6114632151
42.4025663516
37.6909889515
33.451954284
29.6566494398
26.2695294768
23.2510425667
20.5636845763
18.1810706436
16.0663589046
14.1929716251
12.534945225
11.0694258723
9.77215834371
8.62832969099
7.61620445948
6.72243149093
5.93593420626
5.24164740694
4.62820370813
4.08666781344
3.60882165855
3.1865344561
2.81210059265
2.48085747206
2.19231018033
1.93504327442
1.70830394846
1.50930999329
1.33198727153
1.17793938638
1.04096492114
0.921218610277
0.816248034906
0.722443381043
0.639066027136
0.566019114292
0.500273125409
0.500273125409
4.78505329086544
