0
0
5.28620655753
15.4434395185
31.2868498917
53.3512022972
79.6814792163
105.690432409
126.298648709
138.247995175
140.79452886
136.152152739
126.864290155
115.631156526
103.969227155
92.6866495815
82.1788079623
72.6072750182
64.0055267435
56.3401446036
49.5455648211
43.5434155832
38.2529137129
33.5963182403
29.5014627205
25.9027494649
22.7413182268
19.9647533949
17.5266092397
15.3858728873
13.5064057111
11.8564025117
10.4078963102
9.13630919387
8.02004972801
7.04015476409
6.1799722402
5.42488112781
4.76204465662
4.18019313961
3.66943300698
3.2210789785
2.82750662445
2.48202286983
2.1787522768
1.91253719395
1.67965903809
1.47487644325
1.29491337922
1.13682639498
0.997992661316
0.876087847895
0.769059255559
0.675096067233
0.592608708054
0.520197647552
0.456633197397
0.400835201471
0.351855104459
0.308860043414
0.27111880759
0.27111880759
10.0574677565654
