0
0
5.53105891079
17.3061853849
37.6630664534
67.392312334
101.236618936
129.418756257
145.414685925
149.191899259
143.134182885
132.512471825
120.192836945
107.688457794
95.7591400327
84.7504645724
74.7843789707
65.8656111075
57.9406438731
50.9299933348
44.745576861
39.299726201
34.5096899588
30.2995523021
26.6008312587
23.3523827022
20.4999351414
17.995514877
15.7968297132
13.866653526
12.1722502429
10.6848509243
9.37918349685
8.23305361472
7.22697316805
6.34383217524
5.56860963611
4.88811908003
4.29078484822
3.76644551174
3.30618119769
2.90216195202
2.54751459632
2.23620583444
1.96293963224
1.72306713111
1.51250756664
1.32767884909
1.16543662586
1.02302078999
0.898008525035
0.788273087699
0.691945693588
0.607389750488
0.533166722891
0.468013930658
0.410822965777
0.360620872488
0.316553594552
0.277871445275
0.243916353103
0.243916353103
14.1309500809643
