0
0
5.38955180063
16.2194079606
33.9264773551
59.2449055907
89.1333863178
116.87398284
136.200641354
144.728316425
143.468196085
135.312565558
124.109220124
111.967431108
99.9977821569
88.7470917249
78.4501295561
69.1732396942
60.895305333
53.5528175891
47.0645736066
41.3448952979
36.3104217165
31.8833939303
27.992954605
24.5754480449
21.5741655409
18.9388491317
16.6251157095
14.5938635522
12.8106844175
11.2453267655
9.87120860458
8.66498084031
7.60613887939
6.67667880848
5.86079395414
5.14460759766
4.51593782757
3.96409082943
3.47967926638
3.05446275722
2.68120779307
2.35356474078
2.06595985836
1.8135004958
1.59189187423
1.39736403116
1.22660769093
1.07671797058
0.945144964041
0.829650364555
0.728269387465
0.639275380494
0.561156575399
0.492583953907
0.43239099685
0.37955369668
0.333173182768
0.292460429405
0.256722832462
0.256722832462
11.7887759398602
