0
0
6.41282036952
24.6140969896
62.3759392266
111.076265039
145.509559413
157.1868081
154.900306911
145.538382945
133.146070148
119.913405216
106.971038405
94.8628637574
83.8133372931
73.8769482818
65.0212370769
57.1724830864
50.240498317
44.1317612231
38.7560817844
34.0297510259
29.8767215332
26.228806566
23.0253343363
20.2125775206
17.7431155963
15.5751848973
13.6720434181
12.0013929351
10.5348561243
9.24750877612
8.11746421604
7.12550571614
6.25476225298
5.49042300174
4.8194862202
4.23053853816
3.71356105964
3.25975907043
2.86141250543
2.51174466086
2.20480693415
1.93537763983
1.69887318533
1.49127009837
1.3090365812
1.14907242811
1.00865628461
0.885399351389
0.777204745492
0.682229903483
0.59886123214
0.5256803903
0.461442428312
0.405054501209
0.35555731447
0.312108803682
0.27396980856
0.240491497613
0.211104329508
0.211104329508
28.0545653860096
