0
0
4.7722056247
11.8261897373
19.6084871218
27.3225507008
34.1622347064
39.7174666478
44.3086876069
48.2300988277
50.8070508597
52.0357424229
52.1567257682
51.4749105545
50.2453276801
48.7072053355
46.9929340032
45.1326652566
43.2021569892
41.2211723855
39.2269015031
37.2480680763
35.3077849472
33.4132763571
31.5770301511
29.7972195224
28.0800075206
26.4325651693
24.8571134576
23.3513454459
21.9131155783
20.5490804564
19.2527122363
18.0247710345
16.8638018144
15.7687434468
14.7345533399
13.7632832272
12.8479427613
11.9879624246
11.1833711882
10.4287111775
9.72084215512
9.05785360208
8.43751702951
7.85678695822
7.31224150189
6.80280504482
6.33101202336
5.88800634306
5.47510906155
5.09124526054
4.73173075151
4.39926900801
4.08854849186
3.80039658696
3.5328743391
3.28273636318
3.0494636322
2.83307748508
2.63059303377
2.63059303377
1.16681553583362
