0
0
4.93955637804
12.9576576587
23.1156604932
34.9522013694
47.643267877
60.4009513997
72.8656168489
84.4772556332
93.7556859452
100.097507005
103.416596719
103.968460293
102.180240917
98.5973874997
93.7140892425
87.9257314742
81.6346061895
75.1277070944
68.6464716778
62.3640595097
56.3977126732
50.8097143541
45.6383953337
40.8870353358
36.5527872773
32.6242865553
29.079557084
25.8893894385
23.0239685649
20.4625419146
18.1722916357
16.1294203821
14.3098058725
12.6917303453
11.2515503969
9.97468089684
8.8393404071
7.83193594605
6.94101836822
6.15106645776
5.45020466962
4.82896280121
4.27858086803
3.79039264509
3.35617216448
2.97075744029
2.63318109537
2.33158626362
2.06480566663
1.82967215292
1.61975612637
1.43633284557
1.27290062001
1.12933841528
1.00294221637
0.889872554234
0.789180352689
0.700577173747
0.620860624365
0.620860624365
4.11485998907638
