0
0
4.91472146403
12.7868368862
22.5759578151
33.758377492
45.5124988455
57.1320283801
68.4132650364
78.9959560215
87.5798576533
93.6682807829
97.1908648202
98.3395093202
97.4293310367
94.8802672859
91.0731463145
86.3149099641
80.9490038571
75.2308558781
69.3914908554
63.6084119898
58.0120174135
52.6819776145
47.6751681998
43.0126790429
38.7077197277
34.762840681
31.1677332819
27.9027350816
24.9457016686
22.2819169277
19.8832561124
17.7295010286
15.7992132362
14.0726444328
12.5275558946
11.1503249974
9.91979327708
8.82272720337
7.8478401001
6.9796278163
6.20612221802
5.51768240326
4.9053238831
4.36012109844
3.87356737574
3.44020887832
3.05878502499
2.71715236573
2.41386264984
2.14547864409
1.90531409791
1.69440067641
1.50600912767
1.3398048812
1.19288552697
1.06122739251
0.943709683839
0.839885305897
0.746406244007
0.746406244007
3.68075772645683
