0
0
5.18430880988
14.6936255874
28.7690090894
47.6693414164
70.1028764115
93.2025180691
113.517305961
127.943146341
134.448466611
133.771045632
127.895422523
118.915794398
108.474948376
97.7189171376
87.3023000676
77.4946326332
68.5107344582
60.4131650762
53.1857300174
46.7740851138
41.107894031
36.1126011262
31.7155725823
27.8489805536
24.4509878916
21.4660277636
18.8445841146
16.5427686074
14.5218249338
12.7476049151
11.1900582576
9.822764256
8.62250663172
7.56889236121
6.64401257906
5.83214236918
5.11947579712
4.49389250194
3.94475234493
3.46271488714
3.03958077521
2.66815242315
2.34211166872
2.05591235127
1.80468599962
1.58415903489
1.39058008516
1.22065617868
1.07149673195
0.940564381074
0.825631820553
0.724741981559
0.636180767703
0.558441651121
0.490202129134
0.430301400687
0.377720473675
0.331564877308
0.291049445705
0.291049445705
8.33268581981984
