0
0
6.40958441713
24.5858819799
62.2857734909
110.953105649
145.428867629
157.158167006
154.904201224
145.558879559
133.17377443
119.943207406
107.000289392
94.8902814945
83.8383854193
73.8994880053
65.0413336147
57.1902990632
50.2562358399
44.1456312054
38.7682881528
34.040483386
29.8861523216
26.2370904509
23.0326090259
20.2189650064
17.7487235201
15.5801080857
13.6763653008
12.005186854
10.5381865194
9.25043224697
8.12003046478
7.12775838206
6.25673964866
5.49215876133
4.82100986961
4.23187599628
3.71473507863
3.26078962244
2.86231712216
2.51253873171
2.20550396795
1.93598949466
1.6994102702
1.4917415503
1.30945042065
1.14943569542
1.00897515978
0.88567925921
0.777450447837
0.682445580385
0.59905055275
0.525846575458
0.461588305237
0.405182551622
0.355669716814
0.312207470185
0.274056417767
0.240567522943
0.211171064322
0.211171064322
28.005404092579
