0
0
4.82313733172
12.1656474828
20.6432918289
29.538485276
38.0320537802
45.6254793099
52.5004092366
58.7923821173
63.6820033383
67.0430124413
69.0195204672
69.8508338954
69.7575275977
68.9707509888
67.6358063216
65.8126586401
63.6172344808
61.11481818
58.3898806706
55.5169947204
52.561866489
49.5701158701
46.5878126501
43.6417690856
40.7619389573
37.9745543127
35.2966185662
32.7369214966
30.301270404
28.0015062652
25.8340247468
23.8007238357
21.8998268916
20.1288293077
18.4804289535
16.9538127874
15.5387189907
14.2310780024
13.0272695926
11.9181533005
10.8969736954
9.95831499513
9.09658448993
8.30554364216
7.57877347479
6.91240335651
6.30635237154
5.7493369699
5.24046738059
4.77663741378
4.35131086747
3.96551288392
3.61240216328
3.29143281398
2.99942483016
2.73202286444
2.48772537812
2.26567756226
2.06211244963
2.06211244963
2.06980428575031
