0
0
5.91572773731
20.3905997501
48.3193907182
88.6511878416
126.98521608
149.342203733
154.169050498
148.712659588
138.155385981
125.578244566
112.661222951
100.262814896
88.7818602536
78.3670796414
69.0352278885
60.7368373481
53.3923082599
46.9113910947
41.2033460277
36.1820725091
31.7683462382
27.8905707561
24.4847562675
21.4940653396
18.8682371031
16.5629462152
14.53917267
12.7625991584
11.2030650412
9.83407453861
8.63235797249
7.57748265477
6.6515090887
5.83868792246
5.12519322545
4.4988879586
3.94911787921
3.4665305041
3.04291612419
2.67106820721
2.34466083669
2.05814111542
1.80663471023
1.58586293527
1.3920699657
1.22195894462
1.07263589719
0.941560498109
0.826502855148
0.72550557367
0.63684850364
0.559025564073
0.490712741089
0.430747912041
0.378110929635
0.331906313109
0.291348013522
0.25574604073
0.224494724548
0.224494724548
20.3408853720031
