0
0
5.60239216099
17.8642311978
39.5924058378
71.479573732
106.850815481
134.544774513
148.55462426
149.033384635
141.786773196
130.780472907
118.404233652
105.981153225
94.1882195996
83.3328485759
73.5191078795
64.7436119697
56.9495785022
50.0566759767
43.9771529487
38.6242163662
33.9161975679
29.778303485
26.143133732
22.9505428887
20.1471656815
17.6858383726
15.524990472
13.628032836
11.9627910406
10.50099051
9.21779384112
8.09138861765
7.1026221798
6.23467909867
5.47279697598
4.80401635927
4.2169608709
3.70164400954
3.24929945007
2.85223201828
2.50368684126
2.1977344677
1.9291700152
1.69342463547
1.48648779493
1.30483905062
1.14538816199
1.00542252038
0.88256100234
0.774713461808
0.6800432346
0.59694193129
0.523995764698
0.459963783165
0.403756650569
0.354418152129
0.311108926555
0.273092186131
0.239721181803
0.239721181803
15.2995301789843
