0
0
5.08806135605
13.9997983196
26.476050368
42.4836816246
61.0560853001
80.4770158691
98.8115608304
113.860933617
123.260861856
126.604437661
124.751942188
119.1230871
111.132496649
101.974502621
92.4677177222
83.0976058646
74.2093635804
65.9577316749
58.4264882644
51.6340700503
45.5607458905
40.1551634091
35.3653282417
31.1250174076
27.3792661748
24.0783956138
21.1729114521
18.6143826635
16.3600335214
14.3807125527
12.6385511956
11.1071348424
9.76143300959
8.57521362941
7.53354359783
6.61645941521
5.80992000105
5.10108129781
4.47837747062
3.93149262424
3.4512810156
3.0296625546
2.65951524073
2.33457085564
2.04931783016
1.79891284089
1.57910143999
1.38614738635
1.21677005007
1.06808914892
0.93757605905
0.823010974488
0.722443298526
0.634164581671
0.556673208122
0.488650965726
0.42894080887
0.376527033585
0.330518050194
0.330518050194
6.68694199546073
