0
0
5.68612285074
18.5276441731
41.889553976
76.2197276877
112.96537465
139.628057635
151.273444826
149.64051136
141.037130655
129.308074927
116.622591688
104.13098638
92.3988507412
81.6673641031
72.0030108361
63.3819318589
55.7367349472
48.9820513265
43.0281590894
37.7879497312
33.1802754796
29.1312548144
25.5745528331
22.4510982227
19.7085534554
17.3007074363
15.1868537327
13.3311754967
11.702184959
10.2722152671
9.01696531978
7.91509509362
6.94786752936
6.09883255071
5.35354877796
4.69933873075
4.12507365364
3.6209844718
3.17849575546
2.79007992191
2.44912922478
2.14984336984
1.88713085497
1.65652236127
1.45409472495
1.27640419834
1.1204278655
0.983512216484
0.86332800553
0.75783062549
0.665223381519
0.583932980338
0.51257643214
0.449939826793
0.394957563606
0.346694262933
0.304328852698
0.267140599563
0.234496847086
0.234496847086
16.6611265990502
