0
0
6.19972351014
22.7748878199
56.3807020093
102.317192705
139.221817339
155.634300841
155.468917791
147.093750926
135.103069811
121.964178638
108.958683177
96.7132100141
85.4970450709
75.3884052208
66.3668604243
58.3642957943
51.2926531477
45.0587125991
39.5716570358
34.7467306018
30.506687574
26.7821265447
23.511226301
20.6392002986
18.117664934
15.9039977566
13.9606939497
12.2547806403
10.7572854504
9.44276022886
8.28885748207
7.27595546678
6.38682735096
5.60634982004
4.92124673788
4.31986382054
3.79197066953
3.3285868979
2.92182944822
2.56477853721
2.25135996448
1.97624179342
1.73474365231
1.52275711582
1.33667581427
1.17333408271
1.02995310659
0.90409364822
0.793614549932
0.696634388742
0.611505451168
0.536779502682
0.471185201969
0.413606684414
0.363064400321
0.31869850536
0.279754232108
0.2455690492
0.215561389627
0.215561389627
24.7883784856268
