0
0
6.21660483595
22.9191250379
56.8589378321
103.059194512
139.798776064
154.916887767
154.933215092
146.787386084
134.941534759
121.88509076
108.924955542
96.7037844794
85.500155744
75.3975530297
66.3785064087
58.3765557957
51.3045623498
45.0698131103
39.5817653295
34.755808831
30.5147721348
26.7892879168
23.5175488155
20.6447708739
18.1225664295
15.9083068476
13.9644801625
12.2581062562
10.760205845
9.44532440802
8.29110868694
7.27793178052
6.38856227398
5.60787279901
4.92258364359
4.32103737505
3.7930008254
3.32949117349
2.92262322339
2.56547531364
2.25197159465
1.97677868184
1.73521493226
1.5231708046
1.33703894952
1.17365284211
1.0302329129
0.904339261552
0.793830148711
0.696823640844
0.611671576191
0.536925326773
0.471313206016
0.413719046072
0.363163031127
0.318785083253
0.279830229975
0.245635759935
0.215619948127
0.215619948127
25.049287612971
