0
0
5.51962237966
17.2173409953
37.3563879667
66.7344438268
100.303775093
128.524362196
144.828118406
148.966929607
143.178319445
132.714212559
120.471091337
107.993133185
96.0619811658
85.0368204972
75.0475718164
66.1034396779
58.1533101452
51.1189086841
44.9126910691
39.4471573911
34.6395306319
30.4137727829
26.7012366506
23.4406018189
20.5774228315
18.0635633206
15.8565807447
13.9191142269
12.2183074024
10.7252845843
9.41467933003
8.26421406976
7.2543274142
6.3678449247
5.58968894223
4.90662321401
4.30702835396
3.78070453166
3.3186981543
2.91314966132
2.557159881
2.24467269707
1.97037204163
1.72959146884
1.51823477507
1.33270631713
1.16984984452
1.02689480579
0.901409215897
0.791258283015
0.694566158379
0.60969004666
0.535185968651
0.46978646464
0.412378931144
0.361986729514
0.317752570584
0.278923929724
0.244840244179
0.244840244179
13.9428513112441
