0
0
5.63592508515
18.1288491811
40.5084780384
73.3871370268
109.362927107
136.696050564
149.755293955
149.34752392
141.51512132
130.189037262
117.670995463
105.211441533
93.439428318
82.6334743791
72.8810866506
64.1697817157
56.4380098269
49.6031380514
43.5764784649
38.271042816
33.6053458232
29.5049580788
25.9029165405
22.7395221418
19.9618402554
17.5231051536
15.3821108535
13.5025935809
11.8526684709
10.4043173804
9.1329292965
8.01689127145
7.03722616769
6.17727287829
5.42240461379
4.75978104442
4.17813040911
3.66755806949
3.21937835637
2.82596690696
2.48063101402
2.17749580009
1.91140429095
1.67782969435
1.47279839509
1.29282235833
1.13483979222
0.996163061038
0.874432963078
0.767578595592
0.673780184291
0.591444170408
0.519169781075
0.455727491678
0.400037996201
0.351153884402
0.308243523706
0.270576910737
0.237513251793
0.237513251793
15.8461242830231
