0
0
5.88452015283
20.1337949857
47.4373685898
87.0237579796
125.312644531
148.323897382
153.837106666
148.829055578
138.509899666
126.036959453
113.148365692
100.73840441
89.2264771866
78.7726958211
69.3999295076
61.0618520098
53.6803571187
47.1657916861
41.4275332844
36.3793569256
31.9418003039
28.0429846598
24.6186325974
21.6116308686
18.9714640856
16.6535745782
14.6187350654
12.8324439612
11.2643775536
9.8878961765
8.67960343046
7.61895515583
6.68791387322
5.87064414676
5.153244439
4.52351131937
3.97073225331
3.48550358148
3.05957066816
2.68568754205
2.35749366581
2.0694057513
1.81652278776
1.59454267158
1.39968902167
1.22864693682
1.07850660288
0.946713790783
0.831026403609
0.729476333449
0.640334027452
0.562085148179
0.493398437301
0.433105410398
0.380180336667
0.33372283416
0.292942551692
0.257145722627
0.225723361794
0.225723361794
19.8452697731109
