0
0
5.9768921342
20.8970321303
50.0524976234
91.77378933
130.061782681
151.116378791
154.680309518
148.431846068
137.465902899
124.716173908
111.758060321
99.3870607906
87.9662530829
77.6246917751
68.3686449587
60.1433033545
52.8665663883
46.4472242772
40.7943956798
35.8222481712
31.4520147758
27.612627313
24.2406274934
21.2796853134
18.6800063891
16.3976903916
14.3940960438
12.6352424941
11.091266705
9.73593540529
8.54621006465
7.5018613011
6.58512830795
5.78041871596
5.07404446616
4.45398958392
3.90970611981
3.43193490772
3.01254815952
2.64441125714
2.32126141263
2.03760114421
1.78860476302
1.57003628356
1.37817736347
1.20976404808
1.06193124412
0.93216397853
0.81825461325
0.718265288311
0.630492998841
0.553446718774
0.485815643664
0.426449251103
0.374337574798
0.328594070839
0.288440535019
0.253193863269
0.222254429967
0.222254429967
21.3082198424212
