0
0
5.26944328364
15.3190283356
30.8666024443
52.4057166834
78.1166770607
103.726692943
124.405405623
136.849391039
140.055134801
136.005529263
127.418648322
116.435558842
104.822191947
93.5019175924
82.9233341022
73.2722810796
64.5928972989
56.8560413274
49.9974723498
43.9388234911
38.5987716398
33.8988558224
29.7661709424
26.1344296302
22.9441542513
20.1423874612
17.682211921
15.5222060524
13.625877342
11.9611138819
10.4996825368
9.21677409358
8.09059582462
7.10200917894
6.23420908325
5.47244090528
4.80375112596
4.21676797241
3.70150856314
3.24920944813
2.85217775549
2.50366046771
2.19772963593
1.9291815988
1.69344850292
1.4865206267
1.30487819049
1.14543149573
1.00546837646
0.882608070461
0.774760725967
0.680089905798
0.596987427025
0.524039658729
0.460005774861
0.403796539655
0.354455817955
0.311144311096
0.273125280076
0.273125280076
9.77494479899607
