0
0
5.82044009134
19.6099484674
45.6327602068
83.6150826339
121.652688295
145.963305695
152.972969025
148.990718654
139.234738224
127.018310709
114.2086907
101.782517766
90.2072838782
79.6700119082
70.2081375835
61.782894563
54.3198319801
47.7308154157
41.9255941067
36.8177296596
32.3272666975
28.3817211781
24.9161846552
21.8729423607
19.2009104364
16.8550204136
14.7955855178
12.9876952586
11.4006638501
10.0075320272
8.78462184744
7.71114144847
6.76883559906
5.94167754089
5.2155976921
4.5782450553
4.01877752933
3.52767770295
3.09659107865
2.7181840206
2.38601903623
2.09444528425
1.8385024547
1.61383639057
1.41662501798
1.24351332643
1.09155629376
0.958168785297
0.841081575167
0.738302741694
0.648081831152
0.56888615344
0.499368346837
0.438345785937
0.384780328717
0.337760698695
0.296486981497
0.260257015955
0.228454448213
0.228454448213
18.8231805196734
