0
0
4.76644832843
11.7881112553
19.493410674
27.0783186747
33.7392182213
39.0760509991
43.4235793806
47.0911086207
49.4167863639
50.4074250712
50.3121739888
49.4420042586
48.0554858804
46.3932157138
44.5872131677
42.6658912787
40.7024780927
38.7137657675
36.7338118619
34.7882219095
32.8971189371
31.0649166575
29.3015197441
27.6027604799
25.9727142063
24.4167268947
22.9354409561
21.5251933943
20.1826855141
18.9136195243
17.7106825569
16.5739986143
15.5016117875
14.4920769308
13.5400656661
12.6474311923
11.8070565314
11.0183050139
10.2811918482
9.5902863603
8.94250706451
8.3360287872
7.76872946543
7.23768549727
6.73960745344
6.27355998052
5.84222493144
5.43689542129
5.05904064224
4.70773369014
4.37843521552
4.07399009447
3.78922413231
3.5250965087
3.27979505661
3.050194891
2.83589101029
2.63701308225
2.45067865243
2.45067865243
1.06447823273326
