0
0
0.0146517528775883
0.101515716366148
0.361061053054856
0.560952824456239
0.638397803952063
0.631071927513269
0.587116668880504
0.520137227154386
0.468856092082827
0.416528403234297
0.375712805932444
0.328617885968767
0.286755734889943
0.254312567803855
0.229195277156561
0.208264201617149
0.189426233631678
0.165355496761354
0.146517528775883
0.133958883452236
0.119307130574648
0.101515716366148
0.0900036248194712
0.0774449794958241
0.0690725492800593
0.059653565287324
0.054420796402471
0.0460483661867062
0.0376759359709415
0.0334897208630591
0.0313966133091179
0.0303500595321473
0.0251172906472943
0.0219776293163825
0.0209310755394119
0.0177914142085001
0.0146517528775883
0.0136051991006177
0.0136051991006177
0.010465537769706
0.00941898399273536
0.00941898399273536
0.00941898399273536
0.00837243021576477
0.00732587643879417
0.00627932266182358
0.00627932266182358
0.00523276888485298
0.00523276888485298
0.00523276888485298
0.00313966133091179
0.00313966133091179
0.0010465537769706
0
0
0
0
0
0
89.1479417158941
