0
0
0.0261962152721627
0.139713148118201
0.377662103507012
0.602512951259742
0.650539345925374
0.633075202410598
0.593780879502354
0.526107323382601
0.4562507493235
0.403858318779175
0.351465888234849
0.312171565326605
0.275060260357708
0.244498009206852
0.209569722177302
0.181190488965792
0.172458417208404
0.157177291632976
0.141896166057548
0.122249004603426
0.113516932846038
0.104784861088651
0.0829546816951819
0.0676735561197536
0.0611245023017129
0.0523924305443254
0.0502094126049785
0.0480263946656316
0.0458433767262847
0.0371113049688971
0.0261962152721627
0.0240131973328158
0.0240131973328158
0.0218301793934689
0.019647161454122
0.019647161454122
0.0130981076360813
0.0130981076360813
0.0130981076360813
0.0109150896967345
0.00654905381804067
0.00654905381804067
0.00654905381804067
0.00654905381804067
0.00654905381804067
0.00436603587869378
0.00436603587869378
0.00436603587869378
0.00436603587869378
0.00436603587869378
0.00436603587869378
0.00436603587869378
0.00436603587869378
0.00436603587869378
0.00436603587869378
0.00436603587869378
0.00436603587869378
0.00436603587869378
0.00436603587869378
51.371939954601
