0
0
0.0113776370556564
0.0568881852782819
0.199740739421523
0.419708389164213
0.568881852782819
0.619449128585737
0.62071331048081
0.584052035523695
0.530956395930631
0.47406821065235
0.417180025374068
0.377990386626807
0.337536565984473
0.298346927237212
0.252836379014586
0.21996764974269
0.18962728426094
0.169400373939773
0.152966009303825
0.132739098982658
0.120097280031929
0.0998703697107616
0.0897569145501782
0.0809076412846677
0.0720583680191571
0.0657374585437925
0.0606807309635007
0.0505672758029173
0.0455105482226256
0.0417180025374068
0.0341329111669692
0.0290761835866774
0.0240194560063857
0.0227552741113128
0.0214910922162398
0.017698546531021
0.0151701827408752
0.0139060008458023
0.0126418189507293
0.0101134551605835
0.00505672758029173
0.0037925456852188
0.0037925456852188
0.0037925456852188
0.0037925456852188
0.0037925456852188
0.00252836379014586
0.00252836379014586
0.00252836379014586
0.00252836379014586
0.00126418189507293
0.00126418189507293
0.00126418189507293
0
0
0
0
0
0
54.5891504640497
