0
0
0.00764378187403053
0.025115283300386
0.0535064731182137
0.132128229536813
0.216209830151149
0.354889872722846
0.496845821811984
0.579835453587173
0.601674830370117
0.604950736887559
0.578743484748026
0.525237011629812
0.459718881280979
0.397476657449588
0.365809561114318
0.322130807548429
0.276268116304246
0.230405425060063
0.209658017116266
0.174715014263555
0.150691699802316
0.131036260697666
0.119024603467047
0.107012946236427
0.0960932578449552
0.0797137252577469
0.0720699433837164
0.0644261615096859
0.0545984419573609
0.0480466289224776
0.044770722405036
0.0404028470484471
0.0360349716918582
0.0316670963352693
0.0294831586569749
0.0240233144612388
0.0218393767829444
0.0185634702655027
0.0163795325872083
0.0152875637480611
0.0109196883914722
0.00873575071317775
0.00764378187403053
0.00655181303488331
0.00545984419573609
0.00545984419573609
0.00545984419573609
0.00327590651744166
0.00327590651744166
0.00218393767829444
0.00218393767829444
0.00218393767829444
0.00218393767829444
0.00218393767829444
0.00218393767829444
0.00218393767829444
0.00218393767829444
0.00218393767829444
0.00109196883914722
16.1047617389285
