0
0
0.0228773279783822
0.0787996852588722
0.16776707184147
0.327908367690145
0.498217364862547
0.574475124790487
0.61768785541632
0.587184751445144
0.528720468833723
0.490591588869752
0.455004634236713
0.391456500963429
0.353327620999459
0.307572965042695
0.271986010409656
0.254192533093136
0.210979802467303
0.188102474488921
0.155057445186813
0.139805893201225
0.109302789230048
0.0965931625753917
0.0838835359207349
0.0660900586042154
0.0559223572804899
0.0482965812876958
0.0381288799639704
0.0305031039711763
0.0254192533093136
0.0254192533093136
0.0254192533093136
0.0203354026474509
0.0177934773165195
0.0152515519855882
0.0127096266546568
0.00508385066186272
0.00254192533093136
0.00254192533093136
0.00254192533093136
0.00254192533093136
0.00254192533093136
0.00254192533093136
0.00254192533093136
0.00254192533093136
0.00254192533093136
0
0
0
0
0
0
0
0
0
0
0
0
0
0
31.9577046074198
