0
0
0.00503678778771685
0.0302207267263011
0.0629598473464606
0.135993270268355
0.193916329827099
0.277023328324427
0.370203902397188
0.448274113106799
0.506197172665543
0.513752354347118
0.508715566559402
0.513752354347118
0.475976445939242
0.435682143637507
0.402943023017348
0.355093539034038
0.317317630626161
0.279541722218285
0.251839389385842
0.219100268765683
0.193916329827099
0.168732390888514
0.135993270268355
0.123401300799063
0.113327725223629
0.0931805740727617
0.083106998497328
0.0629598473464606
0.0604414534526022
0.0579230595587437
0.0528862717710269
0.0503678778771685
0.0377759084078764
0.0352575145140179
0.0327391206201595
0.0226655450447258
0.017628757257009
0.0125919694692921
0.0125919694692921
0.00755518168157527
0.00755518168157527
0.00503678778771685
0.00251839389385842
0.00251839389385842
0.00251839389385842
0.00251839389385842
0.00251839389385842
0.00251839389385842
0.00251839389385842
0.00251839389385842
0.00251839389385842
0.00251839389385842
0.00251839389385842
0.00251839389385842
0.00251839389385842
0.00251839389385842
0.00251839389385842
0.00251839389385842
0.00251839389385842
9.07593748441163
