0
0
0.00846510577234762
0.0317441466463036
0.105813822154345
0.222209026524125
0.391511141971078
0.505790069897771
0.579859745405812
0.592557404064334
0.543883045873335
0.503673793454684
0.442301776605163
0.408441353515773
0.363999548210948
0.330139125121557
0.304743807804514
0.262418278942776
0.23279040873956
0.207395091422517
0.194697432763995
0.171418391890039
0.141790521686823
0.122744033699041
0.114278927926693
0.0994649928250846
0.0825347812803893
0.067720846178781
0.0550231875202596
0.0550231875202596
0.044441805304825
0.0380929759755643
0.0359766995324774
0.0296278702032167
0.0253953173170429
0.023279040873956
0.0211627644308691
0.0190464879877822
0.0148139351016083
0.0126976586585214
0.0126976586585214
0.0126976586585214
0.0126976586585214
0.0105813822154345
0.0105813822154345
0.0105813822154345
0.00846510577234762
0.00634882932926072
0.00211627644308691
0.00211627644308691
0.00211627644308691
0
0
0
0
0
0
0
0
0
0
21.1392822638327
