0
0
0.0101179963627402
0.0384483861784128
0.0728495738117294
0.121415956352882
0.19628912943716
0.295445493792014
0.40269625523706
0.49578182177427
0.544348204315423
0.562560597768355
0.526135810862491
0.511970615954654
0.459357034868405
0.433050244325281
0.390554659601772
0.358177071241003
0.313657887244946
0.273185901793985
0.238784714160669
0.228666717797929
0.202359927254804
0.182123934529324
0.155817143986199
0.127486754170527
0.117368757807786
0.105227162172498
0.0951091658097579
0.0870147687195657
0.0688023752666334
0.0566607796313451
0.0465427832686049
0.0465427832686049
0.0404719854509608
0.0384483861784128
0.0364247869058647
0.0242831912705765
0.0202359927254804
0.0182123934529324
0.0161887941803843
0.0141651949078363
0.0141651949078363
0.0141651949078363
0.0121415956352882
0.0121415956352882
0.0101179963627402
0.00404719854509608
0.00404719854509608
0.00404719854509608
0.00404719854509608
0.00404719854509608
0.00404719854509608
0.00202359927254804
0.00202359927254804
0.00202359927254804
0.00202359927254804
0
0
0
0
10.1113411126849
