0
0
0.00720599853376048
0.0187355961877772
0.0389123920823066
0.074942384751109
0.12394317478068
0.184473562464268
0.285357541936915
0.376153123462297
0.472713503814687
0.514508295310498
0.556303086806309
0.536126290911779
0.524596693257763
0.479919502348448
0.423712713785116
0.370388324635288
0.33003473284623
0.291122340763923
0.255092348095121
0.216179956012814
0.190238361291277
0.154208368622474
0.142678770968457
0.11673717624692
0.102325179179399
0.0835895829916215
0.0706187856308527
0.0691775859241006
0.0590891879768359
0.0475595903228191
0.0374711923755545
0.0273827944282898
0.0230591953080335
0.0230591953080335
0.0201767958945293
0.0201767958945293
0.0172943964810251
0.015853196774273
0.014411997067521
0.014411997067521
0.0115295976540168
0.00864719824051257
0.00864719824051257
0.00720599853376048
0.00576479882700838
0.00432359912025629
0.0014411997067521
0.0014411997067521
0.0014411997067521
0.0014411997067521
0.0014411997067521
0
0
0
0
0
0
0
0
9.985903085572
