0
0
0.0197658657484726
0.101025536047749
0.351393168861736
0.549051826346463
0.620428563771503
0.621526667424196
0.584191143232636
0.531482167903376
0.487558021795659
0.440339564729863
0.400807833232918
0.351393168861736
0.299782297185169
0.252563840119373
0.216326419580506
0.202051072095498
0.178990895388947
0.149342096766238
0.129576231017765
0.109810365269292
0.0966331214369774
0.0790634629938906
0.0658862191615755
0.0571013899400321
0.0516108716765675
0.043924146107717
0.0395317314969453
0.0384336278442524
0.0384336278442524
0.0340412132334807
0.029648798622709
0.0263544876646302
0.0219620730538585
0.0175696584430868
0.0175696584430868
0.014275347485008
0.0109810365269292
0.0109810365269292
0.0087848292215434
0.0087848292215434
0.00658862191615755
0.00658862191615755
0.00549051826346462
0.0043924146107717
0.0043924146107717
0.00329431095807878
0.00329431095807878
0.00219620730538585
0.00109810365269293
0.00109810365269293
0.00109810365269293
0.00109810365269293
0.00109810365269293
0.00109810365269293
0.00109810365269293
0.00109810365269293
0.00109810365269293
0.00109810365269293
0.00109810365269293
75.4814481764292
