0
0
0.0116551881467099
0.0305948688851134
0.0757587229536141
0.164629532572277
0.314690079961166
0.472035119941749
0.587130102890509
0.600242189555558
0.585673204372171
0.534681756230315
0.479319612533443
0.429785062909926
0.388991904396442
0.351112542919635
0.304491790332795
0.259327936264294
0.234560661452536
0.214164082195794
0.173370923682309
0.148603648870551
0.134034663687163
0.11509498294876
0.101982896283711
0.0917846066553402
0.0786725199902916
0.0670173318435817
0.0568190422152106
0.0539052451785331
0.0480776511051782
0.0480776511051782
0.0451638540685007
0.0364224629584683
0.0247672748117585
0.0203965792567423
0.0160258837017261
0.0131120866650486
0.0116551881467099
0.0101982896283711
0.0101982896283711
0.00582759407335493
0.00582759407335493
0.0043706955550162
0.00291379703667747
0.00291379703667747
0.00291379703667747
0.00291379703667747
0.00291379703667747
0.00291379703667747
0.00291379703667747
0.00291379703667747
0.00291379703667747
0.00291379703667747
0.00145689851833873
0.00145689851833873
0.00145689851833873
0.00145689851833873
0.00145689851833873
0.00145689851833873
0.00145689851833873
20.4183240358992
