0
0
0.00635634072597045
0.0127126814519409
0.0487319455657735
0.0508507258077636
0.0720385282276651
0.0974638911315469
0.108057792341498
0.116532913309458
0.120770473793439
0.120770473793439
0.131364375003389
0.13772071572936
0.127126814519409
0.122889254035429
0.114414133067468
0.114414133067468
0.122889254035429
0.118651693551448
0.122889254035429
0.122889254035429
0.122889254035429
0.105939012099508
0.101701451615527
0.108057792341498
0.105939012099508
0.0974638911315469
0.0953451108895568
0.0995826713735371
0.0974638911315469
0.0995826713735371
0.108057792341498
0.110176572583488
0.0889887701635863
0.0889887701635863
0.084751209679606
0.0678009677436848
0.0635634072597045
0.0529695060497538
0.0529695060497538
0.0466131653237833
0.0466131653237833
0.0402568245978129
0.0339004838718424
0.0360192641138326
0.0360192641138326
0.0339004838718424
0.0360192641138326
0.027544143145872
0.0254253629038818
0.0254253629038818
0.027544143145872
0.0254253629038818
0.0190690221779114
0.0190690221779114
0.0211878024199015
0.0190690221779114
0.0148314616939311
0.0169502419359212
0.0169502419359212
1.35992617763828
