0
0
0.0222192674134658
0.0555481685336644
0.174050928072148
0.35921148985103
0.540668840394333
0.622139487577041
0.603623431399153
0.588810586456842
0.562888107807799
0.518449572980868
0.45179177074047
0.385133968500073
0.362914701086607
0.325882588730831
0.292553687610632
0.251818364019279
0.225895885370235
0.181457350543304
0.144425238187527
0.129612393245217
0.122205970774062
0.114799548302906
0.0999867033605959
0.088877069653863
0.088877069653863
0.0814706471827078
0.0703610134759749
0.0666578022403973
0.059251379769242
0.0518449572980868
0.0444385348269315
0.0370321123557763
0.0259224786490434
0.0222192674134658
0.0222192674134658
0.0185160561778881
0.0148128449423105
0.0111096337067329
0.00740642247115525
0.00740642247115525
0.00740642247115525
0.00370321123557763
0
0
0
0
0
0
0
0
0
0
0
0
0
0
0
0
0
25.8261902541698
