0
0
0.0135991768712593
0.0645960901384817
0.222686521266871
0.44707293964265
0.589864296790872
0.615362753424484
0.610263062097761
0.569465531483983
0.533767692196928
0.491270264474242
0.43347376277139
0.384176746613075
0.328080142019131
0.297481994058797
0.253284669227205
0.222686521266871
0.188688579088723
0.164890019564019
0.146191151366038
0.134291871603686
0.115593003405704
0.101993826534445
0.0934943409899077
0.0747954727919262
0.0696957814652039
0.0577965017028521
0.0526968103761298
0.0475971190494076
0.0424974277226853
0.0373977363959631
0.0356978392870557
0.0339979421781483
0.028898250851426
0.0271983537425186
0.0237985595247038
0.0220986624157964
0.020398765306889
0.0169989710890741
0.0169989710890741
0.0135991768712593
0.00849948554453707
0.00679958843562965
0.00679958843562965
0.00679958843562965
0.00679958843562965
0.00679958843562965
0.00509969132672224
0.00169989710890741
0
0
0
0
0
0
0
0
0
0
0
47.3087187223674
