0
0
0.00888155535600462
0.0784537389780408
0.291611067522152
0.535853839812279
0.63355094872833
0.65427457789234
0.608386541886316
0.568419542784296
0.515130210648268
0.460360619286239
0.414472583280216
0.364143769596189
0.316775474364165
0.273847956810142
0.245723031516128
0.21167706931811
0.186512662476097
0.167269292538087
0.148025922600077
0.125822034210065
0.113979960402059
0.09621684969005
0.0828945166560431
0.0680919243960354
0.0636511467180331
0.0562498505880293
0.0473682952320246
0.0444077767800231
0.03848673987602
0.0325657029720169
0.0266446660680139
0.0251644068420131
0.0222038883900115
0.0207236291640108
0.0177631107120092
0.0162828514860085
0.0148025922600077
0.0148025922600077
0.0118420738080062
0.0118420738080062
0.0103618145820054
0.0103618145820054
0.0103618145820054
0.00888155535600462
0.00592103690400308
0.00592103690400308
0.00592103690400308
0.00444077767800231
0.00444077767800231
0.00444077767800231
0.00444077767800231
0.00444077767800231
0.00444077767800231
0.00444077767800231
0.00444077767800231
0.00444077767800231
0.00444077767800231
0.00444077767800231
0.00296051845200154
59.9543352334139
