0
0
0.0110983791208804
0.031709654631087
0.0776886538461631
0.15696279042388
0.31709654631087
0.428080337519674
0.529551232339152
0.578701197017337
0.580286679748891
0.559675404238685
0.5105254395605
0.472473854003196
0.424909372056565
0.369417476452163
0.315511063579315
0.277459478022011
0.247335306122478
0.226724030612272
0.196599858712739
0.161719238618544
0.145864411303
0.126838618524348
0.107812825745696
0.0951289638932609
0.0808596193092718
0.0665902747252826
0.0602483437990652
0.0539064128728478
0.0507354474097391
0.0459789992150761
0.0380515855573044
0.0348806200941957
0.0332951373626413
0.0269532064364239
0.0221967582417609
0.0190257927786522
0.0158548273155435
0.0142693445839891
0.0142693445839891
0.0110983791208804
0.00951289638932609
0.00792741365777174
0.00792741365777174
0.00792741365777174
0.00792741365777174
0.00792741365777174
0.00792741365777174
0.00634193092621739
0.0031709654631087
0.0031709654631087
0.0031709654631087
0.0031709654631087
0.0031709654631087
0.0031709654631087
0.0031709654631087
0.0031709654631087
0.0031709654631087
0.0031709654631087
0.00158548273155435
18.9825791011754
