0
0
0.0106340261355466
0.0319020784066399
0.0558286372116198
0.077096689482713
0.114315780957126
0.151534872431539
0.186095457372066
0.241924094583686
0.273826172990325
0.305728251396965
0.337630329803605
0.324337797134172
0.348264355939152
0.342947342871379
0.345605849405265
0.332313316735832
0.332313316735832
0.303069744863079
0.281801692591985
0.260533640320892
0.244582601117572
0.204705003109272
0.196729483507612
0.175461431236519
0.156851885499313
0.151534872431539
0.151534872431539
0.135583833228219
0.130266820160446
0.122291300558786
0.10368175482158
0.101023248287693
0.085072209084373
0.0797551960165997
0.0717796764149397
0.0638041568132797
0.0531701306777331
0.0478531176099598
0.0478531176099598
0.0425361045421865
0.0398775980082998
0.0425361045421865
0.0319020784066399
0.0265850653388666
0.0265850653388666
0.0212680522710932
0.0159510392033199
0.0159510392033199
0.0106340261355466
0.0132925326694333
0.0132925326694333
0.0132925326694333
0.0132925326694333
0.0132925326694333
0.0132925326694333
0.0106340261355466
0.0106340261355466
0.0106340261355466
0.00797551960165997
3.5272946854968
