0
0
0.00661872712106809
0.0185324359389906
0.0463310898474766
0.079424725452817
0.136345778694003
0.181353123117266
0.272691557388005
0.366677482507172
0.461987153050552
0.52685067883702
0.549354351048651
0.530821915109661
0.501699515776961
0.465958389323193
0.434188499142067
0.389181154718804
0.346821301143968
0.303137702144918
0.272691557388005
0.242245412631092
0.211799267874179
0.178705632268838
0.15355446920878
0.140317014966643
0.116489597330798
0.101928397664449
0.0953096705433805
0.0860434525738851
0.0661872712106809
0.0595685440896128
0.0516260715443311
0.0436835989990494
0.0357411264537677
0.0330936356053404
0.0330936356053404
0.0291223993326996
0.0251511630600587
0.0238274176358451
0.0185324359389906
0.0145611996663498
0.0132374542421362
0.0132374542421362
0.0119137088179226
0.0079424725452817
0.0079424725452817
0.0079424725452817
0.00661872712106809
0.00397123627264085
0.00397123627264085
0.00397123627264085
0.00397123627264085
0.00397123627264085
0.00397123627264085
0.00264749084842723
0.00264749084842723
0.00264749084842723
0.00264749084842723
0.00264749084842723
0.00132374542421362
10.351888852365
