0
0
0.0072695245191883
0.0353091190932003
0.143313483378284
0.340629148899109
0.561830394982981
0.629333122661158
0.633487136672123
0.590908493059735
0.557676380972017
0.496404674310287
0.471480590244498
0.421632422112921
0.37697677149505
0.333359624379921
0.293896491275756
0.266895400204485
0.233663288116767
0.21912423907839
0.18381511998519
0.156814028913919
0.142274979875542
0.119427902815236
0.10488885377686
0.0965808257549303
0.084118783722036
0.072695245191883
0.0602332031589888
0.0529636786398005
0.0436171471151298
0.0384246296014239
0.0363476225959415
0.0321936085849768
0.0321936085849768
0.0321936085849768
0.028039594574012
0.0259625875685296
0.0228470770603061
0.0207700700548237
0.0197315665520825
0.0176545595466002
0.016616056043859
0.0155775525411178
0.0145390490383766
0.0145390490383766
0.011423538530153
0.011423538530153
0.0103850350274119
0.00934653152467067
0.00934653152467067
0.00934653152467067
0.00934653152467067
0.00934653152467067
0.00830802802192948
0.0072695245191883
0.0072695245191883
0.00519251751370593
0.00415401401096474
0.00415401401096474
0.00415401401096474
42.2862982403027
