0
0
0.0141494371792967
0.0318362336534175
0.0406796318904779
0.0459856708327142
0.063672467306835
0.0672098266016592
0.0795905841335438
0.0902026620180163
0.0972773806076646
0.109658138139549
0.113195497434373
0.111426817786961
0.11850153637661
0.114964177081785
0.109658138139549
0.0937400213128405
0.0919713416654284
0.104352099197313
0.104352099197313
0.102583419549901
0.104352099197313
0.114964177081785
0.106120778844725
0.102583419549901
0.100814739902489
0.102583419549901
0.0955087009602525
0.08489662307578
0.0902026620180163
0.0902026620180163
0.0831279434283679
0.0778219044861317
0.0778219044861317
0.0725158655438954
0.0795905841335438
0.0760532248387196
0.0689785062490713
0.0654411469542471
0.0619037876594229
0.0707471858964834
0.0707471858964834
0.0654411469542471
0.0689785062490713
0.0619037876594229
0.0672098266016592
0.0654411469542471
0.0548290690697746
0.0548290690697746
0.0530603894223625
0.0512917097749504
0.0477543504801263
0.0442169911853021
0.0389109522430658
0.0336049133008296
0.0336049133008296
0.0229928354163571
0.021224155768945
0.0194554761215329
0.0176867964741208
1.59998087364953
