0
0
0.0303733935600183
0.0683401355100412
0.106306877460064
0.167053664580101
0.227800451700137
0.307530609795186
0.387260767890234
0.451804229205273
0.470787600180284
0.485974296960293
0.474584274375286
0.455600903400275
0.421430835645254
0.383464093695231
0.345497351745208
0.31512395818519
0.26576719365016
0.224003777505135
0.201223732335121
0.18224036136011
0.163256990385099
0.148070293605089
0.121493574240073
0.113900225850069
0.0949168548750573
0.0797301580950481
0.0797301580950481
0.0721368097050435
0.0645434613150389
0.0569501129250344
0.0569501129250344
0.0493567645350298
0.0493567645350298
0.0379667419500229
0.0379667419500229
0.0379667419500229
0.0341700677550206
0.0303733935600183
0.0303733935600183
0.0303733935600183
0.0227800451700137
0.0189833709750115
0.0151866967800092
0.0151866967800092
0.0151866967800092
0.0113900225850069
0.0113900225850069
0.00759334839000458
0.00759334839000458
0.00759334839000458
0.00759334839000458
0.00759334839000458
0.0113900225850069
0.00759334839000458
0
0
0
0.00379667419500229
0.00379667419500229
5.76540565345183
