0
0
0.00336279717508547
0.0179349182671225
0.0672559435017093
0.192800371371567
0.391205404701609
0.560466195847578
0.61763374782403
0.603061626731993
0.570554587372834
0.530201021271808
0.479759063645526
0.413624052535512
0.356456500559059
0.325070393591595
0.290321489449045
0.24996792334802
0.220823681163946
0.197284100938347
0.172623588321054
0.144600278528675
0.126665360261553
0.112093239169516
0.0975211180774785
0.0874327265522221
0.0773443350269657
0.065014078718319
0.0538047548013674
0.0482000928428917
0.0437163632761111
0.035869836534245
0.0313861069674643
0.0246605126172934
0.0224186478339031
0.0212977154422079
0.0168139858754273
0.0134511887003419
0.0134511887003419
0.0112093239169516
0.0100883915252564
0.00896745913356124
0.00672559435017093
0.00448372956678062
0.00448372956678062
0.00336279717508547
0.00336279717508547
0.00224186478339031
0.00112093239169516
0.00112093239169516
0.00112093239169516
0.00112093239169516
0.00112093239169516
0.00112093239169516
0.00112093239169516
0.00112093239169516
0.00112093239169516
0
0
0
0
31.2867052848745
