0
0
0.00828307945235614
0.0269200082201575
0.0455569369879588
0.0890431041128285
0.144953890416233
0.176015438362568
0.231926224665972
0.302332400010999
0.378950884945294
0.45142783015341
0.453498600016499
0.459710909605766
0.418295512343985
0.403800123302362
0.389304734260739
0.370667805492937
0.339606257546602
0.30026163014791
0.281624701380109
0.25677546302304
0.227784684939794
0.200864676719637
0.17187389863639
0.1511662000055
0.12838773151152
0.109750802743719
0.0973261835651847
0.0890431041128285
0.0849015643866505
0.0766184849342943
0.0641938657557601
0.0641938657557601
0.060052326029582
0.0476277068510478
0.0455569369879588
0.0331323178094246
0.0248492383570684
0.0227784684939794
0.0207076986308904
0.0165661589047123
0.0103538493154452
0.00828307945235614
0.00828307945235614
0.00828307945235614
0.00828307945235614
0.00828307945235614
0.00828307945235614
0.00621230958926711
0.00621230958926711
0.00414153972617807
0.00414153972617807
0.00207076986308904
0
0
0.00207076986308904
0.00207076986308904
0.00207076986308904
0.00207076986308904
0.00207076986308904
6.79632072910169
