0
0
0.0157958896473156
0.114879197435022
0.351817542144756
0.564344057399548
0.639015535732312
0.646195485572001
0.60167979656593
0.565780047367486
0.515520398489663
0.466696739579779
0.412129120798143
0.367613431792072
0.336021652497441
0.295813933395183
0.267094134036427
0.224014434998294
0.211090525286854
0.188114685799849
0.163702856344907
0.137855036922027
0.114879197435022
0.0990833077877069
0.0861593980762668
0.0746714783327646
0.0631835585892623
0.0531316288136979
0.0473876689419468
0.0402077191022579
0.033027769262569
0.0301557893266934
0.0272838093908178
0.0258478194228801
0.0186678695831911
0.0143598996793778
0.0114879197435022
0.00861593980762668
0.00861593980762668
0.0071799498396889
0.0071799498396889
0.0071799498396889
0.0071799498396889
0.0071799498396889
0.0071799498396889
0.0071799498396889
0.00574395987175112
0.00574395987175112
0.00430796990381334
0.00430796990381334
0.00287197993587556
0.00143598996793778
0.00143598996793778
0.00143598996793778
0.00143598996793778
0.00143598996793778
0
0
0
0
0
76.1856377391178
