0
0
0.0143604509368852
0.0430813528106555
0.0969330438239749
0.143604509368852
0.215406764053278
0.280028793269261
0.337470597016802
0.437993753574998
0.488255331854096
0.495435557322538
0.509796008259424
0.506205895525202
0.477484993651432
0.44517397904344
0.402092626232785
0.344650822485244
0.326700258814138
0.290799131471925
0.258488116863933
0.233357327724384
0.211816651319056
0.175915523976843
0.150784734837294
0.125653945697745
0.122063832963524
0.107703382026639
0.0897528183555323
0.086162705621311
0.0753923674186472
0.0682121419502046
0.061031916481762
0.0538516910133194
0.0538516910133194
0.0466714655448768
0.0466714655448768
0.0430813528106555
0.0394912400764342
0.0359011273422129
0.0287209018737703
0.0251307891395491
0.0179505636711065
0.0107703382026639
0.0107703382026639
0.0107703382026639
0.0107703382026639
0.00718022546844259
0.00718022546844259
0.00359011273422129
0.00359011273422129
0.00359011273422129
0.00359011273422129
0
0
0
0
0
0
0
0
5.36766565848898
