0
0
0.00914027522904176
0.0243740672774447
0.0487481345548894
0.0914027522904176
0.167571712532432
0.255927706413169
0.36256425075199
0.426546177355282
0.490528103958574
0.499668379187616
0.52099568805538
0.505761896006977
0.493574862368255
0.475294311910171
0.41435914371656
0.377798042800393
0.326003149835823
0.268114740051892
0.231553639135725
0.20717957185828
0.185852262990516
0.164524954122752
0.149291162074349
0.131010611616265
0.112730061158182
0.10358978592914
0.0731222018323341
0.0670286850129729
0.0578884097839311
0.05179489296457
0.0457013761452088
0.0396078593258476
0.036561100916167
0.0335143425064864
0.0304675840968059
0.0243740672774447
0.0243740672774447
0.0213273088677641
0.0213273088677641
0.0213273088677641
0.0213273088677641
0.0121870336387223
0.00914027522904176
0.00914027522904176
0.00914027522904176
0.00914027522904176
0.00609351681936117
0.00609351681936117
0.00609351681936117
0.00609351681936117
0.00304675840968059
0.00304675840968059
0.00304675840968059
0.00304675840968059
0.00304675840968059
0.00304675840968059
0.00304675840968059
0
0
9.2211228822882
