0
0
0.00637295201397003
0.0382377120838202
0.0955942802095504
0.219866844481966
0.372817692817247
0.532141493166497
0.62295605936557
0.573565681257302
0.548073873201422
0.495497019086169
0.454072830995364
0.403089214883604
0.350512360768351
0.317054362695009
0.280409888614681
0.259697794569279
0.229426272502921
0.197561512433071
0.173662942380683
0.154544086338773
0.137018468300356
0.122679326268923
0.105153708230505
0.0908145661990729
0.0780686621711328
0.0669159961466853
0.0573565681257302
0.0477971401047752
0.0446106640977902
0.0366444740803277
0.0334579980733426
0.0270850460593726
0.0238985700523876
0.0238985700523876
0.0238985700523876
0.0223053320488951
0.0191188560419101
0.0175256180384176
0.0127459040279401
0.0111526660244475
0.00955942802095504
0.00955942802095504
0.00796619001746253
0.00796619001746253
0.00637295201397003
0.00637295201397003
0.00637295201397003
0.00637295201397003
0.00637295201397003
0.00637295201397003
0.00637295201397003
0.00637295201397003
0.00637295201397003
0.00637295201397003
0.00318647600698501
0.00159323800349251
0.00159323800349251
0.00159323800349251
0.00159323800349251
25.6214909519764
