0
0
0.0172935998134989
0.0893502657030774
0.299755730100647
0.546189527443005
0.628334126557125
0.636980926463874
0.628334126557125
0.564924260574296
0.505837794544841
0.446751328515387
0.40351732898164
0.355959929494518
0.309843663325188
0.270933063744815
0.239228130753401
0.211846597715361
0.184465064677321
0.161406931592656
0.142672198461366
0.122496332012284
0.108084998834368
0.0922325323386606
0.0792623324785364
0.0763800658429533
0.0720566658895786
0.0648509993006207
0.0533219327582881
0.0489985328049134
0.0432339995337471
0.0389105995803724
0.0360283329447893
0.0273815330380399
0.0244992664024567
0.0230581330846651
0.0187347331312904
0.0187347331312904
0.0158524664957073
0.0158524664957073
0.0158524664957073
0.0144113331779157
0.0129701998601241
0.0115290665423326
0.010087933224541
0.00864679990674943
0.00720566658895786
0.00576453327116628
0.00576453327116628
0.00576453327116628
0.00576453327116628
0.00576453327116628
0.00144113331779157
0.00144113331779157
0.00144113331779157
0.00144113331779157
0.00144113331779157
0.00144113331779157
0.00144113331779157
0.00144113331779157
0.00144113331779157
67.1510344162525
