0
0
0.010477870765186
0.0436577948549416
0.115256578417046
0.244483651187673
0.415622207019044
0.53786403261288
0.585014451056217
0.5972386336156
0.555327150554857
0.502937796728927
0.454041066491392
0.396412777282869
0.375457035752497
0.335291864485951
0.300365628601998
0.263693080923847
0.23924471580508
0.218288974274708
0.195586920950138
0.185109050184952
0.171138555831371
0.150182814300999
0.132719696359022
0.122241825593836
0.11176395482865
0.0995397722692667
0.0890619015040808
0.0733450953563018
0.0646135363853135
0.0558819774143252
0.0558819774143252
0.0436577948549416
0.0331799240897556
0.0314336122955579
0.0314336122955579
0.0314336122955579
0.0261946769129649
0.0227020533245696
0.015716806147779
0.010477870765186
0.00873155897098831
0.00873155897098831
0.00873155897098831
0.00698524717679065
0.00698524717679065
0.00698524717679065
0.00523893538259299
0.00523893538259299
0.00523893538259299
0.00349262358839532
0.00349262358839532
0.00349262358839532
0.00349262358839532
0.00174631179419766
0.00174631179419766
0.00174631179419766
0.00174631179419766
0.00174631179419766
0.00174631179419766
24.5923807479186
