0
0
0.0231943260772643
0.0695829782317929
0.187487469124553
0.39816926432637
0.556663825854343
0.610783920034626
0.612716780541065
0.585656733450923
0.537335220789956
0.481282266103234
0.431027892935828
0.380773519768422
0.342116309639648
0.297660517991558
0.253204726343468
0.220346097734011
0.199084632163185
0.179756027098798
0.156561701021534
0.139165956463586
0.125635932918515
0.112105909373444
0.104374467347689
0.0908444438026185
0.0850458622833024
0.0715158387382316
0.0657172572189155
0.0599186756995994
0.0521872336738446
0.0444557916480899
0.0367243496223351
0.0347914891158964
0.0328586286094577
0.025127186583703
0.0231943260772643
0.0173957445579482
0.0154628840515095
0.0115971630386321
0.00773144202575476
0.00386572101287738
0.00386572101287738
0.00386572101287738
0.00386572101287738
0.00386572101287738
0.00193286050643869
0.00193286050643869
0.00193286050643869
0.00193286050643869
0.00193286050643869
0.00193286050643869
0.00193286050643869
0
0
0
0
0
0
0
0
34.6736818069764
