0
0
0.0208304967606872
0.0587041272346638
0.179899744751389
0.386311030834562
0.537805552730468
0.636276991962808
0.638170673486507
0.594615998441433
0.556742367967457
0.513187692922384
0.452589884164021
0.399566801500454
0.356012126455381
0.297307999220717
0.251859642651945
0.219667056749065
0.191261833893582
0.172325018656594
0.142026114277412
0.128770343611521
0.109833528374532
0.0965777577086405
0.0776409424716521
0.0643851718057603
0.0549167641872661
0.0473420380924708
0.0416609935213743
0.0359799489502778
0.034086267426579
0.034086267426579
0.0284052228554825
0.0284052228554825
0.0246178598080848
0.0246178598080848
0.0189368152369883
0.0170431337132895
0.0170431337132895
0.0170431337132895
0.0132557706658918
0.00757472609479533
0.0056810445710965
0.00378736304739767
0.00378736304739767
0
0
0
0
0
0
0
0
0
0
0
0
0
0
0
0
37.7565878369425
