0
0
0.00943967387152661
0.0629311591435107
0.163621013773128
0.273750542274272
0.421638766261522
0.52862173680549
0.600992569820528
0.619871917563581
0.572673548205948
0.516035504976788
0.465690577661979
0.415345650347171
0.365000723032362
0.336681701417782
0.314655795717554
0.276897100231447
0.217112499045112
0.182500361516181
0.14788822398725
0.135301992158548
0.113276086458319
0.0912501807580906
0.088103622800915
0.0786639489293884
0.0692242750578618
0.0629311591435107
0.0534914852719841
0.0534914852719841
0.0503449273148086
0.0471983693576331
0.0440518114004575
0.0346121375289309
0.0346121375289309
0.0251724636574043
0.0220259057002288
0.0188793477430532
0.0188793477430532
0.0188793477430532
0.0157327897858777
0.0157327897858777
0.0125862318287021
0.0125862318287021
0.00629311591435107
0.00629311591435107
0.00314655795717554
0.00314655795717554
0.00314655795717554
0.00314655795717554
0.00314655795717554
0.00314655795717554
0
0
0
0
0
0
0
0
0
15.1755479458989
