0
0
0.00905772041310106
0.0573655626163067
0.218894909983276
0.451376400586203
0.585732586713869
0.649136629605576
0.655175109880977
0.608376887746621
0.537424744510663
0.477039941756656
0.433260959760001
0.387972357694496
0.34419337569784
0.298904773632335
0.262673891979931
0.223423770189826
0.193231368812823
0.157000487160418
0.131336945989965
0.114731125232613
0.0951060643375612
0.0785002435802092
0.0694425231671082
0.0573655626163067
0.051327082340906
0.0467982221343555
0.0407597418589548
0.0362308816524043
0.0332116415147039
0.0332116415147039
0.0271731612393032
0.0241539211016028
0.0181154408262021
0.0150962006885018
0.0105673404819512
0.0105673404819512
0.00905772041310106
0.00905772041310106
0.00905772041310106
0.00754810034425089
0.00754810034425089
0.00603848027540071
0.00452886020655053
0.00301924013770035
0.00301924013770035
0.00301924013770035
0.00301924013770035
0.00150962006885018
0.00150962006885018
0.00150962006885018
0.00150962006885018
0.00150962006885018
0.00150962006885018
0.00150962006885018
0.00150962006885018
0.00150962006885018
0.00150962006885018
0
0
40.9743461373971
