0
0
0.0224222273502495
0.0710037199424568
0.168166705126871
0.302700069228368
0.418548243871324
0.523185304839155
0.601663100565028
0.612874214240153
0.616611252131862
0.571766797431362
0.519448266947447
0.467129736463531
0.429759357546449
0.388651940737658
0.358755637603992
0.313911182903493
0.280277841878119
0.224222273502495
0.190588932477121
0.168166705126871
0.153218553560038
0.130796326209789
0.119585212534664
0.0971629851844145
0.0859518715092898
0.0710037199424568
0.0672666820507485
0.059792606267332
0.0485814925922073
0.0373703789170825
0.0373703789170825
0.0336333410253743
0.0261592652419578
0.0224222273502495
0.0186851894585413
0.0186851894585413
0.0186851894585413
0.0186851894585413
0.014948151566833
0.0112111136751248
0.0112111136751248
0.0112111136751248
0.0112111136751248
0.0074740757834165
0.0074740757834165
0.0074740757834165
0.0074740757834165
0.0074740757834165
0.0074740757834165
0.0074740757834165
0.0074740757834165
0.0074740757834165
0.00373703789170825
0.00373703789170825
0.00373703789170825
0.00373703789170825
0.00373703789170825
0.00373703789170825
0.00373703789170825
12.8369929293923
