0
0
0.0148741664216031
0.12304992221508
0.373206357487496
0.557105142336407
0.622010595812493
0.62471498970733
0.620658398865075
0.57197930875801
0.513834840019016
0.458394765174859
0.400250296435865
0.352923403276219
0.297483328432062
0.262326207799182
0.22040810242921
0.18525098179633
0.163615830637634
0.136571891689265
0.118993331372825
0.10547136189864
0.0919493924244555
0.0811318168451078
0.0743708321080155
0.0676098473709232
0.0567922717915755
0.0500312870544832
0.0473268931596462
0.0432703023173908
0.0405659084225539
0.037861514527717
0.037861514527717
0.0338049236854616
0.0283961358957877
0.0216351511586954
0.01757856031644
0.0148741664216031
0.0108175755793477
0.00811318168451078
0.00811318168451078
0.00676098473709232
0.00676098473709232
0.00540878778967385
0.00540878778967385
0.00270439389483693
0.00270439389483693
0.00270439389483693
0.00270439389483693
0.00135219694741846
0.00135219694741846
0.00135219694741846
0.00135219694741846
0.00135219694741846
0.00135219694741846
0.00135219694741846
0.00135219694741846
0
0
0
0
74.7825759527325
