0
0
0.0132175856454913
0.0682908591683717
0.226901886914267
0.433977395360297
0.56174738993338
0.638849972865412
0.645458765688158
0.603603077810769
0.530906356760567
0.495659461705923
0.467021359474026
0.403136362187484
0.363483605251011
0.312816193609961
0.275366367614402
0.233510679737013
0.215887232209691
0.185046199036878
0.160813958686811
0.138784649277659
0.123364132691252
0.107943616104846
0.0969289614002695
0.0859143066956934
0.0793055138729477
0.0771025829320325
0.061682066345626
0.05066741164105
0.0462615497592195
0.0374498259955587
0.0330439641137282
0.0286381022318978
0.0264351712909826
0.0220293094091522
0.0220293094091522
0.0198263784682369
0.0176234475273217
0.0154205165864065
0.0132175856454913
0.0110146547045761
0.00881172376366086
0.00660879282274565
0.00660879282274565
0.00660879282274565
0.00660879282274565
0.00660879282274565
0.00660879282274565
0.00660879282274565
0.00440586188183043
0.00440586188183043
0.00440586188183043
0.00440586188183043
0.00220293094091522
0.00220293094091522
0.00220293094091522
0.00220293094091522
0.00220293094091522
0.00220293094091522
0.00220293094091522
35.230955403139
