0
0
0.01650035318206
0.108283567757269
0.34753868889714
0.543480382934103
0.620825788475009
0.621857060548888
0.544511655007982
0.485729146796893
0.442415719693985
0.389820843926169
0.348569960971019
0.319694342902413
0.278443459947263
0.239255121139871
0.215535863440659
0.189754061593691
0.167066075968358
0.146440634490783
0.125815193013208
0.110346111905027
0.0979708470184815
0.0804392217625427
0.0742515893192702
0.0649701406543614
0.0546574199155739
0.0536261478416952
0.0474385153984226
0.0391883388073926
0.0350632505118776
0.0309381622163626
0.0278443459947263
0.0247505297730901
0.0237192576992113
0.0195941694036963
0.0175316252559388
0.0144378090343025
0.012375264886545
0.012375264886545
0.0103127207387875
0.00928144866490878
0.00825017659103002
0.00618763244327252
0.00618763244327252
0.00618763244327252
0.00515636036939377
0.00412508829551501
0.00412508829551501
0.00412508829551501
0.00309381622163626
0.00309381622163626
0.00309381622163626
0.00309381622163626
0.00206254414775751
0.00206254414775751
0.00206254414775751
0.00206254414775751
0.00206254414775751
0.00206254414775751
0.00206254414775751
75.9991781527659
