0
0
0.00789691908648118
0.0236907572594436
0.0631753526918495
0.118453786297218
0.211637431517696
0.336408753084098
0.467497609919686
0.552784336053683
0.5875307800342
0.576475093313126
0.538569881698017
0.5038234377175
0.459600690833205
0.40274287341054
0.364837661795431
0.315876763459247
0.270074632757657
0.240066340229028
0.203740512431215
0.183208522806363
0.148462078825846
0.131088856835588
0.118453786297218
0.110556867210737
0.0963424128550704
0.0805485746821081
0.0805485746821081
0.0726516555956269
0.060016585057257
0.0521196659707758
0.0505402821534796
0.0458021307015909
0.0442227468842946
0.0410639792497022
0.0347464439805172
0.033167060163221
0.033167060163221
0.0252701410767398
0.0252701410767398
0.0189526058075548
0.0189526058075548
0.0173732219902586
0.0173732219902586
0.0157938381729624
0.0126350705383699
0.0126350705383699
0.0110556867210737
0.0110556867210737
0.00947630290377742
0.00631753526918495
0.00631753526918495
0.00473815145188871
0.00473815145188871
0.00473815145188871
0.00473815145188871
0.00473815145188871
0.00315876763459247
0.00315876763459247
0.00157938381729624
12.8618461406173
