0
0
0.0213178976569473
0.127907385941684
0.374032204344621
0.562017301864975
0.639536929708419
0.64922688318885
0.620157022747558
0.556203329776716
0.509691553070649
0.465117767060669
0.410854027570257
0.377908185736793
0.327520427638554
0.288760613716832
0.248062809099023
0.236434864922507
0.203489023089043
0.178295144039923
0.153101264990803
0.137597339422114
0.118217432461253
0.0988375255003921
0.0949615441082198
0.0775196278434448
0.0697676650591003
0.0620157022747558
0.0523257487943252
0.0426357953138946
0.0406978046178085
0.0348838325295501
0.0251938790491196
0.0251938790491196
0.0213178976569473
0.015503925568689
0.0096899534804306
0.0096899534804306
0.0096899534804306
0.00775196278434448
0.00775196278434448
0.00581397208825836
0.00581397208825836
0.00581397208825836
0.00387598139217224
0.00387598139217224
0.00387598139217224
0.00387598139217224
0.00387598139217224
0.00387598139217224
0.00387598139217224
0.00387598139217224
0.00387598139217224
0.00387598139217224
0.00387598139217224
0.00387598139217224
0.00387598139217224
0.00387598139217224
0.00387598139217224
0.00387598139217224
0.00193799069608612
59.2524159065555
