0
0
0.0109603033396611
0.0266178795391768
0.0641960624180147
0.128392124836029
0.244258188712446
0.350729706869154
0.463464255505667
0.546449409363101
0.574633046522229
0.541752136503246
0.488516377424893
0.465030013125619
0.425886072626829
0.380479101648234
0.344466676389347
0.310020008750413
0.277139098731429
0.247389703952349
0.220771824413173
0.189456672014141
0.167536065334819
0.142483943415594
0.120563336736272
0.100208487676901
0.0876824267172884
0.0720248505177726
0.0626303047980632
0.0532357590783537
0.0485384862184989
0.0454069709785958
0.0422754557386926
0.0344466676389347
0.0281836371591284
0.0266178795391768
0.0266178795391768
0.0219206066793221
0.0203548490593705
0.0187890914394189
0.0156575761995158
0.0140918185795642
0.0125260609596126
0.0125260609596126
0.0125260609596126
0.00939454571970947
0.00939454571970947
0.00939454571970947
0.00782878809975789
0.00782878809975789
0.00626303047980632
0.00469727285985474
0.00469727285985474
0.00469727285985474
0.00313151523990316
0.00313151523990316
0.00313151523990316
0.00313151523990316
0.00313151523990316
0.00313151523990316
0.00313151523990316
16.19391854975
