0
0
0.024569032597919
0.0644937105695375
0.147414195587514
0.285615003950809
0.429958070463583
0.51287855548156
0.583514524200577
0.574301136976358
0.552803233453178
0.51902081363104
0.457598232136242
0.408460166940404
0.374677747118265
0.288686133025549
0.24261919690445
0.218050164306531
0.190410002633873
0.156627582811734
0.141271937438034
0.125916292064335
0.116702904840115
0.107489517615896
0.0890627431674565
0.0737070977937571
0.0644937105695375
0.0644937105695375
0.0552803233453178
0.0429958070463583
0.0368535488968786
0.0276401616726589
0.024569032597919
0.0184267744484393
0.0184267744484393
0.0153556453736994
0.0153556453736994
0.00921338722421964
0.00614225814947976
0.00614225814947976
0.00614225814947976
0.00614225814947976
0.00614225814947976
0.00614225814947976
0.00614225814947976
0.00307112907473988
0.00307112907473988
0.00307112907473988
0.00307112907473988
0.00307112907473988
0.00307112907473988
0.00307112907473988
0.00307112907473988
0.00307112907473988
0.00307112907473988
0.00307112907473988
0.00307112907473988
0.00307112907473988
0.00307112907473988
0.00307112907473988
0
17.9509141895298
