0
0
0.0109041031673863
0.090867526394886
0.292593434991533
0.537935756257725
0.634255334236305
0.634255334236305
0.608812426845737
0.57428276681568
0.508858147811362
0.461607034086021
0.401634466665396
0.348931301356362
0.301680187631022
0.274419929712556
0.236255568626704
0.214447362291931
0.194456506485056
0.163561547510795
0.136301289592329
0.123579835897045
0.110858382201761
0.0963195779785792
0.0872328253390906
0.078146072699602
0.0617899179485225
0.0545205158369316
0.0417990621416476
0.0363470105579544
0.0272602579184658
0.0236255568626704
0.0236255568626704
0.0199908558068749
0.0181735052789772
0.0163561547510795
0.0090867526394886
0.0090867526394886
0.0090867526394886
0.0090867526394886
0.0090867526394886
0.00545205158369316
0.00545205158369316
0.00545205158369316
0.00545205158369316
0.00545205158369316
0.00545205158369316
0.00545205158369316
0.00545205158369316
0.00363470105579544
0.00363470105579544
0.00363470105579544
0.00181735052789772
0.00181735052789772
0.00181735052789772
0.00181735052789772
0.00181735052789772
0.00181735052789772
0.00181735052789772
0.00181735052789772
0.00181735052789772
62.0437468499919
