0
0
0.00509590722582786
0.0835728785035769
0.313907885110996
0.547300436053912
0.622719862996164
0.616604774325171
0.606412959873515
0.56156897628623
0.496341363795633
0.442324747201858
0.398499945059739
0.348560054246626
0.305754433549672
0.269063901523711
0.243584365394572
0.203836289033114
0.180395115794306
0.153896398220001
0.140647039432849
0.129436043536028
0.112109958968213
0.100898963071392
0.0937646929552326
0.0825536970584113
0.0723618826067556
0.0611508867099343
0.0550357980389409
0.0479015279227819
0.0468823464776163
0.042805620696954
0.0366905320259606
0.035671350580795
0.0305754433549672
0.028537080464636
0.0234411732388081
0.0173260845678147
0.0152877216774836
0.0132493587871524
0.0132493587871524
0.0132493587871524
0.0132493587871524
0.0122301773419869
0.00917263300649014
0.00815345156132457
0.007134270116159
0.00509590722582786
0.00509590722582786
0.00305754433549672
0.00305754433549672
0.00305754433549672
0.00203836289033114
0.00203836289033114
0.00203836289033114
0.00203836289033114
0.00203836289033114
0.00203836289033114
0.00203836289033114
0.00203836289033114
0.00203836289033114
79.1441907081569
