0
0
0.0170452154977478
0.134812158936733
0.337805179864457
0.54699646097318
0.62292514819042
0.636871233597669
0.62137558314517
0.567140806561427
0.506707769796685
0.454022558258192
0.404436476810198
0.351751265271705
0.317660834276209
0.278921708144964
0.249479972285218
0.216939106334972
0.185947805429976
0.15495650452498
0.144109549208232
0.123965203619984
0.106919988122236
0.0883252075792387
0.0743791221719905
0.0681808619909913
0.0619826018099921
0.0588834717194925
0.0464869513574941
0.0418382562217446
0.0356399960407454
0.030991300904996
0.023243475678747
0.0170452154977478
0.0123965203619984
0.0123965203619984
0.0108469553167486
0.00929739027149881
0.00774782522624901
0.00619826018099921
0.0030991300904996
0.0030991300904996
0.0030991300904996
0.0030991300904996
0.0015495650452498
0.0015495650452498
0.0015495650452498
0.0015495650452498
0.0015495650452498
0
0
0
0
0
0
0
0
0
0
0
0
68.9201096272768
