0
0
0.0276610346379132
0.200213203093467
0.442576554206611
0.571661382516872
0.625666259667084
0.624349067541469
0.569026998265643
0.534780002999655
0.483409510100673
0.410963943191853
0.376716947925865
0.337201184157418
0.280561922755977
0.239728966861914
0.213385124349616
0.185724089711703
0.15806305507379
0.138305173189566
0.114595714928497
0.104058177923578
0.0922034487930439
0.0816659117881246
0.0698111826575904
0.0658596062807457
0.0566392614014413
0.046101724396522
0.0395157637684474
0.0316126110147579
0.0250266503866833
0.0171234976329939
0.014489113381764
0.0105375370049193
0.0105375370049193
0.00922034487930439
0.00922034487930439
0.00922034487930439
0.00922034487930439
0.00922034487930439
0.00790315275368948
0.00790315275368948
0.00790315275368948
0.00790315275368948
0.00790315275368948
0.00526876850245965
0.00526876850245965
0.00526876850245965
0.00395157637684474
0.00395157637684474
0.00395157637684474
0.00395157637684474
0.00395157637684474
0.00395157637684474
0.00395157637684474
0.00395157637684474
0.00395157637684474
0.00263438425122983
0.00263438425122983
0.00131719212561491
0.00131719212561491
76.2106969480019
