0
0
0.00618898564750779
0.0515748803958983
0.17741758856189
0.383717110145483
0.530189770469834
0.608583588671599
0.614772574319107
0.585890641297404
0.526063780038162
0.464173923563084
0.406410057519678
0.371339138850467
0.346583196260436
0.290882325432866
0.264063387626999
0.237244449821132
0.204236526367757
0.181543578993562
0.158850631619367
0.140283674676843
0.123779712950156
0.0969607751442887
0.0866457990651091
0.0742678277700935
0.0618898564750779
0.057763866043406
0.0495118851800623
0.0474488899642264
0.028881933021703
0.0268189378058671
0.0185669569425234
0.0123779712950156
0.0123779712950156
0.0123779712950156
0.0123779712950156
0.0103149760791797
0.0103149760791797
0.0103149760791797
0.00618898564750779
0.00412599043167186
0.00206299521583593
0.00206299521583593
0.00206299521583593
0.00206299521583593
0.00206299521583593
0.00206299521583593
0.00206299521583593
0
0
0
0
0
0
0
0
0
0
0
0
39.2942555651207
