0
0
0.022670448052396
0.0755681601746533
0.151136320349307
0.272045376628752
0.38791655556322
0.503787734497689
0.599507404052249
0.599507404052249
0.586912710689807
0.523939243877596
0.45340896104792
0.408068064943128
0.362727168838336
0.312348395388567
0.272045376628752
0.254412805921333
0.206552971144052
0.19395827778161
0.166249952384237
0.151136320349307
0.128465872296911
0.118390117606957
0.105795424244515
0.0982386082270493
0.0881628535370955
0.0730492215021648
0.0528977121222573
0.0377840800873266
0.0352651414148382
0.0302272640698613
0.0251893867248844
0.0176325707074191
0.0125946933624422
0.0100757546899538
0.0100757546899538
0.00503787734497689
0.00503787734497689
0.00503787734497689
0.00503787734497689
0.00251893867248844
0.00251893867248844
0.00251893867248844
0.00251893867248844
0.00251893867248844
0.00251893867248844
0.00251893867248844
0
0
0
0
0
0
0
0
0
0
0
0
0
17.6829984407511
