0
0
0.00694932314461656
0.0393794978194938
0.122771375554892
0.271023602640046
0.421592270773404
0.551312969472913
0.597641790437024
0.597641790437024
0.57911026205138
0.509617030605214
0.451706004400076
0.407693624484171
0.363681244568266
0.321985305700567
0.291871572073895
0.266390720543635
0.233960545868757
0.210796135386702
0.185315283856441
0.164467314422592
0.145935786036948
0.129720698699509
0.104239847169248
0.0787589956389876
0.0602274672533435
0.0555945851569324
0.0486452620123159
0.0440123799159048
0.0393794978194938
0.0370630567712883
0.0301137336266717
0.0208479694338497
0.0208479694338497
0.0162150873374386
0.0138986462892331
0.0115822052410276
0.00926576419282207
0.00926576419282207
0.00926576419282207
0.00926576419282207
0.00926576419282207
0.00926576419282207
0.00694932314461656
0.00694932314461656
0.00463288209641104
0.00231644104820552
0
0
0
0
0
0
0
0
0
0
0
0
0
23.2923511266598
