0
0
0.0159187212266147
0.0614007818740852
0.218313891107859
0.427531370086223
0.595814994481864
0.636748849064588
0.641297055129335
0.598089097514238
0.545784727769646
0.475287533766067
0.427531370086223
0.361582382147391
0.300181600273306
0.259247745690582
0.229684406269726
0.172831830460388
0.156913109233773
0.134172078910038
0.109156945553929
0.0932382243273146
0.0727712970359529
0.0636748849064588
0.0568525758093382
0.0477561636798441
0.043207957615097
0.0341115454856029
0.0295633394208559
0.0250151333561088
0.0204669272913617
0.0159187212266147
0.0136446181942412
0.0113705151618676
0.00909641212949411
0.00909641212949411
0.00909641212949411
0.00909641212949411
0.00682230909712058
0.00682230909712058
0.00682230909712058
0.00682230909712058
0.00682230909712058
0.00682230909712058
0.00454820606474705
0.00227410303237353
0
0
0
0
0
0
0
0
0
0
0
0
0
0
0
40.3051089629473
