0
0
0.00320418264228195
0.0160209132114098
0.0288376437805376
0.0427224352304261
0.0566072266803145
0.0833087486993308
0.112146392479868
0.135643731856603
0.167685558279422
0.201863506463763
0.237109515528865
0.267015220190163
0.304397351016786
0.3610045776971
0.386638038835356
0.407999256450569
0.412271499973612
0.407999256450569
0.388774160596877
0.375957430027749
0.365276821220143
0.332166933916563
0.302261229255264
0.276627768117009
0.247790124336471
0.216816358794412
0.198659323821481
0.176230045325508
0.160209132114098
0.146324340664209
0.135643731856603
0.11428251424139
0.095057418387698
0.0758323225340063
0.0630155919648784
0.0566072266803145
0.0501988613957506
0.0437904961111867
0.0416543743496654
0.0331098873035802
0.0256334611382556
0.0234973393767343
0.0192250958536917
0.0149528523306491
0.0128167305691278
0.0128167305691278
0.0117486696883672
0.0117486696883672
0.00961254792684586
0.00747642616532456
0.00747642616532456
0.00747642616532456
0.00534030440380326
0.00427224352304261
0.00427224352304261
0.00320418264228195
0.00320418264228195
0.00320418264228195
0.00320418264228195
4.1487491845366
