0
0
0.0213837205573032
0.100629273210839
0.349686724407664
0.519498622950954
0.607549237010438
0.616354298416386
0.607549237010438
0.537108745762851
0.472957584090941
0.422642947485522
0.376101908625509
0.343397394831987
0.303145685547651
0.264151842178451
0.232705194300064
0.210063607827625
0.197484948676271
0.174843362203832
0.157233239391935
0.134591652919497
0.1169815301076
0.104402870956245
0.0842770163140773
0.070440491247587
0.0616354298416386
0.0477989047751483
0.036478111538929
0.033962379708658
0.0327045137935225
0.0301887819632516
0.0238994523875742
0.0213837205573032
0.0176101228118967
0.0150943909816258
0.0150943909816258
0.0125786591513548
0.00754719549081289
0.00628932957567741
0.00628932957567741
0.00628932957567741
0.00628932957567741
0.00628932957567741
0.00628932957567741
0.00503146366054193
0.00377359774540645
0.00251573183027096
0.00251573183027096
0.00251573183027096
0.00125786591513548
0.00125786591513548
0.00125786591513548
0.00125786591513548
0
0
0
0
0
0
0
60.7266248364334
