0
0
0.00894616057481268
0.026838481724438
0.0912508378630894
0.26838481724438
0.475935742580035
0.594025062167562
0.6351774008117
0.59939275851245
0.579711205247862
0.527823473913948
0.50098499218951
0.450886492970559
0.395420297406721
0.370371047797245
0.316694084348369
0.288066370508968
0.259438656669568
0.220075550140392
0.195026300530916
0.175344747266329
0.150295497656853
0.137770872852115
0.11987855170249
0.110932391127677
0.0948293020930144
0.0894616057481268
0.0787262130583516
0.0751477488284265
0.0662015882536138
0.0626231240236888
0.0572554276788012
0.050098499218951
0.0429415707591009
0.0375738744142133
0.0375738744142133
0.0357846422992507
0.0357846422992507
0.0339954101842882
0.0322061780693257
0.0304169459543631
0.026838481724438
0.023260017494513
0.0161030890346628
0.0143138569197003
0.0125246248047378
0.0107353926897752
0.0107353926897752
0.00894616057481268
0.00894616057481268
0.00894616057481268
0.00894616057481268
0.00715692845985015
0.00715692845985015
0.00536769634488761
0.00357846422992507
0.00178923211496254
0
0
0
36.8437663485524
