0
0
0.00993498541791717
0.0509168002668255
0.142815415382559
0.31667766019611
0.471911807351066
0.59485725189779
0.620936588619823
0.584922266479873
0.546424197985444
0.488056158655181
0.428446246147678
0.381255065412571
0.332822011500225
0.294323943005796
0.257067747688607
0.218569679194178
0.194974088826624
0.177587864345269
0.160201639863914
0.135364176319121
0.111768585951568
0.103075473710891
0.0881729955840149
0.0782380101660977
0.063335532039222
0.0534005466213048
0.0496749270895858
0.0397399416716687
0.0347724489627101
0.0335305757854704
0.0260793367220326
0.0235955903675533
0.021111844013074
0.0186280976585947
0.017386224481355
0.017386224481355
0.0149024781268758
0.0136606049496361
0.0136606049496361
0.0111768585951568
0.00869311224067752
0.00869311224067752
0.00620936588619823
0.00496749270895858
0.00496749270895858
0.00496749270895858
0.00496749270895858
0.00496749270895858
0.00496749270895858
0.00372561953171894
0.00248374635447929
0.00124187317723965
0.00124187317723965
0.00124187317723965
0.00124187317723965
0.00124187317723965
0
0
0
35.8935673456709
