0
0
0.0194049415484438
0.0776197661937753
0.243947836609008
0.496212076738778
0.584920380960235
0.634818802084805
0.623730264057123
0.596008918987918
0.537794094342586
0.462946462655731
0.415820176038082
0.374238158434274
0.313251199282022
0.285529854212816
0.230087164074405
0.20513795351212
0.185733011963677
0.166328070415233
0.155239532387551
0.135834590839107
0.119201783797584
0.110885380276822
0.0970247077422191
0.091480438728378
0.0720754971799342
0.0665312281660931
0.060986959152252
0.0554426901384109
0.0443541521107288
0.0415820176038082
0.0415820176038082
0.0332656140830466
0.030493479576126
0.030493479576126
0.0249492105622849
0.0221770760553644
0.0221770760553644
0.0221770760553644
0.0166328070415233
0.0166328070415233
0.0166328070415233
0.0166328070415233
0.0166328070415233
0.0166328070415233
0.00831640352076164
0.00831640352076164
0.00831640352076164
0.00831640352076164
0.00554426901384109
0.00554426901384109
0.00554426901384109
0.00554426901384109
0.00277213450692055
0
0
0
0
0
0
40.9654425556734
