0
0
0.0265936565812055
0.100675985628849
0.267836112710712
0.472987177765726
0.567964522698603
0.586959991685178
0.560366335103973
0.54706950681337
0.486284006056329
0.444493974285863
0.383708473528822
0.336219801062384
0.311525691379836
0.28493203479863
0.248840643724137
0.227945627838904
0.184256049169781
0.170959220879178
0.150064204993945
0.13106873600737
0.108274173223479
0.100675985628849
0.0892787042369041
0.0759818759463014
0.0683836883516712
0.0607855007570411
0.053187313162411
0.0474886724664384
0.0360913910744931
0.0360913910744931
0.0303927503785205
0.0303927503785205
0.0246941096825479
0.0227945627838904
0.0170959220879178
0.0113972813919452
0.0113972813919452
0.00949773449328767
0.00949773449328767
0.00949773449328767
0.00759818759463014
0.0056986406959726
0.00379909379731507
0.00379909379731507
0.00379909379731507
0.00379909379731507
0.00379909379731507
0.00379909379731507
0.00379909379731507
0.00379909379731507
0.00189954689865753
0
0
0
0
0
0
0
0
34.7778958625634
