0
0
0.00313202475214471
0.0187921485128683
0.0856086765586222
0.281882227693024
0.49381590258815
0.628492966930372
0.648329123693956
0.621184909175368
0.574204537893197
0.527224166611027
0.470847721072422
0.428043382793111
0.382107019761655
0.348698755738778
0.307982433960897
0.273530161687305
0.239077889413713
0.211933674895126
0.187921485128683
0.16182127886081
0.140941113846512
0.122148965333644
0.10648884157292
0.0939607425643414
0.0845646683079073
0.0741245858007582
0.0647285115443241
0.0595084702907495
0.0511564042850303
0.0448923547807409
0.0417603300285962
0.0334082640228769
0.0271442145185875
0.0229681815157279
0.0198361567635832
0.0177481402621534
0.0156601237607236
0.0135721072592938
0.010440082507149
0.010440082507149
0.010440082507149
0.00835206600571923
0.00835206600571923
0.00835206600571923
0.00730805775500433
0.00626404950428943
0.00626404950428943
0.00417603300285962
0.00313202475214471
0.00313202475214471
0.00208801650142981
0.0010440082507149
0.0010440082507149
0.0010440082507149
0.0010440082507149
0.0010440082507149
0.0010440082507149
0.0010440082507149
0.0010440082507149
50.9714806640984
