0
0
0.0099282750085632
0.0672916417247061
0.260341433557879
0.49641375042816
0.606727917189973
0.646441017224226
0.636512742215663
0.592387075510937
0.542745700468121
0.479866625413888
0.425812683700599
0.379480733660638
0.335355066955912
0.294538825254041
0.258135150222643
0.23055660853219
0.204081208509355
0.188637225162701
0.168780675145574
0.151130408463684
0.129067575111322
0.115829875099904
0.107004741758959
0.0926639000799232
0.0794262000685056
0.0639822167218517
0.058466508383761
0.049641375042816
0.0441256667047253
0.0375068166990165
0.0353005333637803
0.0319911083609259
0.0297848250256896
0.0242691166875989
0.0209596916847445
0.0209596916847445
0.0187534083495083
0.0154439833466539
0.0154439833466539
0.0110314166761813
0.0099282750085632
0.00772199167332693
0.00772199167332693
0.00551570833809066
0.00441256667047253
0.0033094250028544
0.00220628333523627
0.00220628333523627
0.00220628333523627
0.00110314166761813
0.00110314166761813
0.00110314166761813
0.00110314166761813
0.00110314166761813
0.00110314166761813
0.00110314166761813
0.00110314166761813
0.00110314166761813
0.00110314166761813
59.2368902752257
