0
0
0.00880403587306454
0.0209095851985283
0.0429196748811897
0.0605277466273187
0.081437331825847
0.126558015675303
0.177181221945424
0.234407455120343
0.281729147938065
0.343357399049517
0.398382623256171
0.417091199486433
0.438000784684961
0.445704316073893
0.451206838494558
0.43029725329603
0.386277073930707
0.37307102012111
0.351060930438449
0.313643777977924
0.287231670358731
0.250915022382339
0.227804428215545
0.198090807143952
0.182683744366089
0.172779204008892
0.155171132262763
0.1397640694849
0.132060538095968
0.108949943929174
0.0891408632147785
0.080336827341714
0.0682312780162502
0.0616282511114518
0.0583267376590526
0.0440201793653227
0.0429196748811897
0.0385176569446574
0.031914630039859
0.0275126121033267
0.0231105941667944
0.0209095851985283
0.0176080717461291
0.016507567261996
0.0132060538095968
0.0110050448413307
0.00880403587306454
0.00770353138893148
0.00550252242066534
0.00440201793653227
0.0033015134523992
0.0033015134523992
0.0033015134523992
0.0033015134523992
0.00220100896826614
0.0033015134523992
0.0033015134523992
0.0033015134523992
0.0033015134523992
6.25671804967731
