0
0
0.00431732523598146
0.0269832827248842
0.117647112680495
0.291419453428749
0.484619757738919
0.602266870419414
0.622774165290326
0.595790882565442
0.54506231104266
0.515920365699785
0.460874468941021
0.407987234800248
0.362655319822443
0.322720061389614
0.296816109973726
0.261198176776879
0.224500912271036
0.20723161132711
0.184565653838208
0.164058358967296
0.147868389332365
0.13275775100643
0.114409118753509
0.103615805663555
0.0928224925736015
0.0809498481746525
0.0712358663936942
0.0679978724667081
0.0626012159217312
0.0496492402137868
0.0464112462868007
0.0377765958148378
0.0345386018878517
0.0291419453428749
0.0259039514158888
0.0248246201068934
0.0226659574889027
0.0226659574889027
0.0215866261799073
0.0172693009439259
0.0140313070169398
0.0129519757079444
0.0107933130899537
0.0107933130899537
0.00863465047196293
0.00755531916296756
0.0064759878539722
0.00431732523598146
0.00431732523598146
0.0032379939269861
0.0032379939269861
0.0032379939269861
0.0032379939269861
0.0032379939269861
0.0032379939269861
0.00215866261799073
0.00215866261799073
0.00215866261799073
0.00107933130899537
49.3329897156941
