0
0
0.0126755248718061
0.0823909116667396
0.255094938045098
0.480085504519656
0.622685159327474
0.633776243590304
0.616347396891571
0.557723094359468
0.510189876090195
0.461072217211947
0.424630083205504
0.377096864936231
0.307381478141298
0.266186022307928
0.218652804038655
0.182210670032213
0.158444060897576
0.141015214198843
0.120417486282158
0.109326402019328
0.0950664365385457
0.0792220304487881
0.0697153867949335
0.0538709807051759
0.0522865400962001
0.0443643370513213
0.0427798964423456
0.0348576933974667
0.033273252788491
0.0301043715705395
0.0285199309615637
0.0237666091346364
0.0205977279166849
0.0174288466987334
0.0158444060897576
0.0126755248718061
0.00950664365385457
0.00950664365385457
0.00792220304487881
0.00633776243590304
0.00633776243590304
0.00475332182692728
0.00316888121795152
0.00316888121795152
0.00316888121795152
0.00316888121795152
0.00316888121795152
0.00316888121795152
0.00316888121795152
0.00316888121795152
0.00158444060897576
0.00158444060897576
0.00158444060897576
0.00158444060897576
0
0
0
0
0
54.3630035382933
