0
0
0.00343988798021659
0.0343988798021659
0.144475295169097
0.349148629991984
0.576181236686279
0.639819164320286
0.643259052300503
0.610580116488445
0.558981796785196
0.52458291698303
0.471264653289673
0.414506501616099
0.354308461962309
0.297550310288735
0.276910982407436
0.24251210260527
0.216712942753645
0.187473894921804
0.168554511030613
0.159954791080072
0.149635127139422
0.137595519208664
0.127275855268014
0.111796359357039
0.092876975465848
0.0825573115251982
0.0705177035944401
0.0619179836438986
0.0533182636933572
0.0429985997527074
0.0361188237922742
0.0326789358120576
0.0257991598516244
0.0206393278812995
0.0189193838911913
0.017199439901083
0.0137595519208664
0.0137595519208664
0.0137595519208664
0.0137595519208664
0.0120396079307581
0.00859971995054148
0.00859971995054148
0.00687977596043318
0.00687977596043318
0.00343988798021659
0.00343988798021659
0.00343988798021659
0.00343988798021659
0.00343988798021659
0.00343988798021659
0.00343988798021659
0.0017199439901083
0.0017199439901083
0.0017199439901083
0.0017199439901083
0.0017199439901083
0.0017199439901083
0.0017199439901083
52.9114544877624
