0
0
0.00849161030567535
0.0452885882969352
0.0962382501309873
0.147187911965039
0.20096811056765
0.271731529781611
0.350986559301248
0.41891944174665
0.467038566812144
0.469869103580702
0.478360713886378
0.464208030043586
0.450055346200793
0.413258368209534
0.373630853449715
0.350986559301248
0.305697971004313
0.260409382707377
0.232104015021793
0.192476500261975
0.175493279650624
0.161340595807832
0.141526838427922
0.124543617816572
0.118882544279455
0.107560397205221
0.0905771765938704
0.0849161030567535
0.082085566288195
0.0792550295196366
0.0679328824454028
0.0594412721397274
0.0537801986026105
0.0537801986026105
0.0452885882969352
0.0396275147598183
0.0339664412227014
0.0339664412227014
0.0283053676855845
0.0226442941484676
0.0198137573799091
0.0141526838427922
0.0141526838427922
0.0113221470742338
0.0113221470742338
0.0113221470742338
0.00849161030567535
0.0056610735371169
0.0056610735371169
0.00283053676855845
0.00283053676855845
0.00283053676855845
0.00283053676855845
0.00283053676855845
0
0
0
0
0
7.38961775598217
