0
0
0.00631978394197968
0.0236991897824238
0.039498649637373
0.0837371372312307
0.159574544534987
0.236991897824238
0.330208710968438
0.402886226301204
0.456604389808032
0.505582715358374
0.527701959155303
0.515062391271344
0.486623363532435
0.462924173750011
0.399726334330215
0.377607090533286
0.350748008779872
0.312829305127994
0.259111141621167
0.240151789795228
0.216452600012804
0.183273734317411
0.164314382491472
0.151674814607512
0.127975624825088
0.115336056941129
0.0947967591296952
0.0805772452602409
0.0631978394197968
0.0552981094923222
0.0505582715358374
0.0426585416083628
0.0379187036518781
0.0331788656953933
0.0331788656953933
0.0315989197098984
0.0300189737244035
0.0284390277389086
0.0221192437969289
0.018959351825939
0.0157994598549492
0.0126395678839594
0.0110596218984644
0.00947967591296952
0.0078997299274746
0.0078997299274746
0.0078997299274746
0.0078997299274746
0.0078997299274746
0.00631978394197968
0.00631978394197968
0.00631978394197968
0.00631978394197968
0.00473983795648476
0.00473983795648476
0.00473983795648476
0.00473983795648476
0.00631978394197968
0.00631978394197968
9.12808873767325
