0
0
0.0110756922125034
0.0512250764828282
0.207669228984439
0.449949996132951
0.616085379320502
0.674232763436144
0.638236763745508
0.57732045657674
0.534402149253289
0.477639226664209
0.423645227128255
0.379342458278241
0.336424150954791
0.275507843786022
0.240896305621949
0.207669228984439
0.181364459979743
0.14675292181567
0.132908306550041
0.119063691284412
0.0941433838062789
0.0872210761734643
0.0775298454875238
0.0678386148015833
0.0581473841156429
0.0498406149562653
0.0443027688500136
0.0415338457968878
0.0346115381640731
0.0276892305312585
0.0263047690046956
0.0221513844250068
0.0193824613718809
0.0152290767921922
0.0152290767921922
0.0138446152656293
0.0124601537390663
0.0124601537390663
0.0110756922125034
0.0110756922125034
0.0110756922125034
0.00969123068594047
0.00969123068594047
0.00969123068594047
0.00692230763281463
0.00692230763281463
0.00692230763281463
0.0055378461062517
0.00415338457968877
0.00276892305312585
0.00138446152656293
0.00138446152656293
0.00138446152656293
0.00138446152656293
0.00138446152656293
0.00138446152656293
0.00138446152656293
0
0
64.9383545186987
