0
0
0.0157107374503665
0.0314214749007331
0.0602244935597384
0.0837905997352882
0.115212074636021
0.138778180811571
0.159725830745393
0.191147305646126
0.191147305646126
0.222568780546859
0.269700992897959
0.28017481786487
0.288030186590053
0.293267099073509
0.308977836523875
0.311596292765603
0.306359380282147
0.285411730348325
0.28017481786487
0.264464080414503
0.253990255447592
0.25660871168932
0.238279517997226
0.222568780546859
0.214713411821676
0.196384218129582
0.170199655712304
0.159725830745393
0.15187046202021
0.141396637053299
0.117830530877749
0.10473824966911
0.102119793427383
0.086409055977016
0.0837905997352882
0.0706983185266494
0.0680798622849217
0.0654614060431939
0.0602244935597384
0.0576060373180106
0.0602244935597384
0.0576060373180106
0.0471322123510996
0.0445137561093719
0.0392768436259163
0.0340399311424608
0.0340399311424608
0.0366583873841886
0.0314214749007331
0.0288030186590053
0.0261845624172776
0.0209476499338221
0.0209476499338221
0.010473824966911
0.00523691248345551
0.00523691248345551
0.00261845624172776
0.00261845624172776
0.00261845624172776
2.64893347005215
