0
0
0.0180705820370811
0.0361411640741622
0.0413041875133282
0.0619562812699923
0.0955159336245715
0.113586515661653
0.157472214894564
0.193613378968726
0.193613378968726
0.191031867249143
0.209102449286224
0.191031867249143
0.18845035552956
0.167798261772896
0.152309191455398
0.139401632857483
0.131657097698734
0.129075585979151
0.123912562539985
0.139401632857483
0.134238609418317
0.134238609418317
0.126494074259568
0.113586515661653
0.118749539100819
0.11100500394207
0.103260468783321
0.0800268633070734
0.0697008164287413
0.0619562812699923
0.0516302343916603
0.0490487226720772
0.0516302343916603
0.0490487226720772
0.0438856992329112
0.0387226757937452
0.0335596523545792
0.0335596523545792
0.0361411640741622
0.0361411640741622
0.0335596523545792
0.0206520937566641
0.0180705820370811
0.0154890703174981
0.0232336054762471
0.0258151171958301
0.0258151171958301
0.0232336054762471
0.0232336054762471
0.0232336054762471
0.0206520937566641
0.0154890703174981
0.0154890703174981
0.0154890703174981
0.0154890703174981
0.0154890703174981
0.0129075585979151
0.0103260468783321
0.0103260468783321
1.37248465293897
