0
0
0.00621125784486169
0.0113873060489131
0.0207041928162056
0.0341619181467393
0.0393379663507907
0.0486548531180833
0.0569365302445655
0.0631477880894272
0.0621125784486169
0.0631477880894272
0.0662534170118581
0.0745350941383403
0.0714294652159095
0.0776407230607712
0.0786759327015814
0.0766055134199609
0.0766055134199609
0.0745350941383403
0.0766055134199609
0.0776407230607712
0.0766055134199609
0.0817815616240123
0.0890280291096843
0.0828167712648226
0.0962744965953563
0.095239286954546
0.095239286954546
0.0900632387504946
0.0890280291096843
0.0942040773137357
0.0890280291096843
0.0942040773137357
0.095239286954546
0.0931688676729254
0.0942040773137357
0.0900632387504946
0.087992819468874
0.0848871905464431
0.0910984483913048
0.0921336580321151
0.0962744965953563
0.0973097062361665
0.0910984483913048
0.080746351983202
0.0703942555750992
0.0683238362934786
0.0652182073710478
0.0569365302445655
0.0527956916813244
0.0486548531180833
0.0486548531180833
0.0455492241956524
0.0455492241956524
0.0383027567099804
0.0362323374283599
0.0351971277875496
0.0362323374283599
0.0351971277875496
0.0383027567099804
1.34248359390177
