0
0
0.00407670749277559
0.0183451837174901
0.0428054286741437
0.0978409798266141
0.209950435877943
0.361807789983833
0.485128191640295
0.589084232706072
0.594180117072042
0.556470572763868
0.511626790343336
0.480032307274325
0.420920048629079
0.373018735588966
0.323079068802465
0.281292817001515
0.247659980186117
0.218103850863494
0.188547721540871
0.168164184076993
0.146761469739921
0.130454639768819
0.11516698667091
0.100898510446196
0.0896875648410629
0.0764382654895422
0.0723615579967667
0.0642081430112155
0.059112258645246
0.0468821361669192
0.0377095443081742
0.0305753061958169
0.0254794218298474
0.0224218912102657
0.0203835374638779
0.0203835374638779
0.019364360590684
0.0173260068442962
0.0173260068442962
0.0142684762247146
0.0142684762247146
0.0122301224783268
0.00917259185874507
0.00917259185874507
0.00815341498555117
0.00815341498555117
0.00713423811235728
0.00509588436596948
0.00509588436596948
0.00407670749277559
0.00305753061958169
0.00305753061958169
0.00305753061958169
0.00305753061958169
0.00203835374638779
0.0010191768731939
0.0010191768731939
0.0010191768731939
0
23.0444831346677
