0
0
0.00900940939682932
0.0234244644317562
0.0378395194666832
0.0522545745016101
0.0630658657778053
0.0720752751746346
0.0792828026920981
0.0792828026920981
0.0918959758476591
0.0991035033651226
0.0991035033651226
0.0973016214857567
0.0918959758476591
0.0774809208127322
0.0792828026920981
0.0738771570540005
0.0756790389333663
0.0684715114159029
0.0594621020190735
0.0558583382603418
0.0594621020190735
0.0630658657778053
0.0576602201397077
0.0576602201397077
0.0504526926222442
0.0468489288635125
0.0414432832254149
0.0432451651047808
0.0432451651047808
0.039641401346049
0.0378395194666832
0.0414432832254149
0.039641401346049
0.0378395194666832
0.027028228190488
0.027028228190488
0.0234244644317562
0.0216225825523904
0.0216225825523904
0.027028228190488
0.0252263463111221
0.0216225825523904
0.0234244644317562
0.0252263463111221
0.0252263463111221
0.0252263463111221
0.0198207006730245
0.0216225825523904
0.0162169369142928
0.0162169369142928
0.0162169369142928
0.0162169369142928
0.0162169369142928
0.0180188187936586
0.0144150550349269
0.0162169369142928
0.0108112912761952
0.0108112912761952
0.0108112912761952
0.678710720314569
