0
0
0.0153405532465934
0.0482131673464363
0.149022517252621
0.330917648605085
0.486514688677675
0.580749515763892
0.58732403858386
0.580749515763892
0.561025947303986
0.519387302777518
0.473365643037738
0.429535490904614
0.374747800738209
0.330917648605085
0.289279004078618
0.245448851945494
0.21915076066562
0.199427192205714
0.170937593319183
0.149022517252621
0.124915933579403
0.105192365119497
0.0876603042662478
0.0745112586263106
0.0657452281996859
0.0679367358063421
0.0657452281996859
0.0547876901664049
0.0482131673464363
0.0372556293131553
0.0284895988865305
0.0284895988865305
0.0262980912798743
0.0241065836732181
0.0175320608532496
0.0175320608532496
0.0131490456399372
0.010957538033281
0.00876603042662478
0.00876603042662478
0.00657452281996859
0.00657452281996859
0.00657452281996859
0.00657452281996859
0.00438301521331239
0.00438301521331239
0.00438301521331239
0.00438301521331239
0.00438301521331239
0.00438301521331239
0.0021915076066562
0.0021915076066562
0.0021915076066562
0
0
0
0
0
0
24.2545354938416
