0
0
0.00404425669649408
0.0121327700894822
0.0212323476565939
0.0262876685272115
0.0374093744425702
0.0434757594873113
0.0485310803579289
0.0556085295767935
0.0626859787956582
0.0677412996662758
0.0697634280145228
0.0808851339298815
0.0829072622781285
0.0889736473228697
0.0899847114969932
0.0909957756711167
0.0980732248899813
0.102117481586475
0.0970621607158578
0.0970621607158578
0.101106417412352
0.105150674108846
0.110205994979464
0.113239187501834
0.110205994979464
0.115261315850081
0.10919493080534
0.104139609934722
0.101106417412352
0.107172802457093
0.107172802457093
0.107172802457093
0.108183866631217
0.104139609934722
0.105150674108846
0.102117481586475
0.104139609934722
0.0920068398452402
0.0899847114969932
0.0849293906263756
0.0748187488851404
0.0677412996662758
0.0697634280145228
0.0657191713180287
0.0626859787956582
0.0636970429697817
0.0626859787956582
0.0636970429697817
0.0626859787956582
0.0556085295767935
0.0535864012285465
0.0556085295767935
0.0556085295767935
0.0576306579250406
0.0576306579250406
0.0606638504474111
0.0586417220991641
0.0566195937509171
0.0515642728802995
1.65141425877183
