0
0
0.00845765542116425
0.0398718041283457
0.103908338031447
0.263395554544829
0.468795757630247
0.564246440240529
0.608951190323826
0.613784136278777
0.563038203751791
0.513500507713544
0.463962811675296
0.412008642659573
0.368512129065014
0.331056797914143
0.288768520808322
0.25252142614619
0.218690804461533
0.195734311175515
0.169153108423285
0.154654270558432
0.141363669182317
0.129281304294939
0.10753304749766
0.09665891909902
0.0785353717679537
0.0688694798580518
0.0616200609256252
0.0555788784819365
0.0495376960382478
0.0447047500832967
0.0422882771058212
0.038663567639608
0.0350388581733947
0.0265812027522305
0.024164729774755
0.0181235473310662
0.0157070743535907
0.0132906013761152
0.0120823648873775
0.009665891909902
0.0072494189324265
0.0072494189324265
0.0072494189324265
0.0072494189324265
0.00362470946621325
0.00362470946621325
0.0024164729774755
0.0024164729774755
0.0024164729774755
0.0024164729774755
0.0024164729774755
0.0024164729774755
0.0024164729774755
0.0024164729774755
0.0024164729774755
0.0024164729774755
0.00120823648873775
0.00120823648873775
0.00120823648873775
28.1649949888795
