0
0
0.0209660276728994
0.0838641106915977
0.160739545492229
0.300513063311558
0.412331877567022
0.559094071277318
0.608014802514083
0.611509140459567
0.569577085113768
0.531139367713452
0.478724298531204
0.440286581130888
0.370399822221223
0.317984753038975
0.290030049475109
0.251592332074793
0.213154614674477
0.195682924947061
0.178211235219645
0.171222559328679
0.164233883437712
0.153750869601262
0.13977351781933
0.125796166037397
0.115313152200947
0.10832447630998
0.101335800419014
0.0908527865825642
0.0838641106915977
0.0628980830186983
0.0559094071277318
0.0454263932912821
0.0419320553457989
0.0419320553457989
0.0244603656183827
0.0244603656183827
0.0244603656183827
0.0174716897274162
0.0174716897274162
0.0139773517819329
0.00698867589096647
0.00698867589096647
0.00698867589096647
0.00349433794548324
0.00349433794548324
0.00349433794548324
0.00349433794548324
0.00349433794548324
0.00349433794548324
0
0
0
0
0
0
0
0
0
0
17.946222963487
