0
0
0.0150317208563649
0.0425898757597005
0.125264340469707
0.258044541367597
0.418382897168823
0.513583795925801
0.578721252970049
0.558678958494895
0.53112080359156
0.468488633356706
0.410867036740641
0.370782447790334
0.323181998411845
0.288107983080327
0.268065688605174
0.23549696008305
0.207938805179714
0.180380650276379
0.150317208563649
0.135285487707284
0.117748480041525
0.10271675918516
0.0851797515194011
0.0776638910912186
0.0701480306630362
0.0601268834254596
0.0526110229972771
0.0526110229972771
0.050105736187883
0.0450951625690947
0.0375793021409122
0.0325687285221239
0.0250528680939415
0.017537007665759
0.0150317208563649
0.00751586042818245
0.0050105736187883
0.0050105736187883
0.0050105736187883
0.0050105736187883
0.0050105736187883
0.0050105736187883
0.0050105736187883
0.00250528680939415
0.00250528680939415
0.00250528680939415
0.00250528680939415
0.00250528680939415
0.00250528680939415
0.00250528680939415
0.00250528680939415
0.00250528680939415
0.00250528680939415
0
0
0
0
0
0
20.1591421937029
