0
0
0.0122915858745447
0.0635065270184808
0.254026108073923
0.504979319679211
0.629943776070415
0.650429752527989
0.612530696081476
0.567461547874813
0.524440997313906
0.475274653815727
0.4332784020777
0.383087759756642
0.344164404487251
0.305241049217859
0.276560682177255
0.242758821022257
0.217151350450289
0.195641075169836
0.165936409306353
0.148523329317415
0.133158846974234
0.119842962276811
0.103454181110751
0.0839925034760553
0.0706766187786319
0.0594093317269659
0.0522392399668149
0.0440448493837851
0.0409719529151489
0.0348261599778766
0.029704665863483
0.0276560682177255
0.0225345741033319
0.0194616776346957
0.018437378811817
0.0143401835203021
0.0122915858745447
0.011267287051666
0.0102429882287872
0.00717009176015106
0.00717009176015106
0.00614579293727234
0.00614579293727234
0.00307289646863617
0.00204859764575745
0.00204859764575745
0.00204859764575745
0.00204859764575745
0.00102429882287872
0.00102429882287872
0.00102429882287872
0.00102429882287872
0.00102429882287872
0.00102429882287872
0.00102429882287872
0.00102429882287872
0.00102429882287872
0.00102429882287872
0.00102429882287872
54.306157361038
