0
0
0.0244316897331042
0.0910635708233883
0.248759022737061
0.457538916819951
0.590802679000519
0.624118619545661
0.606350117921585
0.555265675752368
0.499739108177131
0.441991477898885
0.399791286541705
0.362033220590544
0.313169841124335
0.262085398955117
0.219885207597938
0.177685016240758
0.151032263804644
0.131042699477559
0.119937385962511
0.106611009744455
0.0999478216354261
0.0888425081203788
0.0777371946053314
0.0732950691993125
0.0732950691993125
0.0644108183872746
0.0599686929812557
0.0488633794662083
0.0399791286541705
0.0333159405451421
0.0266527524361136
0.0244316897331042
0.0222106270300947
0.0222106270300947
0.0222106270300947
0.0222106270300947
0.0199895643270852
0.0177685016240758
0.0177685016240758
0.0155474389210663
0.0133263762180568
0.0133263762180568
0.00666318810902841
0.00444212540601894
0.00444212540601894
0.00222106270300947
0.00222106270300947
0.00222106270300947
0.00222106270300947
0.00222106270300947
0.00222106270300947
0.00222106270300947
0.00222106270300947
0.00222106270300947
0.00222106270300947
0.00222106270300947
0.00222106270300947
0.00222106270300947
0.00222106270300947
35.0048834683845
