0
0
0.00492260525094058
0.017229118378292
0.0246130262547029
0.0443034472584652
0.0615325656367572
0.0861455918914601
0.110758618146163
0.135371644400866
0.171060532470185
0.196904210037623
0.237515703357883
0.284280453241818
0.312585433434727
0.3396597623149
0.3396597623149
0.345813018878575
0.345813018878575
0.343351716253105
0.340890413627635
0.329814551813019
0.328583900500283
0.307662828183786
0.278127196678143
0.251052867797969
0.223978538917796
0.184597696910272
0.17229118378292
0.152600762779158
0.141524900964542
0.12429578258625
0.110758618146163
0.0947601510806061
0.0898375458296655
0.0787616840150492
0.0652245195749626
0.0615325656367572
0.0590712630112869
0.051687355134876
0.04307279594573
0.04307279594573
0.0406114933202598
0.0369195393820543
0.034458236756584
0.0270743288801732
0.0233823749419677
0.0209210723164974
0.0135371644400866
0.0110758618146163
0.00615325656367572
0.00615325656367572
0.00615325656367572
0.00615325656367572
0.00492260525094058
0.00492260525094058
0.00492260525094058
0.00492260525094058
0.00369195393820543
0.00369195393820543
0.00492260525094058
4.08242855327861
