0
0
0.00486695293389638
0.0474527911054897
0.264032196663879
0.492778984557009
0.609585854970522
0.641221049040849
0.63270388140653
0.580384137367144
0.526847655094284
0.479394863988794
0.424641643482459
0.388139496478237
0.341903443606221
0.30296782013505
0.267682411364301
0.236047217293975
0.205628761457122
0.177643782087218
0.158175970351632
0.138708158616047
0.122890561580884
0.110723179246143
0.0997725351448759
0.088821891043609
0.0803047234092903
0.076654508708868
0.0644871263741271
0.0596201734402307
0.0535364822728602
0.0486695293389638
0.037718885237697
0.0352854087707488
0.0292017176033783
0.0243347646694819
0.0206845499690596
0.0206845499690596
0.0194678117355855
0.0182510735021114
0.0146008588016892
0.012167382334741
0.0109506441012669
0.00973390586779277
0.00730042940084458
0.00486695293389638
0.00365021470042229
0.00243347646694819
0.00243347646694819
0.00243347646694819
0.00243347646694819
0.00243347646694819
0.00243347646694819
0.00243347646694819
0.00243347646694819
0.00243347646694819
0.00243347646694819
0.00243347646694819
0.0012167382334741
0.0012167382334741
0.0012167382334741
80.8852130293597
