0
0
0.0185681754317855
0.0905198552299545
0.273880587618837
0.445636210362853
0.580255482243298
0.610428767319949
0.598823657675083
0.529192999805888
0.473488473510531
0.438673144575933
0.392252705996469
0.33422715777214
0.299411828837542
0.264596499902944
0.234423214826292
0.201928907820668
0.185681754317855
0.16015051309915
0.134619271880445
0.113730074519686
0.097482921016874
0.0858778113720081
0.0858778113720081
0.0742727017271421
0.0673096359402225
0.0580255482243298
0.0464204385794638
0.0394573727925442
0.0394573727925442
0.0348153289345979
0.0348153289345979
0.0301732850766515
0.0255312412187051
0.0208891973607587
0.0208891973607587
0.0139261315738391
0.011605109644866
0.011605109644866
0.011605109644866
0.011605109644866
0.00928408771589277
0.00928408771589277
0.00928408771589277
0.00464204385794638
0.00232102192897319
0.00232102192897319
0.00232102192897319
0.00232102192897319
0.00232102192897319
0.00232102192897319
0.00232102192897319
0.00232102192897319
0.00232102192897319
0
0
0
0
0
0
42.8568848485381
