0
0
0.00345215293561633
0.0276172234849306
0.0483301410986286
0.107016741004106
0.148442576231502
0.260637546639033
0.39527151112807
0.490205716857519
0.557522699102037
0.552344469698613
0.548892316762996
0.538535857956147
0.502288252132176
0.434971269887658
0.409080122870535
0.359023905304098
0.333132758286976
0.288254770123964
0.255459317235608
0.233020323154102
0.208855252604788
0.182964105587665
0.163977264441776
0.14153827036027
0.119099276278763
0.100112435132874
0.0966602821972572
0.0880298998582164
0.0828516704547919
0.0707691351801348
0.0604126763732858
0.0569605234376694
0.0466040646308205
0.0379736822917796
0.0345215293561633
0.0258911470171225
0.0241650705493143
0.020712917613698
0.020712917613698
0.020712917613698
0.0189868411458898
0.0138086117424653
0.0138086117424653
0.0120825352746572
0.00863038233904082
0.00863038233904082
0.00690430587123266
0.00690430587123266
0.00690430587123266
0.00517822940342449
0.00517822940342449
0.00345215293561633
0.00345215293561633
0.00345215293561633
0.00345215293561633
0.00345215293561633
0.00345215293561633
0.00345215293561633
0.00345215293561633
10.4871346684112
