0
0
0.0156407787632305
0.0703835044345373
0.254944693840657
0.484864141660146
0.606862216013344
0.635015617787159
0.633451539910836
0.566196191228944
0.531786477949837
0.469223362896915
0.38945539120444
0.344097132791071
0.298738874377703
0.25650877171698
0.228355369943165
0.203330123921997
0.181433033653474
0.159535943384951
0.140767008869075
0.118869918600552
0.111049529218937
0.0969728283320292
0.0844602053214447
0.0703835044345373
0.0563068035476298
0.0500504920423376
0.0422301026607224
0.0391019469080763
0.0375378690317532
0.0328456354027841
0.0328456354027841
0.029717479650138
0.0265893238974919
0.0218970902685227
0.0218970902685227
0.0218970902685227
0.0218970902685227
0.0187689345158766
0.0172048566395536
0.0140767008869075
0.0125126230105844
0.0125126230105844
0.00782038938161525
0.0062563115052922
0.00469223362896915
0.00469223362896915
0.00469223362896915
0.00469223362896915
0.00469223362896915
0.00469223362896915
0.0031281557526461
0.0031281557526461
0.0031281557526461
0.0031281557526461
0.0031281557526461
0.0031281557526461
0.0031281557526461
0.0031281557526461
0.0031281557526461
62.9809881298333
