0
0
0.00559655982987273
0.0705166538563964
0.317884598336771
0.545104927429604
0.64248506846939
0.636888508639517
0.597712589830408
0.56861047871507
0.511525568450368
0.451082722287742
0.389520564159142
0.348106021418084
0.303333542779102
0.265276935935968
0.230578264990757
0.200356841909444
0.164538858998258
0.139913995746818
0.129840188053047
0.116408444461353
0.108573260699531
0.0917835812099128
0.0794711495841928
0.0772325256522437
0.071635965822371
0.0671587179584728
0.0626814700945746
0.0559655982987273
0.0514883504348291
0.0391759188091091
0.03693729487716
0.0335793589792364
0.0302214230813128
0.0291021111153382
0.02462486325144
0.0223862393194909
0.0201476153875418
0.0179089914555927
0.0179089914555927
0.0156703675236437
0.0111931196597455
0.0111931196597455
0.0100738076937709
0.00895449572779637
0.00783518376182183
0.00671587179584728
0.00559655982987273
0.00559655982987273
0.00559655982987273
0.00559655982987273
0.00447724786389819
0.00447724786389819
0.00447724786389819
0.00447724786389819
0.00335793589792364
0.00111931196597455
0.00111931196597455
0.00111931196597455
0.00111931196597455
100.915033334113
