0
0
0.0141105476621252
0.0538766365281146
0.20396155257072
0.411771436322019
0.56827023766559
0.620864097133511
0.636257421855829
0.614450211832545
0.547745804702498
0.492586391114191
0.43614420046569
0.389964226298734
0.341218698011392
0.286059284423085
0.248858749677482
0.212940991992072
0.180871565487242
0.162912686644537
0.148802138982412
0.137257145440673
0.124429374838741
0.102622164815456
0.0987738336348768
0.0872288400931379
0.069269961250433
0.0590077447688874
0.0513110824077282
0.0410488659261825
0.0372005347456029
0.0320694265048301
0.0243727641436709
0.0243727641436709
0.0243727641436709
0.0230899870834777
0.0205244329630913
0.0192416559028981
0.0166761017825117
0.0141105476621252
0.0102622164815456
0.0102622164815456
0.00897943942135243
0.00769666236115923
0.00769666236115923
0.00384833118057961
0.00384833118057961
0.00384833118057961
0.00384833118057961
0.00384833118057961
0.00384833118057961
0.00384833118057961
0.00384833118057961
0.00256555412038641
0.00256555412038641
0.00256555412038641
0.00256555412038641
0.00256555412038641
0.00256555412038641
0.00256555412038641
0.00256555412038641
44.5429627606646
