0
0
0.00226383127550406
0.0181106502040325
0.0588596131631055
0.182238417678077
0.365608750993905
0.525208855916942
0.604442950559584
0.606706781835088
0.581804637804543
0.539923759207718
0.477668399131356
0.415413039054995
0.375795991733674
0.336178944412353
0.302221475279792
0.266000174871727
0.233174621376918
0.213932055535134
0.192425658417845
0.16186393619854
0.141489454719004
0.118851141963963
0.0996085761221786
0.0837617571936502
0.0724426008161299
0.0645191913518657
0.0565957818876015
0.0475404567855852
0.0441447098723291
0.039617047321321
0.0305617222193048
0.0294298065815528
0.0249021440305446
0.0215063971172886
0.0192425658417845
0.0181106502040325
0.0158468189285284
0.0147149032907764
0.0135829876530244
0.0135829876530244
0.0101872407397683
0.0101872407397683
0.0079234094642642
0.0079234094642642
0.0079234094642642
0.00679149382651218
0.00452766255100812
0.00452766255100812
0.00452766255100812
0.00226383127550406
0.00226383127550406
0.00226383127550406
0.00226383127550406
0.00226383127550406
0.00226383127550406
0.00113191563775203
0.00113191563775203
0.00113191563775203
0.00113191563775203
32.137882008239
