0
0
0.0074440741484954
0.0347390126929785
0.126549260524422
0.265505311296336
0.409424078167247
0.56574963528565
0.627783586523112
0.627783586523112
0.607932722127124
0.545898770889663
0.459051239157216
0.399498645969253
0.342427410830788
0.285356175692324
0.245654446900348
0.228284940553859
0.208434076157871
0.181139137613388
0.163769631266899
0.141437408821413
0.124067902474923
0.114142470276929
0.101735680029437
0.101735680029437
0.0818848156334494
0.0794034575839509
0.0719593834354555
0.0595525931879632
0.0521085190394678
0.0421830868414739
0.037220370742477
0.0297762965939816
0.0297762965939816
0.0297762965939816
0.0297762965939816
0.0248135804949847
0.0223322224454862
0.0198508643959877
0.0173695063464893
0.0148881482969908
0.00992543219799387
0.00496271609899693
0.00496271609899693
0.00496271609899693
0.00496271609899693
0
0
0
0
0
0
0
0
0
0
0
0
0
0
24.446776021774
