0
0
0.00853582458266995
0.0963328774329894
0.323141930629648
0.554828597873547
0.623115194534906
0.634089826141196
0.607262948881376
0.548731580314497
0.478006176629517
0.434107650204357
0.381673299196528
0.341432983306798
0.312167299023358
0.275585193669058
0.249977719921048
0.226809053196659
0.192665754865979
0.169497088141589
0.145109017905389
0.126817965228239
0.117062737133759
0.102429894992039
0.0914552633857494
0.0817000352912695
0.0731642107085995
0.0634089826141196
0.0560925615432597
0.0536537545196397
0.0487761404723997
0.0414597194015397
0.0378015088661098
0.0365821053542998
0.0317044913070598
0.0304850877952498
0.0256074737480098
0.0195104561889599
0.0158522456535299
0.0121940351180999
0.0121940351180999
0.0109746316062899
0.00853582458266995
0.00731642107085996
0.00731642107085996
0.00731642107085996
0.00609701755904996
0.00487761404723997
0.00365821053542998
0.00365821053542998
0.00365821053542998
0.00243880702361999
0.00243880702361999
0.00243880702361999
0.00243880702361999
0.00243880702361999
0.00243880702361999
0.00243880702361999
0.00243880702361999
0.00243880702361999
0.00243880702361999
77.0824375856998
