0
0
0.00449597967261296
0.0427118068898231
0.173095217395599
0.361926363645343
0.544013540386168
0.631685144002121
0.64517308301996
0.622693184656895
0.553005499731394
0.510293692841571
0.463085906279135
0.413630129880392
0.35743038397273
0.328206516100746
0.303478627901375
0.256270841338939
0.233790942975874
0.206815064940196
0.184335166577131
0.164103258050373
0.146119339359921
0.125887430833163
0.114647481651631
0.0966635629611787
0.0831756239433398
0.0764316544344203
0.0651917052528879
0.0539517560713555
0.0472077865624361
0.0449597967261296
0.0359678373809037
0.0337198475445972
0.0314718577082907
0.0314718577082907
0.0269758780356778
0.0224798983630648
0.0224798983630648
0.0202319085267583
0.0179839186904518
0.0179839186904518
0.0134879390178389
0.0112399491815324
0.0112399491815324
0.0112399491815324
0.0112399491815324
0.00674396950891944
0.00674396950891944
0.00674396950891944
0.00674396950891944
0.00674396950891944
0.00674396950891944
0.00674396950891944
0.00674396950891944
0.00449597967261296
0.00449597967261296
0.00224798983630648
0.00224798983630648
0.00224798983630648
0.00224798983630648
37.8769537394196
