0
0
0.0146646558835268
0.0762562105943393
0.222902769429607
0.41061036473875
0.592452097694482
0.642311927698473
0.665775377112116
0.61298261593142
0.557256923574018
0.495665368863206
0.44873847003592
0.401811571208634
0.363683465911464
0.343152947674527
0.319689498260884
0.272762599433598
0.249299150019955
0.205305182369375
0.184774664132438
0.155445352365384
0.134914834128446
0.114384315891509
0.0967867288312768
0.0938537976545715
0.0762562105943393
0.0674574170642232
0.0615915547108125
0.0586586235341072
0.0586586235341072
0.0557256923574018
0.0498598300039911
0.041061036473875
0.0381281052971697
0.0293293117670536
0.0263963805903482
0.0234634494136429
0.0205305182369375
0.0205305182369375
0.0205305182369375
0.0146646558835268
0.0117317247068214
0.00879879353011608
0.00586586235341072
0.00586586235341072
0.00586586235341072
0.00586586235341072
0.00586586235341072
0.00293293117670536
0.00293293117670536
0.00293293117670536
0.00293293117670536
0.00293293117670536
0.00293293117670536
0.00293293117670536
0.00293293117670536
0.00293293117670536
0.00293293117670536
0.00293293117670536
0.00293293117670536
30.848763188501
