0
0
0.0146471222509091
0.0355715826093506
0.100437409720519
0.225984171871168
0.391287408702857
0.531481293104415
0.621456472645713
0.650750717147531
0.640288486968311
0.592162228143895
0.502187048602597
0.445691005634805
0.393379854738701
0.347346041950129
0.303404675197402
0.24690863222961
0.217614387727792
0.192505035297662
0.179950359082597
0.159025898724156
0.138101438365714
0.125546762150649
0.102529855756363
0.0941600716129869
0.0857902874696103
0.0774205033262337
0.0669582731470129
0.0585884890036363
0.0502187048602597
0.0481262588244155
0.0397564746810389
0.0355715826093506
0.0313866905376623
0.0313866905376623
0.0313866905376623
0.0251093524301298
0.0209244603584415
0.0209244603584415
0.0209244603584415
0.0167395682867532
0.0167395682867532
0.0104622301792208
0.00836978414337661
0.00836978414337661
0.00627733810753246
0.00627733810753246
0.00418489207168831
0.00209244603584415
0
0
0
0
0
0
0
0
0
0
0
21.7768545700272
