0
0
0.0262968509487179
0.136962765357906
0.371443019650641
0.543468252940171
0.607018976066239
0.599349061206196
0.584009231486111
0.531415529588675
0.473343317076923
0.427323827916666
0.370347317527777
0.329806338981837
0.29693527529594
0.25968140311859
0.235575956415598
0.214757616081196
0.186269360886752
0.16545102055235
0.144632680217949
0.123814339883547
0.106283105917735
0.0876561698290598
0.0766991486004273
0.0701249358632478
0.0602636167574786
0.0504022976517094
0.0427323827916666
0.0372538721773504
0.0328710636858974
0.0262968509487179
0.0241054467029914
0.0219140424572649
0.0197226382115384
0.0164355318429487
0.0153398297200855
0.0120527233514957
0.0120527233514957
0.0120527233514957
0.00766991486004273
0.00657421273717948
0.00547851061431624
0.00438280849145299
0.00328710636858974
0.00219140424572649
0.00219140424572649
0.00109570212286325
0.00109570212286325
0
0
0
0
0
0
0
0
0
0
0
0
65.201253791634
