0
0
0.00796776245061189
0.0265592081687063
0.0942851889989074
0.199194061265297
0.391748320488418
0.548447648683785
0.613517708697116
0.620157510739292
0.585630540119974
0.525872321740385
0.48470554907889
0.443538776417395
0.397060162122159
0.358549310277535
0.322694379249782
0.288167408630463
0.262936160870192
0.243016754743663
0.21247366534965
0.184586496772509
0.163339130237544
0.142091763702579
0.123500317984484
0.10490887226639
0.0903013077736014
0.0783496640976836
0.071709862055507
0.0571022975627186
0.0491345351121067
0.0438226934783654
0.0385108518446241
0.0318710498024476
0.0292151289855769
0.0225753269434004
0.0199194061265297
0.0159355249012238
0.0146075644927885
0.0132796040843532
0.0106236832674825
0.00663980204217658
0.00663980204217658
0.00663980204217658
0.00663980204217658
0.00531184163374126
0.00531184163374126
0.00398388122530595
0.00398388122530595
0.00398388122530595
0.00132796040843532
0.00132796040843532
0.00132796040843532
0.00132796040843532
0.00132796040843532
0.00132796040843532
0.00132796040843532
0
0
0
0
25.8409950396424
