0
0
0.0110407781638815
0.120444852696889
0.427579227073957
0.617279870071558
0.666461518256121
0.636350305081899
0.580142707156684
0.522931402125661
0.470738632623676
0.42256069154492
0.369364214937127
0.336241880445483
0.295089889107379
0.257952726192505
0.221819270383438
0.195722885632445
0.162600551140801
0.140518994813038
0.123455974014312
0.107396660321393
0.090333639522667
0.0843113968878226
0.0712632045123262
0.0652409618774817
0.0531964766077928
0.0421556984439113
0.0381408700206816
0.0351297487032594
0.0321186273858372
0.0281037989626075
0.0260963847509927
0.0190704350103408
0.017063020798726
0.0130481923754963
0.0100370710580741
0.00802965684645929
0.00602224263484447
0.00602224263484447
0.00602224263484447
0.00501853552903706
0.00401482842322965
0.00301112131742223
0.00301112131742223
0.00200741421161482
0.00100370710580741
0.00100370710580741
0.00100370710580741
0
0
0
0
0
0
0
0
0
0
0
0
103.639501802964
