0
0
0.00895932586700273
0.0649551125357698
0.232942472542071
0.472604439484394
0.606994327489435
0.651790956824449
0.633872305090443
0.59131550722218
0.52636039468641
0.477084102417895
0.405409495481874
0.353893371746608
0.318056068278597
0.293417922144339
0.255340787209578
0.215023820808066
0.199345000540811
0.167987360006301
0.150068708272296
0.127670393604789
0.111991573337534
0.0963127530702794
0.0806339328030246
0.0671949440025205
0.0559957866687671
0.0537559552020164
0.049276292268515
0.042556797868263
0.0358373034680109
0.0335974720012602
0.0223983146675068
0.0201584832007561
0.0179186517340055
0.0179186517340055
0.0179186517340055
0.0179186517340055
0.0111991573337534
0.0111991573337534
0.0111991573337534
0.0111991573337534
0.00895932586700273
0.00895932586700273
0.00895932586700273
0.00895932586700273
0.00895932586700273
0.00895932586700273
0.00671949440025205
0.00447966293350137
0.00447966293350137
0.00447966293350137
0.00447966293350137
0.00447966293350137
0.00447966293350137
0.00447966293350137
0.00447966293350137
0.00447966293350137
0.00447966293350137
0.00223983146675068
0.00223983146675068
51.2223117897735
