0
0
0.00693212771233129
0.0311945747054908
0.0843408871666973
0.164060355858507
0.310790392436186
0.465607911344918
0.568434472411166
0.623891494109816
0.607716529447709
0.562657699317556
0.491025712956799
0.439034755114315
0.407840180408824
0.359315286422505
0.310790392436186
0.277285108493251
0.236847696837986
0.210274540607382
0.179079965901892
0.160594292002341
0.138642554246626
0.114380107253466
0.0993604972100818
0.0820301779292536
0.0762534048356442
0.0693212771233129
0.0589230855548159
0.0543016670799284
0.0427481208927096
0.039282057036544
0.0335052839429346
0.0300392200867689
0.0265731562306033
0.0242624469931595
0.0242624469931595
0.0231070923744376
0.0231070923744376
0.0207963831369939
0.0173303192808282
0.0161749646621063
0.0150196100433845
0.0127089008059407
0.0115535461872188
0.00924283694977505
0.00693212771233129
0.00693212771233129
0.00693212771233129
0.00577677309360941
0.00462141847488752
0.00462141847488752
0.00231070923744376
0.00115535461872188
0.00115535461872188
0.00115535461872188
0.00115535461872188
0.00115535461872188
0.00115535461872188
0.00115535461872188
0.00115535461872188
20.6331179898735
