0
0
0.0268323611090732
0.190265833318882
0.448832222188133
0.575676111067388
0.602508472176461
0.581774374955813
0.545184791625259
0.50981486107239
0.468346666631095
0.4268784721898
0.371994097193969
0.314670416642767
0.282959444422953
0.250028819425454
0.220757152761011
0.200023055540364
0.176849652764346
0.150017291655273
0.12806354165694
0.110988402769348
0.093913263881756
0.0804970833272195
0.0670809027726829
0.0561040277735166
0.051225416662776
0.0463468055520354
0.0414681944412949
0.0390288888859246
0.034150277775184
0.0304913194421286
0.025612708331388
0.0219537499983326
0.0231734027760177
0.0231734027760177
0.0195144444429623
0.0158554861099069
0.0158554861099069
0.0146358333322217
0.0121965277768514
0.0121965277768514
0.0121965277768514
0.00975722222148115
0.00609826388842572
0.00487861111074057
0.00487861111074057
0.00487861111074057
0.00365895833305543
0.00365895833305543
0.00121965277768514
0.00121965277768514
0.00121965277768514
0.00121965277768514
0.00121965277768514
0.00121965277768514
0.00121965277768514
0.00121965277768514
0.00121965277768514
0.00121965277768514
0
93.1924881392427
