0
0
0.0146313515270184
0.105795926426133
0.362407322438456
0.564995266658711
0.639277512872804
0.62014420702978
0.589756015396742
0.509846326287641
0.46932873744359
0.425434682862535
0.383791605439483
0.337646573700425
0.296003496277372
0.258862373170326
0.228474181537287
0.198085989904249
0.16657230969221
0.145188026691183
0.136184118059171
0.121552766532153
0.101293972110127
0.0945410406361189
0.0765332233720963
0.0686548033190864
0.0585254061080736
0.0506469860550637
0.0450195431600566
0.0393921002650495
0.0315136802120396
0.0281372144750354
0.0236352601590297
0.0225097715800283
0.0191333058430241
0.0157568401060198
0.0123803743690156
0.0112548857900142
0.00787842005300991
0.00450195431600566
0.00337646573700425
0.00337646573700425
0.00337646573700425
0.00337646573700425
0.00337646573700425
0.00337646573700425
0.00337646573700425
0.00337646573700425
0.00337646573700425
0.00225097715800283
0.00225097715800283
0.00225097715800283
0.00225097715800283
0.00225097715800283
0.00225097715800283
0.00225097715800283
0.00225097715800283
0.00112548857900142
0.00112548857900142
0.00112548857900142
0.00112548857900142
78.962031109918
