0
0
0.0109233902702951
0.0286738994595248
0.0464244086487544
0.106503055135378
0.18023593945987
0.256699671351936
0.364568150271101
0.465609510271331
0.536611547028249
0.546169513514758
0.532515275676888
0.50111052864979
0.46151323891997
0.426012220541511
0.385049507027904
0.335894250811576
0.301758656216904
0.277181028108739
0.243045433514067
0.217102381622116
0.191159329730165
0.170677972973362
0.154292887567919
0.135176954594902
0.120157292973247
0.107868478919165
0.0955796648650826
0.0819254270272136
0.0723674605407054
0.0614440702704102
0.0491552562163282
0.0423281372973937
0.0368664421622461
0.0341355945946723
0.0273084756757379
0.0232122043243772
0.0177505091892296
0.0150196616216558
0.0136542378378689
0.012288814054082
0.012288814054082
0.00682711891893447
0.00682711891893447
0.00409627135136068
0.00409627135136068
0.00409627135136068
0.00409627135136068
0.00273084756757379
0.00273084756757379
0.00273084756757379
0.00136542378378689
0
0
0
0
0
0
0
0
13.0095591069485
