0
0
0.0105150932433621
0.0657193327710129
0.312824023990021
0.555985555242769
0.626962434635463
0.628276821290883
0.600674701527058
0.553356781931929
0.512610795613901
0.442948302876627
0.387744063348976
0.343054917064687
0.30625209071292
0.266820491050312
0.236589597975646
0.207673091556401
0.182699745103416
0.165612718582953
0.15115446537333
0.135381825508287
0.115666025676983
0.10120777246736
0.0946358391902586
0.0801775859806358
0.0775488126697952
0.0683481060818534
0.0630905594601724
0.0552042395276508
0.0499466929059698
0.0473179195951293
0.0381172130071875
0.0341740530409267
0.0289165064192457
0.0262877331084052
0.0197157998313039
0.0170870265204634
0.0131438665542026
0.0131438665542026
0.0118294798987823
0.00657193327710129
0.00657193327710129
0.00657193327710129
0.00657193327710129
0.00525754662168103
0.00394315996626078
0.00394315996626078
0.00394315996626078
0.00394315996626078
0.00394315996626078
0.00394315996626078
0.00394315996626078
0.00394315996626078
0.00394315996626078
0.00394315996626078
0.00394315996626078
0.00394315996626078
0.00394315996626078
0.00394315996626078
0.00394315996626078
81.9930038328837
