0
0
0.0118703990853935
0.0308630376220231
0.135322549573486
0.249278380793263
0.439204766159559
0.553160597379337
0.574527315733045
0.560282836830573
0.541290198293943
0.493808601952369
0.453449245062031
0.415463967988772
0.341867493659332
0.315752615671467
0.282515498232365
0.254026540427421
0.230285742256634
0.201796784451689
0.173307826646745
0.154315188110115
0.142444789024722
0.123452150488092
0.102085432134384
0.102085432134384
0.0830927935977544
0.0641001550611248
0.0593519954269674
0.0427334367074166
0.0356111972561805
0.0308630376220231
0.0284889578049444
0.0261148779878657
0.0166185587195509
0.0166185587195509
0.0142444789024722
0.0142444789024722
0.0142444789024722
0.0118703990853935
0.00712223945123609
0.00712223945123609
0.00712223945123609
0.00712223945123609
0.00712223945123609
0.0047481596341574
0.0047481596341574
0.0047481596341574
0.0047481596341574
0.0047481596341574
0.0047481596341574
0.0023740798170787
0.0023740798170787
0.0023740798170787
0.0023740798170787
0.0023740798170787
0.0023740798170787
0.0023740798170787
0
0
0
24.6093269111462
