0
0
0.00619830257673259
0.0268593111658412
0.0857431856448009
0.210742287608908
0.399790516199252
0.548549778040834
0.612598904667071
0.613631955096527
0.587805694360141
0.551648929329201
0.503095559144796
0.44111253337747
0.395658314481431
0.338840540861382
0.297518523683165
0.266527010799502
0.234502447486383
0.20351093460272
0.179750774725245
0.151858413129949
0.137395707117572
0.126032152393563
0.10847029509282
0.090908437792078
0.0826440343564346
0.0723135300618803
0.0609499753378705
0.0557847231905933
0.052685571902227
0.0444211684665836
0.0392559163193064
0.030991512883663
0.0289254120247521
0.0227271094480195
0.0175618573007423
0.0165288068712869
0.0144627060123761
0.0134296555829206
0.0113635547240098
0.00929745386509889
0.00723135300618803
0.00516525214727716
0.00413220171782173
0.00413220171782173
0.00413220171782173
0.0030991512883663
0.0030991512883663
0.00206610085891086
0.00206610085891086
0.00103305042945543
0.00103305042945543
0.00103305042945543
0.00103305042945543
0.00103305042945543
0.00103305042945543
0.00103305042945543
0.00103305042945543
0.00103305042945543
0.00103305042945543
29.3632131572172
