0
0
0.0098198917088741
0.0403706659142602
0.151662771948167
0.369882587700924
0.536820746751784
0.594648997926265
0.625199772131651
0.602286691477611
0.545549539381894
0.487721288207413
0.436439631505515
0.387340172961145
0.34260511073183
0.314236534683971
0.282594661399821
0.258590481667018
0.230221905619159
0.202944428650065
0.182213546153553
0.157118267341986
0.130931889451655
0.113474304191434
0.098198917088741
0.0894701244586306
0.0731036382771738
0.0632837465682997
0.056737152095717
0.0512816567018981
0.0469172603868429
0.0392795668354964
0.0349151705204412
0.0316418732841499
0.0240041797328033
0.0196397834177482
0.0185486843389844
0.015275387102693
0.015275387102693
0.0109109907876379
0.0098198917088741
0.0098198917088741
0.00872879263011031
0.00763769355134652
0.00545549539381894
0.00545549539381894
0.00436439631505515
0.00436439631505515
0.00436439631505515
0.00436439631505515
0.00436439631505515
0.00327329723629137
0.00109109907876379
0.00109109907876379
0.00109109907876379
0.00109109907876379
0.00109109907876379
0
0
0
0
39.0133057712638
