0
0
0.0219088739628906
0.153362117740234
0.419007214540282
0.58195446463928
0.629880126433103
0.633988040301145
0.617556384828977
0.566892113789793
0.51896645199597
0.479256617938231
0.427223042276366
0.376558771237181
0.334110327934081
0.299877712367064
0.250582745950561
0.213611521138183
0.179378905571166
0.157470031608276
0.132822548400024
0.117760197550537
0.0999592374556881
0.0890048004742429
0.0780503634927976
0.068465231134033
0.0575107941525877
0.0534028802845457
0.0465563571711424
0.0369712248123778
0.0314940063216552
0.0301247016989745
0.0287553970762939
0.0273860924536132
0.0260167878309325
0.0232781785855712
0.0178009600948486
0.0164316554721679
0.0123237416041259
0.0109544369814453
0.0109544369814453
0.00958513235876462
0.00958513235876462
0.00958513235876462
0.00958513235876462
0.00821582773608396
0.0068465231134033
0.00547721849072264
0.00410791386804198
0.00410791386804198
0.00410791386804198
0.00273860924536132
0.00273860924536132
0.00136930462268066
0.00136930462268066
0.00136930462268066
0.00136930462268066
0.00136930462268066
0.00136930462268066
0.00136930462268066
0
79.886947075651
