0
0
0.0068360233427957
0.0432948145043728
0.166343234674695
0.407882726120143
0.583340658585233
0.644864868670394
0.640307519775197
0.610684751956416
0.578783309690036
0.510423076262079
0.467128261757706
0.421554772805735
0.378259958301362
0.330407794901792
0.296227678187814
0.246096840340645
0.20735937473147
0.168621909122294
0.148113839093907
0.132163117960717
0.113933722379928
0.100261675694337
0.0865896290087455
0.0638028845327598
0.0501308378471685
0.0432948145043728
0.0410161400567742
0.0319014422663799
0.0273440933711828
0.0227867444759857
0.0182293955807885
0.0182293955807885
0.0113933722379928
0.0113933722379928
0.0113933722379928
0.0068360233427957
0.0068360233427957
0.00455734889519713
0.00455734889519713
0.00455734889519713
0.00455734889519713
0.00227867444759857
0.00227867444759857
0.00227867444759857
0.00227867444759857
0
0
0
0
0
0
0
0
0
0
0
0
0
0
43.8503989068605
