0
0
0.00950643421024595
0.0356491282884223
0.102194167760144
0.235284246703587
0.406400062488014
0.54424335853658
0.608411789455741
0.603658572350618
0.551373184194265
0.491957970380228
0.449179016434121
0.396893628277768
0.354114674331661
0.33510180591117
0.285193026307378
0.24003746380871
0.221024595388218
0.194881901310042
0.163985990126743
0.154479555916497
0.133090078943443
0.118830427628074
0.104570776312705
0.087934516444775
0.0689216480242831
0.0594152138140372
0.0522853881563527
0.0404023453935453
0.0356491282884223
0.0308959111832993
0.0285193026307378
0.0261426940781764
0.0237660855256149
0.0213894769730534
0.0213894769730534
0.0166362598679304
0.0166362598679304
0.0142596513153689
0.0142596513153689
0.0142596513153689
0.0118830427628074
0.00950643421024595
0.00712982565768446
0.00475321710512297
0.00475321710512297
0.00475321710512297
0.00475321710512297
0.00475321710512297
0.00475321710512297
0.00237660855256149
0.00237660855256149
0.00237660855256149
0.00237660855256149
0.00237660855256149
0.00237660855256149
0.00237660855256149
0.00237660855256149
0.00237660855256149
0.00237660855256149
18.5957468355636
