0
0
0.0137394107560144
0.072622599710362
0.180575112793332
0.36311299855181
0.516209289833114
0.59472020843891
0.569204159892026
0.563315840996592
0.514246516867969
0.459288873843911
0.441623917157607
0.392554593028984
0.329745858144346
0.294415944771738
0.257123258433984
0.217867799131086
0.198240069479637
0.174686793897898
0.145245199420724
0.121691923838985
0.107952513082971
0.0902875563966662
0.0824364645360866
0.0765481456406518
0.0686970537800721
0.0588831889543476
0.0549576430240577
0.0510320970937679
0.0431810052331882
0.0412182322680433
0.0372926863377534
0.0333671404074636
0.0294415944771738
0.0294415944771738
0.0255160485468839
0.023553275581739
0.023553275581739
0.023553275581739
0.023553275581739
0.0176649566863043
0.0157021837211593
0.0137394107560144
0.0117766377908695
0.00785109186057967
0.00785109186057967
0.00785109186057967
0.00785109186057967
0.00785109186057967
0.00785109186057967
0.00785109186057967
0.00785109186057967
0.00785109186057967
0.00785109186057967
0.00785109186057967
0.00785109186057967
0.00785109186057967
0.00785109186057967
0.00588831889543476
0.00588831889543476
32.0903162796076
