0
0
0.00688466313813523
0.0292598183370747
0.0826159576576227
0.19449173365232
0.347675488475829
0.516349735360142
0.626504345570306
0.635110174492975
0.595523361448697
0.524955564282811
0.493974580161202
0.433733777702519
0.385541135735573
0.358002483183032
0.306367509647018
0.273665359740875
0.247847872972868
0.220309220420327
0.197934065221388
0.184164738945117
0.165231915315245
0.151462589038975
0.142856760116306
0.1222027707019
0.104991112856562
0.0963852839338932
0.0895006207957579
0.0860582892266903
0.0757312945194875
0.061961968243217
0.0567984708896156
0.0550773051050818
0.0481926419669466
0.0430291446133452
0.0430291446133452
0.0395868130442775
0.0361444814752099
0.0292598183370747
0.0240963209834733
0.0206539894144057
0.0172116578453381
0.0154904920608043
0.0103269947072028
0.00860582892266903
0.00688466313813523
0.00516349735360142
0.00516349735360142
0.00516349735360142
0.00344233156906761
0.00344233156906761
0.00172116578453381
0.00172116578453381
0.00172116578453381
0.00172116578453381
0.00172116578453381
0.00172116578453381
0.00172116578453381
0.00172116578453381
0.00172116578453381
24.6121771057302
