0
0
0.00722861675557484
0.0175552121206817
0.0289144670222994
0.0650575508001735
0.0888087201399194
0.14973563279405
0.217891162203756
0.324255094464357
0.399639240629638
0.501872534744196
0.528721682693474
0.550407532960198
0.530787001766495
0.501872534744196
0.458500834210747
0.410998495531255
0.37279009268036
0.323222434927846
0.290177329759504
0.244740310153034
0.218923821740267
0.199303290546563
0.169356163987753
0.147670313721029
0.131147761136858
0.118755846698729
0.0981026559685157
0.0888087201399194
0.0805474438478339
0.0681555294097056
0.0588615935811094
0.0526656363620452
0.0464696791429811
0.0413063814604277
0.0351104242413635
0.02994712655881
0.0278818074857887
0.0247838288762566
0.0227185098032352
0.0206531907302138
0.0185878716571924
0.0185878716571924
0.0185878716571924
0.0175552121206817
0.0154898930476604
0.0154898930476604
0.013424573974639
0.00929393582859622
0.00826127629208553
0.00826127629208553
0.00826127629208553
0.00826127629208553
0.00722861675557484
0.00722861675557484
0.00516329768255346
0.00516329768255346
0.00413063814604276
0.00413063814604276
0.00413063814604276
10.1796595291002
