0
0
0.0150757090974503
0.0603028363898012
0.13783505460526
0.29074581830797
0.480269018390203
0.58149163661594
0.607335709354427
0.58149163661594
0.549186545692833
0.508266763856896
0.450117600195302
0.396275781990122
0.351048654697771
0.310128872861835
0.262748072841277
0.243365018287412
0.204598909179683
0.185215854625818
0.159371781887332
0.144296072789882
0.124913018236017
0.120605672779602
0.109837309138567
0.0969152727693234
0.0775322182154587
0.0732248727590444
0.06891752730263
0.0559954909333869
0.0473808000205581
0.0430734545641437
0.0430734545641437
0.034458763651315
0.0301514181949006
0.0279977454666934
0.0215367272820719
0.0215367272820719
0.0193830545538647
0.0150757090974503
0.0150757090974503
0.0129220363692431
0.0129220363692431
0.0129220363692431
0.0129220363692431
0.0129220363692431
0.0107683636410359
0.00861469091282875
0.00861469091282875
0.00861469091282875
0.00861469091282875
0.00646101818462156
0.00646101818462156
0.00646101818462156
0.00646101818462156
0.00646101818462156
0.00430734545641437
0.00215367272820719
0.00215367272820719
0.00215367272820719
0.00215367272820719
29.339460008041
