0
0
0.0166160379850284
0.0598177367461021
0.219331701402374
0.408754534431697
0.581561329475992
0.584884537072998
0.574914914281981
0.54500604590893
0.488511516759834
0.441986610401754
0.385492081252658
0.342290382491584
0.312381514118533
0.265856607760454
0.229301324193391
0.192746040626329
0.179453210238306
0.162837172253278
0.136251511477232
0.112989058298193
0.103019435507176
0.0864033975221474
0.0697873595371191
0.0598177367461021
0.0498481139550851
0.0465249063580794
0.0465249063580794
0.0465249063580794
0.039878491164068
0.0365552835670624
0.029908868373051
0.029908868373051
0.0265856607760454
0.0265856607760454
0.0232624531790397
0.019939245582034
0.0132928303880227
0.0132928303880227
0.0132928303880227
0.0132928303880227
0.0132928303880227
0.0132928303880227
0.0132928303880227
0.0132928303880227
0.0132928303880227
0.0132928303880227
0.00996962279101701
0.00664641519401134
0.00664641519401134
0.00664641519401134
0.00664641519401134
0.00664641519401134
0.00664641519401134
0.00664641519401134
0.00664641519401134
0.00332320759700567
0.00332320759700567
0.00332320759700567
0.00332320759700567
31.9575645489068
