0
0
0.00378144345724597
0.0277305853531371
0.110922341412548
0.299994514274847
0.500411017508883
0.625198651598
0.635282500817323
0.613854321226262
0.581081811263464
0.52562064055719
0.465117545241254
0.402093487620488
0.356716166133536
0.311338844646585
0.277305853531371
0.252096230483065
0.230668050892004
0.202937465538867
0.173946399033315
0.149997257137423
0.141173889070516
0.132350521003609
0.117224747174625
0.108401379107718
0.0957965675835645
0.0844522372118266
0.0718474256876734
0.0579821330111048
0.0453773214869516
0.0365539534200444
0.0277305853531371
0.0264701042007218
0.0252096230483065
0.0201676984386452
0.0176467361338145
0.0151257738289839
0.0138652926765686
0.0126048115241532
0.0100838492193226
0.00756288691449194
0.00504192460966129
0.00378144345724597
0.00252096230483065
0.00252096230483065
0.00252096230483065
0.00252096230483065
0.00252096230483065
0.00252096230483065
0.00252096230483065
0.00252096230483065
0.00252096230483065
0.00252096230483065
0.00252096230483065
0.00126048115241532
0.00126048115241532
0.00126048115241532
0.00126048115241532
0.00126048115241532
0
43.6741100999894
