0
0
0.0186754694000097
0.0996025034667182
0.280132041000145
0.518763038889158
0.612140385889206
0.651566376844782
0.620440594511432
0.564414186311403
0.510462830266931
0.458586526378015
0.415010431111326
0.37558444015575
0.338233501355731
0.290507301777928
0.249006258666796
0.219955528489003
0.188829746155653
0.163929120288974
0.147328703044521
0.128653233644511
0.116202920711171
0.105827659933388
0.0892272426889351
0.0809270340667086
0.0809270340667086
0.0767769297555953
0.0622515646666989
0.0581014603555856
0.0518763038889158
0.0415010431111326
0.0373509388000193
0.0228255737111229
0.0207505215555663
0.0207505215555663
0.016600417244453
0.0145253650888964
0.0103752607777832
0.00830020862222652
0.00830020862222652
0.00830020862222652
0.00415010431111326
0.00415010431111326
0.00207505215555663
0.00207505215555663
0.00207505215555663
0.00207505215555663
0.00207505215555663
0.00207505215555663
0.00207505215555663
0.00207505215555663
0.00207505215555663
0.00207505215555663
0
0
0
0
0
0
0
44.9848077064417
