0
0
0.00448219435112232
0.0522922674297605
0.212157199286457
0.454195694247062
0.588661524780732
0.633483468291955
0.606590302185221
0.573720876943658
0.533381127783557
0.463160082949307
0.410867815519546
0.370528066359446
0.33317644676676
0.26893166106734
0.239050365393191
0.216639393637579
0.182275903612308
0.165841190991526
0.149406478370744
0.129983636182547
0.11653705312918
0.0971142109409837
0.0866557574550316
0.077691368752787
0.0672329152668349
0.0597625913482977
0.0522922674297605
0.0478100730786381
0.0463160082949307
0.037351619592686
0.0268931661067339
0.0239050365393191
0.0194228421881967
0.0164347126207819
0.013446583053367
0.0104584534859521
0.0104584534859521
0.0104584534859521
0.00896438870224465
0.00896438870224465
0.00896438870224465
0.00896438870224465
0.00747032391853721
0.00747032391853721
0.00747032391853721
0.00597625913482977
0.00597625913482977
0.00597625913482977
0.00597625913482977
0.00298812956741488
0.00298812956741488
0.00298812956741488
0.00298812956741488
0.00149406478370744
0.00149406478370744
0.00149406478370744
0.00149406478370744
0.00149406478370744
0
54.4287964861442
