0
0
0.0176225177136421
0.084588085025482
0.281960283418273
0.525151027866534
0.664368917804307
0.659082162490214
0.61150136466338
0.544535797351541
0.511053013695621
0.474045726496972
0.442325194612416
0.370072871986484
0.32249207415965
0.28900929050373
0.257288758619174
0.214994716106433
0.190323191307335
0.165651666508236
0.140980141709137
0.126882127538223
0.112784113367309
0.103972854510488
0.0933993438823031
0.0775390779400252
0.0722523226259326
0.0687278190832041
0.0616788119977473
0.0458185460554694
0.0387695389700126
0.0317205318845558
0.0299582801131916
0.0281960283418273
0.0264337765704631
0.0246715247990989
0.0229092730277347
0.0193847694850063
0.0123357623995495
0.0105735106281853
0.0105735106281853
0.0105735106281853
0.00881125885682104
0.00528675531409263
0.00528675531409263
0.00528675531409263
0.00176225177136421
0.00176225177136421
0.00176225177136421
0.00176225177136421
0.00176225177136421
0.00176225177136421
0.00176225177136421
0.00176225177136421
0
0
0
0
0
0
0
52.8827751365915
