0
0
0.0178781410497659
0.132298243768268
0.432651013404336
0.584019274292354
0.605473043552073
0.60189741534212
0.555414248612728
0.525617346863119
0.466023543363899
0.424307880914445
0.383784094534975
0.34445218422549
0.311079654265927
0.274131496096411
0.241950842206832
0.208578312247269
0.184740790847581
0.15732764123794
0.135873871978221
0.113228226648518
0.0977338377387205
0.0870069531088609
0.0786638206189701
0.0727044402690482
0.0643613077791574
0.0595938034992198
0.0548262992192822
0.0440994145894226
0.0429075385194383
0.0381400342395007
0.0357562820995319
0.0297969017496099
0.0262212735396567
0.0226456453297035
0.0190700171197503
0.0178781410497659
0.0154943889097971
0.011918760699844
0.0107268846298596
0.0107268846298596
0.00715125641990638
0.00476750427993758
0.00476750427993758
0.00476750427993758
0.00357562820995319
0.00238375213996879
0.00238375213996879
0.00238375213996879
0.00238375213996879
0.00238375213996879
0.00238375213996879
0.0011918760699844
0.0011918760699844
0.0011918760699844
0.0011918760699844
0.0011918760699844
0.0011918760699844
0.0011918760699844
0
81.2428457286978
