0
0
0.0122699217328515
0.0903512418509972
0.313440727902842
0.538761108815206
0.643613167259573
0.639151377538536
0.613496086642574
0.555492820269094
0.506413133337688
0.453987104115505
0.411600101765654
0.361404967403989
0.334634229077768
0.300055358739732
0.261014698680659
0.226435828342623
0.208588669458475
0.185164273423031
0.153931745375773
0.141661823642922
0.133853691631107
0.1148910853167
0.0959284790022933
0.0870048995602195
0.0747349778273681
0.0646959509550351
0.0580032663734797
0.0490796869314059
0.044617897210369
0.044617897210369
0.0401561074893321
0.0368097651985544
0.0334634229077767
0.0290016331867398
0.0290016331867398
0.0234243960354437
0.0223089486051845
0.020078053744666
0.0178471588841476
0.0145008165933699
0.0133853691631107
0.0133853691631107
0.010039026872333
0.00780813201181458
0.00780813201181458
0.00557723715129612
0.0044617897210369
0.00334634229077767
0.00334634229077767
0.00334634229077767
0.00334634229077767
0.00223089486051845
0.00223089486051845
0.00223089486051845
0.00223089486051845
0.00223089486051845
0.00223089486051845
0.00223089486051845
0.00223089486051845
68.5231985857851
