0
0
0.0156972231358919
0.0722072264251028
0.259004181742216
0.472486416390346
0.607482535359017
0.642016426257979
0.599633923791071
0.546263365129038
0.496032251094184
0.433243358550617
0.38772141145653
0.3484783536168
0.298247239581946
0.257434459428627
0.218191401588897
0.196215289198649
0.166390565240454
0.149123619790973
0.13499611896867
0.111450284264833
0.0941833388153514
0.0784861156794595
0.0706375041115136
0.0580797256028
0.0486613917212649
0.040812780153319
0.0361036132125514
0.032964168585373
0.0235458347038379
0.0219761123902487
0.0172669454494811
0.0156972231358919
0.00784861156794595
0.00784861156794595
0.00627888925435676
0.00627888925435676
0.00627888925435676
0.00627888925435676
0.00627888925435676
0.00627888925435676
0.00627888925435676
0.00627888925435676
0.00627888925435676
0.00313944462717838
0.00313944462717838
0.00313944462717838
0.00313944462717838
0.00313944462717838
0.00313944462717838
0.00156972231358919
0.00156972231358919
0.00156972231358919
0.00156972231358919
0.00156972231358919
0.00156972231358919
0.00156972231358919
0.00156972231358919
0.00156972231358919
0.00156972231358919
42.9870353327494
