0
0
0.0224819135712548
0.106278136882296
0.26365153188108
0.502777339866245
0.615186907722519
0.631537390319795
0.615186907722519
0.570223080580009
0.488470667593628
0.439419219801799
0.39445539265929
0.345403944867461
0.30657154869893
0.271826773179718
0.239125807985165
0.21664389441391
0.183942929219358
0.159417205323443
0.145110533050827
0.134891481427529
0.114453378180934
0.104234326557636
0.096059085258998
0.0756209820124027
0.0694895510384241
0.0694895510384241
0.0592704994151264
0.0510952581164883
0.0490514477918287
0.0470076374671692
0.0470076374671692
0.0408762064931906
0.034744775519212
0.030657154869893
0.0286133445452334
0.0245257238959144
0.0224819135712548
0.0163504825972762
0.0143066722726167
0.0122628619479572
0.0122628619479572
0.00817524129863812
0.00817524129863812
0.00817524129863812
0.00613143097397859
0.00613143097397859
0.00613143097397859
0.00613143097397859
0.00613143097397859
0.00613143097397859
0.00613143097397859
0.00613143097397859
0.00408762064931906
0.00408762064931906
0.00408762064931906
0.00408762064931906
0.00408762064931906
0.00408762064931906
0.00408762064931906
42.0418078562668
