0
0
0.0143277573880054
0.103159853193639
0.366790589132939
0.541589229266606
0.639017979505043
0.640450755243843
0.603198586035029
0.55161865943821
0.505769835796592
0.47424876954298
0.41980329146856
0.375387243565743
0.329538419924125
0.277958493327306
0.250735754290095
0.222080239514084
0.197723051954475
0.171933088656065
0.151874228312858
0.134680919447251
0.120353162059246
0.10459262893244
0.0902648715444343
0.0773698898952294
0.0644749082460245
0.0544454780744207
0.0487143751192185
0.0444160479028169
0.0401177206864152
0.0343866177312131
0.0272227390372103
0.0243571875596093
0.0200588603432076
0.0143277573880054
0.0100294301716038
0.0100294301716038
0.00716387869400272
0.00573110295520218
0.00429832721640163
0.00429832721640163
0.00286555147760109
0.00286555147760109
0.00286555147760109
0.00286555147760109
0.00143277573880054
0.00143277573880054
0.00143277573880054
0.00143277573880054
0.00143277573880054
0.00143277573880054
0.00143277573880054
0
0
0
0
0
0
0
0
74.3726037929377
