0
0
0.0174382456041485
0.134140350801142
0.41449368397553
0.591558947033038
0.629118245257358
0.619728420701278
0.575462104936901
0.508391929536329
0.450711578691838
0.410469473451496
0.362178947163084
0.317912631398707
0.27364631563433
0.241452631442056
0.209258947249782
0.181089473581542
0.164992631485405
0.142188771849211
0.124750526245062
0.10328807011688
0.0952396490688111
0.0818256139886968
0.0737771929406283
0.0617045613685255
0.0482905262884112
0.0375592982243199
0.0335350877002856
0.0335350877002856
0.0308522806842627
0.0187796491121599
0.0187796491121599
0.0187796491121599
0.0187796491121599
0.0187796491121599
0.0174382456041485
0.0134140350801142
0.0120726315721028
0.00938982455607996
0.00938982455607996
0.00938982455607996
0.00804842104806854
0.00670701754005712
0.00536561403204569
0.00402421052403427
0.00402421052403427
0.00268280701602285
0.00268280701602285
0.00268280701602285
0.00268280701602285
0.00268280701602285
0.00268280701602285
0.00268280701602285
0.00268280701602285
0.00268280701602285
0.00134140350801142
0.00134140350801142
0.00134140350801142
0.00134140350801142
0.00134140350801142
84.0542509240603
