0
0
0.00414307430004904
0.0269299829503188
0.0611103459257234
0.163651434851937
0.30244442390358
0.467131627330529
0.569672716256743
0.587280782031952
0.561386567656645
0.533420816131314
0.493025841705836
0.4308797272051
0.383234372754536
0.355268621229205
0.322124026828813
0.283800589553359
0.253763300878004
0.223726012202648
0.188509880652231
0.167794509151986
0.145007600501716
0.12843530330152
0.110827237526312
0.0983980146261647
0.0859687917260176
0.0735395688258705
0.0621461145007356
0.0548957344756498
0.0435022801505149
0.0362519001254291
0.0300372886753555
0.0248584458002942
0.0217511400752575
0.0217511400752575
0.0186438343502207
0.0165722972001962
0.0134649914751594
0.0103576857501226
0.00932191717511034
0.00932191717511034
0.00932191717511034
0.00932191717511034
0.00725038002508582
0.00621461145007356
0.00621461145007356
0.0051788428750613
0.0051788428750613
0.00414307430004904
0.00310730572503678
0.00310730572503678
0.00310730572503678
0.00310730572503678
0.00103576857501226
0.00103576857501226
0.00103576857501226
0.00103576857501226
0
0
0
23.1302154743737
