0
0
0.00470588792377352
0.0423529913139617
0.169411965255847
0.423529913139617
0.594510507703388
0.640000757633199
0.638432128325275
0.624314464553954
0.572549697392445
0.527059447462635
0.469020163069428
0.409412249368297
0.340392559819618
0.288627792658109
0.250980689267921
0.214902215185658
0.186666887643016
0.170980594563771
0.150588413560753
0.131764861865659
0.11137268086264
0.0972550170913195
0.0831373533199989
0.0768628360883009
0.0690196895486783
0.0596079137011313
0.0517647671615088
0.0454902499298107
0.0407843620060372
0.0345098447743392
0.0298039568505656
0.0266666982347166
0.0250980689267921
0.0250980689267921
0.0250980689267921
0.0250980689267921
0.0250980689267921
0.0235294396188676
0.0203921810030186
0.0203921810030186
0.0156862930792451
0.0141176637713206
0.0109804051554716
0.00784314653962254
0.00784314653962254
0.00627451723169803
0.00470588792377352
0.00470588792377352
0.00470588792377352
0.00313725861584902
0.00313725861584902
0.00313725861584902
0.00313725861584902
0.00156862930792451
0.00156862930792451
0.00156862930792451
0.00156862930792451
0.00156862930792451
0.00156862930792451
53.4371767518356
