0
0
0.00929427212320882
0.0604127688008573
0.209121122772198
0.439154357821617
0.604127688008573
0.655246184686222
0.643628344532211
0.608774824070178
0.566950599515738
0.504214262684079
0.420565813575199
0.369447316897551
0.327623092343111
0.27418102763466
0.243974643234232
0.211444690803001
0.181238306402572
0.169620466248561
0.153355490032946
0.132443377755726
0.120825537601715
0.109207697447704
0.090619153201286
0.0743541769856706
0.0650599048624618
0.0604127688008573
0.0557656327392529
0.0441477925852419
0.0395006565236375
0.0325299524312309
0.0278828163696265
0.0255592483388243
0.0255592483388243
0.0232356803080221
0.0209121122772198
0.0185885442464176
0.0185885442464176
0.0139414081848132
0.0139414081848132
0.00929427212320882
0.00697070409240662
0.00697070409240662
0.00697070409240662
0.00697070409240662
0.00697070409240662
0.00464713606160441
0.00464713606160441
0.00464713606160441
0.00464713606160441
0.00464713606160441
0.00464713606160441
0.00232356803080221
0.00232356803080221
0.00232356803080221
0.00232356803080221
0
0
0
0
49.4556932687562
