0
0
0.0058996968509691
0.0519173322885281
0.213569026005081
0.44483714256307
0.58996968509691
0.618288229981561
0.618288229981561
0.578170291394972
0.535692474067994
0.48495508114966
0.433037748861132
0.384660234683185
0.341002477986014
0.292624963808067
0.25958666144264
0.228908237817601
0.197049874822368
0.171091208678104
0.149852300014615
0.139232845682871
0.122713694500157
0.116813997649188
0.0943951496155056
0.0814158165433735
0.0743361803222106
0.0648966653606601
0.0578170291394972
0.0495574535481404
0.0448376960673651
0.0401179385865899
0.0365781204760084
0.0306784236250393
0.0283185448846517
0.025958666144264
0.0235987874038764
0.0212389086634888
0.0188790299231011
0.0165191511827135
0.012979333072132
0.0117993937019382
0.00943951496155056
0.00707963622116292
0.00707963622116292
0.0058996968509691
0.00471975748077528
0.00235987874038764
0.00235987874038764
0.00235987874038764
0.00117993937019382
0.00117993937019382
0.00117993937019382
0
0
0
0
0
0
0
0
60.6908637268021
