0
0
0.0117292020552434
0.101297654113466
0.316688455491572
0.541675876733059
0.626979164407557
0.636575784270938
0.600321887009276
0.532079256869678
0.488361321936498
0.4371793493318
0.383864794535239
0.338014277410196
0.295362633572948
0.260175027407217
0.230318876721143
0.200462726035069
0.18340206850017
0.161009955485614
0.135418969183265
0.119424602744297
0.104496527401259
0.0917010342500848
0.0789055410989102
0.0693089212355292
0.0607785924680795
0.0522482637006297
0.0469168082209736
0.0426516438372488
0.034121315069799
0.0287898595901429
0.0277235684942117
0.0234584041104868
0.0191932397267619
0.0159943664389683
0.0149280753430371
0.00959661986338097
0.00853032876744975
0.00746403767151853
0.00746403767151853
0.00639774657558731
0.00533145547965609
0.00426516438372487
0.00319887328779366
0.00213258219186244
0.00213258219186244
0.00213258219186244
0.00106629109593122
0.00106629109593122
0
0
0
0
0
0
0
0
0
0
0
62.0690915885443
