0
0
0.0268561476137032
0.0671403690342579
0.163822500443589
0.298103238512105
0.42164151753514
0.561293485126396
0.609634550831062
0.625748239399284
0.574721558933248
0.515638034183101
0.445812050387473
0.408213443728288
0.354501148500882
0.319588156603068
0.290046394227994
0.265875861375661
0.25244778756881
0.214849180909625
0.185307418534552
0.163822500443589
0.142337582352627
0.128909508545775
0.118167049500294
0.104738975693442
0.0805684428411095
0.0725115985569986
0.0644547542728876
0.0537122952274063
0.0483410657046657
0.0456554509432954
0.0402842214205548
0.0375986066591844
0.0349129918978141
0.0322273771364438
0.0322273771364438
0.0268561476137032
0.0241705328523329
0.0214849180909625
0.0214849180909625
0.0161136885682219
0.0134280738068516
0.0107424590454813
0.0107424590454813
0.00805684428411095
0.00537122952274063
0.00537122952274063
0.00537122952274063
0.00268561476137032
0.00268561476137032
0.00268561476137032
0.00268561476137032
0.00268561476137032
0.00268561476137032
0.00268561476137032
0.00268561476137032
0.00268561476137032
0
0
0
15.4928545419152
