0
0
0.0127617630093071
0.0935862620682519
0.292457068963287
0.505153119118405
0.639151630716129
0.651913393725436
0.613628104697515
0.560454092158736
0.498772237613751
0.440280823821094
0.395614653288519
0.339250199997413
0.297774470217165
0.272250944198551
0.227584773665976
0.193553405641157
0.169093359873319
0.151014195610134
0.129744590594622
0.113792386832988
0.0967767028205786
0.0903958213159251
0.0850784200620471
0.0797610188081692
0.0733801373035157
0.0691262163004133
0.0584914137926574
0.0499835717864527
0.0436026902817992
0.0404122495294724
0.0297774470217165
0.0244600457678385
0.0212696050155118
0.0191426445139606
0.0159522037616338
0.0148887235108582
0.0116982827585315
0.0116982827585315
0.0116982827585315
0.0106348025077559
0.0106348025077559
0.0095713222569803
0.00850784200620471
0.00744436175542912
0.00531740125387795
0.00425392100310236
0.00425392100310236
0.00212696050155118
0.00106348025077559
0
0
0
0
0
0
0
0
0
0
70.6347321759527
