0
0
0.0107096587713094
0.0285590900568252
0.0553332369850988
0.110666473970198
0.180279255983709
0.289160786825355
0.374838056995831
0.455160497780651
0.547977540465333
0.569396858007952
0.553332369850988
0.503353962251544
0.44266589588079
0.401612203924104
0.360558511967418
0.324859649396387
0.299870445596665
0.267741469282736
0.239182379225911
0.201698573526328
0.180279255983709
0.155290052183987
0.128515905255713
0.117806246484404
0.108881530841646
0.096386928941785
0.0856772701704756
0.0767525545277177
0.0696127820135114
0.0624730094993051
0.0553332369850988
0.0499784075994441
0.0410536919566862
0.0303440331853768
0.0267741469282736
0.024989203799722
0.0214193175426189
0.0214193175426189
0.0160644881569642
0.0160644881569642
0.0160644881569642
0.0160644881569642
0.012494601899861
0.012494601899861
0.0107096587713094
0.00892471564275787
0.0071397725142063
0.00535482938565472
0.00356988625710315
0.00356988625710315
0.00356988625710315
0.00356988625710315
0.00356988625710315
0.00178494312855157
0.00178494312855157
0.00178494312855157
0
0
0
12.5384803174364
