0
0
0.0108063478746333
0.0247002237134475
0.0586630313194377
0.117326062638875
0.191426733779218
0.270158696865832
0.382853467558436
0.450779082770416
0.527967281874939
0.549579977624206
0.53105480983912
0.507898350107763
0.456954138698778
0.399834871361431
0.36587206375544
0.333453020131541
0.296402684561369
0.270158696865832
0.237739653241932
0.211495665546394
0.185251677850856
0.159007690155318
0.134307466441871
0.112694770692604
0.0988008948537898
0.0879945469791566
0.0771881991045233
0.0710131431761614
0.0617505592836186
0.0586630313194377
0.0447691554806235
0.0355065715880807
0.0339628076059902
0.0262439876955379
0.0247002237134475
0.023156459731357
0.0216126957492665
0.0185251677850856
0.0154376398209047
0.0123501118567237
0.0123501118567237
0.0123501118567237
0.0108063478746333
0.0092625838925428
0.00771881991045233
0.00771881991045233
0.00771881991045233
0.00617505592836186
0.00308752796418093
0.00308752796418093
0.00308752796418093
0.00308752796418093
0.00308752796418093
0.00308752796418093
0.00308752796418093
0.00308752796418093
0.00308752796418093
0.00154376398209047
0.00154376398209047
11.963251769761
