0
0
0.0182270596942102
0.0512636053899662
0.123032652935919
0.24492611464095
0.408969651888842
0.560482085596964
0.591240248830944
0.584405101445615
0.58098752775295
0.534280687286537
0.468207595895025
0.422639946659499
0.372515532500421
0.352010090344435
0.314416779725126
0.269988321720489
0.228977437408516
0.197080082943648
0.169739493402333
0.144677286322794
0.1344245652448
0.11619750555059
0.100248828318156
0.0843001510857222
0.0729082387768408
0.0672122826224001
0.058098752775295
0.0489852229281899
0.0444284580046374
0.0364541193884204
0.0318973544648679
0.0262013983104272
0.0227838246177628
0.0170878684633221
0.0159486772324339
0.0125311035397695
0.0113919123088814
0.0113919123088814
0.0102527210779932
0.00911352984710511
0.00683514738532883
0.00569595615444069
0.00455676492355255
0.00227838246177628
0.00227838246177628
0.00227838246177628
0.00113919123088814
0.00113919123088814
0.00113919123088814
0.00113919123088814
0
0
0
0
0
0
0
0
0
23.9212013860083
