0
0
0.0119112647753661
0.0496302698973587
0.111171804570084
0.22829924152785
0.373219629628137
0.482406223402327
0.569755498421678
0.589607606380621
0.563799866033995
0.541962547279157
0.484391434198221
0.434761164300862
0.379175262015821
0.345426678485617
0.309692884159518
0.277929511425209
0.264033035853948
0.238225295507322
0.218373187548378
0.19653586879354
0.18263939322228
0.164772496059231
0.156831652875654
0.131023912529027
0.111171804570084
0.0972753289988231
0.0813936426316683
0.0754380102439852
0.0635267454686192
0.0595563238768304
0.0555859022850418
0.04565984830557
0.039704215917887
0.0377190051219926
0.0357337943260983
0.0317633727343096
0.0218373187548378
0.0218373187548378
0.0198521079589435
0.0178668971630491
0.0158816863671548
0.0119112647753661
0.00992605397947174
0.00992605397947174
0.00595563238768305
0.00595563238768305
0.0039704215917887
0.00198521079589435
0.00198521079589435
0.00198521079589435
0.00198521079589435
0
0
0
0
0
0
0
0
20.1879119831509
