0
0
0.0215101338188603
0.07409046093163
0.212711323319841
0.377622349264437
0.552093434684082
0.62379388074695
0.604673761796852
0.602283746928089
0.564043509027893
0.511463181915123
0.485173018358739
0.432592691245969
0.382402379001961
0.341772126233003
0.310701932939094
0.258121605826324
0.215101338188603
0.184031144894694
0.174471085419645
0.155350966469547
0.143400892125736
0.131450817781924
0.114720713700588
0.102770639356777
0.0956005947504904
0.0908205650129658
0.0764804758003923
0.0669204163253432
0.0573603568502942
0.0525803271127697
0.0382402379001961
0.0334602081626716
0.0310701932939094
0.0310701932939094
0.0286801784251471
0.0239001486876226
0.0239001486876226
0.0191201189500981
0.0143400892125736
0.0119500743438113
0.0119500743438113
0.00956005947504904
0.00717004460628678
0.00717004460628678
0.00717004460628678
0.00239001486876226
0.00239001486876226
0.00239001486876226
0.00239001486876226
0.00239001486876226
0.00239001486876226
0.00239001486876226
0.00239001486876226
0.00239001486876226
0.00239001486876226
0.00239001486876226
0.00239001486876226
0.00239001486876226
0.00239001486876226
27.5173916130894
