0
0
0.0043926476706316
0.0175705906825264
0.043926476706316
0.0571044197182108
0.0834603057420004
0.127386782448316
0.166920611484001
0.221828707366896
0.281129450920422
0.316270632285475
0.353608137485844
0.360197108991791
0.364589756662423
0.360197108991791
0.375571375839002
0.37117872816837
0.368982404333055
0.340430194473949
0.300896365438265
0.278933127085107
0.24598826955537
0.230614002708159
0.217436059696264
0.19327649750779
0.186687526001843
0.169116935319317
0.153742668472106
0.131779430118948
0.125190458613001
0.107619867930474
0.103227220259843
0.0834603057420004
0.0702823627301056
0.0636933912241582
0.0593007435535266
0.0593007435535266
0.0571044197182108
0.0527117720475792
0.0505154482122634
0.0395338290356844
0.0373375052003686
0.0285522098591054
0.021963238353158
0.010981619176579
0.0087852953412632
0.0065889715059474
0.0087852953412632
0.0087852953412632
0.0065889715059474
0.0065889715059474
0.0043926476706316
0.0021963238353158
0.0021963238353158
0.0021963238353158
0.0021963238353158
0.0021963238353158
0.0021963238353158
0
0
4.90577532912818
