0
0
0.0143345207427454
0.0483790075067657
0.125427056499022
0.268772263926476
0.45153740339648
0.548295418410011
0.603841686288149
0.566213569338443
0.55904630896707
0.521418192017363
0.474830999603441
0.430035622282362
0.369113909125694
0.318943086526085
0.270564079019319
0.232935962069613
0.215017811141181
0.182765139470004
0.170222433820101
0.145137022520297
0.120051611220493
0.109300720663434
0.093174384827845
0.0752562338994133
0.0627135282495111
0.0537544527852952
0.0465871924139225
0.041211747135393
0.0340444867640203
0.0304608565783339
0.0304608565783339
0.0250854112998044
0.0250854112998044
0.0232935962069612
0.0143345207427454
0.0143345207427454
0.0125427056499022
0.010750890557059
0.00895907546421587
0.00716726037137269
0.00716726037137269
0.00716726037137269
0.00716726037137269
0.00716726037137269
0.00716726037137269
0.00716726037137269
0.00537544527852952
0.00358363018568635
0.00358363018568635
0.00358363018568635
0.00179181509284317
0.00179181509284317
0.00179181509284317
0.00179181509284317
0.00179181509284317
0.00179181509284317
0.00179181509284317
0.00179181509284317
0.00179181509284317
23.5610438902265
