0
0
0.00861982547915198
0.0269369546223499
0.0635712129087459
0.15084694588516
0.312468673619259
0.468703010428889
0.566753525254243
0.591535523506805
0.599077870801063
0.560288656144879
0.502104834160603
0.441766055806539
0.393279537486309
0.339405628241609
0.301693891770319
0.275834415332863
0.243510069786044
0.22088302790327
0.196101029650708
0.1616217277341
0.136839729481538
0.121755034893022
0.105592862119612
0.0915856457159898
0.0797333856821558
0.0721910383878979
0.0646486910936399
0.0614162565389579
0.0538739092446999
0.0484865183202299
0.0387892146561839
0.0366342582863959
0.0344793019166079
0.0312468673619259
0.0280144328072439
0.023704520067668
0.02154956369788
0.019394607328092
0.01616217277341
0.012929738218728
0.01077478184894
0.00861982547915198
0.00754234729425799
0.00754234729425799
0.00754234729425799
0.00754234729425799
0.00646486910936399
0.00646486910936399
0.00646486910936399
0.00646486910936399
0.00538739092446999
0.00430991273957599
0.00323243455468199
0.00323243455468199
0.00323243455468199
0.002154956369788
0.002154956369788
0.002154956369788
0.002154956369788
20.9490968423279
