0
0
0.00630770715759829
0.0473078036819872
0.190808141517348
0.416308672401487
0.578732131709643
0.624463008602231
0.630770715759829
0.616578374655233
0.556655156658049
0.492001158292667
0.44311642782128
0.395808624139293
0.340616186510308
0.307500723932917
0.271231407776726
0.228654384462938
0.200269702253746
0.173461946833953
0.149808044992959
0.135615703888363
0.121423362783767
0.105654094889771
0.0993463877321731
0.088307900206376
0.0709617055229808
0.0536155108395855
0.0473078036819872
0.0315385357879914
0.0283846822091923
0.022076975051594
0.0173461946833953
0.0157692678939957
0.011038487525797
0.011038487525797
0.011038487525797
0.00946156073639743
0.00788463394699786
0.00788463394699786
0.00630770715759829
0.00630770715759829
0.00473078036819872
0.00473078036819872
0.00315385357879914
0.00315385357879914
0.00315385357879914
0.00315385357879914
0.00315385357879914
0.00315385357879914
0.00315385357879914
0.00315385357879914
0.00315385357879914
0.00157692678939957
0.00157692678939957
0.00157692678939957
0.00157692678939957
0.00157692678939957
0.00157692678939957
0.00157692678939957
0.00157692678939957
38.8572748865767
