0
0
0.00115738591293607
0.0231477182587213
0.0902761012090132
0.285874320495208
0.511564573517741
0.628460550724284
0.658552584460622
0.612257147943179
0.560174781861056
0.489574241171956
0.427075401873408
0.37962257944303
0.339114072490267
0.304392495102185
0.266198759975295
0.222218095283725
0.196755605199131
0.171293115114538
0.155089712333433
0.133099379987648
0.114581205380671
0.0960630307736935
0.0833317857313968
0.0752300843408443
0.0648136111244197
0.0578692956468033
0.052082366082123
0.0405085069527623
0.0335641914751459
0.0289346478234017
0.0243051041716574
0.0196755605199131
0.017360788694041
0.0127312450422967
0.0104164732164246
0.0104164732164246
0.0104164732164246
0.00925908730348853
0.0069443154776164
0.0069443154776164
0.0069443154776164
0.0069443154776164
0.0069443154776164
0.0069443154776164
0.0069443154776164
0.00578692956468033
0.00578692956468033
0.00578692956468033
0.00462954365174426
0.0034721577388082
0.0034721577388082
0.0034721577388082
0.0034721577388082
0.00231477182587213
0.00115738591293607
0.00115738591293607
0.00115738591293607
0.00115738591293607
0.00115738591293607
53.9921374204291
