0
0
0.00730429428989374
0.0104347061284196
0.0260867653210491
0.0438257657393624
0.0626082367705178
0.102260120058512
0.139825062120823
0.184694298473027
0.22852006421239
0.291128300982908
0.341214890399322
0.378779832461633
0.417388245136785
0.417388245136785
0.426779480652363
0.399649244718472
0.385040656138684
0.359997361430477
0.331823654883744
0.309910772014063
0.284867477305856
0.268171947500384
0.241041711566493
0.215998416858286
0.194085533988605
0.176346533570292
0.155477121313452
0.135651179669455
0.12208606170251
0.103303590671354
0.0918254139300927
0.0751298841246213
0.0688690604475696
0.0646951779962017
0.055303942480624
0.0448692363522044
0.0365214714494687
0.028173706546733
0.0250432947082071
0.0219128828696812
0.0177390004183134
0.0156520591926294
0.0135651179669455
0.0114781767412616
0.0083477649027357
0.0083477649027357
0.00730429428989374
0.00730429428989374
0.00626082367705178
0.00417388245136785
0.00417388245136785
0.00417388245136785
0.00313041183852589
0.00313041183852589
0.00208694122568393
0.00208694122568393
0.00208694122568393
0.00208694122568393
0.00208694122568393
5.65211929403271
