0
0
0.01228171178378
0.0788076506125883
0.271221135225141
0.511737990990833
0.621249921062871
0.631484680882688
0.611015161243054
0.554723982234063
0.513784942954796
0.461587667873731
0.409390392792666
0.3684513535134
0.321371458342243
0.296808034774683
0.263033327369288
0.22721166799993
0.200601292468406
0.169897013008957
0.151474445333287
0.132028401675635
0.117699737927892
0.0982536942702399
0.0880189344504232
0.0767606986486249
0.0685728907927716
0.0562911790089916
0.046056419189175
0.0388920873153033
0.0388920873153033
0.0347981833873766
0.0296808034774683
0.0255868995495416
0.0225164716035966
0.0194460436576516
0.01842256767567
0.0163756157117067
0.0133051877657617
0.01228171178378
0.0112582358017983
0.0102347598198167
0.00921128383783499
0.00818780785585333
0.00716433187387166
0.00716433187387166
0.00511737990990833
0.00511737990990833
0.00409390392792666
0.00204695196396333
0.00204695196396333
0.00102347598198167
0.00102347598198167
0.00102347598198167
0.00102347598198167
0.00102347598198167
0.00102347598198167
0.00102347598198167
0.00102347598198167
0
0
58.3276215516219
