0
0
0.013423767456064
0.026847534912128
0.0536950698242559
0.116339317952554
0.165559798624789
0.223729457601066
0.281899116577344
0.362441721313727
0.407187612833941
0.43850973689809
0.474306450114261
0.463119977234207
0.474306450114261
0.465357271810218
0.420611380290005
0.384814667073834
0.342306070129631
0.30427206233745
0.27071264369729
0.232678635905109
0.20135651184096
0.181220860656864
0.156610620320746
0.13423767456064
0.107390139648512
0.10291555049649
0.0872544884644158
0.0738307210083519
0.0671188372803199
0.0581696589762772
0.0469831860962239
0.0402713023681919
0.0313221240641493
0.0246102403361173
0.0246102403361173
0.0246102403361173
0.0223729457601066
0.020135651184096
0.020135651184096
0.020135651184096
0.0178983566080853
0.0156610620320746
0.0111864728800533
0.0111864728800533
0.00894917830404265
0.00894917830404265
0.00671188372803199
0.00671188372803199
0.00671188372803199
0.00671188372803199
0.00447458915202133
0.00447458915202133
0.00223729457601066
0.00223729457601066
0.00223729457601066
0.00223729457601066
0.00223729457601066
0.00223729457601066
0.00447458915202133
7.14651568117143
