0
0
0.0106187026616816
0.0509697727760715
0.192198518176436
0.457666084718475
0.580843035593981
0.631812808370053
0.618008494909867
0.57553368426314
0.525625781753237
0.456604214452307
0.416253144337917
0.371654593158855
0.337674744641474
0.313251728519606
0.283519361066898
0.244230161218676
0.215559664032136
0.196445999241109
0.176270464183914
0.160342410191392
0.141228745400365
0.126362561674011
0.113620118479993
0.105125156350647
0.095568323955134
0.081764010494948
0.0722071780994346
0.0605266051715849
0.0530935133084078
0.0488460322437352
0.0435366809128944
0.0361035890497173
0.0297323674527084
0.0265467566542039
0.0212374053233631
0.0191136647910268
0.0169899242586905
0.0148661837263542
0.0127424431940179
0.0095568323955134
0.00849496212934525
0.00637122159700893
0.00637122159700893
0.00637122159700893
0.00530935133084078
0.00424748106467262
0.00318561079850447
0.00318561079850447
0.00318561079850447
0.00212374053233631
0.00212374053233631
0.00106187026616816
0.00106187026616816
0.00106187026616816
0.00106187026616816
0.00106187026616816
0.00106187026616816
0.00106187026616816
0.00106187026616816
57.5632812224831
