0
0
0.00594527786924138
0.013079611312331
0.0297263893462069
0.0606418342662621
0.11058216836789
0.180736447224938
0.28299522657589
0.359094783302179
0.430438117733076
0.494647118720883
0.527940674788635
0.520806341345545
0.487512785277793
0.439950562323862
0.400711728386869
0.355527616580635
0.325801227234428
0.291318615592828
0.255646948377379
0.228298670178869
0.204517558701904
0.174791169355697
0.155766280174124
0.134363279844855
0.115338390663283
0.108204057220193
0.0975025570555587
0.0737214455785931
0.0630199454139587
0.055885611970869
0.0439950562323862
0.0404278895108414
0.0344826116416
0.0309154449200552
0.0273482781985104
0.0225920559031173
0.0202139447554207
0.0178358336077241
0.0166467780338759
0.0154577224600276
0.0118905557384828
0.0118905557384828
0.00951244459078621
0.00951244459078621
0.00832338901693794
0.00832338901693794
0.00713433344308966
0.00713433344308966
0.00713433344308966
0.00475622229539311
0.00475622229539311
0.00356716672154483
0.00356716672154483
0.00237811114769655
0.00237811114769655
0.00118905557384828
0.00118905557384828
0.00118905557384828
0.00118905557384828
11.1491806985371
