0
0
0.0248394440605826
0.106132170077035
0.252910703162295
0.458400649481661
0.56679095083693
0.61872797023633
0.591630394897513
0.573565344671634
0.526144587828704
0.453884386925191
0.399689236247556
0.354526610682861
0.309363985118165
0.264201359553469
0.230329390379948
0.194199289928191
0.169359845867609
0.137746007972322
0.124197220302913
0.112906563911739
0.092583382407626
0.0790345947382173
0.0654858070688087
0.0519370193994
0.0406463630082261
0.0361301004517565
0.0361301004517565
0.0316138378952869
0.0316138378952869
0.0248394440605826
0.0158069189476435
0.0158069189476435
0.0158069189476435
0.0112906563911739
0.0112906563911739
0.00677439383470434
0.00677439383470434
0.00677439383470434
0.00677439383470434
0.00677439383470434
0.00677439383470434
0.00677439383470434
0.00677439383470434
0.00677439383470434
0.00677439383470434
0.00451626255646956
0.00451626255646956
0.00451626255646956
0.00451626255646956
0.00225813127823478
0.00225813127823478
0.00225813127823478
0.00225813127823478
0
0
0
0
0
0
32.9808121539959
