0
0
0.00748908495331406
0.0663318953007817
0.293144182458293
0.533864770243388
0.632292743915516
0.63764209031074
0.625873528241247
0.567030717893779
0.502838561151087
0.460043789989292
0.414039410990363
0.370174770549524
0.31882104515537
0.27923588183071
0.235371241389871
0.207554640134704
0.180807908158582
0.15834065329864
0.135873398438698
0.117685620694935
0.102707450788307
0.0855895423235893
0.0748908495331406
0.0684716338588714
0.0577729410684228
0.0513537253941536
0.0438646404408395
0.0342358169294357
0.0256768626970768
0.0235371241389871
0.0213973855808973
0.0192576470228076
0.0192576470228076
0.0149781699066281
0.0139083006275833
0.0139083006275833
0.0106986927904487
0.0106986927904487
0.0106986927904487
0.00962882351140379
0.00962882351140379
0.00855895423235893
0.00855895423235893
0.00534934639522433
0.00427947711617946
0.00427947711617946
0.0032096078371346
0.0032096078371346
0.00213973855808973
0.00106986927904487
0.00106986927904487
0.00106986927904487
0.00106986927904487
0.00106986927904487
0
0
0
0
0
76.9169076796187
