0
0
0.0105302727417205
0.0541556883859911
0.163971389835362
0.35502062386372
0.52049633837647
0.600225546278068
0.640842312567562
0.624294741116287
0.586686624181571
0.522000663053859
0.466340649990479
0.403159013540156
0.352011974508942
0.302369260155117
0.26626546789779
0.236178974350017
0.213614104189187
0.169988688544917
0.135389220964978
0.117337324836314
0.100789753385039
0.0917638053207072
0.0797292079015981
0.0661902858051003
0.0541556883859911
0.0451297403216593
0.042121090966882
0.0330951429025501
0.0285821688703842
0.0255735195156069
0.021060545483441
0.0180518961286637
0.0120345974191091
0.0105302727417205
0.00902594806433186
0.00752162338694321
0.00752162338694321
0.00601729870955457
0.00601729870955457
0.00601729870955457
0.00601729870955457
0.00601729870955457
0.00601729870955457
0.00451297403216593
0.00300864935477729
0.00150432467738864
0
0
0
0
0
0
0
0
0
0
0
0
0
33.6702542081917
