0
0
0.00735501187577041
0.0117680190012326
0.0279490451279275
0.0353040570036979
0.0426590688794684
0.0617820997564714
0.0779631258831663
0.102970166260786
0.100028161510478
0.10444116863594
0.107383173386248
0.119151192387481
0.116209187637172
0.130919211388713
0.1441582327651
0.166223268392411
0.166223268392411
0.155926251766333
0.152984247016024
0.161810261266949
0.170636275517873
0.169165273142719
0.167694270767565
0.164752266017257
0.170636275517873
0.175049282643336
0.166223268392411
0.167694270767565
0.170636275517873
0.158868256516641
0.157397254141487
0.150042242265716
0.148571239890562
0.145629235140254
0.138274223264484
0.125035201888097
0.116209187637172
0.105912171011094
0.0985571591353234
0.0956151543850153
0.0897311448843989
0.0838471353837826
0.0838471353837826
0.0764921235080122
0.0706081140073959
0.0647241045067796
0.0647241045067796
0.0588400950061632
0.0573690926310092
0.0558980902558551
0.0500140807552388
0.0470720760049306
0.0441300712546224
0.0470720760049306
0.0441300712546224
0.0397170641291602
0.0353040570036979
0.0353040570036979
0.036775059378852
2.12211625626988
