0
0
0.0141444394822654
0.120227735599256
0.388972085762298
0.572849799031748
0.604674787866845
0.621176633929488
0.597602568125713
0.533952590455518
0.47383872265589
0.423154481177773
0.378363756150599
0.340645250864558
0.282888789645308
0.252242504100399
0.210987888943792
0.182699009979261
0.160303647465674
0.139086988242276
0.119049032309067
0.103725889536613
0.0884027467641587
0.0719009007015157
0.0577564612192503
0.0495055381879288
0.0459694283173625
0.037718505286041
0.0341823954154747
0.0330036921252859
0.0282888789645308
0.0247527690939644
0.0235740658037756
0.0212166592233981
0.016501846062643
0.0153231427724542
0.0117870329018878
0.010608329611699
0.00942962632151026
0.00707221974113269
0.00471481316075513
0.00471481316075513
0.00471481316075513
0.00471481316075513
0.00353610987056635
0.00353610987056635
0.00353610987056635
0.00353610987056635
0.00353610987056635
0.00235740658037756
0.00235740658037756
0.00235740658037756
0.00235740658037756
0.00235740658037756
0.00235740658037756
0.00117870329018878
0.00117870329018878
0
0
0
0
91.7079348803854
