0
0
0.0179176896906681
0.0806296036080064
0.244875092439131
0.447942242266702
0.555448380410711
0.594270041407158
0.62114657594316
0.582324914946713
0.534544409104931
0.489750184878261
0.453914805496925
0.403148018040032
0.35536751219825
0.313559569586692
0.271751626975133
0.247861374054242
0.20008086821246
0.170218052061347
0.152300362370679
0.137368954295122
0.119451264604454
0.11049241975912
0.0955610116835631
0.0895884484533404
0.0806296036080064
0.077643321992895
0.059725632302227
0.0537530690720043
0.0418079426115589
0.0298628161511135
0.0298628161511135
0.0268765345360021
0.0268765345360021
0.0209039713057794
0.0179176896906681
0.0149314080755567
0.0119451264604454
0.0119451264604454
0.0119451264604454
0.0119451264604454
0.0119451264604454
0.00895884484533404
0.00895884484533404
0.00895884484533404
0.00298628161511135
0.00298628161511135
0.00298628161511135
0.00298628161511135
0.00298628161511135
0.00298628161511135
0.00298628161511135
0.00298628161511135
0.00298628161511135
0.00298628161511135
0.00298628161511135
0
0
0
0
29.192842733923
