0
0
0.00620341246550253
0.0403221810257665
0.0651358308877766
0.0775426558187817
0.0992545994480405
0.124068249310051
0.148881899172061
0.183000667732325
0.176797255266822
0.183000667732325
0.207814317594335
0.229526261223594
0.217119436292589
0.232627967456345
0.248136498620101
0.260543323551106
0.24503479238735
0.263645029783858
0.254339911085604
0.241933086154599
0.226424554990842
0.204712611361584
0.192305786430579
0.192305786430579
0.189204080197827
0.179898961499573
0.17059384280132
0.161288724103066
0.142678486706558
0.130271661775553
0.114763130611797
0.0992545994480405
0.108559718146294
0.0899494807497867
0.0682375371205279
0.0682375371205279
0.0713392433532791
0.0713392433532791
0.0589324184222741
0.0527290059567715
0.046525593491269
0.0434238872585177
0.0372204747930152
0.0310170623275127
0.0310170623275127
0.0279153560947614
0.0217119436292589
0.0217119436292589
0.0186102373965076
0.0155085311637563
0.0155085311637563
0.0124068249310051
0.0124068249310051
0.0093051186982538
0.00620341246550253
0.00310170623275127
0.00310170623275127
0.00310170623275127
0.00310170623275127
2.35502780359894
