0
0
0.00816219692690368
0.0583014066207405
0.246031935939525
0.476905506157658
0.614496825782605
0.629655191503998
0.607500656988117
0.581848038074991
0.535206912778398
0.475739478025243
0.425600268331406
0.373129002372739
0.314827595751999
0.284510864309214
0.255360160998844
0.221545345158814
0.199390810642933
0.173738191729807
0.142255432154607
0.12359898203597
0.102610475652503
0.0944482787255997
0.0874521099311108
0.0827879974014516
0.0746258004745479
0.0641315472828146
0.0548033222234961
0.0489731815614221
0.043143040899348
0.0338148158400295
0.0291507033103703
0.0256526189131258
0.024486590780711
0.0174904219862222
0.0174904219862222
0.0163243938538074
0.0139923375889777
0.0139923375889777
0.0139923375889777
0.00932822505931849
0.00816219692690368
0.00816219692690368
0.00583014066207405
0.00583014066207405
0.00466411252965924
0.00233205626482962
0.00233205626482962
0.00233205626482962
0.00233205626482962
0.00233205626482962
0.00233205626482962
0.00233205626482962
0.00116602813241481
0.00116602813241481
0.00116602813241481
0.00116602813241481
0.00116602813241481
0.00116602813241481
0
54.7242175629325
