0
0
0.0137623695242599
0.0894554019076892
0.261485020960938
0.464479971443771
0.571138335256785
0.612425443829564
0.591781889543174
0.56081655811359
0.51264826477868
0.478242340968031
0.402549308584601
0.357821607630757
0.306212721914782
0.268366205723068
0.230519689531353
0.189232580958573
0.172029619053248
0.151386064766859
0.137623695242599
0.120420733337274
0.106658363813014
0.0894554019076892
0.0860148095266242
0.0791336247644943
0.0722524400023643
0.0722524400023643
0.0688118476212994
0.0688118476212994
0.0619306628591694
0.0516088857159745
0.0447277009538446
0.0447277009538446
0.0412871085727796
0.0412871085727796
0.0378465161917146
0.0344059238106497
0.0275247390485197
0.0275247390485197
0.0240841466674548
0.0240841466674548
0.0172029619053248
0.0172029619053248
0.0172029619053248
0.0172029619053248
0.0137623695242599
0.0137623695242599
0.0103217771431949
0.0103217771431949
0.0103217771431949
0.0103217771431949
0.00344059238106497
0.00344059238106497
0.00344059238106497
0.00344059238106497
0.00344059238106497
0.00344059238106497
0.00344059238106497
0.00344059238106497
0.00344059238106497
33.322262301464
