0
0
0.00939036660656021
0.0313012220218674
0.0626024440437347
0.137725376896216
0.214413370849792
0.30205679251102
0.424131558396303
0.510209918956438
0.552466568685959
0.543076202079399
0.505514735653158
0.475778574732384
0.424131558396303
0.378744786464595
0.342748381139448
0.300491731409927
0.262930264983686
0.237889287366192
0.208153126445418
0.189372393232298
0.169026598918084
0.15807117121043
0.14398562130059
0.133030193592936
0.109554277076536
0.0970337882677889
0.0845132994590419
0.0751229328524817
0.0688626884481082
0.059472321841548
0.0500819552349878
0.042256649729521
0.0391265275273342
0.0313012220218674
0.0281710998196806
0.0266060387185873
0.0234759165164005
0.0187807332131204
0.0172156721120271
0.0156506110109337
0.0156506110109337
0.0156506110109337
0.0156506110109337
0.0109554277076536
0.0109554277076536
0.0109554277076536
0.00939036660656021
0.00782530550546684
0.00626024440437348
0.00626024440437348
0.00469518330328011
0.00469518330328011
0.00469518330328011
0.00469518330328011
0.00469518330328011
0.00313012220218674
0.00156506110109337
0.00156506110109337
0.00156506110109337
13.1529399695752
