0
0
0.014340662890915
0.0430219886727449
0.0967994745136761
0.161332457522793
0.243791269145555
0.326250080768316
0.369272069441061
0.45531604678655
0.498338035459295
0.509093532627482
0.498338035459295
0.466071543954737
0.412294058113805
0.358516572272874
0.333420412213773
0.293983589263757
0.247376434868283
0.211524777640996
0.20076928047281
0.193598949027352
0.17208795469098
0.161332457522793
0.150576960354607
0.129065966018235
0.118310468850049
0.111140137404591
0.103969805959134
0.0824588116227611
0.0717033144545749
0.0645329830091174
0.0609478172863886
0.0537774858409312
0.0501923201182024
0.0394368229500162
0.0358516572272874
0.0322664915045587
0.0179258286136437
0.0179258286136437
0.0179258286136437
0.0179258286136437
0.014340662890915
0.0107554971681862
0.0107554971681862
0.014340662890915
0.014340662890915
0.014340662890915
0.0107554971681862
0.00717033144545749
0.00717033144545749
0.00717033144545749
0.00717033144545749
0.00717033144545749
0.00717033144545749
0.00717033144545749
0.00717033144545749
0.00717033144545749
0.00717033144545749
0.00717033144545749
0.00358516572272874
7.89343361167018
