0
0
0.00368413982364819
0.0147365592945928
0.0245609321576546
0.0392974914522473
0.0675425634335501
0.110524194709446
0.152277779377458
0.213680109771595
0.266486113910552
0.33280063073622
0.385606634875177
0.429816312758955
0.471569897426968
0.482622316897913
0.46788575760332
0.449465058485079
0.411395613640714
0.381922495051529
0.337712817167751
0.303327512147034
0.27876657998938
0.249293461400194
0.223504482634657
0.190347224221823
0.163330198848403
0.14859363955381
0.127716847219804
0.111752241317328
0.0970156820227356
0.0785949829044947
0.0761388896887292
0.0687706100414329
0.0638584236099019
0.0564901439626056
0.0478938177074265
0.0429816312758955
0.0392974914522473
0.0380694448443646
0.0343853050207164
0.031929211804951
0.0294731185891855
0.0257889787655373
0.0208767923340064
0.0208767923340064
0.0184206991182409
0.0171926525103582
0.0171926525103582
0.01350851268671
0.00982437286306184
0.00982437286306184
0.00859632625517911
0.00614023303941365
0.00614023303941365
0.00614023303941365
0.00614023303941365
0.00614023303941365
0.00368413982364819
0.00245609321576546
0.00245609321576546
6.76036382313846
