0
0
0.00363932032326143
0.0242621354884096
0.0691470861419673
0.172261161967708
0.367571352649405
0.560455329782261
0.617471348180023
0.642946590442853
0.600487853338137
0.547111155263636
0.498586884286817
0.437931545565793
0.386981061040133
0.345735430709836
0.299637373281858
0.257178636177141
0.234129607463152
0.20380193810264
0.181966016163072
0.158916987449083
0.143146599381616
0.121310677442048
0.107966502923423
0.0873436877582744
0.0764257267884901
0.0703601929163877
0.0667208725931263
0.0485242709768191
0.0448849506535577
0.0424587371047167
0.0388194167814553
0.0291145625860915
0.02547524226283
0.0218359219395686
0.0218359219395686
0.0194097083907276
0.0194097083907276
0.0169834948418867
0.0133441745186253
0.00849174742094335
0.00727864064652287
0.00606553387210239
0.00363932032326143
0.00363932032326143
0.00363932032326143
0.00363932032326143
0.00242621354884096
0.00242621354884096
0
0
0
0
0
0
0
0
0
0
0
27.7422353749617
