0
0
0.00837937438747565
0.0284898729174172
0.0569797458348344
0.102228367527203
0.167587487749513
0.25473298137926
0.32344385135656
0.420644594251277
0.477624340086112
0.511141837636015
0.548011084940907
0.517845337145995
0.470920840576131
0.429023968638753
0.39215472133386
0.363664848416443
0.321767976479065
0.291602228684153
0.256408856256755
0.231270733094328
0.201104985299416
0.180994486769474
0.155856363607047
0.132394115322115
0.118987116302154
0.108931867037183
0.100552492649708
0.0854696187522516
0.0787661192422711
0.0737384946097857
0.0620073704673198
0.0536279960798441
0.0469244965698636
0.0435727468148734
0.038545122182388
0.0335174975499026
0.0284898729174172
0.0251381231624269
0.0217863734074367
0.0150828738974562
0.013406999019961
0.0117311241424659
0.0117311241424659
0.0100552492649708
0.0100552492649708
0.00837937438747565
0.00670349950998052
0.00502762463248539
0.00167587487749513
0.00167587487749513
0
0
0
0
0
0
0
0
0
9.39455226033619
