0
0
0.0148459193837744
0.0326610226443036
0.0623528614118523
0.0950138840561559
0.12173653894695
0.148459193837744
0.187058584235557
0.255349813400919
0.293949203798732
0.317702674812771
0.356302065210585
0.371147984594359
0.365209616840849
0.362240432964094
0.350363697457075
0.34739451358032
0.329579410319791
0.329579410319791
0.311764307059262
0.273164916661448
0.255349813400919
0.234565526263635
0.213781239126351
0.192996951989067
0.166274297098273
0.154397561591253
0.133613274453969
0.103921435686421
0.0950138840561559
0.0771987807956267
0.0712604130421169
0.0593836775350975
0.0593836775350975
0.047506942028078
0.0445377581513231
0.0445377581513231
0.0356302065210585
0.0326610226443036
0.0296918387675487
0.0267226548907939
0.023753471014039
0.0207842871372841
0.0118767355070195
0.0118767355070195
0.0118767355070195
0.0118767355070195
0.0118767355070195
0.0118767355070195
0.0118767355070195
0.00890755163026462
0.00593836775350975
0.00890755163026462
0.00890755163026462
0.00890755163026462
0.00890755163026462
0.00593836775350975
0.00593836775350975
0.00296918387675487
0.00296918387675487
3.43598105111807
