0
0
4.76070519221
11.7501604128
19.3789207032
26.8357920278
33.3199312627
38.4413649756
42.5490218624
45.9669108642
48.0454502065
48.8016044285
48.492721621
47.4356188794
45.8922650227
44.104561919
42.2041491168
40.2177555523
38.216186802
36.2134276001
34.2405820104
32.3203390202
30.4700371584
28.6914755862
26.992161562
25.3657560746
23.8143983182
22.3417385676
20.9469461661
19.6250852804
18.3717695356
17.1917903256
16.0770759673
15.0271258582
14.0394814281
13.1123005033
12.2399470243
11.4240468419
10.6573218781
9.93903054923
9.26913368204
8.64218531611
8.05512016139
7.50615646779
6.9932376088
6.51352225176
6.06381576857
5.64328766939
5.25473356041
4.88956367867
4.54936630421
4.23333569299
3.9370526563
3.66348128173
3.40756426706
3.17037448915
2.95021026304
2.74405283584
2.55159899541
2.37307614647
2.20569502923
2.20569502923
0.962264184242136
