0
0
5.22958557028
15.0248814456
29.8767899424
50.1735331001
74.374482726
98.9072103248
119.571551935
133.070516218
137.848953631
135.311548881
127.88048713
117.798153677
106.67815945
95.4940873182
84.8719317554
75.0927763903
66.2513927977
58.3450009909
51.3225493456
45.1117457748
39.6336031836
34.8099909428
30.5673810718
26.8384260765
23.5624305336
20.6852214506
18.1587288384
15.9404643769
13.9929780429
12.283303836
10.7824516939
9.46494423093
8.30840031564
7.29316399982
6.4019756544
5.61968151128
4.93297768637
4.33018490618
3.80105043328
3.33657400772
2.92885494975
2.57095788369
2.25679483374
1.98102170615
1.73894740844
1.52645406657
1.33992698681
1.17619317334
1.03246735708
0.906304618572
0.795558799444
0.698344052105
0.613008815544
0.538101447678
0.472347610287
0.41462880095
0.363963150111
0.319488772869
0.280449106977
0.280449106977
9.10127059066485
