0
0
5.58423495489
17.7215526868
39.0987213895
70.4424828741
105.456069414
133.312399425
147.834973583
148.816201776
141.912758593
131.099118453
118.811688726
106.414687316
94.6130616195
83.7313817005
73.8836681661
65.0720693516
57.2427350467
50.3167770133
44.2070555889
38.8269344077
34.0946661822
29.9352648002
26.2810882199
23.0717402708
20.2536116689
17.7793122372
15.607063278
13.7000895114
12.0260506558
10.5565251297
9.26654567297
8.13418540976
7.14019093408
6.26765822213
5.50174701287
4.82942944987
4.23926907672
3.72122663434
3.26648947395
2.86732175027
2.51693288401
2.20936207718
1.93937692885
1.70238443321
1.49435284996
1.31174311995
1.15144866062
1.01074251774
0.887230974893
0.778812831566
0.683641720956
0.600100733927
0.526768606869
0.462397823605
0.405893285897
0.356293720878
0.312755327182
0.274537419525
0.24098982751
0.24098982751
15.002835385823
