Time S E I R
0 255 0 0 0
1 243.4329 11.5671 0 0
2 228.627549572 20.7232265956 5.28456061539 0.364663216739
3 206.325455119 31.5178670973 15.4312056881 1.7254720956
4 173.636076235 45.3571407969 31.2454851783 4.76129778994
5 132.227213723 59.2554027605 53.2582078304 10.2591756867
6 88.1670229345 68.3763445176 79.5281283494 18.9285041991
7 49.3477524129 69.1008329927 105.499355538 31.052059057
8 21.8573674711 60.7656883713 126.116405283 46.2605388756
9 7.8751287603 45.3963905194 138.115436276 63.6130444452
10 2.02941343147 30.3504653627 140.726440232 81.893680975
11 0.029375127879 18.821347297 136.141066666 100.00821091
12 0.014935112222 10.6124585016 127.166436685 117.206169702
13 0.00800481487417 5.98297602364 115.946329341 133.062689821
14 0.00455273904365 3.37268843325 104.212682226 147.410076602
15 0.00274800015268 1.90113212262 92.8503549852 160.245764892
16 0.00175480322159 1.07162336982 82.2775486772 171.64907315
17 0.00118013842996 0.604061661401 72.6591396788 181.735618522
18 0.000831672994991 0.340520444721 64.0258228566 190.632825026
19 0.000611122699837 0.191976010345 56.3402628913 198.467149976
20 0.000466040466591 0.108246723566 49.5334497182 205.357837518
21 0.000367259037176 0.0610497037923 43.52439051 211.414192527
22 0.000297912601354 0.0344418300059 38.2304444957 216.734815762
23 0.00024789588187 0.0194390965567 33.5726026187 221.407710389
24 0.00021095023223 0.010978175737 29.4778539132 225.510956961
25 0.000183080497777 0.00620524381282 25.8800482348 229.113563441
26 0.000161665646175 0.00351194478388 22.7199710302 232.276355359
27 0.000144941083249 0.00199121945525 19.9449743971 235.052889442
28 0.000131691733145 0.00113187429422 17.5084733142 237.490263119
29 0.000121063023755 0.000645728183651 15.3693672725 239.629865936
30 0.00011244228665 0.000370312510259 13.4914660636 241.508051181
31 0.000105382308675 0.00021396322632 11.8429358088 243.156744845
32 9.9551279277e-05 0.000124947823413 10.3957954487 244.603980052
33 9.46992857962e-05 7.40575517711e-05 9.12546218759 245.874369055
34 9.06354771644e-05 4.47912440069e-05 8.01034539406 246.989519179
35 8.7212235826e-05 2.78193424429e-05 7.03148612977 247.968398838
36 8.43140346944e-05 1.7861283644e-05 6.17223847328 248.827659351
37 8.18494770556e-05 1.19237615936e-05 5.41798851478 249.581917712
38 7.97455327017e-05 8.30648244102e-06 4.75590697243 250.244004976
39 7.79433103446e-05 6.0408347445e-06 4.17473163444 250.825184382
40 7.63949196312e-05 4.57280810965e-06 3.66457615837 251.335342874
41 7.50611150977e-05 3.58375648006e-06 3.21676210633 251.783159249
42 7.39095089841e-05 2.88898619332e-06 2.82367143271 252.176251769
43 7.29132011088e-05 2.38030514653e-06 2.47861695692 252.52130775
44 7.20497181419e-05 1.99342119607e-06 2.1757286411 252.824197316
45 7.13001858799e-05 1.68939930318e-06 1.90985375168 253.090073259
46 7.06486765978e-05 1.44408205316e-06 1.67646921378 253.323458694
47 7.00816908932e-05 1.24202808922e-06 1.47160467178 253.528324005
48 6.95877432406e-05 1.07301919049e-06 1.29177494951 253.70815439
49 6.91570269282e-05 9.30031917231e-07 1.13392076256 253.866009151
50 6.87811426303e-05 8.08047524061e-07 0.995356674754 254.004573737
51 6.84528763486e-05 7.0334414202e-07 0.873725413973 254.126205431
52 6.81660164332e-05 6.13068334221e-07 0.766957770319 254.232973452
53 6.79151967518e-05 5.34967703444e-07 0.673235442134 254.326696109
54 6.76957884878e-05 4.6722982799e-07 0.590966186692 254.408965652
55 6.75037765632e-05 4.08363364906e-07 0.518750373936 254.481181716
56 6.73356778691e-05 3.57126665719e-07 0.455359482209 254.544572827
57 6.7188466204e-05 3.12474930751e-07 0.399715085417 254.600217416
58 6.70595093482e-05 2.73522014898e-07 0.350870545365 254.649062124
59 6.69465152328e-05 2.39511738846e-07 0.307994906882 254.691937909
60 6.68474861527e-05 2.09795774902e-07 0.270358760957 254.729574184
60 6.68474861527e-05 2.09795774902e-07 0.270358760957 254.729574184
