Time S E I R
0 255 0 0 0
1 243.4329 11.5671 0 0
2 228.53768649 20.7978669265 5.29927959082 0.365166992734
3 205.895413275 31.8311316508 15.5407481584 1.73270691612
4 172.503070171 46.0831609291 31.6161708573 4.79759804307
5 130.148846668 60.3881873916 54.0909886199 10.3719773212
6 85.3818016458 69.5358525133 80.8969912426 19.185354599
7 46.5704492796 69.7227804667 107.194342583 31.5124276715
8 19.7325630293 60.608877204 127.718053091 46.9405066762
9 6.56301471537 44.6969338036 139.265015373 64.4750361083
10 1.31961917349 29.5100661958 141.302176627 82.8681380035
11 0.634835116485 17.1249866424 136.216496786 101.023681455
12 0.317900875406 9.87882849319 126.619185376 118.184085255
13 0.168371035543 5.67451483484 115.20347868 133.95363545
14 0.0948136402465 3.25056848676 103.452706562 148.201911311
15 0.0567389494599 1.859123273 92.1426093566 160.941528421
16 0.0359595099413 1.06260587142 81.6441020089 172.25733261
17 0.024022616544 0.607412320684 72.1022310877 182.266333975
18 0.0168296220494 0.347497075634 63.5400092612 191.095664041
19 0.012302109404 0.199114601281 55.917704885 198.870878404
20 0.00933828802098 0.114371515108 49.1661174591 205.710172737
21 0.00732897650744 0.0659279092735 43.2049001437 211.72184297
22 0.00592373635664 0.038189676521 37.9523025731 217.003584013
23 0.0049135755047 0.0222698343061 33.3302052822 221.642611307
24 0.00416959800839 0.0131031873276 29.2663988893 225.716328324
25 0.00360983619404 0.00780169320108 25.6954247698 229.293163699
26 0.00318070103469 0.0047176731592 22.558655114 232.43344651
27 0.0028462275358 0.00290941298582 19.8039370123 235.190307345
28 0.00258172245157 0.00183821667674 17.3851040091 237.61047605
29 0.00236986393688 0.00119516370495 15.2614088571 239.735026113
30 0.00219826386268 0.000802614476714 13.3969623621 241.600036757
31 0.00205789974561 0.000557966509944 11.7601879293 243.237196202
32 0.00194209108074 0.000401659517414 10.323325356 244.674330891
33 0.00184581577918 0.000298894695182 9.06198214992 245.935873137
34 0.00176524531739 0.000229171730698 7.95473218121 247.043273399
35 0.00169742322316 0.000180286755608 6.9827590851 248.015363202
36 0.00164003917075 0.00014487928956 6.1295407748 248.868674304
37 0.00159126790513 0.000118438293943 5.38057108611 249.617719205
38 0.00154965280328 9.81453811346e-05 4.72311461519 250.275237584
39 0.00151402061292 8.21997397153e-05 4.14599103726 250.85241274
40 0.00148341826164 6.94212691582e-05 3.6393855019 251.359061656
41 0.00145706548574 5.90151328349e-05 3.19468203314 251.803801884
42 0.00143431893531 5.04305057819e-05 2.80431718983 252.194198058
43 0.00141464469601 4.32746815707e-05 2.46165154951 252.536890528
44 0.00139759705021 3.72599997177e-05 2.16085686078 252.837708279
45 0.00138280190933 3.21704390171e-05 1.89681696324 253.101768061
46 0.00136994377652 2.78401455607e-05 1.6650408007 253.333561412
47 0.00135875540238 2.41393129471e-05 1.46158605504 253.537031047
48 0.00134900951207 2.09646706031e-05 1.28299210593 253.715637917
49 0.00134051214033 1.82329168902e-05 1.1262211787 253.872420073
50 0.00133309722239 1.58760743048e-05 0.988606681153 254.010044342
51 0.00132662217635 1.38381276319e-05 0.867807851511 254.130851685
52 0.00132096427132 1.20725382579e-05 0.761769946927 254.236897013
53 0.00131601751306 1.05403299151e-05 0.668687341685 254.329986097
54 0.00131169049203 9.20878302494e-06 0.586978905256 254.411700192
55 0.00130790393467 8.05017171422e-06 0.515254743199 254.483429299
56 0.00130458908413 7.04093948396e-06 0.452294869118 254.546393497
57 0.0013016862151 6.16099188236e-06 0.397028337453 254.601663811
58 0.00129914338495 5.39313020834e-06 0.348515066918 254.650180392
59 0.00129691536924 4.72259024539e-06 0.305929849843 254.692768508
60 0.0012949627546 4.13666434324e-06 0.268548315362 254.730152581
60 0.0012949627546 4.13666434324e-06 0.268548315362 254.730152581
