0
0
5.83789938054
19.7522079615
46.1234649616
84.5523510265
122.680394156
146.64452663
153.235126127
148.958547083
139.038325667
126.745722531
113.911478321
101.488539852
89.9304449963
79.4163673339
69.9794759799
61.5787795
54.1387427939
47.5707730941
41.7844982203
36.6935310373
32.2180506299
28.2857414554
24.8318721785
21.7988983998
19.1358948912
16.7979386172
14.7454728262
12.9437027923
11.3620452685
9.97363151784
8.75486335676
7.68501910116
6.74590521591
5.92154915244
5.19792894414
4.56273540726
4.00516315423
3.51572700644
3.08610076325
2.70897562961
2.37793591915
2.08734993262
1.83227416328
1.60836920416
1.41182592907
1.23930069304
1.08785845059
0.954922824599
0.838232276579
0.735801632834
0.645886362212
0.566958975104
0.497676672954
0.436860837394
0.383476843307
0.336616501344
0.295482607008
0.259375377851
0.227680548049
0.227680548049
19.1022523618402
