Time S E I R
0 255 0 0 0
1 243.4329 11.5671 0 0
2 222.8351489 25.5571740924 6.21173486953 0.395942138127
3 176.300591826 53.6187357004 22.87748804 2.20318443327
4 98.111783941 92.9203280346 56.7210150712 7.24687295293
5 27.7077374311 106.776640254 102.84598484 17.6696374748
6 5.75377614808 75.8932551425 139.633861719 33.7191069898
7 0.860713628164 46.1772258842 154.844276883 53.1177836037
8 0.117803030161 26.52706319 154.927277664 73.4278561153
9 0.0170681841663 15.0123713023 146.817994276 93.1525662366
10 0.00281845831239 8.46623918743 134.989120876 111.541821477
11 0.000546543323196 4.7705328038 121.938624541 128.29029611
12 0.000125245368878 2.68748656792 108.978590635 143.33379755
13 3.37214850106e-05 1.51389759121 96.7546110421 156.731457643
14 1.05457789914e-05 0.852779685525 85.5468820434 168.600327723
15 3.77848169819e-06 0.480365998314 75.4397585342 179.079871687
16 1.5295798903e-06 0.270586626633 66.4162242503 188.313187592
17 6.90240455015e-07 0.152419400327 58.4100417878 196.43753812
18 3.42925204677e-07 0.0858569170826 51.3341687871 203.579973951
19 1.85480928394e-07 0.0483638473292 45.0959213262 209.855714639
20 1.081116352e-07 0.0272440088487 39.604750516 215.368005365
21 6.72994815432e-08 0.0153471135009 34.776023164 220.208629653
22 4.43871783773e-08 0.00864539105929 30.5325376459 224.458816916
23 3.08013170525e-08 0.00487033088704 26.8048944275 228.190235208
24 2.23494964757e-08 0.00274390484361 23.5312548923 231.466001178
25 1.68648739418e-08 0.00154599345293 20.6568058693 234.341648118
26 1.31714159579e-08 0.000871054737086 18.1331328813 236.865996048
27 1.06021502688e-08 0.000490775896143 15.917583273 239.081925938
28 8.76329409039e-09 0.000276516839924 13.9726236746 241.027099797
29 7.41391659176e-09 0.000155797705538 12.2652550003 242.734589192
30 6.40176267552e-09 8.77813356008e-05 10.7664812154 244.233430994
31 5.62789637115e-09 4.94590303748e-05 9.45083303781 245.549117495
32 5.02606667396e-09 2.78671211223e-05 8.29594421991 246.704027905
33 4.55099780083e-09 1.57015598479e-05 7.28217644034 247.717807851
34 4.17117007601e-09 8.84706489658e-06 6.39228824958 248.607702897
35 3.86398824048e-09 4.98498150589e-06 5.61114346509 249.388851544
36 3.61305296792e-09 2.80891780834e-06 4.92545463451 250.074542551
37 3.4062281884e-09 1.5828159018e-06 4.32355752889 250.676440883
38 3.23447579831e-09 8.91958709201e-07 3.79521301345 251.204786089
39 3.09086090056e-09 5.02681250609e-07 3.33143302882 251.668566463
40 2.97001179206e-09 2.83328483345e-07 2.92432778065 252.075671931
41 2.86786416837e-09 1.59720874361e-07 2.56697157083 252.433028265
42 2.78112111118e-09 9.0062485899e-08 2.25328500627 252.746714899
43 2.70719624496e-09 5.08034561392e-08 1.97793159187 253.022068353
44 2.64384425464e-09 2.86744804072e-08 1.73622695425 253.263773013
45 2.58947352449e-09 1.61987670286e-08 1.5240591553 253.475940824
46 2.54269139077e-09 9.1633125106e-09 1.33781874178 253.662181245
47 2.50230414167e-09 5.19411340591e-09 1.17433734195 253.825662649
48 2.46734543907e-09 2.95337671985e-09 1.03083376522 253.969166228
49 2.43707631853e-09 1.68719023775e-09 0.904866688218 254.095133306
50 2.41081465902e-09 9.70652646536e-10 0.794293122455 254.205706873
51 2.38802044805e-09 5.64076159302e-10 0.697230038044 254.302769958
52 2.36818209487e-09 3.32788768571e-10 0.612028310585 254.387971686
53 2.35093011725e-09 2.0055608793e-10 0.537238467205 254.46276153
54 2.33580976783e-09 1.24379536965e-10 0.47158807992 254.528411917
55 2.32265051636e-09 8.00113028887e-11 0.413960329722 254.586039667
56 2.31116814575e-09 5.37548146479e-11 0.363374829336 254.636625167
57 2.30119212574e-09 3.78665025604e-11 0.318970999207 254.681028997
58 2.29238139582e-09 2.7961623962e-11 0.279993426534 254.72000657
59 2.28467911256e-09 2.15505447534e-11 0.245779013443 254.754220983
60 2.27794316743e-09 1.72141171901e-11 0.215745695646 254.784254301
60 2.27794316743e-09 1.72141171901e-11 0.215745695646 254.784254301
