Time S E I R
0 255 0 0 0
1 243.4329 11.5671 0 0
2 222.67327314 25.6928519568 6.23708936246 0.396785541125
3 175.412031225 54.2766633018 23.0945011074 2.21680436641
4 96.132277821 94.1104355945 57.4386966286 7.31858995661
5 26.0258109396 107.159974869 103.948498549 17.8657156426
6 5.20379115969 75.2690260433 140.47911626 34.048066537
7 0.749728202315 45.5126256176 155.212357337 53.5252888426
8 0.0992210043838 26.0878443692 154.953779647 73.8591549789
9 0.0139600859543 14.7541450064 146.658112818 93.5737820892
10 0.00224715720844 8.31900493445 134.742981534 111.935766374
11 0.000426159806295 4.68727976909 121.662526204 128.649767867
12 9.57740392096e-05 2.64052664387 108.702330655 143.657046927
13 2.53502482224e-05 1.4874305479 96.4929967574 157.019547344
14 7.81014048812e-06 0.837867058123 85.306466816 168.855658315
15 2.76184982795e-06 0.471964653805 75.2226544045 179.305378179
16 1.10524112529e-06 0.265853820604 66.2222324039 188.511912669
17 4.93741936225e-07 0.149753303947 58.2378307782 196.612415423
18 2.43136753397e-07 0.0843550658209 51.1819180648 203.733726625
19 1.30489382855e-07 0.0475178269142 44.961664974 209.990817067
20 7.55415214826e-08 0.0267674259294 39.4865564255 215.486676071
21 4.67440202101e-08 0.0150786523982 34.6720788346 220.312842464
22 3.06682466089e-08 0.00849415755656 30.4411862815 224.550319528
23 2.11835242681e-08 0.00478514258794 26.7246452589 228.270569575
24 1.53087853505e-08 0.00269591625288 23.4607780848 231.536525981
25 1.15109912713e-08 0.00151895394354 20.5949219344 234.403559098
26 8.96204710443e-09 0.000855819079257 18.078800282 236.920343888
27 7.19415993444e-09 0.000482191134546 15.8698840264 239.129633773
28 5.9321223489e-09 0.000271679538164 13.9307498792 241.068978433
29 5.00813257531e-09 0.000153071929784 12.2284962996 242.771350621
30 4.3164334329e-09 8.62453236585e-05 10.7342133939 244.265700354
31 3.7883864934e-09 4.85934161623e-05 9.42250778521 245.577443615
32 3.37843175657e-09 2.73792661265e-05 8.27108001908 246.728892596
33 3.05527692035e-09 1.54265740576e-05 7.26035049742 247.739634071
34 2.7971509553e-09 8.69203789435e-06 6.37312936986 248.626861933
35 2.58862087321e-09 4.89755995876e-06 5.59432577682 249.405669321
36 2.41848852056e-09 2.75960063168e-06 4.91069206684 250.089305169
37 2.27839791478e-09 1.55497851862e-06 4.31059895741 250.689399483
38 2.16209627979e-09 8.76232199933e-07 3.78383799491 251.216161124
39 2.06489403354e-09 4.93785237388e-07 3.32144805478 251.678551447
40 1.98318161893e-09 2.78286555783e-07 2.91556298767 252.08443673
41 1.91411686501e-09 1.5685502281e-07 2.55927785192 252.440721987
42 1.85553972187e-09 8.84264708332e-08 2.24653147496 252.753468432
43 1.80557435669e-09 4.9863499423e-08 1.97200335591 253.02799659
44 1.76282810571e-09 2.81293200107e-08 1.73102316124 253.268976806
45 1.72613567884e-09 1.58782458637e-08 1.5194912771 253.480508702
46 1.69455915966e-09 8.97121637863e-09 1.33380906852 253.666190918
47 1.66733116203e-09 5.07595087823e-09 1.17081766002 253.82918233
48 1.64379798662e-09 2.87821273805e-09 1.02774419686 253.972255795
49 1.62336277754e-09 1.63739928267e-09 0.902154672833 254.09784532
50 1.60565605256e-09 9.36140680118e-10 0.791912522466 254.208087471
51 1.59027990776e-09 5.39021245013e-10 0.695140353304 254.304859641
52 1.57689328262e-09 3.1378979322e-10 0.610193990815 254.389806004
53 1.56521196004e-09 1.8559175194e-10 0.535628257488 254.464371737
54 1.55503698807e-09 1.12238963617e-10 0.470174641775 254.529825353
55 1.54616941472e-09 6.99338291206e-11 0.412719617127 254.587280378
56 1.53838186634e-09 4.52494560629e-11 0.362285734799 254.63771426
57 1.5316174995e-09 3.06036808972e-11 0.318014994666 254.681985
58 1.52573420564e-09 2.17093973068e-11 0.279154248143 254.720845747
59 1.52053303282e-09 1.61381933131e-11 0.245042384872 254.75495761
60 1.51601398102e-09 1.25108723065e-11 0.215099085196 254.78490091
60 1.51601398102e-09 1.25108723065e-11 0.215099085196 254.78490091
