Time S E I R
0 255 0 0 0
1 243.4329 11.5671 0 0
2 230.466226194 19.1989222449 4.98064670982 0.354204851515
3 214.793772487 25.3847274389 13.2425389173 1.5789611572
4 195.528876312 31.4045043128 24.023070025 4.04354935096
5 173.585185836 36.390703539 36.971389349 8.05272127712
6 149.720799848 40.1934789539 51.2511541866 13.8345670125
7 124.096967869 43.4985982977 65.9018145866 21.5026192482
8 98.256022904 45.4348945576 80.2415597169 31.0675228227
9 76.0569733933 43.1961358433 93.3166289292 42.4302618355
10 57.7939343663 38.5749039289 103.33124131 55.2999203961
11 43.4276894009 32.7909964042 109.55663577 69.2246784263
12 32.4953617411 26.8165392154 111.981867846 83.7062311987
13 24.3961779958 21.2498336759 111.076002254 98.2779860754
14 18.3742009229 16.5466075436 107.528871089 112.550320446
15 13.9507542962 12.6938777782 102.124119709 126.231248218
16 10.8255280201 9.51879473947 95.5320471851 139.123630057
17 8.52688781482 7.11051568208 88.2561271935 151.106469311
18 6.8848621419 5.2460635915 80.7474045964 162.121669672
19 5.67067109738 3.87183131947 73.2984779382 172.159019647
20 4.75419107003 2.87421018176 66.129821646 181.241777104
21 4.04214203096 2.16151209674 59.3800027794 189.416343095
22 3.4962050804 1.63350945727 53.1272545383 196.743030926
23 3.05848551837 1.25686313716 47.396085604 203.288565742
24 2.72442902649 0.962905043053 42.1911392079 209.121526724
25 2.45743463224 0.746420734241 37.4872085702 214.308936065
26 2.23411727718 0.593138581575 33.2582435573 218.914500586
27 2.04769724166 0.479568625073 29.4744667459 222.998267389
28 1.89806538995 0.386406874788 26.099618936 226.615908801
29 1.78034848964 0.307925767605 23.0936324099 229.818093335
30 1.66934210318 0.261625883989 20.4186396246 232.65039239
31 1.58390938974 0.213836291643 18.0480069239 235.154247397
32 1.5088917973 0.179534066465 15.9447293042 237.366844834
33 1.4440472908 0.152541345968 14.0821294508 239.321281914
34 1.38559666309 0.133005583571 12.4341901231 241.047207632
35 1.34016874535 0.110702994375 10.9780367601 242.571091502
36 1.29234802386 0.101932864942 9.6894166634 243.91630245
37 1.2576019722 0.0851380863427 8.55353537735 245.103724566
38 1.22487912682 0.0746398858874 7.54868642522 246.151794564
39 1.18960413318 0.0721227269142 6.66155436765 247.076718774
40 1.16134736155 0.0644257487182 5.8811020254 247.893124866
41 1.13759773713 0.0561962509298 5.19230520257 248.613900811
42 1.1158666985 0.0500598083284 4.58383782692 249.250235668
43 1.09605435567 0.0451289851168 4.04680519728 249.812011464
44 1.07980417424 0.0391710097501 3.5730283808 250.307996437
45 1.06888374537 0.0308098540788 3.15441380678 250.745892596
46 1.05908656803 0.0252507856018 2.78329093516 251.132371713
47 1.04026803253 0.031379556266 2.45502997799 251.473322435
48 1.03435301037 0.0221494879689 2.16916641205 251.774331091
49 1.02515797166 0.0204055075546 1.91431271969 252.040123802
50 1.01461222632 0.0209323085534 1.68974187772 252.274713588
51 1.01063834032 0.0147968764332 1.49269528548 252.481869498
52 0.99904291522 0.0190787381642 1.3171203431 252.664758004
53 0.993990031524 0.0150565647844 1.16464031165 252.826313093
54 0.985304772585 0.0165127525786 1.02907158056 252.969110895
55 0.97695068266 0.0170828485832 0.91058507535 253.095381394
56 0.972883669744 0.0131870995012 0.806743022369 253.207186209
57 0.969060854566 0.0108077627509 0.713948867297 253.306182516
58 0.963454349273 0.0113037723765 0.631476037317 253.393765842
59 0.962040571014 0.00743764530287 0.559238559909 253.471283225
60 0.952791641269 0.0131348540437 0.494216705396 253.539856801
60 0.952791641269 0.0131348540437 0.494216705396 253.539856801
