Time S E I R
0 255 0 0 0
1 243.4329 11.5671 0 0
2 225.500469363 23.3274983277 5.7902014104 0.381830899295
3 190.618419193 43.0363948961 19.3644044619 1.98078144954
4 132.529350712 71.610369793 44.7848650577 6.07541443743
5 65.7118142479 93.0105547431 81.9775712383 14.3000597709
6 19.4452960471 88.165293118 119.817933871 27.5714769642
7 0.16178970427 65.1026528751 144.711263849 45.0242935724
8 0.0394437362189 36.7589559619 153.551401296 64.6501990069
9 0.00945536948461 20.7272211789 149.752799394 84.5105240587
10 0.00242553181141 11.6804133335 139.888562758 103.428598378
11 0.000691844050294 6.58068483522 127.547052747 120.871570575
12 0.000222363103973 3.70716405353 114.638230632 136.654382953
13 8.05495920986e-05 2.08830759188 102.137553715 150.774058145
14 3.2680146262e-05 1.17635643769 90.5057485996 163.317862284
15 1.47146716643e-05 0.662643132521 79.9243038899 174.413038264
16 7.27904344444e-06 0.373264937041 70.4269119964 184.199815789
17 3.9166910426e-06 0.210258713529 61.9723871379 192.817350233
18 2.27084626658e-06 0.118438049761 54.4847127805 200.3968469
19 1.40648094771e-06 0.0667171831803 47.8747171103 207.058564301
20 9.23332038383e-07 0.037582739035 42.0514373973 212.910978941
21 6.38019514554e-07 0.0211711035389 36.9279248005 218.050903459
22 4.61188903955e-07 0.0119262406606 32.4238417938 222.564231505
23 3.46833246567e-07 0.00671843790144 28.4664065445 226.526874671
24 2.70069506314e-07 0.00378497694365 24.9904713157 230.005743438
25 2.16821604226e-07 0.00213255025741 21.9381225658 233.059744668
26 1.78804498319e-07 0.00120156313758 19.2581088501 235.740689409
27 1.50966769752e-07 0.00067701190829 16.9052194216 238.094103417
28 1.30125670239e-07 0.000381461149979 14.839644473 240.159973937
29 1.14216106795e-07 0.000214936879115 13.0263667969 241.973418153
30 1.01861843405e-07 0.000121110361579 11.4346076604 243.565271128
31 9.21235994156e-08 6.82442090769e-05 10.0373266253 244.962605039
32 8.4345600726e-08 3.84565967705e-05 8.81077473235 246.189186727
33 7.8061162867e-08 2.16723432377e-05 7.73409791643 247.265880333
34 7.29317548576e-08 1.22147597428e-05 6.78898642246 248.21100129
35 6.87077488237e-08 6.88539887744e-06 5.95936567583 249.04062737
36 6.52020162306e-08 3.88213068443e-06 5.23112414739 249.768871905
37 6.22723916877e-08 2.18955607482e-06 4.59187403347 250.408123714
38 5.98094800353e-08 1.23554796754e-06 4.0307409332 250.969257771
39 5.772793088e-08 6.9773603147e-07 3.53817908785 251.461820156
40 5.59605553008e-08 3.94473838958e-07 3.10580911962 251.894190429
41 5.44537783753e-08 2.23405873451e-07 2.7262755547 252.273724166
42 5.3164626479e-08 1.26853763315e-07 2.39312173233 252.606878086
43 5.20581693308e-08 7.23133522919e-08 2.10067998611 252.899319888
44 5.11058999564e-08 4.14657679875e-08 1.84397523755 253.156024668
45 5.02844272887e-08 2.39856127764e-08 1.61864036613 253.381359558
46 4.95741971918e-08 1.40520717224e-08 1.42084191885 253.579158016
47 4.89590945563e-08 8.38298085484e-09 1.24721489679 253.752785044
48 4.84253064315e-08 5.12702025561e-09 1.09480551007 253.905194435
49 4.79616346638e-08 3.23943580365e-09 0.961020927822 254.03897902
50 4.75582737636e-08 2.13022050623e-09 0.843585168535 254.156414781
51 4.72070098567e-08 1.46582379135e-09 0.740500380494 254.25949957
52 4.69007943593e-08 1.05722973815e-09 0.650010905337 254.349989046
53 4.66336587124e-08 7.97534453112e-10 0.570579482922 254.429420469
54 4.64004017431e-08 6.25608774849e-10 0.500854741561 254.499145211
55 4.61966180865e-08 5.06484547057e-10 0.439650534647 254.560349418
56 4.60184423901e-08 4.19995725745e-10 0.385925629663 254.614074323
57 4.58626630007e-08 3.5438979888e-10 0.338766037318 254.661233916
58 4.57263524822e-08 3.02710415041e-10 0.297369461956 254.702630492
59 4.56070097243e-08 2.60751303874e-10 0.261031652139 254.738968302
60 4.55024746771e-08 2.25895948584e-10 0.229134419193 254.770865535
60 4.55024746771e-08 2.25895948584e-10 0.229134419193 254.770865535
