Time S E I R
0 255 0 0 0
1 243.4329 11.5671 0 0
2 225.886687765 23.0051233983 5.72844019342 0.379748643158
3 192.632335524 41.5525068168 18.8662730694 1.94888458978
4 137.683195089 68.3463578652 43.0620136703 5.90843337518
5 72.8644196553 89.7566811459 78.5816480151 13.7972511834
6 24.7089833725 87.8693952741 115.852366101 26.5692552516
7 2.39640268447 67.1915530946 141.848256978 43.5637872419
8 0.642151401582 39.106962401 152.326526294 62.9243599028
9 0.167148397834 22.3674717172 149.75419394 82.7111859446
10 0.0459992400893 12.6858336274 140.588264101 101.679903031
11 0.0139330703759 7.16875198029 128.578554834 119.238760115
12 0.00471589873524 4.04470823307 115.785307802 135.165268066
13 0.00178656607335 2.2804571385 103.282540441 149.435215854
14 0.000753638533865 1.28530743813 91.5892583467 162.124680576
15 0.000351072513297 0.724294515768 80.9198366684 173.355517743
16 0.000178909861802 0.408113064217 71.325915324 183.265792702
17 9.88066739751e-05 0.22994466905 62.7757276706 191.994228854
18 5.8608858609e-05 0.129555337286 55.1979009354 199.672485119
19 3.7033601501e-05 0.0729948292573 48.5052803827 206.421687755
20 2.47422661914e-05 0.0411276854871 42.6075012705 212.351346302
21 1.73620568376e-05 0.02317327324 37.4174803116 217.559329053
22 1.27207567289e-05 0.0130574009707 32.8543881577 222.13254172
23 9.68064091467e-06 0.00735781599534 28.8448004271 226.147832076
24 7.61687911677e-06 0.00414661049748 25.3228833077 229.672962465
25 6.17119664525e-06 0.00233730550374 22.2300585513 232.767597972
26 5.13011133307e-06 0.00131767971656 19.5144532611 235.484223929
27 4.36200053855e-06 0.000742990260482 17.1302854684 237.868967179
28 3.78311997906e-06 0.000419053927932 15.037233979 239.962343184
29 3.3386382654e-06 0.000236439569244 13.1998258643 241.799934358
30 2.99171946949e-06 0.000133477055843 11.5868785056 243.412985026
31 2.71703029853e-06 7.54112511673e-05 10.1709947568 244.828927115
32 2.49677248121e-06 4.26546430927e-05 8.9281113108 246.071843538
33 2.31819470287e-06 2.41673973945e-05 7.83709747303 247.162876042
34 2.17199658437e-06 1.37268346183e-05 6.87940027009 248.120583832
35 2.05128233688e-06 7.82515174301e-06 6.03873140797 248.961258717
36 1.95086130361e-06 4.48469142038e-06 5.30079162876 249.699201937
37 1.86677149827e-06 2.59027158463e-06 4.65302826912 250.346967275
38 1.79595008376e-06 1.51289576385e-06 4.08442217387 250.915574518
39 1.73600091102e-06 8.97669952967e-07 3.58530049596 251.414696871
40 1.68502901943e-06 5.44260471718e-07 3.14717228636 251.852825485
41 1.64152092452e-06 3.39506869638e-07 2.76258412657 252.237413893
42 1.60425642548e-06 2.19430419571e-07 2.42499337571 252.575004801
43 1.57224351938e-06 1.47811741133e-07 2.12865689161 252.871341389
44 1.5446695727e-06 1.04108667417e-07 1.86853334173 253.13146501
45 1.52086406047e-06 7.6639963534e-08 1.64019744694 253.359800956
46 1.50027014456e-06 5.87383242077e-08 1.43976470218 253.560233739
47 1.48242281739e-06 4.65780196665e-08 1.26382529474 253.736173176
48 1.46693150782e-06 3.7947293154e-08 1.10938609707 253.890612398
49 1.4534667514e-06 3.15539485204e-08 0.973819747628 254.026178767
50 1.44174933325e-06 2.66319954176e-08 0.854819953824 254.145178577
51 1.43154173315e-06 2.27184064623e-08 0.750362256883 254.249636288
52 1.42264090641e-06 1.95258281049e-08 0.6586676459 254.341330911
53 1.41487342376e-06 1.6870936034e-08 0.578178355416 254.421820212
54 1.40809007121e-06 1.46315957524e-08 0.507525021041 254.492473555
55 1.40216241107e-06 1.27233680078e-08 0.44550569678 254.554492887
56 1.3969797692e-06 1.10853862745e-08 0.391065283033 254.608933308
57 1.3924461939e-06 9.67203509297e-09 0.34327761801 254.656720979
58 1.38847872222e-06 8.44793313118e-09 0.301329721067 254.698668881
59 1.38500547564e-06 7.38484452069e-09 0.264507961517 254.735490645
60 1.38196384114e-06 6.45972427697e-09 0.232185917613 254.767812693
60 1.38196384114e-06 6.45972427697e-09 0.232185917613 254.767812693
