Time S E I R
0 255 0 0 0
1 243.4329 11.5671 0 0
2 225.483670592 23.3415245369 5.79288363 0.381921240934
3 190.530416793 43.1012712057 19.386141088 1.98217091354
4 132.305516536 71.7518167598 44.8599670796 6.0826996243
5 65.4097479284 93.1448378808 82.1235254218 14.3218887688
6 19.2343459622 88.1676736883 119.983503334 27.6144770156
7 0.07814166418 65.0096486634 144.82612182 45.0860878524
8 0.0189734645833 36.6614460882 153.597202951 64.7223774964
9 0.00453225554739 20.6612434626 149.749051336 84.5851729458
10 0.00115913522515 11.6406469149 139.857422569 103.500771381
11 0.00032977204657 6.55763904951 127.503290658 120.93874052
12 0.000105755006501 3.69400649123 114.590372839 136.715514914
13 3.82351136352e-05 2.08084250454 102.090170632 150.828948628
14 1.54864612227e-05 1.17213323023 90.4611116981 163.366739585
15 6.96274594247e-06 0.660257372704 79.8834008946 174.45633477
16 3.43990041074e-06 0.371918205766 70.3900357183 184.238042636
17 1.84885035992e-06 0.209498815058 61.93946886 192.851030476
18 1.07088158074e-06 0.118009369043 54.455507863 200.426481697
19 6.62691917341e-07 0.0664753719875 47.8489065744 207.084617391
20 4.34716355358e-07 0.0374463379938 42.0286825287 212.933870699
21 3.00187593893e-07 0.0210941558416 36.9078951008 218.071010444
22 2.16862133584e-07 0.0118828257215 32.4062284393 222.581888519
23 1.63005694276e-07 0.00669393677898 28.4509278899 226.542378011
24 1.26870958184e-07 0.00377114555674 24.9768742875 230.019354441
25 1.01816368669e-07 0.00212473772507 21.9261815716 233.07169359
26 8.39349354465e-08 0.00119714624926 19.2476238843 235.751178887
27 7.08456866505e-08 0.000674512258547 16.8960139384 238.10331148
28 6.10490644704e-08 0.000380044495499 14.8315628986 240.168056997
29 5.35724495876e-08 0.000214132366547 13.0192722288 241.980513586
30 4.77679122923e-08 0.000120652155676 11.4283797341 243.571499567
31 4.31933528944e-08 6.79821599845e-05 10.0318595767 244.968072399
32 3.95403105813e-08 3.83058468166e-05 8.80597566069 246.193985995
33 3.65891708043e-08 2.15848965259e-05 7.72988523905 247.270093141
34 3.41807435689e-08 1.21634398747e-05 6.78528850669 248.214699297
35 3.21976187934e-08 6.85479480251e-06 5.95611963156 249.043873483
36 3.05518597088e-08 3.86348504403e-06 5.22827476352 249.771721344
37 2.91767321414e-08 2.17787817694e-06 4.58937284224 250.410624952
38 2.80207075321e-08 1.22798232892e-06 4.02854538765 250.971453358
39 2.70437965355e-08 6.92639792535e-07 3.53625183918 251.463747443
40 2.62143657892e-08 3.90894553666e-07 3.10411738246 251.895882202
41 2.55073189237e-08 2.20785543245e-07 2.72479054973 252.275209206
42 2.49023344168e-08 1.24860813241e-07 2.39181819687 252.608181655
43 2.43831550506e-08 7.07470262575e-08 2.09953574452 252.900464162
44 2.39363373566e-08 4.0201557574e-08 1.842970824 253.157029114
45 2.35508537116e-08 2.29439809729e-08 1.61775869351 253.382241262
46 2.3217666012e-08 1.31804248927e-08 1.42006798809 253.579931978
47 2.2929015131e-08 7.64519751948e-09 1.24653554171 253.75346443
48 2.26785914492e-08 4.49730711168e-09 1.09420917342 253.905790802
49 2.24611085287e-08 2.69867560476e-09 0.960497464667 254.039502513
50 2.22718483656e-08 1.66375952913e-09 0.843125673656 254.156874305
51 2.21070592943e-08 1.06210736738e-09 0.740097036903 254.259902943
52 2.19634159748e-08 7.06936378321e-10 0.649656851164 254.350343129
53 2.18380762362e-08 4.93002256344e-10 0.570268694965 254.429731286
54 2.17285958115e-08 3.60454186615e-10 0.50058193251 254.499418049
55 2.16330704461e-08 2.75333956738e-10 0.439411063392 254.560588918
56 2.15494821987e-08 2.18287871477e-10 0.385715422256 254.614284559
57 2.14764099837e-08 1.78229839356e-10 0.338581517662 254.661418464
58 2.14123474507e-08 1.48756488035e-10 0.297207490968 254.702792491
59 2.13563566831e-08 1.2612591908e-10 0.260889474346 254.739110508
60 2.13072723909e-08 1.08114122828e-10 0.22900961585 254.770990367
60 2.13072723909e-08 1.08114122828e-10 0.22900961585 254.770990367
