0
0
5.35371313922
15.9485815428
33.0018849637
57.190756689
85.9010141269
113.182995102
133.101751012
142.861465916
142.854554891
135.625481358
124.983815222
113.126472052
101.260323002
90.0054965009
79.6455722164
70.2771686795
61.897041423
54.4517565531
47.8654634018
42.055062205
36.9381695603
32.4371259305
28.4807108733
25.0046756267
21.9516408973
19.2706649023
16.9167054673
14.8500478026
13.035727144
11.4429913271
10.0448115232
8.81744184602
7.74002654965
6.79425167163
5.96403721093
5.23526575466
4.59554359502
4.03399064962
3.54105582814
3.10835482946
2.72852768234
2.39511364849
2.1024413847
1.84553251017
1.62001694744
1.42205860195
1.24829011929
1.09575561227
0.961860384795
0.844326798146
0.741155529428
0.65058960252
0.571090612986
0.501306163533
0.440049198703
0.386277681265
0.339076909557
0.297643957473
0.261274015759
0.261274015759
11.1904031418954
