Time S E I R
0 255 0 0 0
1 243.4329 11.5671 0 0
2 230.084040907 19.5152885931 5.04426745577 0.356403044365
3 213.088009463 26.6139710906 13.688853754 1.60916569295
4 191.209793234 34.1396504562 25.4620097445 4.18854656625
5 165.346576507 40.9630757375 40.1976226173 8.49272513873
6 136.747691318 46.3945360799 57.0046633561 14.8531092465
7 106.556448496 50.4494078385 74.5359921273 23.4581515386
8 77.4819098521 51.7570039053 91.4381162633 34.3229699797
9 54.1749247367 47.5334002443 106.032988688 47.2586863309
10 36.8124548945 40.2783114882 116.103256613 61.8059770041
11 24.6927595891 32.0120730916 120.974402979 77.3207643396
12 16.574531101 24.2309410589 121.049266215 93.1452616244
13 11.2764659056 17.6711583935 117.334375556 108.718000144
14 7.73003067925 12.6625133047 110.986046923 123.621409092
15 5.35723890116 8.96194680709 103.094449941 137.586364349
16 3.86776712062 6.18659220908 94.4777512787 150.46788939
17 2.84310482455 4.27609720711 85.6724409733 162.208356993
18 2.18542176236 2.90984363347 77.0923840476 172.812350555
19 1.72954118137 1.9860127451 68.959494408 182.324951664
20 1.39944969427 1.37116598779 61.4146549575 190.814729359
21 1.14405351231 0.971469972538 54.5212694464 198.363207067
22 0.956973892425 0.693199202595 48.2931341565 205.056692747
23 0.803773308039 0.513052950222 42.7028636397 210.980310101
24 0.697509663878 0.372404596137 37.7150293793 216.21505636
25 0.614414762541 0.275269205987 33.2744759202 220.835840111
26 0.540840267517 0.214900987735 29.3333678087 224.910890936
27 0.477385904864 0.17381200911 25.8464103288 228.502391757
28 0.429506717278 0.13744093268 22.7666057188 231.666446631
29 0.396545523907 0.10374776214 20.0467267044 234.452980009
30 0.356547665961 0.0930321571285 17.6443426877 236.906077489
31 0.330979590574 0.0736841110476 15.5301087564 239.065227542
32 0.306666369634 0.0623081359984 13.6656245158 240.965400979
33 0.284966521392 0.0539300929923 12.0237419367 242.637361449
34 0.263378767737 0.0496180945426 10.5785967617 244.108406376
35 0.249566090658 0.0398501583021 9.30788120485 245.402702546
36 0.228941320806 0.0414760303527 8.18817398266 246.541408666
37 0.217666485349 0.0333486510109 7.20566683687 247.543318027
38 0.205247508921 0.0301242838602 6.33971735836 248.424910849
39 0.187576809104 0.0337430128215 5.57810221711 249.200577961
40 0.174621042354 0.0312417332214 4.91086380834 249.883273416
41 0.164196097568 0.0274318495325 4.32402193204 250.484350121
42 0.154086740139 0.0250716285459 3.80724651122 251.01359512
43 0.144425142815 0.0233793673221 3.35258090581 251.479614584
44 0.137052707535 0.020207624541 2.95272062929 251.890019039
45 0.133905050748 0.0142510724339 2.60038137561 252.251462502
46 0.13091738574 0.0107746988029 2.28863788199 252.569670034
47 0.118067303943 0.0187124414733 2.01354359018 252.849676665
48 0.117391800343 0.011052080902 1.77525592423 253.096300195
49 0.112799885146 0.0106736209734 1.56295117138 253.313575323
50 0.106298918895 0.0123917103688 1.3764155084 253.504893863
51 0.105882840086 0.0072954242582 1.21335442506 253.673467311
52 0.097417669638 0.0124860266786 1.06813427204 253.821962032
53 0.0951214379838 0.00925806670131 0.942756568502 253.952863927
54 0.0888662119165 0.0114086771943 0.831377414239 254.068347697
55 0.0826557083086 0.0125864831551 0.734473824508 254.170283984
56 0.0804825710408 0.00922186095415 0.649882692814 254.260412875
57 0.0783334915093 0.00730824906506 0.574254293813 254.340103965
58 0.0742053107488 0.00821441094152 0.507084528737 254.410495749
59 0.0740979884977 0.00470929190585 0.448486984698 254.472705734
60 0.0660033274224 0.0107249600476 0.395620290206 254.527651421
60 0.0660033274224 0.0107249600476 0.395620290206 254.527651421
