Time S E I R
0 255 0 0 0
1 243.4329 11.5671 0 0
2 225.66081782 23.1936327981 5.76458176497 0.380967617219
3 191.456740712 42.4185173286 19.157214578 1.96752738172
4 134.667549399 70.2578384485 44.0686455618 6.0059665913
5 68.6334323274 91.6982025599 80.5768579066 14.0915072067
6 21.5329760202 88.099881351 118.208628373 27.1585142561
7 1.01437489194 65.9830342114 143.575362551 44.4272283458
8 0.257127921691 37.7092975456 153.08424631 63.9493282232
9 0.0637642917597 21.3788838104 149.774160831 83.7831910677
10 0.0168373968919 12.0759191228 140.183386995 102.723856486
11 0.004923072118 6.81074840867 127.969544255 120.214784265
12 0.00161645738183 3.83879425182 115.103468356 136.056120935
13 0.000596490612253 2.16308732065 102.599732112 150.236584077
14 0.000245935916411 1.21869858591 90.9419549154 162.839100563
15 0.000112304575538 0.686578268333 80.3244633125 173.988846115
16 5.62425543364e-05 0.386782895122 70.7879222288 183.825238634
17 3.05907395557e-05 0.217889594934 62.2947865297 192.487293285
18 1.79044120898e-05 0.122744567863 54.77082111 200.106416418
19 1.11815570563e-05 0.0691473588256 48.1276159547 206.803225505
20 7.39402429417e-06 0.0389541033033 42.274420914 212.686617589
21 5.1419159206e-06 0.021945064764 37.1242176082 217.853832185
22 3.7376530031e-06 0.0123631331374 32.5964623599 222.391170769
23 2.82470341517e-06 0.00696513931547 28.6181105657 226.37492147
24 2.20901364401e-06 0.00392434177796 25.1237364983 229.872336951
25 1.78019351438e-06 0.00221133757347 22.0551584427 232.94262844
26 1.47293849295e-06 0.00124615587944 19.3608748437 235.637877528
27 1.24724792272e-06 0.000702285002088 16.9954454012 238.003851067
28 1.07781747261e-06 0.000395812175439 14.9188549766 240.080748134
29 9.48166444914e-07 0.000223108045911 13.0959034833 241.903872461
30 8.47275742899e-07 0.000125780759384 11.495650168 243.504223204
31 7.6760028378e-07 7.09282411103e-05 10.0909115307 244.909016774
32 7.03859967643e-07 4.00109735957e-05 8.85781255787 246.142146728
33 6.52285791602e-07 2.25822283831e-05 7.7753882663 247.2245885
34 6.10137846024e-07 1.27553053378e-05 6.82523138569 248.17475525
35 5.75390856739e-07 7.21296384491e-06 5.99118165713 249.008810556
36 5.46524574929e-07 4.0858120073e-06 5.25905228949 249.74094308
37 5.22381753854e-07 2.32031564149e-06 4.61638938684 250.383607772
38 5.02069781305e-07 1.3226875385e-06 4.05226051708 250.94773766
39 4.84891984343e-07 7.58224726401e-07 3.55706897293 251.442929786
40 4.70298317623e-07 4.38235608514e-07 3.122390649 251.877608445
41 4.57850518387e-07 2.56321819365e-07 2.74083080681 252.259168482
42 4.47195645847e-07 1.52470718715e-07 2.40589831747 252.594101086
43 4.38047322859e-07 9.2819137695e-08 2.1118952576 252.888104215
44 4.30171382959e-07 5.82481146257e-08 1.8538199886 253.146179526
45 4.23374672209e-07 3.79542252485e-08 1.62728207521 253.372717466
46 4.17497091121e-07 2.5825557836e-08 1.4284275986 253.571571961
47 4.12405000816e-07 1.83984006025e-08 1.25387359487 253.746125977
48 4.07986391338e-07 1.37049088175e-08 1.10065050444 253.899349077
49 4.04146788924e-07 1.06230305607e-08 0.96615165377 254.033847935
50 4.00806186462e-07 8.50962069464e-09 0.848088910257 254.151910684
51 3.97896599225e-07 6.9932493739e-09 0.744453755962 254.255545843
52 3.95359876393e-07 5.85691548993e-09 0.653481170981 254.346518432
53 3.93146478928e-07 4.9724590565e-09 0.573625675012 254.426373931
54 3.91213774265e-07 4.26208606165e-09 0.503528683517 254.496470925
55 3.8952512682e-07 3.67749848003e-09 0.44199771622 254.558001895
56 3.88048817968e-07 3.18767591634e-09 0.387985981594 254.612013632
57 3.86757506021e-07 2.77190111062e-09 0.340574610663 254.659425005
58 3.85627572541e-07 2.41573359935e-09 0.298957024398 254.701042593
59 3.84638383366e-07 2.10866390794e-09 0.262425211431 254.737574407
60 3.8377220335e-07 1.84273183669e-09 0.230357682637 254.769641937
60 3.8377220335e-07 1.84273183669e-09 0.230357682637 254.769641937
