0
0
6.43965733249
24.8484136719
63.1223980464
112.086086412
146.164056178
157.415227004
154.864834577
145.368827847
132.918576489
119.669312246
106.7317504
94.6387193203
83.6086422532
73.6927940214
64.8570672064
57.0269560473
50.11195594
44.0184767071
38.6563872471
33.9420956359
29.7996972246
26.1611497479
22.9659201023
20.1604094186
17.6973144253
15.5349761496
13.6367456851
11.9704072058
10.5076560968
9.22363218708
8.09650513565
7.10710773221
6.23861245815
5.47624669868
4.80704226445
4.21961524478
3.70397260705
3.25134234202
2.8540243162
2.50525932243
2.19911411701
1.93038049671
1.69448670373
1.48741965442
1.30565667018
1.14610555008
1.00605196624
0.883113287289
0.775198044481
0.680468426378
0.597315012229
0.524323122328
0.460251021805
0.404008687449
0.354639301667
0.311302974283
0.27326245355
0.239870583281
0.210559292716
0.210559292716
28.4617691447375
