Time S E I R
0 255 0 0 0
1 243.4329 11.5671 0 0
2 228.5124193 20.8188561357 5.30341604134 0.365308522797
3 205.774242184 31.9194259615 15.5715895075 1.73474234699
4 172.183642488 46.2878765482 31.7206575688 4.80782339459
5 129.564677943 60.7060802889 54.3254826774 10.4037590898
6 84.6055358366 69.8562361829 81.280619592 19.2576083876
7 45.8072484017 69.8862306136 107.665050461 31.6414705227
8 19.1593077798 60.5537238539 128.156821301 47.130147064
9 6.2163086775 44.4957807336 139.573795795 64.7141147927
10 1.13603551647 29.2760304818 141.450932872 83.1370011283
11 0.543596143598 16.9252911291 136.228506821 101.302605905
12 0.27099615922 9.73376762874 126.537259095 118.457977116
13 0.14299739736 5.57696284713 115.067112131 134.212927624
14 0.080276986984 3.18762925593 103.290594038 148.441499719
15 0.047915485322 1.81944863103 91.9732743747 161.159361509
16 0.0303008052178 1.03791353893 81.4785334819 172.453252174
17 0.0202043584063 0.592137174155 71.9463957862 182.441262681
18 0.0141317883389 0.338059299403 63.3967282191 191.251080693
19 0.0103156128835 0.193268255688 55.7879202381 199.008495893
20 0.00782087387228 0.110728134295 49.0497009041 205.831750087
21 0.00613157410351 0.0636363290064 43.1011504423 211.829081654
22 0.00495134807957 0.0367303594572 37.8602449451 217.098073347
23 0.00410369381046 0.0213259826446 33.2487646797 221.725805644
24 0.00347988488986 0.0124813350693 29.1944977589 225.789541021
25 0.00301085446671 0.00738326565203 25.6320359643 229.357569915
26 0.00265148989089 0.00442952745543 22.5028262787 232.490092703
27 0.00237154110727 0.00270608236811 19.7548009902 235.240121385
28 0.00215025449847 0.00169113981165 17.3418795474 237.654279057
29 0.00197308251842 0.00108618596242 15.2233984769 239.773542253
30 0.00182962746277 0.000720016469357 13.3635459509 241.633904404
31 0.00171232089298 0.000494055499396 11.7308160361 243.266977586
32 0.00161556188885 0.000351291535305 10.2975122852 244.70052086
33 0.00153514198706 0.00025856086563 9.03929927181 245.958907024
34 0.00146785435135 0.000196428183749 7.93480166975 247.063534046
35 0.00141122360552 0.000153395041032 6.96524817672 248.033187203
36 0.00136331610366 0.00012257671511 6.11415657368 248.884357532
37 0.00132260471301 9.9789171345e-05 5.36705590459 249.6315217
38 0.00128787111157 8.24431802928e-05 4.71124181855 250.287387866
39 0.00125813427576 6.89016551668e-05 4.13556135319 250.86311161
40 0.00123259750032 5.810369597e-05 3.63022375189 251.368485546
41 0.00121060869631 4.93428264421e-05 3.18663424332 251.812105804
42 0.00119163031772 4.21348356113e-05 2.79724804099 252.201518193
43 0.00117521634763 3.61380258416e-05 2.45544212877 252.543346516
44 0.00116099451475 3.11043562698e-05 2.1554026809 252.843405219
45 0.00114865242608 2.68489787258e-05 1.89202621863 253.106798279
46 0.00113792665709 2.32308532447e-05 1.66083283268 253.338006009
47 0.00112859409813 2.01401326884e-05 1.45789000161 253.540961263
48 0.00112046503523 1.74897517164e-05 1.27974571425 253.71911633
49 0.00111337757656 1.52096766636e-05 1.12336976094 253.875501651
50 0.00110719313156 1.32428749685e-05 0.986102196497 254.012777367
51 0.00110179271772 1.15424209827e-05 0.865608099239 254.133278565
52 0.00109707392582 1.00693704493e-05 0.759837857209 254.239054999
53 0.00109294831856 8.79113317697e-06 0.666990351673 254.331907908
54 0.00108933963233 7.68036654466e-06 0.585488412768 254.413414566
55 0.0010861817324 6.71391067926e-06 0.513945624132 254.484961479
56 0.0010834172605 5.87209472167e-06 0.451145055564 254.547765654
57 0.00108099639496 5.1381428124e-06 0.396018445921 254.602895418
58 0.00107887580779 4.49769926621e-06 0.34762807194 254.651288553
59 0.0010770177764 3.9384422429e-06 0.305150797232 254.693768245
60 0.00107538942638 3.44976749495e-06 0.26786407031 254.731057089
60 0.00107538942638 3.44976749495e-06 0.26786407031 254.731057089
