0
0
4.77230851699
11.8268711515
19.6105483622
27.3269295904
34.1698260782
39.728986942
44.3245957664
48.2505799885
50.8320563632
52.0650290795
52.1898938259
51.5114491841
50.2846615538
48.7487342093
47.0360644055
45.1768355914
43.2468523044
41.265932453
39.2713242948
37.2918094994
35.3505565277
33.4548419419
31.6172016853
29.8358525172
28.1169963068
26.4678379478
24.8906276322
23.3830834027
21.9430808409
20.57729393
19.279208993
18.0495975009
16.8870132232
15.7904016407
14.7547249334
13.7820379857
12.8653522694
12.0040989987
11.1983069049
10.4425171337
9.73358791224
9.06960672603
8.44834273204
7.86674784276
7.32139740086
6.81121290905
6.338725819
5.89507704182
5.48158469342
5.0971709425
4.73714876958
4.40421890607
4.09306716489
3.80451840495
3.53663125647
3.28615805127
3.05257761616
2.83590926265
2.63316619467
2.63316619467
1.16864498356205
