Time S E I R
0 255 0 0 0
1 243.4329 11.5671 0 0
2 226.768958978 22.2694329721 5.58665470626 0.374953344008
3 197.161217262 38.2218587008 17.7405422512 1.87638178641
4 149.457033499 60.8473693254 39.1644146681 5.53118250816
5 90.586081531 81.1870589486 70.580843925 12.6460155961
6 39.9897576414 85.1761239571 105.643322785 24.1907956174
7 10.4168354528 71.1683782088 133.479430892 39.9353554475
8 3.49316716272 45.1149937688 147.933845242 58.4579938274
9 1.10872447538 27.1316309708 148.84721083 77.9124337247
10 0.361316549158 15.8210438973 141.896938291 96.9207012637
11 0.126321543489 9.08128419658 131.056777658 114.735616603
12 0.0483300476487 5.17181806491 118.756981016 131.022870873
13 0.0203453770505 2.93355610344 106.356218423 145.689880098
14 0.00940269128944 1.66042143602 94.5556274869 158.774548387
15 0.00474195330435 0.938710790378 83.6774273063 170.379119951
16 0.00258983222221 0.5303485208 73.8342688876 180.63279276
17 0.00151953400177 0.299528650286 65.0275363699 189.671415446
18 0.00095038174436 0.169142349051 57.2029730488 197.626934221
19 0.000629047560807 0.0955147540955 50.2814894568 204.622366742
20 0.000437724539836 0.0539461691416 44.1758596242 210.769756483
21 0.000318320735005 0.0304774163875 38.7994239347 216.169780329
22 0.000240645680407 0.017226401026 34.0704445801 220.912088374
23 0.00018823702257 0.00974317334731 29.9139609388 225.076107652
24 0.000151722517842 0.00551600286499 26.26236334 228.731968936
25 0.000125554589943 0.00312721498551 23.0552893939 231.941457838
26 0.000106330434619 0.00177633816316 20.2391627823 234.758954551
27 9.18964377661e-05 0.00101166760333 17.766623972 237.232272466
28 8.08499458458e-05 0.000578296652459 15.5959224701 239.403418385
29 7.22530119219e-05 0.000332289459216 13.6903082277 241.309287232
30 6.54632512465e-05 0.00019232786361 12.0174634551 242.982278756
31 6.00310527261e-05 0.000112451253656 10.5489865118 244.450841008
32 5.56354233368e-05 6.66682787937e-05 9.25992775603 245.739949942
33 5.20429912285e-05 4.02693384584e-05 8.12837584327 246.871531846
34 4.90812333851e-05 2.49212055593e-05 7.13509103936 247.86483496
35 4.66206386989e-05 1.58965602062e-05 6.26318134418 248.73675614
36 4.45626026533e-05 1.05087738098e-05 5.49781706434 249.502127866
37 4.28310693508e-05 7.22723684967e-06 4.82597962766 250.173970316
38 4.13666681425e-05 5.17705332096e-06 4.23624073224 250.763712726
39 4.01225394171e-05 3.85589650086e-06 3.71856827998 251.281387744
40 3.90613203649e-05 2.97361161631e-06 3.26415590988 251.735802058
41 3.81529412721e-05 2.36123886214e-06 2.86527329724 252.134686191
42 3.73729935745e-05 1.91932651191e-06 2.51513470951 252.484826001
43 3.6701507895e-05 1.58850242953e-06 2.20778360372 252.792178109
44 3.61220291722e-05 1.33267087002e-06 1.93799131433 253.061971234
45 3.56209089318e-05 1.12938204115e-06 1.70116811473 253.298795138
46 3.51867592769e-05 9.642852281e-07 1.49328514328 253.506678709
47 3.4810026591e-05 8.27913111726e-07 1.31080586786 253.689158498
48 3.44826570142e-05 7.13801642811e-07 1.15062592425 253.849338883
49 3.4197830928e-05 6.17378643283e-07 1.01002030556 253.989944883
50 3.39497507866e-05 5.35297553729e-07 0.886597004814 254.113368514
51 3.37334702465e-05 4.65030982981e-07 0.778256322096 254.221709483
52 3.35447512896e-05 4.04615503129e-07 0.683153207702 254.316812847
53 3.3379964492e-05 3.52496185553e-07 0.599671909021 254.400294363
54 3.3235982329e-05 3.07412875159e-07 0.526392177353 254.473574284
55 3.31101070117e-05 2.68331251979e-07 0.462067387638 254.537899239
56 3.30000068516e-05 2.34392243496e-07 0.405603223836 254.594363547
57 3.2903662941e-05 2.04875755105e-07 0.356039099709 254.643927797
58 3.2819324332e-05 1.79173749828e-07 0.312531816627 254.68743519
59 3.27454702358e-05 1.567697922e-07 0.2743412184 254.725625884
60 3.2680778304e-05 1.37223158967e-07 0.240817599078 254.759149588
60 3.2680778304e-05 1.37223158967e-07 0.240817599078 254.759149588
