Time S E I R
0 255 0 0 0
1 243.4329 11.5671 0 0
2 227.984190534 21.2578746778 5.38967927767 0.36825551099
3 203.216078089 33.7861358645 16.2203745219 1.77741152476
4 165.426926373 50.6198880989 33.9297828219 5.02340270648
5 117.411756582 67.2619571782 59.2522262023 11.0740600378
6 69.1398675785 75.9468925742 89.1447816353 20.7684582123
7 31.6164017808 72.2053315742 116.886744557 34.291522088
8 9.3726552726 58.4843622069 136.211059415 50.9319231058
9 0.82216167976 40.0559337111 144.734320943 69.3875836661
10 0.343312029427 22.9124275242 143.469895757 88.274364689
11 0.147861234284 13.0487869337 135.311182512 106.492169319
12 0.0676040902652 7.40882649016 124.10602573 123.417543688
13 0.0331875882576 4.19849983776 111.963357423 138.804955149
14 0.0175267884111 2.37646569101 99.9934219877 152.612585531
15 0.00992877380494 1.34423250897 88.7427896972 164.903049018
16 0.0060022872228 0.760092274345 78.4460692087 175.787836228
17 0.00384905673261 0.429745769972 69.1695065801 185.396898591
18 0.00260228577494 0.242996655009 60.8919281589 193.862472898
19 0.00184408663645 0.137441729119 53.5497936018 201.31092058
20 0.00136235210931 0.0777790098211 47.0618837384 207.858974897
21 0.00104413635381 0.0440510932982 41.3425129375 213.61239183
22 0.000826571114914 0.0249772530092 36.3083177044 218.665878469
23 0.000673237753261 0.0141851078516 31.88153925 223.103602402
24 0.000562244370144 0.00807400550908 27.9913217625 227.000041985
25 0.000479990463219 0.00461021783334 24.5740117346 230.420898054
26 0.000417762340049 0.00264412123784 21.5729028322 233.424035281
27 0.000369821053766 0.00152579082374 18.9377394628 236.060364922
28 0.000332292382552 0.000887888212965 16.6241407929 238.374639023
29 0.000302500720039 0.000522673833836 14.5930071834 240.406167639
30 0.000278558595909 0.000312511793246 12.8099322794 242.189476647
31 0.00025910878685 0.000190726597911 11.2446662332 243.754883928
32 0.000243158064222 0.000119479499035 9.87062855981 245.129008799
33 0.000229967749647 7.72608352827e-05 8.66447150039 246.335221267
34 0.000218980260286 5.18160061676e-05 7.60569164201 247.394037558
35 0.000209768917216 3.61424310828e-05 6.67628611246 248.323467972
36 0.000202003074151 2.62227097193e-05 5.86044915537 249.139322615
37 0.000195423512253 1.97397692248e-05 5.14430485911 249.855479974
38 0.000189824826464 1.53477271223e-05 4.51567202203 250.484122802
39 0.000185042645029 1.22574664568e-05 3.96385745367 251.035945243
40 0.000180944238792 1.00006048002e-05 3.47947436555 251.520334686
41 0.00017742153733 8.2947070759e-06 3.05428285828 251.945531422
42 0.000174385877813 6.96604644287e-06 2.68104984624 252.318768798
43 0.00017176401343 5.90514165772e-06 2.35342606805 252.646396259
44 0.000169495049931 5.0410106438e-06 2.06583810825 252.933987352
45 0.000167528070534 4.32614730505e-06 1.81339360358 253.186434539
46 0.000165820279193 3.72766875647e-06 1.59179802699 253.408032422
47 0.000164335535317 3.222033024e-06 1.39728163713 253.602550802
48 0.000163043189161 2.79183763782e-06 1.22653535252 253.773298809
49 0.000161917147778 2.42384211018e-06 1.07665446069 253.923181195
50 0.000160935121187 2.10771857245e-06 0.945089205301 254.054747749
51 0.000160078009458 1.83524187234e-06 0.829601411044 254.170236673
52 0.0001593294011 1.59974952194e-06 0.728226408682 254.271612659
53 0.000158675144348 1.39576488484e-06 0.639237647264 254.360602279
54 0.000158103053337 1.21875396613e-06 0.561123447543 254.438717228
55 0.0001576025725 1.06491306752e-06 0.492554869349 254.507286461
56 0.00015716455701 9.31035012901e-07 0.432365462119 254.56747644
57 0.000156781070899 8.14399554587e-07 0.379531278527 254.620311124
58 0.000156445218551 7.12688646131e-07 0.333153500818 254.666689339
59 0.000156151000851 6.23919164161e-07 0.292443149707 254.707400073
60 0.000155893192982 5.46388863487e-07 0.256707661821 254.743135896
60 0.000155893192982 5.46388863487e-07 0.256707661821 254.743135896
