Time S E I R
0 255 0 0 0
1 243.4329 11.5671 0 0
2 231.653137355 18.2180990111 4.78147690238 0.347286731716
3 219.89289646 21.7333856824 11.8876618235 1.48605603419
4 208.00187452 23.5945086144 19.794699963 3.60891690305
5 196.959735194 23.5575463854 27.7187285145 6.76398990678
6 186.90050748 22.354178753 34.8500313091 10.8952824584
7 176.728016498 21.640469922 40.7625347516 15.8689788293
8 166.289287385 21.4091662166 45.753232318 21.5483140808
9 157.750101482 19.3256992152 50.091074114 27.833125189
10 150.475588013 16.8573753378 53.0795796118 34.5874570377
11 144.073753447 14.5959994157 54.6967216013 41.6335255364
12 138.262510502 12.7603965664 55.1684137021 48.8086792301
13 132.916755063 11.3093091277 54.7892126212 55.9847231891
14 127.847462843 10.2757998291 53.8081632593 63.0685740695
15 123.075040602 9.46394954221 52.4622109021 69.9987989548
16 118.717426627 8.66083134552 50.8844246768 76.737317352
17 114.644066552 7.99182506583 49.1080002333 83.2561081506
18 110.910054471 7.34180715727 47.2131817011 89.5349566725
19 107.452882862 6.76204413311 45.2249850915 95.5600879157
20 104.247736614 6.24373320981 43.186217914 101.322312265
21 101.268890305 5.78247607438 41.1312088114 106.817424812
22 98.5196261113 5.34662647207 39.088453785 112.045293634
23 95.9691652726 4.95226445804 37.070238021 117.008332251
24 93.6271195087 4.56825952029 35.093694647 121.710926327
25 91.4656627028 4.21451845404 33.1611923119 126.158626534
26 89.4638544209 3.89567392311 31.2826181694 130.357853489
27 87.6134472555 3.60181160879 29.4683743716 134.316366767
28 85.9110220696 3.32263549583 27.7234459764 138.042896461
29 84.3475569597 3.05810805881 26.0478674696 141.546467515
30 82.8930091394 2.82944255465 24.4414497891 144.83609852
31 81.5601157672 2.60603906703 22.9124369288 147.92140824
32 80.3282252376 2.40409915655 21.4555683584 150.81210725
33 79.1912930347 2.21837515472 20.0725934033 153.51773841
34 78.1398890704 2.04941817791 18.7627983262 156.047894428
35 77.1751423922 1.88711596017 17.5256505992 158.412091051
36 76.2765786456 1.74748804745 16.3564599448 160.619473365
37 75.4546197064 1.6088206489 15.2574773842 162.679082263
38 74.6936962572 1.48493064034 14.2217873207 164.599585784
39 73.9849214467 1.37707213389 13.2487957694 166.389210652
40 73.3337137187 1.27172153456 12.3384198198 168.056144929
41 72.7337878268 1.17302585283 11.4850245598 169.608161763
42 72.1791961358 1.08309367832 10.6852461589 171.052464029
43 71.6666122081 1.0005716161 9.9369135304 172.395902647
44 71.1946715689 0.922798093194 9.23751017386 173.645020166
45 70.7623717444 0.847973616283 8.58368492644 174.805969715
46 70.3629846086 0.780875661603 7.9717011816 175.88443855
47 69.9840194272 0.730019583868 7.40016445385 176.885796537
48 69.6450869938 0.668132287239 6.87128629394 177.815494427
49 69.3279580642 0.617708018311 6.37589151883 178.678442401
50 69.0327100386 0.573203861119 5.91499263027 179.479093472
51 68.7654764011 0.525450679555 5.48721365402 180.221859267
52 68.5104652307 0.49124404042 5.08758122786 180.910709503
53 68.2803158827 0.451659345196 4.71852226808 181.549502506
54 68.0634466459 0.420261310984 4.37446074291 182.141831302
55 67.8625385787 0.390478753895 4.05597465492 182.691008014
56 67.6803290848 0.358562249927 3.76088881012 183.200219857
57 67.5117015848 0.33028648692 3.48573663553 183.672275295
58 67.3536586024 0.306818712018 3.22979337834 184.10972931
59 67.2112417071 0.280787980465 2.9928879236 184.515082392
60 67.0715777465 0.265971675214 2.77185579577 184.890594786
60 67.0715777465 0.265971675214 2.77185579577 184.890594786
