Time S E I R
0 255 0 0 0
1 243.4329 11.5671 0 0
2 227.833916886 21.3828461069 5.41414717156 0.369089835941
3 202.47981874 34.3242727295 16.4063182116 1.78959031946
4 163.479993541 51.8682968508 34.5663704843 5.0853391245
5 113.989310408 69.0853590063 60.6587728084 11.2665577783
6 65.0292928449 77.4559958282 91.3174600143 21.1972513136
7 28.1784118945 72.5077445324 119.287531454 35.0263121205
8 7.2634459017 57.6475266495 138.134086831 51.9549406191
9 2.97604879823 35.6068345617 145.809640142 70.6074764991
10 1.20489020299 21.3466421365 142.938672978 89.5097946839
11 0.506588645753 12.5326873785 134.338199791 107.622524187
12 0.226866784013 7.26352276163 123.093433505 124.416176951
13 0.109329898626 4.17741316395 111.036687126 139.676569813
14 0.0567863357002 2.39163305135 99.1807901492 153.370790465
15 0.0316928166329 1.36564547569 88.0400467508 165.562614958
16 0.0189060243626 0.778691068634 77.840132692 176.362270216
17 0.0119811252261 0.443752549029 68.6463699266 185.8978964
18 0.00801575737202 0.252902947806 60.4390900812 194.299991214
19 0.00562790981752 0.144233333223 53.1567237213 201.693415036
20 0.00412388318648 0.0823661721091 46.7198602401 208.193649705
21 0.00313796979714 0.0471333203212 41.0443139811 213.905414729
22 0.0024684342161 0.0270513046086 36.0479227147 218.922557547
23 0.00199936153879 0.0155897429353 31.6538850464 223.32852585
24 0.00166158413873 0.00903520260728 27.7921136875 227.197189527
25 0.00141241400146 0.00527688252 24.3995777506 230.593732954
26 0.00122466690701 0.00311391934163 21.4200854139 233.575576001
27 0.00108053648739 0.0018627433567 18.8038106743 236.193246047
28 0.000968061102157 0.00113407717636 16.506733255 238.491164608
29 0.000879017623987 0.000705955070703 14.490061281 240.508353748
30 0.00080762917824 0.000451489340234 12.719652359 242.279088524
31 0.000749757552597 0.000297964509898 11.1654843122 243.833467967
32 0.000702384917048 0.000203573710657 9.80117386403 245.197920179
33 0.000663274060514 0.000144178220906 8.60354462296 246.395647926
34 0.000630741232641 0.000105763534664 7.55224244254 247.447021054
35 0.000603501480271 8.01348903758e-05 6.62939469595 248.369921669
36 0.000580561549555 6.24565587585e-05 5.81930942396 249.180047559
37 0.000561144551 4.98417183868e-05 5.10821023822 249.891178777
38 0.000544636185907 4.05418586133e-05 4.48400304062 250.515411783
39 0.000530545834692 3.34789651635e-05 3.93607091652 251.06336506
40 0.000518478036042 2.79741727814e-05 3.45509389954 251.54435965
41 0.000508111329196 2.35893726497e-05 3.03289064926 251.966577652
42 0.000499182379087 2.00340150025e-05 2.66227941047 252.337201375
43 0.000491473937046 1.71097262941e-05 2.33695592472 252.662535493
44 0.000484805617532 1.46769947966e-05 2.0513862381 252.948114281
45 0.000479026762804 1.26348340659e-05 1.80071259407 253.198795746
46 0.000474010873631 1.09081506329e-05 1.58067081773 253.418844265
47 0.000469651223284 9.43973807544e-06 1.38751779053 253.61200312
48 0.000465857375474 8.18508777583e-06 1.2179677842 253.781558175
49 0.000462552397693 7.10894258446e-06 1.06913657253 253.930393768
50 0.000459670614362 6.18294922252e-06 0.938492371265 254.061041777
51 0.000457155783295 5.38401789326e-06 0.823812772152 254.17572469
52 0.000454959604724 4.6931474418e-06 0.723146938958 254.27639341
53 0.000453040449372 4.09454705032e-06 0.634780455524 254.364762411
54 0.00045136248707 3.57504752319e-06 0.55721229302 254.442332771
55 0.000449894692196 3.12354761171e-06 0.489122851879 254.510424131
56 0.000448610195093 2.73065825143e-06 0.429353880511 254.57019478
57 0.000447485685243 2.38840086294e-06 0.37688862445 254.622661503
58 0.000446500913029 2.08996913148e-06 0.330834577194 254.668716833
59 0.000445638265489 1.82953683636e-06 0.290408297217 254.709144236
60 0.00044488240664 1.60210175735e-06 0.254922080253 254.744631436
60 0.00044488240664 1.60210175735e-06 0.254922080253 254.744631436
