Time S E I R
0 255 0 0 0
1 243.4329 11.5671 0 0
2 226.351309216 22.6175640232 5.65389659602 0.377230164453
3 195.030283968 39.7878190439 18.2712583752 1.91063861232
4 143.889835069 64.3995537051 41.0016331493 5.70897807595
5 81.9723623803 85.4319894718 74.4046956574 13.1909524899
6 32.162674315 86.8317070769 110.674646159 25.3309724488
7 6.0304828751 69.4810520248 137.784480448 41.7039846515
8 1.81608055754 42.1803047604 150.335135851 60.6684788301
9 0.523834304047 24.6866862579 149.474853904 80.3146255332
10 0.157329568339 14.1685273729 141.352474922 99.3216681359
11 0.051332228742 8.05715627636 129.872414671 117.019096823
12 0.0185166331905 4.56218228465 117.288794014 133.130507067
13 0.00741089727222 2.57787465405 104.815000735 147.599713713
14 0.00327872422653 1.45509665326 93.0562709518 160.48535367
15 0.00159204507102 0.820873892431 82.2769922008 171.900541861
16 0.000841251350295 0.462939795681 72.556667025 181.979551927
17 0.000479556837632 0.261035322582 63.878456413 190.860028707
18 0.000292462221893 0.147176845135 56.1785582634 198.673972429
19 0.000189346467778 0.0829799687514 49.3732727927 205.543557892
20 0.000129229867127 0.0467878100637 43.3734971619 211.579585798
21 9.23953273855e-05 0.0263835805724 38.0921796533 216.881344371
22 6.88164370217e-05 0.0148800050684 33.4479488172 221.537102362
23 5.31300701425e-05 0.00839396108274 29.3665716625 225.624981247
24 4.23353532994e-05 0.00473677499272 25.7813139118 229.213906979
25 3.46827520445e-05 0.00267439874018 22.6327067473 232.364584172
26 2.91139366198e-05 0.00151100185367 19.8680353433 235.130424542
27 2.49673778683e-05 0.00085444800897 17.4407386024 237.558381983
28 2.18170828532e-05 0.00048378311515 15.309795087 239.689699314
29 1.93810372764e-05 0.000274406386709 13.4391062668 241.560599947
30 1.74678714018e-05 0.000156046453311 11.7969341765 243.20289231
31 1.59447676253e-05 8.90669038234e-05 10.3553906745 244.644504315
32 1.47176301084e-05 5.11067157577e-05 9.08997946393 245.909954713
33 1.37185290043e-05 2.95476189419e-05 7.97918863832 247.020768097
34 1.28975705991e-05 1.72667042485e-05 7.00412995113 247.995839886
35 1.22175222543e-05 1.02412855739e-05 6.14822043734 248.851757105
36 1.16501913965e-05 6.19811716851e-06 5.39690196605 249.603080187
37 1.11739418855e-05 3.85148405775e-06 4.73739451415 250.262590462
38 1.07719625078e-05 2.47336408812e-06 4.15847928017 250.841507476
39 1.04310410904e-05 1.65086995045e-06 3.65030812693 251.349679793
40 1.01406846795e-05 1.14932826719e-06 3.20423621198 251.7957525
41 9.89247882899e-06 8.34955916604e-07 2.81267501509 252.187314259
42 9.67961597098e-06 6.3116789394e-07 2.46896329466 252.531026396
43 9.4965434414e-06 4.93870153488e-07 2.16725379567 252.832736215
44 9.3386985327e-06 3.97474071976e-07 1.90241379215 253.097576473
45 9.20230624502e-06 3.26969262159e-07 1.66993777779 253.330052694
46 9.08422398993e-06 2.73422224761e-07 1.46587082278 253.534119821
47 8.9818210256e-06 2.31414110142e-07 1.28674129473 253.713249493
48 8.89288375561e-06 1.97577466855e-07 1.12950180014 253.87048911
49 8.81554086618e-06 1.69756903819e-07 0.991477342401 254.008513673
50 8.74820406693e-06 1.46524762775e-07 0.870319814578 254.129671291
51 8.68952000133e-06 1.26899407138e-07 0.763968053045 254.236023131
52 8.63833062681e-06 1.10178955713e-07 0.670610831492 254.32938042
53 8.59364533312e-06 9.58448564758e-08 0.588662096927 254.411329214
54 8.55461121319e-06 8.34992576733e-08 0.516727662895 254.483263699
55 8.52049328159e-06 7.28290969853e-08 0.453583787961 254.546407619
56 8.49065682473e-06 6.35823362952e-08 0.398156242226 254.601835204
57 8.46455256465e-06 5.55524211251e-08 0.349502071296 254.650489409
58 8.44170446612e-06 4.85677167455e-08 0.306793553966 254.693197956
59 8.42169927751e-06 4.24840851757e-08 0.269304120277 254.730687416
60 8.40417783365e-06 3.71794944147e-08 0.236395990395 254.763595569
60 8.40417783365e-06 3.71794944147e-08 0.236395990395 254.763595569
