0
0
4.8220769664
12.1585365633
20.6214544539
29.4913759027
37.9492555576
45.4984802933
52.323921355
58.5650293934
63.4061559865
66.7242244722
68.6657805064
69.4716672581
69.3631004437
68.5711159539
67.2403140871
65.4295022417
63.2531887795
60.7751401719
58.0783272978
55.235939368
52.3124681807
49.3525108479
46.4013121722
43.4850483252
40.6332086995
37.8717148624
35.2173890328
32.6789428149
30.2621851827
27.9790211338
25.825955004
23.805022758
21.9146045214
20.1523618404
18.5111608937
16.9903541805
15.5798390388
14.2756957067
13.0744436049
11.9670707977
10.9469384431
10.008735677
9.14696362357
8.35546706914
7.62790041996
6.96045726274
6.3531129261
5.79463297402
5.28416961025
4.81865268918
4.39157676035
4.00399285455
3.64908162032
3.32631530783
3.03252894996
2.76337941569
2.517374765
2.29366770037
2.08849707116
2.08849707116
2.05105801146148
