Time S E I R
0 255 0 0 0
1 243.4329 11.5671 0 0
2 230.770032284 18.9476136185 4.92990764971 0.352446447675
3 216.128018778 24.4257590888 12.8911720514 1.55505008144
4 198.861699571 29.3031079384 22.9051989709 3.92999351889
5 179.915426971 32.8873866277 34.4859728633 7.71121353716
6 159.79889872 35.3429567113 46.8107459899 13.0473985783
7 138.146138231 37.7419370052 59.1251065872 19.9868181757
8 115.792914197 39.5598894086 71.1332457463 28.5139506474
9 95.9480006657 38.134563291 82.3563206848 38.5611153577
10 78.6642404052 35.0227943186 91.3857953361 49.9271699393
11 64.0033534112 31.0517595814 97.65813545 62.2867515566
12 51.8370573902 26.8004989007 101.088800114 75.2736435947
13 41.9608563617 22.604720318 101.902852073 88.5315712469
14 33.958956306 18.8181156652 100.478993609 101.743934419
15 27.5814064165 15.4557158983 97.3110243424 114.651853342
16 22.6611341845 12.4326302856 92.8484771696 127.05775836
17 18.7905923839 9.9392272818 87.4535609112 138.816619423
18 15.8092239845 7.85014409492 81.5079269167 149.832705004
19 13.4744781247 6.18379668736 75.288825307 160.052899881
20 11.6292088631 4.87680268551 69.0359944466 169.457994005
21 10.1503809257 3.86763207765 62.926170533 178.055816464
22 8.97159992608 3.07167149312 57.0830673061 185.873661275
23 8.01084006735 2.46134865047 51.5765929475 192.951218335
24 7.24307778923 1.96846514266 46.4527530571 199.335704011
25 6.61520285133 1.58506088531 41.7219199154 205.077816348
26 6.09030645492 1.29307176755 37.3874554729 210.229166305
27 5.65066496027 1.06492283059 33.4432445675 214.841167642
28 5.28742353114 0.877360776515 29.871619308 218.963596385
29 4.9887334897 0.721100316227 26.6468206268 222.643345568
30 4.72378604455 0.610605450294 23.741763328 225.923845178
31 4.50684852407 0.509732392742 21.137791794 228.84562729
32 4.31909137943 0.431370553005 18.8036883001 231.445849768
33 4.15726242793 0.367669937802 16.7168486163 233.758219019
34 4.01511684417 0.317425937391 14.8540221267 235.813435093
35 3.89725005572 0.269327851423 13.1941104998 237.639311594
36 3.78657334937 0.238790875202 11.7138936157 239.260742161
37 3.69715146063 0.203557417557 10.3990586294 240.700232494
38 3.61676721312 0.177374024373 9.22798249475 241.977876269
39 3.53986735564 0.161460993719 8.18714388277 243.111527769
40 3.47518879763 0.142287250373 7.26510193715 244.117422016
41 3.41951511663 0.124194073694 6.44629819918 245.009992612
42 3.3697633369 0.109551304331 5.71878672644 245.801898634
43 3.32532599745 0.0972621978599 5.07300405887 246.504407747
44 3.28741007565 0.0849223622128 4.50008244851 247.127585115
45 3.25740839528 0.0710123877065 3.99123950328 247.680339715
46 3.23079428649 0.0606154871778 3.5381289736 248.170461254
47 3.19714704192 0.0625157061836 3.13546766604 248.604869587
48 3.17814315956 0.049588666714 2.78216914026 248.990099035
49 3.15738383126 0.0446089362687 2.46626205825 249.331745176
50 3.13661920663 0.0422956471128 2.18646863082 249.634616517
51 3.12360833703 0.0336667229379 1.93951674293 249.903208199
52 3.10401771427 0.035755867318 1.7188780335 250.141348387
53 3.09188762603 0.0298045669442 1.52573487775 250.352572931
54 3.07693208411 0.0295636253702 1.35349943182 250.54000486
55 3.06302025819 0.0286389162988 1.20197039273 250.706370434
56 3.05402162195 0.0234276322562 1.06836961266 250.854181134
57 3.04582125341 0.0198880052729 0.948789175097 250.985501567
58 3.03633034741 0.0193573196342 0.842216548008 251.102095786
59 3.0314685508 0.0145828039023 0.748304942685 251.205643704
60 3.01915906358 0.0194750040503 0.663798628983 251.297567305
60 3.01915906358 0.0194750040503 0.663798628983 251.297567305
