Time S E I R
0 255 0 0 0
1 243.4329 11.5671 0 0
2 229.861462565 19.6996531758 5.08120705062 0.357677208563
3 212.080950973 27.3412974766 13.9509330587 1.62681849216
4 188.633105424 35.7767390846 26.3161002758 4.27405521634
5 160.42923199 43.6941942265 42.1225979979 8.7539757867
6 129.124300142 49.9986678971 60.418162805 15.4588691571
7 96.613728642 54.2215130135 79.5504109535 24.6143473918
8 66.3728394036 54.7263525635 97.6812256129 36.2195824208
9 43.3607109159 48.9410010768 112.691801011 50.0064869974
10 27.3607366099 40.0124530542 122.230084886 65.3967254505
11 17.042335535 30.4893981052 125.834689056 81.6335773048
12 10.6700723549 22.0541046301 124.288160228 97.9876627883
13 6.8257166034 15.3518596678 118.94727514 113.87514859
14 4.39334965814 10.5204822437 111.192191671 128.893976428
15 2.84118636339 7.14065200329 102.207184782 142.810976852
16 1.94555619097 4.71605950922 92.8153380011 155.523046299
17 1.346937308 3.12873950618 83.5126259649 167.011697221
18 0.99686414775 2.03311409364 74.6559479767 177.314073782
19 0.764794886511 1.32439349895 66.4105353166 186.500276298
20 0.599752697069 0.874674706603 58.8685876576 194.656984939
21 0.467946066097 0.599022848222 52.0548855632 201.878145523
22 0.374924708917 0.412746523575 45.9542501139 208.258078654
23 0.294318244082 0.30050680318 40.5184669025 213.886708051
24 0.244909521976 0.209914081353 35.6976303894 218.847546008
25 0.206840024426 0.149852891515 31.426854142 223.216452943
26 0.169333664572 0.117094502239 27.6519885269 227.061583307
27 0.135101909898 0.0967023655425 24.3238176065 230.444378119
28 0.111133261273 0.0759840341162 21.3930756982 233.419807007
29 0.097888969958 0.054263074901 18.8114046807 236.036443275
30 0.0742563358196 0.0528143184573 16.5360023687 238.336926978
31 0.062386762437 0.0406944106075 14.5376324976 240.35928633
32 0.0495940364571 0.0350309586409 12.7783076125 242.137067393
33 0.0376372991559 0.0312103415152 11.2314763251 243.699676035
34 0.0243289035584 0.0305691097557 9.87196544084 245.073136547
35 0.0175838860938 0.0237827217668 8.67819767441 246.280435719
36 0.0030096882314 0.0278554230935 7.62748682596 247.341648064
37 0.00293821764842 0.0157455733189 6.70673883524 248.274577375
38 0.00287679747316 0.00891628319221 5.89357879605 249.094628124
39 0.00282389555701 0.00506284135501 5.17700777191 249.815105492
40 0.00277823507835 0.00288681470755 4.54643637307 250.447898578
41 0.00273874898096 0.00165638002069 3.99203812141 251.00356675
42 0.0027045427982 0.000959161658194 3.50488790306 251.491448393
43 0.00267486419159 0.000562874326949 3.07698345113 251.919778811
44 0.00264907813622 0.000336639685046 2.70120753488 252.295806748
45 0.00062664650097 0.00220663159146 2.37125932518 252.625907397
46 0.000621985061741 0.00124689690791 2.08238762821 252.91574349
47 0.000617920444313 0.000705732372411 1.82842711248 253.170249235
48 0.000614373621801 0.000400370891394 1.60528054927 253.393704707
49 0.000611276556413 0.000227954380975 1.40927851322 253.589882257
50 0.00060857057133 0.000130500809484 1.23715806434 253.762102865
51 0.0006062049913 7.53278905165e-05 1.08603137594 253.913287092
52 0.000604135986009 4.40133055046e-05 0.953350205688 254.046001646
53 0.000602325589995 2.61715875892e-05 0.836870207333 254.162501296
54 0.000600740871903 1.59467642474e-05 0.734617067776 254.264766245
55 0.000599353197799 1.00330363989e-05 0.644853359917 254.354537254
56 0.000598137732169 6.57132171453e-06 0.566056568894 254.433338722
57 0.000597072823325 4.50719380632e-06 0.496887460491 254.502510959
58 0.000596139606756 3.24476573634e-06 0.436170116129 254.563230499
59 0.000595321630129 2.44642195111e-06 0.382872037364 254.616530194
60 0.000594604534626 1.92038562583e-06 0.336086763778 254.663316711
60 0.000594604534626 1.92038562583e-06 0.336086763778 254.663316711
