Time S E I R
0 255 0 0 0
1 243.4329 11.5671 0 0
2 228.839331905 20.5473702196 5.24982454548 0.363473329469
3 207.333295111 30.7843073216 15.173949673 1.70844789381
4 176.286691761 43.6594204336 30.3777230125 4.67616479182
5 137.12576309 56.5753719622 51.3040371353 9.99482781165
6 94.872393615 65.525416268 76.2779092941 18.324280822
7 56.2797297961 67.3810492715 101.38000638 29.9592145511
8 27.4196695392 60.8705713192 122.084612902 44.625146238
9 11.5021815 46.9171656872 135.071530205 61.5091226058
10 4.1042467647 32.3617936327 139.052687936 79.4812716642
11 1.14284954705 20.6640928363 135.730200334 97.4628572799
12 0.091232877703 12.5492439913 127.687555554 114.671967575
13 0.0504849317858 7.0988674349 117.20035024 130.650297391
14 0.029471392834 4.01422076007 105.771912386 145.184395458
15 0.0181795129182 2.2695176714 94.4824441901 158.229858623
16 0.0118247042516 1.2831054202 83.8614136914 169.843656182
17 0.00807880667421 0.725542928208 74.1362816644 180.130096599
18 0.00577145714939 0.41040749574 65.3723619661 189.211459079
19 0.00429141511998 0.232281789572 57.5509919898 197.212434804
20 0.003306542898 0.131577739547 50.612824443 204.252291273
21 0.00262925984026 0.0746234572263 44.4814823857 210.441264896
22 0.00214967345218 0.0423951786105 39.0761984427 215.879256704
23 0.00180115327473 0.0241430981693 34.3183106775 220.65574507
24 0.00154201569609 0.0137947541822 30.1344017365 224.850261493
25 0.00134541049695 0.00791860157845 26.4575508369 228.53318515
26 0.00119357815583 0.00457511420482 23.2276259294 231.766605377
27 0.0010744778358 0.00266721063055 20.3910486057 234.605209705
28 0.000979760803631 0.0015740495751 17.9003307437 237.097115445
29 0.000903520793401 0.00094425933579 15.7135343676 239.284617851
30 0.000841500336435 0.000578735802969 13.7937093096 241.204870453
31 0.000790576182766 0.000364448667112 12.1083394492 242.890505525
32 0.000748420414425 0.000237118281844 10.6288359941 244.370178466
33 0.000713272317256 0.000160103163044 9.33007745703 245.669049166
34 0.000683782085076 0.000112450763968 8.18999723415 246.809206532
35 0.000658901969132 8.21294863439e-05 7.18921670559 247.810042262
36 0.000637809305317 6.21916061884e-05 6.31072040839 248.68857959
37 0.000619851301963 4.85951129524e-05 5.53956933664 249.459762216
38 0.000604504904629 3.89652117201e-05 4.8626483865 250.136708142
39 0.000591347253248 3.18886022515e-05 4.26844415726 250.730932606
40 0.000580033678204 2.65102172226e-05 3.74684961645 251.252543839
41 0.000570281128518 2.23019474871e-05 3.28899246988 251.710414946
42 0.000561855559596 1.89293700318e-05 2.88708441007 252.112334804
43 0.000554562237767 1.61744724294e-05 2.534288732 252.46514053
44 0.00054823821668 1.389048509e-05 2.22460409443 252.774833776
45 0.000542746446399 1.19752075767e-05 1.95276246713 253.04668281
46 0.000537971121219 1.0355050011e-05 1.71413953801 253.285312135
47 0.00053381397575 8.97532934206e-06 1.50467606195 253.494781148
48 0.000530191313487 7.79425186038e-06 1.32080881685 253.678653197
49 0.000527031605202 6.77909435345e-06 1.15940999444 253.840056194
50 0.000524273534296 5.90371620102e-06 1.01773399592 253.981735826
51 0.000521864396489 5.14689169371e-06 0.893370728213 254.10610226
52 0.000519758779973 4.49115857763e-06 0.784204606724 254.215271143
53 0.000517917432717 3.92198468641e-06 0.688376620577 254.31110154
54 0.00051630647468 3.42721682261e-06 0.604258775366 254.395221491
55 0.00051489650474 2.99657962058e-06 0.530420063398 254.469062044
56 0.000513662006341 2.62135232955e-06 0.465604408819 254.533879308
57 0.000512580802678 2.29409871015e-06 0.408709196325 254.590775929
58 0.000511633597483 2.00845371549e-06 0.358766551335 254.640719807
59 0.00051080358304 1.75895147434e-06 0.314926874725 254.684560563
60 0.000510076105911 1.54088525174e-06 0.276444389549 254.723043994
60 0.000510076105911 1.54088525174e-06 0.276444389549 254.723043994
