0
0
5.73820756609
18.9447448746
43.333603535
79.1229717754
116.499097604
142.329886652
152.543404238
149.765950371
140.480431832
128.412564326
115.598049877
103.09433361
91.4104799783
80.7552057665
71.1770425291
62.6425811206
55.079630994
48.4006751231
42.51523355
37.3362360997
32.7829297679
28.781993777
25.267706457
22.1815988931
19.4719007687
17.092924606
15.0044339083
13.1710312851
11.5616010979
10.1488053764
8.90863297324
7.81999910145
6.8643911543
6.02555631079
5.28922647341
4.64287634406
4.07551079596
3.57747807832
3.14030576276
2.75655668956
2.41970249058
2.12401255274
1.86445654178
1.63661883305
1.43662339625
1.2610678579
1.10696562064
0.971695055135
0.852954900549
0.748725114985
0.657230564159
0.576916886578
0.506417704742
0.444533695408
0.390212060979
0.34252866036
0.30067228667
0.263930866227
0.231679344017
0.231679344017
17.5027165819197
