Time S E I R
0 255 0 0 0
1 243.4329 11.5671 0 0
2 230.116197848 19.4886597101 5.03892384512 0.356218597077
3 213.23268149 26.5095797068 13.6511197436 1.60661905967
4 191.578413677 33.9057526323 25.3395770144 4.17625667638
5 166.050281896 40.5722477177 39.9221931583 8.45527722797
6 137.846917136 45.8720131529 56.5147590528 14.7663106585
7 108.014077611 49.8848733625 73.8090657371 23.2919832893
8 79.1535576871 51.2817350012 90.5161949464 34.0485123652
9 55.8589417071 47.2622445281 105.021959632 46.8568541327
10 38.3427569672 40.246484674 115.136912452 61.2738459063
11 25.9817208688 32.1790437552 120.167198468 76.6720369074
12 17.6074465277 24.5191402226 120.467812328 92.4056009216
13 12.0816432402 18.0052248474 116.994759963 107.918371949
14 8.35127921532 12.9889551935 110.867479653 122.792285938
15 5.83716721869 9.25188341163 103.156879505 136.754069864
16 4.24188856581 6.42924980776 94.6758026825 149.653058943
17 3.1391492412 4.47132053817 85.9636876357 161.425842584
18 2.42380156029 3.06305233699 77.4412500164 172.071896085
19 1.92516518157 2.10438952632 69.3382682312 181.63217706
20 1.56305258566 1.46188259245 61.8029351578 190.172129663
21 1.28337532686 1.04080711273 54.9047854034 197.771032156
22 1.07762952693 0.746284737735 48.662426245 204.513659489
23 0.909900831404 0.553880716857 43.0520690493 210.484149401
24 0.792182268712 0.404021520278 38.0408824433 215.762913766
25 0.699961568601 0.299948890041 33.5755281439 220.424561396
26 0.619039406988 0.234335440745 29.609397061 224.53722809
27 0.549608263227 0.189263059272 26.0980232518 228.163105424
28 0.496822631479 0.149843096899 22.9949117995 231.35842247
29 0.459803427103 0.11379401935 20.253132954 234.173269597
30 0.416427699647 0.101239254592 17.8304061737 236.65192687
31 0.388026651372 0.0804448045504 15.6974385816 238.83408996
32 0.361325894904 0.067918418325 13.8158165665 240.754939118
33 0.337603357196 0.0586173317168 12.158336575 242.445442734
34 0.314294205002 0.0535581979692 10.6990536479 243.933093947
35 0.299010290859 0.0431807160098 9.41556526525 245.242243726
36 0.277124296816 0.0443047725167 8.28434881255 246.394222116
37 0.264764001007 0.0357620892648 7.29149349495 247.407980413
38 0.251408819209 0.0321911096042 6.41625647883 248.300143591
39 0.232928568684 0.0355189687816 5.64631807582 249.085234385
40 0.219270710551 0.0327727088088 4.97163002246 249.776326556
41 0.208235715769 0.0287553128932 4.37812766219 250.384881307
42 0.197595450973 0.0262184153135 3.85540275267 250.920783379
43 0.187471116914 0.0243751310029 3.39542688459 251.392726865
44 0.179694789758 0.0210738566585 2.99083007773 251.808401273
45 0.176194233053 0.0150058054833 2.63426849973 252.174531459
46 0.172898095385 0.011433042743 2.31876292746 252.496905932
47 0.159778253755 0.0192872280614 2.04031804003 252.780616476
48 0.158866307973 0.0115546328925 1.79904744428 253.030531613
49 0.154067108618 0.0111134323334 1.58408809821 253.250731359
50 0.147384358025 0.0127769051575 1.3951907626 253.444647972
51 0.146808657111 0.00763310368863 1.23002921404 253.615529023
52 0.138203335421 0.0127822144689 1.08294140799 253.76607304
53 0.135783865109 0.00951810372183 0.955903451497 253.898794578
54 0.129420183446 0.0116371700012 0.843048778218 254.015893867
55 0.12311413831 0.0127874452598 0.744834133584 254.119264282
56 0.120856678359 0.00939883277415 0.659078342901 254.210666145
57 0.11863317001 0.00746422297887 0.582415544265 254.291487062
58 0.114439341793 0.00835191510568 0.514327196116 254.362881546
59 0.114274073039 0.00483056816478 0.454914012373 254.425981345
60 0.106128291761 0.0108319346221 0.401323173541 254.481716599
60 0.106128291761 0.0108319346221 0.401323173541 254.481716599
