0
0
5.54241373713
17.3945674486
37.9683034584
68.0449410342
102.154082704
130.286543968
145.973011146
148.169511828
142.1309755
131.820326285
119.775479782
107.459429337
95.6471539146
84.7072451002
74.7797059441
65.8813446135
57.9662031869
50.9593672758
44.7754594707
39.3283826272
34.5362863815
30.3237617293
26.6226017653
23.3718094299
20.5171835044
18.0107804784
15.8103106683
13.8785406973
12.1827213413
10.694068106
9.38729288045
8.2401858135
7.23324432204
6.34934519268
5.57345548392
4.89237803765
4.29452768212
3.76973455196
3.30907131144
2.90470141645
2.54974587642
2.23816627374
1.96466206429
1.72458041994
1.5138370837
1.32884689375
1.1664627959
1.02392230781
0.898800524755
0.788968867792
0.6925569393
0.607926728817
0.53363845482
0.468428341986
0.411187019972
0.360940687423
0.316834545106
0.278118253504
0.244133167481
0.244133167481
14.3175000733185
