Time S E I R
0 255 0 0 0
1 243.4329 11.5671 0 0
2 228.934513321 20.4683581842 5.23419114876 0.362937346255
3 207.783630455 30.4568108357 15.0587498736 1.70080883579
4 177.468582859 42.9028442983 29.9904750117 4.63809783126
5 139.325108314 55.367921421 50.4302262805 9.87674398446
6 97.94506543 64.1934035108 74.8081040072 18.0534270517
7 59.5696136207 66.4910124471 99.4743835276 29.4649904043
8 30.1852797121 60.7848774071 120.154016629 43.8758262512
9 13.4036340982 47.524699776 133.541167488 60.5304986371
10 5.25174472613 33.2670034267 138.138845967 78.342405879
11 1.79102077546 21.5438576633 135.419864629 96.2452569305
12 0.451261149501 13.2574887236 127.845091502 113.446158624
13 0.253497480838 7.61360638075 117.66613648 129.466759658
14 0.149834878959 4.36521165583 106.41083536 144.074118104
15 0.0933849989366 2.50064636686 95.1973074854 157.208661148
16 0.0612685238378 1.43240273718 84.5893173708 168.917011367
17 0.0421661494714 0.82105240438 74.839746958 179.297034487
18 0.0303111168503 0.47131579868 66.0310523725 188.467320711
19 0.0006585657093 0.293194757582 58.1554688418 196.550677834
20 0.000509753245694 0.165264839599 51.1680128949 203.666212511
21 0.000406939685092 0.0931692631845 44.9823889425 209.924034853
22 0.000333850727912 0.0525375408055 39.5233415351 215.423787072
23 0.000280557957865 0.0296349863023 34.7148679835 220.255216471
24 0.000240818354712 0.0167237435656 30.4846813908 224.498354046
25 0.0002105929116 0.00944356551672 26.7661786852 228.224167155
26 0.000187199720557 0.00533750126851 23.4991245081 231.49535079
27 0.000168814868289 0.00302088885646 20.6296512082 234.367159087
28 0.000154169827994 0.00171304783574 18.1098989403 236.888233841
29 0.000142364660945 0.000974066214078 15.8975343569 239.101349211
30 0.000132749105177 0.000556057968464 13.9552239613 241.04408723
31 0.000124845133882 0.000319254212173 12.2500973616 242.749458537
32 0.000118295739242 0.000184813849358 10.7532440597 244.246452829
33 0.000112830407318 0.000108250744421 9.43925436117 245.560524556
34 0.000108241408725 6.44531899316e-05 8.28580556335 246.71402174
35 0.000104367251794 3.92379543464e-05 7.27329261065 247.726563782
36 0.000101080958643 2.45879649751e-05 6.3845004445 248.615373884
37 9.82816403621e-05 1.59666227917e-05 5.60431445304 249.395571296
38 9.58883627504e-05 1.08029076531e-05 4.91946521051 250.080428096
39 9.38356234599e-05 7.63664448675e-06 4.31830379285 250.681594733
40 9.20699787628e-05 5.63606602847e-06 3.79060420201 251.20929809
41 9.05474994397e-05 4.32537524973e-06 3.32738973782 251.672515387
42 8.92318315948e-05 3.43079394076e-06 2.92078047652 252.079126859
43 8.80927044307e-05 2.79348786135e-06 2.56385932497 252.436049787
44 8.71047712394e-05 2.32025685252e-06 2.25055440784 252.749356165
45 8.6246700107e-05 1.95556429984e-06 1.97553580716 253.024375988
46 8.55004558105e-05 1.66563484945e-06 1.7341249091 253.265787922
47 8.48507270916e-05 1.42938502538e-06 1.52221482227 253.477698895
48 8.42844667091e-05 1.23322853448e-06 1.33620051735 253.663713962
49 8.37905196818e-05 1.06808336081e-06 1.17291750164 253.826997637
50 8.33593201151e-05 9.27633567829e-07 1.02958798648 253.970327724
51 8.29826432494e-05 8.07308862494e-07 0.903773632386 254.096142575
52 8.26534001703e-05 7.03676891665e-07 0.793334068338 254.206582572
53 8.23654619637e-05 6.1407196609e-07 0.696388535819 254.303528482
54 8.21135372178e-05 5.36374579535e-07 0.611289950542 254.388627397
55 8.18930334674e-05 4.68855453925e-07 0.536590606425 254.463327029
56 8.16999635447e-05 4.10082714922e-07 0.471019625048 254.528898262
57 8.15308623601e-05 3.58856055545e-07 0.413461547671 254.58645656
58 8.13827141144e-05 3.14159537435e-07 0.362937180207 254.63698112
59 8.12528917891e-05 2.75127239027e-07 0.318586989979 254.681331479
60 8.11391046511e-05 2.4101713856e-07 0.279656482706 254.720262134
60 8.11391046511e-05 2.4101713856e-07 0.279656482706 254.720262134
