Time S E I R
0 255 0 0 0
1 243.4329 11.5671 0 0
2 224.915032488 23.8165207739 5.88347837845 0.384968359198
3 187.532595563 45.3128596504 20.1252411489 2.02930363761
4 124.757119578 76.5046422529 47.4079567347 6.33028143417
5 55.645517729 97.3275034027 86.9690495687 15.0579292993
6 12.9057052427 87.7991930678 125.25558501 29.039516679
7 3.16990485309 56.4464821341 148.288492842 47.0951201708
8 0.677742807833 33.5629240788 153.825097121 66.9342359923
9 0.145306793328 19.2820366652 148.832565409 86.7400911325
10 0.0337742153258 10.9403357003 138.521736417 105.504153668
11 0.00882874426392 6.18031053996 126.052489163 122.758371553
12 0.00262707193963 3.4857345421 113.164946393 138.346691993
13 0.000889089847732 1.96472593884 100.754635192 152.27974978
14 0.000339756238702 1.10710661457 89.2416735778 164.650880052
15 0.000145133119076 0.623763802606 78.7865714488 175.589519616
16 6.85470393194e-05 0.351415131414 69.4124122313 185.236104091
17 3.54139088472e-05 0.197972783862 61.0729801081 193.729011695
18 1.98122012876e-05 0.111527802744 53.6902216564 201.198230729
19 1.18922265528e-05 0.0628298784165 47.1745050878 207.762653142
20 7.59509651971e-06 0.0353958477928 41.4352125273 213.52938403
21 5.12288499976e-06 0.0199408361925 36.3861150261 218.593939015
22 3.62531920928e-06 0.0112342006148 31.9477422961 223.041019878
23 2.67608544391e-06 0.00632922928185 28.0482060294 226.945462065
24 2.05001197173e-06 0.00356615250417 24.62321898 230.373212817
25 1.62237159884e-06 0.00200949362603 21.6156585102 233.382330373
26 1.32116156237e-06 0.00113242645803 18.9750005303 236.023865721
27 1.10320578983e-06 0.000638200933508 16.6566794211 238.342681274
28 9.41721708614e-07 0.000359699562757 14.6214608064 240.378178552
29 8.19570431076e-07 0.000202755624417 12.8348367902 242.164959634
30 7.2547442187e-07 0.000114308557755 11.2664780757 243.73340689
31 6.51822773534e-07 6.44599565909e-05 9.88974006833 245.11019482
32 5.93359629875e-07 3.63625838458e-05 8.68122202797 246.318741016
33 5.46378231547e-07 2.05231553793e-05 7.62037597638 247.379602954
34 5.08213759076e-07 1.15921549106e-05 6.68916107757 248.310826822
35 4.76916284242e-07 6.55500365176e-06 5.8717389466 249.128254021
36 4.51035930382e-07 3.71284048429e-06 5.15420545587 249.84579038
37 4.29478177466e-07 2.10821790205e-06 4.52435490031 250.475642562
38 4.11405693512e-07 1.20149215942e-06 3.97147274836 251.028525639
39 3.96169497208e-07 6.88471657768e-07 3.48615358743 251.513845328
40 3.8326095364e-07 3.97660754294e-07 3.06014124265 251.939857977
41 3.7227687244e-07 2.32354183057e-07 2.68618839158 252.313811004
42 3.62894837735e-07 1.38004505982e-07 2.35793331079 252.642066189
43 3.54854392981e-07 8.38310980727e-08 2.06979167096 252.930207891
44 3.47943426959e-07 5.24545981116e-08 1.81686154739 253.183138053
45 3.41988084074e-07 3.40541156221e-08 1.59484003419 253.405159591
46 3.36844522053e-07 2.30733614984e-08 1.39995004603 253.600049595
47 3.32393369717e-07 1.63634088892e-08 1.22887606351 253.771123589
48 3.28534554228e-07 1.21352431725e-08 1.07870772983 253.921291931
49 3.25184231542e-07 9.36882948638e-09 0.946890339598 254.053109327
50 3.2227157476e-07 7.47957690009e-09 0.831181377766 254.168818294
51 3.19736273013e-07 6.12996727362e-09 0.729612369397 254.270387306
52 3.17527252491e-07 5.12291115565e-09 0.640453439505 254.359546239
53 3.15600800604e-07 4.34211349695e-09 0.56218996779 254.437809713
54 3.13919258588e-07 3.71706957448e-09 0.493490447733 254.506509235
55 3.12450652018e-07 3.20409483599e-09 0.433186176964 254.566813508
56 3.11167099198e-07 2.77520446571e-09 0.380251233392 254.619748453
57 3.10044811158e-07 2.41177001894e-09 0.333785067158 254.666214621
58 3.09063011628e-07 2.100855473e-09 0.292997179685 254.70700251
59 3.08203738086e-07 1.83308381364e-09 0.257193674956 254.742806016
60 3.07451443859e-07 1.60138122675e-09 0.225765454231 254.774234238
60 3.07451443859e-07 1.60138122675e-09 0.225765454231 254.774234238
