0
0
6.44221202739
24.8707484341
63.1933294078
112.181139749
146.224944263
157.436125853
154.861171779
145.35273659
132.897139631
119.646368511
106.709284867
94.6176889646
83.589443831
73.6755259689
64.8416751925
57.0133130944
50.099918967
44.0078693275
38.647052821
33.9338887779
29.7924858674
26.1548155013
22.9603576002
20.1555253436
17.6930264494
15.5312117535
13.6334410695
11.9675062878
10.5051096019
9.22139683681
8.09454292596
7.10538529516
6.23710049889
5.4749194997
4.80587724953
4.21859259574
3.70307492708
3.25055435998
2.85333262697
2.50465215894
2.19858115011
1.92991265946
1.69407603719
1.48705917223
1.30534023973
1.14582778817
1.00580814751
0.882899263823
0.77501017525
0.68030351524
0.597170253672
0.524196053628
0.460139481211
0.403910777385
0.354553356448
0.31122753178
0.273196230312
0.2398124527
0.210508265862
0.210508265862
28.5004848985232
