Time S E I R
0 255 0 0 0
1 243.4329 11.5671 0 0
2 228.481804883 20.8442885629 5.30842661958 0.365479934839
3 205.627279138 32.0265300059 15.6089816313 1.7372092249
4 171.796121435 46.536247612 31.8474073576 4.82022359578
5 128.857060402 61.0908475361 54.6097880179 10.4423040441
6 83.669135162 70.2410436907 81.744652244 19.3451689034
7 44.8929512518 70.0776027432 108.231869953 31.7975760521
8 18.4786619907 60.4806550914 128.681685044 47.358997874
9 5.80876468434 44.2497443551 139.939632531 65.0018584301
10 0.9224501187 28.9939859808 141.623776491 83.45978741
11 0.438550965489 16.686699203 136.237987514 101.636762318
12 0.217452060109 9.56154954976 126.435455835 118.785542556
13 0.114231688966 5.46173149591 114.901422279 134.522614537
14 0.0638899154228 3.11359774444 103.095158752 148.727353589
15 0.038015269327 1.77295535744 91.7699814598 161.419047914
16 0.0239763659078 1.00907647146 81.2802800518 172.686667111
17 0.01595100132 0.574356403255 71.7601263557 182.64956624
18 0.0111350100732 0.327108988276 63.2256792604 191.436076742
19 0.00811434213188 0.186507259117 55.6331250631 199.172253336
20 0.0061429189177 0.106529093664 48.9109449422 205.976383046
21 0.00480988791065 0.0610046618147 42.9775564187 211.956629032
22 0.00387972184228 0.0350607339637 37.7506236227 217.210435922
23 0.00321238314626 0.0202503243574 33.1518168719 221.824720421
24 0.00272173315895 0.0117754925951 29.1089276852 225.876575089
25 0.00235312487723 0.00691025294415 25.5566122023 229.43412442
26 0.0020709043898 0.00410509359472 22.4364093305 232.557414672
27 0.00185118918697 0.00247801740948 19.6963547471 235.299316047
28 0.0016776092744 0.0015267515761 17.2904714644 237.706324175
29 0.00153870009402 0.000964763353196 15.1781966409 239.819299896
30 0.00142627348737 0.000628235711373 13.3238111503 241.674134341
31 0.00133437350618 0.000423201212936 11.6958935837 243.302348842
32 0.00125859535478 0.000295556205175 10.2668236654 244.731622183
33 0.001195631267 0.000213996436026 9.01233408677 245.986256285
34 0.00114296209441 0.000160293792913 7.91111012314 247.08758662
35 0.00109864425528 0.000123746822792 6.94443419668 248.054343411
36 0.00106116020825 9.80066088631e-05 6.09587159956 248.902969232
37 0.00102931194945 7.92562676457e-05 5.35099331976 249.64789811
38 0.00100214409861 6.51631256581e-05 4.69713198991 250.301800701
39 0.000978887631675 5.42729148732e-05 4.1231672282 250.875799609
40 0.000958918213826 4.56575247122e-05 3.61933696095 251.379658461
41 0.000941724989815 3.87087091557e-05 3.17707165608 251.821947908
42 0.000926886952669 3.30161798259e-05 2.78884872783 252.210191367
43 0.000914054867224 2.8294758079e-05 2.44806468262 252.550992966
44 0.000902937307188 2.4340245942e-05 2.14892285826 252.850149862
45 0.000893289770545 2.10022537083e-05 1.88633486307 253.112750843
46 0.000884906119495 1.8167145502e-05 1.65583404766 253.343262877
47 0.000877611792646 1.57470998546e-05 1.45349954332 253.545607096
48 0.000871258379732 1.36729227235e-05 1.27588957827 253.723225489
49 0.000865719252261 1.18892043556e-05 1.11998293967 253.87913945
50 0.000860886020405 1.03509698962e-05 0.983127586855 254.016001174
51 0.000856665639645 9.02130325395e-06 0.862995542619 254.136138768
52 0.000852978033436 7.86962017549e-06 0.757543295765 254.241595854
53 0.000849754055821 6.87035819305e-06 0.664975086149 254.334168287
54 0.000846934084393 6.00209018852e-06 0.583718452676 254.415428609
55 0.000844466418329 5.24667843129e-06 0.512391113761 254.486759171
56 0.000842306220761 4.5887249393e-06 0.449779772264 254.549373331
57 0.000840414548151 4.01510247367e-06 0.394819357963 254.604336211
58 0.000838757534524 3.51458056375e-06 0.346574950394 254.652582776
59 0.000837305696251 3.07752176929e-06 0.304225875008 254.69493374
60 0.000836033340164 2.69563336643e-06 0.267051742651 254.732109527
60 0.000836033340164 2.69563336643e-06 0.267051742651 254.732109527
