Time S E I R
0 255 0 0 0
1 243.4329 11.5671 0 0
2 225.127922887 23.6386413776 5.84960570495 0.383830030001
3 188.659158945 44.4814161681 19.8477894047 2.01163548213
4 127.575658322 74.7340525294 46.4529114659 6.23737768264
5 59.1951972971 95.8444350974 85.1772766771 14.7830909283
6 15.0968506177 88.0335157018 123.356588868 28.5130448128
7 3.91326481713 57.6402553868 147.084914562 46.3615652345
8 0.879462731001 34.6247931135 153.399220729 66.0965234271
9 0.196919465139 19.9873146527 148.931674281 85.884091602
10 0.0475056257146 11.3646291865 138.906049781 104.681815407
11 0.0128219213163 6.42627316892 126.565128402 121.995776508
12 0.00392239940498 3.6262195316 113.715748499 137.65410957
13 0.0013598175567 2.04445441027 101.295510992 151.65867478
14 0.000530666492182 1.15221959051 89.7489680197 164.098281723
15 0.000230883092001 0.649251995947 79.2502565243 175.100260596
16 0.000110813705504 0.365804119557 69.8298156801 184.804269386
17 5.80622933342e-05 0.20609233471 61.4452349638 193.348614639
18 3.28862867889e-05 0.116108497203 54.0202913144 200.863567302
19 1.99547832267e-05 0.0654138670498 47.4661044104 207.468461768
20 1.2865958837e-05 0.036853474513 41.6922296712 213.270903989
21 8.75071219752e-06 0.0207631469344 36.6123174783 218.366910625
22 6.23809600597e-06 0.0116981727696 32.1466371185 222.841658472
23 4.63440818521e-06 0.00659107578017 28.2229845321 226.770419759
24 3.57024006803e-06 0.003713973698 24.776744928 230.219537529
25 2.83949597701e-06 0.00209305971023 21.7504857254 233.247418376
26 2.32237519526e-06 0.00117967168444 19.0933856568 235.90543235
27 1.94665130948e-06 0.000664938414874 16.7606169137 238.238716202
28 1.66727480178e-06 0.000374852600949 14.7127078366 240.286915644
29 1.45527928908e-06 0.000211360700996 12.9149394356 242.084847749
30 1.29152186901e-06 0.000119209233376 11.3367955325 243.663083967
31 1.16303289133e-06 6.72623684532e-05 9.95146659515 245.04846498
32 1.0608235641e-06 3.79744600357e-05 8.73540659731 246.264554368
33 9.7853387615e-07 2.1457917674e-05 7.66793974431 247.33203782
34 9.1157761517e-07 1.21405168468e-05 6.73091284244 248.269074106
35 8.56589906562e-07 6.88182131366e-06 5.90838878861 249.091603474
36 8.11062164985e-07 3.9117922271e-06 5.18637674928 249.813618529
37 7.73096616058e-07 2.23268777822e-06 4.55259488008 250.447402115
38 7.41237897728e-07 1.282022379e-06 3.99626179806 251.00373618
39 7.1435616178e-07 7.42632138944e-07 3.5079133993 251.492085145
40 6.91564082445e-07 4.35635716991e-07 3.07924198449 251.92075689
41 6.72157369763e-07 2.601083983e-07 2.70295500013 252.297044069
42 6.55571483321e-07 1.59080826999e-07 2.37265101731 252.627348169
43 6.41350027308e-07 1.00373275182e-07 2.08271085234 252.917288407
44 6.29121018392e-07 6.57910685411e-08 1.82820198483 253.171797321
45 6.18578695821e-07 4.50325901858e-08 1.60479465173 253.395204685
46 6.09470362178e-07 3.22536686607e-08 1.40868819234 253.591311166
47 6.01585725235e-07 2.41294856367e-08 1.23654639273 253.763452982
48 5.94748655658e-07 1.87608286549e-08 1.08544073042 253.914558657
49 5.88811218449e-07 1.50565169561e-08 0.952800554171 254.047198843
50 5.83648215979e-07 1.23844280676e-08 0.836369351671 254.163630053
51 5.7915343632e-07 1.03741048947e-08 0.734166361202 254.26583305
52 5.75236384748e-07 8.80475448218e-09 0.644450923918 254.355548493
53 5.71819811057e-07 7.54248594424e-09 0.565698950408 254.434300471
54 5.68837549508e-07 6.50325678906e-09 0.496570625598 254.5034288
55 5.66232444044e-07 5.63271434714e-09 0.435889951015 254.564109478
56 5.63955552479e-07 4.89428444588e-09 0.382624600972 254.617374831
57 5.61964469625e-07 4.26230603916e-09 0.335868404551 254.66413103
58 5.60222503054e-07 3.71800729004e-09 0.294825929028 254.705173508
59 5.5869779203e-07 3.24711995958e-09 0.258798947212 254.741200492
60 5.57362881182e-07 2.83843595149e-09 0.227174558475 254.772824882
60 5.57362881182e-07 2.83843595149e-09 0.227174558475 254.772824882
