0
0
5.89660521245
20.2331126864
47.7787156044
87.6566170751
125.968749533
148.72785832
153.971929898
148.786480355
138.372568983
125.857827245
112.957538027
100.551812241
89.0518852246
78.6133368319
69.2566000534
60.934094653
53.5671162953
47.0657711136
41.3393869675
36.3017857793
31.8735976842
27.9830542126
24.5659908161
21.5654024229
18.9308736079
16.6179379879
14.5874497475
12.8049797396
11.2402683628
9.86673252244
8.66102564413
7.6026473985
6.67359883334
5.85807836181
5.14221417598
4.51382895136
3.96223307466
3.47804300985
3.05302178712
2.67993894329
2.35244755457
2.06497628307
1.81263460814
1.59112963447
1.39669306406
1.22601709105
1.0761981296
0.944687417864
0.829247658033
0.727914954855
0.638963452843
0.560882061147
0.492342370098
0.432178396838
0.379366606104
0.333008543186
0.292315548623
0.256595340766
0.225240237959
0.225240237959
20.0373617777672
