Time S E I R
0 255 0 0 0
1 243.4329 11.5671 0 0
2 226.183957478 22.7571258453 5.68077765598 0.378139020822
3 194.169796379 40.4207765491 18.4850288934 1.9243981782
4 141.654748867 65.8226518478 41.7419709008 5.78062838357
5 78.6312286799 87.0397628611 75.9195939708 13.4094144874
6 29.330297401 87.2979162385 112.590913491 25.780872869
7 4.58604053316 68.6953749815 139.331657381 42.3869271041
8 1.3236775576 41.0451872585 151.126426845 61.5047083389
9 0.367814367279 23.8047443739 149.618205944 81.2092353151
10 0.10699505914 13.5956365035 141.091295492 100.206072946
11 0.0339775299799 7.71068016363 129.401272724 117.854069583
12 0.0119761075889 4.35919628429 116.731391111 133.897436498
13 0.00469862511923 2.46075590441 104.242117751 148.29242772
14 0.00204318643142 1.38804863955 92.5053579828 161.104550192
15 0.000977317722459 0.782652241807 81.7659617638 172.450408677
16 0.000509698892074 0.441202031932 72.0924620016 182.465826268
17 0.00028724370938 0.248688095854 63.4620990092 191.288925652
18 0.000173429199521 0.140167643861 55.8080394037 199.051619524
19 0.000111298867012 0.0790014040207 49.0451714688 205.875715829
20 7.53786623306e-05 0.0445287194016 43.0838659653 211.871529937
21 5.35301779792e-05 0.0250998652089 37.8370193279 217.137827277
22 3.96336907897e-05 0.0141496921771 33.2234452383 221.762365436
23 3.04404713063e-05 0.00797771372776 29.1692040668 225.822787779
24 2.41451620013e-05 0.0044989480724 25.6078956597 229.387581247
25 1.97014983598e-05 0.0025380255773 22.4803841121 232.517058161
26 1.64800289042e-05 0.00143240546892 19.7342707649 235.26428035
27 1.40892578884e-05 0.000808847177731 17.3232879147 237.675889149
28 1.22781798382e-05 0.000457084640712 15.2066782328 239.792852404
29 1.08812899953e-05 0.000258582749386 13.3485793895 241.651151146
30 9.78668836638e-06 0.000146515350963 11.7174632349 243.282380463
31 8.91696947747e-06 8.32051108178e-05 10.2856272115 244.714280666
32 8.21746064616e-06 4.74067337989e-05 9.02873872926 245.971205646
33 7.64880203974e-06 2.71386842647e-05 7.92543004009 247.074535172
34 7.18215750339e-06 1.5642419762e-05 6.95693970045 248.043037475
35 6.79605895471e-06 9.1045070795e-06 6.10679620232 248.893187897
36 6.47428549883e-06 5.37243798262e-06 5.36053933763 249.639448816
37 6.20441340971e-06 3.2305913966e-06 4.70547508954 250.294515476
38 5.97680678993e-06 1.99196481694e-06 4.13046018171 250.86953185
39 5.78390572059e-06 1.26792540704e-06 3.62571278985 251.374280159
40 5.61971518209e-06 8.38331583574e-07 3.18264629094 251.817347252
41 5.47943474771e-06 5.78251954642e-07 2.7937232758 252.206270667
42 5.35918570677e-06 4.16603597438e-07 2.45232737176 252.547666853
43 5.2558081336e-06 3.12795594976e-07 2.15265071203 252.84734372
44 5.16670817774e-06 2.43531775115e-07 1.88959514705 253.110399443
45 5.08974207492e-06 1.95347600229e-07 1.65868552266 253.341309193
46 5.02312698814e-06 1.60385045437e-07 1.45599355277 253.544001264
47 4.96537126082e-06 1.33997003864e-07 1.27807099328 253.721923908
48 4.91522095558e-06 1.13386238181e-07 1.12189098127 253.878103991
49 4.87161673846e-06 9.68299535219e-08 0.984796542068 254.01519849
50 4.83365997184e-06 8.32363325852e-08 0.864455388568 254.135539695
51 4.80058548646e-06 7.18896085354e-08 0.758820243911 254.241174884
52 4.77173875879e-06 6.23020372404e-08 0.666092070078 254.333903096
53 4.74656002325e-06 5.41292325223e-08 0.584695516307 254.415299683
54 4.7245677024e-06 4.71171882654e-08 0.513245787364 254.486749441
55 4.70534686769e-06 4.10724870946e-08 0.450527387837 254.549467866
56 4.68853929192e-06 3.58433624858e-08 0.395473325599 254.60452195
57 4.67383512159e-06 3.13078141382e-08 0.347146999598 254.652848295
58 4.66096577156e-06 2.73658798137e-08 0.304726265607 254.695269046
59 4.64969838276e-06 2.39344454426e-08 0.267489449153 254.732505877
60 4.63983039367e-06 2.09436336977e-08 0.234803067666 254.765192271
60 4.63983039367e-06 2.09436336977e-08 0.234803067666 254.765192271
