Time S E I R
0 255 0 0 0
1 243.4329 11.5671 0 0
2 223.153241768 25.2906440989 6.16183365388 0.394280479333
3 178.041440863 52.3299829257 22.452121813 2.17645439834
4 102.048526661 90.5393940656 55.3060627697 7.1060165041
5 31.209321152 105.887850483 100.621929329 17.2808990361
6 1.12628155738 82.9441927819 137.871402139 33.0581235216
7 0.179783382083 47.3867928122 155.041282766 52.3921410394
8 0.0260303977275 26.7994796392 155.421330364 72.7531595983
9 0.00397821240975 15.1111973288 147.339691223 92.5451332349
10 0.00069018662461 8.51426674251 135.484124736 111.000918334
11 0.000139981140705 4.79637891956 122.392191526 127.811289572
12 3.33955106271e-05 2.70182320478 109.387159266 142.910984132
13 9.31942386728e-06 1.52192530821 97.1190663113 156.358999059
14 3.00839573697e-06 0.857289537869 85.8700615537 168.272645898
15 1.10849524049e-06 0.482902839725 75.7252781511 178.791817899
16 4.59938888753e-07 0.272014440125 66.6678841754 188.060100923
17 2.12105561559e-07 0.153223239308 58.6315287784 196.215247769
18 1.07407572614e-07 0.0863095326484 51.5289162572 203.384774102
19 5.90757451846e-08 0.0486187238086 45.2670542325 209.684326984
20 3.49438948888e-08 0.0273875422947 39.7550741853 215.217538237
21 2.20353797431e-08 0.0154279433282 34.9080352398 220.076536794
22 1.46991965266e-08 0.00869091223681 30.6484503758 224.342858696
23 1.03021875475e-08 0.00489596478436 26.9066607184 228.088443305
24 7.54087636778e-09 0.00275834020937 23.620595416 231.376646235
25 5.73416514271e-09 0.00155412395119 20.7352346715 234.263211198
26 4.50864945378e-09 0.000875633796695 18.2019808306 236.79714353
27 3.65071173292e-09 0.000493354553314 15.978019724 239.021486917
28 3.03325009554e-09 0.000277968792244 14.0256757157 240.974046312
29 2.57787746705e-09 0.000156615093748 12.3118245632 242.688018819
30 2.23485585593e-09 8.82413660052e-05 10.8073602141 244.192551542
31 1.97155713977e-09 4.97178370449e-05 9.4867167257 245.513233554
32 1.76618186742e-09 2.8012639999e-05 8.32744295244 246.672529033
33 1.60360968948e-09 1.57833131657e-05 7.30982602202 247.690158193
34 1.47332457345e-09 8.89293866669e-06 6.41655902862 248.583432077
35 1.36765265779e-09 5.01067602052e-06 5.63244832352 249.367546664
36 1.28110855258e-09 2.82327076562e-06 4.9441560057 250.055841169
37 1.20971321849e-09 1.59080062455e-06 4.33997355968 250.660024848
38 1.15028342407e-09 8.96372763399e-07 3.80962297448 251.190376128
39 1.10054543256e-09 5.05097419061e-07 3.34408206442 251.655917429
40 1.05870867628e-09 2.84630267491e-07 2.93543107863 252.064568635
41 1.02323838291e-09 1.60403999482e-07 2.57671802296 252.423281815
42 9.93111370917e-10 9.04046332415e-08 2.26184042154 252.738159486
43 9.67418145592e-10 5.09597852329e-08 1.98544151718 253.01455843
44 9.45391320784e-10 2.87313737437e-08 1.74281915041 253.257180819
45 9.26434040593e-10 1.62040529819e-08 1.52984577051 253.470154211
46 9.10091557671e-10 9.14324986664e-09 1.3428982195 253.657101769
47 8.95994389793e-10 5.1629298065e-09 1.17879609565 253.821203897
48 8.83801476448e-10 2.91861863801e-09 1.03474764847 253.965252346
49 8.73285443959e-10 1.65271842868e-09 0.908302285103 254.091697711
50 8.64105231813e-10 9.38313015776e-10 0.79730888035 254.202691116
51 8.56090309753e-10 5.3463136772e-10 0.699877262784 254.300122734
52 8.49126990943e-10 3.06434377628e-10 0.614352037484 254.38564796
53 8.43130010253e-10 1.77203577998e-10 0.539278228024 254.46072177
54 8.37871994008e-10 1.03809163711e-10 0.473378576947 254.526621421
55 8.3329609879e-10 6.19543234945e-11 0.415532023676 254.584467974
56 8.2928863776e-10 3.79341334506e-11 0.364754458501 254.635245539
57 8.2582118921e-10 2.40192168104e-11 0.320182034327 254.679817963
58 8.22694801172e-10 1.58465095839e-11 0.281056470121 254.718943527
59 8.20051582195e-10 1.09522679175e-11 0.246712150286 254.753287847
60 8.17721002022e-10 7.94215519106e-12 0.216564800492 254.783435197
60 8.17721002022e-10 7.94215519106e-12 0.216564800492 254.783435197
