Time S E I R
0 255 0 0 0
1 243.4329 11.5671 0 0
2 229.39602134 20.0854585075 5.15819247017 0.360327682301
3 209.943573031 28.8885946518 14.503955606 1.66387671161
4 183.109674155 39.2966983931 28.1383320924 4.45529536029
5 149.928531039 49.517918922 46.2423619883 9.31118805183
6 113.256620701 57.3558009978 67.6378269182 16.7497513839
7 76.9703746274 61.1604783057 89.8174225878 27.0517244799
8 46.0826214556 59.023292186 109.761606368 40.1324799916
9 25.4747896882 49.4653546941 124.556640027 55.5032155921
10 13.3353239409 37.3603783464 131.985061297 72.3192364167
11 6.84128190823 26.1112718107 132.420238094 89.6272081883
12 3.53136047149 17.2928547667 127.554823181 106.620961582
13 1.88425445199 11.0283521951 119.346881355 122.740512
14 0.94525025065 6.97088209044 109.421802365 137.662065296
15 0.392473708152 4.395798343 98.9663588706 151.24536908
16 0.166683345244 2.67017743191 88.6912820875 163.471857137
17 0.018709451981 1.63985298281 78.9510622091 174.390375358
18 0.0138609958959 0.927328095199 69.9714130043 184.087397907
19 0.0106305173287 0.524766063251 61.7987803122 192.66582311
20 0.00841186652826 0.297254346622 54.4608209931 200.233512797
21 0.00684491439807 0.168613799319 47.9268553585 206.897685931
22 0.00570981392406 0.0958297688217 42.1389206587 212.759539762
23 0.00486863997759 0.0546127318053 37.0286190755 217.911899556
24 0.00423252056981 0.03124179499 32.5259908521 222.438534836
25 0.0037427551309 0.0179672078006 28.564051993 226.414238048
26 0.00335964148096 0.0104095079092 25.0808454164 229.905385438
27 0.00305573436793 0.00609278824206 22.0202030387 232.970648442
28 0.00281167349351 0.00361632699119 19.3318180129 235.66175399
29 0.00261353704545 0.00218673681799 16.9709489931 238.024250736
30 0.00245114233203 0.00135443018311 14.8979946897 240.098199741
31 0.00231692284095 0.000864293534459 13.0780142129 241.918804574
32 0.00220517168523 0.000571229441318 11.4802343 243.516989302
33 0.00211152498983 0.000392478934572 10.0775828465 244.919913153
34 0.00203260353561 0.000280675091545 8.84626208656 246.151424638
35 0.00196575998592 0.000208581185903 7.76536293265 247.232462729
36 0.00190889802332 0.000160437834059 6.81652021241 248.181410455
37 0.0018603411921 0.000127050541747 5.98360650095 249.014406111
38 0.0018187365815 0.000102995831844 5.25246135911 249.745616912
39 0.00178298324883 8.5028590021e-05 4.61065251592 250.387479476
40 0.00175217842974 7.11714063601e-05 4.04726558241 250.950911072
41 0.0017255766839 6.01917974226e-05 3.55271908903 251.445495147
42 0.00170255855275 5.13005311456e-05 3.11860191076 251.879644235
43 0.00168260628357 4.39763562866e-05 2.73753043478 252.260742987
44 0.00166528485596 3.78632725496e-05 2.40302310989 252.595273746
45 0.00165022702413 3.27096357015e-05 2.10939028352 252.888926784
46 0.00163712142765 2.83315433372e-05 1.8516374754 253.146697076
47 0.00162570306802 2.4590428477e-05 1.62538045586 253.372969255
48 0.0016157456233 2.13790536706e-05 1.42677069225 253.571592187
49 0.00160705520281 1.861253709e-05 1.25242989987 253.745944436
50 0.00159946523812 1.62224415477e-05 1.09939258704 253.898991729
51 0.00159283227805 1.4152764142e-05 0.965055618566 254.0333374
52 0.0015870325073 1.23571320524e-05 0.847133940895 254.151266673
53 0.00158195884876 1.07967833223e-05 0.743621716397 254.254785532
54 0.0015775184375 9.43903730022e-06 0.652756233801 254.345656813
55 0.00157363089735 8.25627459699e-06 0.572994071321 254.425424046
56 0.0015702262906 7.22493568265e-06 0.502978414055 254.495444139
57 0.00156724378184 6.3248775761e-06 0.441518323986 254.556908112
58 0.00156463039056 5.53881639678e-06 0.3875683532 254.610861482
59 0.00156233993494 4.85187880143e-06 0.340210803532 254.658222009
60 0.00156033212562 4.25123372907e-06 0.298640116269 254.699795305
60 0.00156033212562 4.25123372907e-06 0.298640116269 254.699795305
