0
0
4.82640334936
12.1875613492
20.7106307827
29.683843289
38.2876585116
46.0176551227
53.0454292442
59.4942663607
64.5329806364
68.0253618074
70.107880418
71.0151022092
70.9657121423
70.1913653644
68.8397286034
66.9745560906
64.7163608501
62.1352942515
59.320599194
56.3512144893
53.2966444405
50.2056747195
47.1268969624
44.0890371744
41.1234161769
38.2571487112
35.5077186934
32.8840798795
30.3919618493
28.0429424812
25.8330247119
23.7636318698
21.8324631189
20.0364687206
18.3678019217
16.8251200135
15.3976567093
14.0808714752
12.8707083204
11.757628464
10.7345174151
9.79563824152
8.93511271946
8.14645025309
7.42301116598
6.76073283776
6.15936723467
5.60748574836
5.10407547014
4.64592522108
4.22640989459
3.84648044038
3.49923321405
3.18407137029
2.89777318377
2.6359499377
2.39707444309
2.18027235153
1.98176207139
1.98176207139
2.12753028940472
