Time S E I R
0 255 0 0 0
1 243.4329 11.5671 0 0
2 229.940116938 19.6344928921 5.06816272452 0.35722744526
3 212.437954488 27.0833289681 13.8581413276 1.62057521658
4 189.548627919 35.1946557443 26.0129658039 4.24375053321
5 162.17582988 42.7241813174 41.4387370359 8.66125176733
6 131.819847886 48.7285098587 59.2077949761 15.24384728
7 100.095026199 52.9173441701 77.7829365764 24.2046930555
8 70.2026982272 53.7424609829 95.5045386278 35.550302163
9 47.0128963297 48.536066482 110.408279939 49.04275725
10 30.4777903761 40.1981683034 120.177025236 64.1470160847
11 19.5037653013 31.092428267 124.258386205 80.1454202265
12 12.5252046383 22.8509616536 123.292332514 96.3315011936
13 8.19435112971 16.1659544609 118.513191462 112.126502947
14 5.40040059096 11.2498891632 111.229060783 127.120649463
15 3.5885618729 7.74581574706 102.59876747 141.06685491
16 2.50890382855 5.194594738 93.4495881859 153.846913247
17 1.78056468998 3.49535135177 84.2952722299 165.428811728
18 1.33816759377 2.30873838109 75.5142883157 175.838805709
19 1.03973858294 1.52936540671 67.2920295954 185.138866415
20 0.826250057681 1.02645796712 59.7373394867 193.409952489
21 0.65846486953 0.711518865221 52.8878108317 200.742205434
22 0.538243020288 0.496541166405 46.7376334632 207.227582351
23 0.43675991767 0.363396613267 41.2451689009 212.954674569
24 0.371073142374 0.257580634938 36.3649723405 218.006373883
25 0.320164091162 0.186364433354 32.0350753609 222.458396115
26 0.272407420478 0.145378710086 28.2031596735 226.379054196
27 0.229893088268 0.118873755025 24.8210952635 229.830137893
28 0.199162147701 0.0935691774151 21.8401980328 232.867070642
29 0.180352732914 0.0683642724098 19.2123513131 235.538931681
30 0.152110101169 0.0642341718743 16.894772792 237.888882934
31 0.136386528593 0.0500346520825 14.8581112746 239.955467544
32 0.120357159655 0.04273469508 13.0641824099 241.772725735
33 0.105666257879 0.0376135736457 11.4861916624 243.370528506
34 0.090036734493 0.0359283980015 10.0987027851 244.775332082
35 0.0813117614817 0.0282966843271 8.87987107396 246.01052048
36 0.0650440628649 0.031677120679 7.80674797793 247.096530838
37 0.057516806604 0.0249979726954 6.86598912617 248.051496094
38 0.0483274638909 0.022980362392 6.03739679215 248.891295381
39 0.0334476011845 0.0276101230275 5.30916742212 249.629774853
40 0.0229113271044 0.025958709701 4.67173327845 250.279396684
41 0.0145877482955 0.0228678094378 4.11147372093 250.851070721
42 0.0063062775032 0.0211191700077 3.61838866947 251.354185883
43 0.00623717999949 0.011949232922 3.18482226403 251.796991323
44 0.00017701908374 0.0127768697216 2.80050545018 252.186540661
45 0.00017551651149 0.00719877328636 2.46347640744 252.529149303
46 0.000174205836004 0.00405640223464 2.16536319911 252.830406193
47 0.000173062151134 0.00228620566084 1.90240243721 253.095138295
48 0.000172063723454 0.00128895099346 1.67085723891 253.327681746
49 0.000171191668755 0.000727076098112 1.46720313654 253.531898595
50 0.000170429601297 0.000410318865192 1.28820705499 253.711212196
51 0.000169763331456 0.000231735980275 1.13095565205 253.868642848
52 0.000169180557947 0.000131034573716 0.992847992487 254.006851792
53 0.000168670610236 7.42308507748e-05 0.871576408794 254.128180689
54 0.000168224224012 4.21717623318e-05 0.765101389699 254.234688214
55 0.000167833339816 2.40541224376e-05 0.671622858191 254.328185254
56 0.00016749096406 1.38107381028e-05 0.589560262958 254.410258435
57 0.000167190998923 8.00762096736e-06 0.517521711938 254.482303089
58 0.000166928130625 4.71023505457e-06 0.454284079714 254.545544281
59 0.000166697724666 2.8279840342e-06 0.398772890228 254.601057583
60 0.000166495736181 1.74604269678e-06 0.350044529203 254.649787228
60 0.000166495736181 1.74604269678e-06 0.350044529203 254.649787228
