Time S E I R
0 255 0 0 0
1 243.4329 11.5671 0 0
2 225.094951363 23.6661868817 5.85485523348 0.384006521346
3 188.485005003 44.6099221927 19.8907026778 2.01437012626
4 127.138467137 75.0090283577 46.60075412 6.25175038553
5 58.6370663986 96.0806325699 85.4565817439 14.8257192878
6 14.744074021 88.0043036005 123.656480736 28.5951416422
7 3.78998976119 57.4551637334 147.278236958 46.4766095468
8 0.845169197765 34.456467251 153.469886821 66.2284767294
9 0.187964506593 19.8743921726 148.91833487 86.01930845
10 0.0450834152352 11.2963579684 138.84661311 104.811945506
11 0.0121077434966 6.38659468083 126.484712412 122.116585163
12 0.00368801207898 3.60352440954 113.628885389 137.763902189
13 0.00127378640565 2.03156342918 101.209988655 151.757174129
14 0.000495474352391 1.14492138002 89.668638046 164.185945099
15 0.000214958087128 0.645126963273 79.176768511 175.177889567
16 0.000102913308666 0.363474668694 69.7636276236 184.872794794
17 5.38050260843e-05 0.204777507131 61.3861865865 193.408982101
18 3.04166353828e-05 0.115366554119 53.9679234973 200.916679532
19 1.84252548081e-05 0.0649952388391 47.4198339614 207.515152375
20 1.18622848788e-05 0.0366172720004 41.6514431372 213.311927729
21 8.05763713174e-06 0.0206298617279 36.5764189841 218.402943097
22 5.73750699573e-06 0.0116229485691 32.1150712257 222.873300089
23 4.25826448236e-06 0.00654860862621 28.1952454035 226.79820173
24 3.27760031382e-06 0.00368999028717 24.7523784231 230.243928309
25 2.60475283653e-06 0.00207950613146 21.7290872328 233.268830656
26 2.12894758533e-06 0.00117200426507 19.074596576 235.92422929
27 1.7834619257e-06 0.000660595718167 16.7441207685 238.255216852
28 1.52671282194e-06 0.00037238883552 14.698225781 240.301400303
29 1.3319825598e-06 0.000209959586507 12.90222611 242.097562598
30 1.18162640206e-06 0.000118409737156 11.3256352279 243.67424518
31 1.0636968284e-06 6.68039693082e-05 9.94166977478 245.058262357
32 9.69918289684e-07 3.7709840722e-05 8.72680677995 246.27315454
33 8.94438130672e-07 2.13036962132e-05 7.660390733 247.339587069
34 8.3303822862e-07 1.20494381636e-05 6.72428627177 248.275700846
35 7.82624880458e-07 6.82705732652e-06 5.90257196037 249.09742043
36 7.40892744489e-07 3.87807488673e-06 5.18127072626 249.818724655
37 7.06098262526e-07 2.2112987894e-06 4.54811280914 250.451884274
38 6.7690498895e-07 1.26796037647e-06 3.99232743613 251.00767062
39 6.52275531365e-07 7.33009644673e-07 3.50445981832 251.495538797
40 6.31395579376e-07 4.28771004096e-07 3.07621043394 251.923788506
41 6.13618794887e-07 2.5501025751e-07 2.70029390824 252.299705223
42 5.98427249088e-07 1.55155670776e-07 2.37031511407 252.629684132
43 5.85402489151e-07 9.72581882527e-08 2.08066039958 252.919338917
44 5.74203170345e-07 6.32583025381e-08 1.82640210032 253.173597261
45 5.64549111459e-07 4.2934664147e-08 1.60321471582 253.396784675
46 5.56208675562e-07 3.04916087022e-08 1.40730132711 253.592698084
47 5.48989049776e-07 2.26342876526e-08 1.23532900476 253.764670421
48 5.427289409e-07 1.74825157353e-08 1.08437210941 253.915627328
49 5.37292720537e-07 1.39575786599e-08 0.951862520651 254.048136926
50 5.32565650246e-07 1.1435816154e-08 0.835545947722 254.164453506
51 5.28450613047e-07 9.55272907362e-09 0.733443578983 254.266555881
52 5.24864503859e-07 8.09187417077e-09 0.643816467133 254.356182998
53 5.21736723158e-07 6.92263141211e-09 0.565142025635 254.434857444
54 5.19006562172e-07 5.96350257042e-09 0.4960817581 254.503917715
55 5.16621753377e-07 5.16215523714e-09 0.435460824042 254.564538652
56 5.14537447316e-07 4.48365333461e-09 0.382247914111 254.617751565
57 5.1271476309e-07 3.90368201333e-09 0.335537749527 254.664461732
58 5.11120134661e-07 3.40459165561e-09 0.294535680684 254.705463803
59 5.09724543463e-07 2.97305597314e-09 0.258544167808 254.741455318
60 5.08502552066e-07 2.59866435538e-09 0.226950913682 254.773048574
60 5.08502552066e-07 2.59866435538e-09 0.226950913682 254.773048574
