Time S E I R
0 255 0 0 0
1 243.4329 11.5671 0 0
2 227.637640983 21.5461245858 5.44605749887 0.370176931919
3 201.512687909 35.0317140184 16.6500747249 1.80552334748
4 160.922872533 53.5076852884 35.402822195 5.16661998392
5 109.553743404 71.4309985299 62.4962724545 11.5189856122
6 59.8682997321 79.2713638661 94.1046110997 21.7557253027
7 24.0661265613 72.6900441563 122.27229142 35.9715378627
8 4.8840077203 56.4433285881 140.421265982 53.2513977095
9 1.90333162262 33.9671898536 146.998007557 72.1314709663
10 0.737635447955 19.980157403 143.159710021 91.1224971272
11 0.2989407077 11.5733586715 133.909479473 109.218221147
12 0.129818026766 6.64228626631 122.298401359 125.929494347
13 0.0609615574964 3.79181232769 110.073617901 141.073608213
14 0.0309751033614 2.15785792323 98.1727990493 154.638367923
15 0.0169650386252 1.2257976255 87.0573274317 166.699909903
16 0.00995740917031 0.695647200979 76.9191601406 177.375235248
17 0.00622207241085 0.394612650471 67.8033632532 186.795802023
18 0.00411213384726 0.223845562066 59.6786510799 195.093391223
19 0.002856493927 0.127023311799 52.4771142016 202.393005991
20 0.00207368802046 0.0721355987309 46.1161373803 208.809653331
21 0.00156508999692 0.0410140429631 40.5100895599 214.447331305
22 0.00122237745862 0.0233598739703 35.5764133373 219.399004409
23 0.000983901095765 0.0133375253539 31.2384372587 223.747241313
24 0.000813194423301 0.00764125185727 27.4264777341 227.565067818
25 0.000687923329082 0.00439870714051 24.0780289755 230.916884392
26 0.000593962448562 0.00254878573269 21.1374535277 233.859403722
27 0.000522117383838 0.00149001724441 18.5554698098 236.442518053
28 0.000466247634193 0.000881510379438 16.2885750518 238.710077188
29 0.000422152918361 0.000529833034558 14.2984490465 240.700598965
30 0.000386896228974 0.000325057028137 12.5513753341 242.44791271
31 0.000358382624626 0.000204617208242 11.0177127186 243.981724279
32 0.000335090304873 0.000132834626904 9.67141661159 245.328115461
33 0.00031589514731 8.93095896888e-05 8.48961050814 246.509984285
34 0.000299953905539 6.23382719328e-05 7.45220508903 247.547432617
35 0.000286625003213 4.51754576642e-05 6.54156117998 248.458107018
36 0.000275413890392 3.39105634493e-05 5.74219237052 249.257498303
37 0.000265934738962 2.62587510566e-05 5.04050310479 249.9592047
38 0.000257883188567 2.08715620642e-05 4.42455828338 250.57516296
39 0.000251016684757 1.69428418321e-05 3.88388073793 251.115851301
40 0.000245140107495 1.3982752097e-05 3.409273293 251.590467583
41 0.000240095138508 1.16876477132e-05 2.99266247953 252.007085737
42 0.000235752303126 9.86475975341e-06 2.62696129325 252.372793089
43 0.000232004949282 8.38830932126e-06 2.30594869317 252.693810913
44 0.000228764644959 7.17371795312e-06 2.02416380742 252.975600254
45 0.000225957625219 6.16228989972e-06 1.77681305664 253.222954823
46 0.00022352202447 5.31199290542e-06 1.55968862064 253.440082545
47 0.000221405701353 4.59181920055e-06 1.36909686472 253.630677137
48 0.000219564514254 3.97826946941e-06 1.20179551004 253.797980946
49 0.000217960944298 3.45311132531e-06 1.05493848037 253.944840104
50 0.000216562986708 3.0019144422e-06 0.926027487716 254.073752946
51 0.00021534325225 2.61306741036e-06 0.812869533547 254.186912509
52 0.000214278211246 2.27709045279e-06 0.713537676733 254.286245767
53 0.000213347661344 1.98618448908e-06 0.62634425646 254.373440409
54 0.000212534156844 1.7338483038e-06 0.549805961636 254.44997977
55 0.000211822619605 1.51463079408e-06 0.482620666955 254.517165995
56 0.000211199996357 1.32393377421e-06 0.423645469365 254.576142006
57 0.000210654966708 1.15785754728e-06 0.371877087384 254.627911099
58 0.000210177699444 1.01308043271e-06 0.326434843077 254.673353965
59 0.000209759645941 8.86762426878e-07 0.286545679719 254.713243673
60 0.000209393364344 7.76467475426e-07 0.251531010267 254.748258819
60 0.000209393364344 7.76467475426e-07 0.251531010267 254.748258819
