Time S E I R
0 255 0 0 0
1 243.4329 11.5671 0 0
2 221.488560086 26.6866699372 6.42185572929 0.402914247334
3 168.862679514 59.1275894038 24.692922405 2.31680867737
4 82.1932961134 102.335812304 62.6275197004 7.84337188267
5 15.6155551814 108.703928549 111.418553045 19.2619632242
6 2.37177063968 70.5863176149 145.73299852 36.3089132246
7 0.26146086854 41.2182905432 157.265559533 56.254689054
8 0.027271507773 23.3785814327 154.88899356 76.7051534985
9 0.00311495879041 13.1855040793 145.481194769 96.3301861921
10 0.000417791210708 7.42911187561 133.069004084 114.501466249
11 6.75356022271e-05 4.18498041004 119.830589968 130.984362086
12 1.31956512064e-05 2.3573919969 106.889794961 145.752799846
13 3.08943134542e-06 1.32790108354 94.7867323494 158.885363477
14 8.54704921949e-07 0.747994978539 83.7437963327 170.508207833
15 2.75004794048e-07 0.421337575609 73.8143771783 180.76428497
16 1.01298923028e-07 0.23733511905 64.9654515317 189.797213247
17 4.20785966071e-08 0.133688677117 57.1230298678 197.743281412
18 1.94397387077e-08 0.0753059179611 50.1968154134 204.727878648
19 9.86514692158e-09 0.042420393942 44.0932626345 210.864316961
20 5.43718670087e-09 0.0238959758774 38.72220116 216.253902858
21 3.2223965718e-09 0.0134610412003 33.9999610024 220.986577952
22 2.03561967282e-09 0.00758292216491 29.8505443366 225.141872738
23 1.36009248308e-09 0.00427186390313 26.2058128648 228.789915269
24 9.54656798058e-10 0.00240677972509 23.005141883 231.992451335
25 6.99685642758e-10 0.00135604303533 20.194847696 234.803796259
26 5.32622834726e-10 0.000764028871305 17.7275496148 237.271686355
27 4.19191792389e-10 0.000430472946906 15.5615195456 239.43804998
28 3.39724692822e-10 0.000242539335334 13.6600471187 241.339710341
29 2.82454948319e-10 0.000136652961996 11.9908621114 243.009001235
30 2.40220288106e-10 7.69939718862e-05 10.525611909 244.474311096
31 2.08387973544e-10 4.33805887054e-05 9.23939406525 245.760562553
32 1.83973725143e-10 2.44419264229e-05 8.11034105068 246.889634506
33 1.64931179825e-10 1.37713635225e-05 7.11925296619 247.880733261
34 1.49782408698e-10 7.75925897715e-06 6.24927357375 248.750718666
35 1.37646338771e-10 4.37185420283e-06 5.48560503453 249.514390593
36 1.27812427309e-10 2.46327900106e-06 4.81525700957 250.184740527
37 1.1976908354e-10 1.38792034178e-06 4.22682614077 250.773172471
38 1.13146825242e-10 7.82022250128e-07 3.71030232207 251.289696896
39 1.07576170194e-10 4.4063413649e-07 3.25689855577 251.743101004
40 1.03000274976e-10 2.48280577296e-07 2.85890155074 252.141098201
41 9.91065007838e-11 1.39898954526e-07 2.50954054962 252.490459311
42 9.58380041993e-11 7.88307135473e-08 2.20287216969 252.797127752
43 9.29958332563e-11 4.44210478734e-08 1.93367930758 253.066320649
44 9.05799879547e-11 2.50321967792e-08 1.69738239289 253.302617583
45 8.85336248757e-11 1.41069310251e-08 1.48996148403 253.510038503
46 8.6771478891e-11 7.95058937063e-09 1.30788788248 253.692112111
47 8.52082848724e-11 4.48140228327e-09 1.14806410304 253.851935894
48 8.39008862386e-11 2.52637913588e-09 1.0077711793 253.99222882
49 8.27071744425e-11 1.42457967073e-09 0.884622408178 254.115377592
50 8.1683992903e-11 8.03580826124e-10 0.776522746799 254.223477254
51 8.08029199106e-11 4.53362994237e-10 0.681631246744 254.318368754
52 8.0035533756e-11 2.55980601356e-10 0.598335732848 254.401664268
53 7.94102561485e-11 1.44704688772e-10 0.525219108336 254.474780893
54 7.89555087977e-11 8.19519170546e-11 0.461037516132 254.538962485
55 7.85291831562e-11 4.65437443513e-11 0.404699070273 254.595300931
56 7.81028575148e-11 2.65476205125e-11 0.355245318049 254.644754683
57 7.77333752922e-11 1.52406097703e-11 0.311834933984 254.688165067
58 7.74491581979e-11 8.83459332889e-12 0.273729406431 254.726270595
59 7.71649411035e-11 5.19430064318e-12 0.240280473268 254.759719528
60 7.69659891375e-11 3.1162315789e-12 0.210919092953 254.789080908
60 7.69659891375e-11 3.1162315789e-12 0.210919092953 254.789080908
