0
0
6.27946367905
23.4584881549
58.6357239441
105.749445657
141.820186315
155.775360179
154.975532086
146.388755625
134.34053547
121.215183342
108.256559293
96.0717708864
84.9198523775
74.8737849799
65.9106441751
57.9613051718
50.9374871404
44.7461475647
39.2968369637
34.5052401225
30.2945645881
26.5958453691
23.3476642061
20.4956002207
17.9915986545
15.7933289085
13.863544484
12.1695004599
10.6824252306
9.37704726347
8.23117431523
7.22532104197
6.34238041086
5.56733430525
4.88699895312
4.28980115976
3.76558171352
3.30542271895
2.90149597572
2.54692985523
2.23569242786
1.96248886259
1.72267135912
1.51216008337
1.32737376309
1.16516876381
1.02278560932
0.897802037107
0.788091790271
0.691786524118
0.607250008397
0.5330440371
0.467906219448
0.410728401479
0.360537850486
0.316480706064
0.277807453458
0.243860172069
0.214061342195
0.214061342195
26.0174898092214
