0
0
4.77035468287
11.8139550096
19.5714930497
27.2439870194
34.0260765298
39.5108964033
44.0235028185
47.8629909551
50.3588793213
51.5108322287
51.5621922772
50.8198499173
49.5399867956
47.9622760298
46.2189877453
44.3397064749
42.3993649812
40.4167455578
38.4280134137
36.4608652948
34.5374286702
32.6640010865
30.8522185159
29.0994823699
27.4112677291
25.7941449039
24.2498163296
22.7755307681
21.3687660396
20.0358683007
18.7700558362
17.5718844667
16.4397398275
15.3724402539
14.364855141
13.4189769601
12.5277797558
11.6906778026
10.907701232
10.173406594
9.48467812738
8.83963816637
8.23609764637
7.67105523021
7.14113627242
6.64531457556
6.18617601295
5.75491625242
5.35290737976
4.97912516126
4.6289347819
4.30508766666
4.00231868751
3.72149956716
3.46073385075
3.21681639789
2.98926609702
2.77814017399
2.58048757007
2.58048757007
1.13396064762628
