Time S E I R
0 255 0 0 0
1 243.4329 11.5671 0 0
2 230.046669721 19.5462376186 5.05047537588 0.356617284053
3 212.919616608 26.7355092238 13.7327477104 1.61212645773
4 190.780229804 34.4123176884 25.6046028192 4.20284968823
5 164.526540029 41.4185350763 40.5185843288 8.53634056557
6 135.469207019 47.0014402713 57.5751345789 14.954218131
7 104.868440935 51.0997144558 75.3802732498 23.6515713599
8 75.5594158335 52.2950411498 92.5036738055 34.6418692116
9 52.2560523352 47.8267745248 107.192888842 47.7242842981
10 35.0873295368 40.2917729866 117.200558866 62.4203386102
11 23.2558478424 31.7991838755 121.878287951 78.0666803308
12 15.4353778597 23.8854829489 121.687043959 93.9920952318
13 10.3971081985 17.28082575 117.692451763 109.629614288
14 7.05729015698 12.2874246538 111.09244861 124.562836579
15 4.84127588316 8.63307278633 102.99780292 138.527848411
16 3.46798881647 5.91425937412 94.2313042843 151.386447526
17 2.52833411174 4.05898594971 85.3249592942 163.087720645
18 1.93300089267 2.74080682189 76.6841163037 173.642075982
19 1.52308311208 1.85632297203 68.5213642251 183.099229691
20 1.22725116707 1.27240199499 60.9691306022 191.531216236
21 0.99773250523 0.896404075873 54.0838477099 199.022015709
22 0.830483901783 0.636013414369 47.8739143156 205.659588368
23 0.692677587796 0.469265583204 42.3079569732 211.530099856
24 0.598526112585 0.338626946976 37.3476993841 216.715147557
25 0.525062680004 0.248992348217 32.9360162634 221.289928709
26 0.459230368266 0.19426836605 29.0237509747 225.322750292
27 0.402066050596 0.157450281679 25.5647527411 228.875730928
28 0.359345020982 0.124336252233 22.5114965601 232.004822168
29 0.330645978828 0.0931519931974 19.8164588284 234.759743201
30 0.294192745077 0.0843898454673 17.4370706889 237.184346722
31 0.271595572112 0.0665742714028 15.3439526441 239.317877514
32 0.249784466738 0.0564147654326 13.4987378254 241.195062944
33 0.230203188581 0.0490110580255 11.8743551033 242.846430652
34 0.21041754266 0.0454865172092 10.4450420865 244.299053856
35 0.198144451814 0.03636015502 9.18860601692 245.576889379
36 0.17883891975 0.0385136768047 8.08174603027 246.700901376
37 0.168699145451 0.0308224973902 7.11077404221 247.689704318
38 0.157258801573 0.0279619254743 6.25516422001 248.559615056
39 0.140434081964 0.0318857287204 5.50280428567 249.324875907
40 0.128211861164 0.0296411846763 4.84384052677 249.998306431
41 0.118424159469 0.0260486517188 4.26438910309 250.591138089
42 0.108869250373 0.0238734068902 3.75420879362 251.113048552
43 0.099690808819 0.0223392013534 3.30542428423 251.572545708
44 0.0927400080156 0.019302972885 2.91080510156 251.97715192
45 0.0899606783691 0.0134630389558 2.56313405227 252.333442233
46 0.0872948873145 0.0100874689402 2.25554658575 252.647071061
47 0.0747262108982 0.0181125823112 1.98415090287 252.923010307
48 0.0742973354706 0.0105277061919 1.74915354512 253.166021416
49 0.0699215806319 0.0102148079206 1.53977482919 253.380088785
50 0.0636101457427 0.0119899561978 1.35584052299 253.568559378
51 0.0633604674532 0.00694329298462 1.19509151903 253.734604723
52 0.0550413654777 0.0121772254111 1.05192583187 253.88085558
53 0.0528735637914 0.00898700006954 0.928373282734 254.009766156
54 0.0467313440655 0.0111705313105 0.818615191401 254.123482936
55 0.0406203828755 0.0123770590249 0.723151103089 254.223851458
56 0.0385350966638 0.00903745535878 0.639837975246 254.312589476
57 0.0364635536075 0.00714573869027 0.565343986196 254.391046725
58 0.0324037537007 0.00807115874396 0.499181045423 254.460344046
59 0.0323567868498 0.00458295730016 0.441476995329 254.521583264
60 0.0243153636947 0.0106135351924 0.389403132753 254.575667972
60 0.0243153636947 0.0106135351924 0.389403132753 254.575667972
