Time S E I R
0 255 0 0 0
1 243.4329 11.5671 0 0
2 223.5827294 24.9309539008 6.09428906699 0.392027632642
3 180.380061619 50.5993324165 21.8801683543 2.14043761033
4 107.455269954 87.2411451057 53.3875092812 6.91607565961
5 36.3647608428 104.387283464 97.4987625601 16.7491931338
6 3.14081043103 84.4611670165 135.263428499 32.1345940536
7 0.55541403088 49.402177795 153.823726478 51.2186816958
8 0.0881664808674 28.1544422412 155.261684273 71.4957070045
9 0.0145929493796 15.9104891954 147.765588216 91.3093296387
10 0.00271313566179 8.97052891054 136.185650921 109.841107032
11 0.000584461508311 5.05449998221 123.194089154 126.750826401
12 0.000146974551171 2.84745480978 110.196185998 141.956212217
13 4.2948811938e-05 1.6040150673 97.8885079114 155.507434072
14 1.44352155758e-05 0.903545723784 86.5788835247 167.517556316
15 5.51078397848e-06 0.508965406153 76.3663066174 178.124722465
16 2.35861062947e-06 0.286696988608 67.2411820772 187.472118575
17 1.11771436195e-06 0.161494460781 59.1407417095 195.697762711
18 5.79679010571e-07 0.0909689303814 51.9792662254 202.929764264
19 3.25582647065e-07 0.0512434962044 45.6642660761 209.284490102
20 1.96159476218e-07 0.0288661593138 40.1048136317 214.866320013
21 1.25709249232e-07 0.0162608762344 35.2156371324 219.768101866
22 8.50534433994e-08 0.00916014161503 30.9188016239 224.07203815
23 6.03569105806e-08 0.00516028264763 27.1441642174 227.85067544
24 4.46643184659e-08 0.00290723977824 23.829181829 231.167910887
25 3.4290081885e-08 0.00163800859316 20.9183907965 234.079971161
26 2.71891735792e-08 0.00092290111771 18.3627890529 236.636288019
27 2.21784830501e-08 0.000519989292665 16.1191960944 238.880283894
28 1.85470696579e-08 0.000292977731274 14.1496108866 240.850096117
29 1.5852776869e-08 0.000165073184987 12.4206207115 242.579214199
30 1.38122686622e-08 9.30081442364e-05 10.9028646926 244.097042285
31 1.22387859847e-08 5.24045494466e-05 9.57055230105 245.429395282
32 1.10059659164e-08 2.95271797015e-05 8.40103474182 246.59893572
33 1.00265538094e-08 1.66372628395e-05 7.37442535994 247.625557993
34 9.2389313977e-09 9.37457460861e-06 6.47326454219 248.526726074
35 8.59870397107e-09 5.2824478475e-06 5.68222450267 249.317770206
36 8.07335709396e-09 2.97672702671e-06 4.98784954381 250.012147471
37 7.63873231335e-09 1.67753733027e-06 4.3783277197 250.621670595
38 7.27658289179e-09 9.45471985162e-07 3.84329021208 251.156708835
39 6.97284008311e-09 5.32953624187e-07 3.37363511565 251.626364344
40 6.71667521601e-09 3.00487415753e-07 2.96137269666 252.038626996
41 6.49959019938e-09 1.69475791551e-07 2.59948952723 252.400510297
42 6.31476382296e-09 9.56328933996e-08 2.28182920345 252.718170695
43 6.15693807049e-09 5.4005448945e-08 2.00298762926 252.997012311
44 6.02159389018e-09 3.05330277879e-08 1.75822109072 253.241778873
45 5.90526383348e-09 1.72927784608e-08 1.54336556039 253.456634417
46 5.80507730774e-09 9.82012375787e-09 1.35476586094 253.645234124
47 5.71850478082e-09 5.59911523826e-09 1.18921348401 253.810786505
48 5.64347146792e-09 3.21182337147e-09 1.04389200712 253.956107984
49 5.57849944016e-09 1.85905498743e-09 0.916329180375 254.083670812
50 5.52205392523e-09 1.09029066676e-09 0.804354868059 254.195645125
51 5.47299805476e-09 6.51310860213e-10 0.706062213321 254.29393778
52 5.43025180377e-09 3.99208484312e-10 0.619781170903 254.380218823
53 5.39307620784e-09 2.53034399259e-10 0.544043905946 254.455956088
54 5.36064703738e-09 1.67083994074e-10 0.47756187735 254.522438117
55 5.33231059308e-09 1.15543116046e-10 0.419204114688 254.58079588
56 5.30758370587e-09 8.37965729452e-11 0.36797781119 254.632022184
57 5.28592636329e-09 6.35544231678e-11 0.323011485514 254.67698851
58 5.26702592651e-09 5.00983105187e-11 0.283540155316 254.71645984
59 5.25054133504e-09 4.07287502191e-11 0.248892322619 254.751107673
60 5.23610310665e-09 3.38900642531e-11 0.218478549569 254.781521446
60 5.23610310665e-09 3.38900642531e-11 0.218478549569 254.781521446
