Time S E I R
0 255 0 0 0
1 243.4329 11.5671 0 0
2 224.522445695 24.1446898468 5.945804531 0.387059927513
3 185.442603195 46.8563226703 20.6391215099 2.06195262477
4 119.591032326 79.7357829194 49.1709958279 6.50218892624
5 49.4379442484 99.8020809289 90.1980519391 15.5619228831
6 9.3711714657 87.1103188824 128.5308838 29.9876258515
7 2.08603859691 54.2727821389 150.249567249 48.3916120151
8 0.407542224516 31.7563017357 154.441781204 68.3943748355
9 0.0808026287656 18.1181398081 148.582217536 88.218840027
10 0.0175588777939 10.2503973931 137.815100453 106.916943276
11 0.00433068084735 5.78331737683 125.148267834 124.064084109
12 0.00122524463097 3.25989400437 112.208847883 139.530032869
13 0.000396844399887 1.83685742452 99.8232359731 153.339509759
14 0.000145943511797 1.03486371029 88.3719853145 165.593005033
15 6.02854576641e-05 0.582990965152 77.9937381422 176.423210608
16 2.76484456379e-05 0.328416182766 68.699864178 185.971691992
17 1.39209146539e-05 0.185003515291 60.4381452435 194.376837321
18 7.61404479022e-06 0.104215533346 53.1276873786 201.768089475
19 4.48065637215e-06 0.0587073747495 46.6777375759 208.26355057
20 2.81230367705e-06 0.033071697819 40.9974733674 213.969452124
21 1.86817734971e-06 0.0186304977191 36.0009227346 218.980444901
22 1.30447153879e-06 0.0104953750263 31.6090879763 223.380415346
23 9.51667260551e-07 0.0059126240914 27.7506365229 227.243449903
24 7.21544409998e-07 0.00333118850935 24.3618450149 230.634823077
25 5.65882146475e-07 0.00187693270869 21.3861308284 233.611991675
26 4.57172632196e-07 0.00105759372539 18.7734675875 236.225474364
27 3.79097571113e-07 0.000595933362128 16.4797437195 238.51965997
28 3.21630665212e-07 0.000335806907496 14.4661297795 240.533534094
29 2.78410965393e-07 0.000189234635069 12.6984777892 242.3013327
30 2.45285974643e-07 0.00010664467114 11.1467769066 243.853116206
31 2.19472980234e-07 6.01059483978e-05 9.78466349731 245.21527618
32 1.9906281068e-07 3.38807841362e-05 8.58898424877 246.410981674
33 1.82717116104e-07 1.91017742205e-05 7.53940882613 247.460571892
34 1.69478823864e-07 1.07725310837e-05 6.61808769529 248.381901365
35 1.58651062065e-07 6.07777675906e-06 5.80935053957 249.190643226
36 1.49718147213e-07 3.43117943329e-06 5.09944084256 249.900555579
37 1.4229223666e-07 1.93886360946e-06 4.47628251787 250.523715403
38 1.36078000423e-07 1.097127058e-06 3.92927483884 251.07072393
39 1.30847212176e-07 6.22119411814e-07 3.44911230526 251.550886944
40 1.26421582536e-07 3.53873580937e-07 3.02762645343 251.972373069
41 1.22660338775e-07 2.02230992976e-07 2.65764695832 252.34235272
42 1.19451044611e-07 1.16371926605e-07 2.33287968734 252.66712008
43 1.16703205322e-07 6.76462988592e-08 2.0477996438 252.952200175
44 1.14343265523e-07 3.98987776853e-08 1.79755698593 253.202442863
45 1.12311113298e-07 2.4016748528e-08 1.57789452663 253.42210534
46 1.10557124344e-07 1.4857806492e-08 1.38507531273 253.614924565
47 1.09040030338e-07 9.51811290515e-09 1.21581905294 253.784180832
48 1.07725469434e-07 6.35636576578e-09 1.0672463137 253.932753576
49 1.06584622017e-07 4.44359874131e-09 0.936829534057 254.063170359
50 1.05593130684e-07 3.25296704116e-09 0.822350026308 254.177649869
51 1.04730474959e-07 2.48480416354e-09 0.721860231129 254.278139666
52 1.03978948118e-07 1.96778854659e-09 0.633648630733 254.366351268
53 1.03323685607e-07 1.60378226566e-09 0.556216723981 254.443783176
54 1.02751982922e-07 1.33563979697e-09 0.488247147703 254.511752753
55 1.02252755596e-07 1.12981325095e-09 0.428583619719 254.571416282
56 1.01816482356e-07 9.66242154452e-10 0.376211118667 254.623788784
57 1.01435091437e-07 8.32645050812e-10 0.330238663313 254.66976124
58 1.01101505834e-07 7.21266835872e-10 0.289884154384 254.710115749
59 1.00809529613e-07 6.27024866629e-10 0.254461068738 254.745538835
60 1.0055393318e-07 5.46442703476e-10 0.223366779508 254.776633125
60 1.0055393318e-07 5.46442703476e-10 0.223366779508 254.776633125
