Time S E I R
0 255 0 0 0
1 243.4329 11.5671 0 0
2 223.231515373 25.2250756782 6.14953824703 0.393870701684
3 178.468701621 52.0137380841 22.3476763629 2.16988393183
4 103.026358243 89.9452309044 54.9570351998 7.07137565228
5 32.1117808994 105.640663325 100.062989965 17.1845658101
6 1.4611270745 83.2301771145 137.416209331 32.8924864803
7 0.237583383155 47.7433790734 154.835597361 52.1834401827
8 0.0349745568639 27.0344775357 155.399851863 72.5306960449
9 0.00542265996069 15.2488028079 147.418612437 92.3271620958
10 0.000952640792946 8.59260613703 135.609731319 110.796709904
11 0.000195332575515 4.84065247257 122.534384015 127.624768181
12 4.70476712167e-05 2.7267915543 109.530002316 142.743159083
13 1.32393665524e-05 1.53599664102 97.2546159781 156.209374142
14 4.30518721828e-06 0.865217642419 85.9947729992 168.140005054
15 1.59653600917e-06 0.487369229903 75.8379756259 178.674653548
16 6.66177754738e-07 0.27453050848 66.7686270425 187.956841783
17 3.08735963017e-07 0.154640589089 58.7209842329 196.124374869
18 1.57019059088e-07 0.0871079433382 51.6080164893 203.30487541
19 8.66917559961e-08 0.0490684817899 45.3368130632 209.614118368
20 5.14504847615e-08 0.027640900461 39.8164912943 215.155867753
21 3.25395319578e-08 0.0155706613014 34.9620500826 220.022379223
22 2.17620197418e-08 0.00877131013089 30.6959225696 224.295306098
23 1.5286730104e-08 0.00494125203388 26.9483642144 228.046694518
24 1.12116538276e-08 0.00278385149995 23.6572208719 231.339995265
25 8.54029735819e-09 0.00156849643396 20.7673946527 234.231036842
26 6.72528699397e-09 0.000883732090098 18.2302166474 236.768899613
27 5.45287548448e-09 0.000497917650888 16.0028083628 238.996693713
28 4.53593429484e-09 0.000280539980131 14.0474369895 240.952282465
29 3.85901444133e-09 0.000158063931489 12.3309276113 242.66891432
30 3.34858896167e-09 8.90578037284e-05 10.8241294203 244.175781518
31 2.95645463666e-09 5.01779362753e-05 9.50143703276 245.498512786
32 2.65032440439e-09 2.82719482377e-05 8.34036459498 246.65960713
33 2.40785880123e-09 1.5929474995e-05 7.32116871881 247.678815349
34 2.2133690436e-09 8.97533898784e-06 6.42651568402 248.573475338
35 2.05560013455e-09 5.05714225661e-06 5.64118828867 249.358806652
36 1.9264518869e-09 2.84948362177e-06 4.951827948 250.0481692
37 1.81972836799e-09 1.60559652507e-06 4.34670798545 250.653290407
38 1.73099579115e-09 9.04731525152e-07 3.8155344455 251.184464648
39 1.65664459928e-09 5.09825685446e-07 3.3492711448 251.650728344
40 1.59405999511e-09 2.87310056664e-07 2.93998604448 252.060013667
41 1.54102508532e-09 1.61927199697e-07 2.5807163635 252.419283473
42 1.49589141074e-09 9.12741795612e-08 2.26535015702 252.73464975
43 1.45743683788e-09 5.14593841595e-08 1.98852235581 253.011477591
44 1.42449607665e-09 2.90211461271e-08 1.74552350406 253.254476465
45 1.39618805406e-09 1.63744361855e-08 1.53221964628 253.467780335
46 1.37180222737e-09 9.24537946791e-09 1.34498200235 253.655017986
47 1.35074174068e-09 5.22576656658e-09 1.18062523543 253.819374757
48 1.33246658152e-09 2.95860330434e-09 1.03635326299 253.963646732
49 1.31669253278e-09 1.6792164425e-09 0.909711689524 254.090288307
50 1.30299326884e-09 9.56689129291e-10 0.798546051861 254.201453945
51 1.29105615088e-09 5.47979172956e-10 0.700963248861 254.299036748
52 1.28068222693e-09 3.1656181198e-10 0.615305313215 254.384694684
53 1.27164412334e-09 1.85181184255e-10 0.540115010747 254.459884987
54 1.26382815324e-09 1.10285441865e-10 0.474113102769 254.525886895
55 1.25697852127e-09 6.73322845198e-11 0.416176788671 254.583823209
56 1.25100996229e-09 4.24745688646e-11 0.365320431666 254.634679566
57 1.24575194604e-09 2.78974797051e-11 0.320678844198 254.679321153
58 1.24120447254e-09 1.91861794098e-11 0.281492568584 254.718507429
59 1.23719701151e-09 1.38438689501e-11 0.247094956367 254.752905041
60 1.23364429783e-09 1.04550951849e-11 0.216900826578 254.783099171
60 1.23364429783e-09 1.04550951849e-11 0.216900826578 254.783099171
