0
0
4.91677595643
12.8009300764
22.6203558671
33.8563636644
45.6872508619
57.4005231093
68.7805936174
79.4518230113
88.0996882748
94.2182577858
97.7345097242
98.8438189883
97.8689689144
95.2392728611
91.3446333409
86.4995919774
81.0531074602
75.2640039626
69.3649193417
63.5336242743
57.8999005421
52.5422913063
47.5163200026
42.8416846272
38.5302768783
34.5834605404
30.9898975154
27.7290590457
24.7780870286
22.1216873932
19.7312746188
17.5862692927
15.6649538044
13.9473676869
12.4111142147
11.0424561011
9.82015424641
8.73092150368
7.76343830991
6.90218340305
6.13518376983
5.45280278841
4.84606687548
4.30606606175
3.82431251506
3.39537337681
3.01801011755
2.68010152935
2.38022179175
2.11495569063
1.8776382563
1.6693216632
1.48329604386
1.31924522761
1.17428406206
1.04440503825
0.928502559431
0.826143674323
0.733993430871
0.733993430871
3.71671317377412
