Time S E I R
0 255 0 0 0
1 243.4329 11.5671 0 0
2 221.359088616 26.7953663082 6.44196560079 0.403579474805
3 168.14276131 59.6608751996 24.8685937954 2.32776969518
4 80.7332434226 103.179630285 63.1864883256 7.90063796742
5 14.6645779831 108.753245882 112.171978992 19.4101971428
6 2.16207200246 70.077904511 146.219081504 36.5409419821
7 0.231653684429 40.8059644502 157.434116178 56.5282656872
8 0.0235609402371 23.1282755197 154.861527196 76.9866363437
9 0.00263190976145 13.042276906 145.354288376 96.6008028083
10 0.000346177806534 7.34814793656 132.8992058 114.752300086
11 5.50091133391e-05 4.13933305514 119.648579494 131.212032443
12 1.05878184229e-05 2.331672378 106.71144957 145.956867465
13 2.4463982129e-06 1.31341212015 94.6197152787 159.066870156
14 6.69019186716e-07 0.739833185713 83.591293582 170.668872565
15 2.13083609424e-07 0.416740047522 73.6771897018 180.906070039
16 7.77932598339e-08 0.234745358416 64.8431581581 189.922096407
17 3.2062672517e-08 0.132229887927 57.0146275355 197.853142546
18 1.47128105255e-08 0.0744854202209 50.1010799338 204.824434633
19 7.42147676647e-09 0.0419582079829 44.0088924507 210.949149336
20 4.06873823522e-09 0.0236356224877 38.6479531857 216.32841119
21 2.40024178311e-09 0.0133143835484 33.9346803943 221.052005222
22 1.51007384375e-09 0.00750030776349 29.7931814671 225.199318226
23 1.00536112768e-09 0.00422532924334 26.1554264999 228.840348172
24 7.03465730112e-10 0.00238056626828 22.9608941589 232.036725276
25 5.14205567015e-10 0.00134127354588 20.1559964626 234.842662265
26 3.90514287574e-10 0.000755707312192 17.6934400693 237.305804225
27 3.06670244754e-10 0.000425784347044 15.5315748691 239.467999348
28 2.48093101618e-10 0.000239897645999 13.6337598347 241.366000269
29 2.05972128242e-10 0.000135164557027 11.9677861122 243.032078725
30 1.74907199835e-10 7.61553582365e-05 10.5053552385 244.494568608
31 1.51544554683e-10 4.29080853441e-05 9.22161246023 245.778344634
32 1.33638877742e-10 2.41757001444e-05 8.09473220207 246.905243625
33 1.19683818411e-10 1.36213601016e-05 7.10555144265 247.894434939
34 1.08627773443e-10 7.6747394106e-06 6.23724634355 248.762745985
35 9.97886218101e-11 4.32423067877e-06 5.47504752225 249.524948157
36 9.25979293243e-11 2.43644425891e-06 4.80598962769 250.194007939
37 8.66862137627e-11 1.37279901177e-06 4.21869124119 250.781307389
38 8.19113665784e-11 7.73500932161e-07 3.70316151793 251.296837712
39 7.79323272582e-11 4.35831731633e-07 3.25063036929 251.749369198
40 7.45501438359e-11 2.45573733298e-07 2.85339934781 252.14660041
41 7.16795511835e-11 1.38372982074e-07 2.50471072637 252.495289139
42 6.92352841725e-11 7.79702191684e-08 2.19863256049 252.801367365
43 6.7160499384e-11 4.39356159491e-08 1.92995778739 253.070042172
44 6.53983533994e-11 2.47581789142e-08 1.69411565039 253.305884328
45 6.38920027995e-11 1.39521073016e-08 1.48709394461 253.512906045
46 6.26130258752e-11 7.86298634469e-09 1.30537076284 253.694629233
47 6.15045792074e-11 4.43172689334e-09 1.14585458128 253.854145418
48 6.05098193773e-11 2.49811764047e-09 1.00583166644 253.994168335
49 5.96571680944e-11 1.40842069148e-09 0.88291990868 254.117080094
50 5.88897819398e-11 7.94272654063e-10 0.77502829725 254.224971706
51 5.82929260418e-11 4.47943566017e-10 0.680319422686 254.319680581
52 5.77244918532e-11 2.52774858825e-10 0.597184217186 254.402815787
53 5.72697445023e-11 1.42765665591e-10 0.524208310766 254.475791694
54 5.68718405702e-11 8.07435237254e-11 0.460150240496 254.539849764
55 5.65307800571e-11 4.57617615639e-11 0.403920221859 254.596079783
56 5.62465629628e-11 2.60184722123e-11 0.354561646785 254.645438358
57 5.59623458685e-11 1.48653982707e-11 0.311234809017 254.688765196
58 5.57633939025e-11 8.55537861903e-12 0.273202618252 254.726797387
59 5.55644419364e-11 4.97784518081e-12 0.239818060017 254.760181945
60 5.53939116799e-11 2.94241642704e-12 0.210513187948 254.789486817
60 5.53939116799e-11 2.94241642704e-12 0.210513187948 254.789486817
