Time S E I R
0 255 0 0 0
1 243.4329 11.5671 0 0
2 223.822281379 24.7304226341 6.05652963193 0.390766355094
3 181.678038833 49.6391711516 21.5624026015 2.1203874144
4 110.512334412 85.3629974041 52.3143542898 6.81031389428
5 39.4604495098 103.392602282 95.697485906 16.4494623028
6 4.4696181145 85.2399496352 133.686635375 31.6037968754
7 0.837501773923 50.5874159441 153.042038021 50.5330442611
8 0.140023048885 28.9841903685 155.122539807 70.7532467754
9 0.0242425558505 16.4075049535 147.99303852 90.57521397
10 0.00468706453296 9.25589724042 136.589705432 109.149710262
11 0.00104463374356 5.2163157578 123.665307543 126.117332065
12 0.000270608559674 2.93884329328 110.675756926 141.385129172
13 8.11558485907e-05 1.65555432392 98.3466836462 154.997680874
14 2.79034375126e-05 0.932595014786 87.0020468732 167.065330209
15 1.08665772984e-05 0.525334403855 76.7495800956 177.725074634
16 4.73278814184e-06 0.295919616449 67.5842794412 187.11979621
17 2.27741233516e-06 0.166690340548 59.4456640629 195.38764332
18 1.19710674085e-06 0.0938961046327 52.249039746 202.657062953
19 6.80336796677e-07 0.0528925550757 45.9022636165 209.044843149
20 4.14155181261e-07 0.0297951751489 40.3143982088 214.655806203
21 2.67832177769e-07 0.0167842417806 35.399987893 219.583227599
22 1.82661750614e-07 0.009454994984 31.0808373087 223.909707515
23 1.30532754383e-07 0.00532638511516 27.286518075 227.708155411
24 9.71890585788e-08 0.00300081784148 23.9542066094 231.042792477
25 7.50177093778e-08 0.0016907312008 21.0281746224 233.970134573
26 5.97647158429e-08 0.000952612602267 18.459178536 236.539868793
27 4.89535239012e-08 0.000536733858309 16.2038186815 238.795644537
28 4.1087560021e-08 0.000302415214949 14.2238992371 240.775798308
29 3.52314941665e-08 0.000170392872025 12.4858347153 242.513994858
30 3.07830418933e-08 9.60071995705e-05 10.960111577 244.039792386
31 2.73434750397e-08 5.40956982255e-05 9.62080471962 245.379141158
32 2.46424747274e-08 3.04811232696e-05 8.44514690016 246.554822595
33 2.24922587222e-08 1.71756230099e-05 7.41314731033 247.586835492
34 2.07600407975e-08 9.67861425312e-06 6.50725480988 248.492735491
35 1.93498408407e-08 5.45433362331e-06 5.71206121357 249.287933313
36 1.8191116169e-08 3.07405073049e-06 5.01404021722 249.985956691
37 1.72312866198e-08 1.73276903277e-06 4.40131787845 250.598680372
38 1.64305902217e-08 9.76922415323e-07 3.8634709484 251.136528059
39 1.57584736371e-08 5.50952032466e-07 3.39134973694 251.608649697
40 1.51911763169e-08 3.10863315243e-07 2.97692256164 252.023077113
41 1.47100820413e-08 1.75521353842e-07 2.61313917032 252.38686064
42 1.43003262565e-08 9.92091141469e-08 2.29381083374 252.706189053
43 1.39500286878e-08 5.61657580838e-08 2.01350508016 252.98649485
44 1.36496112191e-08 3.18749202457e-08 1.7674532872 253.232546668
45 1.33912578804e-08 1.81561352967e-08 1.55146956264 253.448530407
46 1.31685169436e-08 1.03991022133e-08 1.36187953619 253.638120441
47 1.2976073549e-08 6.00531235777e-09 1.19545785189 253.80454213
48 1.28095223317e-08 3.50995154003e-09 1.04937329845 253.950626686
49 1.2665026361e-08 2.08711116842e-09 0.921140644358 254.078859342
50 1.25395729356e-08 1.27097663367e-09 0.808578358662 254.191421629
51 1.24304335714e-08 7.98506198251e-10 0.709769582965 254.290230405
52 1.23354197967e-08 5.21669617609e-10 0.623035490362 254.376964498
53 1.22525989354e-08 3.56486260299e-10 0.546900538422 254.45309945
54 1.21802656849e-08 2.5542936273e-10 0.48006942236 254.519930566
55 1.21171979117e-08 1.9156105173e-10 0.421405231676 254.578594757
56 1.20621450606e-08 1.49552693546e-10 0.369909946429 254.630090042
57 1.20139418414e-08 1.20643505152e-10 0.324707509173 254.675292479
58 1.19717924463e-08 9.97907335746e-11 0.28502892068 254.714971068
59 1.19349010674e-08 8.40622271064e-11 0.250199156969 254.749800832
60 1.19026424272e-08 7.17287533805e-11 0.219625685079 254.780374304
60 1.19026424272e-08 7.17287533805e-11 0.219625685079 254.780374304
