Time S E I R
0 255 0 0 0
1 243.4329 11.5671 0 0
2 221.265768831 26.873722255 6.4564505012 0.404058412938
3 167.623440772 60.0455627315 24.9953227598 2.33567373727
4 79.6890959809 103.780762116 63.5882465978 7.94189530613
5 14.0000379327 108.77596594 112.707508148 19.5164879805
6 2.02043183715 69.7132352403 146.559913197 36.7064197265
7 0.212096857751 40.5152206621 157.549993839 56.7226886419
8 0.0211850347626 22.9526357977 154.839890575 77.1862885931
9 0.00232898968952 12.9419083266 145.263218361 96.7925443235
10 0.000302068231491 7.29143187697 132.778348413 114.929917643
11 4.74128108578e-05 4.10736004554 119.519402373 131.37319017
12 9.02769895106e-06 2.31365809777 106.585046453 146.101286423
13 2.06624150678e-06 1.30326404367 94.5014285505 159.195305341
14 5.60375696068e-07 0.734116697328 83.4833325343 170.782550209
15 1.77181590288e-07 0.413519966548 73.5800957939 181.006384063
16 6.42726263322e-08 0.232931508907 64.7566192503 190.010449177
17 2.63414392521e-08 0.131208163789 56.9379260279 197.930865782
18 1.20279821658e-08 0.0739098847855 50.033335832 204.892754271
19 6.0409490743e-09 0.0416340093381 43.9491926915 211.009173293
20 3.29936256094e-09 0.0234529986263 38.5954169879 216.38113001
21 1.93983851204e-09 0.0132115110336 33.888489952 221.098298535
22 1.21690391097e-09 0.00744235823372 29.7525937249 225.239963916
23 8.08142885944e-10 0.00419268768295 26.1197752675 228.876032044
24 5.64199353903e-10 0.00236217893168 22.9295864817 232.068051339
25 4.11574774262e-10 0.00133091354805 20.1285071619 234.870161924
26 3.12013526127e-10 0.000749870193764 17.6693058 237.329944329
27 2.44682496486e-10 0.000422495554119 15.5103874809 239.489190023
28 1.9761614567e-10 0.000238044649664 13.6151602502 241.384601705
29 1.63851154866e-10 0.000134120526396 11.9514586809 243.048407198
30 1.39039002534e-10 7.55671201424e-05 10.491022628 244.508901804
31 1.20337517728e-10 4.25766529912e-05 9.2090310848 245.790926338
32 1.06012976175e-10 2.39889593363e-05 8.08368816171 246.916287849
33 9.4757979241e-11 1.3516142802e-05 7.09585693075 247.904129553
34 8.59188276081e-11 7.61545506722e-06 6.22873647814 248.771255906
35 7.88134002505e-11 4.29082658232e-06 5.46757755581 249.532418153
36 7.31290583644e-11 2.41762211649e-06 4.79943249297 250.200565089
37 6.84394763084e-11 1.36219300393e-06 4.21293539423 250.787063243
38 6.46025455353e-11 7.67524326788e-07 3.69810904308 251.301890189
39 6.14193140791e-11 4.32463620131e-07 3.24619531495 251.753804252
40 5.87476733926e-11 2.43675451351e-07 2.84950626502 252.150493491
41 5.64739366382e-11 1.37302947563e-07 2.50129338572 252.498706477
42 5.44844169781e-11 7.73669240748e-08 2.19563282569 252.804367097
43 5.27791144123e-11 4.35953600549e-08 1.92732462639 253.07267533
44 5.13580289407e-11 2.45661795865e-08 1.69180426727 253.308195708
45 5.01927388541e-11 1.38436829383e-08 1.48506501757 253.514934968
46 4.91695573146e-11 7.80168730713e-09 1.30358977526 253.696410216
47 4.83169060317e-11 4.39700926663e-09 1.14429123453 253.85570876
48 4.75495198771e-11 2.47840263022e-09 1.00445936444 253.995540632
49 4.68958205602e-11 1.39718029777e-09 0.881715305447 254.118284692
50 4.63273863716e-11 7.8782545384e-10 0.773970899726 254.226029098
51 4.58157956018e-11 4.44213961148e-10 0.679391241798 254.320608756
52 4.53610482509e-11 2.50588754004e-10 0.596369462478 254.403630536
53 4.49347226095e-11 1.41459559249e-10 0.523493121119 254.476506877
54 4.46220838057e-11 7.99427282339e-11 0.459522448773 254.540477549
55 4.43662884209e-11 4.52538531345e-11 0.403369147798 254.59663085
56 4.40820713266e-11 2.56831833934e-11 0.3540779153 254.645922083
57 4.391154107e-11 1.46333056266e-11 0.3108101907 254.689189808
58 4.36841673945e-11 8.3871002659e-12 0.272829889367 254.727170109
59 4.35136371379e-11 4.84977734947e-12 0.239490879601 254.760509119
60 4.33999503002e-11 2.84118036503e-12 0.210225989933 254.789774009
60 4.33999503002e-11 2.84118036503e-12 0.210225989933 254.789774009
