Time S E I R
0 255 0 0 0
1 243.4329 11.5671 0 0
2 230.93791329 18.8088185885 4.90179654682 0.351471574286
3 216.856900344 23.9028909833 12.6983340907 1.54187458172
4 200.663415564 28.1709910159 22.2976850751 3.86790834477
5 183.319181754 31.0098236608 33.1451903038 7.52580428116
6 165.234931001 32.7234689582 44.4196472759 12.6219527648
7 145.832670558 34.5476560595 55.4517319541 19.1679414288
8 125.651159577 36.1123397485 66.1085979981 27.1279026772
9 107.591329582 34.8479519553 76.1221044853 36.4386139784
10 91.5286352492 32.2618706438 84.2787949361 46.9306991719
11 77.4640850178 29.0633468539 90.1407690747 58.3317990545
12 65.3222012301 25.6796564795 93.6588645869 70.3392777044
13 55.0208482549 22.3099316342 95.0098375273 82.6593825846
14 46.2907394603 19.2142251928 94.4673473791 95.0276879687
15 39.0136767123 16.3669995555 92.3973804146 107.221943318
16 33.1288634832 13.6803435326 89.1261669185 119.064626066
17 28.3067826551 11.3644636411 84.9128655413 130.415888163
18 24.4320696249 9.32993770556 80.0644490793 141.173543591
19 21.2868613041 7.63076065108 74.8121907373 151.270187308
20 18.7222134659 6.23588812479 69.3739494635 160.667948946
21 16.6138365107 5.10903188241 63.9227214624 169.354410145
22 14.8889168995 4.18359890362 58.5905117645 177.336972433
23 13.4570139134 3.44361301869 53.4623626778 184.637010391
24 12.2838805641 2.82797863286 48.6025090174 191.285631786
25 11.3077086541 2.33231272662 44.0401176539 197.319860966
26 10.483504932 1.94008979892 39.796372102 202.780033168
27 9.78634469438 1.62393109843 35.8812333448 207.708490863
28 9.20115486156 1.35993715367 32.2909922046 212.147915781
29 8.7108097916 1.13775038044 29.0116639971 216.139775832
30 8.2800297738 0.97061873327 26.0258681004 219.723483394
31 7.91925150149 0.821235917315 23.3228330918 222.936679491
32 7.60645828491 0.701346883938 20.8776352549 225.814559578
33 7.3356982754 0.602089948236 18.6726142888 228.389597489
34 7.0984487978 0.521372170058 16.6883489531 230.69183008
35 6.89737804454 0.447118041055 14.9066584853 232.74884543
36 6.7137734586 0.394082527431 13.3065019642 234.585642051
37 6.56031321662 0.339458481386 11.8751538699 236.225074433
38 6.42360426923 0.296522260123 10.5921129632 237.687760508
39 6.29709200461 0.266098840503 9.44460930649 238.992199849
40 6.18864828509 0.234331698275 8.42166869677 240.15535132
41 6.09431375162 0.20528546064 7.50798221051 241.192418577
42 6.01037124971 0.181093128804 6.69168422234 242.116851399
43 5.93566570177 0.16045872266 5.96316527009 242.940710305
44 5.8709283865 0.140811469981 5.31341927879 243.674840864
45 5.81713945637 0.120490522358 4.7334601007 244.32890992
46 5.76941578199 0.104456898387 4.21469200059 244.911435318
47 5.71702661595 0.101391047333 3.7515519376 245.430030398
48 5.68136942121 0.0840873078197 3.34265793845 245.891885331
49 5.64580043919 0.0752471949429 2.97573964321 246.303212721
50 5.61186342085 0.069520844936 2.64921685913 246.669398873
51 5.58712909991 0.0578733551395 2.35952000255 246.99547754
52 5.55710048415 0.05728941554 2.09983274173 247.285777356
53 5.53567320043 0.0489696077099 1.87105950702 247.544297682
54 5.51243064081 0.0466300654395 1.66634945611 247.774589835
55 5.49112981506 0.0438439121292 1.48525136276 247.979774907
56 5.47553754679 0.0369823650585 1.32475245184 248.162727633
57 5.46145161794 0.0319772436056 1.18072486233 248.325846273
58 5.44670830276 0.0301418982362 1.05194908728 248.471200709
59 5.43715794641 0.024205880454 0.937885569329 248.600750601
60 5.42066312685 0.0280628774604 0.835100431629 248.716173561
60 5.42066312685 0.0280628774604 0.835100431629 248.716173561
