Time S E I R
0 255 0 0 0
1 243.4329 11.5671 0 0
2 226.412663432 22.5664075068 5.64403259253 0.376896468499
3 195.344820664 39.5565369059 18.1930436665 1.90559876299
4 144.708836256 63.8776257644 40.7307715697 5.68276640939
5 83.213652275 84.8288531158 73.8466344988 13.1108601098
6 33.2439532169 86.6333555201 109.957701234 25.1649900279
7 6.6021315592 69.7554188667 137.192539213 41.4499103603
8 2.0195797663 42.6033230485 150.022153034 60.3549441504
9 0.590673490549 25.0237612457 149.408283413 79.9772818498
10 0.179506744041 14.3905911891 141.443068723 98.986833343
11 0.0591570587132 8.19260049557 130.046100221 116.702142224
12 0.0215223094791 4.64196467471 117.497635773 132.838877242
13 0.00867738534905 2.62407870609 105.031238733 147.336005174
14 0.0038635343727 1.4816200621 93.2650605984 160.249455804
15 0.00188641115844 0.836026876915 82.4711337117 171.690952999
16 0.00100161578902 0.471573751135 72.7332834856 181.794141146
17 0.000573384737038 0.265947777367 64.0370194984 190.696459338
18 0.00035097666381 0.149970080292 56.3197518463 198.529927095
19 0.000227965785172 0.0845681141276 49.4983531298 205.416850789
20 0.000156029272347 0.0476911914127 43.4839414303 211.468211348
21 0.000111833698895 0.0268979409978 38.1894966975 216.783493527
22 8.34760392081e-05 0.0151733014327 33.5335838588 221.451159363
23 6.45715446694e-05 0.00856158423215 29.4418620743 225.549511769
24 5.15386667814e-05 0.00483286732031 25.8474720177 229.147643575
25 4.22847232358e-05 0.00272972772386 22.6908192627 232.306408724
26 3.55412493889e-05 0.0015430565413 19.9190691963 235.079352205
27 3.05139089392e-05 0.000873169477783 17.4855492731 237.513547043
28 2.66903628585e-05 0.000494836953476 15.3491375829 239.650340889
29 2.37309322415e-05 0.000281027814557 13.4736456526 241.526049588
30 2.14048070859e-05 0.000160087754285 11.8272555713 243.172562935
31 1.95516005306e-05 9.15923216407e-05 10.3820084554 244.6178804
32 1.80575578952e-05 5.27305878702e-05 9.11334558809 245.886583623
33 1.68404729095e-05 3.06267739667e-05 7.99970008629 247.000252446
34 1.58399091106e-05 1.80100929336e-05 7.02213533939 247.97783081
35 1.50107276227e-05 1.07725682967e-05 6.16402586766 248.835948348
36 1.43187220658e-05 6.59148270681e-06 5.41077618568 249.589202903
37 1.37376217708e-05 4.15221417954e-06 4.74957346018 250.250408649
38 1.32470005951e-05 2.70968905016e-06 4.16917007696 250.830813965
39 1.28307956402e-05 1.84083960908e-06 3.65969259998 251.340292727
40 1.24762424036e-05 1.30482160697e-06 3.21247397521 251.787512242
41 1.21730997193e-05 9.64041147261e-07 2.81990618253 252.180080679
42 1.19130778842e-05 7.3950697133e-07 2.47531086174 252.524676484
43 1.16894126165e-05 5.85566111642e-07 2.17282573012 252.827161993
44 1.14965430669e-05 4.75590805341e-07 1.9073048697 253.092683156
45 1.13298669362e-05 3.93856784359e-07 1.67423119382 253.32575708
46 1.11855516707e-05 3.30924946916e-07 1.46963960714 253.530348874
47 1.10603878056e-05 2.81007682653e-07 1.29004955374 253.709939102
48 1.09516739997e-05 2.40461206131e-07 1.13240580691 253.867582998
49 1.08571262842e-05 2.06918015276e-07 0.99402649392 254.005962439
50 1.07748054177e-05 1.78784232393e-07 0.872557471902 254.127431571
51 1.07030588765e-05 1.54945672185e-07 0.76593227882 254.23405686
52 1.06404724249e-05 1.34593104936e-07 0.672335037981 254.327654184
53 1.05858358666e-05 1.17120303104e-07 0.590175613004 254.409813681
54 1.05381072899e-05 1.02056780912e-07 0.518056234217 254.481933123
55 1.04963886542e-05 8.90289248117e-08 0.454750013947 254.545239398
56 1.04599042459e-05 7.77338622728e-08 0.399179960728 254.600809499
57 1.04279828577e-05 6.79221182844e-08 0.350400696047 254.649588805
58 1.04000426688e-05 5.93856405458e-08 0.307582370793 254.692407167
59 1.03755785119e-05 5.19492612299e-08 0.269996547125 254.729993023
60 1.03541513852e-05 4.54644127725e-08 0.237003805573 254.762985792
60 1.03541513852e-05 4.54644127725e-08 0.237003805573 254.762985792
