Time S E I R
0 255 0 0 0
1 243.4329 11.5671 0 0
2 221.840588167 26.3912137359 6.36709703825 0.401101059032
3 170.816381299 57.6803741917 24.2162079616 2.28703654813
4 86.2286290465 99.9848901194 61.0989388168 7.6875420178
5 18.3780313626 108.459462131 109.308031647 18.8544748596
6 3.02756247462 71.9794301492 144.329614417 35.6633929596
7 0.360906939778 42.3937540719 156.757896384 55.4874426045
8 0.0403530191235 24.1006153834 154.946795854 75.9122357437
9 0.00490253405971 13.6000944036 145.828964998 95.5660380648
10 0.000693670819089 7.663697426 133.543414455 113.792194449
11 0.000117513430354 4.31727787147 120.342545915 130.340058701
12 2.39244457418e-05 2.43194131719 107.393032505 145.175002254
13 5.80703857622e-06 1.36989955813 95.2588095785 158.371285057
14 1.65820381426e-06 0.771653604227 84.1752739793 170.053070759
15 5.48564798919e-07 0.434664574566 74.2027536752 180.362581202
16 2.07053375334e-07 0.244842180019 65.3117897076 189.443367906
17 8.78685284533e-08 0.137917353184 57.4300985573 197.431984002
18 4.13638190366e-08 0.0776878825213 50.468079195 204.454232881
19 2.13395310311e-08 0.0437621557506 44.3323464091 210.623891414
20 1.19325136438e-08 0.0246518029487 38.932614188 216.042733997
21 7.16235604159e-09 0.0138869492406 34.1849692876 220.801143756
22 4.57524151898e-09 0.00782284307791 30.0131175601 224.979059592
23 3.08702396978e-09 0.00440700537088 26.3486161924 228.646976799
24 2.18548734665e-09 0.00248290629526 23.1305486062 231.866968485
25 1.61386992659e-09 0.0013989352565 20.3049604531 234.69364061
26 1.23668542074e-09 0.000788195661198 17.8242238284 237.174987975
27 9.7898578133e-10 0.000444089239293 15.6463898096 239.353166101
28 7.97456323198e-10 0.000250211169793 13.7345516047 241.265198184
29 6.66005917083e-10 0.000140975520533 12.0562651188 242.943593906
30 5.68604718865e-10 7.94294527774e-05 10.5830242938 244.416896277
31 4.94907226312e-10 4.4752834132e-05 9.28979152981 245.710163718
32 4.3812065087e-10 2.52151114486e-05 8.15458039989 246.845394386
33 3.93754362449e-10 1.42070173412e-05 7.15808649056 247.841899303
34 3.58511442755e-10 8.00473480807e-06 6.28336173879 248.716630257
35 3.30203420162e-10 4.51017547938e-06 5.51552765547 249.484467835
36 3.07210257233e-10 2.54122395836e-06 4.84152308078 250.158474379
37 2.88281398753e-10 1.43184560987e-06 4.2498824755 250.750116094
38 2.72677880275e-10 8.06778279993e-07 3.73054114278 251.269458052
39 2.59632315647e-10 4.54588405916e-07 3.27466416056 251.725335386
40 2.48746800935e-10 2.56147809256e-07 2.87449616715 252.125503578
41 2.39538167079e-10 1.44335755306e-07 2.52322947427 252.476770383
42 2.31779040405e-10 8.13340478726e-08 2.21488828048 252.78511164
43 2.25156782108e-10 4.58344688936e-08 1.94422702483 253.055772931
44 2.1952928364e-10 2.58310832998e-08 1.70664115667 253.293358819
45 2.14697593037e-10 1.45592007956e-08 1.49808880663 253.50191118
46 2.10491180042e-10 8.20725668847e-09 1.31502202797 253.684977965
47 2.06881622944e-10 4.62760264627e-09 1.15432643937 253.845673557
48 2.03755234907e-10 2.61012030237e-09 1.01326824302 253.986731755
49 2.01055172511e-10 1.47294324395e-09 0.88944771687 254.110552282
50 1.98724592337e-10 8.31853994416e-10 0.780758390003 254.21924161
51 1.96735072677e-10 4.70176153616e-10 0.685349283717 254.314650717
52 1.95001348402e-10 2.66222711687e-10 0.601599415817 254.398400585
53 1.93523419512e-10 1.51145787767e-10 0.528083961083 254.47191604
54 1.9213075575e-10 8.61649004661e-11 0.463552276865 254.536447724
55 1.90937043953e-10 4.94259540072e-11 0.406906521181 254.59309348
56 1.89970705833e-10 2.8615795407e-11 0.357183013147 254.642816988
57 1.89032789422e-10 1.67941184005e-11 0.313535838016 254.686464163
58 1.88265403267e-10 1.0049073521e-11 0.275222455698 254.724777545
59 1.8761170395e-10 6.17483256823e-12 0.241591067921 254.758408933
60 1.86986426343e-10 3.92796000786e-12 0.212069529131 254.787930472
60 1.86986426343e-10 3.92796000786e-12 0.212069529131 254.787930472
