Time S E I R
0 255 0 0 0
1 243.4329 11.5671 0 0
2 227.272392106 21.8501182695 5.50529753989 0.372192084917
3 199.696870843 36.3615733468 17.1063059427 1.83524986783
4 156.127322501 56.5803457918 36.973349532 5.31898217587
5 101.429809333 75.6691297498 65.9098080946 11.9912528231
6 50.9139716502 82.1746731762 99.123179915 22.7881752591
7 17.4811941505 72.4603131312 127.374992805 37.6834999143
8 1.41832015902 53.9790205575 144.057935085 55.5447241995
9 0.504641558278 31.0686943854 148.657101803 74.7695622541
10 0.180794979391 17.7349306878 143.218185828 93.8660885055
11 0.0685876647701 10.0711373886 132.962449734 111.897825214
12 0.0281783918885 5.70229927193 120.822571966 128.446950372
13 0.0126259937814 3.22337353234 108.3819749 143.382025575
14 0.00616357316426 1.82041717044 96.4505923855 156.722826872
15 0.00326147732622 1.02755183699 85.4054708996 168.563715787
16 0.00185805285119 0.579843548555 75.3870975477 179.031200852
17 0.00113133382516 0.327156242367 66.4106563496 188.261056075
18 0.000730984166779 0.184580270888 58.4282694542 196.386419292
19 0.000497848956371 0.104145587891 51.3633086271 203.532047937
20 0.000355224684029 0.0587718124673 45.1289771844 209.811895779
21 0.000264073798007 0.0331747282883 39.6380243516 215.328536847
22 0.000203530259427 0.0187330544948 34.8076589726 220.173404443
23 0.000161927915229 0.0105838441625 30.5616963774 224.427557851
24 0.000132474413761 0.00598425701957 26.8312824769 228.162600792
25 0.000111068121669 0.00338741986951 23.5548727984 231.441628714
26 9.51471486133e-05 0.00192044285046 20.6777992029 234.320185208
27 8.30634631939e-05 0.00109110089435 18.1517162265 236.84710961
28 7.37275854874e-05 0.000621769579245 15.9339875891 239.065316915
29 6.64012323455e-05 0.000355830178009 13.9870784891 241.012499281
30 6.0572559704e-05 0.000204869802321 12.2779771351 242.721757424
31 5.58793113612e-05 0.000118962550369 10.7776698148 244.222155345
32 5.20602110896e-05 6.99034941465e-05 9.46066800335 245.539210035
33 4.8923519671e-05 4.17493273773e-05 8.30458642892 246.6953229
34 4.63262696258e-05 2.54807351088e-05 7.28976884557 247.710159349
35 4.41602859382e-05 1.59899780996e-05 6.39895736263 248.600982489
36 4.23426076566e-05 1.03803457003e-05 5.61700095529 249.382946324
37 4.08088151573e-05 7.00586080911e-06 4.93059890271 250.069353285
38 3.95083100386e-05 4.92877040173e-06 4.32807518722 250.671880378
39 3.84009290997e-05 3.61288754937e-06 3.79918024124 251.200777747
40 3.74544812871e-05 2.75012263969e-06 3.33491679608 251.665043001
41 3.6642934532e-05 2.1622613214e-06 2.92738694164 252.072574255
42 3.59450647522e-05 1.74527782743e-06 2.56965783569 252.430304476
43 3.53434379861e-05 1.4377101792e-06 2.25564380096 252.74431942
44 3.48236354455e-05 1.20265992884e-06 1.98000281736 253.019961158
45 3.43736580248e-05 1.01751609337e-06 1.73804565566 253.261918955
46 3.39834629983e-05 8.68065317215e-07 1.52565611103 253.474309039
47 3.36446026381e-05 7.4509812462e-07 1.33922098178 253.66074463
48 3.33499374676e-05 6.42439646352e-07 1.17556860345 253.824397406
49 3.3093408689e-05 5.55796296195e-07 1.03191489331 253.968051459
50 3.28698550049e-05 4.82072133127e-07 0.905815987871 254.094150662
51 3.26748649968e-05 4.1895733397e-07 0.795126667829 254.20484024
52 3.25046531202e-05 3.64673950025e-07 0.697961931874 254.3020052
53 3.23559723938e-05 3.17822906829e-07 0.6126709479 254.38729638
54 3.22260214602e-05 2.77275086863e-07 0.537802731904 254.462164766
55 3.21123809215e-05 2.4210573821e-07 0.472083529337 254.527884117
56 3.20129578313e-05 2.11547768449e-07 0.41439535568 254.585572421
57 3.1925938174e-05 1.84958247136e-07 0.363756800427 254.63621109
58 3.18497475007e-05 1.61794093243e-07 0.319306385522 254.680661604
59 3.17830173628e-05 1.41593717043e-07 0.2802879092 254.719680167
60 3.17245570614e-05 1.23962853179e-07 0.24603758081 254.753930571
60 3.17245570614e-05 1.23962853179e-07 0.24603758081 254.753930571
