Time S E I R
0 255 0 0 0
1 243.4329 11.5671 0 0
2 228.67886935 20.680606024 5.27614940731 0.364375219091
3 206.570409878 31.3394973698 15.3687494142 1.72134333796
4 174.280947157 44.9439935285 31.0344453196 4.74061399483
5 133.414432471 58.6071284272 52.7835175604 10.194921541
6 89.7742043771 67.7004249274 78.7434456609 18.7819250343
7 50.9778573194 68.716978104 104.516963307 30.7882012694
8 23.1324575284 60.8264252473 125.172697546 45.8684196781
9 8.682477345 45.7830453119 137.421919879 63.1125574636
10 2.47742394253 30.8350358814 140.363328034 81.3242121415
11 0.26268498425 19.2525294871 136.073352345 99.4114331827
12 0.134807612454 10.9386879673 127.311132646 116.615371773
13 0.0728134576657 6.20724665342 116.219965574 132.499974314
14 0.0416787631317 3.51942482823 104.551074826 146.887821582
15 0.0252920473015 1.99456194212 93.2107344844 159.769411526
16 0.0162239990275 1.13023213032 82.633903625 171.219640245
17 0.0109530051263 0.640561628871 72.9969494546 181.351535911
18 0.00774437501337 0.363208132029 64.3379021322 190.29114536
19 0.00570688546088 0.206109923883 56.623878081 198.164305109
20 0.00436281224358 0.117103352952 49.7884466181 205.090087216
21 0.00344546437532 0.0666506854928 43.7520270007 211.177876849
22 0.00280012184689 0.0380281301198 38.4326804012 216.526491346
23 0.00233381887494 0.0217713302794 33.7516835928 221.224211257
24 0.00198883364544 0.0125230956939 29.6360733255 225.349414744
25 0.0017282382953 0.00725029656016 26.0196167548 228.971404709
26 0.00152775855778 0.00423522715399 22.8429504525 232.15128656
27 0.00137102503987 0.00250404470594 20.0532544467 234.942870482
28 0.00124674480813 0.00150434837209 17.6037562582 237.393492647
29 0.00114696640765 0.000922699800323 15.4531790543 239.544751278
30 0.0010659811916 0.000580866963017 13.5651656297 241.433187521
31 0.00099961722475 0.000377279471243 11.9077287683 243.090894334
32 0.000944775773974 0.00025390699697 10.4527485487 244.546052768
33 0.000899120619039 0.000177483040149 9.17551755543 245.82340584
34 0.000860866028262 0.000128852129481 8.05433399694 246.944676284
35 0.000828629634412 9.69192941078e-05 7.07014019236 247.928934258
36 0.000801328748054 7.52086113514e-05 6.20620276192 248.7929207
37 0.000778106217496 5.99021397109e-05 5.44783049064 249.5513315
38 0.000758276692778 4.87197583708e-05 4.7821258663 250.217067136
39 0.00074128718046 4.02773558848e-05 4.19776652059 250.801451914
40 0.000726687740524 3.37176295289e-05 3.68481311489 251.314426479
41 0.000714109471545 2.84966123956e-05 3.23454055084 251.764716842
42 0.000703247793552 2.42594284229e-05 2.83928971909 252.159982773
43 0.000693849626742 2.07673705921e-05 2.49233731327 252.506948069
44 0.000685703461727 1.78546456445e-05 2.18778152252 252.811514919
45 0.000678631600778 1.54023749003e-05 1.92044167457 253.078864291
46 0.000672484041246 1.33227122757e-05 1.68577013166 253.313544061
47 0.000667133615366 1.15489531894e-05 1.4797749462 253.519546371
48 0.000662472096963 1.00292348066e-05 1.29895196382 253.700375535
49 0.000658407060286 8.72242157307e-06 1.14022522081 253.85910765
50 0.00065485932771 7.59534431266e-06 1.00089462328 253.998442922
51 0.000651760881624 6.62089514433e-06 0.878590018817 254.120751599
52 0.000649053146702 5.77667612791e-06 0.77123087974 254.22811429
53 0.000646685514823 5.04399601756e-06 0.676988961439 254.322359309
54 0.000644614323903 4.40719830197e-06 0.594263282357 254.405087696
55 0.00064280169687 3.8530334281e-06 0.521646537276 254.477706808
56 0.000641214771861 3.37025200264e-06 0.45790345971 254.541451955
57 0.000639824996227 2.94926076835e-06 0.401949698432 254.597407527
58 0.000638607532125 2.58184928593e-06 0.352833409933 254.6465254
59 0.000637540749977 2.26096855513e-06 0.309719066184 254.689641131
60 0.000636605796132 1.98055029247e-06 0.271873240999 254.727488172
60 0.000636605796132 1.98055029247e-06 0.271873240999 254.727488172
