Time S E I R
0 255 0 0 0
1 243.4329 11.5671 0 0
2 227.89349514 21.3332952741 5.40445031987 0.368759265939
3 202.772159898 34.1105536747 16.3325266571 1.78475976987
4 164.253065918 51.3726022922 34.3135793229 5.06075246711
5 115.34369961 68.3651166455 60.1010289369 11.1901548076
6 66.6427558988 76.869958291 90.4599304526 21.0273553576
7 29.5108035925 72.4053986791 118.347688074 34.7361096546
8 8.0681549915 57.989304701 137.390038669 51.5525016387
9 0.18655195554 39.2825162114 145.401492967 70.1294388664
10 0.0762984942465 22.2077508785 143.645948388 89.0700022395
11 0.0322907092643 12.5414267887 135.139900578 107.286381925
12 0.0145499079345 7.07738745297 123.733152626 124.174910014
13 0.00705601690268 3.99209559536 111.494309018 139.506539371
14 0.00368812463873 2.25117509861 99.4945899599 153.250546818
15 0.00207098671282 1.2692533807 88.2524314731 165.476244161
16 0.00124254805695 0.715569375092 77.9843524871 176.298835591
17 0.000791606127336 0.403405999914 68.7456752372 185.850127158
18 0.000532158683285 0.227426873088 60.508930269 194.2631107
19 0.00037524598838 0.128224143617 53.2071177695 201.664282842
20 0.000276022892535 0.0723017667108 46.7572417884 208.170180423
21 0.000210750817303 0.0407769040319 41.0728092504 213.886203096
22 0.000166284924944 0.0230034376557 36.0701985809 218.906631698
23 0.000135045218286 0.01298166543 31.6716856603 223.315197631
24 0.000112494141717 0.0073297888833 27.8066016545 227.185956064
25 9.58225562329e-05 0.00414179291397 24.4115476733 230.584214713
26 8.32365115571e-05 0.00234296286621 21.4300912304 233.567482572
27 7.35579704099e-05 0.00132735979775 18.8122480739 236.18635101
28 6.59938498018e-05 0.000753555875622 16.513896853 238.485283599
29 5.99977090019e-05 0.000429083764234 14.4961749854 240.503335935
30 5.51849117585e-05 0.000245379796604 12.7248905743 242.274808863
31 5.12794302949e-05 0.000141194873954 11.1699858183 243.829821709
32 4.80796344107e-05 8.19640370845e-05 9.80505108918 245.194818869
33 4.5435820482e-05 4.81737006373e-05 8.60688998724 246.393016405
34 4.32351610868e-05 2.88018458043e-05 7.55513280943 247.444795155
35 4.13914396233e-05 1.76184750498e-05 6.63189458052 248.368046411
36 3.98379319506e-05 1.10988494917e-05 5.8214733666 249.178475698
37 3.8522390696e-05 7.24618739619e-06 5.11008460529 249.889869628
38 3.7403460766e-05 4.92727729928e-06 4.4856274217 250.514330249
39 3.6448082426e-05 3.49740945874e-06 3.93747923039 251.062480826
40 3.56295849997e-05 2.58853666894e-06 3.45631528455 251.543646499
41 3.49262713257e-05 1.98955210996e-06 3.03395019036 251.966012895
42 3.43203545867e-05 1.5785711919e-06 2.66319873977 252.336765362
43 3.3797151076e-05 1.28458562209e-06 2.33775372222 252.662211197
44 3.33444614853e-05 1.06571724654e-06 2.05207865238 252.947886938
45 3.29520912032e-05 8.96860870925e-07 1.80131359791 253.198652554
46 3.26114762572e-05 7.62643238193e-07 1.58119251018 253.418774117
47 3.23153880686e-05 6.53396344056e-07 1.38797065452 253.611996378
48 3.20576987463e-05 5.62843154895e-07 1.21836090695 253.781606474
49 3.18331936171e-05 4.86758577191e-07 1.06947783462 253.930489847
50 3.1637419653e-05 4.22187729769e-07 0.938788609186 254.061179333
51 3.14665622057e-05 3.66984124034e-07 0.82406991829 254.17589825
52 3.13173446216e-05 3.19532592507e-07 0.723370142336 254.276598223
53 3.11869420671e-05 2.78578446515e-07 0.634974186135 254.364994351
54 3.10729226385e-05 2.43125579962e-07 0.55738043182 254.442588255
55 3.09731801167e-05 2.1236293622e-07 0.489268768982 254.510700048
56 3.08858902258e-05 1.85621012287e-07 0.429480502519 254.570488428
57 3.08094701325e-05 1.62340220749e-07 0.376998493034 254.622970537
58 3.07425446522e-05 1.42048480758e-07 0.330929899824 254.669039217
59 3.06839174016e-05 1.24344670004e-07 0.290490991153 254.709478202
60 3.06325466397e-05 1.08886067198e-07 0.254993810715 254.744975449
60 3.06325466397e-05 1.08886067198e-07 0.254993810715 254.744975449
