0
0
5.10922828961
14.1511623926
26.9728571251
43.6060900879
63.0333578851
83.3263395385
102.239236065
117.33431768
126.238120238
128.739320788
125.94668399
119.465201917
110.800338716
101.163941397
91.3523796412
81.8148415881
72.859666949
64.6101444744
57.1256511044
50.4067467279
44.421175507
39.1091586836
34.4132376853
30.2638120087
26.6039266022
23.3828692085
20.5428926262
18.0482736248
15.8516450301
13.9195804128
12.2214390685
10.7295870897
9.41934825793
8.26882755568
7.25867793207
6.37184233114
5.59330620502
4.90986615855
4.30991891174
3.78327156748
3.32097253672
2.91516169905
2.55893806966
2.2462431836
1.97175847438
1.73081504817
1.5193144018
1.33365878265
1.17069003229
1.02763588849
0.902062840587
0.79183474101
0.695074515707
0.610138329123
0.535581260434
0.470135017543
0.412686261666
0.362257704811
0.317991484526
0.317991484526
7.05028186206237
