Time S E I R
0 255 0 0 0
1 243.4329 11.5671 0 0
2 227.475142844 21.6813466414 5.47243580139 0.371074713489
3 200.707383988 35.6212458759 16.8526337573 1.81873637907
4 158.794824881 54.871556748 36.0993865582 5.23423181322
5 105.916480418 73.3383459104 64.0164434902 11.7287301821
6 55.7787748039 80.6394291216 96.3654836398 22.2163124354
7 20.9713559847 72.6732205608 124.614454671 36.7409687841
8 3.20067481551 55.374589519 142.133999421 54.290736245
9 1.19739055814 32.6492960489 147.817319369 73.3359940248
10 0.447920765508 18.9344210091 143.235118452 92.3825397747
11 0.17620735187 10.8626658548 133.506960591 110.454166203
12 0.0746351726057 6.1926809198 121.638475331 127.094208577
13 0.0343177845187 3.51768121752 109.304082512 142.143918486
14 0.0171270970053 1.9940561348 97.3825071773 155.606309591
15 0.00923704037922 1.12902660509 86.2954180825 167.566318272
16 0.00534981664921 0.638834313969 76.2102026482 178.145613221
17 0.00330447795747 0.36135999498 67.1575063665 187.47782916
18 0.00216200457018 0.204396993005 59.0979518202 195.695489182
19 0.00148867083715 0.115635201911 51.9593233892 202.923552738
20 0.00107241753835 0.0654476209111 45.6568990526 209.276580909
21 0.00080395287398 0.037067484906 40.1041920082 214.857936554
22 0.000624208125771 0.0210149306444 35.2184724141 219.759888447
23 0.000499832564088 0.0119311894042 30.9232559675 224.06431301
24 0.00041123780295 0.00678751065576 27.1492200497 227.843581201
25 0.00034650299051 0.00387238541691 23.8342927894 231.161488321
26 0.000298130607007 0.00221806443147 20.923279384 234.07420442
27 0.000261265485562 0.0012774016711 18.3673252633 236.631136069
28 0.000232680532747 0.000741204789994 16.123329153 238.875696961
29 0.000210177351278 0.000434538366181 14.1533343271 240.846020956
30 0.000192224602159 0.000258340643561 12.4239510647 242.575598369
31 0.000177733803724 0.000156466954941 10.9058295013 244.093836297
32 0.000165916789115 9.70596615523e-05 9.57318345835 245.426553564
33 0.000156193061031 6.20141660676e-05 8.40336486386 246.596416928
34 0.000148128338765 4.1020525543e-05 7.37648588321 247.623324967
35 0.000141393022176 2.81915033708e-05 6.47508479555 248.524745619
36 0.000135733623182 2.01530654975e-05 5.68383132485 249.316012788
37 0.000130952795729 1.49621076086e-05 4.98926720067 250.010586884
38 0.000126895164641 1.149234937e-05 4.37957798097 250.620283631
39 0.000123437126518 9.08536572433e-06 3.84439250773 251.155474969
40 0.0001204794128 7.35190543355e-06 3.37460672679 251.625265441
41 0.000117941598575 6.05849324746e-06 2.96222895595 252.037647043
42 0.000115758001755 5.06249869099e-06 2.60024401517 252.399635163
43 0.00011387458585 4.27480014971e-06 2.28249393366 252.717387916
44 0.000112246596842 3.6381989044e-06 2.00357321948 252.996310895
45 0.000110836742465 3.11485053432e-06 1.7587369185 253.241149129
46 0.000109613775578 2.67887991724e-06 1.54381990351 253.456067803
47 0.000108551382908 2.31199149208e-06 1.35516602334 253.644723112
48 0.000107627305539 2.00082186474e-06 1.18956590821 253.810324462
49 0.000106822637235 1.73531455936e-06 1.04420237429 253.955689066
50 0.000106121260245 1.50770087365e-06 0.916602499218 254.08328987
51 0.000105509389073 1.31184495307e-06 0.804595553618 254.195297623
52 0.000104975186446 1.14280656147e-06 0.706274144435 254.293619735
53 0.000104508493877 9.96562759871e-07 0.619967777058 254.379926715
54 0.000104100542273 8.69784578033e-07 0.544208208774 254.455686818
55 0.000103743755432 7.59695576673e-07 0.477706538975 254.522188955
56 0.000103431576434 6.63962715317e-07 0.419331480157 254.580564422
57 0.000103158320513 5.80612805191e-07 0.368089946129 254.631806313
58 0.000102919051955 5.07968506428e-07 0.323110209304 254.676786362
59 0.000102709479904 4.44597838167e-07 0.283627070355 254.716269774
60 0.000102525869607 3.89273865237e-07 0.248968840128 254.750928243
60 0.000102525869607 3.89273865237e-07 0.248968840128 254.750928243
