0
0
5.87756882583
20.0767419896
47.2411573363
86.6582542966
124.930399159
148.085874887
153.755790577
148.851985299
138.588876599
126.140852515
113.259403138
100.847153824
89.3283248762
78.865707245
69.4836125916
61.1364586003
53.7464950577
47.2242132179
41.4790218571
36.4246698157
31.9816414856
28.0779942099
24.6493846173
21.6386365424
18.9951762733
16.6743928537
14.6370114355
12.8484881284
11.2784617758
9.90025966787
8.69045630072
7.62848191119
6.69627651376
5.87798489895
5.15968816208
4.52916762196
3.97569735388
3.48986194283
3.06339643295
2.68904579337
2.36044153392
2.0719933853
1.8187942086
1.59653652086
1.40143921896
1.2301832567
1.07985518143
0.947897570227
0.832065522594
0.73038846965
0.641134698599
0.56278797539
0.494015377545
0.43364695927
0.380655707159
0.334140113399
0.293308838524
0.257467248389
0.226005596328
0.226005596328
19.7346830214655
