Time S E I R
0 255 0 0 0
1 243.4329 11.5671 0 0
2 231.269240326 18.5350490204 4.84617106224 0.349539591782
3 218.27744457 22.8860286432 12.3205738713 1.51595291573
4 204.132356704 26.0001173888 21.1207212333 3.74680467388
5 189.819806643 27.4412010079 30.5718892924 7.16710305704
6 175.605699255 27.7371117274 39.85316343 11.804025588
7 160.615965863 28.362728611 48.4229301302 17.5983753959
8 144.97596382 29.1687965176 56.3875471655 24.4676924972
9 131.136741855 27.7357591107 63.7889984378 32.3385005964
10 118.664934175 25.5459718016 69.7168888474 41.0722051759
11 107.355968433 23.2131132313 73.9682711483 50.4626471876
12 97.0632454486 21.008336542 76.630572893 60.2978451167
13 87.7445372463 18.9596490616 77.9103300951 70.3854835973
14 79.246422345 17.1745643216 78.0188121693 80.5602011645
15 71.5957400612 15.5208181696 77.1972130063 90.6862287632
16 64.8877880282 13.8429709734 75.6153342364 100.653906762
17 58.944755045 12.3171417868 73.3679730182 110.37013015
18 53.7719270406 10.858567944 70.6108375559 119.758667459
19 49.2489325777 9.54152761434 67.4495808503 128.759958957
20 45.2960298887 8.36782957994 64.0065942388 137.329546292
21 41.8359769687 7.33637805694 60.3896776205 145.437967353
22 38.8255822821 6.4134983894 56.6920632615 153.068856066
23 36.1920169905 5.61074740437 52.9810347697 160.216200834
24 33.9090683599 4.8897085008 49.3187408196 166.882482318
25 31.9174172503 4.26290631542 45.7430911245 173.076585308
26 30.1701225119 3.72664907289 42.2909005029 178.81232791
27 28.6376509179 3.26276419942 38.9917254742 184.107859406
28 27.2990239908 2.853491313 35.8631311938 188.9843535
29 26.1307110581 2.49228849673 32.9124404606 193.464559982
30 25.0909027647 2.19463550802 30.1425729061 197.571888819
31 24.1834363671 1.92453075257 27.5615036076 201.330529271
32 23.380220995 1.69404415477 25.1611844943 204.764550354
33 22.6695948051 1.49422021965 22.938813303 207.89737167
34 22.037801607 1.32254965309 20.8878666781 210.75178206
35 21.4827469772 1.16636532007 19.0012089184 213.349678782
36 20.9814619309 1.03970283714 17.2671387781 215.711696452
37 20.5427593904 0.919056374106 15.6807428047 217.857441429
38 20.1498234055 0.81696983731 14.2279943134 219.805212442
39 19.79304205 0.733581467483 12.9014210463 221.571955434
40 19.4775321419 0.654419411202 11.6943491726 223.173699272
41 19.1968897645 0.58296458255 10.5949243363 224.625221314
42 18.9452388673 0.520805484039 9.59400864988 225.939946996
43 18.7195005425 0.466162407038 8.68411016426 227.130226883
44 18.518686995 0.416037004131 7.85783724899 228.207438749
45 18.342248073 0.368384334602 7.10740340383 229.181964186
46 18.1839455337 0.327816314358 6.42506910948 230.06316904
47 18.0318399765 0.302706949596 5.80584583095 230.859607241
48 17.9062179115 0.265605786349 5.24870678427 231.579469516
49 17.7894470709 0.238978515149 4.7415703161 232.230004096
50 17.6822119437 0.217249170489 4.28289162314 232.817647261
51 17.5912899723 0.191204522475 3.86902582381 233.34847968
52 17.5014823501 0.177657862422 3.49299824761 233.827861538
53 17.426051184 0.157664910034 3.15548562137 234.260798283
54 17.3540025712 0.144813978296 2.84936856438 234.651814885
55 17.2885853151 0.132556590476 2.57388963037 235.004968463
56 17.2330977321 0.117164186045 2.32570964495 235.324028436
57 17.1829287495 0.104466602987 2.10036033937 235.612244307
58 17.13555478 0.0956837817528 1.89626950799 235.872491929
59 17.0964920817 0.0834733822214 1.7125438095 236.107490725
60 17.0533052726 0.0816599214858 1.54540230324 236.319632501
60 17.0533052726 0.0816599214858 1.54540230324 236.319632501
