0
0
5.52069737515
17.2256846271
37.385182043
66.7963018852
100.391828967
128.609306819
144.884309606
148.988902151
143.17461893
132.69537332
120.444842636
107.964276669
96.0332375039
85.0096071985
75.0225398558
66.0808083231
58.1330661742
51.1009213713
44.8967769613
39.4331161096
34.6271636949
30.402893017
26.691672419
23.4321981564
20.5700412697
18.0570808412
15.8508886229
13.914116557
12.2139197267
10.721432607
9.41129774045
8.26124548234
7.25172142218
6.36555726033
5.58768073436
4.90486033327
4.30548083616
3.77934607057
3.31750565577
2.9121028515
2.55624096216
2.24386604536
1.96966394165
1.72896988062
1.51768912943
1.33222733605
1.16942938343
1.02652571512
0.901085219538
0.790973871609
0.694316495566
0.609470887032
0.534993585411
0.46961758633
0.412230686
0.361856596637
0.317638337072
0.278823653044
0.244752219133
0.244752219133
13.9605408023842
