0
0
4.77251223933
11.8282203753
19.6146298831
27.3356007884
34.1848594422
39.7518018331
44.3561015082
48.2911434091
50.8815808525
52.1230323785
52.2555833185
51.5838120834
50.3625572389
48.8309726854
47.1214691137
45.2642931848
43.3353419498
41.3545418744
39.3592566863
37.3783830134
35.4351996828
33.5370870803
31.6966765929
29.9122714253
28.190150468
26.5375858073
24.9568855568
23.4458172971
22.0022985102
20.6330376211
19.3315490087
18.0986266157
16.9328416234
15.8331525653
14.7945310258
13.8190380787
12.8996887441
12.0359156293
11.227746934
10.4697218072
9.75869538053
9.09275113499
8.46965351568
7.88634922279
7.33940806791
6.82774580719
6.35388794475
5.90896942758
5.49430251562
5.1088035816
4.7477799754
4.41392697676
4.1019251339
3.81259428911
3.54398827488
3.29285488978
3.05866870068
2.84144499619
2.63819319522
2.63819319522
1.17226715049731
