Time S E I R
0 255 0 0 0
1 243.4329 11.5671 0 0
2 230.955504945 18.7942777647 4.89884802599 0.351369264665
3 216.932925706 23.8483962144 12.6781825206 1.54049555896
4 200.850521709 28.0535926378 22.2344551222 3.86143053115
5 183.671715361 30.8156712 33.0060974512 7.50651598797
6 165.79808387 32.4521861824 44.1719427747 12.5777871734
7 146.632182859 34.2141823778 55.0706366603 19.0829981029
8 126.685336871 35.7461036201 65.5845828966 26.9839766121
9 108.829175155 34.4877696413 75.4655311727 36.2175240312
10 92.920586531 31.9434754146 83.5190383429 46.6168997118
11 78.9513201557 28.8134966827 89.3206576963 57.9145254655
12 66.8468581488 25.5123268658 92.8270024495 69.813812536
13 56.5333436279 22.2264633213 94.212898874 82.0272941769
14 47.7535672934 19.2060948416 93.744169833 94.2961680321
15 40.4015649486 16.4201071506 91.7757818837 106.402546017
16 34.4275782812 13.7784179586 88.6222399086 118.171763852
17 29.5111692099 11.4915255909 84.531951796 129.465353404
18 25.5430692373 9.47243635791 79.8032587079 140.181235698
19 22.3094402487 7.77807383808 74.6613330299 150.251152884
20 19.663468661 6.38046387629 69.3203240844 159.635743379
21 17.4817465537 5.2459806976 63.9515215156 168.320751234
22 15.691536769 4.31012985638 58.6867129834 176.311620392
23 14.2020414746 3.55843788696 53.6117114533 183.627809186
24 12.9783895968 2.93085228908 48.7921067848 190.29865133
25 11.9580743007 2.42363046905 44.2587003765 196.359594854
26 11.0953717562 2.0206296234 40.0343806115 201.849618009
27 10.3646539046 1.69466455264 36.1307557267 206.809925816
28 9.75020673348 1.42189676978 32.5456274853 211.282269011
29 9.23433708945 1.1919470075 29.2663456654 215.307370237
30 8.78126777282 1.01799804086 26.276676901 218.924057285
31 8.40099519496 0.862663118234 23.5668156177 222.169526069
32 8.07112821112 0.737592190098 21.1126386272 225.078640971
33 7.78539092833 0.633832014587 18.8971378327 227.683639224
34 7.53498231134 0.549203535185 16.9014165999 230.014397553
35 7.3223313057 0.471553197249 15.1077104695 232.098405027
36 7.128521067 0.41556552835 13.4953040884 233.960609316
37 6.96605311789 0.358373030612 12.051722425 235.623851426
38 6.82138306313 0.313198713175 10.7566538448 237.108764378
39 6.68782610606 0.280821697878 9.59746803775 238.433884157
40 6.57314063454 0.247346780609 8.56329089662 239.616221687
41 6.47326919335 0.216805776222 7.63888180887 240.67104322
42 6.38441017663 0.191302248434 6.81241884299 241.61186873
43 6.30533511799 0.169515532895 6.07431620086 242.450833146
44 6.2367111625 0.14885395568 5.41557637781 243.198858502
45 6.17946251089 0.127638697852 4.82721034675 243.865688442
46 6.12865742644 0.110815098003 4.3006108257 244.459916647
47 6.07352265587 0.107050200903 3.83019679705 244.989230343
48 6.03541728979 0.0891277344032 3.4145640251 245.460890948
49 5.99766375702 0.079739595808 3.04141741253 245.881179232
50 5.96177709857 0.0735268126312 2.70914979237 246.255546294
51 5.935301821 0.061447436243 2.41416365354 246.589087087
52 5.90371804654 0.0604795983714 2.14961456089 246.886187792
53 5.8809010801 0.0518183693302 1.91637889952 247.150901649
54 5.85641592845 0.0491751820449 1.70757863432 247.386830253
55 5.83400371722 0.0461187166837 1.52273608755 247.597141476
56 5.81741672497 0.0390166309076 1.35881318432 247.784753457
57 5.80244026741 0.0337971441019 1.21165794369 247.952104642
58 5.78689984611 0.0317703378548 1.08002779074 248.101302022
59 5.77663585269 0.0256633102966 0.963361392632 248.234339441
60 5.75950210965 0.0293674148248 0.858204518932 248.352925953
60 5.75950210965 0.0293674148248 0.858204518932 248.352925953
