0
0
5.2517600052
15.1882369466
30.4258094652
51.4124755211
76.4596184998
101.61376792
122.318614827
135.253883813
139.15853101
135.762772123
127.66433134
117.141018283
105.692771829
94.3950319098
83.7730880299
74.0513589759
65.2931351086
57.4784827941
50.5472925759
44.4227529269
39.0238651125
34.271859946
30.093284958
26.4212253043
23.195577475
20.3628013925
17.8754512785
15.6916325877
13.7744363384
12.0913847422
10.6139240511
9.31696444616
8.17846771874
7.17908057327
6.30181004781
5.53173707564
4.85576418789
4.26239355877
3.74153189682
3.28431902117
2.8829772963
2.53067941477
2.22143230764
1.94997522427
1.71169025703
1.50252379424
1.31891756824
1.15774812746
1.01627370374
0.892087571799
0.783077107675
0.687385902651
0.603388250319
0.529655153386
0.46493230334
0.408118638081
0.358247648059
0.314470933774
0.276043772516
0.276043772516
9.47639788188027
