0
0
4.89822879613
12.6739522242
22.2211878666
32.9769236231
44.1199983143
54.9907104863
65.4746250416
75.3276165703
83.3591960499
89.1477395026
92.6511114501
94.0438001522
93.5900578139
91.6425999216
88.5135084748
84.4489468083
79.7454342064
74.6268377635
69.3064966054
63.9553101224
58.7049918318
53.6414933993
48.8306720132
44.3036606071
40.0836984912
36.1827363733
32.5988925281
29.3197980085
26.3294625569
23.6182862843
21.1623172569
18.9446875262
16.9466138476
15.1504215976
13.5354667354
12.0893291039
10.7917388887
9.63009683783
8.59355133239
7.66687744134
6.83826342205
6.09812934123
5.4374802343
4.84732707703
4.31906065634
3.8470965764
3.4300262432
3.05554961581
2.72205405506
2.42593633041
2.16034621185
1.92615426885
1.71647680483
1.53083061423
1.36617231957
1.21834487138
1.0861008353
0.968874282039
0.863206677614
0.863206677614
3.39183304698001
