Time S E I R
0 255 0 0 0
1 243.4329 11.5671 0 0
2 227.348576627 21.7866946258 5.49295615764 0.371772589804
3 200.077312756 36.0827793254 17.0108666121 1.82904130661
4 157.131141459 55.9374287719 36.6443427658 5.28708700297
5 103.108516274 74.8000366886 65.1989359501 11.8925110868
6 52.7107559523 81.6201084543 98.0954375694 22.5736980235
7 18.7458792664 72.5638667493 126.358588268 37.3316657158
8 2.04959121489 54.5097356425 143.361617459 55.0790556828
9 0.743046085999 31.6536384344 148.363636421 74.2396790576
10 0.270530897026 18.1722664028 143.237482168 93.3197205313
11 0.104029353678 10.3568824282 133.17153062 111.367557597
12 0.0432287090369 5.87808708418 121.127672006 127.9510122
13 0.0195576878264 3.32831616368 108.723412381 142.928713767
14 0.00962665895619 1.88206953664 96.7938929413 156.314410863
15 0.0051304280492 1.06345094739 85.7323091684 168.199109456
16 0.00294090919377 0.600644411648 75.6887996034 178.707615076
17 0.00180032506083 0.339179011601 66.684056236 187.974964428
18 0.00116871203568 0.191523940442 58.6732078634 196.134099485
19 0.000799245886896 0.108158147628 51.5811729944 203.309869613
20 0.000572330766914 0.0610948227999 45.3218711693 209.616461678
21 0.000426812629968 0.0345238291434 39.8083045518 215.156744807
22 0.000329868144291 0.0195202021511 34.9576882081 220.022461722
23 0.000263078409148 0.0110460988492 30.6937180905 224.294972733
24 0.000215684201521 0.00625807383565 26.947362543 228.0461637
25 0.000181169650574 0.00355148987571 23.6568814055 231.339385936
26 0.000155454158971 0.00202021844524 20.7674104439 234.230413885
27 0.000135906541772 0.0011529226158 18.2304191791 236.768291993
28 0.000120783557122 0.000660951045949 16.0030994156 238.996118851
29 0.000108901655096 0.000381332250495 14.0477617341 240.951748033
30 9.94388416018e-05 0.000221973218804 12.3312560006 242.668422588
31 9.18124133023e-05 0.000130807617284 10.8244455459 244.175331835
32 8.56014764281e-05 7.83791099535e-05 9.50173302766 245.498102993
33 8.04967368708e-05 4.8007874577e-05 8.34063713479 246.659234362
34 7.62672869428e-05 3.02374708636e-05 7.32141701128 247.678476485
35 7.27382127934e-05 1.96980002832e-05 6.4267403129 248.573167252
36 6.97752288943e-05 1.33334968801e-05 5.64139054923 249.358526343
37 6.72739603829e-05 9.39973145327e-06 4.95200946634 250.047913861
38 6.51523533293e-05 6.89721737847e-06 4.34687050209 250.653057449
39 6.33452221166e-05 5.25015626125e-06 3.81567969443 251.184251711
40 6.18002807755e-05 4.12443973941e-06 3.34940078798 251.650533288
41 6.04752177935e-05 3.32432685291e-06 2.94010163874 252.059834562
42 5.93355142371e-05 2.73367290058e-06 2.58081934616 252.419118585
43 5.83527991012e-05 2.2824144721e-06 2.26544184238 252.734497523
44 5.75035957411e-05 1.92739284685e-06 1.98860393774 253.011336632
45 5.67683574104e-05 1.64133282441e-06 1.74559606191 253.254345529
46 5.61307180647e-05 1.40647161642e-06 1.5322841525 253.467658311
47 5.55769045718e-05 1.21084760317e-06 1.3450393308 253.654903882
48 5.50952732681e-05 1.0461169245e-06 1.18067616979 253.819267689
49 5.46759391966e-05 9.06252450276e-07 1.03639850496 253.963545913
50 5.43104797828e-05 7.86755979805e-07 0.909751866605 254.090193036
51 5.39916940454e-05 6.84171686371e-07 0.798581724643 254.201363599
52 5.37134010585e-05 5.95775829216e-07 0.700994905251 254.298950785
53 5.34702985533e-05 5.19385519177e-07 0.615333400012 254.38461261
54 5.32578107197e-05 4.53215106423e-07 0.54013992603 254.459806363
55 5.30719852065e-05 3.95787645298e-07 0.474135201021 254.525811331
56 5.2909402342e-05 3.45869365277e-07 0.416196385384 254.583750359
57 5.27670979693e-05 3.02421112339e-07 0.365337807514 254.634609123
58 5.26424990426e-05 2.6456211698e-07 0.320694248782 254.679252844
59 5.25333688302e-05 2.31542001225e-07 0.281506223794 254.718441011
60 5.24377609565e-05 2.0271878244e-07 0.2471070594 254.7528403
60 5.24377609565e-05 2.0271878244e-07 0.2471070594 254.7528403
