Time S E I R
0 255 0 0 0
1 243.4329 11.5671 0 0
2 221.366668182 26.7890025059 6.44078875729 0.403540554909
3 168.184926034 59.6296414378 24.8583046786 2.32712784969
4 80.8183540765 103.130544722 63.1538149343 7.89728626704
5 14.7193153512 108.750934301 112.128206669 19.4015436791
6 2.17391862969 70.1075921774 146.191052142 36.5274370516
7 0.233310676206 40.8298152513 157.424500366 56.5123737068
8 0.0237643691312 23.1427147384 154.863218353 76.9703025402
9 0.00265808766642 13.0505329085 145.361700261 96.5851087431
10 0.000350020094629 7.35281395211 132.909077884 114.737758144
11 5.56753699357e-05 4.14196358718 119.659144743 131.198835994
12 1.07254720092e-05 2.33315449883 106.721794252 145.945040524
13 2.48011514259e-06 1.31424705572 94.6293989227 159.056351542
14 6.78698768297e-07 0.740303512464 83.6001335964 170.659562213
15 2.16294978372e-07 0.417004981537 73.6851408148 180.897853988
16 7.90068384049e-08 0.23489459404 64.8502454161 189.914859912
17 3.2577759157e-08 0.132313950972 57.0209094218 197.846776596
18 1.49535139826e-08 0.0745315536239 50.1066153005 204.818853132
19 7.54559437155e-09 0.0419841948986 44.013770151 210.944245648
20 4.13808720623e-09 0.0236502611418 38.6522453914 216.324104345
21 2.44176590058e-09 0.0133226295392 33.9384540373 221.048223332
22 1.53656287694e-09 0.00750495284811 29.796497319 225.195997728
23 1.0232099612e-09 0.004227945706 26.1583390232 228.837433031
24 7.16084969099e-10 0.00238204014922 22.9634518159 232.034166144
25 5.23471044289e-10 0.00134210397654 20.1582421687 234.840415728
26 3.97591293222e-10 0.000756175200685 17.6954116835 237.303832142
27 3.12297743221e-10 0.000426047968391 15.5333057385 239.466268214
28 2.52640575127e-10 0.000240046177589 13.6352792956 241.364480659
29 2.09695372178e-10 0.000135248243978 11.9691199523 243.0307448
30 1.78118853e-10 7.62025100054e-05 10.5065261147 244.493397683
31 1.54329882207e-10 4.29346522029e-05 9.22264027214 245.777316793
32 1.35997879624e-10 2.41906688755e-05 8.09563442406 246.904341385
33 1.21815446619e-10 1.3629794098e-05 7.10634341735 247.893642953
34 1.10588871394e-10 7.67949152679e-06 6.23794154074 248.76205078
35 1.01607611214e-10 4.32690829336e-06 5.47565776685 249.524337906
36 9.43032318901e-11 2.43795301517e-06 4.80652530023 250.193472262
37 8.82494077814e-11 1.37364917967e-06 4.21916145405 250.780837172
38 8.33040303405e-11 7.73980013652e-07 3.70357427014 251.296424956
39 7.91544607637e-11 4.36101714241e-07 3.25099268252 251.749006882
40 7.57722773415e-11 2.45725894275e-07 2.85371738571 252.146282369
41 7.2901684689e-11 1.38458752755e-07 2.50498989943 252.495009963
42 7.04858393874e-11 7.80185785666e-08 2.19887761804 252.801122305
43 6.8411054599e-11 4.3962892825e-08 1.9301728984 253.069827059
44 6.66204869049e-11 2.47735732185e-08 1.69430447438 253.305695502
45 6.50857145956e-11 1.39608022578e-08 1.4872596939 253.512740293
46 6.37498942524e-11 7.86790286684e-09 1.3055162572 253.694483736
47 6.26130258752e-11 4.43451156385e-09 1.14598229589 253.854017701
48 6.16182660451e-11 2.49969939655e-09 1.00594377401 253.994056225
49 6.07371930528e-11 1.40932294864e-09 0.883018316422 254.116981684
50 6.00550720264e-11 7.94791185982e-10 0.775114679305 254.224885322
51 5.9429794419e-11 4.48244835927e-10 0.680395248636 254.319604753
52 5.88329385209e-11 2.52952562601e-10 0.597250777002 254.402749225
53 5.83213477512e-11 1.42872070351e-10 0.524266736806 254.475733265
54 5.78950221097e-11 8.08089979528e-11 0.460201526731 254.539798475
55 5.75539615966e-11 4.58031245779e-11 0.403965240793 254.596034761
56 5.72413227928e-11 2.60460969085e-11 0.354601164297 254.645398838
57 5.69286839891e-11 1.4884324266e-11 0.311269497393 254.688730505
58 5.66728886042e-11 8.56899543401e-12 0.273233067621 254.726766935
59 5.65023583476e-11 4.98805810513e-12 0.239844788391 254.760155214
60 5.63602498005e-11 2.95059679679e-12 0.210536650037 254.789463352
60 5.63602498005e-11 2.95059679679e-12 0.210536650037 254.789463352
