Time S E I R
0 255 0 0 0
1 243.4329 11.5671 0 0
2 227.410652688 21.7350224396 5.4828944147 0.371430458105
3 200.386647145 35.8561583808 16.9332088314 1.82398564303
4 157.94775853 55.4142948635 36.3768040118 5.26114259506
5 104.482828603 74.0858537615 64.6191774408 11.8121401948
6 54.2025948822 81.1483998565 97.250431462 22.3985737995
7 19.8176612917 72.6275650419 125.511866134 37.0429075322
8 2.59761426935 54.9368695214 142.77079334 54.6947228691
9 0.956305672555 32.1383566903 148.10518161 73.8001560269
10 0.352813905813 18.5404434424 143.241979681 92.8647629707
11 0.137187260968 10.5999589351 133.33809327 110.924760534
12 0.0575425019954 6.02872675232 121.377674454 127.536056292
13 0.0262405272183 3.4187412543 109.006123035 142.548895184
14 0.0130037935688 1.93542648716 97.0796930476 155.971876672
15 0.00697075685392 1.09463578394 86.005283259 167.893110201
16 0.00401607037114 0.618774592004 75.9412961874 178.435913151
17 0.00246932804475 0.349691828096 66.9131750252 187.734663819
18 0.00160916339146 0.197615114808 58.8786614155 195.922114307
19 0.00110415054786 0.111689951116 51.7640306993 203.1231752
20 0.000792991822493 0.0631470041795 45.4838407635 209.452219242
21 0.000592890988258 0.0357205406203 39.951329257 215.012357313
22 0.000459257581838 0.0202217295626 35.0837307054 219.895588309
23 0.000366994254591 0.0114603387906 30.8046495111 224.183523157
24 0.000301401262362 0.00650504210926 27.0449103307 227.948283227
25 0.000253555195798 0.00370060457629 23.742611669 231.253434172
26 0.000217855675118 0.00211171245012 20.8427266792 234.154943753
27 0.000190684575472 0.00121019860067 18.2965706707 236.702028446
28 0.000169640471483 0.000697672400762 16.0611917761 238.937940911
29 0.000153090412681 0.000405533169947 14.0987711393 240.900670237
30 0.000139898647888 0.00023841505354 12.3760426818 242.623579004
31 0.000129258991308 0.00014234032578 10.8637666044 244.135961796
32 0.000120588420828 8.67298930852e-05 9.53625424438 245.463538437
33 0.000113458027556 5.42395623902e-05 8.37094366245 246.62888864
34 0.000107547277423 3.50161346786e-05 7.34802294971 247.651834487
35 0.000102613136534 2.3450065778e-05 6.45009722517 248.549776712
36 9.8468861097e-05 1.63386330181e-05 5.66189500247 249.33799019
37 9.49691872449e-05 1.18462467447e-05 4.97000968985 250.029883495
38 9.19998326765e-05 8.91544813042e-06 4.3626722551 250.63722683
39 8.94699477101e-05 6.93284813304e-06 3.82955143084 251.170352167
40 8.73066159386e-05 5.53937819967e-06 3.36157819869 251.638328956
41 8.54507973713e-05 4.52230184482e-06 2.95079164424 252.049118383
42 8.38543008683e-05 3.75360108895e-06 2.59020360472 252.409708788
43 8.2477499177e-05 3.15470535868e-06 2.27367983172 252.726234537
44 8.12875871645e-05 2.67621222581e-06 1.99583566162 253.004080376
45 8.02572404268e-05 2.28616120314e-06 1.751944427 253.247973031
46 7.93635724108e-05 1.96320279564e-06 1.53785705546 253.462061619
47 7.85873167786e-05 1.69258091687e-06 1.34993149084 253.64998823
48 7.79121806431e-05 1.46374090067e-06 1.18497073764 253.814949887
49 7.73243290269e-05 1.26888331216e-06 1.04016847551 253.959752932
50 7.68119705299e-05 1.10207294442e-06 0.913061319107 254.086860768
51 7.63650218971e-05 9.58677391566e-07 0.801486911522 254.198435766
52 7.59748267853e-05 8.35000476647e-07 0.70354520885 254.296377983
53 7.56339577208e-05 7.28052467576e-07 0.61757216996 254.38235147
54 7.53360042722e-05 6.35371272525e-07 0.542105216756 254.457818814
55 7.50754286116e-05 5.54910576158e-07 0.475860419939 254.524063952
56 7.48474386683e-05 4.84955110373e-07 0.417710858376 254.582213812
57 7.46478802114e-05 4.24056701331e-07 0.366667278207 254.633257653
58 7.44731466682e-05 3.70985830164e-07 0.321861316108 254.678063843
59 7.43201030673e-05 3.24693759757e-07 0.282530726113 254.717394632
60 7.41860208961e-05 2.84282495704e-07 0.248006411705 254.751919121
60 7.41860208961e-05 2.84282495704e-07 0.248006411705 254.751919121
