0
0
6.14534149386
22.3120596251
54.8378749464
99.8712256393
137.258890423
154.76383497
155.391797429
147.445430538
135.652820748
122.583295692
109.579196856
97.3013280816
86.0377655014
75.8768347745
66.8033686758
58.7518358687
51.6352981919
45.3608736979
39.8376752123
34.9806810674
30.7122969807
26.9627489281
23.6698540703
20.7784875771
18.2399560259
16.0113587143
14.0549431156
12.3375168369
10.8299136338
9.50651451891
8.34482166694
7.32508116407
6.42995004109
5.64420297189
4.95447423729
4.34903089643
3.81757349405
3.35106101856
2.9415571926
2.5820955144
2.26656077297
1.98958503203
1.74645631901
1.53303846922
1.3457007633
1.18125616214
1.03690708895
0.910197836571
0.798972790467
0.701337838949
0.615634127414
0.540403642916
0.47436646338
0.416399188004
0.365515653267
0.320850209247
0.281642992395
0.247226997991
0.217016732339
0.217016732339
23.9452886762691
