0
0
5.58331059713
17.7143005865
39.0736343043
70.3896165402
105.384426303
133.248363758
147.796971295
148.804197793
141.918731014
131.115289116
118.832625989
106.437084009
94.6350725914
83.7520650978
73.9026088262
65.0891462089
57.2579835996
50.330310355
44.2190201709
38.8374857549
34.1039562779
29.943435907
26.2882702189
23.0780501067
20.2591536546
17.7841789395
15.6113364503
13.7038412322
12.0293443786
10.5594166604
9.26908406059
8.1364137466
7.14214706877
6.26937539174
5.50325440126
4.83075267993
4.24043064366
3.72224628674
3.26738454868
2.86810746675
2.51762260264
2.20996752633
1.93990840413
1.70285097248
1.49476238693
1.31210261906
1.15176423543
1.01101953491
0.887474145389
0.779026290784
0.683829099104
0.600265217612
0.526912993415
0.462524568537
0.406004544717
0.356391385721
0.312841058996
0.274612676316
0.241055889139
0.241055889139
14.9877173213662
