Time S E I R
0 255 0 0 0
1 243.4329 11.5671 0 0
2 227.696320812 21.4973039224 5.43652302789 0.369852237854
3 201.802471131 34.8196770189 16.5770949994 1.80075685051
4 161.688957391 53.016591493 35.1521761369 5.14227497935
5 110.875299883 70.7343024488 61.9469904265 11.4434072415
6 61.3861429652 78.747254913 93.2776202431 21.5889818786
7 25.2517460994 72.6596687169 121.397858862 35.6907263221
8 5.5536182933 56.8146327656 139.763229814 52.8685191276
9 2.19675878214 34.4526138055 146.666719529 71.6839078839
10 0.862449852426 20.3767595812 143.109733085 90.6510574821
11 0.353344868784 11.8481136026 134.045155178 108.753386352
12 0.154849686894 6.81850790248 122.536841871 125.489800541
13 0.0732773137244 3.90038578204 110.357872908 140.668463997
14 0.0374769545564 2.22328463619 98.4679700121 154.271268398
15 0.0206414124699 1.26473225359 87.3437605637 166.370865771
16 0.0121739294007 0.718656627156 77.186797007 177.082372437
17 0.00763908022535 0.408165528204 68.0478546104 186.536340782
18 0.00506709579619 0.231822660418 59.8988929316 194.864217313
19 0.00353109428781 0.131725248266 52.6737557721 202.190987886
20 0.00257055214794 0.0749154066828 46.2906927614 208.63182128
21 0.00194483038234 0.0426673451445 40.6644732087 214.290914616
22 0.00152221497828 0.0243509328943 35.7126228661 219.261503986
23 0.00122754053493 0.0139378697571 31.3584184045 223.626416185
24 0.00101623108819 0.00800986783422 27.5320510403 227.458922861
25 0.000860922364211 0.00462888367419 24.1708574504 230.823652744
26 0.000744272594574 0.00269548833692 21.2190364745 233.777523765
27 0.000654972606611 0.00158578781748 18.6271470084 236.370612232
28 0.000585456413489 0.000945730352846 16.3515353607 238.646933453
29 0.000530540947267 0.000574157209309 14.3537441706 240.645151132
30 0.000486596951532 0.000356569992156 12.5999333688 242.399223465
31 0.000451032419448 0.000227682825411 11.0603513471 243.938969938
32 0.000421962283468 0.000150183853923 9.70885545779 245.290572396
33 0.000397992597101 0.00010268348265 8.52248243234 246.477016892
34 0.000378076683489 7.2870463298e-05 7.48106637174 247.518482682
35 0.000361417469435 5.36214424244e-05 6.56690062141 248.432684341
36 0.000347400032382 4.07864602342e-05 5.76443937451 249.23517244
37 0.000335544267074 3.1926237134e-05 5.0600348335 249.939597697
38 0.00032547117641 2.55905603491e-05 4.44170597381 250.557942965
39 0.000316878529731 2.09047110193e-05 3.89893526908 251.100726948
40 0.00030952305687 1.73315612879e-05 3.42249008707 251.577183059
41 0.000303207263187 1.4534076735e-05 3.00426581344 251.995416446
42 0.000297769554834 1.22953694584e-05 2.63714808941 252.362541846
43 0.000293076761324 1.04718575821e-05 2.31489185111 252.684804601
44 0.000289018416709 8.96555690492e-06 2.03201513113 252.967686886
45 0.000285502341995 7.70749320122e-06 1.78370582618 253.216000965
46 0.000282451201713 6.64762567407e-06 1.56573985092 253.433971051
47 0.00027979979572 5.74861749872e-06 1.37440928932 253.625305163
48 0.000277492911948 4.98190501106e-06 1.20645932338 253.793258203
49 0.000275483610267 4.32515918935e-06 1.05903286756 253.940687325
50 0.000273731840167 3.76060424428e-06 0.929621967929 254.070100541
51 0.000272203320122 3.27387391736e-06 0.816025139593 254.183699385
52 0.0002708685941 2.85320113127e-06 0.716307991674 254.283418288
53 0.000269702367262 2.48888178152e-06 0.628776321086 254.370951489
54 0.000268682793291 2.17281269091e-06 0.551941073731 254.447788072
55 0.00026779098809 1.89819091724e-06 0.484495083734 254.515235228
56 0.000267010601846 1.6592725718e-06 0.425291020725 254.57444031
57 0.000266327453545 1.45118292877e-06 0.37332171706 254.626410505
58 0.000265729226982 1.26976763596e-06 0.327703083058 254.672029919
59 0.000265205211576 1.11147334811e-06 0.287659066765 254.712074618
60 0.000264746082905 9.7325118724e-07 0.252508451582 254.747225831
60 0.000264746082905 9.7325118724e-07 0.252508451582 254.747225831
