Time S E I R
0 255 0 0 0
1 243.4329 11.5671 0 0
2 231.673016053 18.2016943081 4.77812005376 0.347169584779
3 219.975639689 21.6744607522 11.8653875569 1.48451200128
4 208.197737998 23.4732478136 19.7271647749 3.60184941298
5 197.31729775 23.3643019791 27.5749070575 6.74349321271
6 187.461556399 22.088894151 34.6001211259 10.8494283231
7 177.52452013 21.3106752616 40.3825125963 15.7822920115
8 167.342278817 21.0273695934 45.2276249163 21.4027266722
9 159.070712647 18.9064363023 49.4136924912 27.6091585588
10 152.068481874 16.4138217506 52.2523238926 34.265372482
11 145.936660124 14.1407940302 53.7282595381 41.1942863071
12 140.387623721 12.3047861674 54.0728415692 48.2347485421
13 135.292308088 10.8625650957 53.5844576135 55.2606692028
14 130.459186656 9.84499076325 52.5143601464 62.1814624339
15 125.907021512 9.05426455394 51.1003269031 68.9383870309
16 121.753055257 8.27569609058 49.4751601519 75.496088501
17 117.8668571 7.63305088157 47.6709088925 81.8291831262
18 114.303765595 7.01023526771 45.7661129962 87.9198861413
19 111.001946358 6.45761781449 43.7838074106 93.7566284174
20 107.937342951 5.9658363917 41.7646705139 99.3321501436
21 105.08510282 5.53009419543 39.7409045765 104.643898408
22 102.449436492 5.11847937727 37.7389636392 109.693120491
23 100.000562343 4.74687205934 35.7692147064 114.483350891
24 97.7490555902 4.38405537151 33.8470327775 119.01985626
25 95.6680759176 4.04987142357 31.973202248 123.30885041
26 93.7376025824 3.74896695161 30.1562081341 127.357222331
27 91.9502471334 3.47148212435 28.4052410158 131.173029726
28 90.3034021705 3.20718777487 26.7242552644 134.76515479
29 88.7888115341 2.95611908631 25.1124183477 138.142651032
30 87.3771407174 2.73957396649 23.5688228776 141.314462439
31 86.0817487759 2.52706591772 22.1011363493 144.290048958
32 84.882577735 2.33488120081 20.703644594 147.078896471
33 83.7741089675 2.1578725002 19.3777497418 149.690268791
34 82.7473888242 1.99668432372 18.1224850052 152.133441847
35 81.8039731623 1.84129466168 16.9371451813 154.417586995
36 80.9237788808 1.70780073612 15.8169334764 156.551486907
37 80.117565589 1.57457327265 14.7640512206 158.543809918
38 79.3700792678 1.45549348319 13.7715790314 160.402848218
39 78.6727074313 1.35188290775 12.8389551005 162.136454561
40 78.0311089645 1.25028166148 11.9661600323 163.752449342
41 77.4392191046 1.15488756896 11.1476453943 165.258247932
42 76.8912860027 1.06785660121 10.3801496227 166.660707773
43 76.3841559497 0.98787954627 9.66161599843 167.966348505
44 75.916617566 0.912334569179 8.98965096206 169.181396902
45 75.4878051512 0.839456879548 8.36103126244 170.311706706
46 75.0911132999 0.774054110078 7.77214998361 171.362682606
47 74.7141583424 0.72467053612 7.22174231388 172.339428807
48 74.3766397033 0.664063464321 6.71214954067 173.247147291
49 74.060414778 0.614745312304 6.23432361481 174.090516294
50 73.7656336731 0.571194329607 5.7893989165 174.87377308
51 73.4984929272 0.524260520124 5.37611739044 175.601129161
52 73.2432591701 0.490753480829 4.9896181676 176.27636918
53 73.0126190408 0.451765347296 4.63243495469 176.903180656
54 72.7950353251 0.420872036274 4.29909323061 177.484999407
55 72.5932264524 0.39151431215 3.99026608538 178.024993149
56 72.4099624978 0.359952922477 3.70386785624 178.526216722
57 72.2401571931 0.331970004383 3.43651530951 178.991357492
58 72.080839408 0.308740108472 3.18756070134 179.422859781
59 71.9370725261 0.282899857762 2.95690451505 179.8231231
60 71.7960035442 0.268232024281 2.74144872062 180.19431571
60 71.7960035442 0.268232024281 2.74144872062 180.19431571
