Time S E I R
0 255 0 0 0
1 243.4329 11.5671 0 0
2 226.833273164 22.2158452643 5.57627994878 0.374601623097
3 197.487200138 37.9825049463 17.6591777229 1.87111719317
4 150.312170505 60.3009196292 38.8829698289 5.5039400371
5 91.9451187552 80.5053735146 69.987310718 12.5621970124
6 41.2936890359 84.8556159737 104.837502815 24.0131921759
7 11.2029661237 71.3849810487 132.757153863 39.6548989651
8 3.82028849681 45.575041471 147.503339514 58.101330519
9 1.23095357894 27.5399381012 148.709600388 77.5195079325
10 0.406339313221 16.1070045832 141.962517979 96.5241381247
11 0.14361615503 9.26246519088 131.237965078 114.355953576
12 0.0554561900275 5.2812620133 118.992400826 130.67088097
13 0.0235301917049 2.99807657615 106.608421927 145.369971304
14 0.0109487393509 1.69796332729 94.8036847234 158.487403209
15 0.00555427108571 0.960396059679 83.9106334174 170.123416251
16 0.00304906598802 0.542823497607 74.0478889228 180.406238513
17 0.0017969978976 0.306689867659 65.2201726926 189.471340441
18 0.00112832201643 0.173249863644 57.3750068901 197.450614923
19 0.000749384686969 0.0978712237437 50.4341852753 204.467194115
20 0.000523027414545 0.0552996221459 44.3108629816 210.633314368
21 0.000381355688432 0.0312564140056 38.9184856189 216.049876611
22 0.00028896469712 0.0176761964467 34.1752771199 220.806757719
23 0.000226490731052 0.0100040764801 30.0061681911 224.983601242
24 0.000182880029286 0.00566827641355 26.3434100553 228.650738789
25 0.00015157419233 0.00321684192528 23.1264947053 231.870136879
26 0.000128541662718 0.0018296842657 20.3017035004 234.696338274
27 0.000111225967231 0.00104388772221 17.8215444878 237.177300399
28 9.79590862187e-05 0.000598118640906 15.6441452286 239.355158694
29 8.76238855767e-05 0.000344764697271 13.732646546 241.266921066
30 7.94541530809e-05 0.000200395008582 12.0546333477 242.945086804
31 7.29129034482e-05 0.000117831397638 10.5816177121 244.418191544
32 6.76163025162e-05 7.03781881737e-05 9.28857375845 245.711288247
33 6.32849830708e-05 4.29163569181e-05 8.15352292894 246.84637087
34 5.97122103443e-05 2.68731857008e-05 7.15716632024 247.842747095
35 5.67426464215e-05 1.73801440246e-05 6.28255989413 248.717365984
36 5.42579218461e-05 1.16665014548e-05 5.51482821937 249.485105857
37 5.21666634086e-05 8.15092980762e-06 4.84091253987 250.159027143
38 5.03974919184e-05 5.92747555396e-06 4.24934925896 250.750594417
39 4.88940316075e-05 4.47444260329e-06 3.73007528363 251.269871349
40 4.7611304808e-05 3.48933560497e-06 3.27425703726 251.725691863
41 4.65130927125e-05 2.79514041609e-06 2.87414029997 252.125810393
42 4.55699801307e-05 2.28700855704e-06 2.52291836053 252.477033784
43 4.47578902083e-05 1.90185104552e-06 2.21461625851 252.785337083
44 4.40569746729e-05 1.60094061184e-06 1.94398915988 253.055965183
45 4.34507640534e-05 1.35991405992e-06 1.70643314416 253.293522046
46 4.29255116501e-05 1.16299455661e-06 1.49790688948 253.502049023
47 4.24696815173e-05 9.99627898394e-07 1.31486292547 253.685093606
48 4.20735456714e-05 8.62505332805e-07 1.15418728582 253.845769779
49 4.17288647157e-05 7.46387041215e-07 1.01314653458 253.986810991
50 4.14286324144e-05 6.47391146979e-07 0.889341265389 254.110616659
51 4.11668700337e-05 5.62555795325e-07 0.780665282945 254.219292988
52 4.09384539068e-05 4.8956095616e-07 0.685267836426 254.314690736
53 4.07389954944e-05 4.26557471904e-07 0.601528167141 254.398430668
54 4.056471235e-05 3.72039581491e-07 0.528021633285 254.471937431
55 4.04123415194e-05 3.24767012282e-07 0.463497752541 254.536461511
56 4.02790625174e-05 2.83707015026e-07 0.406858823065 254.593100615
57 4.01624326685e-05 2.4799233952e-07 0.357141286487 254.642818304
58 4.00603337027e-05 2.16889742314e-07 0.313499335178 254.686460389
59 3.99709253429e-05 1.8977586559e-07 0.275190522715 254.724769318
60 3.98926073899e-05 1.66118382162e-07 0.241563132741 254.75839681
60 3.98926073899e-05 1.66118382162e-07 0.241563132741 254.75839681
