Time S E I R
0 255 0 0 0
1 243.4329 11.5671 0 0
2 225.657253274 23.1966082703 5.76515162907 0.380986826709
3 191.438138253 42.4322252691 19.1618146307 1.96782184712
4 134.619988486 70.2879492663 44.0845536575 6.00750858984
5 68.5677364213 91.7279753799 80.6081414077 14.0961467907
6 21.4850874244 88.1021953225 118.244973788 27.1677434647
7 0.99431644782 65.9636324328 143.601407265 44.4406438545
8 0.251824118776 37.6877884981 153.095241359 63.965146024
9 0.0624016819203 21.3639571016 149.773984983 83.7996562332
10 0.0164669345948 12.0668031934 140.176888415 102.739841457
11 0.00481208961932 6.8054277848 127.960060273 120.229699852
12 0.00157926433761 3.83574415581 115.092958585 136.069717995
13 0.000582525455059 2.16135245643 102.589259413 150.248805605
14 0.000240091763942 1.21771546187 90.9320539635 162.849990483
15 0.000109601530482 0.686022195604 80.3153714443 173.998496759
16 5.48738132977e-05 0.38646868917 70.7797148106 183.833761627
17 2.98391072135e-05 0.217712152897 62.2874540853 192.494803923
18 1.74608165082e-05 0.122644389849 54.7643124489 200.113025701
19 1.09025143615e-05 0.069090807248 48.1218618675 206.809036423
20 7.20833554624e-06 0.0389221786585 42.2693469593 212.691723654
21 5.01207364323e-06 0.0219270398597 37.1197507009 217.858317247
22 3.64281694942e-06 0.0123529535121 32.592533977 222.395109427
23 2.7527307509e-06 0.00695938796842 28.6146580899 226.37837977
24 2.15252208591e-06 0.0039210905911 25.1207035966 229.875373161
25 1.73452218633e-06 0.00220949803683 22.0524948611 232.945293907
26 1.4350437425e-06 0.00124511360516 19.3585360065 235.640217446
27 1.215080772e-06 0.00070169346191 16.9933919491 238.005905144
28 1.04996027517e-06 0.000395475651669 14.9170522187 240.082551257
29 9.23614095427e-07 0.000222915957361 13.0943208883 241.905455273
30 8.25299821372e-07 0.000125670595038 11.4942608906 243.505612614
31 7.47662141976e-07 7.08646387218e-05 10.0896919805 244.910236408
32 6.85554311985e-07 3.99739095538e-05 8.85674201294 246.143217328
33 6.35302541241e-07 2.25603495401e-05 7.77444852876 247.225528276
34 5.94236468032e-07 1.27421630269e-05 6.82440647685 248.175580187
35 5.60382176218e-07 7.20488617694e-06 5.99045754829 249.009534687
36 5.32258241037e-07 4.08070113858e-06 5.25841666478 249.741578723
37 5.0873671853e-07 2.31696745989e-06 4.61583143456 250.38416574
38 4.88947677013e-07 1.32040650529e-06 4.05177074623 250.948227445
39 4.72212292379e-07 7.5660557493e-07 3.55663905206 251.44335972
40 4.57994786984e-07 4.37039423577e-07 3.12201326461 251.877985841
41 4.45867954113e-07 2.55405546115e-07 2.74049953902 252.25949976
42 4.35487891082e-07 1.51746947477e-07 2.40560753087 252.594391882
43 4.26575695656e-07 9.22330890362e-08 2.11164000539 252.888359476
44 4.189029994e-07 5.77643907659e-08 1.85359592847 253.146403595
45 4.12281735862e-07 3.7549144773e-08 1.62708539548 253.372914155
46 4.0655589828e-07 2.54826738034e-08 1.42825495338 253.571744615
47 4.0159540049e-07 1.81058558623e-08 1.25372204712 253.746277534
48 3.97290932597e-07 1.34538459101e-08 1.10051747603 253.899482114
49 3.9355055037e-07 1.04066239594e-08 0.966034881634 254.033964715
50 3.90296264641e-07 8.32246867184e-09 0.847986407868 254.152013194
51 3.87461852824e-07 6.83098559303e-09 0.744363779549 254.255635827
52 3.84990727298e-07 5.71595077104e-09 0.653402189834 254.34659742
53 3.82834599577e-07 4.84980403461e-09 0.573556345507 254.426443267
54 3.80951945544e-07 4.15522578898e-09 0.503467826188 254.496531789
55 3.79306953846e-07 3.58430055113e-09 0.441944295751 254.558055322
56 3.77868815349e-07 3.10632198965e-09 0.387939089188 254.61206053
57 3.76610898911e-07 2.70083329282e-09 0.340533448581 254.659466172
58 3.7551021137e-07 2.35361207496e-09 0.298920892388 254.70107873
59 3.74546658577e-07 2.05433322288e-09 0.262393494815 254.737606129
60 3.73702846446e-07 1.7951927345e-09 0.230329841852 254.769669783
60 3.73702846446e-07 1.7951927345e-09 0.230329841852 254.769669783
