Time S E I R
0 255 0 0 0
1 243.4329 11.5671 0 0
2 229.314541112 20.153034957 5.1716341879 0.360789742847
3 209.565121795 29.1630476923 14.6014467669 1.67038374601
4 182.125043736 39.9254446633 28.4621606848 4.48735091631
5 148.066842792 50.5479039469 46.9751064641 9.41014679694
6 110.512100322 58.6031722553 68.9062271689 16.9785002541
7 73.7326713615 62.2208563509 91.5674400042 27.4790322837
8 42.9689836483 59.5077634083 111.718008902 40.8052440418
9 22.9660378278 49.2705693872 126.339706944 56.4236858419
10 11.5521565526 36.7018289282 133.30205502 73.4439595001
11 5.66451402434 25.2863068181 133.16282024 90.8863589184
12 2.77851734293 16.512392067 127.767754669 107.941335922
13 1.4027496531 10.38706635 119.1497281 124.060455898
14 0.631234965577 6.48523267831 108.946701881 138.936830476
15 0.182115762499 4.04520950785 98.3262923986 152.446382332
16 0.021555736368 2.42418476016 87.9708204018 164.583439103
17 0.0152739311894 1.37019296658 78.20843336 175.406099744
18 0.0112529257369 0.774813612671 69.2096094032 185.00432406
19 0.00859067470131 0.438431576026 61.0678757031 193.485102048
20 0.00677145690736 0.248324140137 53.7840104243 200.96089398
21 0.00549187323719 0.140836662803 47.3127765379 207.540894927
22 0.00456810067661 0.0800247224745 41.5885346405 213.326872537
23 0.00388549997527 0.0455907259821 36.5390230268 218.411500748
24 0.00337056375452 0.026068596818 32.0925250246 222.878035816
25 0.00297493715351 0.0149824223862 28.1814299061 226.800612736
26 0.00266602597438 0.00867229470436 24.7437480256 230.244913655
27 0.00242136994734 0.00506965144594 21.7235819012 233.268927079
28 0.00222516331587 0.00300394339857 19.0710203149 235.92375058
29 0.00206606787017 0.0018123249151 16.7417649044 238.254356704
30 0.00193580837885 0.00111925699236 14.6966573896 240.300287546
31 0.00182824792699 0.000711692023217 12.9011787506 242.09628131
32 0.00173876539321 0.00046845596844 11.3249411532 243.672851626
33 0.00166383271596 0.000320456742283 9.94122062271 245.056795088
34 0.00160072183206 0.000228166316274 8.7265305897 246.271640522
35 0.00154729835094 0.000168868338373 7.66023835891 247.338045474
36 0.00150187418086 0.000129428943459 6.72422323986 248.274145457
37 0.00146310082789 0.000102193208993 5.90257350135 249.095861205
38 0.00142989115446 8.26518242386e-05 5.1813186812 249.817168776
39 0.00140136131648 6.81113344454e-05 4.54819365356 250.450336874
40 0.00137678718474 5.69340793935e-05 3.99243098276 251.006135296
41 0.00135557128695 4.81020757073e-05 3.5045783401 251.494017987
42 0.00133721747594 4.09655073045e-05 3.07633805327 251.922283764
43 0.00132131132989 3.50967198055e-05 2.70042615945 252.298217433
44 0.00130750484985 3.02047339339e-05 2.37044862196 252.628213669
45 0.00129550440786 2.60846403671e-05 2.0807926379 252.917885774
46 0.0012850611763 2.25872240851e-05 1.82653120711 253.172161145
47 0.00127596346823 1.96004144717e-05 1.60333935011 253.395365087
48 0.00126803056119 1.70377188451e-05 1.40742055653 253.591294376
49 0.00126110768281 1.48308326639e-05 1.2354422167 253.763281846
50 0.00125506191085 1.29247872429e-05 1.08447894039 253.914253074
51 0.00124977880228 1.1274668516e-05 0.951962799953 254.046776148
52 0.00124515960306 9.84333022557e-06 0.835639652374 254.163105346
53 0.00124111892777 8.59975244624e-06 0.73353079776 254.265219485
54 0.00123758273722 7.51780175772e-06 0.643897346517 254.354857554
55 0.00123448696249 6.57540678155e-06 0.565216798066 254.433542141
56 0.00123177586221 5.75374969979e-06 0.496150697259 254.502611775
57 0.00122940095662 5.03674872824e-06 0.435524230518 254.563241334
58 0.00122732003041 4.41060974895e-06 0.38230610412 254.616462167
59 0.00122549628941 3.86346618424e-06 0.335591046141 254.663179596
60 0.00122389763706 3.38508362698e-06 0.294584407076 254.704188312
60 0.00122389763706 3.38508362698e-06 0.294584407076 254.704188312
