Time S E I R
0 255 0 0 0
1 243.4329 11.5671 0 0
2 222.485696109 25.8501067274 6.26643614829 0.397761015257
3 174.380290483 55.0406952866 23.3464134515 2.23260077863
4 93.859653361 95.4705712741 58.2680653995 7.40170996562
5 24.1588292247 107.548458765 105.201314673 18.091397337
6 4.62351436188 74.5362281699 141.417174274 34.4230831941
7 0.637936642341 44.766687294 155.608897971 53.9864780927
8 0.0812320608019 25.6019599186 154.971643176 74.3451648442
9 0.0110516418474 14.4699187863 146.471762991 94.0472665807
10 0.00172748646207 8.1572311223 134.46306872 112.377972671
11 0.000319305037465 4.59586392522 121.350875711 129.052941059
12 7.01657441766e-05 2.58897560696 108.391544201 144.019410027
13 1.82101152291e-05 1.45837927074 96.1992077947 157.342394725
14 5.51437707941e-06 0.821499332012 85.0367574446 169.14173771
15 1.92072113236e-06 0.462743861383 74.9792439637 179.558010255
16 7.58498089226e-07 0.260659500514 66.0048155742 188.734524168
17 3.34917046985e-07 0.146827271811 58.0448696485 196.808302746
18 1.6324767671e-07 0.0827068091678 51.0113472457 203.905945783
19 8.68313634328e-08 0.0465893429503 44.8112677245 210.142142847
20 4.98733641052e-08 0.0262443936218 39.3541603466 215.619595211
21 3.06484366774e-08 0.0147840300848 34.5556491508 220.42956679
22 1.99865155537e-08 0.0083281881513 30.3388646511 224.652807142
23 1.37320341764e-08 0.00469165466154 26.6347604686 228.360547864
24 9.87751036519e-09 0.00264325278349 23.3818398207 231.615516918
25 7.39674987926e-09 0.00148928074844 20.525608647 234.472902066
26 5.73811576032e-09 0.000839099723452 18.0179451403 236.981215755
27 4.59166926703e-09 0.000472770554909 15.8164587017 239.183068524
28 3.77568198928e-09 0.000266371413845 13.883849404 241.115884222
29 3.17979242936e-09 0.00015008095381 12.1873249982 242.812524919
30 2.73473688139e-09 8.45599465404e-05 10.6980720927 244.301843346
31 2.39572273131e-09 4.76436884796e-05 9.39078233931 245.609170016
32 2.13293560591e-09 2.68440528973e-05 8.24323110135 246.756742054
33 1.9261392481e-09 1.51249320168e-05 7.23590455688 247.764080318
34 1.76126491169e-09 8.52201349694e-06 6.3516706508 248.648320827
35 1.62816604643e-09 4.80170593422e-06 5.57548928823 249.42450591
36 1.51968038153e-09 2.70554671329e-06 4.89415739698 250.105839898
37 1.43040779221e-09 1.52448420892e-06 4.29608483636 250.70391364
38 1.35636923915e-09 8.59018620769e-07 3.7710975171 251.228901625
39 1.29452359943e-09 4.84059692941e-07 3.31026448284 251.689735034
40 1.2425971363e-09 2.72784276627e-07 2.90574606763 252.094253661
41 1.19874243865e-09 1.53735762208e-07 2.55066057792 252.44933927
42 1.16150999929e-09 8.6652760294e-08 2.23896724886 252.761032666
43 1.12981979328e-09 4.88503051712e-08 1.96536349374 253.034636459
44 1.10262021735e-09 2.75466211215e-08 1.72519470426 253.27480527
45 1.07934283733e-09 1.55397769246e-08 1.51437507024 253.485624916
46 1.05930553218e-09 8.77176936504e-09 1.32931807359 253.670681919
47 1.04205355456e-09 4.95603300553e-09 1.16687547506 253.833124521
48 1.0271037354e-09 2.80412432804e-09 1.02428375636 253.975716242
49 1.01420027931e-09 1.59000456868e-09 0.899117106824 254.100882893
50 1.00294528238e-09 9.04534128174e-10 0.789246155008 254.210753846
51 9.93168214336e-10 5.16956242059e-10 0.692799822601 254.307200179
52 9.84670123216e-10 2.97652563948e-10 0.608139479131 254.391860523
53 9.77308900474e-10 1.73272134783e-10 0.533824812281 254.46617519
54 9.70857172433e-10 1.02483474054e-10 0.46859158199 254.53140842
55 9.65229673966e-10 6.19815909562e-11 0.411330011065 254.588669991
56 9.60312718234e-10 3.86244948751e-11 0.361065941935 254.63893406
57 9.56077883529e-10 2.49970030345e-11 0.316944263454 254.683055738
58 9.52383061303e-10 1.69123513297e-11 0.278214362971 254.721785638
59 9.49029299591e-10 1.20025716934e-11 0.244217356159 254.755782645
60 9.46130285229e-10 8.92688234968e-12 0.214374877362 254.785625124
60 9.46130285229e-10 8.92688234968e-12 0.214374877362 254.785625124
