Time S E I R
0 255 0 0 0
1 243.4329 11.5671 0 0
2 230.268104185 19.3628919528 5.01365783041 0.355346031978
3 213.913258326 26.0188239981 13.4733157348 1.59460194083
4 193.306952155 32.8100603691 24.7645654437 4.11842203195
5 169.349417561 38.7404289818 38.6307332776 8.27942017937
6 143.024304007 43.4029184223 54.2138549005 14.35892267
7 114.954203599 47.1619953636 70.3730800932 22.5107209436
8 87.253835081 48.8890271075 86.104746886 32.7523909248
9 64.2163363841 45.7465519463 100.091421031 44.9456906383
10 46.1539277137 39.828977521 110.297837841 58.7192569235
11 32.7603657942 32.7385856685 115.977203705 73.5238448312
12 23.2009066109 25.7356743695 117.288900202 88.7745188167
13 16.5613967955 19.5322334895 114.959216871 103.947152843
14 11.8913315977 14.5568537913 109.923603728 118.628210882
15 8.62880480009 10.6976063505 103.14385865 132.529730199
16 6.45631855245 7.67700048751 95.3899932728 145.476687687
17 4.91692351593 5.50189779525 87.2023393972 157.378839291
18 3.87242461649 3.89061312724 79.0262911955 168.21067106
19 3.1255219513 2.75693773735 71.1254429482 177.992097362
20 2.57482533877 1.97110160535 63.6820657498 186.772007305
21 2.15047255909 1.43636573913 56.7958234863 194.617338214
22 1.83244721735 1.05352298218 50.5099390547 201.604090744
23 1.57663236467 0.793209944656 44.8196696598 207.810488029
24 1.38900937254 0.591447586396 39.7063762253 213.313166814
25 1.24078299837 0.447697802133 35.1269698938 218.184549304
26 1.11455376831 0.3516936614 31.0420404449 222.491712124
27 1.00812152656 0.283257300976 27.412054292 226.296566879
28 0.924860864286 0.225766613612 24.1937745979 229.655597923
29 0.862562401931 0.175627412361 21.3423210571 232.619489127
30 0.798087202747 0.151988078003 18.816602897 235.233321821
31 0.751953356531 0.122413519317 16.5879260324 237.53770709
32 0.710277263597 0.10286313037 14.6180691244 239.56879048
33 0.673845294527 0.0878971666349 12.8797459632 241.358511574
34 0.639702769653 0.0782322080392 11.3467534017 242.935311619
35 0.615147266839 0.0640821519134 9.99632222432 244.324448355
36 0.585302119577 0.0620907606095 8.80450079432 245.548106324
37 0.56608475314 0.0509614330814 7.75692058409 246.626033228
38 0.546808450932 0.0452267935987 6.83237456979 247.575590184
39 0.523202834139 0.0467350288628 6.01808622741 248.411975908
40 0.505096546561 0.0424526352534 5.30356909865 249.148881718
41 0.490193179999 0.0371318130482 4.67434421398 249.798330791
42 0.476183660033 0.0334836351258 4.11961517471 250.370717528
43 0.463120458674 0.0306891998765 3.63099344749 250.875196892
44 0.452777147079 0.0265711495814 3.20077751143 251.31987419
45 0.4470320198 0.0197993522008 2.82131992736 251.711848699
46 0.441772186799 0.0156178527399 2.48536443043 252.057245528
47 0.426933588415 0.0229439899057 2.18866381988 252.3614586
48 0.42451444399 0.0147541302366 1.93110410397 252.62962732
49 0.418392832877 0.0139156037383 1.70161710428 252.866074457
50 0.410549522909 0.0152329163041 1.49976800966 253.074449549
51 0.40895414882 0.00978763790552 1.32306371683 253.258194494
52 0.399452831099 0.0146733844068 1.16569224072 253.420181541
53 0.396245118298 0.0111795019184 1.02949498499 253.563080392
54 0.38918733727 0.013097934791 0.908484881901 253.689229843
55 0.382269586512 0.0140729102708 0.803010564059 253.800646936
56 0.379472099663 0.0105313575431 0.710794207701 253.899202332
57 0.376771740184 0.00846280512629 0.62838340462 253.986382047
58 0.372157126427 0.00923264148051 0.555181912988 254.063428316
59 0.371620302839 0.00560767718329 0.491220996559 254.13155102
60 0.363146566372 0.0115177075924 0.433585941624 254.191749781
60 0.363146566372 0.0115177075924 0.433585941624 254.191749781
