0
0
5.36523159404
16.0354258961
33.2980143546
57.8500167878
86.9459098619
114.39156733
134.13515822
143.501517609
143.082760306
135.542678832
124.708682282
112.751407067
100.84667023
89.5902870882
79.2493703975
69.9101938871
61.5633377345
54.1518467446
47.5979723939
41.8176791595
36.7282076992
32.2518330348
28.317435369
24.860950607
21.8252150187
19.1595106535
16.8190103492
14.7642028919
12.9603081077
11.3767402769
9.98661938553
8.76633186071
7.69513916155
6.7548308863
5.92941838075
5.20486470893
4.56884700371
4.01054750348
3.52046991971
3.09027812588
2.71265448959
2.38117547589
2.09020242784
1.83478567923
1.61058037597
1.41377257866
1.24101439197
1.08936701907
0.956250773272
0.839401197297
0.736830544045
0.646792001446
0.567756093687
0.498378260877
0.437478332327
0.384020315673
0.3370948173
0.295903572103
0.259745863624
0.259745863624
11.3829509038729
