Time S E I R
0 255 0 0 0
1 243.4329 11.5671 0 0
2 229.126311845 20.3091864862 5.20264668033 0.361854988021
3 208.686078811 29.8010689446 14.827413629 1.68543861497
4 179.831530879 41.3911990253 29.2155051368 4.56176495829
5 143.747088848 52.9334783016 48.6791864069 9.64024644335
6 104.233710231 61.4226581907 71.8341973857 17.5094341922
7 66.5178359802 64.477523602 95.5399684262 28.4646719912
8 36.2827023844 60.3358291914 116.04052642 42.3409420042
9 17.8114429571 48.5602618031 130.131251705 58.4970435344
10 8.05244636235 35.0548884026 135.951405258 75.9412599766
11 3.45296004455 23.3972013356 134.506355081 93.6434835387
12 1.41746448995 14.8164323246 127.969780676 110.796322509
13 0.561022572704 9.04662852039 118.508931687 126.883417219
14 0.097820076178 5.50156259747 107.76274476 141.637872566
15 0.0622485670754 3.12532279775 96.8411957891 154.971232846
16 0.0415456101977 1.77582703408 86.2836765475 166.898950808
17 0.0290074015612 1.00962888195 76.4651754687 177.496188248
18 0.0211103013999 0.574597682302 67.5336141818 186.870677835
19 0.0159492350397 0.32751600477 59.5158308137 195.140703947
20 0.0124600335035 0.187094218065 52.3769044119 202.423541337
21 0.0100277740469 0.107208937465 46.052990637 208.829772652
22 0.0082852163782 0.0616970619456 40.469225007 214.460792715
23 0.00700598140222 0.0357141919399 35.5491813411 219.408098486
24 0.00604640310945 0.0208388433779 31.219731854 223.7533829
25 0.00531276641044 0.0122902508095 27.4132457336 227.56915125
26 0.0047423784755 0.00735239062579 24.0684045156 230.919500716
27 0.00429232151149 0.00448074199604 21.1302838507 233.860943087
28 0.00393256357765 0.00279526805932 18.5500265223 236.443245647
29 0.00364168239921 0.00179396845862 16.284383613 238.710180737
30 0.00340411862305 0.00118974080653 14.2951867336 240.700219408
31 0.00320838262186 0.000817850654734 12.5488179972 242.447155771
32 0.00304585731183 0.00058333159529 11.0156999329 243.98067088
33 0.00290998800395 0.000431132460545 9.66983034195 245.326828539
34 0.00279572338542 0.00032910946099 8.48836177794 246.508513391
35 0.00269912363535 0.00025831857695 7.45122545009 247.545817109
36 0.0026170816173 0.000207461548268 6.54079710634 248.456378352
37 0.00254712175899 0.000169698542841 5.74160146632 249.255681715
38 0.00248725308043 0.000140811848209 5.04005146255 249.957320474
39 0.00243586047509 0.000118142632778 4.42421859017 250.573227408
40 0.00239162335816 9.99714050853e-05 3.88363088103 251.113877525
41 0.00235345413063 8.51541089158e-05 3.40909530882 251.588466084
42 0.0023204511501 7.29062185029e-05 2.99254174509 252.005064899
43 0.00229186243843 6.2673043198e-05 2.62688589373 252.370759572
44 0.00226705741343 5.40506343624e-05 2.30590892045 252.691769973
45 0.00024550467698 0.00204673667753 2.02415175816 252.973556002
46 0.000243454188848 0.00115484980929 1.7776317199 253.220969978
47 0.000241667726243 0.000652163635688 1.56087505467 253.438231116
48 0.000240109996412 0.000368692835215 1.37040168495 253.628989514
49 0.000238750686549 0.00020879686846 1.20308908544 253.796463369
50 0.00023756370976 0.000118561385299 1.05615731955 253.943486557
51 0.000236526580295 6.75984142385e-05 0.927144195911 254.072551681
52 0.000235619883995 3.87808282496e-05 0.81387602842 254.185849573
53 0.000234826814619 2.2447518224e-05 0.714435828159 254.2853069
54 0.000234132847879 1.3171142082e-05 0.627140803229 254.372611895
55 0.000233525368685 7.87983579523e-06 0.550509670935 254.449248926
56 0.000232993419274 4.84157200175e-06 0.483240839979 254.516521327
57 0.000232527471326 3.079978393e-06 0.424191172812 254.575573222
58 0.000232119229651 2.04388998735e-06 0.372356787118 254.627409052
59 0.000231761465812 1.42200110009e-06 0.326856254963 254.672910564
60 0.000231447875194 1.03823399861e-06 0.286915736042 254.71285178
60 0.000231447875194 1.03823399861e-06 0.286915736042 254.71285178
