Time S E I R
0 255 0 0 0
1 243.4329 11.5671 0 0
2 222.412013022 25.9118890009 6.27795431557 0.398143661047
3 173.974414951 55.3412796253 23.4454955432 2.23880988036
4 92.973330769 95.9991617766 58.5931444377 7.43436301683
5 23.4490353548 107.68517896 105.68619457 18.1795911157
6 4.41122649464 74.2462624434 141.773909435 34.568601627
7 0.598449232685 44.480696559 155.756365785 54.1644884231
8 0.0750661600572 25.4175597008 154.975202618 74.5321715204
9 0.0100791180058 14.3624093766 146.398382037 94.2291294674
10 0.00155747809853 8.09611099117 134.354679166 112.547652363
11 0.000285004523278 4.56134023421 121.230822916 129.207551844
12 6.20801890534e-05 2.56951025461 108.27210689 144.158320774
13 1.59880288209e-05 1.44741048205 96.0864438828 157.466129646
14 4.80889357846e-06 0.81531965193 84.9333100027 169.251365535
15 1.66509576616e-06 0.459262597678 74.885923499 179.654812237
16 6.54140904999e-07 0.258698436807 65.9214826605 188.819818247
17 2.87522993858e-07 0.145722587824 57.9709224226 196.8833547
18 1.39586575187e-07 0.082084537127 50.9459872856 203.971928036
19 7.39857171084e-08 0.0462388112283 44.7536417381 210.200119375
20 4.23644337388e-08 0.0260469334842 39.3034337879 215.670519235
21 2.59637431554e-08 0.014672802408 34.5110411925 220.474285978
22 1.6891362975e-08 0.00826553069346 30.2996626136 224.692071838
23 1.15813350021e-08 0.00465636092019 26.6003236821 228.395019945
24 8.31525426293e-09 0.00262337127071 23.3515970957 231.645779524
25 6.21676576884e-09 0.00147807861202 20.4990535507 234.499468364
26 4.81597339785e-09 0.000832787941269 17.9946305707 237.004536636
27 3.84900999961e-09 0.000469214200623 15.7959906509 239.203540131
28 3.16160253533e-09 0.000264367578679 13.8658811434 241.133854486
29 2.66010147243e-09 0.000148951872249 12.1715516803 242.828299365
30 2.28590124607e-09 8.39237401056e-05 10.6842258471 244.315690227
31 2.00103045245e-09 4.72851923723e-05 9.37862787444 245.621324838
32 1.78042114385e-09 2.66420346956e-05 8.23256179117 246.767411565
33 1.60684976436e-09 1.50110841187e-05 7.22653897613 247.773446011
34 1.46849288285e-09 8.45784809327e-06 6.34344951695 248.656542024
35 1.35693767334e-09 4.76553685535e-06 5.56827276775 249.431722466
36 1.26601662487e-09 2.68515454972e-06 4.88782273547 250.112174579
37 1.19121068565e-09 1.51298357584e-06 4.29052427528 250.709474211
38 1.12919451567e-09 8.52529621221e-07 3.76621646343 251.233782683
39 1.07746700451e-09 4.8039591074e-07 3.30597990144 251.694019617
40 1.03395336737e-09 2.70713535261e-07 2.90198506954 252.098014659
41 9.97260940494e-10 1.5256359176e-07 2.54735918086 252.452640666
42 9.66082325249e-10 8.59876981229e-08 2.23606928905 252.763930624
43 9.39536448641e-10 4.84716469527e-08 1.96281967057 253.03718028
44 9.16799081097e-10 2.73299026481e-08 1.72296174167 253.27703823
45 8.97330210137e-10 1.54147796378e-08 1.51241498054 253.487585003
46 8.80561401573e-10 8.69885381837e-09 1.32759751125 253.672402479
47 8.66123173182e-10 4.91280349713e-09 1.16536516942 253.834634825
48 8.53617621033e-10 2.77791195585e-09 1.0229580137 253.977041983
49 8.4278894974e-10 1.57362853245e-09 0.897953373239 254.102046625
50 8.33409785628e-10 8.93912643239e-10 0.788224632729 254.211775366
51 8.25252755021e-10 5.0976159541e-10 0.691903132896 254.308096866
52 8.18090484245e-10 2.92545643222e-10 0.607352367274 254.392647632
53 8.11894551589e-10 1.69476471417e-10 0.533133887465 254.466866112
54 8.06522848507e-10 9.95444032601e-11 0.467985089879 254.53201491
55 8.01833266451e-10 5.96274006721e-11 0.410797633753 254.589202366
56 7.97768962002e-10 3.66886145587e-11 0.360598622409 254.639401377
57 7.94187826614e-10 2.33739191793e-11 0.31653405151 254.683465948
58 7.91061438576e-10 1.55319989681e-11 0.277854279957 254.72214572
59 7.88361376181e-10 1.08174387006e-11 0.243901276246 254.756098724
60 7.85945530879e-10 7.90264133954e-12 0.214097423323 254.785902577
60 7.85945530879e-10 7.90264133954e-12 0.214097423323 254.785902577
