0
0
5.86600068001
19.9819178223
46.9148545491
86.0476344234
124.286372603
147.68032804
153.614123781
148.88747432
138.7202322
126.315148725
113.446300241
101.030500105
89.5001922038
79.0227483506
69.6249504748
61.2624926924
53.8582375786
47.3229268473
41.5660256913
36.501240824
32.0489677551
28.1371565296
24.701352668
21.6842770419
19.0352508612
16.7095767194
14.6678994256
12.8756036205
11.3022648797
9.92115465645
8.70879826401
7.64458267085
6.71040985655
5.89039119417
5.17057842799
4.53872710281
3.98408866401
3.49722782897
3.06986220029
2.69472143594
2.36542360509
2.07636663989
1.82263304451
1.5999062446
1.40439715657
1.23277972892
1.08213435976
0.949898228353
0.833821696001
0.731930034638
0.642487881035
0.563975795762
0.495058043826
0.434562209634
0.381459112105
0.334845340649
0.293927885548
0.258010646516
0.226482589915
0.226482589915
19.5504936781903
