0
0
6.32411852659
23.8437765049
59.8932214794
107.590708832
143.141504012
156.304431061
154.971949101
146.103489785
133.928470461
120.76199029
107.807142933
95.648191601
84.5316504771
74.5237920453
65.5982219692
57.6841333229
50.6925373203
44.5302019247
39.1067569559
34.3380935932
30.1476775665
26.4668153288
23.2343498517
20.3961034031
17.9042438135
15.7166395776
13.7962214334
12.1104014307
10.6305465375
9.33150730297
8.19119889607
7.19023039954
6.31157774714
5.54029569467
4.86326446252
4.26896704252
3.74729355141
3.2893693986
2.88740439921
2.53456029593
2.22483445322
1.95295775477
1.71430497288
1.50481608777
1.32092722023
1.15951000343
1.01781836307
0.893441800812
0.784264386341
0.68842683852
0.604300885263
0.5304553042
0.465633836048
0.408733708812
0.358786914057
0.314943738328
0.276458307045
0.242675894937
0.213021787145
0.213021787145
26.7021595085984
