0
0
6.46381168877
25.0597879184
63.7921345223
112.977376562
146.730197996
157.607187295
154.828344846
145.217062683
132.71739437
119.454365099
106.521458272
94.4419499471
83.4290600801
73.5312939064
64.7131267624
56.8993799164
49.9992925335
43.9191926247
38.5690171301
33.8652791153
29.7321983905
26.1018606009
22.9138544828
20.1146939069
17.6571784468
15.4997409285
13.6058140597
11.9432542375
10.4838205722
9.20270901546
8.07813859489
7.09098549446
6.22446032001
5.46382394096
4.79613757081
4.21004311455
3.69557020382
3.24396672591
2.84755001353
2.4995761919
2.19412547639
1.92600147829
1.69064281069
1.48404549353
1.30269483936
1.14350566188
1.00376979066
0.881109999323
0.773439563616
0.678924836298
0.595960052975
0.523133742481
0.459206987083
0.403092236287
0.353834843042
0.310596822466
0.272642595271
0.239326473347
0.210081674604
0.210081674604
28.8274953068817
