Time S E I R
0 255 0 0 0
1 243.4329 11.5671 0 0
2 225.46696424 23.3554739368 5.79555075599 0.382011066941
3 190.442865711 43.1658175533 19.4077638321 1.98355290391
4 132.082950242 71.8924353678 44.9346679032 6.08994648748
5 65.1101044849 93.2777769449 82.26852492 14.3435936508
6 19.025992587 88.169222367 120.147594632 27.6571904142
7 5.37677791156 59.5362361191 144.939585373 45.1474005962
8 1.31002908433 36.4388376033 152.560695875 64.6904374373
9 0.314637352498 21.2331138637 149.01835741 84.4338913737
10 0.080623962936 12.126892994 139.51196912 103.280513923
11 0.0229150400692 6.8721487438 127.413384087 120.691552129
12 0.00732998687218 3.88218559963 114.643562121 136.466922292
13 0.00264152580493 2.19017334465 102.214659549 150.59252558
14 0.00106623057908 1.23484304543 90.6152826065 163.148808117
15 0.000477772935227 0.696003306119 80.0443986891 174.259120231
16 0.000235300741053 0.392228173218 70.545965369 184.061571156
17 0.000126105719346 0.221018168715 62.084634438 192.694221287
18 7.28542700017e-05 0.124536731436 54.587633314 200.2877571
19 4.49808013911e-05 0.0701725061548 47.967548742 206.962233771
20 2.94467109256e-05 0.0395402710566 42.1343344071 212.826095875
21 2.02974846673e-05 0.0222803802746 37.0014902896 217.976209032
22 1.46401170014e-05 0.012555184404 32.4888701802 222.498559995
23 1.09889842577e-05 0.00707536589918 28.5237453723 226.469168273
24 8.54246954418e-06 0.00398779805913 25.0409479869 229.955055673
25 6.84810041207e-06 0.00224803018039 21.9825126687 233.015232453
26 5.64006518289e-06 0.00126750407197 19.2971216897 235.701605166
27 4.75656551657e-06 0.000714806257818 16.9394918638 238.059788573
28 4.09582980865e-06 0.000403235632644 14.8697442921 240.129848376
29 3.59191332677e-06 0.000227571693642 13.0527973371 241.946971499
30 3.20093025152e-06 0.000128513728838 11.4578135679 243.542054717
31 2.89295761036e-06 7.26397748368e-05 10.0576998077 244.942224659
32 2.64713654019e-06 4.11123268253e-05 8.82866011558 246.171296124
33 2.44862982868e-06 2.33133970791e-05 7.74979879546 247.250175442
34 2.28668665159e-06 1.32575105741e-05 6.8027693267 248.197215129
35 2.1533839174e-06 7.57019504662e-06 5.9714647356 249.028525541
36 2.04279064064e-06 4.34870035152e-06 5.241744981 249.758248628
37 1.95040283302e-06 2.51990063163e-06 4.60119719018 250.39879834
38 1.87275489338e-06 1.4783906561e-06 4.03892493294 250.961071716
39 1.80714741305e-06 8.82493901579e-07 3.54536309955 251.454634211
40 1.75145419234e-06 5.39269872638e-07 3.11211531793 251.887882392
41 1.70398311639e-06 3.39684080024e-07 2.73181119204 252.268186765
42 1.66337457586e-06 2.22053076351e-07 2.3979809596 252.602017156
43 1.62852686003e-06 1.51428593695e-07 2.10494545207 252.895052769
44 1.59853985338e-06 1.0796782839e-07 1.84771949333 253.152278801
45 1.57267268719e-06 8.03706575685e-08 1.62192709854 253.378071249
46 1.55031170834e-06 6.21744684761e-08 1.42372703319 253.576271355
47 1.53094546818e-06 4.96609943894e-08 1.24974746748 253.750250953
48 1.51414533889e-06 4.0672808107e-08 1.0970286152 253.902969831
49 1.49955019424e-06 3.39433626301e-08 0.962972381792 254.037026086
50 1.48685461454e-06 2.87171328678e-08 0.845298165166 254.154700321
51 1.47579905274e-06 2.45337597531e-08 0.742004057606 254.257994444
52 1.4661620753e-06 2.11047553677e-08 0.65133084082 254.348667674
53 1.45775462101e-06 1.8244002449e-08 0.571738128728 254.428260397
54 1.45041434507e-06 1.58260056756e-08 0.501871806733 254.498126729
55 1.44400155477e-06 1.37629508795e-08 0.440543319615 254.559455225
56 1.43839574207e-06 1.19908304988e-08 0.38670932082 254.613289231
57 1.43349291193e-06 1.04612206591e-08 0.339453965339 254.660544593
58 1.42920296753e-06 9.13628118231e-09 0.297973328558 254.702025235
59 1.42544786286e-06 7.98564952134e-09 0.261561729131 254.738436839
60 1.42215981214e-06 6.9844523512e-09 0.229599723203 254.770398849
60 1.42215981214e-06 6.9844523512e-09 0.229599723203 254.770398849
