0
0
5.56386465331
17.5619951794
38.5469238617
69.2760500397
103.863098978
131.871661933
146.96504416
148.52828319
142.032754727
131.453280686
119.276938375
106.91542042
95.1067902732
84.1962404465
74.3098831178
65.4566506783
57.5863232835
50.6218253718
44.4768082299
39.064863649
34.304178656
30.1195564044
26.443080739
23.2140667705
20.3786221723
17.8890929424
15.7034571642
13.7847217538
12.1003521386
10.6217544002
9.32380896753
8.18445466581
7.18431985068
6.30639650232
5.53575294937
4.8592810218
4.26547371905
3.74422983056
3.28668230898
2.88504754661
2.53249303074
2.22302114915
1.95136718174
1.7129097504
1.50359220771
1.31985362963
1.1585682395
1.01699223368
0.892717104626
0.783628667652
0.687869159475
0.603811663825
0.530026135227
0.465257346815
0.408403432063
0.358497176729
0.314689563969
0.276235330233
0.242480286225
0.242480286225
14.6693649637948
