Time S E I R
0 255 0 0 0
1 243.4329 11.5671 0 0
2 224.044164327 24.5447413511 6.02149930171 0.389595020427
3 182.875893146 48.7533563667 21.2689088 2.10184168766
4 113.367714899 83.6008145519 51.3189825557 6.71248799331
5 42.4713478438 102.366645122 93.9920489764 16.1699580576
6 5.8486792224 85.9057384048 132.143507867 31.1020745061
7 1.15681381654 51.7219345593 152.244137647 49.877113977
8 0.203093787892 29.8043803106 154.95517447 70.0373514317
9 0.036685123812 16.905200454 148.194053918 89.8640605041
10 0.00735722679082 9.54314048638 136.971407055 108.478095232
11 0.00169272314236 5.37954999574 124.117806397 125.500950884
12 0.000450812469239 3.03112478283 111.139508636 140.828915769
13 0.000138511350031 1.70762351173 98.7913467138 154.500891263
14 4.8643074706e-05 0.961951394765 87.4135676345 166.624432328
15 1.92980421616e-05 0.541879428788 77.122759831 177.335341443
16 8.54283513263e-06 0.305242594173 67.9185886167 186.776160247
17 4.1698697828e-06 0.171943262014 59.7429132065 195.085139362
18 2.21946973511e-06 0.0968556503737 52.5121010734 202.391041057
19 1.27528656435e-06 0.0545599697774 46.1343824275 208.811056328
20 7.83845820251e-07 0.0307345957511 40.5188299449 214.450434676
21 5.11213272603e-07 0.0173135082387 35.579819761 219.40286622
22 3.51245006414e-07 0.00975319481259 31.2389087205 223.751337734
23 2.52644809962e-07 0.00549438674834 27.4253934897 227.569111871
24 1.89186778243e-07 0.00309547468352 24.0761788126 230.920725524
25 1.46762829445e-07 0.00174406774656 21.1352793664 233.86297642
26 1.17438418101e-07 0.000982674434934 18.553216578 236.445800631
27 9.65671063113e-08 0.000553679013083 16.2863773222 238.713068903
28 8.13260783161e-08 0.000311968071508 14.2963759421 240.703312009
29 6.99431268458e-08 0.000175779338507 12.5494585079 242.450365643
30 6.12718338289e-08 9.90452434574e-05 11.0159626049 243.983938289
31 5.45507816696e-08 5.58098783136e-05 9.66983187444 245.330112262
32 4.92613878578e-08 3.14488859276e-05 8.48818353416 246.511784969
33 4.50427251053e-08 1.77224449226e-05 7.4509251735 247.54905706
34 4.16384295931e-08 9.98796932013e-06 6.54041636338 248.459573608
35 3.88627370285e-08 5.62966276052e-06 5.74117048316 249.258823849
36 3.65792516277e-08 3.17368483755e-06 5.03959234566 249.960404445
37 3.46856268152e-08 1.78961054188e-06 4.42374752478 250.576250652
38 3.31043565893e-08 1.0095378088e-06 3.88315966882 251.11683929
39 3.17758406254e-08 5.6982405821e-07 3.40863246824 251.591366932
40 3.06536946937e-08 3.21915324049e-07 2.99209331491 252.007906334
41 2.97013968975e-08 1.82104200406e-07 2.62645603028 252.373543759
42 2.88898718281e-08 1.03221504104e-07 2.30550034798 252.694499521
43 2.81958136839e-08 5.86861124652e-08 2.02376611245 252.976233802
44 2.76003504496e-08 3.35178585273e-08 1.77646040016 253.22353954
45 2.7087963872e-08 1.92736793604e-08 1.55937598723 253.440623968
46 2.66460631337e-08 1.11943085638e-08 1.36881977835 253.631180185
47 2.62641037807e-08 6.59649912017e-09 1.20154998073 253.798449988
48 2.59333887698e-08 3.96704331274e-09 1.05472095482 253.945279017
49 2.56464431914e-08 2.45224030347e-09 0.925834804007 254.07416517
50 2.53972132214e-08 1.57018630324e-09 0.812698879919 254.187301095
51 2.51804692653e-08 1.04841304627e-09 0.713386566448 254.286613409
52 2.49916638495e-08 7.33304200539e-10 0.626210469159 254.373789507
53 2.4827187417e-08 5.37475729083e-10 0.549687525968 254.450312451
54 2.46836293627e-08 4.11280821901e-10 0.482515833255 254.517484144
55 2.45583180458e-08 3.26415934042e-10 0.423552685316 254.576447292
56 2.44488091994e-08 2.66637199512e-10 0.371794976139 254.628205001
57 2.43531133037e-08 2.22545644309e-10 0.326362183743 254.673637794
58 2.42694397912e-08 1.88635088869e-10 0.286481389946 254.713518588
59 2.41962254677e-08 1.61622573219e-10 0.251474130729 254.748525847
60 2.41321060912e-08 1.39503856512e-10 0.220744853482 254.779255124
60 2.41321060912e-08 1.39503856512e-10 0.220744853482 254.779255124
