Time S E I R
0 255 0 0 0
1 243.4329 11.5671 0 0
2 223.487742936 25.0104860147 6.10924424139 0.392526807784
3 179.864085832 50.9810988707 22.0064196729 2.14839562417
4 106.251005506 87.9784473606 53.8124945683 6.95805256529
5 35.1813385023 104.749931652 98.2012974635 16.8674323828
6 2.65652484763 84.1376568557 135.863873524 32.3419447729
7 0.459179600957 48.9441486865 154.112410897 51.4842608159
8 0.0714233962035 27.8406400184 155.306194624 71.7817419621
9 0.0116125154555 15.7240712737 147.673072565 91.5912436462
10 0.00212600283339 8.86383946851 136.027909781 110.106124748
11 0.00045188079946 4.99408189198 123.012084468 126.993381759
12 0.000112311983628 2.81335239 110.011811142 142.174724156
13 3.24854354403e-05 1.58478825439 97.7127811092 155.702398151
14 1.08209896439e-05 0.892710551703 86.4168057971 167.69047283
15 4.09868383144e-06 0.502860488165 76.2196259961 178.277509417
16 1.7421841676e-06 0.283257583543 67.1099420747 187.606798599
17 8.20621551156e-07 0.159556853421 59.0241402407 195.816302085
18 4.23346364187e-07 0.0898773962113 51.8761256479 203.033996532
19 2.36672974552e-07 0.0506285896644 45.5732854169 209.376085756
20 1.42011401749e-07 0.0285197561923 40.0247008611 214.94677924
21 9.06828745428e-08 0.0160657358933 35.145173425 219.838760748
22 6.11622397173e-08 0.00905020761241 30.8568693202 224.134080411
23 4.3283279183e-08 0.00509835505866 27.0897557096 227.905145892
24 3.19522257541e-08 0.0028723528653 23.7813972339 231.215730381
25 2.4478481464e-08 0.00161835413587 20.8764316687 234.121949952
26 1.93731750642e-08 0.000911825758339 18.3259494146 236.67313874
27 1.57770614351e-08 0.0005137480892 16.0868538265 238.912632409
28 1.3174826563e-08 0.000289460509122 14.1212183694 240.878492156
29 1.12467830604e-08 0.00016309091919 12.3956963864 242.604140511
30 9.78829461928e-09 9.18908482531e-05 10.8809853643 244.118922735
31 8.66472760208e-09 5.17746974508e-05 9.55134621679 245.448602
32 7.7853314906e-09 2.91720381743e-05 8.38417542411 246.615795396
33 7.08720904186e-09 1.64369542742e-05 7.35962614093 247.640357415
34 6.52622134112e-09 9.26154410131e-06 6.46027373663 248.539716995
35 6.07050765211e-09 5.21862387725e-06 5.67082115426 249.329173621
36 5.6967621731e-09 2.94065220312e-06 4.97783968208 250.022157372
37 5.38770450476e-09 1.65711681417e-06 4.36954106904 250.630457269
38 5.13031750415e-09 9.33887291762e-07 3.83557729999 251.164421762
39 4.91445462103e-09 5.26360009638e-07 3.36686473271 251.633134737
40 4.73249883726e-09 2.96716294419e-07 2.95542966596 252.044570034
41 4.57828264189e-09 1.67303472033e-07 2.59427274582 252.405727084
42 4.44708803116e-09 9.43684459589e-08 2.27724992289 252.72274998
43 4.33504965258e-09 5.32584085736e-08 1.99896794607 253.001031998
44 4.23906953984e-09 3.00824422378e-08 1.75469262124 253.245307346
45 4.15650447394e-09 1.70133803903e-08 1.54026827749 253.459731703
46 4.08539335695e-09 9.64069611068e-09 1.35204707289 253.647952915
47 4.02400246458e-09 5.47900530153e-09 1.1868269381 253.813173054
48 3.97085386794e-09 3.1276880794e-09 1.0417971028 253.958202892
49 3.92481069866e-09 1.7973753834e-09 0.914490278561 254.085509718
50 3.88476451008e-09 1.04314034061e-09 0.802740684836 254.197259313
51 3.84994791602e-09 6.13965150242e-10 0.704645287281 254.295354711
52 3.81967879548e-09 3.68781618644e-10 0.618537396916 254.381462602
53 3.793218184e-09 2.27710708628e-10 0.542952124653 254.457047874
54 3.77016817765e-09 1.45679998226e-10 0.476603514404 254.523396484
55 3.75004560738e-09 9.72534361559e-11 0.418362866001 254.581637132
56 3.73253783437e-09 6.80494052381e-11 0.367239365106 254.632760633
57 3.71716168956e-09 4.99252231344e-11 0.322363279326 254.677636719
58 3.70374664271e-09 3.82590233195e-11 0.282971161537 254.717028837
59 3.69200847672e-09 3.04183432333e-11 0.248392861372 254.751607137
60 3.68180508303e-09 2.4894758355e-11 0.218040123901 254.781959874
60 3.68180508303e-09 2.4894758355e-11 0.218040123901 254.781959874
