Time S E I R
0 255 0 0 0
1 243.4329 11.5671 0 0
2 225.583785042 23.2579388427 5.77689355508 0.381382560133
3 191.054386227 42.7150367779 19.2566842204 1.97389277415
4 133.639992462 70.9081259832 44.4125724307 6.03930912314
5 67.221240009 92.3355623829 81.2514589196 14.1917386875
6 20.5131498719 88.1410832137 118.988296239 27.3574706741
7 0.59229777592 65.5619058404 144.130096133 44.7157002496
8 0.147346392817 37.2483350379 153.315574545 64.2887440231
9 0.0359476343415 21.060812037 149.767254222 84.1359861054
10 0.00936077937845 11.8822488481 140.04234677 103.066043601
11 0.00270452789584 6.69789440289 127.765509334 120.533891734
12 0.000878932366788 3.77416054819 114.878048991 136.346911527
13 0.000321459594375 2.12634589542 102.375437243 150.497895401
14 0.000131515837978 1.19788601018 90.7300772603 163.071905213
15 5.96506161799e-05 0.674809759726 80.129993191 174.195137398
16 2.96969740532e-05 0.380134725481 70.6124217317 184.007413845
17 1.60689059783e-05 0.214135924383 62.1380247333 192.647823273
18 9.36232629556e-06 0.120625763674 54.6316875286 200.247677345
19 5.8236673226e-06 0.0679514903105 48.0046219656 206.92742072
20 3.83758583666e-06 0.0382791366122 42.1659701083 212.795746917
21 2.66054769327e-06 0.0215640519557 37.028744882 217.949688405
22 1.92875424432e-06 0.0121480050053 32.5125014401 222.475348626
23 1.45420446529e-06 0.00684362843051 28.5443221632 226.448832754
24 1.13488383136e-06 0.00385567563363 25.0589160695 229.93722712
25 9.12915680829e-07 0.00217250215156 21.9982316148 232.99959497
26 7.54144906523e-07 0.00122416364237 19.3108887444 235.687886338
27 6.37697155526e-07 0.00068981207263 16.9515587265 238.047750824
28 5.50392798004e-07 0.000388722968497 14.8803262464 240.11928448
29 4.83663399109e-07 0.00021906654232 13.0620801422 241.937700307
30 4.31789260347e-07 0.000123466825482 11.465958452 243.533917649
31 3.90859696608e-07 6.95953640894e-05 10.0648472523 244.935082761
32 3.58141676315e-07 3.9236644782e-05 8.83493283801 246.165027567
33 3.31686720756e-07 2.21270332494e-05 7.75530417416 247.244673367
34 3.10079968813e-07 1.2483359105e-05 6.80760142082 248.192385786
35 2.92276723712e-07 7.04697040792e-06 5.97570599559 249.024286665
36 2.77493427348e-07 3.98166791537e-06 5.24546771481 249.754528026
37 2.65134190158e-07 2.25275028174e-06 4.60446483008 250.395532652
38 2.54739802585e-07 1.27713714148e-06 4.04179313599 250.958205332
39 2.45951952138e-07 7.26229139137e-07 3.54788070702 251.452118321
40 2.38488155446e-07 4.14827015865e-07 3.11432519364 251.885674153
41 2.32123397836e-07 2.38540673842e-07 2.73375095605 252.266248573
42 2.26676604598e-07 1.38520197872e-07 2.39968363097 252.600316004
43 2.22000807071e-07 8.15817830895e-08 2.10644001232 252.893559684
44 2.17976008798e-07 4.90082809943e-08 1.8490313806 253.150968352
45 2.14503160123e-07 3.02377476607e-08 1.62307864108 253.376921114
46 2.11500406522e-07 1.93063913903e-08 1.42473782973 253.575261939
47 2.08899251675e-07 1.28436785902e-08 1.250634721 253.749365057
48 2.06642283729e-07 8.94215870738e-09 1.09780742586 253.902192358
49 2.04681271043e-07 6.52026990482e-09 0.963656004012 254.036343784
50 2.02975286356e-07 4.96300011568e-09 0.845898233268 254.154101558
51 2.01489456231e-07 3.91917942325e-09 0.742530783861 254.25746901
52 2.00194165245e-07 3.18691029261e-09 0.651793189446 254.348206606
53 1.99064032813e-07 2.64959220996e-09 0.572143968098 254.427855829
54 1.98077231062e-07 2.23854869987e-09 0.502228043698 254.497771755
55 1.97215030084e-07 1.91280847409e-09 0.440856016734 254.559143783
56 1.9646128635e-07 1.6473379899e-09 0.386983799646 254.613016001
57 1.95802016378e-07 1.42637738328e-09 0.339694896992 254.660304905
58 1.95225084099e-07 1.23963167571e-09 0.298184813227 254.70181499
59 1.94720115587e-07 1.08008791055e-09 0.261747365859 254.738252438
60 1.9427790221e-07 9.4275288787e-10 0.229762671139 254.770237133
60 1.9427790221e-07 9.4275288787e-10 0.229762671139 254.770237133
