Time S E I R
0 255 0 0 0
1 243.4329 11.5671 0 0
2 231.530839327 18.3190403207 4.80211401444 0.348006337752
3 219.381865662 22.0975617717 12.0250084759 1.4955640904
4 206.787030065 24.3477595693 20.2126547719 3.65255559406
5 194.733123562 24.7638051818 28.6121563122 6.89091494401
6 183.39534554 24.0167291945 36.4078906343 11.1800346308
7 171.740274272 23.7127461133 43.1383031224 16.408676492
8 159.687928014 23.8096164127 49.0457950129 22.4566605605
9 149.473620397 21.9556576222 54.3379926514 29.2327293292
10 140.509391079 19.6252328991 58.2632611458 36.6021148755
11 132.4512731 17.4140541543 60.7530517904 44.3816209544
12 125.054856216 15.5511510719 61.9962857368 52.397706974
13 118.221528566 14.0094865654 62.2617886408 60.5071962262
14 111.778433548 12.837874292 61.7842713866 68.5994207722
15 105.755951188 11.8538586322 60.7960386644 76.5941515139
16 100.27511117 10.8572344718 59.4332276761 84.4344266805
17 95.2021711795 9.98523517039 57.738417183 92.0741764655
18 90.5879569009 9.13024504447 55.8051588019 99.4766392512
19 86.3624161685 8.3501948454 53.674003235 106.61338575
20 82.4926130556 7.64045530808 51.4042560405 113.462675595
21 78.9440696511 6.99943996379 49.0465878616 120.009902523
22 75.7111826804 6.39717008077 46.6450315361 126.246615702
23 72.7541050771 5.8507922392 44.2262414536 132.168861229
24 70.0739284537 5.32935290835 41.8202793168 137.77643932
25 67.6344884647 4.85271537362 39.44089644 143.071899721
26 65.4072773832 4.42489882515 37.1077804975 148.060043293
27 63.3772149576 4.03508275854 34.8395209 152.748181383
28 61.5346639609 3.67199317528 32.6477795278 157.145563335
29 59.8649495145 3.33461295001 30.5379232261 161.262514308
30 58.3329795746 3.0431455465 28.5139058816 165.109968996
31 56.9472075989 2.76583950052 26.5870228547 168.699930045
32 55.683056138 2.51797961581 24.7541375444 172.044826701
33 54.5311327675 2.29336313658 23.0183592331 175.157144862
34 53.4790894085 2.09167670571 21.379677513 178.049556372
35 52.525545894 1.90201154703 19.8377304151 180.734712143
36 51.6478176037 1.73971426088 18.3875835627 183.224884572
37 50.8545047032 1.58239593092 17.0309111405 185.532188225
38 50.128404084 1.44335374281 15.7599705315 187.668271641
39 49.459272071 1.32333783899 14.5731672434 189.644222846
40 48.851403379 1.20836424157 13.4692809627 191.470951416
41 48.2975268367 1.10221814334 12.4414574696 193.15879755
42 47.790860438 1.00668921975 11.4850804948 194.717369847
43 47.3273833785 0.920138298952 10.5967174034 196.155760919
44 46.9051531762 0.839655018254 9.77260075843 197.482591047
45 46.5226813375 0.763230538445 9.00815834786 198.705929776
46 46.1728280105 0.695468545575 8.29847897912 199.833224465
47 45.8427723344 0.644724111405 7.64104796773 200.871455587
48 45.5518954104 0.583556623911 7.03700597511 201.827541991
49 45.2817428916 0.534366405322 6.4761652796 202.707725424
50 45.0322268818 0.491509236188 5.95860011703 203.517663766
51 44.8093642597 0.445722858449 5.48205769411 204.262855189
52 44.5972599722 0.413741549805 5.04075277641 204.948245703
53 44.4085002247 0.376565919726 4.63636515661 205.5785687
54 44.2314585776 0.347714955703 4.26262818915 206.158198279
55 44.0687960352 0.320571076052 3.91949103859 206.691141852
56 43.9232482634 0.291345838031 3.60420251086 207.18120339
57 43.7896976224 0.26579194872 3.31277392306 207.631736508
58 43.6651554057 0.245056038264 3.04401169918 208.045776859
59 43.5546892457 0.221742301509 2.79732093071 208.426247524
60 43.4454523821 0.209614916853 2.56915399917 208.775778704
60 43.4454523821 0.209614916853 2.56915399917 208.775778704
