Time S E I R
0 255 0 0 0
1 243.4329 11.5671 0 0
2 231.570464047 18.2863322096 4.79543034949 0.347773394137
3 219.547811873 21.9792567344 11.9804495859 1.49248180663
4 207.182490531 24.1023489382 20.0767735296 3.63838700121
5 195.459565753 24.3697271058 28.3210708749 6.84963626614
6 184.540965238 23.4724133353 35.8993425834 11.0872788433
7 173.372403814 23.0334208789 42.3615514908 16.2326238163
8 161.849044666 23.0227234343 47.9682227666 22.1600091327
9 152.181905046 21.0950927978 52.9477342986 28.7752678577
10 143.766353421 18.7228792711 56.5674077583 35.9433595497
11 136.241759697 16.5003964268 58.7747533733 43.4830905025
12 129.350793283 14.6529865772 59.7714122063 51.2248079328
13 122.985884898 13.1485390447 59.8349514544 59.0306246024
14 116.968880029 12.0302696706 59.2048132604 66.7960370395
15 111.327084824 11.1109086373 58.1146393722 74.4473671665
16 106.18091637 10.1857051355 56.6991834117 81.9341950825
17 101.398287745 9.38763229642 54.9974171288 89.2166628294
18 97.0321240803 8.60634641492 53.0978822802 96.2636472242
19 93.0156129096 7.89738943653 51.0353469146 103.051650739
20 89.319238664 7.25465738468 48.8630192801 109.563084671
21 85.9121073174 6.67561668214 46.6255730003 115.786703
22 82.7921747306 6.12977979536 44.3613915252 121.716653949
23 79.9231370193 5.63402321752 42.0919627442 127.350877019
24 77.3093609901 5.15744770639 39.84276208 132.690429224
25 74.9178137306 4.72005778251 37.6235691241 137.738559363
26 72.7227816237 4.32620965911 35.4507188165 142.500289901
27 70.7116583026 3.96551669502 33.340067511 146.982757492
28 68.8770092206 3.62715510719 31.3011171944 151.194718478
29 67.2061179703 3.31054636128 29.3375785917 155.145757077
30 65.6656035338 3.03632848651 27.4521875563 158.845880424
31 64.2653378957 2.77321735408 25.6554139435 162.306030807
32 62.9820101565 2.53687474614 23.9436232388 165.537491859
33 61.8072808606 2.32147256426 22.3196900557 168.55155652
34 60.729693003 2.1270304835 20.7835880489 171.359688465
35 59.7486099933 1.94293948318 19.3351118135 173.97333871
36 58.8419824106 1.78479612343 17.9696115928 176.403609873
37 58.0189135094 1.63045290679 16.689143375 178.661490209
38 57.2626366115 1.49339236231 15.4864142733 180.757556753
39 56.5632543852 1.37453774251 14.3603205357 182.701887337
40 55.9253321851 1.26005984567 13.3101606812 184.504447288
41 55.3418253771 1.15386373593 12.3296097261 186.174701161
42 54.8061327271 1.05784136185 11.4145752988 187.721450612
43 54.3143723811 0.97044284506 10.5621359548 189.153048819
44 53.8647068134 0.888833732578 9.76901731806 190.477442136
45 53.4557267195 0.811067278922 9.03111700852 191.702088993
46 53.0803517349 0.741796913618 8.34396621637 192.833885135
47 52.7257988652 0.689422296845 7.70546368021 193.879315158
48 52.4114592463 0.626549410244 7.11713725225 194.844854091
49 52.1188895449 0.575602699531 6.56915895524 195.7363488
50 51.8479996308 0.530962649227 6.06193080009 196.55910692
51 51.604791739 0.483390022594 5.59350089004 197.318317348
52 51.3733551958 0.449632320263 5.15835812218 198.018654361
53 51.1662490366 0.410707188361 4.75843027676 198.664613497
54 50.9718191618 0.380142609821 4.38767626127 199.260361966
55 50.7926950424 0.351329680662 4.04624720752 199.809728068
56 50.6315774162 0.320487068802 3.73157383039 200.316361683
57 50.4833162756 0.293369375925 3.43982958082 200.783484766
58 50.3448903263 0.271124733932 3.16996378868 201.214021149
59 50.2213313599 0.246360697768 2.92150830926 201.610799631
60 50.0997586359 0.232841569032 2.69102805051 201.976371742
60 50.0997586359 0.232841569032 2.69102805051 201.976371742
