0
0
6.36833988262
24.2270007867
61.1337315352
109.356894794
144.362806225
156.770256666
154.945785892
145.821042068
133.532447861
120.330652749
107.381314786
95.247803748
84.165207457
74.1936888116
65.3037038887
57.4229283568
50.461744392
44.3267627316
38.9276998924
34.1806482355
30.0093204369
26.3452807864
23.127619506
20.3023885596
17.8219658112
15.6444074933
13.7328114
12.0547374966
10.5816833084
9.28861439207
8.15354709755
7.15717945243
6.28256553838
5.51482875002
4.84090958169
4.24934394651
3.73006842272
3.27424920763
2.87413192221
2.52290974075
2.21460761903
1.94398066079
1.70642489884
1.49789897598
1.31485539505
1.15418016938
1.01313984758
0.889335011675
0.780659457681
0.685262441173
0.601523185662
0.528017046443
0.463493539357
0.406854961538
0.357137754217
0.313496109838
0.275187582403
0.241560456236
0.212042658283
0.212042658283
27.3776439229823
