Time S E I R
0 255 0 0 0
1 243.4329 11.5671 0 0
2 221.085080065 27.0254619696 6.48447349624 0.404984469418
3 166.61697128 60.7910900641 25.2409524512 2.35098620529
4 77.6872272927 104.927682576 64.36336153 8.02172860221
5 12.7617661164 108.790605119 113.726663026 19.7209657394
6 1.76714814065 69.0122894528 147.197890417 37.0226719905
7 0.178341700091 39.9671858274 157.761795301 57.092677172
8 0.0171980090416 22.6233507332 154.794100651 77.5653506074
9 0.00183332555926 12.7540154279 145.088008363 97.1561428846
10 0.000231436363833 7.18529929958 132.547969942 115.266499323
11 3.54741253545e-05 4.04753581617 119.273973452 131.678455259
12 6.61519504774e-06 2.27995309016 106.34526394 146.374776355
13 1.48662797983e-06 1.28427709592 94.2772328948 159.438488523
14 3.96759219257e-07 0.723421271693 83.2788083886 170.997769943
15 1.23692529996e-07 0.407495283705 73.396213182 181.196291411
16 4.4317658876e-08 0.229537852364 64.5927563659 190.177705738
17 1.79668688816e-08 0.129296551595 56.7927070719 198.077996359
18 8.12616463008e-09 0.0728330780007 49.9050852167 205.022081698
19 4.0472798446e-09 0.0410274452366 43.8361765252 211.122796026
20 2.19432649828e-09 0.0231113160169 38.4959649022 216.48092378
21 1.28190436044e-09 0.0130190400969 33.8010521469 221.185928812
22 7.99587951406e-10 0.00733393678761 29.6757626672 225.316903396
23 5.28359578311e-10 0.00413161647553 26.0522893546 228.943579029
24 3.67293750969e-10 0.00232777685317 22.870322983 232.12734924
25 2.66851429842e-10 0.00131153036133 20.0764717786 234.922216691
26 2.0156676328e-10 0.000738949162279 17.6236213566 237.375639694
27 1.57626800501e-10 0.000416342350729 15.4702813247 239.529302333
28 1.26988197735e-10 0.000234577769782 13.579952644 241.419812778
29 1.05075059764e-10 0.000132167190973 11.9205521055 243.079315727
30 8.9016793936e-11 7.44665546633e-05 10.4638921046 244.536033429
31 7.68807240092e-11 4.19565604624e-05 9.18521551923 245.814742524
32 6.75584033161e-11 2.36395783356e-05 8.06278265488 246.937193705
33 6.03677108302e-11 1.33192884612e-05 7.07750597769 247.922480702
34 5.46833689441e-11 7.50453894799e-06 6.21262796922 248.787364525
35 5.01358954352e-11 4.22833093844e-06 5.45343749473 249.546558276
36 4.64694949187e-11 2.38240836095e-06 4.7870203511 250.212977266
37 4.34852154285e-11 1.34235099974e-06 4.20204002743 250.79795863
38 4.10125267081e-11 7.56343503304e-07 3.68854510462 251.311454139
39 3.89377419197e-11 4.26162991275e-07 3.23780010512 251.762199469
40 3.72040176444e-11 2.40124650925e-07 2.84213696483 252.157862795
41 3.57545104634e-11 1.35301630077e-07 2.4948246281 252.505175237
42 3.45607986674e-11 7.62387509132e-08 2.18995456319 252.810045361
43 3.35091954184e-11 4.29592401108e-08 1.92234025932 253.077659698
44 3.26281224261e-11 2.4207373977e-08 1.68742900048 253.312570976
45 3.18038928526e-11 1.36411850169e-08 1.48122441797 253.518775569
46 3.12638803734e-11 7.68730879654e-09 1.30021850559 253.699781487
47 3.07238678943e-11 4.33232304153e-09 1.14133194187 253.858668054
48 3.02691205434e-11 2.44174899775e-09 1.0018617045 253.998138293
49 2.98712166114e-11 1.37635020805e-09 0.879435086109 254.120564912
50 2.95301560982e-11 7.75935496117e-10 0.771969329241 254.228030669
51 2.92743607133e-11 4.37383968548e-10 0.677634268264 254.32236573
52 2.89617219096e-11 2.46627062136e-10 0.594827195801 254.405172803
53 2.86775048153e-11 1.39128537931e-10 0.522139323283 254.477860676
54 2.84501311398e-11 7.85429147636e-11 0.458334088341 254.541665911
55 2.82796008833e-11 4.43896074796e-11 0.402326007875 254.597673992
56 2.81374923361e-11 2.51303517072e-11 0.353162249585 254.64683775
57 2.79953837889e-11 1.42643353302e-11 0.310006421572 254.689993578
58 2.77964318229e-11 8.1285948759e-12 0.272124342861 254.727875657
59 2.76827449852e-11 4.6600417672e-12 0.238871552773 254.761128447
60 2.75974798569e-11 2.69569978364e-12 0.209682346653 254.790317653
60 2.75974798569e-11 2.69569978364e-12 0.209682346653 254.790317653
