0
0
5.72295883004
18.822286352
42.909753905
78.2772052205
115.486198715
141.573018379
152.200686902
149.745366972
140.648170654
128.672131121
115.891373832
103.389384615
91.6908763503
81.0134821927
71.4106357551
62.8515203199
55.2652375315
48.5648310748
42.6600319413
37.4637370717
32.89507453
28.8805614557
25.3543004781
22.2576512655
19.5386826109
17.1515588002
15.0559104458
13.2162216274
11.601271599
10.1836295264
8.93920240688
7.84683340834
6.88794657394
6.04623341215
5.30737692277
4.65880886095
4.08949638986
3.5897546503
3.1510821476
2.76601620549
2.42800605616
2.13130142335
1.87085471204
1.64223514583
1.44155339406
1.2653954081
1.11076434207
0.975029570474
0.855881935611
0.751294463706
0.65948593648
0.578896650233
0.508155539814
0.446059165817
0.391551117863
0.343704083563
0.301704072277
0.264836566747
0.232474366995
0.232474366995
17.2567496195261
