Time S E I R
0 255 0 0 0
1 243.4329 11.5671 0 0
2 222.171256362 26.11380004 6.31555174036 0.399391857236
3 172.646019971 56.32513922 23.7697274642 2.25911334481
4 90.1032746777 97.7033434727 59.6523291048 7.54105274484
5 21.2204499616 108.07165338 107.241976565 18.4659200941
6 3.77441546454 73.2934425572 142.895053425 35.0370885541
7 0.484725410044 43.5734926698 156.207707572 54.7340743491
8 0.0579114811093 24.8391268411 154.974542429 75.1284192499
9 0.00745041131299 14.0264614932 146.158252273 94.8078358234
10 0.00110909328018 7.90535205762 134.006568766 113.086970084
11 0.000196433583625 4.45363514777 120.847528923 129.698639497
12 4.1581132507e-05 2.5087930744 107.891807329 144.599358017
13 1.04436295487e-05 1.41319853817 95.727907714 157.858883306
14 3.07294260438e-06 0.796045728009 84.6046661422 169.599285059
15 1.04368893972e-06 0.448405025512 74.5895981202 179.961995813
16 4.03137022431e-07 0.252582228198 65.6569513354 189.090466036
17 1.74583647095e-07 0.142277304109 57.7362293072 197.121493217
18 8.36591595998e-08 0.0801438126195 50.7385730966 204.18128301
19 4.38382130596e-08 0.0451455883857 44.5707844845 210.384069886
20 2.48512321832e-08 0.0254311059586 39.1424773762 215.832091496
21 1.50969015067e-08 0.0143259147674 34.3695035946 220.616170479
22 9.74603153736e-09 0.00807012083531 30.1752800358 224.816649837
23 6.63709442961e-09 0.00454629086858 26.4910619619 228.504391744
24 4.73710315418e-09 0.00256136734833 23.2556431547 231.741795477
25 3.52321194441e-09 0.00144314305837 20.4148001346 234.583756723
26 2.71683120445e-09 0.000813103855031 17.9206588725 237.078528025
27 2.16260787056e-09 0.00045812337353 15.731050433 239.268491446
28 1.77007564162e-09 0.00025811850888 13.8088722388 241.190869645
29 1.48466483552e-09 0.000145430828208 12.1215068373 242.878347734
30 1.27238308778e-09 8.19397727956e-05 10.6402951536 244.359622909
31 1.11117515189e-09 4.61672801965e-05 9.34006479451 245.659889041
32 9.86545956039e-10 2.60121001496e-05 8.19871074392 246.801263247
33 8.88746853889e-10 1.4656103894e-05 7.19682434012 247.803161007
34 8.10928213468e-10 8.25779589039e-06 6.31736592615 248.682625819
35 7.48258344174e-10 4.65278414826e-06 5.54537656406 249.454618786
36 6.97241375747e-10 2.62159569889e-06 4.86772444921 250.132272932
37 6.55347776046e-10 1.4771473805e-06 4.27288201526 250.72711651
38 6.20644868832e-10 8.32317499244e-07 3.75073010955 251.249269061
39 5.91683146922e-10 4.68990322663e-07 3.29238600398 251.70761353
40 5.67382585359e-10 2.64272623197e-07 2.89005237012 252.109947369
41 5.4689053286e-10 1.48922221453e-07 2.5368846798 252.463115175
42 5.29468024979e-10 8.39255570296e-08 2.22687479276 252.773125127
43 5.14603470947e-10 4.73008500196e-08 1.95474876062 253.045251196
44 5.02012653669e-10 2.66626152296e-08 1.71587711401 253.284122863
45 4.91183982376e-10 1.50322725814e-08 1.50619610982 253.493803879
46 4.81804818264e-10 8.47771687928e-09 1.32213860049 253.677861395
47 4.73789896205e-10 4.78336245912e-09 1.16057335021 253.839426649
48 4.66854999104e-10 2.70079369707e-09 1.01875176631 253.981248235
49 4.60829596705e-10 1.52655280239e-09 0.894261139832 254.105738863
50 4.55600002169e-10 8.64244546331e-10 0.784983599972 254.215016404
51 4.51137793789e-10 4.90318629973e-10 0.689058162445 254.310941842
52 4.47158754469e-10 2.79218155714e-10 0.604855059733 254.395144945
53 4.43691305918e-10 1.59901405351e-10 0.530941757162 254.469058248
54 4.40650183009e-10 9.23480746068e-11 0.466060843267 254.533939162
55 4.38035385741e-10 5.40006986941e-11 0.409108534719 254.590891471
56 4.35733227278e-10 3.21451887262e-11 0.359115935337 254.64088407
57 4.33743707617e-10 1.96143702628e-11 0.315232552406 254.684767453
58 4.32009983342e-10 1.23647187158e-11 0.276711827315 254.723288178
59 4.30532054452e-10 8.11563012502e-12 0.242898434355 254.757101571
60 4.29224655818e-10 5.57784264299e-12 0.213217131603 254.786782874
60 4.29224655818e-10 5.57784264299e-12 0.213217131603 254.786782874
