Time S E I R
0 255 0 0 0
1 243.4329 11.5671 0 0
2 226.273058834 22.6828157271 5.66647006674 0.377655371828
3 194.62839782 40.0833967499 18.3711354199 1.91707001018
4 142.844924559 65.0650932506 41.3475296353 5.74245255463
5 80.401881545 86.1906190337 75.1143953059 13.2931041149
6 30.8171570701 87.0631546206 111.577826543 25.5418617657
7 5.3347035493 69.1201085661 138.520037278 42.0251506056
8 1.57493690884 41.6459852804 150.716147556 61.0629302534
9 0.446380495883 24.2675835271 149.548504229 80.7375317468
10 0.132065573914 13.8948366969 141.232726971 99.7403707569
11 0.0425457583241 7.89110638886 129.651558879 117.414788972
12 0.015181581253 4.46470481104 117.025924087 133.494189519
13 0.00601963877295 2.52155522222 104.54408271 147.928342427
14 0.00264175561929 1.42282263752 92.7953483802 160.779187225
15 0.00127376245175 0.802461063579 82.0347413527 172.16152382
16 0.000668949772006 0.452460840372 72.3364908521 182.210379356
17 0.000379295403064 0.255079558299 63.6809046625 191.063636482
18 0.000230232814175 0.143793923389 56.0027154167 198.853260425
19 0.000148445508813 0.0810586034962 49.2175372512 205.701255698
20 0.000100949844665 0.0456961330895 43.2360080599 211.718194855
21 7.19479060933e-05 0.0257628013892 37.9710459959 217.003119253
22 5.34385258106e-05 0.014526550012 33.3413642647 221.644055745
23 4.115705309e-05 0.00819231044129 29.27286728 225.718899251
24 3.27249098859e-05 0.0046214230753 25.6989782857 229.296367565
25 2.67592455714e-05 0.00260815662052 22.5603858816 232.436979201
26 2.24256882291e-05 0.00147275301933 19.8045249719 235.193979848
27 1.92039141211e-05 0.000832203616389 17.3849735372 237.614175054
28 1.67595448772e-05 0.000470719861414 15.2608354042 239.738677115
29 1.48716324304e-05 0.000266634223106 13.3961241103 241.603594382
30 1.33905011808e-05 0.000151342465774 11.759201262 243.240634003
31 1.22124322957e-05 8.61568836058e-05 10.3222668036 244.677634825
32 1.12640495331e-05 4.92572329666e-05 9.060902148 245.939037329
33 1.04924499169e-05 2.83341838707e-05 7.95366382388 247.046297348
34 9.85882300597e-06 1.6441839256e-05 6.98172378361 248.018249914
35 9.33423888227e-06 9.65932624802e-06 6.12855197739 248.871429027
36 8.89681382432e-06 5.77225583148e-06 5.3796367651 249.620348564
37 8.52976899068e-06 3.52916191787e-06 4.72223895747 250.277748982
38 8.22007837087e-06 2.22212277901e-06 4.14517561106 250.854813945
39 7.95751273586e-06 1.45017812526e-06 3.63863007319 251.361360517
40 7.73395402121e-06 9.85830980222e-07 3.19398514342 251.806006135
41 7.54289669658e-06 6.99691705244e-07 2.80367656867 252.196315187
42 7.37908058568e-06 5.17922196558e-07 2.46106441085 252.53892769
43 7.23821784732e-06 3.98188774424e-07 2.16032011633 252.839672245
44 7.11678657694e-06 3.16062868652e-07 1.89632737592 253.103665189
45 7.01187448726e-06 2.57321930914e-07 1.66459509446 253.335397634
46 6.92105828648e-06 2.13584369805e-07 1.46118099257 253.53881187
47 6.84230985826e-06 1.79829894415e-07 1.28262454262 253.717368432
48 6.77392344528e-06 1.52987171122e-07 1.12588809905 253.874104971
49 6.71445755529e-06 1.3112650313e-07 0.988305222097 254.011687929
50 6.66268891791e-06 1.1299609907e-07 0.867535316115 254.132457905
51 6.61757556486e-06 9.77539520942e-08 0.761523810956 254.238469471
52 6.57822613448e-06 8.48108897106e-08 0.668465267352 254.331528067
53 6.54387812915e-06 7.37401819896e-08 0.586778713769 254.413214666
54 6.51387540529e-06 6.4219905959e-08 0.515074422754 254.484918997
55 6.48765251299e-06 5.60002121415e-08 0.452132568114 254.547860886
56 6.46472108201e-06 4.88820730602e-08 0.396882356482 254.603111128
57 6.44465873734e-06 4.27036594255e-08 0.348383850068 254.651609661
58 6.42709937893e-06 3.73312612209e-08 0.305811975649 254.694181558
59 6.41172522364e-06 3.26530404337e-08 0.268442487675 254.731551066
60 6.39826021143e-06 2.85745770273e-08 0.235639646683 254.764353925
60 6.39826021143e-06 2.85745770273e-08 0.235639646683 254.764353925
