0
0
5.59979709405
17.843813098
39.5217439373
71.3315163723
106.652945043
134.371591087
148.454873644
149.004488474
141.805773263
130.826127545
118.462030497
106.042383101
94.2480812152
83.3889246534
73.570358735
64.7897611685
56.9907524219
50.0931981109
44.0094293232
38.6526729801
33.9412481727
29.8003340171
26.1624957758
22.9675525788
20.1621047494
17.6989566769
15.536508593
13.6381451959
11.971668763
10.5087840737
9.22463549184
8.09739453216
7.10789439239
6.23930720775
5.47685965104
4.80758266887
4.22009145137
3.70439209269
3.25171176628
2.85434958993
2.50554567955
2.19936618454
1.93060236049
1.69468196882
1.4875914998
1.30580789788
1.1462386291
1.00616907157
0.883216334557
0.775288720657
0.680548204053
0.597385199695
0.524384871195
0.460305345656
0.404056478331
0.354681344614
0.311339960121
0.273294990175
0.239899205593
0.239899205593
15.2571573596811
