Time S E I R
0 255 0 0 0
1 243.4329 11.5671 0 0
2 228.748598662 20.6227031495 5.26471462566 0.363983562857
3 206.902487605 31.0977669427 15.2840084738 1.71573697854
4 175.154546458 44.3844123631 30.7484755223 4.71256565618
5 135.027500203 57.7249979278 52.1396849852 10.1078168839
6 91.9764113537 66.7665171232 77.6741540922 18.5829174308
7 53.2437809684 68.1617836574 103.165766814 30.4286685604
8 24.9387476927 60.873528857 123.856410368 45.3313130824
9 9.851032496 46.2909652142 136.435046667 62.4229556231
10 3.14024890908 31.4971508919 139.827518621 80.535081578
11 0.61535952255 19.8543661092 135.949949454 98.5803249144
12 0.319873178525 11.400996217 127.489946884 115.78918372
13 0.174617396034 6.52897292087 116.585973433 131.710436249
14 0.100834978349 3.73211368139 105.013934146 146.153117193
15 0.0616408158864 2.1312307716 93.7092453997 159.097883012
16 0.0397857563344 1.21669209885 83.1302653088 170.613256835
17 0.0270013419526 0.694843591591 73.4696797497 180.808475316
18 0.0191775570995 0.397219024699 64.7760775247 189.807525893
19 0.014187002062 0.227469540239 57.0230629338 197.735280523
20 0.0108821931653 0.130599245324 50.1480140446 204.710504516
21 0.00861915647369 0.0752593295748 44.073469673 210.84265184
22 0.00702259529953 0.0435897280981 38.7185728168 216.230814859
23 0.005866122019 0.0254216583147 34.0050671872 220.963645032
24 0.00500869026652 0.0149639481317 29.8601003969 225.119926964
25 0.00435979158979 0.00891693618604 26.2173531629 228.769370109
26 0.0038597680398 0.00539923638642 23.0172705494 231.973470446
27 0.00346829637317 0.00333634494475 20.2067995328 234.786395826
28 0.00315749755748 0.00211362951172 17.7389205957 237.255808277
29 0.00290770053812 0.00137892448803 15.5721093587 239.423604016
30 0.00270475891091 0.000929773864735 13.669776782 241.326588685
31 0.00253831758209 0.000649273573291 11.999721741 242.997090668
32 0.00240067384115 0.000469572671845 10.5336299245 244.463499829
33 0.00228601252203 0.000351029352255 9.24661901464 245.750743943
34 0.00218988316522 0.00027028623673 8.11683090134 246.880708929
35 0.0021088366509 0.000213432675766 7.12506883454 247.872608896
36 0.00204016874227 0.000172072401818 6.25447610774 248.743311651
37 0.00198173646297 0.000141053547194 5.49025238854 249.507624821
38 0.00193182484239 0.000117152037126 4.81940377796 250.178547245
39 0.00188904898542 9.83033650968e-05 4.23052286852 250.767489779
40 0.00185228124192 8.31509738634e-05 3.71359536099 251.284469207
41 0.00182059643376 7.07782822282e-05 3.25983012484 251.738278501
42 0.00179323022357 6.05478569912e-05 2.86150991339 252.136636309
43 0.00176954715371 5.20035503558e-05 2.51186025419 252.486318196
44 0.00174901587425 4.48099702749e-05 2.20493431968 252.793271855
45 0.00173118976838 3.8714326633e-05 1.93551184103 253.062718255
46 0.00171569166923 3.35218637104e-05 1.69901035838 253.299240428
47 0.00170220170497 2.90796690723e-05 1.49140730577 253.506861413
48 0.00169044755577 2.52657385364e-05 1.30917161028 253.689112677
49 0.00168019658815 2.19814050593e-05 1.14920364501 253.849094178
50 0.00167124945872 1.91459673803e-05 1.00878251648 253.989527089
51 0.00166343488002 1.66927901734e-05 0.885519791127 254.112800082
52 0.00165660530982 1.45664116052e-05 0.777318874688 254.221009954
53 0.00165063325082 1.27203089371e-05 0.682337405035 254.315999242
54 0.00164540868312 1.11153701325e-05 0.598961990577 254.399381486
55 0.00164083615036 9.71841237081e-06 0.525774424587 254.472575021
56 0.00163683282369 8.50121110116e-06 0.461529859033 254.536824807
57 0.00163332672676 7.43966610878e-06 0.405135524137 254.59322371
58 0.00163025524094 6.51313203562e-06 0.355632179391 254.642731053
59 0.00162756383045 5.70387202965e-06 0.312177797512 254.686188936
60 0.00162520495448 4.99660927542e-06 0.274033241959 254.724336558
60 0.00162520495448 4.99660927542e-06 0.274033241959 254.724336558
