Time S E I R
0 255 0 0 0
1 243.4329 11.5671 0 0
2 222.024618553 26.2368077429 6.33842315731 0.400150546672
3 171.835353677 56.9255941289 23.967561275 2.27149091912
4 88.3752236289 98.7236950343 60.2950571476 7.60602418913
5 19.9294190212 108.26342007 108.168251569 18.6389093397
6 3.42610610257 72.7108530199 143.545789383 35.3172514942
7 0.425648187522 43.0410202574 156.461132147 55.0721994073
8 0.0493782375334 24.5039818693 154.965763519 75.4808763733
9 0.00619062455155 13.8326173638 146.012071757 95.1491202541
10 0.000900973982311 7.79542814019 133.799072505 113.404598381
11 0.000156448701432 4.39159829379 120.620612358 129.987632899
12 3.25482560584e-05 2.47382655801 107.667368591 144.858772302
13 8.05165890938e-06 1.39349757305 95.5166661187 158.089828256
14 2.33776839309e-06 0.78494721454 84.4112221293 169.803828318
15 7.84765063599e-07 0.442153023834 74.4152774806 180.14256871
16 3.00030194467e-07 0.249060437652 65.5013893692 189.249549892
17 1.28767197793e-07 0.140293482275 57.5982446927 197.261461695
18 6.12185715454e-08 0.0790263365326 50.616643764 204.304329837
19 3.18574961966e-08 0.044516109834 44.4633005707 210.492183286
20 1.79500148079e-08 0.0250765132794 39.0478721656 215.927051302
21 1.08464064397e-08 0.0141261791796 34.2863151689 220.69955864
22 6.96934421285e-09 0.00795760572026 30.1021761234 224.889866263
23 4.72667238682e-09 0.00448291382667 26.4268460472 228.568671033
24 3.36135030921e-09 0.00252566633512 23.1992490979 231.798225231
25 2.49207232628e-09 0.00142302777157 20.3652830124 234.633293956
26 1.91633375834e-09 0.00080177018436 17.8771846553 237.122013571
27 1.5216983229e-09 0.000451737574445 15.6928842406 239.306664019
28 1.24288135339e-09 0.000254520505282 13.7753674341 241.224378043
29 1.04051878225e-09 0.000143403560895 12.092094924 242.90776167
30 8.90253204489e-10 8.07975122257e-05 10.6144766114 244.385442589
31 7.76310571382e-10 4.55236650421e-05 9.31740086634 245.682553608
32 6.88402224114e-10 2.56494421649e-05 8.17881613244 246.821158216
33 6.19451157036e-10 1.44517502248e-05 7.17936074349 247.820624803
34 5.64654101254e-10 8.14263947387e-06 6.30203633381 248.697955522
35 5.20543608218e-10 4.5878872922e-06 5.53192023262 249.468075178
36 4.84675410917e-10 2.58501914308e-06 4.85591248281 250.144084931
37 4.55230519947e-10 1.45652938747e-06 4.26251348068 250.737485062
38 4.30816271546e-10 8.20692695509e-07 3.74162862299 251.258370556
39 4.10551592722e-10 4.6243388829e-07 3.28439673328 251.715602804
40 3.93470145355e-10 2.60572941953e-07 2.88303940233 252.116960337
41 3.79060338673e-10 1.46833000164e-07 2.53072870993 252.469271143
42 3.66895847037e-10 8.27444426583e-08 2.22147109463 252.778528822
43 3.56493501386e-10 4.66319886954e-08 1.95000540553 253.049994547
44 3.47654349753e-10 2.6282868797e-08 1.71171340698 253.288286566
45 3.40037331625e-10 1.48158367357e-08 1.50254121688 253.497458768
46 3.33500338456e-10 8.35364296797e-09 1.31893034368 253.681069648
47 3.27872839989e-10 4.7116219291e-09 1.15775714983 253.842242846
48 3.22984305967e-10 2.65878961763e-09 1.0162797124 253.983720285
49 3.18777892971e-10 1.50151592868e-09 0.892091177119 254.107908821
50 3.15139914164e-10 8.48950069481e-10 0.783078812427 254.216921186
51 3.11899839289e-10 4.80671287585e-10 0.687386144706 254.312613854
52 3.09142933475e-10 2.72886515498e-10 0.60338736699 254.396612632
53 3.06783931592e-10 1.55553613574e-10 0.529653420147 254.470346579
54 3.04709146803e-10 8.92181610357e-11 0.46492994419 254.535070055
55 3.02918579109e-10 5.16441077888e-11 0.408115834237 254.591884165
56 3.01355385091e-10 3.03000098359e-11 0.35824454524 254.641755454
57 3.00019564747e-10 1.81225867084e-11 0.314467648301 254.685532351
58 2.9888269637e-10 1.11292955759e-11 0.276040396418 254.723959603
59 2.97859514831e-10 7.0741778363e-12 0.242309054103 254.757690945
60 2.96950020129e-10 4.68881106962e-12 0.212699775322 254.787300224
60 2.96950020129e-10 4.68881106962e-12 0.212699775322 254.787300224
