0
0
5.53292953018
17.3207338462
37.7133008997
67.4998673884
101.388364992
129.563098096
145.508293986
149.226884913
143.125991404
132.479215775
120.147541436
107.639111008
95.7102216122
84.7042828238
74.7419755782
65.827319377
57.9064184096
50.8995992331
44.718695738
39.2760145129
34.4888094453
30.2811850524
26.5846863592
23.3381978436
20.487476146
17.9845738187
15.7872229
13.8582189698
12.1648453204
10.6783501906
9.37347668973
8.22804385938
7.22257537598
6.33997162433
5.56522071589
4.88514418541
4.28817340557
3.76415312227
3.30416888458
2.9003954989
2.54596396623
2.23484465959
1.96174476594
1.72201825439
1.51158684288
1.32687062079
1.16472714844
1.02239799812
0.897461827485
0.787793187242
0.691524428769
0.607019957152
0.532842112083
0.467728981849
0.410572832952
0.360401301733
0.316360851712
0.277702252451
0.243767832902
0.243767832902
14.1616967766139
