0
0
5.94901522128
20.6657097162
49.2619815238
90.3618963227
128.692106398
150.342348454
154.468376432
148.567365489
137.778893696
125.103060461
112.161512558
99.7773505381
88.3292583573
77.9548507345
68.664949665
60.4070580941
53.1001515969
46.6534271676
40.9760550941
35.9820774958
31.5925206771
27.7360797669
24.3490592596
21.3749031168
18.7636093994
16.4710887972
14.4585317022
12.6918077583
11.1409217104
9.77952367285
8.58447243908
7.53544832207
6.61461114629
5.80629881672
5.0967620377
4.47393106333
3.92721073385
3.44730043633
3.02603599752
2.65625085873
2.33165419358
2.04672390765
1.79661270682
1.57706564032
1.38434771805
1.21518037189
1.0666856809
0.936337411893
0.821918042681
0.721481037025
0.633315775078
0.55592454417
0.487990672947
0.428358486766
0.376013497472
0.33006519188
0.289731881568
0.254327404036
0.22324944899
0.22324944899
20.8679962892721
