Time S E I R
0 255 0 0 0
1 243.4329 11.5671 0 0
2 224.284718281 24.3434997327 5.98346023787 0.388321748675
3 184.169534572 47.79704541 20.9516559086 2.0817641093
4 116.486914582 81.6675998508 50.2388750183 6.60661054846
5 45.8934930274 101.137851054 92.1036165092 15.8650394087
6 7.520798817 86.5553178488 130.376709597 30.5471737372
7 1.57829438314 52.9884375125 151.290755681 49.1425124233
8 0.292295663569 30.7534377657 154.725540467 69.2287261041
9 0.0553193087825 17.4896647824 148.398324592 89.0566913168
10 0.011548512105 9.88257876731 137.392558288 107.713314432
11 0.00275109748435 5.57297667545 124.626476419 124.797795807
12 0.000755206193162 3.1406181014 111.664930246 140.193696446
13 0.000238249963928 1.76944677412 99.2971689497 153.933146026
14 8.56262459479e-05 0.996821033756 87.8827496207 166.120343719
15 3.46648773188e-05 0.56153677096 77.5488001793 176.889628385
16 1.56201119523e-05 0.316321378995 68.3005660084 186.383096993
17 7.74393836878e-06 0.178186371106 60.0827201579 194.739085728
18 4.17845848233e-06 0.100373504142 52.8129225288 202.08669979
19 2.42981656129e-06 0.0565421548571 46.3998742396 208.543581177
20 1.50924068976e-06 0.0318514771941 40.7526845343 214.215462481
21 9.93422190732e-07 0.0179428273845 35.7855511722 219.196505009
22 6.88107718361e-07 0.0101078080741 31.4197554166 223.570136089
23 4.98472161325e-07 0.00569419760796 27.5842838723 227.410021433
24 3.75602098757e-07 0.00320807095382 24.215732959 230.781058596
25 2.9297399351e-07 0.00180752462492 21.2578247094 233.740367475
26 2.35564272089e-07 0.00101844884598 18.6608124698 236.338168848
27 1.9451798039e-07 0.000573850365298 16.3808393436 238.618586614
28 1.64425074445e-07 0.00032334425765 14.3793027253 240.620373768
29 1.41871169035e-07 0.000182197351665 12.6222561013 242.377561561
30 1.24637580257e-07 0.000102667747315 11.0798667973 243.920030412
31 1.11243906531e-07 5.78559079457e-05 9.72592831921 245.274013715
32 1.00678420267e-07 3.26056436564e-05 8.53742571205 246.462541583
33 9.22343303955e-08 1.83773757049e-05 7.49415032777 247.505831204
34 8.54077768508e-08 1.03595542201e-05 6.57835958221 248.421629974
35 7.98331143415e-08 5.84113439742e-06 5.7744771144 249.225516966
36 7.52403366278e-08 3.29457563216e-06 5.06882892451 249.931167707
37 7.14271095603e-08 1.85917213273e-06 4.44941138297 250.550586688
38 6.82394727392e-08 1.04994304775e-06 3.9056873791 251.094311504
39 6.55588223708e-08 5.93610111009e-07 3.42840726229 251.57159208
40 6.32926742128e-08 3.36180675921e-07 3.0094515978 251.990548004
41 6.13681265804e-08 1.90875764646e-07 2.64169310058 252.358306648
42 5.97270570779e-08 1.08790052743e-07 2.31887541979 252.681124413
43 5.8322740415e-08 6.23599729424e-08 2.0355067243 252.964493156
44 5.71173188746e-08 3.6048511256e-08 1.78676628542 253.213233622
45 5.6079670685e-08 2.10962652138e-08 1.56842247172 253.431577452
46 5.51844152596e-08 1.25636760276e-08 1.37676076288 253.62323917
47 5.44103215816e-08 7.66426819506e-09 1.20852055921 253.791479379
48 5.37397397693e-08 4.82534712104e-09 1.06083971244 253.939160229
49 5.3157975799e-08 3.15861816477e-09 0.931205834635 254.068794109
50 5.2652467275e-08 2.16180518847e-09 0.817413556949 254.182586388
51 5.22126413216e-08 1.55044660573e-09 0.717527011328 254.282472935
52 5.1829658787e-08 1.1629271817e-09 0.62984494116 254.370155006
53 5.14957605446e-08 9.07503870874e-10 0.552877855503 254.447122092
54 5.12044948664e-08 7.3143374776e-10 0.485316296842 254.514683651
55 5.09502058321e-08 6.04315490129e-10 0.426010925632 254.573989023
56 5.07280333295e-08 5.08425952985e-10 0.373952813719 254.626047135
57 5.05337709455e-08 4.33278255222e-10 0.328256328465 254.671743621
58 5.03638659666e-08 3.72536896784e-10 0.288144065577 254.711855884
59 5.02152204263e-08 3.2226817462e-10 0.252933623144 254.747066327
60 5.00850774188e-08 2.79942720233e-10 0.222025991896 254.777973958
60 5.00850774188e-08 2.79942720233e-10 0.222025991896 254.777973958
