Time S E I R
0 255 0 0 0
1 243.4329 11.5671 0 0
2 231.648706604 18.2217555498 4.78222500949 0.347312836575
3 219.874441601 21.7465297154 11.8926284455 1.48640023789
4 207.958157383 23.6215813228 19.8097681404 3.61049315379
5 196.879870982 23.6007270827 27.7508384014 6.76856353374
6 186.775119597 22.4134999641 34.9058610665 10.9055193721
7 176.549928094 21.7142553325 40.8474761858 15.8883403874
8 166.053789615 21.4946051082 45.8707614138 21.5808438622
9 157.454740258 19.4195019697 50.2425743953 27.8831833763
10 150.119390231 16.9565477285 53.264601675 34.659460365
11 143.657320897 14.697669779 54.9132802607 41.7317290632
12 137.787699599 12.8620120137 55.413293068 48.9369953196
13 132.386318543 11.4087671528 55.0583298478 56.1465844566
14 127.264718395 10.371499393 54.0969375506 63.2668446611
15 122.443675822 9.55471732213 52.7658759638 70.2357308915
16 118.041282319 8.74589597888 51.1982784891 77.0145432122
17 113.926945913 8.0707838659 49.4276071032 83.5746631173
18 110.155697774 7.41448450634 47.5344954569 89.8953222626
19 106.664864042 6.82846949521 45.5444188809 95.9622475818
20 103.429444399 6.3040656699 43.5006760367 101.765813894
21 100.423502383 5.83696656637 41.4380862356 107.301444814
22 97.6500971208 5.39558655919 39.3856164278 112.568699891
23 95.0782119692 4.99605067617 37.3559937166 117.569743637
24 92.7172294728 4.60724694493 35.3667556242 122.308767957
25 90.5390904519 4.24909535803 33.4206343692 126.79117982
26 88.5226376855 3.92622357058 31.5278379682 131.023300775
27 86.6594221821 3.62870279463 29.6990448018 135.012830221
28 84.9458352889 3.34621963641 27.9394737791 138.768471295
29 83.3726772181 3.07871792485 26.2493549239 142.299249933
30 81.9097414019 2.84738969294 24.628659999 145.614208906
31 80.5696218318 2.62160737737 23.0857608559 148.723009935
32 79.3315310807 2.41755154449 21.6154962944 151.63542108
33 78.1893048782 2.22995023587 20.2196903922 154.361054493
34 77.1334052577 2.0593320217 18.8976825138 156.909580206
35 76.1648651749 1.89556299614 17.6489748482 159.29059698
36 75.2631226826 1.75464410501 16.4688967929 161.513336419
37 74.4385245068 1.61484160014 15.3597062355 163.586927657
38 73.6754315874 1.48995708898 14.3144841711 165.520127152
39 72.9648967483 1.3812289046 13.3326252671 167.321249079
40 72.3122859669 1.27511860519 12.4140284156 168.998567011
41 71.7112661803 1.17576136409 11.553035568 170.559936886
42 71.1558475502 1.08525483923 10.7462564775 172.012641131
43 70.6426666766 1.00223550213 9.99149121192 173.363606607
44 70.170326575 0.924032704966 9.28619278904 174.619447929
45 69.7377959378 0.848839069639 8.62697873418 175.786386256
46 69.3383209398 0.78142526593 8.01008101205 176.87017278
47 68.9593886264 0.730300161417 7.4340739894 177.876237221
48 68.6205916918 0.668183848769 6.9011383113 178.810086146
49 68.3036832266 0.617566522122 6.40206869311 179.676681556
50 68.0087259658 0.572900618997 5.93784895094 180.480524462
51 67.7418408707 0.525012786111 5.50707552246 181.226070818
52 67.4872244437 0.490695537866 5.10474885702 181.917331159
53 67.2575069021 0.451020637319 4.73327114079 182.558201317
54 67.0410979898 0.419550384727 4.38704294106 183.152308682
55 66.8406717168 0.389711042978 4.06662044274 183.702996795
56 66.6589594464 0.357751015163 3.7698080008 184.213481535
57 66.4908390098 0.329443439752 3.49312008673 184.686597461
58 66.3333081488 0.30595405469 3.23581451375 185.12492328
59 66.1914046149 0.279910330076 2.99770403088 185.530981021
60 66.0522517549 0.265088548032 2.77560924909 185.907050445
60 66.0522517549 0.265088548032 2.77560924909 185.907050445
