Time S E I R
0 255 0 0 0
1 243.4329 11.5671 0 0
2 222.572903711 25.7769917708 6.25279677306 0.397307745615
3 174.860237079 54.6852710337 23.2292369655 2.22525492228
4 94.913354698 94.840787448 57.8827931933 7.36306466111
5 25.0160024199 107.375153083 104.622163588 17.9866809103
6 4.88599085346 74.877986161 140.986471475 34.2495515114
7 0.687813358139 45.1102744545 155.428400065 53.7735121236
8 0.0891632981046 25.8248624568 154.964963047 74.1210111995
9 0.0123214241629 14.6001265807 146.558511846 93.8290401501
10 0.00195240254982 8.23130693376 134.592497609 112.174243056
11 0.000365203697953 4.63771591826 121.494680747 128.867238132
12 8.10930665125e-05 2.6125751152 108.534815544 143.852528249
13 2.12392665446e-05 1.47167823391 96.3345759232 157.193724605
14 6.48339320719e-06 0.828991962828 85.1609950983 169.010006457
15 2.27416759913e-06 0.466964814069 75.0913482945 179.441684619
16 9.03629626237e-07 0.263037263502 66.1049378893 188.632023945
17 4.01164953701e-07 0.148166693262 58.1337240966 196.71810881
18 1.96469443381e-07 0.0834613132055 51.0898881997 203.826650292
19 1.04938180812e-07 0.0470143636314 44.8805177551 210.072467778
20 6.04941305937e-08 0.0264838152142 39.4151207679 215.558395358
21 3.72945976324e-08 0.0149188949809 34.6092574367 220.375823633
22 2.43892657181e-08 0.00840416132509 30.3859767762 224.60561904
23 1.67984524069e-08 0.00473444903449 26.6761460968 228.319119439
24 1.2109438785e-08 0.00266735958761 23.4181852411 231.579147389
25 9.08536890165e-09 0.00150286366478 20.5575223972 234.440974732
26 7.0599242008e-09 0.000846752984134 18.0459644945 236.953188747
27 5.65768232264e-09 0.0004770827899 15.8410571488 239.158465764
28 4.65826133222e-09 0.00026880117227 13.9054436258 241.09428757
29 3.92756760448e-09 0.000151450041544 12.2062813507 242.793567197
30 3.38118866239e-09 8.53314014394e-05 10.7147124972 244.28520217
31 2.96461166727e-09 4.80784046896e-05 9.40538956618 245.594562354
32 2.64145683104e-09 2.70890293013e-05 8.25605347199 246.743919438
33 2.38699726651e-09 1.52629946509e-05 7.24716010716 247.752824629
34 2.18392415263e-09 8.59983091882e-06 6.36155080586 248.638440594
35 2.01998773264e-09 4.84557405584e-06 5.58416209966 249.415833055
36 1.88614990293e-09 2.73028255657e-06 4.90177039082 250.098226879
37 1.77607262231e-09 1.53843699676e-06 4.30276751669 250.697230945
38 1.68466840478e-09 8.66893224254e-07 3.77696356573 251.223035568
39 1.60838453667e-09 4.88507499249e-07 3.31541369134 251.684585821
40 1.5442935819e-09 2.75299566175e-07 2.9102660339 252.089733692
41 1.49009338202e-09 1.55160776449e-07 2.55462819583 252.44537165
42 1.44407863445e-09 8.74622967659e-08 2.24245001602 252.757549898
43 1.40485667544e-09 4.93120811406e-08 1.96842065961 253.031579293
44 1.3712906366e-09 2.78116391799e-08 1.727878278 253.272121696
45 1.34252786665e-09 1.56932495467e-08 1.51673070543 253.483269281
46 1.31780097945e-09 8.86181504641e-09 1.33138584488 253.668614148
47 1.29642785396e-09 5.00985075983e-09 1.16869055992 253.831309437
48 1.27795374283e-09 2.83711260488e-09 1.02587703349 253.974122966
49 1.26195232042e-09 1.61090020536e-09 0.900515681499 254.099484319
50 1.24799726109e-09 9.18309949349e-10 0.79047382018 254.209526181
51 1.23588961287e-09 5.26456013713e-10 0.693877464025 254.306122538
52 1.22554411064e-09 3.045185755e-10 0.609085429932 254.390914572
53 1.21642074191e-09 1.7845924961e-10 0.534655165524 254.465344837
54 1.20849108498e-09 1.06555965501e-10 0.469320464032 254.530679539
55 1.20149934446e-09 6.52796051394e-11 0.411969821964 254.588030181
56 1.19536025522e-09 4.13587325583e-11 0.361627566405 254.638372437
57 1.19007381727e-09 2.73029149096e-11 0.317437256049 254.682562747
58 1.18541265692e-09 1.88803602407e-11 0.278647110634 254.721352892
59 1.18129150906e-09 1.36961226246e-11 0.24459722091 254.755402782
60 1.17776721709e-09 1.03928849767e-11 0.214708321548 254.785291681
60 1.17776721709e-09 1.03928849767e-11 0.214708321548 254.785291681
