0
0
5.37284075447
16.0928991831
33.4941793178
58.2860433543
87.6331260441
115.178420436
134.798214159
143.903100739
143.21688463
135.478282989
124.523513901
112.504796923
100.577456556
89.3216301677
78.9939620901
69.6742194092
61.3491342301
53.9595780878
47.4266451846
41.6657402933
36.5938896643
32.1333436665
28.2130580543
24.7690942376
21.7444310953
19.0884963757
16.7566036983
14.7093727336
12.9121422405
11.3344335251
9.94946212482
8.73369933238
7.66648172162
6.72966522005
5.90731965161
5.18545957987
4.55180745651
3.99558537802
3.50733209746
3.07874228663
2.70252537628
2.37228160866
2.0823932145
1.82792887519
1.60455985185
1.40848635868
1.23637293057
1.08529168689
0.952672527284
0.836259412711
0.734071988379
0.644369932571
0.565629470592
0.496511046569
0.435838885398
0.382580853826
0.335830946774
0.294793874453
0.258771532876
0.258771532876
11.5100282632563
