Time S E I R
0 255 0 0 0
1 243.4329 11.5671 0 0
2 228.993777956 20.4191687227 5.22445008723 0.362603234138
3 208.063201064 30.2535892186 14.9871535036 1.69605621344
4 178.201426819 42.4338759325 29.7502397772 4.61445747122
5 140.693138366 54.6156935674 49.8877115362 9.8034565301
6 99.875047679 63.3492026473 73.8906913529 17.8850583201
7 61.6716277088 65.9001379877 98.2717688789 29.156465424
8 31.9936003992 60.6866506651 118.914733715 43.4050152202
9 14.6805046191 47.8737167862 132.534893662 59.9108849327
10 6.04350621416 33.8265573552 137.514187731 77.6157486994
11 2.24994672013 22.1060083002 135.18116078 95.4628841997
12 0.7123311029 13.7203971879 127.913517604 112.653754105
13 0.143387934264 8.21661016497 117.942149889 128.697852011
14 0.0854025830641 4.67116566898 106.887077928 143.35635382
15 0.0535545993645 2.65479075705 95.7337381201 156.557916524
16 0.0353160760771 1.50894336929 85.1194917147 168.33624884
17 0.0244110955821 0.858077431353 75.3342655449 178.783245928
18 0.0176140057762 0.488406774996 66.4789704743 188.015008745
19 0.0132102877269 0.278399298078 58.5548150764 196.153575338
20 0.0102548569049 0.159027743044 51.5132158702 203.31750153
21 0.00820753839417 0.0911109099475 45.2833382801 209.617343272
22 0.00674864611611 0.0524162789199 39.7870084562 215.153826619
23 0.00568263399347 0.0303262048704 34.9465065859 220.017484576
24 0.00488623048534 0.0176811878302 30.6884746612 224.288957921
25 0.00427949079102 0.0104160641692 26.9455941612 228.039710284
26 0.00380921654562 0.0062213710584 23.6571176618 231.332851751
27 0.00343915126456 0.00378341262489 20.7687812024 234.223996234
28 0.00314403213585 0.00235376040599 18.2324045723 236.762097635
29 0.00290590515652 0.00150546832014 16.0053835789 238.990205047
30 0.00271177767365 0.000994456547831 14.050153435 240.94614033
31 0.00255208383095 0.000680649858128 12.3336403238 242.663126942
32 0.00241966985212 0.000483320827539 10.8267545092 244.1703425
33 0.00230910839701 0.000355692809588 9.50392780297 245.493407396
34 0.00221622700892 0.000270470462999 8.3426971605 246.654816142
35 0.00213777854745 0.000211581200884 7.32333323634 247.674317404
36 0.00207120737346 0.000169450588153 6.42851094542 248.569248397
37 0.00201448112512 0.000138291373025 5.64301834299 249.354828885
38 0.00196596808431 0.000114541978279 4.95349996541 250.044419525
39 0.00192434666795 9.5962679296e-05 4.34823089184 250.649748799
40 0.00188853784817 8.11092076449e-05 3.81691804266 251.18111231
41 0.00185765413647 6.90237622719e-05 3.35052554135 251.64754778
42 0.00183096066959 5.90518495558e-05 2.94112128888 252.056988698
43 0.00180784523357 5.07323859852e-05 2.58174221038 252.416399211
44 0.00178779495567 4.37307777586e-05 2.2662759226 252.731892551
45 0.00177037801939 3.77974466924e-05 1.98935683343 253.00883499
46 0.00175522919895 3.27415955404e-05 1.74627492052 253.251937108
47 0.00174203832282 2.841422668e-05 1.53289564597 253.465333901
48 0.00173054100276 2.46968719862e-05 1.34558965012 253.652655112
49 0.00172051113 2.14939148972e-05 1.18117103195 253.817086963
50 0.00171175475998 1.87272203673e-05 1.03684316824 253.96142635
51 0.00170410509637 1.63322822113e-05 0.910151151292 254.088128412
52 0.00169741835191 1.42553925925e-05 0.798940037045 254.19934829
53 0.00169157019027 1.24514722843e-05 0.701316251761 254.296979727
54 0.00168645324496 1.08825892333e-05 0.615621437541 254.382681227
55 0.00168197431745 9.51653587177e-06 0.540397976033 254.457910533
56 0.00167805248779 8.32588820454e-06 0.474366275483 254.523947346
57 0.00167461741785 7.28721263002e-06 0.416403211599 254.581914884
58 0.00167160788726 6.38041650981e-06 0.365522851863 254.63279916
59 0.00166897055999 5.58822425875e-06 0.320859739116 254.677465702
60 0.00166665892695 4.89574559299e-06 0.281654170395 254.716674275
60 0.00166665892695 4.89574559299e-06 0.281654170395 254.716674275
