Time S E I R
0 255 0 0 0
1 243.4329 11.5671 0 0
2 228.697577313 20.6650702726 5.27308223512 0.364270179387
3 206.659589128 31.2745717336 15.3460003471 1.71983879113
4 174.51562531 44.7936589187 30.9576332438 4.73308252765
5 133.847226526 58.3705954612 52.6106488507 10.1715291627
6 90.3629834464 67.4515993727 78.4569031259 18.7285140555
7 51.5800273766 68.5718346429 104.156284535 30.6918534458
8 23.6086566401 60.843137412 124.823403544 45.7248024044
9 8.9877452225 45.9213869925 137.162243146 62.9286246398
10 2.64896580735 31.0123245969 140.224467233 81.114242364
11 0.3531259963 19.4122087697 136.043899858 99.1907653775
12 0.181842581652 11.0605485737 127.361209453 116.396399393
13 0.0984972295763 6.29160571315 116.318881697 132.291015362
14 0.056512883626 3.57494516686 104.674945348 146.693596604
15 0.034361223237 2.03009730103 93.3434934884 159.59204799
16 0.0220780526719 1.15263086293 82.7656933983 171.059597689
17 0.0149261248197 0.65457524481 73.122210269 181.208288364
18 0.0105663206155 0.371958381515 64.4538390281 190.163636272
19 0.0077944965667 0.211586251953 56.7293859099 198.051233344
20 0.00596412213957 0.120551230967 49.8834066988 204.990077951
21 0.00471376245505 0.0688419018118 43.8368658153 211.089578523
22 0.00383347868095 0.0394383704047 38.5080996286 216.448628525
23 0.00319699411068 0.0226933090103 33.8185009075 221.155608792
24 0.00272583248102 0.0131371442837 29.6951306716 225.289006354
25 0.0023697475543 0.00766792110127 26.0717298479 228.918232486
26 0.00209568621847 0.00452578992336 22.8888821452 232.104496381
27 0.00188134530501 0.00271106034354 20.0937045402 234.901703056
28 0.00171132929808 0.00165539785244 17.6393583206 237.357274954
29 0.0015747919941 0.00103547760753 15.4845006112 239.512889121
30 0.0014639429867 0.000666901778068 13.5927125552 241.405156602
31 0.00137308650082 0.000444208997394 11.9319501741 243.066232532
32 0.00129799028372 0.000306884719183 10.4740420429 244.524353084
33 0.00123546236446 0.000220054863367 9.19423445871 245.804310026
34 0.00118306208978 0.000163507782076 8.07078429649 246.927869136
35 0.00113889952763 0.000125442980268 7.08459712785 247.914138532
36 0.00110149404009 9.89048120968e-05 6.21890700286 248.779892601
37 0.00106967312155 7.97430641028e-05 5.4589939016 249.539856685
38 0.00104249905331 6.54431107538e-05 4.79193487675 250.206957184
39 0.00101921504631 5.44522223573e-05 4.20638512616 250.792541209
40 0.000999205220808 4.57896378887e-05 3.69238554125 251.306569466
41 0.000981964530837 3.88194245743e-05 3.24119361234 251.757785606
42 0.000967075921096 3.31170834582e-05 2.84513490344 252.153864906
43 0.000954192801544 2.83904059281e-05 2.49747262168 252.501544798
44 0.000943025472964 2.44319195943e-05 2.19229309239 252.806739453
45 0.000933330516574 2.10898710559e-05 1.92440520939 253.074640373
46 0.000924902428778 1.8250191602e-05 1.68925216026 253.30980469
47 0.000917566971879 1.58250477503e-05 1.48283393126 253.51623268
48 0.000911175847477 1.37453967417e-05 1.30163927734 253.697435805
49 0.000905602397495 1.19560195981e-05 1.14258600223 253.856496443
50 0.00090073811063 1.04121172176e-05 1.00296853425 253.996120319
51 0.000896489764159 9.07691446649e-06 0.880411906882 254.11868253
52 0.000892777071869 7.91992998711e-06 0.772831361888 254.226267945
53 0.000889530664523 6.91567054842e-06 0.678394937623 254.32070862
54 0.00088669069055 6.04274889856e-06 0.595498385321 254.403608885
55 0.00088420522647 5.28304653152e-06 0.522731529939 254.476378986
56 0.000882029222083 4.62116862814e-06 0.458856582817 254.540256771
57 0.000880123533562 4.04397998244e-06 0.402786976861 254.59632886
58 0.0008784541088 3.54023466415e-06 0.353568921717 254.645549088
59 0.000876991293325 3.10027508689e-06 0.310365178912 254.688754734
60 0.000875709237903 2.71578576743e-06 0.272440819536 254.72668076
60 0.000875709237903 2.71578576743e-06 0.272440819536 254.72668076
