Time S E I R
0 255 0 0 0
1 243.4329 11.5671 0 0
2 227.697318202 21.4964741534 5.43636092753 0.369846716693
3 201.807391901 34.8160769217 16.5758553204 1.80067585608
4 161.70196724 53.0082512014 35.1479200475 5.14186151068
5 110.897797428 70.722425859 61.9376532982 11.4421234144
6 61.412128514 78.7382088903 93.2635166282 21.586145967
7 25.2722172788 72.6589785832 121.382864117 35.6859400205
8 5.5652980289 56.8208670357 139.751858419 52.8619765162
9 2.20193750226 34.4609033899 146.660917324 71.6762417837
10 0.864674023575 20.3835884935 143.108770676 90.6429668067
11 0.354321968966 11.8528705341 134.047410032 108.745397464
12 0.155302055798 6.82157085299 122.540891471 125.482235619
13 0.0735010132245 3.90227857068 110.362732316 140.661488099
14 0.0375955492817 2.22442800664 98.4730323965 154.264944047
15 0.0207087071884 1.26541408219 87.3486824461 166.365194764
16 0.0122146238462 0.719060338788 77.1914014906 177.077323546
17 0.00766516283059 0.408403753863 68.0520642998 186.531866783
18 0.00508471255074 0.231963134019 59.902687196 194.860264957
19 0.00354356290762 0.131808204906 52.6771447747 202.187503457
20 0.00257975124325 0.0749645716495 46.2937021536 208.628753523
21 0.00195187119797 0.0426966511031 40.6671353717 214.288216105
22 0.00152778132801 0.0243685436502 35.7149719853 219.259131689
23 0.00123206858183 0.0139485673967 31.3604878706 223.624331493
24 0.00102000816989 0.00801645687815 27.5338721477 227.457091387
25 0.000864143371132 0.00463301248415 24.1724588162 230.822044028
26 0.000747073230542 0.00269812988976 21.2204439171 233.77611088
27 0.000657449615915 0.00158751929712 18.6283836106 236.369371421
28 0.000587680251215 0.000946896270806 16.3526216122 238.645843812
29 0.000532563927408 0.000574965236436 14.3546982019 240.64419427
30 0.000488458599051 0.000357146705221 12.6007711824 242.398383213
31 0.000452763069092 0.00022810642324 11.0610870438 243.938232087
32 0.000423585549015 0.000150503432895 9.70950144849 245.289924463
33 0.000399527096846 0.000102930451558 8.52304963255 246.47644791
34 0.000379537267264 7.30653470147e-05 7.48156437676 247.517983021
35 0.000362816105024 5.3777969671e-05 6.56733786303 248.432245543
36 0.000348746455359 4.09140435182e-05 5.76482326024 249.234787079
37 0.000336846464052 3.20314947753e-05 5.06037186987 249.939259252
38 0.000326735748615 2.56782633538e-05 4.44200187528 250.557645711
39 0.000318110970369 2.0978381394e-05 3.89919505398 251.100465857
40 0.00031072796483 1.73938567864e-05 3.42271816213 251.576953716
41 0.000304388509562 1.45870430626e-05 3.00446604813 251.995214976
42 0.00029893041355 1.23406090107e-05 2.63732388132 252.362364847
43 0.000294220013529 1.05106447669e-05 2.31504618339 252.684649085
44 0.000290146433827 8.99891866515e-06 2.03215062301 252.967550231
45 0.000286617152909 7.73626642888e-06 1.78382477731 253.215880869
46 0.000283554547423 6.67249898506e-06 1.56584428034 253.433865492
47 0.000280893174249 5.77016219857e-06 1.37450096968 253.625212366
48 0.000278577615433 5.00059845625e-06 1.20653981097 253.79317661
49 0.000276560755395 4.34140268608e-06 1.05910352875 253.940615568
50 0.000274802393989 3.77473695859e-06 0.929684002292 254.070037419
51 0.000273268121305 3.28618382226e-06 0.816079600287 254.183643844
52 0.000271928370978 2.86393367831e-06 0.716355803317 254.283369403
53 0.000270757753242 2.49824699592e-06 0.628818295413 254.370908447
54 0.000269734339781 2.1809908001e-06 0.551977923384 254.44775016
55 0.000268839175902 1.90533699761e-06 0.484527434379 254.51520182
56 0.000268055850228 1.66552038079e-06 0.425319421636 254.574410856
57 0.000267370128455 1.45664807635e-06 0.373346650454 254.626384522
58 0.000266769648107 1.2745502325e-06 0.32772497228 254.672006983
59 0.000266243658217 1.11566022412e-06 0.287678283476 254.712054357
60 0.000265782799431 9.76917763061e-07 0.252525322067 254.747207918
60 0.000265782799431 9.76917763061e-07 0.252525322067 254.747207918
