0
0
5.24651510456
15.1495327217
30.2955732513
51.1187477907
75.9670648846
100.979180728
121.681933382
134.756128394
138.868054348
135.671607394
127.725448901
117.301014226
105.907254677
94.6324865032
84.0133593914
74.2825896146
65.5090008017
57.6761426898
50.7259993077
44.5829560107
39.1666536221
34.3986216054
30.2055075415
26.520383342
23.2830696851
20.4399233024
17.9433838362
15.7514389138
13.827067631
12.1376879201
10.6546506248
9.3527796605
8.20995943592
7.20676761852
6.32614988964
5.55313279975
4.87457077317
4.27892349054
3.75606016558
3.2970875603
2.89419891277
2.54054126497
2.23009896709
1.95759139603
1.71838315958
1.50840526551
1.32408591871
1.16228977157
1.02026459582
0.895594469512
0.786158683519
0.690093722621
0.60576763163
0.531745922403
0.466769459253
0.409732937625
0.359666119358
0.315717328037
0.277138961089
0.277138961089
9.38774545931601
