Time S E I R
0 255 0 0 0
1 243.4329 11.5671 0 0
2 229.467866784 20.0258818848 5.14633154693 0.359919784422
3 210.276227945 28.647469627 14.4181585164 1.65814391215
4 183.973645724 38.745282871 27.8539614991 4.42710990591
5 151.565173194 48.6116519884 45.5989080973 9.22426671983
6 115.687669288 56.2440012888 66.519670139 16.5486592835
7 79.8794716678 60.1850391648 88.2606518145 26.6748373522
8 48.9382270173 58.530956603 107.995129533 39.535686846
9 27.8337396179 49.573683593 122.912041523 54.6805352653
10 15.0567138842 37.9048011246 130.732869826 71.3056151642
11 8.00627407782 26.8353008466 131.675372928 88.4830521465
12 4.29374391622 18.0010529633 127.293190452 105.412012668
13 2.38151798005 11.6245670655 119.470118155 121.523796799
14 1.27497524647 7.43131336077 109.813567655 136.480143737
15 0.616564302914 4.73372236007 99.5234310718 150.126282264
16 0.323314798009 2.91073327856 89.3342466353 162.431705287
17 0.131852346695 1.80775900091 79.6239183069 173.436470344
18 0.0620790903308 1.07951096557 70.6373546195 183.221055323
19 0.0258120820364 0.640736292724 62.4479318749 191.885519749
20 0.0003968229555 0.384995747688 55.0785770809 199.536030347
21 0.000323853254287 0.21691872536 48.5044614969 206.278295923
22 0.000270820058859 0.122228103092 42.6653341792 212.212166896
23 0.000231414381659 0.0688799408202 37.5012433787 217.429645264
24 0.000201549236351 0.038823133214 32.9465202377 222.014455078
25 0.000178512589912 0.0218869529468 28.9361657105 226.041768822
26 0.000160463981416 0.01234294127 25.4089950058 229.578501587
27 0.000146127344379 0.00696388166122 22.3089684619 232.683921527
28 0.000134600380846 0.00393185611424 19.5855907729 235.410342769
29 0.000125232951433 0.00222230786595 17.1937918174 237.80386064
30 0.000117548534377 0.00125790438924 15.0935838861 239.905040659
31 0.000111192442375 0.000713530112977 13.249632765 241.74954251
32 0.000105896785954 0.000406015990323 11.630794421 243.368693664
33 0.000101456441371 0.000232110111004 10.2096560887 244.790010343
34 9.77123733605e-05 0.000133602351894 8.96211284916 246.037655834
35 9.45398514034e-05 7.76696948687e-05 7.86698174693 247.132846041
36 9.18400054104e-05 4.57993556608e-05 6.90565505881 248.094207299
37 8.95336931421e-05 2.75459358299e-05 6.0617914229 248.938091495
38 8.75569918151e-05 1.70127943601e-05 5.32104217011 249.678853258
39 8.58578427199e-05 1.08686916326e-05 4.67080966564 250.329093606
40 8.43935276009e-05 7.22969362276e-06 4.10003437395 250.899874001
41 8.31287497931e-05 5.02875578513e-06 3.59900748947 251.400904351
42 8.20341603571e-05 3.66019731713e-06 3.15920620749 251.840708096
43 8.10852159816e-05 2.77914074449e-06 2.77314898046 252.226767153
44 8.02612849782e-05 2.18832444149e-06 2.4342683806 252.565649168
45 7.95449424231e-05 1.77418826982e-06 2.13679945283 252.863119226
46 7.89214091412e-05 1.47075416017e-06 1.87568168517 253.124237921
47 7.83781021312e-05 1.23919179627e-06 1.64647294381 253.353447437
48 7.79042715635e-05 1.05624026294e-06 1.44527391719 253.55464712
49 7.74907053085e-05 9.07633422063e-07 1.26866178842 253.731259811
50 7.71294874085e-05 7.84355239729e-07 1.11363201035 253.886290074
51 7.68137991543e-05 6.80497822299e-07 0.977547194344 254.02237531
52 7.65377536993e-05 5.92028833613e-07 0.858092244007 254.141830625
53 7.62962593228e-05 5.16076255899e-07 0.753234971136 254.246688215
54 7.60848994901e-05 4.50506413636e-07 0.66118955513 254.338733908
55 7.58998509696e-05 3.93680733001e-07 0.580392297211 254.419531408
56 7.57377866307e-05 3.44295108945e-07 0.509468603193 254.490455313
57 7.55958120919e-05 3.01288279038e-07 0.447211934343 254.552712167
58 7.54714064897e-05 2.63780109128e-07 0.392563159501 254.607361104
59 7.53623722858e-05 2.31030508399e-07 0.344592577583 254.655331828
60 7.52667921233e-05 2.02410789988e-07 0.302484100822 254.697440429
60 7.52667921233e-05 2.02410789988e-07 0.302484100822 254.697440429
