Time S E I R
0 255 0 0 0
1 243.4329 11.5671 0 0
2 229.960441995 19.6176565818 5.06479028992 0.357111133718
3 212.530007434 27.0168350887 13.8341946707 1.61896280701
4 189.784331153 35.0448682763 25.934865539 4.23593503185
5 162.625631501 42.4743541321 41.2626523786 8.63736198834
6 132.516290416 48.3995543309 58.8957054152 15.1884498383
7 101.000725413 52.5749980478 77.325266042 24.0990104972
8 71.2098381074 53.4764273649 94.9365884285 35.3771460992
9 47.9868423242 48.4151763697 109.805626583 48.7923547229
10 31.3222401294 40.2305337033 119.626640057 63.82058611
11 20.1813457742 31.2377358281 123.826479611 79.7544387862
12 13.0435983331 23.053001085 123.009594949 95.8938056323
13 8.58191719997 16.3780786197 118.378266862 111.661737318
14 5.68882739998 11.4436974197 111.220637135 126.646838045
15 3.80466488567 7.90913817479 102.687584786 140.598612153
16 2.67309858563 5.32544233991 93.6064763657 153.394982708
17 1.90778106619 3.59673712137 84.4951081948 165.000373617
18 1.43884159432 2.3857258568 75.737321596 175.438110952
19 1.12119771753 1.58713169348 67.5237317285 184.76793886
20 0.893598619998 1.06957987861 59.9676010583 193.069220443
21 0.715283986256 0.743711918825 53.1099885953 200.4310155
22 0.587071357606 0.520677111443 46.9476593493 206.944592182
23 0.479435653313 0.381616630369 41.4408094127 212.698138304
24 0.408939484813 0.271460998153 36.5452573613 217.774342156
25 0.354228243147 0.197044477276 32.1998754197 222.24885186
26 0.30343022999 0.153684764686 28.352884157 226.190000848
27 0.258454680703 0.125406634981 24.9564827298 229.659655954
28 0.225711864965 0.0987653903054 21.9621724973 232.713350247
29 0.205244891526 0.0725409956546 19.3219241548 235.400289958
30 0.175627631958 0.0676236605556 16.9929778566 237.763770851
31 0.158754095103 0.052811522863 14.9459643933 239.842469989
32 0.141758201444 0.0450282816931 13.1426561254 241.670557392
33 0.126250311845 0.0395222299545 11.5562003197 243.278027139
34 0.109926851737 0.0375274548934 10.1610952779 244.691450416
35 0.100609714047 0.0296445951654 8.93542823499 245.934317456
36 0.0838352725954 0.0328191181608 7.85618286902 247.02716274
37 0.0758723293174 0.0259703682529 6.90994945159 247.988207851
38 0.066307739969 0.023811600556 6.07646838821 248.833412271
39 0.0511037656224 0.0283232453116 5.34387829308 249.576694696
40 0.0402865576854 0.0265727013141 4.7025581454 250.230582596
41 0.0317190497573 0.0233980154715 4.13883847186 250.806044463
42 0.0232254598158 0.0215781522552 3.64267461085 251.312521777
43 0.014971607143 0.020347423785 3.20637025861 251.75831071
44 0.0088274594353 0.0175712457718 2.82285716039 252.150744134
45 0.00675259294415 0.011955018377 2.48506467681 252.496227711
46 0.00470216829525 0.0087728064287 2.18626040362 252.800264621
47 0.00467126920756 0.00496548243663 1.92267136712 253.067691881
48 0.0046442727425 0.00281778356001 1.68974355183 253.302794392
49 0.00062068112691 0.00560546692693 1.484406721 253.509367131
50 0.00061790908498 0.00315997148362 1.30529085538 253.690931264
51 0.000615482576478 0.00178219392494 1.14706891754 253.850533406
52 0.000613358537663 0.00100588699176 1.00762254162 253.990758213
53 0.000611499037234 0.000568374747397 0.884902095709 254.113918031
54 0.0006098708038 0.00032158875289 0.777000238377 254.222068303
55 0.000608444735263 0.000182254085829 0.682181569396 254.317027733
56 0.000607195489039 0.000103624957871 0.598893251001 254.40039593
57 0.000606100906481 5.92089356424e-05 0.525750914174 254.473583777
58 0.000605141647668 3.40836894745e-05 0.461528647864 254.537832128
59 0.000604300827661 1.9838873903e-05 0.405144247905 254.594231614
60 0.000603563699656 1.17349643595e-05 0.355644337364 254.643740366
60 0.000603563699656 1.17349643595e-05 0.355644337364 254.643740366
