Time S E I R
0 255 0 0 0
1 243.4329 11.5671 0 0
2 226.752185831 22.2834095923 5.58935955302 0.375045023659
3 197.076104355 38.2843621916 17.7617781879 1.87775526582
4 149.233897329 60.9899250624 39.2378840804 5.53829352883
5 90.2330070568 81.3636580383 70.7354534392 12.6678814663
6 39.6540718067 85.2567592076 105.852138103 24.2370308835
7 10.2169896014 71.1097465223 133.665118626 40.0081452511
8 3.41123142833 44.9952169097 148.043271783 58.55027988
9 1.07848895585 27.026550612 148.881105269 78.0138551638
10 0.35029252787 15.747936681 141.878889167 97.0228816252
11 0.122121952855 9.03515867415 131.009396349 114.833323025
12 0.0466113640069 5.14403449634 118.695973847 131.113380294
13 0.0195816310298 2.91721029927 106.291114056 145.772094015
14 0.00903372632303 1.6509254422 94.4917266208 158.848314212
15 0.00454889631277 0.933232765379 83.61742668 170.44479166
16 0.0024810802243 0.527200764368 73.7793503321 180.690967825
17 0.00145403121314 0.297723627999 64.9780374424 189.7227849
18 0.000908487702645 0.168108124264 57.1587828023 197.672200587
19 0.000600782354951 0.094922072812 50.2422753383 204.662201808
20 0.000417729603527 0.0536061622086 44.1411944007 210.804781709
21 0.000303572037097 0.0302819805068 38.7688552789 216.20055917
22 0.000229358026559 0.0171137286141 34.043531142 220.939125773
23 0.000179313065075 0.00967793585925 29.8902899571 225.099852796
24 0.000144462804798 0.00547801019286 26.2415581813 228.752819348
25 0.000119498461089 0.00310491156478 23.037011054 231.959764538
26 0.000101165537814 0.00176310553234 20.223108943 234.775026788
27 8.74053173163e-05 0.00100370615284 17.7525263978 237.246382493
28 7.68775767028e-05 0.00057342120346 15.5835442845 239.415805419
29 6.86864791817e-05 0.00032923736304 13.6794406011 241.320161477
30 6.22187108377e-05 0.000190365977392 12.0079225564 242.991824861
31 5.7045154648e-05 0.000111151172074 10.540610671 244.459221135
32 5.28595448372e-05 6.57775991693e-05 9.2525748816 245.747306484
33 4.94392805024e-05 3.96377785582e-05 8.12192110222 246.877989823
34 4.66198446816e-05 2.4458088091e-05 7.12942479048 247.870504134
35 4.42777660226e-05 1.55462621755e-05 6.25820730629 248.741732872
36 4.23190594745e-05 1.02364864991e-05 5.49345069828 249.506496748
37 4.06712471488e-05 7.01065939711e-06 4.82214671011 250.17780561
38 3.92777622267e-05 5.00151278208e-06 4.2328761004 250.767079622
39 3.80939655145e-05 3.71145522624e-06 3.71561472758 251.284343469
40 3.70842707014e-05 2.85333360786e-06 3.2615632169 251.738396847
41 3.6220041892e-05 2.2601366504e-06 2.8629973775 252.136964144
42 3.54780373755e-05 1.83371102344e-06 2.51313686195 252.486825828
43 3.48392450178e-05 1.5155739842e-06 2.20602985491 252.793933792
44 3.42880000517e-05 1.27025628197e-06 1.93645184112 253.063512602
45 3.38113109706e-05 1.07576157585e-06 1.6998167374 253.300148377
46 3.33983390703e-05 9.18075795185e-07 1.4920988805 253.507866805
47 3.30399921324e-05 7.87987346753e-07 1.309764546 253.690201628
48 3.27286060724e-05 6.79230401595e-07 1.14971183438 253.85025476
49 3.24576915034e-05 5.87389124293e-07 1.00921790238 253.990749055
50 3.22217320559e-05 5.09242108929e-07 0.885892642305 254.114074629
51 3.20160215779e-05 4.42363411754e-07 0.777638021494 254.222329522
52 3.18365280521e-05 3.84872792443e-07 0.682610453613 254.317357327
53 3.16797985533e-05 3.35283909085e-07 0.599195471015 254.400772516
54 3.15428577267e-05 2.92393826424e-07 0.525973952618 254.473994214
55 3.14231392906e-05 2.55216185057e-07 0.461700263442 254.53826806
56 3.13184251866e-05 2.22932342669e-07 0.40528095651 254.594687504
57 3.12267950164e-05 1.9485645121e-07 0.355756208463 254.644212372
58 3.11465831828e-05 1.70409605791e-07 0.312283490343 254.687685195
59 3.10763432765e-05 1.49100243718e-07 0.274123233806 254.725845543
60 3.1014817381e-05 1.30508948165e-07 0.240626248926 254.759342608
60 3.1014817381e-05 1.30508948165e-07 0.240626248926 254.759342608
