Time S E I R
0 255 0 0 0
1 243.4329 11.5671 0 0
2 223.035533667 25.3892588135 6.18031147997 0.394896039407
3 177.398083065 52.8062201584 22.6093564097 2.18634036636
4 100.584719017 91.4268265307 55.8303286195 7.1581258324
5 29.8827777464 106.238147913 101.453805308 17.4252690328
6 0.64772373472 82.5075964514 138.539699418 33.3049803954
7 0.100562652515 46.8596724908 155.337986591 52.7017782649
8 0.0142052907145 26.4555928733 155.447877834 73.0823240011
9 0.00212468926833 14.910540482 147.220193394 92.8671414333
10 0.000361765304831 8.40017215085 135.297144972 111.30232111
11 7.21807927562e-05 4.73192735381 122.181561438 128.086439025
12 1.69756195021e-05 2.66548197661 109.176028551 143.158472494
13 4.67827433681e-06 1.50144630722 96.9189456652 156.579603347
14 1.49370066538e-06 0.845751707121 85.6860624724 168.468184324
15 5.45105649508e-07 0.476403031619 75.5590693427 178.964527078
16 2.24274003813e-07 0.268352938661 66.5193418532 188.212304981
17 1.02662568224e-07 0.151160669382 58.499649097 196.349190128
18 5.16501188486e-08 0.0851476722103 51.4123137355 203.502538538
19 2.82467738089e-08 0.0479642336812 45.1642281135 209.787807622
20 1.6624824184e-08 0.0270188565827 39.6645473997 215.308433724
21 1.04375601495e-08 0.0152202627369 34.8284210878 220.156358636
22 6.93580659572e-09 0.00857391957877 30.5784807253 224.412945345
23 4.84465090267e-09 0.00483006464609 26.8451942123 228.149975715
24 3.53568907485e-09 0.00272121752915 23.5666137447 231.430665031
25 2.68164512818e-09 0.0015332071771 20.6878345572 234.31063223
26 2.10368966691e-09 0.000863848227147 18.160364592 236.838771555
27 1.69998770616e-09 0.000486713919992 15.9414842773 239.058029004
28 1.40997258313e-09 0.000274227047852 13.9936022724 241.006123496
29 1.1964971236e-09 0.000154506720081 12.2836690375 242.716176451
30 1.03588604361e-09 8.70533177509e-05 10.7826444933 244.217268449
31 9.12763198357e-10 4.9048354207e-05 9.46502083322 245.534930114
32 8.1683992903e-10 2.76353527797e-05 8.30839807013 246.69157429
33 7.40925543141e-10 1.55706734747e-05 7.29310830993 247.706876115
34 6.80074663251e-10 8.77307863918e-06 6.4018841688 248.598107054
35 6.30876684227e-10 4.94310050858e-06 5.61956671301 249.38042834
36 5.90631543673e-10 2.78516156883e-06 4.93284852705 250.067148684
37 5.57463408768e-10 1.56929972292e-06 4.33004786276 250.669950564
38 5.29865928911e-10 8.84234350042e-07 3.80091020953 251.199088902
39 5.06730657435e-10 4.98238050059e-07 3.33643401252 251.663565485
40 4.87233364765e-10 2.80748471061e-07 2.92871763186 252.071282083
41 4.70834038424e-10 1.58202480496e-07 2.57082497191 252.429174866
42 4.56793713965e-10 8.91519965231e-08 2.25666751293 252.743332394
43 4.44856596005e-10 5.02435754008e-08 1.98090074858 253.019099197
44 4.345963589e-10 2.83189041892e-08 1.73883327331 253.261166694
45 4.25842472396e-10 1.59639824372e-08 1.52634697624 253.473653003
46 4.18310719397e-10 9.0013806841e-09 1.33982698572 253.660173
47 4.11773726228e-10 5.0772948713e-09 1.17610017373 253.823899816
48 4.0614622776e-10 2.86543815091e-09 1.03238117466 253.967618817
49 4.01229272029e-10 1.61848146481e-09 0.906225000302 254.093774993
50 3.96966015614e-10 9.15313744733e-10 0.795485445197 254.204514549
51 3.93271193389e-10 5.18452107165e-10 0.698276655945 254.301723339
52 3.90059540223e-10 2.94514856028e-10 0.612947029001 254.387052966
53 3.87274212699e-10 1.68045373512e-10 0.538044915584 254.46195508
54 3.84829945688e-10 9.65191339704e-11 0.472295978311 254.527704017
55 3.8269831748e-10 5.59875150053e-11 0.414581721206 254.585418274
56 3.80822484658e-10 3.29483795749e-11 0.363920285275 254.63607971
57 3.79174025511e-10 1.97908494048e-11 0.319449799094 254.680550196
58 3.77696096621e-10 1.22233448982e-11 0.280413715866 254.719586279
59 3.76445541406e-10 7.82533795639e-12 0.246147942298 254.753852053
60 3.75422359866e-10 5.23019138677e-12 0.216069540332 254.783930455
60 3.75422359866e-10 5.23019138677e-12 0.216069540332 254.783930455
