Time S E I R
0 255 0 0 0
1 243.4329 11.5671 0 0
2 229.666463491 19.8612437736 5.11350280229 0.358789932979
3 211.190605963 27.985259471 14.1818137649 1.64232080114
4 186.340594796 37.2361076564 27.0737042788 4.34959326909
5 156.061410437 46.1188319661 43.8340641417 8.98569345596
6 122.449319209 53.1207511724 63.4338371484 15.9960924712
7 88.1665098558 57.3007399571 83.8991094853 25.6336407028
8 57.3635464014 56.8462527507 102.919283878 37.8709169706
9 35.1037973644 49.530449557 118.010262498 52.355490581
10 20.6168623024 39.1828623727 126.802176132 68.3980991932
11 11.9454102987 28.775458547 129.127913892 85.1512172624
12 6.98108350818 20.0305366367 126.147418047 101.840961808
13 4.19899484497 13.4166651774 119.501066771 117.883273207
14 2.51765455475 8.86909426368 110.709759587 132.903491595
15 1.48363158763 5.82345141428 100.986552457 146.706364542
16 0.94357026661 3.70852396313 91.121979437 159.225926334
17 0.588928842696 2.37888031497 81.557371131 170.474819712
18 0.408803530972 1.48362710694 72.5936004302 180.513968933
19 0.296668178488 0.925094745948 64.3478317895 189.430405287
20 0.217872225702 0.585128761601 56.8748271515 197.322171862
21 0.149333928569 0.388475098239 50.171845351 204.290345623
22 0.103685382733 0.258588377048 44.2043687479 210.433357493
23 0.0591425179904 0.186579601641 38.9111313357 215.843146545
24 0.0376776088768 0.124733158983 34.2337348208 220.603854412
25 0.0215184148388 0.085390424918 30.1020155983 224.791075563
26 0.0014155858063 0.0676834258519 26.4587076806 228.472193309
27 0.00129325613906 0.0382188428102 23.252949179 231.707538723
28 0.00119452801519 0.021603621934 20.4269487965 234.550253055
29 0.00111404796488 0.0122304228047 17.9395283035 237.047127227
30 0.00104785833358 0.00693961468948 15.7522590048 239.239753523
31 0.000992992873762 0.00395088508437 13.8301289979 241.164927125
32 0.000947197772206 0.00226051549888 12.1416765592 242.855115728
33 0.000908738868901 0.00130266448251 10.658870456 244.338918141
34 0.000876266474336 0.000758464989506 9.35687491443 245.641490354
35 0.000848718657352 0.000448133300045 8.2137631951 246.784939953
36 0.000825251145557 0.000270206501478 7.21021478969 247.788689753
37 0.00080518634951 0.000167391017238 6.32922884245 248.669798581
38 0.000787975697932 0.000107308685127 5.55585867905 249.443246037
39 0.000773171498338 7.16407778152e-05 4.87697093321 250.122184255
40 0.000760405690528 5.0006075812e-05 4.28102968635 250.718159902
41 0.000749373640502 3.650776494e-05 3.75790449181 251.241309627
42 0.000739821660346 2.77850527789e-05 3.29870045209 251.700531941
43 0.000731537306791 2.19133061558e-05 2.89560826701 252.103638282
44 0.00072434177406 1.77827858926e-05 2.54177215798 252.457485717
45 0.000718083878269 1.47474135246e-05 2.23117367892 252.768093489
46 0.000712635262204 1.24259598429e-05 1.95852958238 253.040745356
47 0.000707886544092 1.05893196717e-05 1.71920208554 253.280079438
48 0.000703744200877 9.09644617011e-06 1.50912005577 253.490167103
49 0.000700128030473 7.85781970766e-06 1.32470980127 253.674582212
50 0.000696969070901 6.81452102377e-06 1.16283430426 253.836461911
51 0.000694207883242 5.92616599784e-06 1.02073987136 253.978559993
52 0.000691793128453 5.16388738455e-06 0.896009298435 254.103293743
53 0.00068968037948 4.50620239474e-06 0.786520755806 254.212785056
54 0.000687831087248 3.93652325277e-06 0.690409738368 254.308898492
55 0.000686211865144 3.44169857829e-06 0.606043448591 254.393266896
56 0.000684793652624 3.01100290001e-06 0.531986652876 254.467325541
57 0.000683551160989 2.63554635094e-06 0.466979564946 254.532334247
58 0.000682462359435 2.30785876681e-06 0.409916312598 254.589398916
59 0.000681508038383 2.02160025909e-06 0.359826162358 254.639490307
60 0.000680671434822 1.77135067273e-06 0.315857005596 254.683460551
60 0.000680671434822 1.77135067273e-06 0.315857005596 254.683460551
