Time S E I R
0 255 0 0 0
1 243.4329 11.5671 0 0
2 227.479741215 21.6775196012 5.47168984844 0.371049335659
3 200.730229086 35.6045162151 16.8468924933 1.81836220607
4 158.855171059 54.8328877834 36.0796265043 5.23231465382
5 106.018927204 73.2848348176 63.9734517135 11.722786265
6 55.8921830786 80.602400677 96.3021118509 22.2033043937
7 21.0552079512 72.6756557728 124.54977199 36.719364286
8 3.24503142249 55.4055395816 142.087682165 54.2617468307
9 1.21537931464 32.6860045826 147.7960155 73.3026006024
10 0.455101190955 18.9629648178 143.234157535 92.3477764561
11 0.179181318808 10.8818046105 133.518823617 110.420190453
12 0.0759479443844 6.20467225954 121.65710562 127.062274176
13 0.034942069647 3.52493896153 109.325492131 142.114626838
14 0.0174474659519 1.99836714321 97.4043310356 155.579854355
15 0.00941390877941 1.13156048239 86.3163653746 167.542660234
16 0.00545430207015 0.640315012295 76.2296392581 178.124591427
17 0.00337011680881 0.362222790539 67.1751798993 187.459227193
18 0.00220557759297 0.204899360135 59.1138220833 195.679072979
19 0.00151905130656 0.115927985501 51.9734618634 202.9090911
20 0.0010945413984 0.0656186947691 45.6694309093 209.263855855
21 0.00082069478114 0.0371678666883 40.1152633495 214.84674809
22 0.000637313432009 0.0210741942097 35.2282325303 219.750055963
23 0.000510401385355 0.0119664715337 30.9318481002 224.055675028
24 0.00041998729958 0.00680874864655 27.1567770065 227.835994259
25 0.00035391509212 0.00388535185399 23.8409351805 231.154825554
26 0.00030453809498 0.00222612301471 20.9291155222 234.068353818
27 0.000266903839275 0.00128251983944 18.3724516764 236.625998901
28 0.00023772011545 0.000744538609602 16.127831333 238.871186409
29 0.000214743907748 0.000436772546613 14.1572878002 240.842060684
30 0.00019641262918 0.000259884343259 12.4274224139 242.57212129
31 0.000181615477658 0.000157567414847 10.908877345 244.090783473
32 0.000169548051502 9.78683475455e-05 9.57585935606 245.423873228
33 0.000159617847373 6.26254204024e-05 8.40571413899 246.594063618
34 0.000151381569083 4.14942680482e-05 7.37854836111 247.621258763
35 0.000144502750601 2.85666497853e-05 6.47689546085 248.52293147
36 0.000138722606636 2.04555217519e-05 5.68542090408 249.314419918
37 0.000133839655518 1.52095788505e-05 4.99066267703 250.009188274
38 0.000129695257044 1.16972667576e-05 4.38080304825 250.619055559
39 0.000126163204413 9.25669247095e-06 3.84546796995 251.15439661
40 0.000123142133276 7.49626930661e-06 3.37555084982 251.624318512
41 0.000120549917483 6.18090980767e-06 2.96305777663 252.036815493
42 0.00011831948288 5.16684260113e-06 2.60097161297 252.398904901
43 0.000116395645733 4.36411907129e-06 2.28313266936 252.716746571
44 0.000114732700581 3.71492735136e-06 2.00413394482 252.995747608
45 0.000113292561025 3.18095896029e-06 1.75922916028 253.240654367
46 0.00011204331372 2.7359810099e-06 1.54425202529 253.455633196
47 0.000110958083781 2.36141760698e-06 1.35554536743 253.644341314
48 0.000110014136681 2.04368256927e-06 1.18989892032 253.809989023
49 0.00010919216183 1.77254018195e-06 1.044494713 253.955394323
50 0.000108475696607 1.54007600363e-06 0.916859132071 254.083030853
51 0.000107850659987 1.34003458668e-06 0.804820841506 254.195069969
52 0.000107304961176 1.16737667759e-06 0.706471915734 254.293419613
53 0.000106828223807 1.01799706256e-06 0.620141392526 254.379750762
54 0.000106411490577 8.88497716486e-07 0.54436061871 254.455532082
55 0.00010604702257 7.76044018127e-07 0.477840333448 254.522052844
56 0.000105728122008 6.7825368679e-07 0.419448932841 254.580444661
57 0.00010544898214 5.93111676349e-07 0.368193053 254.631700905
58 0.000105204561066 5.18904937635e-07 0.323200722552 254.676693554
59 0.000104990475563 4.54170924495e-07 0.28370652816 254.716188027
60 0.000104802910755 3.97656463878e-07 0.249038592797 254.750856206
60 0.000104802910755 3.97656463878e-07 0.249038592797 254.750856206
