Time S E I R
0 255 0 0 0
1 243.4329 11.5671 0 0
2 231.973226742 17.9540485827 4.72732818517 0.345396490453
3 221.214211434 20.7938205708 11.5307239276 1.46124406748
4 211.10048238 21.6825061292 18.7210127203 3.49599877001
5 202.565113 20.544876999 25.4514297104 6.43858028971
6 195.623994268 18.261431661 30.9426439993 10.1719300709
7 189.025753042 16.5983708317 34.8660349277 14.5098411979
8 182.458446935 15.6109723746 37.6520211614 19.2785595284
9 177.958942418 12.9772530924 39.7050352235 24.3587692658
10 174.811127581 10.1377200191 40.4395334256 29.6116189736
11 172.527467153 7.67799355345 39.9250565785 34.8694827144
12 170.747591781 5.79978182784 38.461905787 39.9907206039
13 169.290631691 4.43512261391 36.3977536666 44.8764920281
14 167.933159132 3.58607450969 34.0122483177 49.4685180401
15 166.674823427 3.02903680544 31.553307586 53.7428321807
16 165.626326154 2.52552086209 29.1489838808 57.6991691023
17 164.65919021 2.17964096093 26.8153281587 61.3458406693
18 163.83107445 1.86389061873 24.6088120595 64.696222871
19 163.086707433 1.61911325436 22.5273738778 67.7668054343
20 162.408836448 1.43036942865 20.585754021 70.5750401017
21 161.780501353 1.28891651529 18.7908451789 73.1397369521
22 161.214384633 1.16019582207 17.145135771 75.4802837737
23 160.689790736 1.05815107023 15.6367048307 77.6153533624
24 160.226021794 0.950746668977 14.2606672846 79.5625642513
25 159.805158091 0.857235569751 12.9996257302 81.3379806081
26 159.41545342 0.782414484275 11.8460237844 82.9561083104
27 159.05741888 0.716792889498 10.7951184777 84.4306697521
28 158.73610242 0.650541272356 9.83883357735 85.77452273
29 158.450571614 0.584176420881 8.96600981443 86.99924215
30 158.178336821 0.539630176915 8.16698205898 88.1150509422
31 157.9389902 0.487230493598 7.4421379864 89.1316413191
32 157.718603919 0.443811850831 6.77971594459 90.0578682844
33 157.517201168 0.404976081785 6.17617520408 90.9016475447
34 157.331046673 0.3720363549 5.62658721843 91.6703297522
35 157.16654866 0.335624522709 5.12712604219 92.3707007733
36 157.008187993 0.312428337868 4.67058525913 93.0087984081
37 156.870855287 0.281473286703 4.25739645722 93.5902749667
38 156.743263974 0.257141162883 3.87938455421 94.1202103067
39 156.620371886 0.241331156928 3.53518548546 94.6031114692
40 156.511169205 0.221089593154 3.22436626551 95.043374934
41 156.412742804 0.201040094337 2.9412591753 95.4449579239
42 156.322210297 0.18379056683 2.68273797897 95.8112611549
43 156.239062292 0.16845614693 2.44710147333 96.1453800856
44 156.164544603 0.152796208032 2.23248382623 96.4501753605
45 156.100070783 0.13539623335 2.0363207407 96.7282122406
46 156.04113563 0.121397271182 1.85576738194 96.9816997149
47 155.977280905 0.119662385324 1.69040522024 97.2126514879
48 155.930004815 0.103221636198 1.54347959382 97.4232939538
49 155.882890831 0.0948044836045 1.40685718332 97.6154475012
50 155.837599798 0.089167657359 1.28261911761 97.7906134262
51 155.801770348 0.0773717249468 1.17046622854 97.9503916982
52 155.761007818 0.0764259092339 1.06648688552 98.0960793874
53 155.729214929 0.0676226671902 0.974161496355 98.2290009075
54 155.696021217 0.064693593693 0.888935279482 98.3503499097
55 155.665191856 0.0612542368913 0.812382873191 98.4611710337
56 155.640490546 0.0537053082072 0.743290763302 98.5625133825
57 155.61773917 0.0479749378634 0.679120861439 98.6551650304
58 155.594789355 0.0453815449465 0.620044227901 98.7397848719
59 155.577480009 0.0386789411342 0.566750807225 98.8170902427
60 155.553678862 0.0417589766763 0.516894817363 98.8876673437
60 155.553678862 0.0417589766763 0.516894817363 98.8876673437
