Time S E I R
0 255 0 0 0
1 243.4329 11.5671 0 0
2 230.298344739 19.337859761 5.00862342172 0.355172078588
3 214.048180376 25.9215990518 13.4380083616 1.59221221108
4 193.64850406 32.5937809841 24.6507622721 4.10695268453
5 170.001026264 38.378766059 38.3755871991 8.2446204787
6 144.051166499 42.9118064191 53.7586653344 14.2783617486
7 116.34459478 46.6100749691 69.6893343553 22.355995897
8 88.903623539 48.3849779134 85.2167504788 32.4946480703
9 65.9571211598 45.3987351718 99.0810625449 44.563081125
10 47.8245234526 39.6908805839 109.281358238 58.2032377269
11 34.2513597097 32.7998475014 115.067584596 72.8812081947
12 24.4654846926 25.9429441515 116.566680137 88.0248910205
13 17.6002125869 19.8200343736 114.461888984 103.117864057
14 12.7308451684 14.8693630552 109.650888232 117.748903546
15 9.30371918438 10.9975542807 103.070494015 131.628232521
16 7.00047226828 7.94426635147 95.4786400353 144.576621346
17 5.35969857002 5.72861737857 87.4129798237 156.498704229
18 4.23723066243 4.07689389634 79.3219696038 167.363905839
19 3.43052858206 2.90679616639 71.4749902038 177.187685049
20 2.83377928466 2.09012611942 64.0608036014 186.015290996
21 2.37369506203 1.53027579573 57.1851788196 193.910850324
22 2.0276821189 1.12747354018 50.8965508016 200.948293541
23 1.74974101099 0.851516298151 45.1943573454 207.204385347
24 1.54444770355 0.637594573385 40.0631722481 212.754785477
25 1.38198717352 0.484413246093 35.4622973238 217.671302259
26 1.24418979353 0.381091961682 31.3540530656 222.020665182
27 1.12827397013 0.306966075567 27.7001308779 225.864629079
28 1.03717717175 0.245030722694 24.4581357002 229.259656408
29 0.968360024161 0.191395965783 21.5837452365 232.256498776
30 0.898429825181 0.164986415288 19.0362199997 234.900363762
31 0.84770183354 0.133202786676 16.7870709741 237.232024408
32 0.802138254687 0.111875373237 14.7981785603 239.287807814
33 0.762401253103 0.0954692438122 13.0422861226 241.099843383
34 0.725437145307 0.0846284105551 11.4931717743 242.696762672
35 0.698463505775 0.0695116162987 10.1280158105 244.10400907
36 0.666539682554 0.0667194816115 8.92279607 245.343944768
37 0.645529494073 0.0549233490734 7.8630620499 246.436485109
38 0.624703268409 0.0486297056683 6.92751927587 247.399147752
39 0.599754603581 0.0496668409291 6.1033021419 248.247276416
40 0.580481644767 0.0449858884291 5.37983659038 248.994695879
41 0.564562848993 0.0393263162249 4.74255927737 249.65355156
42 0.549668147996 0.0353889178544 4.180593571 250.234349366
43 0.535832200522 0.0323466129816 3.68547557239 250.746345617
44 0.524813393188 0.0280154517994 3.24943366101 251.197737497
45 0.518477140122 0.021059845403 2.86475564617 251.595707371
46 0.512699697596 0.016719232453 2.524125731 251.946455342
47 0.497407650677 0.023907240211 2.22324222018 252.255442892
48 0.494590627709 0.0155975903961 1.9619415788 252.527870206
49 0.488119630697 0.0146549117526 1.72911076677 252.768114694
50 0.479969462203 0.0158814068644 1.52427418517 252.979874949
51 0.478104299183 0.0103569515452 1.34490188274 253.16663687
52 0.468365725769 0.0151734907475 1.18514864077 253.331312146
53 0.464949168203 0.011619155292 1.04682588441 253.476605795
54 0.457707366738 0.0134847591412 0.923919643013 253.604888234
55 0.450627355014 0.0144135272121 0.816754328414 253.718204792
56 0.447686562859 0.0108316139733 0.723030398066 253.818451428
57 0.444859602725 0.00872768919991 0.639275939988 253.907136771
58 0.440133213401 0.00946638676795 0.564877145928 253.985523257
59 0.439497646793 0.00581402676072 0.4998495329 254.054838797
60 0.430936704325 0.0116998996994 0.441264321696 254.116099078
60 0.430936704325 0.0116998996994 0.441264321696 254.116099078
