Time S E I R
0 255 0 0 0
1 243.4329 11.5671 0 0
2 230.374864464 19.2745263503 4.99587764489 0.354731540622
3 214.388741931 25.6762887355 13.3488001917 1.58616914119
4 194.508905445 32.0492988888 24.3637987607 4.07799690443
5 171.64179714 37.4683698293 37.7329531385 8.15687989119
6 146.642392638 41.6707463838 52.6115143357 14.0753466418
7 119.872313121 45.2010589213 67.9608182868 21.9658096698
8 93.1278636043 47.0711621816 82.9577235931 31.8432506199
9 70.4712162225 44.4512612009 96.4850132341 43.5925093413
10 52.2232053734 39.2564690903 106.632738807 56.8875867278
11 38.242689328 32.8719405642 112.652638338 71.2327317679
12 27.9074025595 26.4036994551 114.599832421 86.0890655624
13 20.472373729 20.5119277074 113.054224975 100.961473586
14 15.0850707519 15.6504219396 108.817767926 115.44673938
15 11.2199764003 11.7675682869 102.760094078 129.252361233
16 8.56196409841 8.64495453917 95.6033767195 142.189704641
17 6.64162637721 6.33351004631 87.8738361251 154.151027449
18 5.30122867346 4.58143465873 80.024331419 165.093005246
19 4.3254808929 3.31806870967 72.3369133531 175.019537042
20 3.59731664543 2.42059700713 65.0158926216 183.966193723
21 3.03447196562 1.79371376983 58.1823541883 191.989460073
22 2.60744952025 1.33681737845 51.8982206501 199.157512448
23 2.26511988323 1.0179082832 46.174014629 205.542957201
24 2.00817302262 0.770218241755 41.0030040488 211.218604683
25 1.80394334425 0.590585184438 36.3510857588 216.254385709
26 1.63208902358 0.466563991688 32.1854455988 220.715901382
27 1.48817574719 0.376217260161 28.4712780201 224.664328969
28 1.37389166327 0.301526565934 25.168671106 228.155910661
29 1.28574580264 0.237801240569 22.2349752392 231.241477714
30 1.19961076977 0.203354435382 19.6305498647 233.966484927
31 1.13521410075 0.165132332673 17.3275865416 236.372067022
32 1.0780675719 0.138605811796 15.2883457955 238.494980818
33 1.02847040328 0.117971930732 13.4857374326 240.367820231
34 0.98307864708 0.103669073936 11.8935594111 242.019692865
35 0.948874856624 0.085698636358 10.4889126654 243.476513839
36 0.910729567873 0.0805377714162 9.24763049491 244.761102163
37 0.884348814116 0.0667650804075 8.15507777491 245.893808328
38 0.858875562769 0.0588117260837 7.18975324247 246.892559466
39 0.829896847638 0.0584480388209 6.33857408162 247.773081029
40 0.807120597534 0.0525802075113 5.59074811809 248.549551074
41 0.788150519881 0.045910621918 4.93149871592 249.234440139
42 0.770594086237 0.0411099656476 4.34974399623 249.838551949
43 0.754432954053 0.0373270936156 3.8368253998 250.37141455
44 0.741380286175 0.032358626943 3.38478881982 250.841472265
45 0.733263064908 0.02485289288 2.98575239416 251.256131646
46 0.725925094902 0.0200357482018 2.63224344917 251.621795706
47 0.709265026624 0.0268098011398 2.31981596363 251.944109207
48 0.705246976271 0.0181408035157 2.04817460726 252.228437611
49 0.697720661969 0.0168855036443 1.80608658694 252.479307245
50 0.688643062197 0.0178392204766 1.5929670256 252.700550689
51 0.68596204631 0.0120767681367 1.40618692535 252.895774257
52 0.675505557769 0.0166851656359 1.23981148962 253.067997784
53 0.671456728809 0.0129488650553 1.09557110537 253.220023298
54 0.663657515949 0.0146553463653 0.967378912147 253.354308223
55 0.656085773878 0.0154448285512 0.85549353741 253.472975858
56 0.652710526419 0.0117411506589 0.757556322232 253.577991999
57 0.649499593024 0.00953044459433 0.670042159692 253.670927801
58 0.644434038372 0.0101750991619 0.592289223482 253.753101637
59 0.643498726986 0.00643995486754 0.524269900316 253.825791416
60 0.634672936161 0.0122528005836 0.4630168232 253.890057438
60 0.634672936161 0.0122528005836 0.4630168232 253.890057438
