0
0
5.84220300946
19.7873284757
46.2445411959
84.7824260873
122.930182953
146.807933635
153.296513394
148.949135603
138.989730572
126.679118792
113.839189339
101.417198236
89.8633465907
79.3549361093
69.9241206308
61.5293805444
54.0949243773
47.5320519061
41.7503635486
36.6634856964
32.1916306042
28.2625238584
24.8114771754
21.7809874872
19.120168006
16.7841309147
14.7333509357
12.9330613589
11.3527037479
9.96543126813
8.74766503167
7.67870033145
6.74035855699
5.91668027314
5.19365503136
4.55898376245
4.00186995968
3.51283624132
3.08356325156
2.70674820414
2.37598068746
2.08563363258
1.83076759734
1.60704674267
1.41066507432
1.23828169654
1.08696397714
0.954137657377
0.83754305827
0.735196638403
0.645355299242
0.566492809134
0.497267473309
0.436501642668
0.383161542804
0.336339731117
0.295239658606
0.259162118213
0.227493349191
0.227493349191
19.1709737336341
