Time S E I R
0 255 0 0 0
1 243.4329 11.5671 0 0
2 226.069708713 22.8524242174 5.69910870584 0.378758363632
3 193.580246925 40.8546272354 18.6313236307 1.93380220923
4 140.128347428 66.7933929734 42.2485906236 5.82966897517
5 76.3889035834 88.1053039719 76.9472708898 13.5585215551
6 27.4931941573 87.5552927665 113.865969526 26.08554355
7 3.69056222722 68.1317552081 140.332980471 42.8447020933
8 1.0350661177 40.2877330847 151.61709874 62.060102057
9 0.280484781475 23.2333610148 149.686835702 81.7993185016
10 0.0798722825453 13.2306004049 140.902811338 100.786715974
11 0.0249048578079 7.49206843016 129.082469462 118.40055725
12 0.00864184747607 4.23191046509 116.36107335 134.398374338
13 0.00334499130835 2.38762096685 103.864741628 148.744292415
14 0.0014376184881 1.34630779992 92.1441455067 161.508109076
15 0.000680675860934 0.758914224214 81.4318269987 172.808578102
16 0.00035184294336 0.427728833431 71.7894653591 182.782453965
17 0.00019674373749 0.241049198022 63.1906305767 191.568123482
18 0.000117979976039 0.135838854697 55.5666287271 199.297414439
19 7.52625246605e-05 0.0765486806194 48.8314965077 206.09187955
20 5.07058979622e-05 0.0431386672983 42.8953019063 212.061508721
21 3.58434930661e-05 0.0243116403995 37.670931007 217.30472151
22 2.64315746676e-05 0.013702361858 33.0773316707 221.908939537
23 2.02288406399e-05 0.00772349253019 29.0407630779 225.951493202
24 1.59955632171e-05 0.0043542095689 25.4950471798 229.500582616
25 1.30161842549e-05 0.00245539654489 22.3812674098 232.616264178
26 1.08618062313e-05 0.00138505000564 19.6472324313 235.351371657
27 9.26656932165e-06 0.000781568968129 17.2468663758 237.752342789
28 8.06052301527e-06 0.000441261058083 15.1395843144 239.859966364
29 7.13191150226e-06 0.000249315419959 13.2896779334 241.710065619
30 6.40536131868e-06 0.000141017109153 11.6657557984 243.334096779
31 5.82885081712e-06 7.98866161344e-05 10.2402362228 244.759678062
32 5.36571181442e-06 4.53590383884e-05 8.98889320622 246.011056069
33 4.98959548167e-06 2.58399190102e-05 7.89045284312 247.109516327
34 4.68123130304e-06 1.47913802334e-05 6.92623622307 248.073744304
35 4.42629524855e-06 8.52612777297e-06 6.0798443759 248.920142671
36 4.21398030426e-06 4.96401849076e-06 5.33688081885 249.663110002
37 4.03602012966e-06 2.93114458012e-06 4.68470750281 250.315285529
38 3.88601148416e-06 1.76469934847e-06 4.11223029698 250.887764051
39 3.75893591809e-06 1.09020053941e-06 3.60971052694 251.390284623
40 3.6508185417e-06 6.95871244075e-07 3.16859945244 251.8313962
41 3.55847916467e-06 4.61792874768e-07 2.7813929212 252.218603058
42 3.47935059608e-06 3.19938946295e-07 2.4415037555 252.558492445
43 3.41134310133e-06 2.31622085506e-07 2.14314971712 252.85684664
44 3.35274268082e-06 1.74761885593e-07 1.88125515405 253.118741319
45 3.30213356392e-06 1.36692924799e-07 1.65136466093 253.348631901
46 3.25833900661e-06 1.10099102779e-07 1.4495672875 253.550429345
47 3.22037510614e-06 9.07128897937e-08 1.27243000726 253.727566683
48 3.18741527394e-06 7.60114771843e-08 1.11693931543 253.883057422
49 3.1587613023e-06 6.44764346893e-08 0.980449963218 254.019546814
50 3.13382125228e-06 5.51722073659e-08 0.860639956566 254.139356855
51 3.11209129222e-06 4.75052594145e-08 0.755471053899 254.244525787
52 3.09314057745e-06 4.10853925196e-08 0.663152147356 254.336844719
53 3.07660081944e-06 3.56470086895e-08 0.582114849444 254.417882039
54 3.06215517298e-06 3.10008437934e-08 0.510980475136 254.489016432
55 3.04953064756e-06 2.70071255818e-08 0.44853889419 254.55145803
56 3.03849179772e-06 2.35589210222e-08 0.393727823595 254.606269115
57 3.0288348114e-06 2.05719568427e-08 0.345614795968 254.654382155
58 3.02038327504e-06 1.79782009423e-08 0.30338129562 254.696615666
59 3.01298405248e-06 1.57216936921e-08 0.266308833208 254.733688138
60 3.00650393115e-06 1.37557435723e-08 0.233766722067 254.766230258
60 3.00650393115e-06 1.37557435723e-08 0.233766722067 254.766230258
