Time S E I R
0 255 0 0 0
1 243.4329 11.5671 0 0
2 229.619012825 19.9005746971 5.12135227708 0.35906020096
3 210.97282673 28.1429012776 14.2381737514 1.6460982413
4 185.777952495 37.5946407186 27.2593456232 4.3680611635
5 154.99116428 46.7125529039 44.2538185977 9.0424642189
6 120.829244614 53.8729573888 64.1701490499 16.1276489477
7 86.1554105352 58.0141033385 84.9482497153 25.8822364115
8 55.280242708 57.2923297703 104.156940675 38.2704868476
9 33.2642133002 49.5892507096 119.228993839 52.9175421521
10 19.1749767718 38.9122157507 127.806058406 69.1067490725
11 10.8995039603 28.3243300303 129.806025737 85.9701402736
12 6.25231528766 19.5387560213 126.483208142 102.725720551
13 3.69712237418 12.9701686716 119.540907216 118.79180174
14 2.16929388841 8.50307759112 110.525822387 133.801806136
15 1.23747107208 5.54107060667 100.651348817 147.570109507
16 0.765556766955 3.49863286809 90.696305855 160.039504513
17 0.456542094372 2.22659231789 81.0872674104 171.22959818
18 0.307580764941 1.37456030335 72.1114558623 181.206403072
19 0.217063155729 0.847488968537 63.8750254975 190.060422381
20 0.153591639732 0.529939468263 56.4245453107 197.891923584
21 0.096163671811 0.349059680969 49.7514757144 204.803300936
22 0.0587586458683 0.230201287222 43.8173655129 210.893674557
23 0.0204424379935 0.165913793255 38.558389414 216.255254358
24 0.0037741606597 0.109487720957 33.9145519877 220.972186134
25 0.00335389765476 0.0619909914571 29.814748752 225.119906362
26 0.00302335939807 0.0351688888864 26.1966054458 228.765202309
27 0.00275997446448 0.0200094768925 23.0096796901 231.967550862
28 0.00254765120314 0.0114316980401 20.2060243358 234.779996318
29 0.00237472356795 0.00657010161323 17.7414822812 237.249572897
30 0.00223260083362 0.00380852081481 15.5761354535 239.417823428
31 0.00211485817755 0.00223456920975 13.6742776699 241.321372906
32 0.00201662354473 0.00133310559804 12.0041879192 242.992462355
33 0.00193415575578 0.000813318207973 10.5378158564 244.459436673
34 0.00186454658825 0.000510767524057 9.25042285288 245.747201836
35 0.00180550957498 0.000332334553964 8.12022628555 246.877635873
36 0.0017552283519 0.000225199808112 7.12806738641 247.869952188
37 0.00171224613652 0.000159333060367 6.25710703807 248.741021385
38 0.00167538420664 0.000117605469956 5.49255160616 249.505655406
39 0.00164368107906 9.0202855485e-05 4.82140824443 250.176857873
40 0.00161634663695 7.14667493279e-05 4.23226782371 250.766044364
41 0.00159272717352 5.81063737943e-05 3.71511309866 251.283236069
42 0.00157227849178 4.81851794978e-05 3.26114958699 251.737229951
43 0.00155454500964 4.05453297477e-05 2.86265670157 252.13574821
44 0.00153914338483 3.44800482097e-05 2.51285683912 252.485569539
45 0.00152574957244 2.95464335265e-05 2.20580033232 252.792644373
46 0.00151408851391 2.54580182171e-05 1.9362643842 253.062196071
47 0.00150392585843 2.20227059372e-05 1.69966430874 253.298809744
48 0.00149506126783 1.91066131333e-05 1.49197559241 253.506510241
49 0.00148732296549 1.66127613429e-05 1.3096654649 253.688830601
50 0.00148056326867 1.44683318423e-05 1.1496328232 253.848872147
51 0.00147465490451 1.26168947e-05 1.00915549165 253.989357238
52 0.00146948795526 1.10135569488e-05 0.885843923581 254.112675576
53 0.00146496731128 9.62184635782e-06 0.777600558626 254.220924853
54 0.00146101045203 8.41161369805e-06 0.682582184564 254.315948394
55 0.00145754591586 7.35771295848e-06 0.59917469375 254.399360403
56 0.00145451150343 6.43888280837e-06 0.525959247263 254.472579803
57 0.00145185309188 5.63704821055e-06 0.461690447917 254.536852063
58 0.00144952353295 4.93675560958e-06 0.405275048955 254.593270492
59 0.00144748171829 4.32473611655e-06 0.355753395475 254.642794799
60 0.00144569177624 3.78955770924e-06 0.312283100106 254.686267419
60 0.00144569177624 3.78955770924e-06 0.312283100106 254.686267419
