Time S E I R
0 255 0 0 0
1 243.4329 11.5671 0 0
2 222.278516728 26.0238384237 6.29880868686 0.398836161517
3 173.238247344 55.8865005048 23.6251871693 2.2500649817
4 91.3769507 96.9484956941 59.1810311341 7.49352247205
5 22.1963675512 107.910688725 106.554236224 18.3387074997
6 4.04773514878 73.7187466861 142.403833103 34.8296850621
7 0.532650615026 43.9725514349 156.012231761 54.482566189
8 0.065028610539 25.0923785094 154.977059634 74.8655332455
9 0.0085264298221 14.1733228667 146.26525327 94.5528974329
10 0.00129050937923 7.98870210435 134.1605099 112.849497486
11 0.000231907295671 4.50068775182 121.016615382 129.482464959
12 4.97185347115e-05 2.53531659186 108.059384713 144.405248977
13 1.26274364618e-05 1.42814317121 95.88580088 157.686043322
14 3.75201432234e-06 0.804464945999 84.7493456737 169.446185629
15 1.28530825805e-06 0.453147784635 74.7200232423 179.826827689
16 5.00216941646e-07 0.255253872287 65.7733678734 188.971377755
17 2.18061217083e-07 0.143782246538 57.8395063198 197.016711216
18 1.0510092352e-07 0.0809915424771 50.8298414394 204.089166913
19 5.53547181426e-08 0.0456231192361 44.6512445117 210.303132314
20 3.15201589274e-08 0.0257001052823 39.2132992676 215.761000596
21 1.92233926555e-08 0.0144774380632 34.4317802762 220.553742267
22 1.24526593481e-08 0.0081554772515 30.2300080414 224.761836469
23 8.50587866807e-09 0.00459437015699 26.539136576 228.456269045
24 6.08702066529e-09 0.00258845101142 23.2978622692 231.699549273
25 4.53772486253e-09 0.00145840306566 20.4518710132 234.546670579
26 3.50627260559e-09 0.000821701926233 17.9532058261 237.045972468
27 2.79601408693e-09 0.000462967863612 15.7596235821 239.239913447
28 2.29209717872e-09 0.000260848098906 13.8339556624 241.165783487
29 1.92520133169e-09 0.000146968808505 12.143526126 242.856326903
30 1.65184133039e-09 8.28063558091e-05 10.659624266 244.340292926
31 1.44407863445e-09 4.66555707944e-05 9.35703220234 245.642921141
32 1.28335386762e-09 2.62872436154e-05 8.21360489835 246.786368813
33 1.15707621262e-09 1.48111490623e-05 7.20989851021 247.790086677
34 1.05652020466e-09 8.34517017118e-06 6.32884246885 248.671149184
35 9.7548991107e-10 4.70202747591e-06 5.55545068516 249.444544611
36 9.09437858354e-10 2.64935238223e-06 4.87656751197 250.123429837
37 8.55209236761e-10 1.49279582558e-06 4.28064444878 250.719354057
38 8.10246092442e-10 8.41142177413e-07 3.75754396398 251.242455193
39 7.72729435994e-10 4.73968979911e-07 3.29836719482 251.701632329
40 7.41238181945e-10 2.67083256826e-07 2.89530264896 252.104697082
41 7.14607040209e-10 1.50510458869e-07 2.54149336466 252.458506483
42 6.92040202921e-10 8.4824350695e-08 2.2309202872 252.769079626
43 6.72883970765e-10 4.78106050124e-08 1.95829988732 253.041700063
44 6.56484644423e-10 2.6952685942e-08 1.7189942855 253.281005686
45 6.42387476546e-10 1.51981576111e-08 1.50893235616 253.491067627
46 6.30251406619e-10 8.57328780218e-09 1.32454047138 253.675459518
47 6.19849060968e-10 4.83902498305e-09 1.16268170691 253.837318286
48 6.10782535659e-10 2.73372363233e-09 1.02060247675 253.979397518
49 6.02966565566e-10 1.5464637886e-09 0.895885688811 254.104114307
50 5.96173777012e-10 8.76640024618e-10 0.786409624783 254.213590372
51 5.90262061451e-10 4.98322903326e-10 0.690309923457 254.309690074
52 5.85146153753e-10 2.84615583241e-10 0.605953852238 254.394046145
53 5.80683945373e-10 1.63715874759e-10 0.531906274471 254.468093723
54 5.7681859289e-10 9.51715597369e-11 0.466907494199 254.533092503
55 5.73436409468e-10 5.61800419507e-11 0.409851722865 254.590148274
56 5.70508973396e-10 3.38875215303e-11 0.359768304105 254.640231693
57 5.67979441257e-10 2.1045152133e-11 0.315805200123 254.684194797
58 5.65648861084e-10 1.35638499429e-11 0.277214496041 254.722785501
59 5.63716184843e-10 9.1346722189e-12 0.243339675625 254.756660321
60 5.61954038858e-10 6.45250331352e-12 0.213604451917 254.786395545
60 5.61954038858e-10 6.45250331352e-12 0.213604451917 254.786395545
