Time S E I R
0 255 0 0 0
1 243.4329 11.5671 0 0
2 230.372439994 19.2765328622 4.99628163663 0.354745506943
3 214.377970039 25.6840456697 13.3516237646 1.58636052697
4 194.48172949 32.0664887374 24.3728688809 4.07891289227
5 171.589990663 37.4971082076 37.7532482312 8.1596528984
6 146.560460793 41.7100235749 52.647755237 14.0817603948
7 119.760362532 45.2459565962 68.0155387556 21.9781421156
8 92.9929819892 47.1136069307 83.0295420413 31.8638690382
9 70.3258404782 44.4827485839 96.5681032941 43.6233076433
10 52.0800794953 39.2721252345 106.718315656 56.9294796139
11 38.1113582127 32.871551861 112.731648217 71.2854417086
12 27.7928727585 26.3906105175 114.665267783 86.1512489403
13 20.3757852499 20.4909246154 113.10221653 101.031073604
14 15.0051399432 15.6259943481 108.84746769 115.521398018
15 11.1543690594 11.7430065885 102.772860316 129.329764035
16 8.50811867967 8.62226351947 95.6018124652 142.267805335
17 6.59715543571 6.31367633345 87.8610116825 154.228156548
18 5.26413426344 4.56471553733 80.003256255 165.167893944
19 4.29415333487 3.3043146336 72.3102442236 175.091287808
20 3.57050139471 2.40945590459 64.9858173712 184.03422533
21 3.01120415607 1.78476940919 58.1505814985 192.053444937
22 2.58699072114 1.32966518402 51.8660272463 199.217316849
23 2.24690212527 1.01219236811 46.1423160428 205.598589464
24 1.99175857581 0.765640385965 40.9724280352 211.270173003
25 1.78899098769 0.586904943538 36.3220390922 216.302064977
26 1.61833147995 0.463590407291 32.1581699108 220.759908202
27 1.47540227604 0.373800304276 28.4458942661 224.704903154
28 1.36193453037 0.299549408076 25.1452141579 228.193301904
29 1.27447013056 0.236173394092 22.2134204041 231.275936072
30 1.18890715198 0.202005780486 19.6108326093 233.998254459
31 1.1249935263 0.164008025066 17.3096168645 236.401381585
32 1.06825674133 0.137663139451 15.272018658 238.522061462
33 1.01900868416 0.117177297422 13.4709402624 240.392873757
34 0.973915560188 0.102995909061 11.8801773273 242.042911204
35 0.93996815531 0.0851257704912 10.4768320747 243.498074
36 0.902043638176 0.0800482837224 9.23674150791 244.781166571
37 0.875853578027 0.0663452632853 8.14527574712 245.912525412
38 0.850545430384 0.0584504770393 7.18093968165 246.910064411
39 0.82170998019 0.0581362732665 6.33065713447 247.789496612
40 0.799058332295 0.0523104101585 5.58364271607 248.564988541
41 0.780196834091 0.0456765691141 4.92512650739 249.249000089
42 0.762735163971 0.040906486447 4.34403315452 249.852325195
43 0.746656852355 0.0371498608225 3.83171033336 250.384482953
44 0.733676661279 0.0322039954087 3.38020981771 250.853909525
45 0.725622933638 0.0247177821979 2.98165524046 251.268004043
46 0.718340624474 0.0199175550245 2.62857903027 251.63316279
47 0.701729373903 0.0267063107572 2.31653987775 251.955024437
48 0.697754199098 0.0180500847986 2.04524676948 252.238948946
49 0.690265575291 0.0168059007134 1.8034708448 252.489457679
50 0.681221112885 0.0177693212063 1.59063082485 252.710378741
51 0.678569259332 0.0120153397072 1.40410098084 252.90531442
52 0.668138443472 0.0166311483664 1.23794947877 253.077280929
53 0.664112232984 0.0129013305569 1.09390939134 253.229077045
54 0.656332968098 0.0146134835176 0.965896277804 253.36315727
55 0.648778829469 0.0154079329506 0.854170953307 253.481642284
56 0.645419139578 0.0117085999889 0.756376727923 253.586495532
57 0.642221960211 0.00950170588096 0.668990269092 253.679286064
58 0.63716855857 0.0101497187672 0.59135135474 253.761330367
59 0.636243990942 0.00641753189623 0.523433814574 253.833904662
60 0.627427696288 0.0122329872314 0.462271574116 253.898067742
60 0.627427696288 0.0122329872314 0.462271574116 253.898067742
