Time S E I R
0 255 0 0 0
1 243.4329 11.5671 0 0
2 230.570783747 19.1124172972 4.96319771425 0.353601241314
3 215.255165625 25.0528533641 13.1212582219 1.57072278873
4 196.686240395 30.6737796024 23.635685409 4.00429459338
5 175.787430528 35.1705509865 36.1076836923 7.93433479258
6 153.219502523 38.5114927627 49.7077550831 13.5612496305
7 128.939139528 41.5293971571 63.5550163424 20.976446972
8 104.220907369 43.4809154066 77.1147363821 30.1834408422
9 82.6918315274 41.6010367352 89.6093922279 41.0977395094
10 64.5841878825 37.5741093854 99.3776286991 53.464074033
11 49.9321111939 32.4569520519 105.732935572 66.8780011826
12 38.4237406634 27.0734998761 108.614864526 80.887894935
13 29.6141393285 21.9371523691 108.385547168 95.0631611345
14 22.8661588534 17.4849606288 105.613986138 109.03489438
15 17.7702486391 13.7311840679 100.981524439 122.517042854
16 14.058308612 10.5460149595 95.0885526914 135.307123737
17 11.2677589668 8.06000342089 88.4004486853 147.271788927
18 9.22193826544 6.08511036333 81.3555730505 158.337378321
19 7.6806098724 4.59083148338 74.2508891998 168.477669445
20 6.5003888528 3.47782684705 67.3206258983 177.701158402
21 5.57573314368 2.66163991702 60.7210435093 186.04158343
22 4.85788069275 2.04472145807 54.5484434482 193.548954401
23 4.28055846636 1.59367519014 48.843807254 200.281959089
24 3.83248769939 1.23855868374 43.6258299204 206.303123696
25 3.47186407397 0.972276691389 38.8807575121 211.675101722
26 3.17119415538 0.778690771281 34.5915717178 216.458543355
27 2.92046928601 0.632592981735 30.7354548158 220.711482916
28 2.71706263326 0.513174875225 27.2813825577 224.488379933
29 2.55413885599 0.413450581891 24.1931593805 227.839251181
30 2.40494324412 0.34989499563 21.4356846158 230.809477144
31 2.28708720328 0.288038305648 18.9842725085 233.440601982
32 2.1844284439 0.242205529739 16.8032399187 235.770126107
33 2.09592671303 0.205712341428 14.8667602017 237.831600743
34 2.0171562116 0.178306782981 13.1493209401 239.655216065
35 1.95421742635 0.149451145719 11.628300182 241.268031246
36 1.89126436143 0.135194073972 10.2795162858 242.694025279
37 1.84340534999 0.113783887193 9.08811798996 243.954692773
38 1.79929344312 0.0993838825118 8.03225517762 245.069067497
39 1.75410642926 0.0935532101778 7.0984103143 246.053930047
40 1.71720519354 0.0830322951572 6.27530900451 246.924453508
41 1.68590266124 0.0723873624378 5.54767099854 247.694038979
42 1.65756265882 0.064176996767 4.90390571186 248.374354634
43 1.63195973255 0.0574594621373 4.33485377001 248.975727037
44 1.61062978253 0.0499578034955 3.83207760482 249.507334811
45 1.59524844885 0.0402592887932 3.38723500666 249.977257258
46 1.58153106174 0.0335380886771 2.99241903289 250.392511819
47 1.55926577332 0.0386542730743 2.64277709261 250.759302863
48 1.5503167865 0.0285418774588 2.3376369731 251.083504365
49 1.53844850645 0.0260280434337 2.06541936395 251.370104088
50 1.52554703129 0.0258811194261 1.82521926241 251.623352589
51 1.51949544521 0.0191559834688 1.61411438786 251.847234186
52 1.50606678453 0.022920740617 1.4259022637 252.045110214
53 1.49939537765 0.018444997469 1.26206884624 252.220090781
54 1.48927975559 0.0195033574048 1.11630578556 252.374911104
55 1.47966096687 0.0197241041171 0.988670229632 252.511944702
56 1.47447430163 0.0155218866812 0.876621212549 252.633382602
57 1.46965989278 0.0128730267147 0.776468512442 252.740998571
58 1.46317558477 0.0131311323703 0.687400215115 252.836293071
59 1.46098441678 0.00905505672335 0.609253056573 252.920707473
60 1.45104708072 0.014566678445 0.538937678817 252.995448565
60 1.45104708072 0.014566678445 0.538937678817 252.995448565
