Time S E I R
0 255 0 0 0
1 243.4329 11.5671 0 0
2 230.788310227 18.9324998773 4.92684945701 0.352340439115
3 216.207668674 24.3685862141 12.8701308336 1.55361427895
4 199.059264543 29.1788258573 22.8386988023 3.92321079779
5 180.289404619 32.6808481261 34.3388364245 7.69091083056
6 160.395890826 35.0552701028 46.5481026062 13.0007364651
7 138.9871948 37.3936275762 58.7222126824 19.8969649415
8 116.86357478 39.1896898007 70.5847109619 28.3620244577
9 97.197981631 37.7913601245 81.6815395412 38.3291187038
10 80.0244015546 34.7479834599 90.6264510286 49.6011639574
11 65.4009567956 30.8707959286 96.8690423031 61.8592049732
12 53.2093385944 26.7197047064 100.326548633 74.7444080666
13 43.262194159 22.6144366005 101.215933967 87.9074352739
14 35.1620900535 18.8989575294 99.9018228116 101.037129606
15 28.6742337521 15.5853538512 96.8623418252 113.878070572
16 23.6427169153 12.5901470499 92.532949838 126.234186197
17 19.6673725068 10.1073662869 87.2649549199 137.960306287
18 16.5912317201 8.01655638601 81.4328332657 148.959378629
19 14.1731773795 6.34050078204 75.3100606795 159.17626116
20 12.2559373563 5.01943505028 69.1352230134 168.589404581
21 10.7155837461 3.99443098558 63.0857099433 177.204275326
22 9.48450467908 3.18257637384 57.2869524185 185.04596653
23 8.4794232782 2.5572765987 51.8110715603 192.152228564
24 7.67411529752 2.05084244218 46.706404749 198.568637512
25 7.01441888881 1.65548584538 41.9855455459 204.344549721
26 6.46250428759 1.35314015865 37.6538458482 209.530509707
27 5.99986528245 1.11612883374 33.7069094944 214.177096391
28 5.61698721182 0.92103429491 30.128492526 218.333485969
29 5.30148349912 0.758400788073 26.8940050446 222.04611067
30 5.02209825633 0.642523203708 23.9772929885 225.358085553
31 4.79272334469 0.537108308585 21.3604319181 228.30973643
32 4.59422225752 0.454909702743 19.012769349 230.938098692
33 4.42308677223 0.387962607862 16.9121298729 233.276820748
34 4.27285889518 0.334965423933 15.0355825198 235.356593162
35 4.14795580945 0.2845265029 13.3622618487 237.20525584
36 4.03114015888 0.251993080839 11.8691123221 238.847754439
37 3.93635093934 0.215052133322 10.541932416 240.306664512
38 3.85126521457 0.187403776739 9.35916968212 241.602161327
39 3.77024035373 0.170229904306 8.30734192708 242.752187815
40 3.701936564 0.149968255746 7.37502403461 243.773071146
41 3.64307194761 0.13093399552 6.54665611226 244.679337945
42 3.59050796801 0.115474800283 5.81027797998 245.483739252
43 3.54358944732 0.102475546227 5.15630280323 246.197632203
44 3.50348210722 0.0895166026896 4.57583332987 246.83116796
45 3.47154314671 0.0750657140701 4.06005376028 247.393337379
46 3.44321527084 0.0641950757662 3.60058212876 247.892007525
47 3.40805124993 0.0656794562254 3.19209842247 248.334170872
48 3.38770375467 0.0523872613551 2.83347943247 248.726429552
49 3.3657531385 0.0470865983102 2.5127180394 249.074442224
50 3.34393210495 0.0444905142661 2.2285015164 249.383075865
51 3.32998379593 0.0356123171823 1.97752427008 249.656879617
52 3.30956095785 0.0374814312212 1.75322620762 249.899731404
53 3.2966917444 0.031335798724 1.55675965928 250.115212798
54 3.2810792313 0.0309232301163 1.38150876579 250.306488773
55 3.26658324703 0.0298467734347 1.22724598435 250.476323995
56 3.25706471667 0.0245014001934 1.09116882577 250.627265057
57 3.24840150303 0.0208430681789 0.969346806283 250.761408622
58 3.23849864776 0.0202070044985 0.86074638659 250.880547961
59 3.23327009548 0.0153389424637 0.765001392596 250.986389569
60 3.22063408509 0.0201479961975 0.678838320635 251.080379598
60 3.22063408509 0.0201479961975 0.678838320635 251.080379598
