Time S E I R
0 255 0 0 0
1 243.4329 11.5671 0 0
2 231.36121202 18.4590911682 4.83069542715 0.349001385097
3 218.667476442 22.6073601672 12.216386562 1.50877682917
4 205.074291724 25.4128739902 20.7993045378 3.71352974794
5 191.570079235 26.4851809034 29.8754576078 7.06928225329
6 178.387700771 26.4050308719 38.62488988 11.5823784767
7 164.591776814 26.6980743085 46.5353319257 17.1748169516
8 150.225948523 27.2584740526 53.7648796369 23.7506977874
9 137.653158094 25.6958076471 60.4202337711 31.2308004873
10 126.376169023 23.4903280274 65.6541910716 39.4793118778
11 116.135791041 21.2467826276 69.3169584192 48.3004679123
12 106.749766432 19.2167393683 71.5347721389 57.4987220611
13 98.1586221457 17.4032610464 72.5359642905 66.9021525177
14 90.2076909639 15.8878206797 72.5369572404 76.3675311163
15 82.9323838086 14.5161928862 71.7704637165 85.780959589
16 76.4452676174 13.1141226696 70.3877558642 95.0528538491
17 70.5923010077 11.8423104392 68.4581065838 104.10728197
18 65.4020748589 10.6077465119 66.1085718582 112.881606772
19 60.777925302 9.47982691428 63.4161408615 121.326106923
20 56.6610401911 8.45975695268 60.4766650263 129.402537831
21 52.9922076466 7.54832803783 57.375040865 137.084423452
22 49.7431537338 6.71530174566 54.1858708248 144.355673697
23 46.8532869478 5.97619980054 50.9621081082 151.208405145
24 44.3058278974 5.29696193773 47.755586502 157.641623664
25 42.0488403193 4.69411072946 44.5974174611 163.659631491
26 40.0407272979 4.16774606181 41.5205519042 169.270974737
27 38.2556814375 3.70305002622 38.5530794047 174.488189132
28 36.6752548786 3.2850498459 35.7129259972 179.326769279
29 35.277557085 2.90944174168 33.0090780076 183.803923166
30 34.0217142666 2.59349516918 30.4469936913 187.937796873
31 32.9118646452 2.30269488502 28.037754553 191.747685917
32 31.9199225423 2.05016643951 25.7767174209 195.253193598
33 31.0339236157 1.82778166806 23.6645728057 198.473721911
34 30.2396245946 1.63363304092 21.6982422458 201.428500119
35 29.5343195994 1.45548581176 19.8738898146 204.136304775
36 28.8943801886 1.30765362358 18.182899872 206.615066317
37 28.3278958995 1.16683619838 16.623195132 208.882072771
38 27.8173451253 1.04567723205 15.1833202262 210.953657417
39 27.3524111293 0.944371310247 13.8580998021 212.845117759
40 26.937512877 0.848472764794 12.6428978231 214.571116536
41 26.565588719 0.761445413 11.527651339 216.14531453
42 26.2301456042 0.684837494009 10.5047783844 217.580238518
43 25.927522547 0.616820229654 9.56812827064 218.887528953
44 25.6561852412 0.554340474519 8.71145870781 220.078015577
45 25.4150762005 0.495292461773 7.92796096163 221.161670377
46 25.1974910293 0.444222489545 7.21071964945 222.147566833
47 24.9910578513 0.409442416348 6.55543485245 223.044064881
48 24.8156482188 0.363454250625 5.96165425836 223.859243273
49 24.6532551397 0.328664120593 5.41777387617 224.600306864
50 24.5042249009 0.299436749862 4.92263378729 225.273704562
51 24.3750144577 0.266511609337 4.47289914422 225.885574789
52 24.2501357875 0.246650890951 4.0618416167 226.441371705
53 24.142581565 0.220867999046 3.69032748915 226.946222947
54 24.0411090213 0.202710220245 3.35138323021 227.404797528
55 23.9487417617 0.185589202864 3.04435620484 227.82131283
56 23.8685671335 0.165742594696 2.76598020723 228.199710064
57 23.7957861766 0.148963443976 2.51183216332 228.543418216
58 23.7277060128 0.136437356869 2.28035983417 228.855496796
59 23.6696833539 0.120795377531 2.07067108627 229.138850182
60 23.6091381457 0.115835166386 1.87897228027 229.396054407
60 23.6091381457 0.115835166386 1.87897228027 229.396054407
