0
0
5.14447726411
14.4047648294
27.8096216442
45.4985847313
66.344984061
88.0162777515
107.715636136
122.648871906
130.529266788
131.55094635
127.245562442
119.484612789
109.872087181
99.6095706263
89.435188222
79.7305029743
70.7434838739
62.5498153794
55.1740539038
48.5924720929
42.7455307645
37.5737191369
33.0116285202
28.9943997572
25.4609116322
22.3551403783
19.6265773257
17.2301236327
15.1257544935
13.2780941381
11.6559569535
10.2318898884
8.98175002949
7.88431921943
6.92095751635
6.07529432465
5.33295461675
4.68131710289
4.10930109389
3.60717891883
3.16641098408
2.77950082609
2.43986778278
2.1417351696
1.88003208796
1.65030721328
1.44865310626
1.27163976598
1.11625629812
0.979859708227
0.860129950399
0.755030467534
0.662771584162
0.581786198947
0.510696717276
0.448293953091
0.393516440715
0.345432420424
0.303223989269
0.303223989269
7.65358368361456
