Time S E I R
0 255 0 0 0
1 243.4329 11.5671 0 0
2 226.378435187 22.5949460419 5.64953610795 0.37708266328
3 195.169409521 39.6855128627 18.2366675361 1.90841008013
4 144.251967483 64.1688057361 40.8818412397 5.69738554117
5 82.5200976696 85.1662253677 74.1581355291 13.1555414336
6 32.6378654057 86.745858393 110.358620593 25.2576556087
7 6.2803370541 69.603330111 137.524435134 41.5918977009
8 1.90443755362 42.3669062374 150.198333199 60.5303230101
9 0.552707069942 24.8348145381 149.44635753 80.1661208619
10 0.166866869212 14.2659008017 141.39287726 99.1743550686
11 0.0546850813655 8.11646814042 129.949141272 116.879705506
12 0.0198006493308 4.59708922002 117.380823328 133.002286803
13 0.00795056272958 2.59807804392 104.910181746 147.483789647
14 0.00352737898729 1.46668922319 93.1481165412 160.381666856
15 0.00171697320835 0.827494433896 82.3623626207 171.808425972
16 0.00090919996984 0.466710931067 72.6343132283 181.89806664
17 0.000519257416698 0.26318038117 63.9481555085 190.788144852
18 0.000317190775831 0.148396199471 56.2406163461 198.610670263
19 0.000205649879007 0.0836730619354 49.4282452307 205.487876057
20 0.000140532916646 0.047181943187 43.4220350529 211.53064247
21 0.000100587092277 0.0266079144363 38.1349472072 216.83834429
22 7.49899292316e-05 0.0150078743457 33.4855818091 221.499335325
23 5.79453345608e-05 0.00846700673288 29.3996581963 225.59181685
24 4.62065508486e-05 0.00477862601877 25.8103869735 229.184788192
25 3.78788464559e-05 0.00269847940419 22.6582440286 232.339019611
26 3.18150365217e-05 0.00152494072747 19.8904618384 235.107981404
27 2.72974690461e-05 0.000862579969447 17.4604302967 237.538679824
28 2.38636816619e-05 0.000488577799592 15.3270837936 239.672403763
29 2.12073165926e-05 0.000277273439613 13.454284262 241.545417255
30 1.91203617987e-05 0.000157792542998 11.8102585977 243.189564487
31 1.7458370877e-05 9.01552250356e-05 10.3670875676 244.632804816
32 1.61189591097e-05 5.18044487005e-05 9.10024744208 245.899684632
33 1.50281792344e-05 3.00098076798e-05 7.98820215398 247.011752806
34 1.41316950248e-05 1.75840351494e-05 7.01204220249 247.98792608
35 1.33889435574e-05 1.04673525268e-05 6.15516593917 248.844810203
36 1.27691995999e-05 6.36501789579e-06 5.40299881754 249.596982047
37 1.22488756062e-05 3.97876921688e-06 4.74274639606 250.257237375
38 1.1809638778e-05 2.57319284809e-06 4.16317721157 250.836808404
39 1.14370772906e-05 1.73099548867e-06 3.65443200941 251.345554821
40 1.11197421404e-05 1.214838115e-06 3.20785618635 251.792131478
41 1.0848450529e-05 8.89295099242e-07 2.81585265307 252.184135608
42 1.06157714868e-05 6.76746902486e-07 2.47175264532 252.528236061
43 1.04156427767e-05 5.32431076967e-07 2.16970230428 252.830286746
44 1.02430819027e-05 4.30314736088e-07 1.90456310686 253.095426218
45 1.00939659831e-05 3.55083153298e-07 1.67182445788 253.328165091
46 9.96486244276e-06 2.97587865257e-07 1.46752696037 253.532462775
47 9.85289716482e-06 2.52253618609e-07 1.28819506058 253.711794832
48 9.75565154704e-06 2.15596001759e-07 1.1307779228 253.869212104
49 9.67108096006e-06 1.85370001563e-07 0.992597528775 254.007392613
50 9.59744946272e-06 1.60077823534e-07 0.871303119143 254.128687122
51 9.53327807451e-06 1.38681960373e-07 0.764831201951 254.235159125
52 9.47730106304e-06 1.20435319337e-07 0.671368507329 254.328621894
53 9.42843553275e-06 1.04782444515e-07 0.589327187888 254.410663278
54 9.38574919473e-06 9.12949247759e-08 0.517311482571 254.482679039
55 9.34843853884e-06 7.96342312601e-08 0.454096267364 254.545894303
56 9.31580953534e-06 6.95269505403e-08 0.398606098831 254.601384514
57 9.2872617472e-06 6.07484848786e-08 0.34989695733 254.650093693
58 9.26227474451e-06 5.3111891507e-08 0.307140186573 254.692850496
59 9.2403965084e-06 4.64599909223e-08 0.269608395784 254.730382315
60 9.22123450664e-06 4.06595999598e-08 0.236663084613 254.763327651
60 9.22123450664e-06 4.06595999598e-08 0.236663084613 254.763327651
