0
0
6.49655889965
25.3470669807
64.6967372509
114.159354319
147.464595445
157.848313478
154.772801334
145.012833111
132.449971296
119.16989529
106.243730651
94.1823759429
83.1923147847
73.3184707957
64.5234900086
56.7313283542
49.8508821192
43.7884141132
38.4539360548
33.7641012394
29.6432945033
26.023770579
22.845279023
20.0544823893
17.6043158184
15.4533331052
13.5650744851
11.9074914985
10.4524271984
9.17515146097
8.05394833979
7.06975117467
6.20582078562
5.44746214414
4.78177519006
4.19743582993
3.68450354622
3.23425243167
2.83902282342
2.49209104072
2.18755502566
1.92023395024
1.68558008686
1.47960144565
1.29879386415
1.14008139493
1.00076397742
0.878471504051
0.771123499468
0.676891801019
0.594175460038
0.521567231258
0.457831907359
0.401885194619
0.35277530477
0.309666762359
0.271826190864
0.238609835752
0.209452612218
0.209452612218
29.3221649022374
