Time S E I R
0 255 0 0 0
1 243.4329 11.5671 0 0
2 231.997205861 17.9342758207 4.72326385913 0.345254459474
3 221.312242077 20.724234383 11.5041339205 1.45938961946
4 211.327822125 21.5427896109 18.6417721353 3.48761612895
5 202.971738499 20.3278533896 25.2858035912 6.41460452001
6 196.249986281 17.9707772847 30.6601863462 10.1190500883
7 189.899283286 16.2452682475 34.4441920711 14.4112563958
8 183.596487693 15.2101078334 37.0782307473 19.1151737273
9 179.37051407 12.5428361888 38.9761692624 24.1104804794
10 176.50022183 9.68169461856 39.559672527 29.2584110248
11 174.491485512 7.21206424872 38.9041842749 34.3922659648
12 172.978371244 5.33469562136 37.3148946407 39.3720384938
13 171.776113868 3.97981474701 35.1429987669 44.1010726181
14 170.659048731 3.14721777958 32.670101822 48.5236316676
15 169.625816848 2.61110896721 30.1446263241 52.6184478607
16 168.787165554 2.13097504964 27.6939170527 56.3879423436
17 168.015170418 1.80943975383 25.3324343297 59.8429554985
18 167.368078518 1.51811754934 23.1146494119 62.9991545204
19 166.791404215 1.29721815012 21.0363307063 65.8750469283
20 166.268654298 1.13146135773 19.1100657577 68.4898185859
21 165.783671261 1.01188201439 17.3407068235 70.8637399004
22 165.349954379 0.903785319264 15.7288572531 73.017403048
23 164.947613553 0.821050675367 14.2608858988 74.9704498718
24 164.596701817 0.731645670848 12.9303941869 76.7412583239
25 164.280007875 0.654859910621 11.7186648503 78.3464673632
26 163.986422248 0.595563282916 10.6170160769 79.8009983911
27 163.717058597 0.544332134414 9.61975490973 81.1188543576
28 163.47753755 0.49139792901 8.71800473422 82.313059786
29 163.267453915 0.437346905154 7.89993843307 83.395260746
30 163.064792673 0.40418996644 7.15534502001 84.3756723399
31 162.889590271 0.362320466452 6.48417412534 85.2639151361
32 162.728340016 0.328630066996 5.87430902227 86.068720894
33 162.581443323 0.298783615165 5.3219320512 86.79784101
34 162.445520811 0.274147134144 4.82190199123 87.4584300631
35 162.327312507 0.245400377929 4.37023341177 88.0570537028
36 162.211602806 0.22928026126 3.95960525293 88.599511679
37 162.113564764 0.204854542103 3.59037462105 89.0912060718
38 162.022174568 0.186545467433 3.25432125302 89.5369587104
39 161.932625663 0.176294366389 2.95006526992 89.9410146994
40 161.854136482 0.161176738948 2.67717878317 90.307507995
41 161.78400507 0.145846622497 2.43001342815 90.6401348784
42 161.719535859 0.132947107491 2.20547833897 90.9420386941
43 161.660391651 0.121624013384 2.00192126001 91.2160630749
44 161.607978973 0.109662768009 1.81753440581 91.4648238527
45 161.563858536 0.0956739653099 1.64981802078 91.6906494772
46 161.523656391 0.0848249421286 1.49599774519 91.8955209207
47 161.477035028 0.0860011583029 1.35573039748 92.0812334157
48 161.445617952 0.0722411751452 1.23233609451 92.2498047777
49 161.413098664 0.066292805813 1.11775234558 92.4028561839
50 161.381231929 0.0629336306827 1.01413519243 92.5416992473
51 161.357752149 0.0532349653286 0.921258911667 92.667753973
52 161.328347539 0.0542224683035 0.835283147077 92.7821468442
53 161.307001623 0.0471982613243 0.75975909276 92.8860410219
54 161.283418981 0.0459049984741 0.690198227515 92.9804777917
55 161.261431425 0.0439695490485 0.628239572785 93.0663594521
56 161.244868796 0.0378007245328 0.572733443695 93.1445970347
57 161.229606949 0.0333398670122 0.521199973992 93.2158532085
58 161.213545663 0.0319174095743 0.473872287709 93.2806646379
59 161.202571528 0.0262930752947 0.431495466642 93.3396399281
60 161.184595137 0.0303680866604 0.391779972827 93.3932568017
60 161.184595137 0.0303680866604 0.391779972827 93.3932568017
