0
0
5.394385662
16.2560754466
34.051900406
59.5225584542
89.5649546857
117.356064462
136.592757205
144.953010631
143.530442245
135.258944656
123.987784512
111.813256142
99.8331062287
88.584806526
78.2970785415
69.0325959187
60.7681169853
53.4389595937
46.963314317
41.2552241206
36.2312354128
31.8135958902
27.9315086234
24.5214002793
21.5266520656
18.8970955207
16.5884333571
14.5616423871
12.782385496
11.2204748885
9.84938531612
8.64581797278
7.58931270322
6.66190478589
5.84782206663
5.13321820319
4.5059379983
3.95531112074
3.47197087032
3.04769499698
2.67526591911
2.34834799312
2.06137976357
1.80947937052
1.58836151049
1.3942645415
1.22388649407
1.07432890054
0.943047487785
0.827808894947
0.726652679958
0.637856002808
0.559910443565
0.491489922466
0.431430501366
0.378710438448
0.332432852329
0.291810463789
0.256152202048
0.256152202048
11.8693209048827
