Time S E I R
0 255 0 0 0
1 243.4329 11.5671 0 0
2 226.35812404 22.6118816432 5.6528012043 0.377193112792
3 195.065245579 39.762109126 18.2625666008 1.9100786948
4 143.980818063 64.3415844929 40.9715323121 5.70606513223
5 82.1098097575 85.3653557806 74.3427783039 13.1820561582
6 32.2816300389 86.8104134223 110.595393275 25.3125632637
7 6.0928277308 69.5119141488 137.719396477 41.6758616436
8 1.83804170199 42.2271198542 150.300999345 60.6338390986
9 0.530981275739 24.7237539483 149.46785909 80.2774056854
10 0.159684292926 14.1928597491 141.362693602 99.2847623556
11 0.0521583269621 8.07196532134 129.891690992 116.984185359
12 0.0188324552585 4.57089331095 117.311874951 133.098399282
13 0.00754344385771 2.58291460121 104.838853485 147.570688469
14 0.00333972077058 1.45798777549 93.0792780773 160.459394426
15 0.00162265824372 0.822524670812 82.2983719502 171.87748072
16 0.000857886646344 0.463879928654 72.576109341 181.959152843
17 0.000489268665063 0.261569991701 63.8959070791 190.84203366
18 0.000298507297003 0.147480728505 56.194094844 198.65812592
19 0.000193329544572 0.0831526710712 49.3870348667 205.529619133
20 0.000131989849081 0.0468860016347 43.3856480427 211.567333966
21 9.43946702421e-05 0.026439458754 38.1028858015 216.870580345
22 7.03225754819e-05 0.014911848247 33.4573694959 221.527648333
23 5.43044271808e-05 0.00841214674946 29.3748541552 225.616679393
24 4.32791760545e-05 0.0047471909777 25.7885916772 229.206617852
25 3.54617682774e-05 0.00268038958566 22.6390993867 232.358184761
26 2.97721456661e-05 0.00151446784571 19.8736492569 235.124806502
27 2.55350600185e-05 0.000856468777522 17.4456679168 237.553450078
28 2.23156058894e-05 0.000484973612435 15.3141228682 239.685369841
29 1.9825821937e-05 0.000275117535947 13.4429056816 241.556799373
30 1.78702734672e-05 0.000156479011676 11.8002695945 243.199556054
31 1.63133032345e-05 8.93361067738e-05 10.3583186817 244.641575667
32 1.50587918029e-05 5.12790046182e-05 9.09254977866 245.907383882
33 1.4037340577e-05 2.96615287871e-05 7.98144493069 247.018511369
34 1.31979714979e-05 1.7344759532e-05 7.00611057061 247.993858885
35 1.25026394926e-05 1.02967868927e-05 6.1499590564 248.850018143
36 1.19225340427e-05 6.23902234008e-06 5.39842814786 249.601553689
37 1.1435542973e-05 3.88263432691e-06 4.73873421256 250.261250468
38 1.10244838538e-05 2.49776612189e-06 4.15965527946 250.840331197
39 1.06758520531e-05 1.67043785617e-06 3.65134042841 251.348647224
40 1.03789215018e-05 1.16531587734e-06 3.20514237357 251.794846081
41 1.01250903128e-05 8.48210746686e-07 2.81347044966 252.186518576
42 9.90739894746e-06 6.42281916467e-07 2.46966153197 252.530327917
43 9.72017053869e-06 5.03270503573e-07 2.16786671239 252.832123063
44 9.55874003239e-06 4.05478509914e-07 1.90295181378 253.097038221
45 9.41924761833e-06 3.3382074765e-07 1.67041005598 253.32958019
46 9.29848013698e-06 2.79310968891e-07 1.46628539094 253.53370503
47 9.19374750197e-06 2.36492001907e-07 1.28710520465 253.712885364
48 9.10278606625e-06 2.01967771054e-07 1.12982124195 253.870169452
49 9.02368230982e-06 1.73560975473e-07 0.99175774984 254.008233052
50 8.95481190355e-06 1.49826824209e-07 0.870565957419 254.129424937
51 8.89479099442e-06 1.29770042073e-07 0.764184118226 254.235806856
52 8.84243527821e-06 1.12677716442e-07 0.670800494401 254.329190549
53 8.79673157783e-06 9.80222942991e-08 0.588828583773 254.41116252
54 8.7568077447e-06 8.53984715591e-08 0.516873805727 254.483117351
55 8.72191199619e-06 7.44869778411e-08 0.453712072736 254.54627913
56 8.69139520887e-06 6.50305640512e-08 0.398268851125 254.601722392
57 8.66469565608e-06 5.68182786301e-08 0.349600919845 254.650390358
58 8.64132647393e-06 4.9674755604e-08 0.306880323617 254.693110985
59 8.62086497477e-06 4.34526792646e-08 0.269380287013 254.730611048
60 8.60294386484e-06 3.80273000443e-08 0.236462849837 254.763528509
60 8.60294386484e-06 3.80273000443e-08 0.236462849837 254.763528509
