Time S E I R
0 255 0 0 0
1 243.4329 11.5671 0 0
2 231.718345903 18.1642921711 4.77045899432 0.346902931217
3 220.163986069 21.5403755839 11.8146454574 1.48099288931
4 208.642691525 23.1979678823 19.5735804133 3.58576017879
5 198.128055858 22.9266307041 27.2484187244 6.69689471288
6 188.731649581 21.4892757652 34.0337550076 10.7453196458
7 179.325344988 20.566392397 39.5225428286 15.5857197856
8 169.721063152 20.166407613 44.039578266 21.0729509684
9 162.053334012 17.9606910841 47.8836813589 27.1022935442
10 155.667057377 15.4118871469 50.3841368328 33.5369186421
11 150.148243674 13.1101150641 51.5404147323 40.2012265279
12 145.197167274 11.2698448405 51.5957011818 46.9372867019
13 140.676090469 9.84358159885 50.8567755001 53.6235524307
14 136.387992962 8.85740923565 49.5797547458 60.1748430551
15 132.348018182 8.10944173812 48.0042870509 66.5382530273
16 128.671833574 7.38117156924 46.2626492841 72.6843455707
17 125.229145635 6.79293948685 44.3844577361 78.5934571398
18 122.075585894 6.22659457498 42.4446915349 84.2531279936
19 119.150557175 5.73066819462 40.4621872458 89.6565873824
20 116.43136741 5.29464036941 38.4731676905 94.8008245279
21 113.894777252 4.91288854428 36.5053868827 99.6869473192
22 111.546737929 4.55294120317 34.5810272334 104.319293632
23 109.35936829 4.23024582169 32.7064379566 108.70394793
24 107.345089836 3.9133840374 30.8933025228 112.848223602
25 105.478977465 3.6220342352 29.139065386 116.759922912
26 103.742807026 3.36084126627 27.4492400082 120.447111698
27 102.130884992 3.12002227427 25.8304302352 123.918662497
28 100.642225527 2.88944789473 24.2843674808 127.183959096
29 99.2701198063 2.66926627886 22.808325369 130.252288544
30 97.9866786165 2.48091598886 21.3998028289 133.132602564
31 96.8065442746 2.2941139349 20.0651634524 135.834178336
32 95.7109027019 2.12529017973 18.7976398235 138.366167293
33 94.6953472413 1.96947962691 17.5977993089 140.737373821
34 93.7519462385 1.82749700986 16.4640365915 142.956520158
35 92.8831835105 1.68948757459 15.3951768964 145.032152016
36 92.06983788 1.57169270039 14.3860946972 146.97237472
37 91.3234236261 1.45264588616 13.4387859388 148.785144546
38 90.6294012967 1.34635009354 12.5462268176 150.478021789
39 89.9797886394 1.254259593 11.7078326714 152.058119093
40 89.3808068244 1.16304082236 10.9236337191 153.532518631
41 88.8269141048 1.07699224503 10.1881858511 154.907907796
42 88.3128293017 0.998366254059 9.49837207579 156.190432365
43 87.8358207824 0.925944817588 8.85231301915 157.385921377
44 87.3950577557 0.857188869793 8.24781753118 158.499935839
45 86.9900199851 0.790406789004 7.68188191575 159.537691306
46 86.6144165015 0.730470885565 7.15112898501 160.503983624
47 86.2561432087 0.685988390615 6.654529867 161.40333853
48 85.9351389423 0.629782742361 6.19466763855 162.240410673
49 85.6334960514 0.584406267629 5.76273514549 163.019362532
50 85.3515659136 0.544385803913 5.36010168261 163.743946596
51 85.0957250805 0.500614687656 4.98574023624 164.417919992
52 84.850408815 0.469935289599 4.63501327748 165.044642614
53 84.6284456948 0.433478905489 4.31066958921 165.627405807
54 84.4184337544 0.404848039566 4.00744148184 166.169276721
55 84.2232085224 0.377512574763 3.72619822579 166.673080674
56 84.0456459282 0.347757990934 3.46504101161 167.141555066
57 83.8807583743 0.321385679497 3.2207624654 167.577093478
58 83.7256626525 0.299589357864 2.99287936715 167.98186862
59 83.5854989632 0.275024897673 2.78144694358 168.358029193
60 83.4474860582 0.261489516916 2.58351224867 168.707512174
60 83.4474860582 0.261489516916 2.58351224867 168.707512174
