Time S E I R
0 255 0 0 0
1 243.4329 11.5671 0 0
2 228.757344355 20.6154413105 5.26327992259 0.363934411634
3 206.944076886 31.0674992751 15.273389746 1.71503409292
4 175.263901538 44.3143744129 30.7126717965 4.70905225298
5 135.229795706 57.6142655149 52.0590303974 10.0969083825
6 92.2540814789 66.6481464618 77.5398009149 18.5579711451
7 53.5321175853 68.0894046009 102.994982226 30.3834955883
8 25.1713949674 60.8764650317 123.688539115 45.2636008865
9 10.003622289 46.3531204715 136.307572626 62.3356846144
10 3.22801424446 31.5804053467 139.756738098 80.4348423116
11 0.66269175507 19.9311250634 135.93177668 98.4744065026
12 0.345036123693 11.4605547011 127.510804909 115.683604267
13 0.188606806409 6.57075463595 116.631321282 131.609317276
14 0.10903444712 3.75992255022 105.072187741 146.058855262
15 0.0667149557192 2.14920693714 93.7724719509 159.011606157
16 0.0430944050803 1.22812662756 83.1935157572 170.535263211
17 0.0292661725159 0.702059957648 73.5301096398 180.738564231
18 0.0207979090128 0.401763633068 64.8322162998 189.745222159
19 0.0153931904771 0.230338305379 57.0742910671 197.679977438
20 0.0118123827529 0.132421335056 50.1942158085 204.661550475
21 0.00935933067944 0.0764278403227 44.1148125799 210.79940025
22 0.00762809415232 0.0443488176231 38.7553712527 216.192651836
23 0.00637367928738 0.025922696062 34.0377010333 220.930002592
24 0.00544338109162 0.0153008775754 29.8889675509 225.090288191
25 0.00473917247606 0.00914828272312 26.2428429815 228.743269564
26 0.0041964173009 0.00556168055907 23.0397495114 231.950492391
27 0.00377141484395 0.00345307899899 20.2266053109 234.766170196
28 0.0034339426052 0.00219947137146 17.7563598732 237.238006714
29 0.00316267038761 0.00144345813554 15.5874575177 239.407936355
30 0.00294225536064 0.000979295363561 13.68327974 241.312798711
31 0.00276146436229 0.000687988500796 12.0115981361 242.984952413
32 0.00261193996795 0.000500341689133 10.5440735445 244.452814176
33 0.00248737165865 0.000375836064264 9.2558012482 245.741335546
34 0.00238292911627 0.000290533575038 8.12490309051 246.872423449
35 0.00229486829139 0.000230132742316 7.1321644679 247.865310533
36 0.00222025332414 0.000185969610277 6.26071282797 248.736880951
37 0.00215675740614 0.000152705620474 5.49573380852 249.50195673
38 0.00210251824362 0.000126984095781 4.82422111057 250.173549389
39 0.00205603181954 0.00010664462922 4.23475638131 250.763080944
40 0.00201607337453 9.02600836755e-05 3.71731566949 251.280577999
41 0.00198163797165 7.68610629078e-05 3.26309933919 251.734842164
42 0.00195189531624 6.57699924581e-05 2.86438265301 252.133599684
43 0.00192615506577 5.64997736904e-05 2.51438454419 252.483632803
44 0.0019038399401 4.86908334026e-05 2.207152382 252.790895089
45 0.00188446468854 4.20712614852e-05 1.93746079204 253.060612674
46 0.00186761949655 3.64310190993e-05 1.70072282359 253.297373128
47 0.00185295678719 3.1604857331e-05 1.49291196126 253.505203479
48 0.00184018064195 2.74607257329e-05 1.31049365934 253.687638701
49 0.00182903825777 2.38917107541e-05 1.15036523763 253.847781834
50 0.00181931300074 2.08102933751e-05 1.00980311843 253.98835676
51 0.00181081872034 1.81441653377e-05 0.886416508642 254.11175453
52 0.00180339506772 1.58331170787e-05 0.778106740015 254.220074033
53 0.00179690347528 1.38266276779e-05 0.683029627795 254.315159643
54 0.00179122436768 1.20822141345e-05 0.599570178009 254.398626516
55 0.00178625399593 1.05638278942e-05 0.526308776151 254.471894407
56 0.00178190233385 9.24080316594e-06 0.461999336732 254.536209521
57 0.00177809114984 8.08695286439e-06 0.405548002587 254.59266582
58 0.00177475238215 7.07984237989e-06 0.355994577667 254.642223591
59 0.00177182675375 6.2001966472e-06 0.312496195024 254.685725779
60 0.00176926259013 5.43141327824e-06 0.274312980296 254.723912327
60 0.00176926259013 5.43141327824e-06 0.274312980296 254.723912327
