Time S E I R
0 255 0 0 0
1 243.4329 11.5671 0 0
2 221.713945842 26.497489852 6.38681019509 0.40175411071
3 170.114194219 58.2005180516 24.387545873 2.29774185647
4 84.7660486681 100.840056987 61.6502741266 7.74362021835
5 17.3537827277 108.566612889 110.077793369 19.0018110142
6 2.7763502066 71.4769483858 144.848597087 35.8981043205
7 0.321737093139 41.9615763025 156.949215226 55.7674713786
8 0.0350807435399 23.8336327271 154.929045214 76.2022413159
9 0.00416634259417 13.4465136717 145.703484696 95.8458352906
10 0.000578232618608 7.57675505054 133.37059524 114.052071478
11 9.63137777319e-05 4.26823823235 120.155441046 130.576224409
12 1.93196744647e-05 2.40430614378 107.208833048 145.38684149
13 4.62872213802e-06 1.3543305447 95.0858739655 158.559790863
14 1.30672970045e-06 0.7628831668 84.0171363681 170.21997916
15 4.27979898632e-07 0.429724127048 74.0603722453 180.509903201
16 1.60124642434e-07 0.242059231613 65.1847975542 189.573143055
17 6.74306193105e-08 0.136349734281 57.3174930416 197.546157158
18 3.15283728014e-08 0.0768048589609 50.3685968531 204.554598258
19 1.61690820732e-08 0.0432647476353 44.2446617981 210.71207344
20 8.99430574464e-09 0.0243716080731 38.8554424879 216.120185897
21 5.37406208423e-09 0.0137291225924 34.1171142205 220.869156654
22 3.41910322277e-09 0.00773393663513 29.9534902918 225.038775771
23 2.29883312386e-09 0.00435692659311 26.2962395934 228.699403481
24 1.62245328283e-09 0.00245469640577 23.084552427 231.912992878
25 1.19487708616e-09 0.00138304085193 20.2645736165 234.734043344
26 9.13445319384e-10 0.000779240253215 17.7887658755 237.210454886
27 7.21598780729e-10 0.000439043485041 15.6152612458 239.384299713
28 5.86680926062e-10 0.000247368231264 13.7072249615 241.292527673
29 4.89279727844e-10 0.000139373712585 12.0322766903 242.967583939
30 4.17173851019e-10 7.8526934462e-05 10.5619666486 244.437954828
31 3.62689434041e-10 4.42443171789e-05 9.27130680483 245.728648954
32 3.20710569213e-10 2.49285879081e-05 8.13835433937 246.861620735
33 2.8791191653e-10 1.40455729584e-05 7.14384317142 247.856142786
34 2.61849208982e-10 7.91376514269e-06 6.27085891687 248.729133172
35 2.4098767426e-10 4.45891459413e-06 5.50455266712 249.495442877
36 2.23991492021e-10 2.51233721389e-06 4.83188923779 250.168108253
37 2.1009327611e-10 1.41556597429e-06 4.24142589628 250.758572691
38 1.98554062081e-10 7.97602556261e-07 3.72311796844 251.276881237
39 1.88975946003e-10 4.49415797343e-07 3.26814810983 251.731851444
40 1.81017867362e-10 2.53231130995e-07 2.86877638934 252.131223361
41 1.74281922227e-10 1.42690503114e-07 2.51820866416 252.481791197
42 1.68512315213e-10 8.04054544494e-08 2.21048102336 252.7895189
43 1.636522029e-10 4.53099077635e-08 1.94035834362 253.059641615
44 1.59474211614e-10 2.55343677064e-08 1.70324523652 253.296754742
45 1.55978341354e-10 1.43910292652e-08 1.49510787535 253.504892114
46 1.52937218445e-10 8.11165329152e-09 1.3124053732 253.687594622
47 1.50322421177e-10 4.57300508513e-09 1.15202954589 253.847970453
48 1.47963419295e-10 2.5787275729e-09 1.01125203546 253.988747965
49 1.46030743053e-10 1.45471038105e-09 0.887677894947 254.112322107
50 1.44297018778e-10 8.21108204666e-10 0.779204844998 254.220795158
51 1.42790668178e-10 4.63713059944e-10 0.683985585809 254.316014418
52 1.41454847835e-10 2.6222567235e-10 0.600402365416 254.399597639
53 1.40374822877e-10 1.48583021449e-10 0.527033193236 254.472966811
54 1.39436906466e-10 8.44511250706e-11 0.46262991542 254.537370089
55 1.38584255183e-10 4.822557437e-11 0.406096874529 254.59390313
56 1.37873712447e-10 2.77339718854e-11 0.356472307263 254.643527697
57 1.37191591421e-10 1.61176514707e-11 0.312911982124 254.687088022
58 1.36623157232e-10 9.51068941652e-12 0.274674836569 254.725325168
59 1.36139988172e-10 5.73456504788e-12 0.241110369313 254.758889635
60 1.3571366253e-10 3.55975521681e-12 0.211647573288 254.788352431
60 1.3571366253e-10 3.55975521681e-12 0.211647573288 254.788352431
