Time S E I R
0 255 0 0 0
1 243.4329 11.5671 0 0
2 226.058520711 22.8617573982 5.70090292539 0.378818965212
3 193.522423728 40.8971875318 18.6456651688 1.93472357091
4 139.978864469 66.8884072876 42.298251542 5.83447670051
5 76.1710432977 88.2082274682 77.0476088298 13.5731204034
6 27.317432092 87.5779171087 113.989382592 26.1152682063
7 3.60661125466 68.0755191695 140.428707357 42.8891622183
8 1.00869163212 40.2143745016 151.66310844 62.1138254256
9 0.272595293106 23.1785927783 149.692647377 81.8561645504
10 0.077463071712 13.1958159876 140.88415606 100.84256488
11 0.024110601744 7.47131330611 129.051508133 118.453067958
12 0.00835346517633 4.21985421562 116.325316101 134.446476217
13 0.00322910449106 2.38070479387 103.828403004 148.787663096
14 0.00138622458604 1.34236505299 92.1094166122 161.546832109
15 0.000655688030065 0.756674019543 81.3997310009 172.84293929
16 0.000338631633269 0.426458312743 71.7603770656 182.812825988
17 0.000189212010838 0.240329347143 63.1645785845 191.594902854
18 0.000113387784609 0.135431200666 55.5434667751 199.320988634
19 7.22907495856e-05 0.076317855297 48.8109988174 206.112611034
20 4.86787800753e-05 0.0430079425214 42.8772149389 212.079728437
21 3.43950644321e-05 0.0242375716153 37.6550009842 217.320727046
22 2.53534705337e-05 0.013660364968 33.0633181248 221.922996154
23 1.93970146256e-05 0.00769965117463 29.0284448622 225.963836087
24 1.53331507988e-05 0.00434065363398 25.4842246003 229.51141941
25 1.24738261036e-05 0.00244767046086 22.371761895 232.625777958
26 1.04067786424e-05 0.00138063144934 19.6388853435 235.359723616
27 8.87654474013e-06 0.000779030668138 17.2395375049 237.759674586
28 7.71986668724e-06 0.000439793844709 15.1331500015 239.866402483
29 6.82941831087e-06 0.000248460075882 13.2840293004 241.715715408
30 6.13283100392e-06 0.000140512654048 11.6607970847 243.339056268
31 5.58016810714e-06 7.95844481938e-05 10.2358832631 244.76403157
32 5.13623791676e-06 4.51743266728e-05 8.98507205963 246.014877628
33 4.77575747482e-06 2.57240695216e-05 7.88709856964 247.112870929
34 4.4802388004e-06 1.4716427364e-05 6.92329179854 248.076689003
35 4.23594161703e-06 8.47587709282e-06 6.0772597331 248.922727553
36 4.03250072623e-06 4.9290139156e-06 5.33461200219 249.665379034
37 3.86198891533e-06 2.90580362201e-06 4.68271592423 250.317277306
38 3.71826615719e-06 1.7456787295e-06 4.11048208163 250.889512452
39 3.59652128168e-06 1.07546094739e-06 3.60817593814 251.391819387
40 3.49294344915e-06 6.8414004688e-07 3.16725238652 251.832743434
41 3.40448423231e-06 4.52253871467e-07 2.78021046387 252.219785677
42 3.32868313535e-06 3.12052025074e-07 2.44046579229 252.559530565
43 3.26353722357e-06 2.25017469699e-07 2.14223859135 252.857757918
44 3.20740386428e-06 1.69177429155e-07 1.88045536655 253.119541255
45 3.15892643243e-06 1.31936407217e-07 1.65066260644 253.349334101
46 3.11697721145e-06 1.06025154929e-07 1.44895102327 253.551045752
47 3.08061362375e-06 8.72085718522e-08 1.2718890499 253.728107781
48 3.04904352788e-06 7.29870396465e-08 1.11646446258 253.883532414
49 3.02159813259e-06 6.1859231593e-08 0.980033137037 254.019963778
50 2.99771028267e-06 5.29025653751e-08 0.8602740663 254.139722882
51 2.97689729223e-06 4.55335863383e-08 0.755149875271 254.244847101
52 2.95874644962e-06 3.93701011277e-08 0.662870216583 254.337126784
53 2.94290489933e-06 3.41529531685e-08 0.581867370514 254.418129651
54 2.92906915433e-06 2.96981556539e-08 0.510763237997 254.489233802
55 2.91697773491e-06 2.58703009337e-08 0.448348203304 254.551648853
56 2.90640505796e-06 2.2566096769e-08 0.393560435024 254.606436635
57 2.89715600843e-06 1.97043313314e-08 0.345467862185 254.65452922
58 2.88906150558e-06 1.72195610476e-08 0.30325231707 254.696744776
59 2.88197483655e-06 1.50580258663e-08 0.266195615785 254.733801487
60 2.87576841629e-06 1.3174911904e-08 0.233667339787 254.766329771
60 2.87576841629e-06 1.3174911904e-08 0.233667339787 254.766329771
