0
0
4.75421576176
11.7073413211
19.2499910576
26.5632380516
32.8496857284
37.730890252
41.5716787349
44.7122893175
46.5164714508
47.0121807163
46.4656594813
45.2001161986
43.4811951231
41.5521888669
39.5442626517
37.482249736
35.4342808694
33.4112728642
31.4411306877
29.5434130943
27.7324755306
26.0073354169
24.3729537454
22.8206931646
21.3506484407
19.9646821296
18.6604088043
17.4315459707
16.2725524253
15.1872483727
14.1667460292
13.2098669979
12.3135998636
11.4756577052
10.6900514945
9.9581373728
9.27243576529
8.63206300801
8.03689077137
7.4814248831
6.96258634271
6.47861002527
6.02748057196
5.60641721636
5.21230108412
4.84439017778
4.50557919959
4.1873817967
3.89149449515
3.61722353898
3.36026215821
3.12368781665
2.90255507508
2.69804714355
2.50857040732
2.33121100668
2.1657678073
2.01256716925
1.86891481707
1.86891481707
0.84667809973498
