Time S E I R
0 255 0 0 0
1 243.4329 11.5671 0 0
2 228.223610068 21.0588370851 5.35063028418 0.366922563041
3 204.381410585 32.9351749577 15.9253701629 1.7580442952
4 168.5072249 48.6447085001 32.9227960485 4.92527055232
5 122.901648332 64.3149422042 57.0144800161 10.768929449
6 75.9615987617 73.334019029 85.620443864 20.0839383466
7 37.63457566 71.4069771648 112.855982094 33.1024650825
8 13.3162532934 59.6167815633 132.819030447 49.2479346971
9 2.86999633923 42.1013989013 142.6834115 67.34519326
10 1.26741579485 24.8880979595 142.788105251 86.0563809955
11 0.572348629942 14.5271585274 135.644439967 104.256052876
12 0.272216999944 8.40255400549 125.05625416 121.268974835
13 0.138107839118 4.83139118093 113.227137193 136.803363787
14 0.074986027306 2.76787334191 101.372262813 150.784877818
15 0.0434909946325 1.58233165283 90.1183815044 163.255795848
16 0.0268276031748 0.903628999547 79.7536085496 174.315934848
17 0.0175055897301 0.51591235224 70.3774356305 184.089146428
18 0.012015139287 0.294686208447 61.988345797 192.704952856
19 0.00862690840191 0.168515901683 54.5338974295 200.288959761
20 0.00644666926976 0.0965495872134 47.9387794831 206.958224261
21 0.00499054990078 0.0554746520135 42.1201619887 212.81937281
22 0.00398541644918 0.0320014302432 36.9957734991 217.968239655
23 0.00327108406668 0.0185620228413 32.4879782744 222.490188619
24 0.00275021713432 0.0108469688834 28.5255320731 226.460870741
25 0.00236174262088 0.00640207343011 25.044137993 229.947098191
26 0.00206620090424 0.00382879170377 21.9863592208 233.007745787
27 0.0018373967707 0.0023291682484 19.3011936363 235.694639799
28 0.00165751920235 0.00144759239417 16.9435407606 238.053354128
29 0.00151418792723 0.000923470061099 14.8736304128 240.123931929
30 0.00139861917737 0.000607321203958 13.0564474813 241.941546578
31 0.00130446302285 0.00041310651582 11.4611943289 243.537088101
32 0.00122704977176 0.000291093225578 10.0608014224 244.937680434
33 0.00116289090815 0.000212377060624 8.83148665318 246.167138078
34 0.00110934229906 0.00016004053178 7.75236216783 247.246368448
35 0.00106437289503 0.000124092623885 6.80508561983 248.193725913
36 0.00102640327705 9.85655871529e-05 5.97355196169 249.025323068
37 0.00099419123805 7.98440892325e-05 5.24362170751 249.755304256
38 0.000966749542499 6.5699783361e-05 4.60288171444 250.396085835
39 0.000943286028047 5.47306614331e-05 4.04043479882 250.958567183
40 0.000923159433256 4.60334088377e-05 3.54671482962 251.452315976
41 0.000905846441384 3.90104076881e-05 3.11332428185 251.88573086
42 0.000890916818037 3.32549356686e-05 2.73289156078 252.266184266
43 0.000878014459857 2.84820558865e-05 2.39894571332 252.600147789
44 0.000866842804612 2.44864086326e-05 2.10580642077 252.893302249
45 0.000857153493001 2.11159910149e-05 1.84848741672 253.150634313
46 0.000848737479373 1.8255546549e-05 1.62261169627 253.37652131
47 0.000841418002437 1.58158098233e-05 1.42433707961 253.574805686
48 0.000835044982011 1.37263755984e-05 1.25029086724 253.748860361
49 0.000829490518299 1.1930852694e-05 1.09751247719 253.901646101
50 0.000824645250844 1.03834876672e-05 0.96340309 254.035761881
51 0.000820415392155 9.04675494845e-06 0.84568144554 254.153489092
52 0.000816720295632 7.88959721033e-06 0.742345040455 254.256830349
53 0.000813490374554 6.88608581507e-06 0.651634105893 254.347545517
54 0.000810665670315 6.01451369926e-06 0.572007784019 254.427175535
55 0.000808194220383 5.25652684387e-06 0.502111523865 254.497075025
56 0.000806030985132 4.59656135729e-06 0.440756378006 254.558432994
57 0.00080413686365 4.02136250652e-06 0.386898647968 254.612293193
58 0.000802477867182 3.51960182842e-06 0.339622173271 254.659571828
59 0.000801024416489 3.08156648398e-06 0.298122746762 254.701073146
60 0.000799750743255 2.69890565561e-06 0.261694434263 254.737503115
60 0.000799750743255 2.69890565561e-06 0.261694434263 254.737503115
