Time S E I R
0 255 0 0 0
1 243.4329 11.5671 0 0
2 227.880980239 21.3437033952 5.40648763819 0.368828727771
3 202.710799016 34.15540732 16.3480194245 1.78577424012
4 164.090802092 51.4766478538 34.3666363167 5.06591373812
5 115.058916118 68.5167089902 60.2181799962 11.206194896
6 66.302051407 76.9944029465 90.6404898409 21.063055806
7 29.2276079451 72.4287822732 118.546417395 34.7971923868
8 7.8957592463 57.918548433 137.548311146 51.6373811751
9 0.10421593207 39.1761587725 145.489163709 70.2304615872
10 0.0425024882581 22.1124592629 143.667091473 89.1779467761
11 0.0179446320807 12.4735832302 135.114651854 107.393820284
12 0.0080695466128 7.03343340017 123.681356377 124.277140676
13 0.003906799996 3.96489996085 111.430104767 139.601088472
14 0.00203916295902 2.23475526289 99.4267847557 153.336420818
15 0.00114366373484 1.25947311318 88.1860492927 165.55333393
16 0.000685460151203 0.709786944404 77.9220103697 176.367517225
17 0.000436301689319 0.399999457214 68.6885486432 185.911015597
18 0.000293075003327 0.225421762231 60.4573700521 194.31691511
19 0.000206517633131 0.127042363309 53.1610253997 201.711725719
20 0.000151820323595 0.0716040985555 46.7163029491 208.211941132
21 0.000115858354121 0.0403620277424 41.0365822819 213.922939832
22 9.13718426432e-05 0.0227547970885 36.0382250177 218.938928813
23 7.41762155201e-05 0.0128310903717 31.6435147993 223.343579934
24 6.17678873596e-05 0.00723736550135 27.7818096031 227.210891263
25 5.25977023074e-05 0.00408410303673 24.3897460442 230.606117255
26 4.5676781923e-05 0.00230621040527 21.4109291756 233.586718937
27 4.03560203779e-05 0.00130337837328 18.7954116678 236.203244598
28 3.61985891004e-05 0.000737482743814 16.4991073228 238.500118996
29 3.29036062396e-05 0.00041799553781 14.4831855862 240.516363515
30 3.0259346687e-05 0.000237499986609 12.7134834822 242.286248759
31 2.81139111564e-05 0.000135429609214 11.1599690749 243.839867382
32 2.63563696876e-05 7.76290296387e-05 9.79625572695 245.203640288
33 2.49043795861e-05 4.4832885593e-05 8.59916739222 246.400762871
34 2.36958946118e-05 2.6171421321e-05 7.54835233902 247.451597794
35 2.26835117587e-05 1.5509391284e-05 6.62594143219 248.374020375
36 2.18305516455e-05 9.38201385482e-06 5.81624668286 249.183722105
37 2.11082978296e-05 5.83117391976e-06 5.10549579554 249.894477265
38 2.04940241417e-05 3.74912443668e-06 4.48159868008 250.518377077
39 1.9969565443e-05 2.50830666288e-06 3.93394222913 251.066035293
40 1.9520269035e-05 1.7524977789e-06 3.45321002339 251.546768704
41 1.91342160463e-05 1.27893655792e-06 3.03122398425 251.968755603
42 1.88016367701e-05 9.71764941431e-07 2.66080532876 252.339174898
43 1.85144668023e-05 7.64421795924e-07 2.33565248906 252.664328232
44 1.82660064638e-05 6.18376967153e-07 2.05023393507 252.94974718
45 1.80506578999e-05 5.11091814435e-07 1.7996940857 253.200287352
46 1.78637187958e-05 4.2919258134e-07 1.57977071309 253.420210993
47 1.77012202016e-05 3.64591307307e-07 1.38672243738 253.613259496
48 1.75597980387e-05 3.12275198132e-07 1.21726508019 253.782717047
49 1.74365894168e-05 2.69041790376e-07 1.06851579493 253.931466499
50 1.73291498697e-05 2.3277130589e-07 0.937944023947 254.062038414
51 1.72353853998e-05 2.0200492617e-07 0.823328448517 254.176654114
52 1.71534973674e-05 1.75697904737e-07 0.722719199379 254.277263471
53 1.70819352832e-05 1.53072294683e-07 0.634402717844 254.365580047
54 1.70193643498e-05 1.33531192229e-07 0.556878735481 254.443104111
55 1.69646286565e-05 1.1660101836e-07 0.488828326087 254.511154592
56 1.69167269348e-05 1.0189828712e-07 0.429093834665 254.570889146
57 1.68747903899e-05 8.91068226265e-08 0.376659034816 254.623324001
58 1.68380641981e-05 7.79624184926e-08 0.330631887383 254.669351196
59 1.68058919314e-05 6.82420386627e-08 0.290229364328 254.709753761
60 1.67777018589e-05 5.97559560187e-08 0.254764127137 254.745219035
60 1.67777018589e-05 5.97559560187e-08 0.254764127137 254.745219035
