Time S E I R
0 255 0 0 0
1 243.4329 11.5671 0 0
2 222.25902196 26.0401882183 6.30185261458 0.398937207011
3 173.130657048 55.9661868441 23.651446913 2.25170919521
4 91.144858227 97.0862188424 59.2667614915 7.50216143942
5 22.0169838598 107.941268709 106.679876636 18.3618707959
6 3.99684833507 73.6415256452 142.494088605 34.8675374158
7 0.523625620777 43.8994143723 156.048415333 54.5285446747
8 0.0636755365965 25.045827121 154.976859323 74.9136380204
9 0.00832019912454 14.1463019479 146.245805008 94.5995728465
10 0.00125549792978 7.97336192815 134.132394113 112.892988462
11 0.000225020292135 4.49202705281 120.98568538 129.522062548
12 4.8130514017e-05 2.53043437257 108.028708848 144.44080865
13 1.21993410289e-05 1.42539224692 95.8568867697 157.717708785
14 3.61837061291e-06 0.802915170986 84.7228455224 169.474235689
15 1.23759312487e-06 0.452274753139 74.6961308685 179.851593142
16 4.80987864648e-07 0.254762083472 65.7520399953 188.993197441
17 2.09426815445e-07 0.143505220388 57.8205846939 197.035909877
18 1.00832835415e-07 0.0808354941433 50.8131194202 204.106044985
19 5.30576755864e-08 0.0455352162582 44.6365024758 210.317962255
20 3.01876070807e-08 0.0256505883519 39.2003229825 215.774026399
21 1.8397599888e-08 0.0144495458574 34.4203695867 220.565180849
22 1.19102878671e-08 0.00813976493766 30.2199804109 224.771879812
23 8.13093947727e-09 0.00458551976555 26.5303279946 228.465086477
24 5.81587755732e-09 0.00258346547154 23.2901265585 231.70728997
25 4.33377067566e-09 0.00145559401101 20.4450785925 234.553465809
26 3.34745209329e-09 0.000820119194688 17.9472423096 237.051937568
27 2.668457455e-09 0.000462076088718 15.7543881753 239.245149746
28 2.18699369725e-09 0.000260345633926 13.8293596701 241.170379982
29 1.83641191143e-09 0.000146685694914 12.1394915689 242.860361743
30 1.57530166689e-09 8.26468332077e-05 10.6560826248 244.343834726
31 1.37691813507e-09 4.65656845389e-05 9.35392329205 245.64603014
32 1.22341248243e-09 2.62365937683e-05 8.21087586671 246.789097895
33 1.10287601274e-09 1.47826071675e-05 7.20750295124 247.792482265
34 1.00695274341e-09 8.32908535601e-06 6.3267396405 248.673252029
35 9.2958885034e-10 4.69296198642e-06 5.55360482022 249.446390485
36 8.66577920533e-10 2.64424229997e-06 4.87494721184 250.125050142
37 8.14878831079e-10 1.48991474432e-06 4.27922215059 250.720776358
38 7.72018893258e-10 8.39517307405e-07 3.7562954724 251.243703687
39 7.36235961085e-10 4.73052161916e-07 3.29727127085 251.702728255
40 7.06194214217e-10 2.66565587444e-07 2.89434064882 252.105659084
41 6.80842049405e-10 1.50217856503e-07 2.54064892275 252.459350926
42 6.59326815367e-10 8.46587007855e-08 2.23017903776 252.769820877
43 6.40966391074e-10 4.77166008203e-08 1.95764922009 253.042350732
44 6.25334450888e-10 2.68991461213e-08 1.71842313119 253.281576842
45 6.11890982327e-10 1.51674990179e-08 1.50843099815 253.491568987
46 6.0029492488e-10 8.55559073112e-09 1.32410038045 253.675899611
47 5.90318904869e-10 4.82868869008e-09 1.16229539611 253.837704599
48 5.81707126912e-10 2.7275842511e-09 1.02026337406 253.979736623
49 5.74232217332e-10 1.54273129087e-09 0.895588025321 254.104411973
50 5.67752067582e-10 8.74299679237e-10 0.786148336556 254.213851662
51 5.62124569115e-10 4.96798683198e-10 0.690080565305 254.309919434
52 5.57264456802e-10 2.83578627502e-10 0.605752522259 254.394247477
53 5.53058043806e-10 1.62975697026e-10 0.531729547519 254.468270452
54 5.4939164329e-10 9.46192223498e-11 0.466752363713 254.533247636
55 5.46179990124e-10 5.57509859357e-11 0.409715549698 254.59028445
56 5.43337819181e-10 3.35420796664e-11 0.359648771626 254.640351228
57 5.40836708751e-10 2.07602015908e-11 0.315700274804 254.684299725
58 5.38705080544e-10 1.33242968624e-11 0.27712239286 254.722877607
59 5.36829247721e-10 8.93050318229e-12 0.243258827698 254.756741172
60 5.35266053703e-10 6.27704777639e-12 0.213533483839 254.786466516
60 5.35266053703e-10 6.27704777639e-12 0.213533483839 254.786466516
