Time S E I R
0 255 0 0 0
1 243.4329 11.5671 0 0
2 232.007410163 17.9258618726 4.72153396796 0.345193996929
3 221.353918306 20.6946561117 11.4928249409 1.45860064199
4 211.424361853 21.4834837082 18.6081022774 3.48405216178
5 203.144205757 20.235872755 25.2155026597 6.40441882859
6 196.515177824 17.8477883411 30.5404305251 10.0966033099
7 190.268894938 16.0961114478 34.2655497801 14.3694438339
8 184.077449933 15.0410772986 36.8355361476 19.0459366202
9 179.966410561 12.3599744139 38.6682599605 24.0053550645
10 177.212506779 9.49007453183 39.1884283039 29.1089903849
11 175.318802806 7.0166661083 38.4739763649 34.1905547199
12 173.916987461 5.14009956767 36.8321616733 39.1107512971
13 172.820637352 3.78982711641 34.6156681178 43.773867413
14 171.80314761 2.96467115597 32.1069207571 48.1252604757
15 170.86275871 2.43788081109 29.5545386611 52.1448218171
16 170.110275167 1.96806839397 27.0855348868 55.8361215514
17 169.418042185 1.65721323262 24.7136647792 59.2110798026
18 168.844594498 1.37654953483 22.4925179366 62.2863380295
19 168.335813643 1.16601757276 20.4169109649 65.0812578182
20 167.87556063 1.01019346979 18.4984909704 67.6157549283
21 167.448048155 0.900019954837 16.7412216376 69.9107102513
22 167.067149296 0.800747655597 15.1448878864 71.9872151612
23 166.713338902 0.726233524903 13.6951188577 73.8653087143
24 166.40700899 0.644451374596 12.3848640576 75.5636755772
25 166.131264974 0.574712378418 11.194840564 77.0991820832
26 165.875280921 0.521922887489 10.1158872372 78.4869089537
27 165.640437554 0.476692147407 9.14190914171 79.7409611559
28 165.432607738 0.429281695701 8.26369334232 80.8744172227
29 165.251616815 0.3803114643 7.46913448204 81.898937237
30 165.075655849 0.351829860921 6.74779671146 82.8247175765
31 164.924953886 0.314260687995 6.09945147021 83.6613339532
32 164.786185165 0.28452277644 5.51183963862 84.4174524178
33 164.65991285 0.258310097705 4.98103471204 85.1007423385
34 164.542908984 0.237013077911 4.50181400792 85.7182639281
35 164.442054126 0.2113334123 4.07013309499 86.2764793646
36 164.342260214 0.198030554785 3.67863075134 86.7810784779
37 164.258818772 0.176191204043 3.3276406741 87.2373493483
38 164.180815255 0.160256019191 3.00893118767 87.6499975367
39 164.103540538 0.152185124942 2.72112312577 88.0231512098
40 164.036307435 0.139066854387 2.46379763844 88.3608280708
41 163.976500662 0.125568780789 2.23132087805 88.6666096775
42 163.921500608 0.114349555238 2.02062287601 88.9435269594
43 163.871039733 0.104568437525 1.83007760074 89.1943142274
44 163.826589313 0.0940221746258 1.65790686434 89.4214816465
45 163.78976895 0.0813322498111 1.50164278744 89.627256011
46 163.756256669 0.0716774143355 1.35854498785 89.8135209272
47 163.715762548 0.0739527031986 1.2283059309 89.9819788162
48 163.689960207 0.0611998709898 1.11428059709 90.1345593235
49 163.662586366 0.0561746399351 1.00843918272 90.2727998096
50 163.63543221 0.0536634426798 0.912971909182 90.397932436
51 163.61626968 0.0447419151824 0.827686232416 90.5113021698
52 163.590818895 0.0464426848353 0.74877373938 90.613964678
53 163.573094563 0.0400715580088 0.679816200885 90.7070176758
54 163.552830619 0.0393760298901 0.616356146861 90.7914372024
55 163.533884225 0.0379874124785 0.560060218232 90.8680681427
56 163.520110463 0.0323177324628 0.509805819583 90.937765983
57 163.507405558 0.028313708745 0.463139152073 91.0011415791
58 163.493686866 0.0273112860085 0.420318990073 91.0586828555
59 163.484859066 0.0220721134851 0.38211512794 91.1109536904
60 163.468848293 0.0265011982544 0.346261286199 91.1583892209
60 163.468848293 0.0265011982544 0.346261286199 91.1583892209
