Time S E I R
0 255 0 0 0
1 243.4329 11.5671 0 0
2 227.740674267 21.4604059256 5.42931316656 0.369606640653
3 202.021142142 34.6597100266 16.5219920336 1.79715579755
4 162.267122069 52.6459324843 34.9630465659 5.12389888039
5 111.876844374 70.2050595585 61.5317537448 11.3863423227
6 62.5477016782 78.3405432232 92.6489384128 21.4628166859
7 26.1724942119 72.623264044 120.726785088 35.4774566563
8 6.0828781804 57.0892317636 139.25144127 52.5764487867
9 2.43346794275 34.8224163525 146.403030152 71.3410855533
10 0.964845653776 20.6832793718 143.063141265 90.2887337099
11 0.398587175158 12.0625048584 134.143677263 108.395230704
12 0.175892884281 6.95695908033 122.716767793 125.150380243
13 0.0837228677198 3.98613640307 110.574850597 140.355290133
14 0.0430321592264 2.2751788296 98.6945630114 153.987226001
15 0.0238019945226 1.29572747736 87.5643808502 166.116089679
16 0.0140895104978 0.737035471899 77.3933791936 176.855495825
17 0.00886922491514 0.419025710925 68.2368398268 186.335265238
18 0.00589934936764 0.238235438172 60.0693002357 194.686564977
19 0.00412099099503 0.135517784182 52.8260070086 202.034354216
20 0.00300631325928 0.0771665690965 46.4259184646 208.493908653
21 0.00227871917039 0.0440114850111 40.7841145759 214.16959522
22 0.00178643418673 0.0251601927649 35.8182074434 219.15484593
23 0.0014426539453 0.014430498059 31.4514413543 223.532685494
24 0.00119579960855 0.00831401737123 27.6139154281 227.376574755
25 0.00101415210824 0.00481997269387 24.2428473309 230.751318544
26 0.00087757904771 0.00281809595425 21.282310953 233.713993372
27 0.000772932714739 0.0016663990431 18.6827427619 236.314817906
28 0.000691405520172 0.00100017996615 16.400372852 238.597935562
29 0.000626957023513 0.000612008008933 14.3966380332 240.602123001
30 0.000575353160514 0.000383662480175 12.6376027244 242.361438259
31 0.000533567058 0.000247633358742 11.093429921 243.905788878
32 0.000499395445701 0.000165268466351 9.73790108077 245.261434255
33 0.000471207757613 0.000114362021437 8.54798575 246.45142868
34 0.00044777873569 8.20994777053e-05 7.50345870846 247.496011413
35 0.000428174673772 6.10424921549e-05 6.58656101462 248.412949768
36 0.000411674786676 4.68405695354e-05 5.78170082867 249.217840656
37 0.000397715989919 3.69242812522e-05 5.07518985836 249.924375501
38 0.00038585354514 2.97571492102e-05 4.45501147587 250.544572913
39 0.000375732622189 2.44059824951e-05 3.91061686415 251.088982997
40 0.000367067484007 2.02930962323e-05 3.43274589785 251.566866741
41 0.000359626064323 1.7052670815e-05 3.01326981088 251.98635351
42 0.000353218409998 1.44469280912e-05 2.64505303089 252.354579303
43 0.000347687925824 1.23168039246e-05 2.32183186312 252.677808131
44 0.000342904673943 1.05526158966e-05 2.03810797879 252.961538563
45 0.000338760195717 9.0763949865e-06 1.7890549071 253.210597255
46 0.000335163474034 7.83107577537e-06 1.57043594668 253.429221057
47 0.000332037756237 6.77375954606e-06 1.37853210381 253.621129083
48 0.00032931803355 5.87142543713e-06 1.21007883382 253.789585975
49 0.000326949026572 5.0981345474e-06 1.06221051101 253.93745744
50 0.000324883561376 4.43316023654e-06 0.932411683115 254.067258998
51 0.000323081253015 3.85970440351e-06 0.818474281805 254.181198775
52 0.000321507396194 3.36397953549e-06 0.718458136784 254.28121699
53 0.000320132184982 2.93459783036e-06 0.630663969448 254.369012962
54 0.000318929873941 2.56203962704e-06 0.553598270146 254.446080236
55 0.000317878206715 2.23830619693e-06 0.485949962308 254.513729919
56 0.000316957911764 1.95663986211e-06 0.426568280624 254.573112803
57 0.00031615227303 1.7113028809e-06 0.374443042283 254.625239092
58 0.000315446771339 1.497403702e-06 0.328687510474 254.670995543
59 0.000314828779636 1.31075728996e-06 0.288523309235 254.711160549
60 0.000314287304604 1.14777198178e-06 0.253267181649 254.746417381
60 0.000314287304604 1.14777198178e-06 0.253267181649 254.746417381
