0
0
0.0235294117647059
0.0549019607843137
0.125490196078431
0.219607843137255
0.309803921568627
0.396078431372549
0.490196078431373
0.509803921568627
0.556862745098039
0.541176470588235
0.486274509803922
0.443137254901961
0.396078431372549
0.364705882352941
0.345098039215686
0.309803921568627
0.27843137254902
0.250980392156863
0.231372549019608
0.2
0.180392156862745
0.145098039215686
0.129411764705882
0.109803921568627
0.0941176470588235
0.0823529411764706
0.0823529411764706
0.0784313725490196
0.0627450980392157
0.0588235294117647
0.0549019607843137
0.0431372549019608
0.0431372549019608
0.0352941176470588
0.0352941176470588
0.0196078431372549
0.0156862745098039
0.0156862745098039
0.00784313725490196
0.00784313725490196
0.00784313725490196
0.00784313725490196
0.00784313725490196
0.00784313725490196
0
0
0
0
0
0
0
0
0
0
0
0
0
0
0
11.6616611671742
