0
0
0.0274509803921569
0.0705882352941176
0.152941176470588
0.270588235294118
0.407843137254902
0.462745098039216
0.541176470588235
0.556862745098039
0.580392156862745
0.552941176470588
0.505882352941176
0.462745098039216
0.411764705882353
0.349019607843137
0.317647058823529
0.286274509803922
0.258823529411765
0.211764705882353
0.184313725490196
0.16078431372549
0.129411764705882
0.117647058823529
0.109803921568627
0.101960784313725
0.0862745098039216
0.0745098039215686
0.0588235294117647
0.0509803921568627
0.0431372549019608
0.0352941176470588
0.0274509803921569
0.0274509803921569
0.0156862745098039
0.0156862745098039
0.00392156862745098
0.00392156862745098
0.00392156862745098
0.00392156862745098
0.00392156862745098
0.00392156862745098
0.00392156862745098
0.00392156862745098
0.00392156862745098
0.00392156862745098
0.00392156862745098
0.00392156862745098
0.00392156862745098
0.00392156862745098
0.00392156862745098
0.00392156862745098
0.00392156862745098
0.00392156862745098
0.00392156862745098
0.00392156862745098
0.00392156862745098
0.00392156862745098
0.00392156862745098
0.00392156862745098
0.00392156862745098
8.08191178579631
