0
0
0.0196078431372549
0.0392156862745098
0.0705882352941176
0.152941176470588
0.207843137254902
0.309803921568627
0.352941176470588
0.447058823529412
0.509803921568627
0.509803921568627
0.513725490196078
0.462745098039216
0.470588235294118
0.423529411764706
0.372549019607843
0.341176470588235
0.298039215686275
0.27843137254902
0.250980392156863
0.207843137254902
0.192156862745098
0.172549019607843
0.141176470588235
0.141176470588235
0.12156862745098
0.0980392156862745
0.0862745098039216
0.0784313725490196
0.0784313725490196
0.0745098039215686
0.0666666666666667
0.0549019607843137
0.0509803921568627
0.0549019607843137
0.0431372549019608
0.0352941176470588
0.0274509803921569
0.0235294117647059
0.0156862745098039
0
0
0
0
0
0
0
0
0
0
0
0
0
0
0
0
0
0
0
0
5.50535458657847
