0
0
0.0196078431372549
0.0666666666666667
0.12156862745098
0.219607843137255
0.250980392156863
0.32156862745098
0.356862745098039
0.384313725490196
0.403921568627451
0.43921568627451
0.443137254901961
0.419607843137255
0.423529411764706
0.4
0.368627450980392
0.333333333333333
0.309803921568627
0.282352941176471
0.266666666666667
0.235294117647059
0.188235294117647
0.164705882352941
0.16078431372549
0.129411764705882
0.12156862745098
0.101960784313725
0.101960784313725
0.0980392156862745
0.0901960784313725
0.0901960784313725
0.0823529411764706
0.0745098039215686
0.0666666666666667
0.0666666666666667
0.0666666666666667
0.0627450980392157
0.0627450980392157
0.0470588235294118
0.0392156862745098
0.0313725490196078
0.0313725490196078
0.0313725490196078
0.0274509803921569
0.0235294117647059
0.0196078431372549
0.0196078431372549
0.0156862745098039
0.0156862745098039
0.00784313725490196
0.00784313725490196
0.00784313725490196
0.00784313725490196
0.00392156862745098
0.00392156862745098
0.00392156862745098
0.00392156862745098
0.00392156862745098
0.00392156862745098
0.00392156862745098
4.68458861373457
