0
0
0.0117647058823529
0.0470588235294118
0.109803921568627
0.176470588235294
0.247058823529412
0.266666666666667
0.333333333333333
0.372549019607843
0.403921568627451
0.427450980392157
0.415686274509804
0.423529411764706
0.407843137254902
0.388235294117647
0.364705882352941
0.368627450980392
0.337254901960784
0.325490196078431
0.27843137254902
0.254901960784314
0.203921568627451
0.2
0.164705882352941
0.145098039215686
0.133333333333333
0.113725490196078
0.0941176470588235
0.0784313725490196
0.0745098039215686
0.0627450980392157
0.0509803921568627
0.0509803921568627
0.0470588235294118
0.0431372549019608
0.0431372549019608
0.0274509803921569
0.0274509803921569
0.0274509803921569
0.0156862745098039
0.0156862745098039
0.00784313725490196
0.00392156862745098
0.00392156862745098
0.00392156862745098
0.00392156862745098
0.00392156862745098
0.00392156862745098
0.00392156862745098
0.00392156862745098
0.00392156862745098
0.00392156862745098
0.00392156862745098
0.00392156862745098
0
0
0
0
0.00392156862745098
0.00392156862745098
4.59550634459191
