0
0
0.0313725490196078
0.101960784313725
0.188235294117647
0.266666666666667
0.337254901960784
0.450980392156863
0.486274509803922
0.533333333333333
0.549019607843137
0.537254901960784
0.505882352941176
0.454901960784314
0.407843137254902
0.376470588235294
0.329411764705882
0.282352941176471
0.250980392156863
0.235294117647059
0.207843137254902
0.172549019607843
0.141176470588235
0.125490196078431
0.109803921568627
0.0901960784313725
0.0784313725490196
0.0705882352941176
0.0588235294117647
0.0431372549019608
0.0392156862745098
0.0392156862745098
0.0313725490196078
0.0313725490196078
0.0274509803921569
0.0274509803921569
0.0235294117647059
0.0235294117647059
0.0235294117647059
0.0196078431372549
0.0196078431372549
0.0196078431372549
0.0196078431372549
0.0117647058823529
0.0117647058823529
0.0117647058823529
0.0117647058823529
0.0117647058823529
0.0117647058823529
0
0
0
0
0
0
0
0
0
0
0
0
9.60870130894177
