0
0
0.0156862745098039
0.0627450980392157
0.125490196078431
0.215686274509804
0.313725490196078
0.443137254901961
0.474509803921569
0.47843137254902
0.513725490196078
0.462745098039216
0.454901960784314
0.419607843137255
0.364705882352941
0.309803921568627
0.266666666666667
0.258823529411765
0.250980392156863
0.223529411764706
0.2
0.196078431372549
0.180392156862745
0.152941176470588
0.133333333333333
0.101960784313725
0.0823529411764706
0.0745098039215686
0.0745098039215686
0.0745098039215686
0.0666666666666667
0.0470588235294118
0.0431372549019608
0.0392156862745098
0.0313725490196078
0.0235294117647059
0.0235294117647059
0.0156862745098039
0.0156862745098039
0.0156862745098039
0.0156862745098039
0.0156862745098039
0.0156862745098039
0.0156862745098039
0.0156862745098039
0.0156862745098039
0.0156862745098039
0.0117647058823529
0.0117647058823529
0.0117647058823529
0.00784313725490196
0.00784313725490196
0.00784313725490196
0.00784313725490196
0.00784313725490196
0.00784313725490196
0.00784313725490196
0.00784313725490196
0.00392156862745098
0.00392156862745098
0.00392156862745098
9.92796892934886
