0
0
0.0235294117647059
0.0352941176470588
0.0784313725490196
0.117647058823529
0.149019607843137
0.168627450980392
0.188235294117647
0.207843137254902
0.203921568627451
0.211764705882353
0.203921568627451
0.227450980392157
0.223529411764706
0.227450980392157
0.243137254901961
0.235294117647059
0.215686274509804
0.235294117647059
0.223529411764706
0.223529411764706
0.219607843137255
0.2
0.203921568627451
0.192156862745098
0.180392156862745
0.168627450980392
0.16078431372549
0.156862745098039
0.149019607843137
0.141176470588235
0.145098039215686
0.12156862745098
0.125490196078431
0.117647058823529
0.105882352941176
0.117647058823529
0.0941176470588235
0.0823529411764706
0.0705882352941176
0.0666666666666667
0.0627450980392157
0.0627450980392157
0.0549019607843137
0.0431372549019608
0.0431372549019608
0.0352941176470588
0.0352941176470588
0.0274509803921569
0.0274509803921569
0.0235294117647059
0.0235294117647059
0.0274509803921569
0.0274509803921569
0.0313725490196078
0.0313725490196078
0.0313725490196078
0.0313725490196078
0.0352941176470588
0.0352941176470588
1.70577939868924
