0
0
0.0117647058823529
0.0549019607843137
0.0862745098039216
0.141176470588235
0.215686274509804
0.290196078431373
0.349019607843137
0.380392156862745
0.4
0.423529411764706
0.450980392156863
0.482352941176471
0.470588235294118
0.443137254901961
0.403921568627451
0.384313725490196
0.352941176470588
0.317647058823529
0.286274509803922
0.247058823529412
0.223529411764706
0.188235294117647
0.168627450980392
0.149019607843137
0.141176470588235
0.137254901960784
0.12156862745098
0.113725490196078
0.101960784313725
0.0823529411764706
0.0745098039215686
0.0666666666666667
0.0627450980392157
0.0470588235294118
0.0431372549019608
0.0235294117647059
0.0196078431372549
0.0235294117647059
0.0235294117647059
0.0235294117647059
0.0235294117647059
0.0196078431372549
0.0196078431372549
0.0156862745098039
0.0117647058823529
0.0117647058823529
0.0117647058823529
0.0117647058823529
0.0117647058823529
0.0117647058823529
0.00784313725490196
0.00392156862745098
0.00392156862745098
0.00392156862745098
0.00392156862745098
0.00784313725490196
0.00784313725490196
0.00784313725490196
0.00784313725490196
4.98124381085494
