0
0
0.0117647058823529
0.0392156862745098
0.117647058823529
0.211764705882353
0.301960784313725
0.368627450980392
0.505882352941176
0.568627450980392
0.607843137254902
0.576470588235294
0.564705882352941
0.509803921568627
0.4
0.341176470588235
0.317647058823529
0.286274509803922
0.243137254901961
0.219607843137255
0.192156862745098
0.164705882352941
0.145098039215686
0.133333333333333
0.109803921568627
0.0901960784313725
0.0784313725490196
0.0705882352941176
0.0588235294117647
0.0470588235294118
0.0313725490196078
0.0313725490196078
0.0235294117647059
0.0156862745098039
0.00784313725490196
0.00784313725490196
0.00784313725490196
0.00392156862745098
0.00392156862745098
0.00392156862745098
0.00392156862745098
0.00392156862745098
0.00392156862745098
0.00392156862745098
0.00392156862745098
0
0
0
0
0
0
0
0
0
0
0
0
0
0
0
0
11.2776512325849
