0
0
0.0156862745098039
0.0549019607843137
0.129411764705882
0.23921568627451
0.341176470588235
0.486274509803922
0.556862745098039
0.592156862745098
0.576470588235294
0.572549019607843
0.513725490196078
0.443137254901961
0.396078431372549
0.36078431372549
0.337254901960784
0.298039215686275
0.250980392156863
0.235294117647059
0.203921568627451
0.188235294117647
0.172549019607843
0.129411764705882
0.117647058823529
0.101960784313725
0.0823529411764706
0.0627450980392157
0.0470588235294118
0.0392156862745098
0.0274509803921569
0.0196078431372549
0.0156862745098039
0.0156862745098039
0.0117647058823529
0.0117647058823529
0.0117647058823529
0.0117647058823529
0.0117647058823529
0.0117647058823529
0.0117647058823529
0.0117647058823529
0.00392156862745098
0.00392156862745098
0.00392156862745098
0.00392156862745098
0.00392156862745098
0.00392156862745098
0.00392156862745098
0.00392156862745098
0.00392156862745098
0.00392156862745098
0.00392156862745098
0.00392156862745098
0.00392156862745098
0.00392156862745098
0
0
0
0
0
12.4990392324079
