0
0
0.0352941176470588
0.0666666666666667
0.156862745098039
0.231372549019608
0.349019607843137
0.431372549019608
0.47843137254902
0.490196078431373
0.509803921568627
0.490196078431373
0.470588235294118
0.423529411764706
0.4
0.372549019607843
0.352941176470588
0.298039215686275
0.262745098039216
0.223529411764706
0.215686274509804
0.188235294117647
0.152941176470588
0.129411764705882
0.0901960784313725
0.0784313725490196
0.0627450980392157
0.0470588235294118
0.0392156862745098
0.0352941176470588
0.0313725490196078
0.0235294117647059
0.0235294117647059
0.0196078431372549
0.0156862745098039
0.0156862745098039
0.00392156862745098
0.00392156862745098
0.00392156862745098
0.00392156862745098
0
0
0
0
0
0
0
0
0
0
0
0
0
0
0
0
0
0
0
0
0
11.3710752479833
