0
0
0.0274509803921569
0.0784313725490196
0.164705882352941
0.243137254901961
0.349019607843137
0.43921568627451
0.529411764705882
0.541176470588235
0.505882352941176
0.498039215686275
0.450980392156863
0.4
0.352941176470588
0.325490196078431
0.313725490196078
0.266666666666667
0.231372549019608
0.192156862745098
0.176470588235294
0.16078431372549
0.133333333333333
0.113725490196078
0.0862745098039216
0.0705882352941176
0.0549019607843137
0.0470588235294118
0.0352941176470588
0.0274509803921569
0.0274509803921569
0.0156862745098039
0.0117647058823529
0.00784313725490196
0.00784313725490196
0.00784313725490196
0.00784313725490196
0.00392156862745098
0
0
0
0
0
0
0
0
0
0
0
0
0
0
0
0
0
0
0
0
0
0
0
11.7061877968871
