0
0
0.0196078431372549
0.0470588235294118
0.101960784313725
0.16078431372549
0.235294117647059
0.32156862745098
0.4
0.474509803921569
0.490196078431373
0.498039215686275
0.490196078431373
0.474509803921569
0.462745098039216
0.423529411764706
0.372549019607843
0.325490196078431
0.282352941176471
0.266666666666667
0.235294117647059
0.219607843137255
0.184313725490196
0.16078431372549
0.145098039215686
0.137254901960784
0.117647058823529
0.109803921568627
0.0862745098039216
0.0745098039215686
0.0666666666666667
0.0666666666666667
0.0470588235294118
0.0431372549019608
0.0313725490196078
0.0313725490196078
0.0274509803921569
0.0274509803921569
0.0235294117647059
0.0117647058823529
0.0117647058823529
0.0117647058823529
0.0117647058823529
0.0117647058823529
0.00784313725490196
0.00392156862745098
0.00392156862745098
0
0
0
0
0
0
0
0
0
0
0
0
0
0
7.04480990946842
