0
0
0.0235294117647059
0.0392156862745098
0.0941176470588235
0.16078431372549
0.254901960784314
0.352941176470588
0.47843137254902
0.537254901960784
0.537254901960784
0.545098039215686
0.498039215686275
0.43921568627451
0.349019607843137
0.333333333333333
0.298039215686275
0.247058823529412
0.235294117647059
0.180392156862745
0.16078431372549
0.141176470588235
0.12156862745098
0.105882352941176
0.0823529411764706
0.0823529411764706
0.0549019607843137
0.0509803921568627
0.0392156862745098
0.0352941176470588
0.0196078431372549
0.0156862745098039
0.00784313725490196
0.00392156862745098
0.00392156862745098
0.00392156862745098
0.00392156862745098
0.00392156862745098
0.00392156862745098
0.00392156862745098
0.00392156862745098
0
0
0
0
0
0
0
0
0
0
0
0
0
0
0
0
0
0
0
0
11.8767703140108
