0
0
0.0196078431372549
0.0470588235294118
0.0627450980392157
0.117647058823529
0.168627450980392
0.223529411764706
0.262745098039216
0.27843137254902
0.294117647058824
0.286274509803922
0.325490196078431
0.329411764705882
0.32156862745098
0.313725490196078
0.305882352941176
0.32156862745098
0.317647058823529
0.294117647058824
0.294117647058824
0.266666666666667
0.258823529411765
0.235294117647059
0.192156862745098
0.184313725490196
0.168627450980392
0.145098039215686
0.117647058823529
0.105882352941176
0.0980392156862745
0.0784313725490196
0.0745098039215686
0.0549019607843137
0.0549019607843137
0.0509803921568627
0.0470588235294118
0.0313725490196078
0.0235294117647059
0.0196078431372549
0.0156862745098039
0.0196078431372549
0.0196078431372549
0.0196078431372549
0.0156862745098039
0.00784313725490196
0.00392156862745098
0.00392156862745098
0.00392156862745098
0.00392156862745098
0.00392156862745098
0.00392156862745098
0.00392156862745098
0
0
0
0
0
0
0
0
2.98884781045436
