0
0
0.0117647058823529
0.0549019607843137
0.105882352941176
0.172549019607843
0.270588235294118
0.372549019607843
0.447058823529412
0.513725490196078
0.486274509803922
0.470588235294118
0.415686274509804
0.403921568627451
0.388235294117647
0.356862745098039
0.317647058823529
0.282352941176471
0.250980392156863
0.219607843137255
0.196078431372549
0.164705882352941
0.141176470588235
0.141176470588235
0.133333333333333
0.113725490196078
0.0941176470588235
0.0862745098039216
0.0627450980392157
0.0509803921568627
0.0392156862745098
0.0352941176470588
0.0313725490196078
0.0313725490196078
0.0274509803921569
0.0274509803921569
0.0235294117647059
0.0196078431372549
0.0117647058823529
0.0117647058823529
0.0117647058823529
0.0117647058823529
0.0117647058823529
0.0117647058823529
0.0117647058823529
0.0117647058823529
0.0117647058823529
0.0117647058823529
0.0117647058823529
0.0117647058823529
0.0117647058823529
0.0117647058823529
0.0117647058823529
0.0117647058823529
0.0117647058823529
0.00784313725490196
0.00784313725490196
0.00784313725490196
0.00392156862745098
0.00392156862745098
0.00392156862745098
9.98719511158898
