0
0
0.0235294117647059
0.0392156862745098
0.0588235294117647
0.125490196078431
0.207843137254902
0.274509803921569
0.32156862745098
0.372549019607843
0.384313725490196
0.403921568627451
0.4
0.403921568627451
0.388235294117647
0.384313725490196
0.356862745098039
0.345098039215686
0.333333333333333
0.301960784313725
0.282352941176471
0.258823529411765
0.235294117647059
0.219607843137255
0.196078431372549
0.156862745098039
0.133333333333333
0.129411764705882
0.125490196078431
0.12156862745098
0.117647058823529
0.0980392156862745
0.0980392156862745
0.0901960784313725
0.0784313725490196
0.0784313725490196
0.0705882352941176
0.0627450980392157
0.0588235294117647
0.0549019607843137
0.0549019607843137
0.0509803921568627
0.0431372549019608
0.0352941176470588
0.0352941176470588
0.0313725490196078
0.0313725490196078
0.0313725490196078
0.0313725490196078
0.0274509803921569
0.0156862745098039
0.00784313725490196
0.00784313725490196
0.0117647058823529
0.00392156862745098
0.00392156862745098
0.00392156862745098
0.00392156862745098
0.00392156862745098
0.00392156862745098
0.00392156862745098
3.68885462572524
