0
0
0.0235294117647059
0.0627450980392157
0.137254901960784
0.301960784313725
0.415686274509804
0.470588235294118
0.568627450980392
0.568627450980392
0.588235294117647
0.552941176470588
0.501960784313725
0.43921568627451
0.419607843137255
0.36078431372549
0.329411764705882
0.282352941176471
0.254901960784314
0.227450980392157
0.207843137254902
0.180392156862745
0.172549019607843
0.16078431372549
0.141176470588235
0.12156862745098
0.117647058823529
0.0941176470588235
0.0705882352941176
0.0627450980392157
0.0509803921568627
0.0352941176470588
0.0352941176470588
0.0313725490196078
0.0196078431372549
0.0196078431372549
0.0196078431372549
0.0196078431372549
0.0117647058823529
0.00784313725490196
0.00392156862745098
0.00392156862745098
0.00392156862745098
0.00392156862745098
0.00392156862745098
0.00392156862745098
0.00392156862745098
0
0
0
0
0
0
0
0
0
0
0
0
0
0
13.260636975581
