0
0
5.4377903701
16.5867883819
35.1854574367
62.019992384
93.3878361537
121.514943991
139.851921185
146.711884653
143.117125177
134.027465157
122.505175468
110.319911337
98.4284419373
87.3053404934
77.1508610715
68.0150038535
59.8692864557
52.6473130809
46.2672253062
40.6437145078
35.6943058143
31.3422823166
27.5178517083
24.1583716224
21.2080627681
18.6175054007
16.3430660647
14.3463058055
12.5934011523
11.0546153299
9.70381886763
8.51806015898
7.47718359977
6.56349160816
5.7614463639
5.05740709458
4.43939895172
3.89690983664
3.42071188583
3.00270467396
2.63577752151
2.31368859583
2.03095876708
1.78277842365
1.56492566811
1.37369450551
1.2058318046
1.05848196083
0.929138320555
0.815600540505
0.715935231988
0.628449072033
0.551653779143
0.484242865555
0.425069596513
0.37312732719
0.327532426903
0.287509246662
12.5908428900675
