0
0
5.01821556205
13.5053148578
24.8678152828
38.8623550438
54.6269222607
70.9924555057
86.9063162281
100.998413017
111.203293278
116.779140418
117.916648948
115.382011101
110.14469231
103.188249119
95.2926089348
86.9996663736
78.751456203
70.8060104971
63.3396006274
56.4463686543
50.1648945112
44.4867560276
39.3905161819
34.8310247186
30.7673938339
27.1590550394
23.9620691323
21.1310975808
18.6247678271
16.4142276541
14.4611842162
12.7383396853
11.2195188192
9.88200581932
8.70191815175
7.66496489642
6.75002021781
5.94438922829
5.23766501236
4.61544469676
4.06700385371
3.58402125389
3.15885774823
2.78392333326
2.45201440901
2.1589318674
1.90460534605
1.67800610817
1.47873513901
1.30433162237
1.14901265436
1.01464583417
0.895267576024
0.791247627906
0.7003270801
0.619070492624
0.546896889455
0.483851205124
5.48231574998371
