0
0
5.02247034627
13.5352168348
24.9643920892
39.0791204944
55.0133502516
71.5709137958
87.6524598755
101.838334697
112.035760958
117.509346534
118.480648122
115.753822843
110.329869811
103.211839727
95.1880621317
86.8011744332
78.4896031544
70.5059404876
63.0207738571
56.1231099141
49.8472671894
44.1814828348
39.1018027841
34.5612391557
30.5175989313
26.9294083706
23.752121153
20.9400088302
18.4514647646
16.2575109387
14.319803944
12.611046902
11.105099036
9.77930025648
8.60983644216
7.58249156255
6.67621694224
5.8783944768
5.17869150443
4.56277579067
4.01998941618
3.54207311445
3.12144497991
2.75056758394
2.42228542428
2.13244322422
1.88101031123
1.65699377797
1.46002707806
1.28767863975
1.13419186941
1.00145803638
0.883534752589
0.780810807249
0.691044330925
0.610815157621
0.539556039473
0.477324193985
5.55595001665687
