0
0
5.378409828
16.1350153163
33.6380201542
58.6054061708
88.1344965685
115.748455725
135.273731486
144.186628088
143.307065247
135.42661603
124.386512306
112.325018598
100.382498317
89.1278133
78.810149373
69.5046706046
61.1954038698
53.8217028426
47.3038602095
41.5568984265
36.4977025167
32.0485132715
28.1383457555
24.703354678
21.6866232172
19.0376846629
16.7119548271
14.6701474593
12.8776868716
11.3041712598
9.92288474454
8.71035949079
7.64598592314
6.71166750294
5.89151594878
5.17158271037
4.53962269225
3.98488652871
3.4979380587
3.07049399964
2.69528315232
2.36592277568
2.07681004805
1.82302677978
1.6002557628
1.40470733799
1.23305493336
1.08237847786
0.950114728973
0.834013669615
0.732100232839
0.642638739404
0.564109492413
0.49517651503
0.434667175938
0.381552101868
0.334927711093
0.294000841592
11.6029741891105
