0
0
5.0219312127
13.531426295
24.9521444908
39.0516249667
54.964342104
71.497604601
87.558033133
101.732274212
111.930964782
117.417802477
118.410347497
115.707910947
110.307513578
103.209774283
95.2020074099
86.8267936903
78.5230410511
70.5440432372
63.0611116208
56.1639020783
49.8872689434
44.2198676149
39.1380578356
34.595079993
30.5489025715
26.9581633706
23.7783904862
20.9639029286
18.4731222367
16.2770852214
14.3374540602
12.6269311599
11.1193709556
9.7921060093
8.62131334015
7.59276731155
6.68540940836
5.88661177406
5.18603234396
4.56932995839
4.02583830982
3.54729032864
3.12609690954
2.7547140184
2.42598011556
2.13573442706
1.88394130634
1.6596033584
1.46234997273
1.28974591908
1.13603131395
1.00309446846
0.884990346353
0.782105359096
0.692195510192
0.611838727742
0.540466051559
0.478133167641
5.54662147202637
