0
0
5.38027359159
16.1491198246
33.6862089293
58.7123278564
88.3019787104
115.938116454
135.43104092
144.279590172
143.335783196
135.408507477
124.340410014
112.265001518
100.31764826
89.0634766597
78.7492143912
69.4485144289
61.1445186656
53.7760860502
47.2632492721
41.5209077644
36.4659020966
32.0204713567
28.113651157
24.6816276686
21.6675189431
19.020893417
16.6972008524
14.6571862079
12.8663021485
11.294172334
9.91410358714
8.70264821511
7.63921445653
6.70572149384
5.8862948994
5.16699831887
4.53559738583
3.98135216845
3.49483479784
3.06776927819
2.69289081235
2.36382228325
2.07496580918
1.82140753925
1.59883407589
1.40345910635
1.23195899732
1.08141625829
0.949269912771
0.833271933438
0.731449000509
0.64206696864
0.56360748823
0.494735764925
0.434280206074
0.38121235025
0.33462941634
0.293738945269
11.6340683006769
