0
0
5.52892761382
17.2896152248
37.6058563596
67.2697513146
101.063430498
129.253628825
145.307238173
149.151425849
143.143190417
132.550278928
120.244521673
107.744849075
95.8150859958
84.8033055781
74.8329111955
65.9094458639
57.979828782
50.9647947229
44.7763577003
39.3268789214
34.5336013319
30.3205860321
26.6193202776
23.3686272706
20.5142033572
18.0080448065
15.8078316897
13.8763130398
12.1807306152
10.6922958084
9.38571916154
8.23879099941
7.23200971563
6.34825345769
5.57249079118
4.89152607794
4.2937756069
3.76907087771
3.30848580826
2.9041849928
2.5492904666
2.23776473154
1.96430806459
1.72426836877
1.51356203684
1.32860448347
1.1662491653
1.02373405226
0.898634639723
0.788822702441
0.692428155288
0.607813263901
0.533538490458
0.468340274785
0.411109436388
0.360872341404
0.316774338342
0.278065217983
14.0959119665135
