0
0
5.60050480445
17.8493805305
39.5410110245
71.3718993547
106.706955878
134.41891751
148.482177955
149.012437936
141.800623312
130.813679994
118.446253879
106.025660845
94.2317281263
83.3736031849
73.5563542021
64.7771498482
56.9795002178
50.0832168777
44.0006082519
38.6448957381
33.934401736
29.7943129406
26.1572039893
22.9629036925
20.1580217713
17.6953713231
15.5333605798
13.6353813878
11.9692423915
10.5066540123
9.22276559696
8.09575305189
7.10645343998
6.23804229523
5.47574927736
4.80660795697
4.21923582877
3.70364101063
3.2510524529
2.85377083341
2.50503763767
2.19892021744
1.93021088383
1.69433832487
1.48728984423
1.30554310042
1.14600618628
1.00596503016
0.883037224343
0.775131495423
0.680410189731
0.597264048994
0.524278523583
0.460211992386
0.40397453166
0.354609410804
0.311276815732
0.273239561257
15.2687140478699
