0
0
5.39252390602
16.2419491191
34.0035740666
59.4156065729
89.3988674937
117.170838035
136.442446045
144.867195434
143.507001289
135.279880278
124.034628049
111.872563443
99.8963705021
88.6471052212
78.3558040009
69.0865431976
60.8168921021
53.4826156946
47.0021352557
41.289599474
36.2615894814
31.840350454
27.9550609001
24.5421162387
21.5448630876
18.913098598
16.6024925331
14.5739915673
12.793231299
11.2299994839
9.85774911326
8.6531620985
7.59576124658
6.66756681065
5.85279340328
5.13758303767
4.50977027622
3.95867578619
3.47492495717
3.05028858943
2.67754299652
2.35034717282
2.06313495366
1.8110203435
1.58971440718
1.39545231372
1.22492929341
1.07524441984
0.943851261003
0.828514560481
0.727272211886
0.638399914145
0.560387964085
0.491909155767
0.431798561878
0.379033572276
0.332716543217
0.292059526157
11.8383036680376
