0
0
5.11082029883
14.1625749554
27.0103965597
43.6909467453
63.1824711713
83.5397777191
102.493007715
117.587076696
126.449640396
128.885666425
126.022955902
119.479768933
110.767432996
101.09833209
91.2667097521
81.7188441711
72.7602924037
64.5120521007
57.0317688044
50.3187609995
44.33992038
39.0349063412
34.3459043488
30.2030998248
26.5494188212
23.334091209
20.4993519135
18.0040086166
15.8119545681
13.8843141832
12.1902809314
10.7021547195
9.39524734366
8.24768218581
7.24014120426
6.35560075452
5.57907998712
4.8974074655
4.29900923689
3.77371881308
3.31260811982
2.90783783187
2.55252527763
2.24062807839
1.96765169105
1.72767213145
1.51681417082
1.33160831273
1.16897009642
1.02617004681
0.900799872971
0.79073861555
0.694118608984
0.609302096045
0.534848238982
0.469491632757
0.412121081517
0.361760958982
7.07757728749441
