0
0
5.3414407858
15.856261316
32.6874711314
56.489486411
84.7819220534
111.872397067
131.960745453
142.135268247
142.575936469
135.692348787
125.268764924
113.527675105
101.708933107
90.4593037287
80.0807471719
70.6815923815
62.2656628681
54.7836085066
48.1618115598
42.3182984883
37.1711624621
32.6428560203
28.6620728449
25.1643763579
22.0921590655
19.3942380904
17.0253373297
14.9455192319
13.1196162157
11.5166927294
10.1095556536
8.87431281349
7.78997873455
6.83812472952
6.00256953487
5.26910647697
4.6252632408
4.06009056558
3.56397651042
3.12848326832
2.74620383318
2.41063612876
2.1160724866
1.85750260948
1.63052837999
1.43128907124
1.25639569139
1.10287334755
0.968110650334
0.849815299311
0.745975094605
0.654821752514
0.5748069346
0.504569522839
0.442914800552
0.38879400332
0.341286521822
0.299584242044
10.9850097809019
