0
0
5.24277157407
15.1219326325
30.2027598622
50.9093540039
75.6152447668
100.524096613
121.222543165
134.393849264
138.653569142
135.600824522
127.765458595
117.413615647
106.060336284
94.8030648261
84.1866280623
74.4497689962
65.6653578501
57.8195072158
50.8557507309
44.6993659878
39.270475286
34.4908371969
30.2871812034
26.5925740205
23.3467860248
20.4961017179
17.9928793493
15.7950222206
13.8654289566
12.1714422868
10.6843441026
9.37889587638
8.23292593721
7.22696187448
6.34390482961
5.56874185188
4.88829240568
4.29098527805
3.76666241357
3.30640652517
2.90238965572
2.54774017689
2.2364259994
1.96315202967
1.72327014152
1.51270013929
1.32786037276
1.16560682653
1.02317964974
0.898156217724
0.788409928019
0.69207208481
0.607506177091
0.533273713034
0.468112036851
0.410912749951
0.360702894613
0.316628404089
9.32444127305474
