0
0
5.8557030935
19.897636635
46.6246384923
85.5016379632
123.704723512
147.309222993
153.481134278
148.916107494
138.837007537
126.471757298
113.614908101
101.196235121
89.6557237225
79.1649564069
69.7529901291
61.3766972525
53.9595081514
47.4123986656
41.6448891892
36.570650562
32.1099990372
28.1907881448
24.7484631074
21.725648838
19.0715774763
16.7414701088
14.695898754
12.9001832895
11.3238419527
9.94009558915
8.72542493297
7.65917773315
6.7232214928
5.90163729352
5.18045027395
4.54739261551
3.99169525018
3.50390488582
3.07572331467
2.69986631547
2.36993977367
2.08033092629
1.82611288915
1.6029608467
1.40707848121
1.23513339101
1.08420040001
0.951711794466
0.835413640582
0.733327440063
0.643714520624
0.565052537215
0.496003205339
0.435391870577
0.382187386888
0.335484618846
0.294489042676
0.258503229061
19.3863711305287
