0
0
4.930192166
12.8931303765
22.911390811
34.4996772018
46.8352111224
59.1626269501
71.1842941111
82.4190408731
91.4562464684
97.7311657249
101.159122405
101.965970319
100.531753066
97.3517469822
92.8767978572
87.4701204984
81.514019034
75.2860781299
69.0261281405
62.9108322773
57.0637358227
51.554535584
46.4290173282
41.6973456906
37.3626977853
33.4187999979
29.8478527838
26.6239902598
23.7200423161
21.11728692
18.7844552146
16.6989043539
14.8373550868
13.1786883507
11.6996694975
10.3859759738
9.21597869714
8.17615312842
7.25505729322
6.43713314199
5.71043627339
5.06540556939
4.49317615438
3.98496883925
3.53244076571
3.1303122128
2.77750019115
2.46203670926
2.18264723481
1.93606276573
1.71575788533
1.52291775137
1.35095711067
1.19967708313
1.06630176569
0.946925320605
0.840537148673
0.746792243034
3.95131384257542
