0
0
5.57669041077
17.6623941214
38.8940939677
70.0108078322
104.869530467
132.78603408
147.520702037
148.715279737
141.96003727
131.230815364
118.983044802
106.59836876
94.7937808836
83.9013135764
74.0393466671
65.2124665214
57.368123114
50.4280742315
44.3054593718
38.9137197013
34.1710805452
30.0024768769
26.3401654376
23.1236440197
20.2991996618
17.8193457016
15.6422145754
13.7309514712
12.0531451897
10.5803112619
9.28742685828
8.15251611129
7.15628248605
6.28178402743
5.51414713515
4.84031466179
4.24882442366
3.72961456858
3.27385260951
2.87378528321
2.52260671834
2.21434269181
1.94374901691
1.70622234143
1.49772184236
1.31470048725
1.15404469424
1.01302136483
0.889231388915
0.780568831247
0.685183169259
0.60145384469
0.527956391622
0.46344048217
0.40680855005
0.357097155887
0.313460596511
0.275156517194
14.8794037609979
