0
0
5.61032813079
17.9267257278
39.8087071536
71.9319823859
107.452857723
135.068347255
148.853419144
149.117500902
141.726741296
130.640627391
118.228370265
105.795382825
94.0068845815
83.1631389565
73.3640885042
64.604075329
56.8251153879
49.9462924546
43.8796123287
38.5382255978
33.8405029959
29.7117369138
26.0846316117
22.8991492819
20.1020289016
17.6462032153
15.4901903049
13.597480128
11.935968696
10.4774438345
9.19712324536
8.07324307287
7.08669339343
6.22069635576
5.46052258462
4.79324163725
4.20750261396
3.69334138598
3.24201127176
2.84583434333
2.49807086854
2.19280468796
1.92484258769
1.68962596269
1.48315327136
1.30191196422
1.14281872987
1.00316704225
0.880581117365
0.772975496246
0.678517628598
0.595602737324
0.522820205188
0.458931863847
0.402850820256
0.353623004204
0.310410936931
0.272479483228
15.4290455159178
