0
0
5.25122811885
15.1843100891
30.4125916167
51.3826698948
76.4096889088
101.549575861
122.254418546
135.203925043
139.129600076
135.753944283
127.670790497
117.157356267
105.714519072
94.4190287227
83.7973214158
74.0746495849
65.3148575396
57.4983592751
50.5652535914
44.4388475763
39.038205542
34.2845874367
30.1045502351
26.4311773414
23.204357339
20.3705395883
17.8822666682
15.6976321044
13.7797156104
12.0960288812
10.6180085572
9.32055613586
8.18162562383
7.1818567837
6.30425048628
5.53388220026
4.85764962403
4.26405066389
3.74298826319
3.28559892204
2.88410208095
2.53166785774
2.22230091714
1.95073851418
1.7123609867
1.50311317977
1.31943546851
1.1582032079
1.01667358045
0.892438938369
0.783385846718
0.687657184013
0.603626617142
0.529864598152
0.465116334456
0.408280338536
0.358389726971
0.314595771698
9.4674097682336
