0
0
5.60291584434
17.8683526171
39.6066695083
71.5094446234
106.890685875
134.579604457
148.574630762
149.039131741
141.782900555
130.771256162
118.39258819
105.968826415
94.1761737309
83.3215675245
73.508799289
64.7343305435
56.9412982905
50.0493316075
43.9706625849
38.6184942331
33.9111604006
29.7738736395
26.1392404885
22.9471226654
20.1441618202
17.6832006275
15.5226744866
13.625999515
11.9610059742
10.49942344
9.21641817583
8.09018099666
7.1015620865
6.23374851707
5.47198008766
4.80329927635
4.216331401
3.70109144917
3.248814403
2.85180623603
2.50331308297
2.19740637708
1.92888201251
1.69317182266
1.48626587239
1.30464424405
1.14521715824
1.00527241111
0.88242923455
0.774597794434
0.679941700365
0.596852803324
0.523917527097
0.45989510526
0.403696364282
0.354365232108
0.311062472735
0.273051408425
15.3080797256444
