0
0
5.21760255412
14.9369092234
29.581855552
49.5072846298
73.2452151955
97.4196488015
118.026948603
131.802767866
137.048466716
134.990935002
127.946400782
118.128398537
107.164396075
96.0553100716
85.4537462546
75.6616614058
66.7884036512
58.8407105891
51.781219699
45.5273996106
40.0056521565
35.1405124693
30.8596478086
27.0961190463
23.7892246808
20.8845952508
18.333873809
16.0942609717
14.1279921548
12.4018099994
10.8864582592
9.55622019926
8.38850151172
7.36345748581
6.46366194632
5.67381450559
4.98048237813
4.37187306026
3.83763440023
3.36867887963
2.95702924265
2.59568291831
2.27849296963
2.00006356761
1.75565822488
1.54111923546
1.35279695446
1.18748771717
1.04237934281
0.915003296769
0.803192698023
0.705043516679
0.618888231444
0.543261196318
0.476875787734
0.418602716555
0.367450649176
0.322549395359
8.89820080193945
