0
0
5.68701627078
18.5347705554
41.9142333134
76.2698561837
113.027750052
139.677241824
151.297697229
149.644050031
141.02801203
129.2925161
116.604472474
104.112499818
92.3811444449
81.650978803
71.9881489405
63.3686143987
55.7248908808
48.9715673627
43.0189068077
37.7798000438
33.1731057902
29.1249522288
25.5690153245
22.446234509
19.7042824174
17.2969573622
15.1835613668
13.3282851389
11.6996476167
10.2699878781
9.01501005192
7.9133787194
6.94636087109
6.0975099901
5.35238782372
4.69831963794
4.12417908891
3.6201992192
3.17780645797
2.78947485445
2.4485980949
2.14937714271
1.88672159973
1.65616311615
1.45377937888
1.27612738698
1.12018488002
0.983298923457
0.863140776618
0.757666275727
0.665079115082
0.583806343098
0.512465269805
0.449842248347
0.394871909116
0.346619075309
0.304262852907
0.26708266487
16.6755971696407
