0
0
5.57754544593
17.6690949219
38.9172695864
70.0597509453
104.936208755
132.846113776
147.556781966
148.727047479
141.954838917
131.215916468
118.963566244
106.577446917
94.7731741001
83.8819243173
74.0215765054
65.1964364496
57.353804236
50.4153629931
44.294219799
38.9038066403
34.1623517755
29.9947990758
26.3334167739
23.1177147333
20.2939918105
17.8147723499
15.6381989299
13.7274258183
12.0500499135
10.5775939283
9.28504137991
8.15042199653
7.15444416962
6.28017027684
5.51273052627
4.83907111646
4.24773280263
3.72865631353
3.27301142835
2.87304687363
2.52195852493
2.21377369284
1.94324953702
1.70578388721
1.49733695801
1.31436262784
1.15374811441
1.01276102116
0.889002854163
0.780368219061
0.685007068043
0.601299259726
0.527820694026
0.46332136427
0.406703986127
0.357005367726
0.313380023162
0.275085788427
14.8933969346099
