0
0
5.55693204488
17.5078172428
38.3596427832
68.8784596328
103.31428062
131.367076547
146.653187183
148.418843203
142.067885194
131.572677509
119.437128333
107.089343376
95.2790849973
84.3589134977
74.4592952187
65.5916218621
57.706999085
50.7290197984
44.571632654
39.1485214356
34.3778571903
30.1843732409
26.5000596265
23.2641314623
20.4225978186
17.9277124664
15.7373682915
13.8144958139
12.1264922524
10.6447031519
9.34395541744
8.2021406664
7.19984568378
6.32002588118
5.5477174408
4.8697839463
4.27469358521
3.75232335626
3.29378707732
2.89128433964
2.53796787954
2.2278271343
1.95558601443
1.71661316067
1.50684316338
1.32270740642
1.16107336056
1.01919129438
0.894647496651
0.785323214654
0.689356675609
0.60511744253
0.531172380254
0.466263549105
0.409286701274
0.359272532155
0.315370189921
0.276832800221
14.5557268227909
