0
0
5.42491631307
16.4884234956
34.8478814656
61.2785910768
92.2641689894
120.313379636
138.933242784
146.236486527
143.030841641
134.201919434
122.826264666
110.708004953
98.8341886534
87.7006530723
77.5211762201
68.3538708875
60.174901278
52.9204036119
46.5097888821
40.8583382789
35.8837229337
31.5091705058
27.6647251709
24.2875321378
21.3215886409
18.7172557348
16.4306917541
14.4232680633
12.6609899562
11.1139675274
9.75593519645
8.56382085399
7.51736248995
6.59876872881
5.79241917167
5.08460040002
4.46327369266
3.91787081371
3.43911457463
3.01886121902
2.64996200728
2.32614167997
2.04189175199
1.79237683364
1.57335239166
1.38109255525
1.21232674126
1.06418402194
0.934144289721
0.819995388881
0.719793560848
0.63183637572
0.554627557421
0.486853601208
0.427361608976
0.375139525727
0.329298970959
0.289060125635
12.3771566989426
