0
0
5.25160851375
15.1871184596
30.4220445256
51.4039858811
76.4453980738
101.595488522
122.300338994
135.239666474
139.15030293
135.76026726
127.66617693
117.145674166
105.69896573
94.4018647197
83.7799871135
74.0579889569
65.299318222
57.4841401582
50.5524045327
44.4273335396
39.0279463604
34.2754820805
30.0964909046
26.4240574804
23.1980760412
20.365003499
17.877390759
15.6933398787
13.7759386577
12.0927063135
10.6150863621
9.31798651279
8.17936634111
7.17987057566
6.30250449922
5.53234748979
4.85630070309
4.26286509868
3.74194631356
3.28468322229
2.88329735723
2.5309606782
2.2216794713
1.95019241835
1.71188111242
1.50269150265
1.31906493516
1.15787761874
1.01638748663
0.892187551033
0.783164957206
0.687463093602
0.603456075474
0.529714748829
0.464984667407
0.408164648048
0.358288074814
0.314506454709
9.47383794380456
