0
0
5.70350462203
18.6664680937
42.370284895
77.1930218132
114.167896652
140.566802278
151.729202125
149.70036918
140.856829947
129.006563819
116.273547099
103.775856131
92.0592303868
81.3533673248
71.7183679624
63.1269600187
55.510024507
48.7814051191
42.8511027658
37.6320033846
33.0430876157
29.0106619976
25.4686009872
22.3580396816
19.6268354828
17.2289575676
15.1238614609
13.2758749729
11.6536387261
10.2295993702
8.97955589011
7.88225637554
6.91904125956
6.0735285722
5.33133676517
4.67984090553
4.1079583797
3.6059606253
3.16530777971
2.7785034842
2.43896740267
2.14092330276
1.87930080454
1.6496491306
1.44806139317
1.27110813183
1.11577897212
0.979431413098
0.859745872753
0.754686226825
0.662463225787
0.581510113905
0.510449637997
0.448072925083
0.393318795674
0.345255751056
0.303066125838
0.266032177069
16.9424386746045
