0
0
5.20768829355
14.864287002
29.3387824902
48.9578990248
72.3100011096
96.1763828372
116.717378441
130.705932023
136.333749067
134.68068849
127.969726728
118.38501834
107.562410981
96.6011556325
86.0294555319
76.2131318616
67.2933885147
59.2925264577
52.1727238316
45.868364781
40.3035556392
35.4013159559
31.0882558242
27.2966585002
23.9652233943
21.0390984634
18.4695280694
16.2133751196
14.2325872877
12.4936574186
10.9671118269
9.62704379502
8.45069264094
7.41806775369
6.51161490928
5.71592128754
5.01745535859
4.40433788624
3.86614053391
3.39370886352
2.97900683939
2.61498026211
2.29543684938
2.0149409468
1.76872109079
1.55258885891
1.36286763153
1.19633005569
1.05014314892
0.921820110099
0.809178018137
0.710298760209
0.623502445357
0.547312567522
0.480432970065
0.42172598907
0.370192938825
0.324957173567
8.7300017639702
