0
0
5.07893489752
13.9347507783
26.2631787129
42.0031638687
60.2069782507
79.2428967172
97.3044419479
112.299529008
121.881107866
125.57073148
124.125571472
118.881299098
111.20611867
102.280474338
92.9285999341
83.6497887234
74.8047722404
66.5622803686
59.0173561197
52.1969425653
46.0874256306
40.641678369
35.8105253174
31.529551926
27.74490019
24.40752322
21.4682421806
18.8787308226
16.5961834144
14.591339
12.8261728389
11.2740894094
9.90986877319
8.71188673798
7.65741148673
6.73330571517
5.9195663594
5.20134962819
4.56868717341
4.01208698984
3.52279600383
3.09289308686
2.71529322548
2.38370296526
2.09336517796
1.83891103092
1.61496433841
1.41805300974
1.24501677513
1.09301968592
0.959536769432
0.842331555277
0.739429568553
0.649089241606
0.569782193261
0.500162759748
0.439048657019
0.385401393469
6.53003632146485
