0
0
4.82710925069
12.1923000175
20.7252005776
29.7153112536
38.3430183227
46.1026170232
53.1635063266
59.6462822632
64.7171678651
68.2377535462
70.3428449233
71.2659816723
71.2254580567
70.4530710974
69.0970403562
67.2219846965
64.9494525224
62.3506853228
59.5159869892
56.5252597738
53.4488390898
50.3361965108
47.2364635239
44.1787694649
41.1947169743
38.311596124
35.5469786897
32.9098382624
30.4058730627
28.0465910327
25.8278988511
23.7511076321
21.8137953355
20.0127881126
18.3401166441
16.7943201611
15.364520848
14.0460747864
12.8348309682
11.7211642879
10.6978828792
9.75918098763
8.89911953733
8.1111544998
7.38859966633
6.72735216307
6.12712912069
5.57647186597
5.07434213515
4.61750728092
4.19932415144
3.8207287694
3.47480506003
3.16094613766
2.87592216375
2.61533804153
2.37766179955
2.16201556253
2.14000412235609
