0
0
5.42302800682
16.47401514
34.7984623811
61.1698827942
92.0986076149
120.134868502
138.795157019
146.163602377
143.016039092
134.226483863
122.873224552
110.765379304
98.8944888673
87.7595837619
77.5764890108
68.4045529269
60.2206513964
52.9613109124
46.5461418172
40.8905145679
35.9121272003
31.5342018109
27.6867576388
24.3069096278
21.3386220073
18.7322232808
16.4438407612
14.4348174956
12.6711331791
11.1228749928
9.76375697596
8.57068896717
7.52339301042
6.60406367051
5.79706816743
5.08868218899
4.46685743469
3.92101724859
3.44187704322
3.0212865619
2.65209135509
2.32801114827
2.0435330519
1.79381780838
1.57461748793
1.38220323725
1.21330185432
1.06504011191
0.934895883428
0.820655240409
0.72037479206
0.632346658453
0.555075551565
0.487246909978
0.427706907446
0.375442674232
0.329565114527
0.289293781287
12.3457915128165
