0
0
5.00794350616
13.4332430641
24.6354124992
38.3411854398
53.6972787218
69.5970297537
85.0966248687
98.943939517
109.142776065
114.942818038
116.466797272
114.392233826
109.611693865
103.058547166
95.4890062532
87.4402847414
79.3611977644
71.5218765304
64.1119468082
57.2380013749
50.9491850764
45.2455093609
40.1119917158
35.5082660654
31.3968947483
27.7397413979
24.4945301503
21.617018433
19.0665175892
16.8145688874
14.8230684186
13.0647649858
11.5134352227
10.146253354
8.93918821094
7.87777856033
6.94071832703
6.11512998526
5.39042768544
4.75203667585
4.18906943911
3.69305182222
3.25620264487
2.87080086876
2.52952254894
2.22805852029
1.96623844776
1.73294312737
1.52769134988
1.34794809062
1.18786355134
1.04924502256
0.926074820674
0.818674012236
0.724740053028
0.640798333878
0.566232615616
0.501056234825
5.3044091213372
