0
0
5.79384632861
19.3939448436
44.8869278746
82.1758783442
120.042794882
144.86716229
153.613503359
149.747639928
139.846235007
127.487605831
114.573234645
102.073209482
90.4451372449
79.8687647074
70.3768414991
61.9276914167
54.445059326
47.8396726292
42.0205418868
36.9007294621
32.399927286
28.4453904433
24.9720099996
21.9219097309
19.2438729358
16.8927207214
14.8286717559
13.0167341835
11.426151726
10.0299037689
8.80425881833
7.72837817627
6.78396559722
5.95495837676
5.22725541189
4.58847805468
4.0277599432
3.5355623765
3.10351217276
2.72425929735
2.39135186423
2.0991263984
1.8426115006
1.61744328
1.41979111864
1.2462925062
1.0939958373
0.960310198639
0.842961291927
0.739952742987
0.649530190265
0.570157512315
0.500484336604
0.439325393898
0.38564022174
0.338515506796
0.297149546762
0.260838611044
0.228964968161
18.3972419177011
