0
0
5.20869797699
14.8716762181
29.3634980876
49.0137709795
72.4052741809
96.3035026167
116.852050048
130.819645823
136.408771607
134.714242914
127.968738136
118.359649681
107.522108649
96.553182041
85.9788326745
76.1630613485
67.2457454902
59.2482942842
52.1323181493
45.8318561141
40.2708151209
35.3721082401
31.0622960127
27.2736463317
23.9448633088
21.0211100006
18.453651422
16.1993729724
14.2202455523
12.482784086
10.9575355342
9.6186121418
8.44327043635
7.41153529864
6.50586637044
5.7108631911
5.01300521473
4.40042294503
3.86269666771
3.39067956787
2.97634234299
2.61263673614
2.29337570642
2.01312822017
1.76712688578
1.55118686797
1.36163470635
1.19524582969
1.04918970437
0.92098168475
0.808440746731
0.709650446566
0.622932362344
0.54681128031
0.479992180395
0.421338399
0.369852130169
0.324657501973
0.284985676035
8.74713918437382
