0
0
5.49985368685
17.064181778
36.8281080113
65.5962779296
98.6710334662
126.929650493
143.75456854
148.530763746
143.228497656
133.055283461
120.956928577
108.53186665
96.6010569282
85.5485814897
75.5191207255
66.5302462945
58.5353807044
51.4585627101
45.2133029111
39.71245748
34.8732357523
30.6193995141
26.8820162234
23.5994553663
20.7169627788
18.1861119393
15.964191308
14.0135984303
12.3012610034
10.7981115457
9.47861395391
8.3203409696
7.30359935991
6.41109868911
5.62765931741
4.93995537719
4.33628875921
3.80639049271
3.34124626967
2.93294321809
2.57453535894
2.25992548124
1.98376143897
1.74134511319
1.52855249479
1.34176353083
1.17780054227
1.03387416639
0.907535904586
0.79663646858
0.699287285551
0.613834387247
0.538824036974
0.472980064512
0.415182363626
0.364447661679
0.319912845965
0.28082027976
0.246504912752
13.6172214747471
