0
0
5.85856955435
19.9210851799
46.7053995304
85.6538513851
123.867426195
147.413493207
153.518821867
148.908428916
138.804521779
126.428026694
113.56776064
101.149858733
89.6121856461
79.125138858
69.7171346303
61.3447132466
53.9311448451
47.387338998
41.622800242
36.5512092395
32.092904315
28.1757659588
24.7352674456
21.7140605427
19.0614023251
16.7325367018
14.6880560757
12.8932984623
11.3177981579
9.9347901828
8.72076775726
7.65508961548
6.71963291736
5.89848722911
5.17768514162
4.54496538044
3.98956462337
3.50203462277
3.07408159941
2.69842521963
2.36867478156
2.07922051796
1.82513817435
1.60210524357
1.40632743418
1.23447412321
1.08362169593
0.951203809133
0.834967732094
0.732936022568
0.643370935146
0.564750938651
0.495738462709
0.435159480003
0.381983394882
0.335305555052
0.29433186083
0.258365255163
0.226793864568
19.4320721399562
