0
0
5.42093550512
16.4580545032
34.7437278795
61.0494317892
91.9149235467
119.936375317
138.641129713
146.081871822
142.99897069
134.25338036
122.925210957
110.829088175
98.9615453521
87.8251737942
77.638086211
68.4610140668
60.2716312179
53.0069025096
46.586662738
40.9263833317
35.943793263
31.5621080919
27.7113215487
24.3285141397
21.3576134337
18.7489117324
16.4585018222
14.4476952179
12.6824431005
11.1328071221
9.77247861143
8.57834728844
7.53011742405
6.60996791127
5.80225216857
5.09323373978
4.47085364526
3.92452584202
3.4449574937
3.02399109647
2.65446583469
2.33009584235
2.04536331918
1.79542469504
1.57602825308
1.38344181455
1.21438925743
1.06599479054
0.935734036036
0.821391088806
0.721020822538
0.632913833739
0.555573496247
0.487684074303
0.428090710167
0.375779628631
0.329860938913
0.289553496015
0.254171611949
12.3110278014506
