0
0
5.03297924922
13.6091949158
25.203710089
39.6167164105
55.971046809
73.00031953
89.4857313556
103.883816382
114.038276733
119.237141777
119.78469899
116.581325792
110.704429241
103.201859524
94.8790359652
86.2776170635
77.8253491826
69.7605314582
62.239490402
55.3387050207
49.0823077846
43.4506903436
38.4140733623
33.921278082
29.927179795
26.3883051096
23.2587943123
20.4920993093
18.0461438731
15.8917200963
13.9904189245
12.3149883824
10.8394026644
9.5411595328
8.39662693529
7.39178155821
6.5057691739
5.72616235366
5.04281083835
4.44155449917
3.91189638393
3.44572635519
3.0355996351
2.6741042404
2.35419903484
2.07183263539
1.8270681784
1.60899725885
1.41732972596
1.24970266962
1.10042115893
0.971431831496
0.856841810148
0.757084285422
0.669957065726
0.592075502463
0.522904221851
0.462528920592
0.408083414934
5.73767839401136
