0
0
5.02984948069
13.5871444068
25.1323200005
39.4562830918
55.6853511969
72.574546607
88.9412451171
103.279036941
113.449913637
118.733789543
119.409369191
116.348054555
110.604749568
103.214490725
94.9781418033
86.4380578024
78.0254123317
69.9828746674
62.471041477
55.5700933816
49.3071446067
43.6648593665
38.6151361778
34.1079938607
30.0991387927
26.5456593971
23.402060738
20.6220186424
18.1635815576
15.9975988215
14.08567277
12.4005322456
10.9161131746
9.60986361729
8.4580955991
7.44672744991
6.5548466003
5.7699687886
5.08188965875
4.47639823264
3.94295014763
3.47339145847
3.06023719454
2.69603867362
2.3737213573
2.08920356509
1.84252111477
1.62274101856
1.42955092663
1.26056799826
1.11007941904
0.980015783832
0.864469880345
0.763862053757
0.67597864183
0.597424734858
0.527655757489
0.466749190563
0.411831534378
5.68357690196977
