0
0
5.81369260115
19.5550645196
45.4433351591
83.2512208423
121.249321391
145.692005981
152.865819099
149.000425507
139.310263817
127.124670164
114.325270515
101.898126765
90.3163088829
79.7699872249
70.2983126349
61.8634157029
54.3912844871
47.7939718468
41.9812786145
36.8667482702
32.3703735676
28.4196046474
24.9494635476
21.9021684783
19.2265730964
16.8775516018
14.8153659399
13.0050599503
11.4159073871
10.0209132603
8.79636814968
7.72145249497
6.77788671393
5.94962265156
5.22257193188
4.58436705318
4.02415142295
3.5323949072
3.10073183915
2.72181877788
2.38920962349
2.09724597894
1.84096090173
1.61599441271
1.41851932729
1.24517614875
1.09301591693
0.959450040364
0.842206258811
0.739289987024
0.648948433511
0.569646855427
0.500036089866
0.438931929765
0.3852948449
0.33821234023
0.296883431734
0.260605019312
0.228759924916
18.7152079525918
