0
0
5.59667654326
17.8192720101
39.4368187738
71.1534028644
106.414355605
134.162042839
148.333570853
148.96881315
141.828194741
130.880983826
118.531725794
106.116333128
94.3204395689
83.4567411723
73.6323592653
64.8456013134
57.0405791707
50.1373994215
44.0484945006
38.6871163799
33.9715698497
29.8270006681
26.1859327038
22.9881422865
20.1801881634
17.7148361824
15.550451159
13.6503861426
11.9824152172
10.5182181778
9.23291732122
8.10466471324
7.11427643384
6.24490956577
5.48177755317
4.81189972127
4.22388105342
3.70771868085
3.25463190726
2.85691294105
2.5077958322
2.20134140485
1.9323362397
1.69620399426
1.4889275562
1.30698070745
1.14726813787
1.00707278858
0.884009629565
0.775985085513
0.68115948235
0.59792178772
0.524855895164
0.460718816627
0.404419428513
0.35499994697
0.311619633353
0.273540490884
0.24011470918
15.2061904559589
