0
0
5.69337324202
18.5855057126
42.0899299138
76.6262236431
113.469801701
140.024267656
151.467645108
149.667710465
140.962623919
129.181980713
116.476098649
103.981690473
92.2559440619
81.5351673581
71.8831320084
63.2745261326
55.641221016
48.8975107436
42.9535534964
37.722236607
33.122465353
29.0804368525
25.529904067
22.4118824582
19.6741165221
17.2704710615
15.1603078529
13.3078709847
11.6817267788
10.2542562054
9.00120033573
7.90125627527
6.93571961917
6.08816899091
5.34418822384
4.69112198137
4.11786095262
3.61465313512
3.1729380875
2.78520138524
2.44484683303
2.14608427665
1.88383111519
1.65362584341
1.4515521565
1.27417232765
1.11846872612
0.981792481336
0.861818420006
0.756505509815
0.664060193505
0.582911932833
0.511680155511
0.44915307415
0.394266951235
0.346088042615
0.303796711855
0.266673485821
0.234086814278
16.7785249325971
