0
0
5.20702529215
14.8594357586
29.3225580374
48.9212208911
72.2474375984
96.092849362
116.628787072
130.631013244
136.284206459
134.658415351
127.970203865
118.40158025
107.588845045
96.632676867
86.0627501899
76.2460843388
67.3247576105
59.321659574
52.1993435264
45.8924219541
40.3251333165
35.4205678863
31.105368817
27.3118297795
23.9786472949
21.0509595134
18.479997289
16.2226087757
14.2407263913
12.5008284643
10.9734277264
9.63260497958
8.45558821094
7.42237660702
6.51540681029
5.71925785782
5.02039098221
4.40692052872
3.86841247817
3.39570736791
2.98076472395
2.61652642951
2.29679674688
2.01613697523
1.76977296625
1.55351393228
1.36368117054
1.19704549377
1.05077230463
0.922373380546
0.809664549393
0.710726597582
0.623878665278
0.547643394087
0.480723877723
0.421981792478
0.370417872347
0.325154961129
0.285423090835
8.71874763967665
