0
0
5.64035025027
18.1638768671
40.6297703509
73.6380241815
109.688174292
136.968160142
149.902019163
149.381366724
141.47606733
130.111000869
117.576180616
105.112804533
93.3439432507
82.5445521385
72.8001141267
64.0970416255
56.3732121582
49.5457201611
43.5257704034
38.2263566137
33.5660206732
29.4703815038
25.8725327771
22.7128326984
19.9384014058
17.502524211
15.3640411883
13.4867298201
11.8387419272
10.3920918378
9.12219719561
8.00747029543
7.02895620799
6.17001334986
5.41603208613
4.75418715513
4.17322002835
3.6632476864
3.21559466131
2.82264554619
2.47771549609
2.17493653557
1.90915774933
1.67585766388
1.47106733298
1.29130282032
1.13350593181
0.994992189923
0.873405165244
0.766676388586
0.672988221587
0.590748980988
0.51855953971
0.455191818213
0.399567778883
0.350741124891
0.307881201024
0.270258861838
0.237234066729
15.9181257574373
