0
0
5.05056258217
13.7333647475
25.6066086362
40.5231005312
57.5831582097
75.3921308688
92.5185988943
107.209068807
117.215778861
121.890728132
121.695719757
117.697210753
111.093713009
102.996270564
94.2277262463
85.3200159496
76.6783644787
68.5152285759
60.9629174547
54.0777666955
47.8681007358
42.3024915586
37.3426241322
32.9313465495
29.019484446
25.5608756598
22.5079882647
19.8132948515
17.4342248796
15.3413985498
13.4964495924
11.8723080445
10.4432130011
9.18697335295
8.08028994419
7.10947638385
6.25400847406
5.50177548855
4.8429251624
4.26357499493
3.75348499804
3.30478098415
2.91023350373
2.56262629068
2.25509563229
1.98375048444
1.74879806518
1.53945929728
1.35556049321
1.19484303209
1.05170536343
0.928177696969
0.818441698535
0.722997222304
0.639701500728
0.565222957416
0.499073721051
0.441381829133
0.389318751819
6.04129589680266
