0
0
5.76033273818
19.1229279009
43.9500654764
80.3434239827
117.936840216
143.380029052
153.001367689
149.77501882
140.231744206
128.040379276
115.182065176
102.678100076
91.0160697779
80.3925354358
70.8493799808
62.3496966984
54.819564671
48.1707098669
42.3124219167
37.1576726253
32.6258843435
28.6439683491
25.1464519114
22.0751078231
19.378392022
17.0108251505
14.932357111
13.1077566676
11.5060554632
10.1000456196
8.8658306409
7.78242663965
6.83140972482
5.99660503277
5.26381294387
4.62056829649
4.05592876675
3.56028896285
3.12521715524
2.74331191244
2.40807623017
2.11380702746
1.8554981383
1.6287551532
1.42972066474
1.2550086467
1.10164685139
0.967026245659
0.84885662562
0.745127655167
0.654072718622
0.574144934472
0.503984488667
0.442397821294
0.388337193234
0.340882903715
0.299227643561
0.262662760484
0.23056620276
17.8589832526762
