0
0
4.97620060229
13.2115822587
23.9240554467
36.750408098
50.8563053082
65.3024584895
79.4460225931
92.3793264408
102.340632079
108.61008454
111.161507491
110.434571669
107.087348379
101.877619319
95.4588242119
88.3259268452
80.9278551811
73.5591684602
66.4443986515
59.7269179766
53.4896711389
47.7613483841
42.550089656
37.8334835036
33.5876532298
29.7844712025
26.3889024754
23.3617655731
20.665818866
18.2748585785
16.1521628431
14.271228406
12.6061331314
11.1340408233
9.83069698615
8.68127770004
7.66402877574
6.76557525627
5.97481390844
5.27665153687
4.65969236514
4.11497306498
3.63424845271
3.2093618743
2.83258328117
2.49922717364
2.2087773854
1.94979891873
1.72152088848
1.52114451108
1.34258051334
1.18741866947
1.04944502633
0.928802909297
0.823029572
0.728505843502
0.644484593523
0.570861270249
0.504599436427
4.75341590054993
