0
0
5.51279638002
17.1643967795
37.1737113837
66.3415687012
99.7428748849
127.980724968
144.466116918
148.823292924
143.199549808
132.833178735
120.638193654
108.177421954
96.2458576899
85.2110812508
75.2079656992
66.2485115083
58.2831142156
51.2342647424
45.0147644355
39.5372264969
34.718864511
30.4835696072
26.7625959506
23.4945167918
20.6247812246
18.1051539923
15.8931009979
13.951179213
12.2464588828
10.7499991617
9.43637598372
8.28326094879
7.27104790331
6.38252302861
5.60257404671
4.91793428541
4.31695763756
3.78942080518
3.32634958816
2.91986633196
2.56305597868
2.24984846496
1.97491547853
1.73357982435
1.52173586225
1.33577966503
1.17254771
1.02926306179
0.90348813123
0.793083206957
0.696168122177
0.611096289946
0.536420452341
0.47087012467
0.413330194373
0.362821771503
0.318485590639
0.279567392338
0.245405090981
13.8304838233625
