0
0
5.45250818176
16.6995213054
35.5727434368
62.8679761722
94.6612251073
122.855503233
140.854556343
147.211257031
143.186382843
133.814529558
122.136944317
109.883107391
97.9759854821
86.8669173463
76.7415885456
67.6413571136
59.5328421107
52.3470099072
46.0006883698
40.4080138702
35.4863746846
31.1591395745
27.3567114488
24.0166909982
21.0835504503
18.5081145975
16.2469810156
14.2619205253
12.5192986051
10.9895471873
9.64668659114
8.4678977174
7.43314189828
6.52482458156
5.72749862592
5.02760300938
4.41323298747
3.87393806452
3.40054449677
2.98499939624
2.62023383376
2.30004264123
2.01897888488
1.77226122389
1.5556925839
1.36558876511
1.19871577241
1.05223480243
0.923653952429
0.810785829795
0.711708414441
0.624738367063
0.548396170046
0.481383027498
0.422558960685
0.370923254946
0.325597485772
0.285810574727
0.250885671507
12.8348023028054
