0
0
5.56678998898
17.58487547
38.626029233
69.4437311683
104.09367442
132.082395951
147.094189081
148.572663364
142.017065998
131.402723826
119.209628216
106.842572239
95.0347471292
84.12828978
74.2475118693
65.4003313448
57.5359830351
50.5771173517
44.4372645166
39.0299797601
34.2734578632
30.0925317536
26.4193247886
23.1931940106
20.3602883511
17.8729923484
15.6893196621
13.7723090933
12.0894545278
10.6121872993
9.31541016008
8.1770816223
7.17784737638
6.3007146506
5.53076517727
4.85490256346
4.26163015352
3.74085582201
3.28372049926
2.88244758216
2.53021070785
2.22101766325
1.94960846823
1.71136590582
1.50223698158
1.31866397827
1.15752393435
1.01607551743
0.891912389347
0.782922269784
0.687249066971
0.603267332385
0.529548308595
0.464837899671
0.408035231804
0.358173962189
0.314405838954
0.27598627006
0.242261655681
14.7172939221627
