0
0
5.18392296199
14.6908158384
28.7596465077
47.6481610454
70.0664435954
93.152969365
113.463191905
127.89544025
134.414894474
133.753782023
127.892507585
118.923533035
108.489593369
97.7374227089
87.3224736911
77.5150132665
68.5304167162
60.4316376348
53.202743307
46.7895551404
41.1218367714
36.1250893601
31.7267085455
27.8588789799
24.4597658327
21.4737985728
18.8514544884
16.5488370729
14.5271811109
12.7523296917
11.1942241873
9.82643612681
8.6257421089
7.57174264639
6.64652305204
5.83435319411
5.12142248376
4.49560641861
3.94626118306
3.46404307916
3.04074986877
2.66918141498
2.34301730172
2.05670937832
1.80538741743
1.5847762911
1.39112326148
1.22113415276
1.07191732036
0.940934465468
0.825957459016
0.725028506892
0.636432873795
0.558663469341
0.490397295702
0.430473115717
0.377871553428
0.331697800153
0.291166392598
8.32612066812364
