0
0
5.31168088337
15.6332865227
31.9298353197
54.7945854464
82.0456285961
108.59802091
129.018697199
140.172485921
141.73181623
136.241268094
126.3679097
114.793563862
102.968801495
91.6390235754
81.1528609631
71.6405953281
63.1160361657
55.5339804417
48.8221265664
42.8984793477
37.6805112077
33.0898274884
29.0542254902
25.5084049548
22.393965189
19.6590090806
17.2576265885
15.1493197219
13.2984289644
11.6735871797
10.2472229498
8.99511262412
7.89598029567
6.93114278348
6.08419578745
5.34073713236
4.68812310808
4.1152541694
3.61238658341
3.17096695445
2.78348688875
2.44335537122
2.1447867093
1.88270215288
1.65264352578
1.45069740495
1.27342856075
1.11782152818
0.981229316263
0.861328383925
0.756079116915
0.66368917778
0.582589112906
0.511399281439
0.448908706449
0.394054355457
0.345903097799
0.303635830933
0.266533546401
10.4858930737128
