0
0
5.14947961358
14.4409093933
27.9293113196
45.769399215
66.8163207267
88.6749297829
108.46758613
123.35507562
131.073636821
131.881598565
127.369787998
119.442457457
109.712444363
99.376537448
89.1630959428
79.4438075009
70.4584203219
62.276439449
54.9180708036
48.349364586
42.52152726
37.3709508109
32.8300438534
28.8328789554
25.3178524514
22.2287815785
19.5151719301
17.132015677
15.0394243163
13.202167514
11.5892037862
10.1732160879
8.93018644458
7.83900965124
6.88114687836
6.04031747952
5.30222612326
4.65432194507
4.08558637937
3.58634649095
3.14811087359
2.76342546245
2.42574688606
2.12933124842
1.86913647495
1.64073657592
1.44024637742
1.26425544454
1.10977007556
0.974162382213
0.855125590935
0.750634805256
0.658910592454
0.578394852709
0.507717896111
0.445677482862
0.391218248651
0.343413793451
0.301450922431
7.73902330625919
