0
0
5.55555017794
17.4970255982
38.3223439465
68.7991743024
103.204480931
131.265622233
146.590038601
148.396299526
142.074510114
131.596397592
119.469169142
107.124227654
95.313693822
84.3916184077
74.4893507453
65.6187823055
57.7312887011
50.7505993982
44.5907241411
39.165365984
34.3926932102
30.1974253553
26.5115337359
23.2742134311
20.4314537167
17.9354898287
15.7441975191
13.8204919377
12.1317565766
10.6493247954
9.34801272401
8.20570247541
7.20297246456
6.32277073981
5.55012701029
4.87189917179
4.27655041542
3.75395335183
3.29521794557
2.89254040452
2.53907049444
2.22879504461
1.95643567591
1.71735901905
1.5074978998
1.32328215294
1.16157788935
1.01963418382
0.895036277163
0.785664496705
0.689656262194
0.605380427606
0.531403235541
0.466466199986
0.40946459356
0.359428690674
0.315507269947
0.276953132625
0.243110390635
14.5330664621918
