0
0
5.84298996632
19.7937528857
46.266686029
84.8244557205
122.975708251
146.837617439
153.307605231
148.947356537
138.980840757
126.666967527
113.826014022
101.404201988
89.8511266745
79.3437501115
69.9140419911
61.5203869561
54.0869470996
47.5250027735
41.7441494858
36.6580161357
32.1868210418
28.2582972925
24.8077644496
21.7777269739
19.117305078
16.7816173576
14.7311442655
12.931124192
11.3510032176
9.96393849506
8.7463546491
7.67755006321
6.73934884381
5.91579394296
5.19287700886
4.55830081357
4.00127046705
3.5123100069
3.08310132335
2.70634272399
2.37562475743
2.08532119764
1.83049334236
1.60680600204
1.41045375255
1.23809619863
1.08680114739
0.953994725713
0.837417593129
0.73508650536
0.645258624668
0.566407948397
0.49719298271
0.436436254954
0.383104145584
0.33628934794
0.295195432346
0.259123296489
0.227459271565
19.1835371254159
