0
0
4.87540047949
12.5184390012
21.73497665
31.9106035791
42.2240983822
52.0721284121
61.4473195725
70.2452542101
77.4112616601
82.6255238898
85.8990628671
87.408141405
87.3762932428
86.0888993355
83.7798879157
80.6181107843
76.8329975327
72.5963509017
68.0852869309
63.4491588247
58.8100203433
54.2529162862
49.8487448191
45.6372924979
41.6522985431
37.9168589631
34.4400337361
31.2196455976
28.2488710138
25.5261567775
23.0344726135
20.7627964702
18.6972189375
16.8240767934
15.1259846215
13.5931377214
12.2073406208
10.9576119969
9.83434381302
8.82324929399
7.91320155594
7.09510034558
6.36026732286
5.69990093441
5.10547689612
4.57141526537
4.0962528968
3.66759443868
3.28369500972
2.94079579576
2.63187630432
2.35762574031
2.11097666178
1.89125983297
1.69524849413
1.51860607677
1.3599091717
1.21842242632
1.0905263501
2.99106832469343
