0
0
5.62822243395
18.0679378572
40.2975708011
72.9499380503
108.7932831
136.215929586
149.493556646
149.284568134
141.581440934
130.32493643
117.837127453
105.384746708
93.6074474089
82.7900850642
73.0237756781
64.2980094098
56.5522630784
49.7043946308
43.6659114206
38.3498605574
33.6747109655
29.5659492262
25.9565129973
22.7866026174
20.0031868652
17.5594106544
15.4139865689
13.5305781123
11.8772357385
10.4258840445
9.15186147898
8.03351057352
7.0518150194
6.19007927277
5.43364628495
4.76964914682
4.18679275544
3.67516197665
3.22605314626
2.83182610313
2.48577427075
2.18201059627
1.91536741727
1.68130855898
1.47585216993
1.29550298527
1.13719286647
0.998228606592
0.876246113415
0.769170191231
0.675177297825
0.592670565902
0.520246319296
0.456672484176
0.400867516964
0.351882043269
0.30888270637
0.271137989424
0.238005770198
15.7207231522786
