0
0
5.63111839964
18.0908298059
40.3768326002
73.1143839575
109.007973199
136.397409658
149.592916272
149.308841283
141.55675425
130.27383192
117.774502245
105.319346442
93.5440043838
82.7309289229
72.969866259
64.2495567892
56.5090869114
49.6661275556
43.6321113746
38.3200715793
33.6484940855
29.5428970416
25.9362555259
22.7688078333
19.9875592591
17.5456883702
15.401938568
13.5200008343
11.8679500653
10.4177324973
9.1447056788
8.02722896754
7.04630085944
6.18523882618
5.42939725577
4.765919285
4.18351863326
3.67228791305
3.22353026164
2.82961148913
2.48383026113
2.18030412667
1.91386946313
1.67999364203
1.47469792495
1.29448977975
1.13630346676
0.997447884787
0.875560790073
0.768568609519
0.674649225073
0.592207019965
0.519839415391
0.456315301048
0.400553979092
0.351606817523
0.308641111298
0.270925915621
0.237819610406
15.7678809466115
