0
0
5.21438813545
14.9133473825
29.5029519297
49.3289756405
72.9420742319
97.0177712421
117.605483561
131.451949935
136.822050995
134.894962271
127.957214576
118.213376963
107.293956284
96.2069909048
85.612269165
75.8174867449
66.9360549701
58.9899108243
51.9131386553
45.6437887662
40.108190307
35.2307581089
30.939020267
27.1658953054
23.850544496
20.9384708791
18.3812010599
16.1358308857
14.1645018837
12.4338733999
10.9146154321
9.58094609599
8.41021363314
7.38252273032
6.48040267813
5.68851391806
4.99338922557
4.38320582741
3.84758497287
3.37741577409
2.96470044584
2.60241838438
2.28440681424
2.00525599607
1.76021722615
1.54512207028
1.35631146254
1.19057346531
1.04508863326
0.917382052849
0.805281241817
0.706877252654
0.620498244855
0.54467478046
0.478116907405
0.419692412553
0.36840739545
0.323389412106
0.283872632916
8.84368563032703
