0
0
5.29558340221
15.5132104561
31.5229210601
53.8816196115
80.5537881682
106.771628798
127.321785884
138.983855492
141.164505283
136.202453295
126.690682426
115.324952365
103.59812563
92.295068334
81.7935132974
72.2430782492
63.6696528717
56.0352317174
49.2716026425
43.2989513117
38.0357845784
33.4040802129
29.331635387
25.7529491934
22.6093268331
19.8485428626
17.4243477898
15.2959221735
13.4273070521
11.7868620112
10.3467692016
9.08258449113
7.97283574813
6.99866578498
6.14351638425
5.39284946414
4.73390146296
4.15546723933
3.64771008687
3.20199479148
2.81074098514
2.46729435684
2.16581356276
1.90117093174
1.66886528905
1.46494542297
1.28594289702
1.12881306792
0.990883307945
0.869807552152
0.763526398261
0.670230127473
0.588334012133
0.51644499879
0.453340325097
0.397946607105
0.349321621516
0.306638279037
0.269170555936
10.215294331539
