0
0
5.21501298719
14.9179263637
29.518282976
49.3636233115
73.0010080863
97.0959846574
117.687647602
131.520504665
136.866459065
134.913959452
127.955350877
118.196986575
107.268806257
96.1774717121
85.5813740034
75.7870887194
66.9072328982
58.9632165644
51.8887941332
45.6218183251
40.0885048168
35.2132085236
30.9234304033
27.1520814699
23.8383269209
20.9276796243
18.3716790838
16.1274350094
14.1571030875
12.4273560803
10.9088764925
9.57589390217
8.40576693787
7.37860962565
6.47695960763
5.68548476426
4.99072447826
4.3808618324
3.84552325796
3.37560244698
2.96310565819
2.60101585594
2.28317341117
2.00417135772
1.75926343521
1.54428336151
1.35557396569
1.18992497842
1.04451842281
0.916880677637
0.804840397831
0.706489636312
0.620157432997
0.544375124328
0.477853439236
0.419460763877
0.368203724799
0.323210341511
0.283715192044
8.8542842471238
