0
0
4.98887845742
13.299923011
24.2069243475
37.3821155148
51.9849185926
67.013603456
81.7114918899
95.0375060041
105.1335865
111.258220604
113.433489206
112.186497431
108.267165762
102.506235215
95.6032035076
88.0750858419
80.3749219469
72.7903014983
65.5333543296
58.733359586
52.4597424409
46.7293714721
41.5406187067
36.8633336113
32.667679567
28.9210442542
25.5850937083
22.618281253
19.9817134347
17.6480678298
15.5799002609
13.7502776484
12.1330580086
10.7053348559
9.4428881694
8.33099964455
7.34806671048
6.4808949494
5.71857665162
5.0462197822
4.45262960725
3.92903915747
3.46739165123
3.0597089547
2.69842874148
2.37902198789
2.10111715026
1.85341188792
1.63525757217
1.44396719169
1.27355330531
1.1256985077
0.994272832955
0.879495890066
0.778973865898
0.689149943589
0.609333597142
0.539471373937
0.476572744345
4.97370042165127
