0
0
5.14600589557
14.4158059201
27.8461721764
45.5812838158
66.4889889173
88.2177534211
107.946109079
122.86594213
130.697268067
131.653680543
127.28496193
119.472761487
109.823902072
99.5385804542
89.3519676987
79.6426105521
70.6559539263
62.4657779908
55.0952944781
48.5198668758
42.6793683129
37.5139237996
32.957909683
28.9463511482
25.4180743428
22.3170422485
19.592757119
17.2001437343
15.0992078409
13.2546079144
11.6351926183
10.2135421181
8.96554483269
7.87001163723
6.90832916424
6.06415093209
5.3231236567
4.67264556251
4.10165341175
3.60043509763
3.16046487798
2.77425859579
2.43524650829
2.13766160883
1.8764415689
1.64714264744
1.44586411164
1.26918188848
1.11409032107
0.977951040718
0.858448085771
0.753548504311
0.661465801914
0.580635685075
0.509683035195
0.447400850867
0.392729592946
0.344739200593
0.302613268846
7.67969722740144
