0
0
5.05019159523
13.7307398743
25.5980761514
40.5038894423
57.5490265058
75.3416864539
92.4550971485
107.140215142
117.150993693
121.837756871
121.658757952
117.67691418
111.088290855
103.002756848
94.2429262972
85.3410344084
76.7028308654
68.5413344784
60.989357954
54.1036484686
47.8928469563
42.3257578296
37.3642310732
32.9512282325
29.0376505171
25.5773843179
22.5229272534
19.8267681719
17.446343742
15.3522754822
13.5061945982
11.8810261805
10.4510030109
9.19392697159
8.0864916418
7.11500342747
6.25893117511
5.50615755548
4.8468241434
4.2670427369
3.75656809999
3.30752124947
2.91266837732
2.56478926985
2.25701664694
1.9854562499
1.75031241605
1.54080348747
1.35675345778
1.19590163401
1.05264461344
0.929010951293
0.819180839734
0.72365281717
0.640282944862
0.565738601778
0.49953098303
0.441787295174
0.389678270182
6.03489570518475
