0
0
5.63369162869
18.1111795771
40.4472945969
73.2604307284
109.198210931
136.557684232
149.680235843
149.329799153
141.534568548
130.228433532
117.719023044
105.26148061
93.4879082436
82.6786442963
72.9222308843
64.206750057
56.4709458241
49.6323254351
43.6022564672
38.2937603943
33.6253384594
29.5225368791
25.9183638941
22.7530913884
19.973756932
17.5335688724
15.3912978246
13.5106590477
11.8597490304
10.4105331239
9.13838574778
8.02168112177
7.04143081802
6.18096380399
5.42564456886
4.76262512216
4.18062697529
3.66974958265
3.22130208862
2.8276555771
2.48211334354
2.17879700136
1.91254649586
1.67883233064
1.47367851671
1.29359493545
1.13551796583
0.996758366447
0.874955526088
0.768037304729
0.674182842125
0.591797625956
0.519480046596
0.45599984472
0.400277069425
0.351363744382
0.308427740102
0.270738617013
0.237655198518
15.8097724569723
