0
0
5.83447410192
19.724270675
46.0271330386
84.3689597881
122.480588394
146.51320864
153.185368905
148.96562948
139.076953294
126.798898001
113.969285672
101.54563472
89.9841675872
79.4655652461
70.0238150127
61.6183514713
54.1738465902
47.6017946573
41.8118460001
36.7176029622
32.239218233
28.3043434205
24.8482127547
21.8132487548
19.1484954132
16.8090014879
14.7551850162
12.9522288296
11.3695298043
9.98020165611
8.76063074237
7.6900817772
6.7503492679
5.92545015942
5.20135325684
4.56574127253
4.00780170354
3.51804312433
3.08813385012
2.71076027153
2.379502476
2.08872505441
1.83348124347
1.60942877753
1.41275602106
1.24011712638
1.08857511446
0.955551910914
0.838784487387
0.736286362381
0.646311856912
0.567332473484
0.498004529171
0.437148629014
0.383729466299
0.336838253371
0.295677260543
0.259546244356
0.227830534312
19.0475373683772
