0
0
5.24808529418
15.1611155095
30.3345383009
51.2066392768
76.1145690115
101.169530614
121.873390471
134.90634051
138.956233131
135.699867307
127.707759829
117.2533802
105.843039159
94.5612079944
83.9411233221
74.2129994162
65.4439868022
57.6165793739
50.672125045
44.5346444423
39.1235827102
34.360377223
30.1716439715
26.490457877
23.2566618008
20.416643137
17.9228757721
15.7333826516
13.8111764811
12.1237065453
10.6423523975
9.34196392768
8.2004488557
7.19840565371
6.31879849874
5.54667033862
4.86889010558
4.27393029749
3.75167143913
3.29323026609
2.89080880504
2.53756183849
2.22748053141
1.95529025856
1.71636090526
1.50662812204
1.3225241974
1.16091737509
1.01905858484
0.894534681417
0.785227396929
0.689275361992
0.605048508347
0.531114005982
0.466214176982
0.409244998036
0.359237357088
0.315340567447
0.276807896374
9.4142906744688
