0
0
5.66305568572
18.3439936813
41.2535307092
74.9218617989
111.333753075
138.322376958
150.614629669
149.529690635
141.265697098
129.71146552
117.096938843
104.617135591
92.8656342824
82.0999580102
72.3957424267
63.7340550061
56.0500177116
49.2594263334
43.2729867915
38.0036243381
33.3700288218
29.2980673615
25.7211206356
22.5798347924
19.8216043998
17.3999699961
15.2740016972
13.4076828883
11.7693483901
10.3311744533
9.06872158977
7.96052792243
6.98774921361
6.13384118267
5.38427968662
4.72631455476
4.14875320045
3.64177050404
3.19674183147
2.80609640366
2.46318855352
2.16218469821
1.89796411371
1.6660318294
1.46244216395
1.28373160342
1.12685988083
0.989158255326
0.868284111326
0.762181105568
0.669042242538
0.587285184203
0.515519004002
0.45252282286
0.397224923264
0.348684556204
0.306075936367
0.268674193129
0.235843038334
16.2870907921284
