0
0
5.17494001483
14.625465607
28.5420539631
47.1558746146
69.2183035814
91.9953639782
112.191603176
126.765170877
133.609827149
133.329786353
127.807568189
119.092899671
108.825633828
98.1680608852
87.7953409618
77.9949176577
68.9953522451
60.8816403095
53.6216407154
47.1709214214
41.4644278949
36.4303402899
31.9972873628
28.0979367695
24.6705286335
21.659358221
19.0146786376
16.6923327274
14.6532840465
12.8631194978
11.2915435323
9.91191275158
8.70081104313
7.63766738332
6.70441510202
5.88518981015
5.16606254983
4.53480459088
3.98068041946
3.49426570865
3.06728735183
2.69248293907
2.36347734448
2.0746743585
1.82116154141
1.59862669074
1.40328450839
1.23181222407
1.08129308228
0.949166733061
0.833185683499
0.731377069835
0.642007123547
0.563557839965
0.494694707962
0.434246376684
0.381184590969
0.334606745625
0.293720531565
8.17320361935976
