0
0
5.34877193124
15.9113848375
32.8751556707
56.9082565829
85.4511350257
112.658138511
132.64734465
142.574676046
142.746917995
135.655182699
125.099653069
113.287862969
101.439986602
90.1867889874
79.8191458736
70.4383056785
62.0438029627
54.5838069689
47.9833388873
42.1597356397
37.0307957731
32.5188992928
28.5527883216
25.0681372405
22.0074746196
19.3197618891
16.9598632721
14.8879750118
13.0690514509
11.4722673477
10.0705284487
8.84003063971
7.75986655724
6.81167660398
5.97934050795
5.2487053646
4.60734621502
4.04435547754
3.55015787541
3.11634784225
2.73554671476
2.4012773277
2.10785390368
1.85028538029
1.62419053925
1.42572349953
1.25150831048
1.09858153449
0.964341843935
0.846505775828
0.743068892138
0.652269725156
0.572565924586
0.5026016293
0.441186740905
0.3872765503
0.339954009509
0.298414132022
0.261950299271
11.1077359774617
