0
0
5.36245677198
16.0144876366
33.226585683
57.6911107146
86.6946918626
114.102337115
133.889495623
143.350913162
143.030614034
135.564292888
124.775566589
112.841586542
100.945650944
89.68936916
79.3437521302
69.9975103136
61.6426721866
54.223104728
47.6615000795
41.8740380894
36.7780441165
32.2958057199
28.3561772644
24.8950495348
21.8552068104
19.1858774674
16.8421829616
14.7845635254
12.9781950214
11.3924521262
10.0004194412
8.7784519484
7.70578326318
6.76417838867
5.93762698128
5.21207300013
4.57517676332
4.01610571859
3.52535057259
3.09456376768
2.71641762584
2.38447978557
2.09310383554
1.83733329774
1.61281733476
1.41573675194
1.24273903841
1.09088134377
0.957580421477
0.840568688049
0.737855651075
0.647692088056
0.568546405797
0.499072185863
0.438087624958
0.384555297325
0.337564550707
0.296316014812
0.260108002749
11.3365858716805
