0
0
5.65784183047
18.3025757951
41.1100909811
74.6275848744
110.959334505
138.017553324
150.456819708
149.499261586
141.315368156
129.803024651
117.205898695
104.729423099
92.9737744491
82.2003570556
72.4869913026
63.8159266435
56.1228919869
49.3239672664
43.3299657361
38.0538250665
33.4141999824
29.336900635
25.7552424075
22.6098062024
19.8479245309
17.4230802911
15.2942916847
13.4254956523
11.7849857491
10.3449017207
9.08077187385
7.97110597032
6.99703482455
6.14199222657
5.39143476652
4.73259535122
4.15426653364
3.64661014622
3.20099009942
2.80982555731
2.46646202415
2.16505816682
1.90048645782
1.66824595423
1.46438573209
1.2854376754
1.12835747743
0.990472851162
0.869438068174
0.763194052721
0.669931411012
0.588065699144
0.516204142647
0.453124239883
0.397752849164
0.349147971334
0.306482723697
0.269031272342
0.23615648354
16.2024351607454
