0
0
5.7341538748
18.9121631145
43.2208450683
78.8984936993
116.231583074
142.131361804
152.454521656
149.761675839
140.525345907
128.481334355
115.675495861
103.172107139
91.4843233203
80.8231870267
71.2385064386
62.697546435
55.1284516624
48.4438532531
42.5533180024
37.3697698596
32.8124240424
28.8079168566
25.290480258
22.2016001542
19.48946386
17.1083448806
15.0179717513
13.1829158985
11.5720340348
10.1579637639
8.91667240894
7.8270562344
6.87058597226
6.03099416019
5.29399983944
4.64706641714
4.07918884901
3.580706677
3.14313982852
2.75904443323
2.42188623208
2.12592944076
1.86613918559
1.63809585716
1.43791992731
1.26220595212
1.10796463897
0.972571992623
0.853724675454
0.749400822555
0.657823699618
0.577437540205
0.506874734018
0.444934875305
0.390564216348
0.342837782036
0.300943633391
0.264169054097
0.231888425041
17.4373633274122
