0
0
5.09077018823
14.0191301665
26.5393884045
42.6267074788
61.3085324721
80.8427366145
99.2556079745
114.317046941
123.65916495
126.897815593
124.924444038
119.183291951
111.101934463
101.878067148
92.3281393944
82.9332705678
74.0339848949
65.7809100981
58.254563254
51.4709487013
45.408605047
40.0149973491
35.2373512064
31.0089499956
27.2745323821
23.9842548883
21.0885459184
18.5389546254
16.292721781
14.3207333251
12.5851700674
11.0596727672
9.71528067935
8.53216443901
7.494320153
6.58121732242
5.77852362573
5.07325878355
4.45380257744
3.90983215475
3.43221507616
3.01289484289
2.64477688354
2.3216208507
2.03794178371
1.7889209287
1.57032609226
1.37844095891
1.21000261252
1.06214644813
0.932357677655
0.818428683799
0.718419593787
0.630631390248
0.553570745968
0.485926729229
0.426548692592
0.374426550779
0.328673648682
6.7334847313623
