0
0
5.35065868369
15.925583926
32.923524295
57.0161035468
85.6230302087
112.859001363
132.821646795
142.685064984
142.788728038
135.64427176
125.055589348
113.226209423
101.371229284
90.1173381988
79.7526094176
70.3765079493
61.9875007818
54.5331370553
47.9381006903
42.1195591934
36.9952400632
32.4875073277
28.525116958
25.0437724928
21.9860376481
19.3009108603
16.9432921891
14.8734119656
13.0562555437
11.461025707
10.0606532991
8.83135654643
7.75224789292
6.80498525483
5.97346381658
5.24354429666
4.60281373221
4.04037509792
3.54666240206
3.11327824212
2.73285113102
2.39891021029
2.10577524434
1.84846003981
1.62258765596
1.42431596936
1.25027233
1.09749619942
0.963388796346
0.845668894192
0.742334019067
0.651624427987
0.571999285846
0.502104061626
0.440749825429
0.386892894171
0.339617120885
0.298118310288
0.261690538621
11.1393064352715
