0
0
5.22537486283
14.9939444829
29.7730115875
49.9391490681
73.9778306762
98.3864282682
119.033580979
132.632193368
137.575379115
135.205403687
127.90808562
117.916481603
106.84950843
95.6904823662
85.0747131012
75.2905235679
66.4377072213
58.5167445105
51.4786000859
45.2521716744
39.7591354407
34.9216952762
30.666461098
26.9261082825
23.6398982538
20.7535831716
18.2190026582
15.9935731796
14.0397507661
12.3244810957
10.8186924777
9.49683317811
8.33645500607
7.31784193283
6.4236807543
5.63877008912
4.94976384188
4.34494538454
3.81402896801
3.34798518876
2.93888765885
2.579778339
2.26454928366
1.98783880997
1.74494033812
1.53172236095
1.34455818641
1.18026426102
1.03604602712
0.909450394213
0.798324016773
0.700774726911
0.61514540357
0.53997951598
0.473998428503
0.416079858052
0.365238611633
0.320609882333
0.281434538914
9.02994217287089
