0
0
5.7302636513
18.8809140438
43.1126899108
78.6828217177
115.973662899
141.939026195
152.367722926
149.756770144
140.568235716
128.547492016
115.750179698
103.247193305
91.5556604561
80.888885779
71.297920446
62.7506863557
55.1756554171
48.4856038706
42.5901447926
37.402197069
32.8409455442
28.8329852285
25.3125033502
22.2209421966
19.5064481499
17.1232570065
15.0310634996
13.1944089074
11.5821232096
10.1668203911
8.92444695673
7.83388084771
6.87657668432
6.03625284571
5.29861593588
4.6511184395
4.08274572167
3.58382890402
3.14588052169
2.76145021485
2.42399802766
2.12778317496
1.86776639326
1.63952421968
1.43917374345
1.26330655137
1.10893074438
0.9734200393
0.85446909014
0.750054269047
0.658397294405
0.577941041124
0.507316706723
0.445322838611
0.390904770251
0.343136719996
0.301206040892
0.264399395162
0.232090618176
17.374622300268
