0
0
5.85005224213
19.8514384774
46.4654847713
85.2010576768
123.382178623
147.101458833
153.405301004
148.930569918
138.900996219
126.558274029
113.708337728
101.288211267
89.7421097391
79.243981439
69.82416341
61.4401921099
54.01581883
47.4621525801
41.6887461541
36.6092514115
32.1439410792
28.2206153265
24.7746637734
21.7486580668
19.0917808678
16.7592079649
14.7114709122
12.9138535795
11.335842321
9.9506298399
8.73467207907
7.66729497631
6.7303468609
5.90789196789
5.18594063907
4.55221206218
3.99592576049
3.50761842568
3.07898305688
2.70272771374
2.37245150559
2.08253572121
1.82804825497
1.60465970788
1.40856973884
1.23644241445
1.08534945847
0.952720435822
0.836299023943
0.734104627672
0.644396734348
0.565651382921
0.496528870948
0.435853298861
0.382592427778
0.33584016298
0.294801138631
0.258777186251
0.227155456752
19.2962425988171
