0
0
5.35000088449
15.9206329648
32.9066579582
56.9785004204
85.5631162818
112.789035589
132.760989137
142.646703002
142.774251644
135.648136764
125.07097578
113.247700714
101.39517932
90.1415198528
79.7757703013
70.3980175306
62.0070955886
54.5507703415
47.9538428243
42.1335393109
37.007611891
32.4984300615
28.5347449135
25.0522497981
21.9934961747
19.3074695845
16.9490576054
14.8784786991
13.0607074235
11.464936807
10.0640889581
8.83437432822
7.7548984682
6.80731319977
5.97550832887
5.24533983362
4.60439057702
4.04175986065
3.54787846209
3.11434613826
2.73378890522
2.39973371014
2.10649838928
1.8490950552
1.62314527889
1.42480562957
1.25070230887
1.09787376965
0.963720344733
0.845960029452
0.742589666566
0.651848913041
0.572196406621
0.502277153533
0.440901817353
0.38702635804
0.339734315162
0.298221218168
0.261780901574
11.128300353916
