0
0
5.69588212264
18.6055429625
42.1593169325
76.7667168128
113.643409857
140.159818047
151.533469236
149.676345954
140.936592051
129.138448218
116.425703059
103.930416139
92.2069090306
81.4898318868
71.8420347022
63.2377127856
55.6084881054
48.8685410394
42.9279897475
37.6997207595
33.1026578934
29.0630254195
25.5146065271
22.3984464798
19.6623179179
17.2601116722
15.1512129031
13.2998865848
11.674717577
10.2481032374
8.99579908787
7.89651495588
6.93155762507
6.08451555224
5.34098120934
4.68830684667
4.11538981541
3.61248396236
3.17103398141
2.78352995622
2.44337964902
2.1447963797
1.88270059701
1.65263347277
1.45068105212
1.27340767109
1.1177975097
0.981203286876
0.861301224596
0.756051515323
0.663661676769
0.582562114593
0.511373084774
0.448883527197
0.394030342688
0.345880347433
0.303614396861
0.266513449596
0.2339463344
16.8191301445265
