0
0
4.98953496941
13.3045042767
24.2216174915
37.4149608768
52.0435882047
67.1023811089
81.8285371766
95.1739084212
105.275521567
111.391066215
113.545528407
112.270835641
108.321758722
102.532736505
95.6054812464
88.0579610186
80.3432702115
72.7485266684
65.4851529034
58.6816693307
52.4067967149
46.6768017945
41.489568561
36.8145658135
32.6216682349
28.878049434
25.5452203426
22.5815249822
19.9479951162
17.6172590107
15.5518418874
13.7247937002
12.1099651431
10.6844491661
9.42402982608
8.31399596066
7.3327540436
6.46711982382
5.70619624619
5.03510200566
4.4426529262
3.92009222889
3.45937281966
3.05252567587
2.69199697787
2.37326559545
2.09596724686
1.84880622829
1.63114000448
1.4402871168
1.27026516884
1.12276134059
0.991649805766
0.877153924295
0.776883265512
0.687284066185
0.60766856656
0.537985806567
0.47524749241
4.98509959842458
