0
0
5.29953661172
15.5426637798
31.6226592175
54.1055533548
80.920842363
107.223663005
127.745460709
139.284381557
141.311582083
136.217355909
126.614152742
115.195017861
103.442613951
92.1320480365
81.6337639504
72.0924933395
63.5310511478
55.9095873699
49.1588339078
43.1984076226
37.9465407173
33.3251072374
29.2618974998
25.6914559362
22.5551593532
19.8008601295
17.3823971572
15.2590284125
13.3948695303
11.7583483298
10.3217085929
9.06056139526
7.95348378442
6.98166221455
6.12857709331
5.37972445974
4.72237085345
4.1453376623
3.63881154408
3.19417785025
2.80387430754
2.46126252067
2.16051514148
1.89651680362
1.6647771489
1.46135447267
1.28278869371
1.12604251113
0.988449748992
0.867670011282
0.761648876501
0.668581001213
0.586885502958
0.515172705146
0.45222281281
0.396965048535
0.348459478742
0.305881025508
0.268505431935
10.2817883076988
