0
0
5.58418659863
17.7211732775
39.0974088887
70.4397174174
105.452323046
133.309052642
147.832988263
148.815575422
141.913071563
131.099964118
118.812783254
106.415857941
94.6142119757
83.7324626116
73.8846579654
65.0729617307
57.2435318717
50.3174842007
44.2076807957
38.8274857633
34.0951516299
29.9356917747
26.2814635086
23.0720699849
20.2539012594
17.7795665413
15.6072865677
13.7002855531
12.0262227653
10.5566762231
9.26667831327
8.13430184871
7.14029314942
6.26774795063
5.50182577951
4.82949859354
4.23932977289
3.72127991494
3.2665362449
2.86736280685
2.51696892434
2.20939371412
1.93940470038
1.70240881159
1.49437424976
1.31176190509
1.15146515055
1.01075699289
0.88724368143
0.77882398558
0.683651512139
0.600109328791
0.526776151584
0.462404446481
0.405899099568
0.356298824214
0.312759806974
0.274541351959
0.240993279464
15.002044542137
