0
0
5.78449295869
19.3181717164
44.6251015554
81.666499502
119.463723215
144.464286329
153.452009573
149.759857249
139.954682089
127.640490858
114.740616607
102.239022344
90.6013877396
80.0119705683
70.5059636596
62.0429626402
54.5473318316
47.9300609222
42.1002307065
36.9708754147
32.4616114356
28.4995988807
25.0196288716
21.9637290091
19.2805930214
16.924959878
14.8569748129
13.0415805867
11.4479630069
10.0490503283
8.82106600861
7.74313171287
6.7969163495
5.9663265964
5.23723445752
4.59723766873
4.03544913243
3.54231194288
3.10943693637
2.72946004841
2.39591707701
2.10313373592
1.8461291356
1.62053105455
1.42250156211
1.24867172884
1.09608431465
0.962143460074
0.844570525093
0.741365324359
0.650770151326
0.571245947386
0.501439762777
0.440164065164
0.386376405791
0.339161727755
0.297716798256
0.261336543233
0.229402051916
18.2471858448229
