0
0
5.11302884797
14.1784137739
27.0625138722
43.8087653065
63.3894147616
83.8356499625
102.844089371
117.93573999
126.740241456
129.08550691
126.125794467
119.497596485
110.72014932
101.006411262
91.1475831417
81.5858736053
72.6229826472
64.3767494545
56.9024423643
50.1976811989
44.2281948727
38.932878958
34.2534368567
30.1197655799
26.4746323252
23.2671909008
20.4396542947
17.9508415605
15.7623173124
13.8390607039
12.1496001068
10.6658940982
9.36309680513
8.21927188633
7.21508984178
6.3335415089
5.55967261393
4.88034288851
4.28401017952
3.7605384324
3.30102772192
2.89766425199
2.54358823206
2.23277764191
1.95994605441
1.72045286115
1.51022442093
1.32568481661
1.16369505761
1.02149970264
0.896679999608
0.787112748573
0.690932232079
0.606504579703
0.532393609309
0.467338695766
0.410233225353
0.360105809209
0.316103759539
7.11543600110987
