0
0
5.3395052577
15.8417207505
32.6379879785
56.3790013575
84.6049023948
111.663556806
131.776984479
142.01644004
142.528483662
135.700728101
125.312822244
113.591036937
101.780405377
90.5319587035
80.1506355438
70.7466780831
62.3250742825
54.83715071
48.2096630127
42.3608283996
37.2088230078
32.6761214603
28.6914061721
25.1902119468
22.1148955308
19.4142358255
17.0429193986
14.9609730178
13.1331965296
11.5286248774
10.1200384756
8.8835215606
7.79806772426
6.84522975653
6.00881003745
5.27458747049
4.63007703551
4.06431828792
3.56768944736
3.13174405354
2.74906749246
2.41315100059
2.11828103241
1.85944212641
1.63223162771
1.43278482301
1.25770921847
1.10402684493
0.969123610825
0.850704842235
0.746756254588
0.65550773345
0.575409331949
0.505098519981
0.443379340291
0.389201939069
0.341644750268
0.299898819666
10.9525933230137
