0
0
4.8603071179
12.4160898691
21.4166216023
31.2155474671
40.9916396393
50.1746518275
58.8188421541
66.899632541
73.4410334138
78.1860315382
81.1849917222
82.6271449685
82.7251708419
81.7362950307
79.8562056413
77.2113457892
73.9903174271
70.3295103325
66.3778594431
62.2643505079
58.0978923715
53.956405106
49.9083644329
45.9945453799
42.2519934876
38.7085607867
35.3788125627
32.2663076002
29.3698340235
26.693129459
24.2240027551
21.9557463413
19.8782386148
17.981091054
16.2497112458
14.6766492647
13.2456762413
11.9474321494
10.7736352594
9.71107307969
8.74947483878
7.88041236971
7.09572670798
6.38700903908
5.7460224333
5.16738739726
4.64977298215
4.18086363467
3.7589462147
3.38025840063
3.03774937596
2.73205553314
2.45604272983
2.20896234247
1.98750085809
1.7872296033
1.60662840189
1.44486387448
2.72555026474747
