0
0
4.85869121976
12.4051546515
21.3826860735
31.1416106845
40.8607163542
49.9731348855
58.5393397991
66.5427489998
73.0152642088
77.7063024397
80.6704928348
82.0988427795
82.2034913751
81.2393601898
79.3987026641
76.8039356584
73.6396055462
70.0384243062
66.1462522408
62.0897136571
57.9760567293
53.8821575984
49.8759560826
45.9980835566
42.2857270322
38.7670778097
35.457162315
32.3600619299
29.4751056048
26.8065629599
24.342746773
22.0774118929
20.0008534792
18.1030520367
16.3697370322
14.7937358946
13.3590564086
12.0565379494
10.8780656624
9.81056549679
8.84387997286
7.96967260402
7.17985783394
6.46608481188
5.82016147459
5.23674219403
4.71452105598
4.24120054885
3.81507910818
3.43240107715
3.08611841917
2.7768669834
2.49750982725
2.24729345786
2.02289810702
1.81988774254
1.63673385364
1.47259419717
2.6970980252913
