0
0
5.75698839903
19.0959566779
43.8567756187
80.1594734091
117.721941211
143.224865599
152.935011729
149.775123639
140.269679855
128.096280453
115.2442181
102.740132987
91.0747680174
80.4464652344
70.8980792029
62.3932130106
54.8581970051
48.2048662391
42.342542626
37.1841906223
32.6492058984
28.6644649032
25.164457729
22.0909211548
19.392277451
17.0230163155
14.9430599485
13.117152428
11.5143035189
10.1072860206
8.87218640972
7.78800581443
6.83630716917
6.00090403369
5.26758661959
4.62388083525
4.05883651587
3.56284138563
3.12745767149
2.7452786366
2.40980261938
2.11532245056
1.85682837533
1.62992283394
1.43074565362
1.25590838073
1.10243663677
0.967719518167
0.849465179175
0.745661842462
0.654541627413
0.574556541806
0.504345796978
0.442714977213
0.388615592253
0.341127281979
0.299442158441
0.262851061306
17.805178527464
