0
0
5.37984058267
16.1458424813
33.6750109588
58.6874848392
88.2630814367
115.894102179
135.394574625
144.258077545
143.329175619
135.412750421
124.351131763
112.278938422
100.332697163
89.0784005447
78.7633456572
69.4615352486
61.1563159223
53.7866609842
47.2726631673
41.5292502711
36.4732730705
32.026970984
28.11937482
24.68666343
21.6719467653
19.0247851047
16.7006203338
14.6601901728
12.8689407118
11.2964897064
9.91613871616
8.70443537872
7.64078380317
6.70709952771
5.88750491344
5.16806077909
4.53653027137
3.98217127185
3.49555398966
3.06840074009
2.69344524214
2.36430907525
2.07539321276
1.82178279819
1.59916355081
1.40374838229
1.23221297823
1.08163925005
0.949465696067
0.833443827805
0.731599920554
0.642199473472
0.563723824707
0.494837905854
0.434369883542
0.381291085017
0.334698543617
0.293799637355
11.6268447060432
