0
0
5.04255722966
13.6767720506
25.4227940564
40.1093856648
56.8477521351
74.3033521192
91.1435183463
105.710665718
115.796169834
120.719008576
120.866481275
117.228904106
110.950890587
103.116598579
94.5426280998
85.7665074701
77.2043454294
69.0805913592
61.5384658389
54.6433223882
48.410480668
42.8136898308
37.8183377057
33.3698379375
29.420740108
25.926001654
22.8387824113
20.1119459103
17.703106327
15.582933056
13.7130198121
12.066199653
10.6165817364
9.34182748453
8.21848291759
7.23270684566
6.36382470923
5.59958240352
4.92999342358
4.34105068546
3.82239926086
3.36605971581
2.96470678157
2.61103727789
2.29810884416
2.02195948094
1.78273274521
1.56959248277
1.38231367218
1.21859178032
1.07278418686
0.946884385667
0.835041320645
0.737725609893
0.652768446344
0.576815014937
0.509356662926
0.450502919578
5.90313402477435
