0
0
5.41195446534
16.3896205548
34.5091504186
60.5326204746
91.1239661381
119.076345739
137.967884417
145.719355862
142.917546701
134.364770699
123.147612498
111.10403599
99.252165431
88.1101410627
77.9061283949
68.7069665651
60.4938687737
53.2057536746
46.7634633049
41.08292796
36.0820234183
31.6839442633
27.8185776418
24.4228568129
21.4405512504
18.8217964599
16.5225352988
14.5039421361
12.7318439993
11.1761913003
9.81057635608
8.61180114053
7.55949238575
6.63576059811
5.82489896029
5.11311800741
4.48831214012
3.93985433264
3.45841573236
3.03580719095
2.66484009395
2.33920415781
2.05336013671
1.80244562653
1.58219237092
1.38885366717
1.2191406397
1.07016629865
0.939396433077
0.824606503965
0.723843804178
0.635392275092
0.557749445259
0.489594449038
0.42976792275
0.377252135673
0.331153724165
0.290688494143
12.1617403771674
