0
0
5.65847409777
18.3075965827
41.1274790183
74.6632882367
111.004849115
138.054711687
150.476138012
149.50305988
141.309377991
129.791909767
117.192647937
104.715756494
92.9606067045
82.1881286344
72.4758754973
63.805952093
56.1140129815
49.316103236
43.32302289
38.0477080172
33.4088175729
29.3321686214
25.7510844853
22.6061540078
19.8447172562
17.4202641488
15.2918192113
13.4233250427
11.7830802259
10.3432289543
9.07930345896
7.9698169574
6.99590330401
6.140998961
5.39056286625
4.73182998868
4.15359469207
3.64602039882
3.20047241533
2.80937113115
2.46606312637
2.16470801229
1.90017909046
1.66797614573
1.46414889298
1.28522977701
1.12817498337
0.99031265716
0.86929744928
0.763070616958
0.66982305865
0.587970587069
0.516120652927
0.453050952306
0.397688517065
0.349091500387
0.306433153301
0.26898775928
16.2127032914023
