0
0
5.23675857598
15.0776438871
30.053928831
50.573469504
75.0497184832
99.7894351652
120.476011806
133.799586877
138.296284547
135.47680734
127.823086182
117.591437373
106.306044661
95.0788814281
84.4680189838
74.7220614471
65.9205508781
58.0538536118
51.0680923714
44.8900469517
39.4406587836
34.6420838326
30.4211999848
26.7110789969
23.4514150531
20.5883793916
18.0742003815
15.8666455916
13.9284834296
12.2269345102
10.7331684857
9.42184500306
8.27070081741
7.26018165759
6.37311579575
5.59442561097
4.91087329962
4.31083701754
3.78411399995
3.32174751593
2.91587483452
2.55959368759
2.2468450004
1.97230992074
1.73212863397
1.52093547268
1.33534523303
1.17231865341
1.02914884646
0.90343771924
0.793067836003
0.696171567793
0.611109457037
0.536438249646
0.470889722153
0.413350039227
0.362841032709
0.318503844712
9.22270942847863
