0
0
4.879201563
12.544273636
21.8155421587
32.0869030995
42.5371601583
52.5541666403
62.1139398612
71.0904301268
78.4077370893
83.729543354
87.0572920257
88.5652439931
88.4815222537
87.100599405
84.6677837876
81.3638589412
77.4291855165
73.0445673314
68.3938569129
63.6308953277
58.8802453405
54.2279482201
49.7447666395
45.4695922342
41.4348184197
37.6619538294
34.1583912124
30.9203290941
27.9394283515
25.212762005
22.7220855404
20.4553251078
18.397673157
16.5347100213
14.8484212663
13.3284852147
11.9562857177
10.7205040674
9.61126437809
8.61406999918
7.71763320506
6.91273339077
6.19060472649
5.54238479304
4.95951007986
4.43637883772
3.97151937371
3.55253750498
3.17769835589
2.84325922549
2.54222006416
2.27529402022
2.03543930713
1.82201390876
1.63181879123
1.46054527795
1.30679797302
1.16986899958
3.05786734889933
