0
0
4.92950828715
12.8884234619
22.8965092183
34.4667411912
46.7764140851
59.0724516431
71.0615958442
82.2682663149
91.2868500674
97.5555157597
100.989921128
101.81402935
100.40466905
97.2535722482
92.8084298767
87.4300362482
81.4991221336
75.2924632818
69.0496645738
62.9475611871
57.1101008621
51.6074869406
46.4860327959
41.7564019153
37.4222158021
33.4775820337
29.9050179606
26.6789149367
23.7723074423
21.1666335416
18.8307476952
16.74210024
14.877481067
13.2158212089
11.7339211601
10.4174818858
9.24488896286
8.20262568946
7.27925287606
6.45921156696
5.73055371718
5.08371262597
4.50981654905
4.00007862476
3.54614786219
3.1427362066
2.78875238182
2.47222035711
2.19185777323
1.94438814486
1.72327897553
1.52970873094
1.35708592616
1.20520585197
1.07128720389
0.951419141555
0.844586413672
0.750439724204
3.93936345653996
