0
0
5.53119020003
17.3072063151
37.6665914925
67.3998615565
101.247276911
129.428904701
145.421276978
149.194371041
143.133616637
132.510139971
120.18965583
107.684989926
95.7557010924
84.7472173577
74.7813970438
65.8629180991
57.9382367061
50.9278555572
44.7436861212
39.2980583604
34.5082212401
30.298260353
26.5996956222
23.3513849309
20.4990587654
17.9947452719
15.7961539588
13.8660602285
12.1717293704
10.6843936532
9.37878207131
8.23270122056
7.22666382012
6.34356061754
5.56837125356
4.88790982063
4.29060115457
3.76628426078
3.30603964775
2.90203769628
2.54740552193
2.23611008666
1.9628555829
1.72299335094
1.51244280099
1.32762199658
1.16538671967
1.02297698143
0.897970069101
0.788239330408
0.691916060849
0.607363738361
0.533143888999
0.467993886676
0.410805370827
0.360605427341
0.316540036541
0.277859543826
14.1331082155903
