0
0
5.79256408203
19.3835510343
44.851018614
82.1061441161
119.963807034
144.812477808
153.591776221
149.749512132
139.861134809
127.50849951
114.596066043
102.095805843
90.4664195152
79.8882642793
70.3944200869
61.9433825133
54.4589799601
47.8519750798
42.0313877347
36.9102763121
32.4083223779
28.4527680432
24.9784907443
21.9276011525
19.2488703674
16.8971083124
14.8325236588
13.0201156507
11.4291201271
10.0325095144
8.80654618742
7.7303860536
6.78572812496
5.95650553011
5.228613506
4.58967019063
4.02880640005
3.53648095572
3.10431850075
2.72496709113
2.39197316468
2.09967177504
1.84309023138
1.61786350911
1.42015999505
1.24661630526
1.09428006752
0.960559695369
0.843180299637
0.740144987467
0.64969894207
0.570305642267
0.500614364778
0.439439532374
0.385740412273
0.33860345385
0.29722674651
0.26090637682
18.3766784923569
