0
0
4.95041985187
13.032754155
23.3539967866
35.481185137
48.588254475
61.8465645703
74.8193560781
86.8498322377
96.3751886307
102.750782621
105.896745487
106.111949859
103.885006469
99.8226951665
94.4690708168
88.2540127118
81.5990511329
74.7981929799
68.0914365798
61.6454383556
55.568542924
49.9135596352
44.7098285302
39.9526611127
35.6324571555
31.7323165042
28.2258239914
25.0802961087
22.2632523881
19.7519275272
17.5120127853
15.5186333226
13.7469091165
12.1746105514
10.777769728
9.54161816453
8.44429502689
7.47220509091
6.61395142489
5.85410250929
5.18089843385
4.58500109368
4.0577915144
3.59074801757
3.1757890777
2.80789442566
2.48623311307
2.19907745855
1.94538308835
1.72209823481
1.52290081974
1.34916629107
1.19448521849
1.05882190016
0.939550645317
0.83290388505
0.737998813882
0.654607626359
4.30454596351327
