0
0
5.07852214223
13.9318120006
26.2535704716
41.9814818046
60.1686303775
79.1870166989
97.2358866595
112.228019252
121.817323084
125.522306347
124.095553743
118.868890925
111.208322937
102.293571141
92.949059988
83.6746761729
74.831844455
66.5899311582
59.044498468
52.2228854588
46.1117653346
40.6642112691
35.8311824894
31.5483517584
27.7619152373
24.4228576143
21.4820164513
18.8910717235
16.6072173518
14.6011880908
12.8349525502
11.2819072628
9.91682383455
8.71806956224
7.6629043352
6.7381829752
5.92389505068
5.20518993251
4.57209300676
4.01510657554
3.52547241182
3.09526473952
2.71739436268
2.38798969865
2.09768017196
1.84219451084
1.61756178533
1.42017109378
1.24678409922
1.09451865346
0.960822527929
0.84344281986
0.740394853041
0.649930492324
0.570516919383
0.500805341247
0.439611154188
0.385894071925
6.52293655561836
