0
0
5.62996506926
18.0817117087
40.3452614743
73.0489030014
108.92254711
136.325274769
149.553484541
149.299264364
141.56662351
130.294184113
117.799419778
105.345357507
93.5692314052
82.7544482274
72.9912978016
64.268817976
56.5262499758
49.6813388468
43.6455468015
38.3319124958
33.6589150444
29.5520600204
25.9443076113
22.7758810154
19.9937710072
17.5511427735
15.4067274642
13.5242051376
11.8716409737
10.420972607
9.14754999387
8.02972580368
7.04849264763
6.18716282384
5.43108617435
4.76740184284
4.18482004192
3.6734303049
3.22453306558
2.83049176056
2.48460297178
2.1809824191
1.91446487414
1.68051629882
1.47515671733
1.29489251132
1.13665698762
0.997758208028
0.875833194054
0.768807727638
0.674859124646
0.592391271244
0.520001152444
0.456457274957
0.400678604773
0.351716214805
0.308737140978
0.271010211117
15.7491017094042
