0
0
5.55422095067
17.4866474177
38.2864759217
68.722898857
103.098738322
131.167757375
146.528983284
148.374382271
142.080762347
131.619186143
119.500022375
107.157850397
95.3470676921
84.42316566
74.5183478222
65.6449894528
57.7547276891
50.7714244204
44.6091487463
39.1816225617
34.4070116301
30.21002227
26.522607783
23.2839439435
20.4400009432
17.9429961413
15.7507887611
13.8262791226
12.1368374724
10.6537854117
9.35192867193
8.20914019376
7.20599031437
6.32541997582
5.55245264001
4.87394071323
4.27834256443
3.75552656917
3.29659897302
2.89375271843
2.54013470414
2.22972924232
1.95725574405
1.71807890004
1.50812983295
1.32383688248
1.162064847
1.02006164912
0.895411518197
0.785993893659
0.689945415916
0.605634254606
0.531626051774
0.466661794102
0.409636291345
0.359579411596
0.315639576796
0.277069275085
14.511266470812
