0
0
5.29146912495
15.4825812742
31.4192526646
53.6487575961
80.1713281485
106.298781253
126.87602179
138.665002683
141.005880375
136.183028055
126.768273249
115.459681827
103.760582983
92.4660374022
81.9614605681
72.4016520324
63.8157786949
56.1678104026
49.3906716251
43.4051644023
38.1300966869
33.4875633641
29.405373956
25.8179831654
22.6666227406
19.8989835769
17.4687302327
15.3349587596
13.4616318326
11.8170372444
10.3732922256
9.1058944404
7.99331987559
7.01666528036
6.15933165275
5.4067448707
4.74610956942
4.16619257212
3.65713247705
3.21027232923
2.81801262905
2.47368223566
2.17142500408
1.90610024881
1.6731953538
1.46874905025
1.28928406235
1.1317479785
0.993461344379
0.872072096435
0.765515561604
0.671977390688
0.589868786472
0.517793121393
0.454524492242
0.398986755992
0.350235265504
0.307440802186
10.1460631016908
