0
0
5.10841747819
14.1453514772
26.9537475505
43.5628956969
62.9574340713
83.2175842804
102.109766665
117.205127945
126.129733109
128.664043664
125.907141553
119.457221786
110.81671002
101.197139711
91.3959412614
81.8637768904
72.9104040453
64.6602828585
57.1736777891
50.4517864524
44.4627918152
39.1472049364
34.4477513042
30.2949414675
26.6318823698
23.4078922302
20.5652336303
18.0681804886
15.8693551875
13.9353164914
12.2354068704
10.7419750337
9.43032758076
8.27855292239
7.26728847933
6.37946280844
5.60004816842
4.91582915723
4.31519163075
3.78793290529
3.32509260643
2.91880274886
2.56215532235
2.24908559763
1.97507935795
1.73419528734
1.52254292512
1.33663938226
1.17338843048
1.0300502565
0.904207487739
0.793731187595
0.696746684669
0.611610066379
0.536875138898
0.471271646618
0.41368427922
0.363133748416
7.03637855830474
