0
0
5.3405061481
15.8492392232
32.6635728812
56.4361307551
84.6964592438
111.771623648
131.87214028
142.07803627
142.553144663
135.696471556
125.290071658
113.558269846
101.743421959
90.4943507943
80.1144520745
70.712976307
62.2943075976
54.8094214292
48.1848796178
42.3388002682
37.1893163359
32.658890866
28.6762120171
25.1768293547
22.1031181075
19.4038769474
17.0338117601
14.9529677829
13.1261617259
11.5224438099
10.1146081546
8.87875121245
7.79387741676
6.84154915079
6.00557726613
5.27174813656
4.62758332266
4.06212817267
3.56576600281
3.13005483503
2.74758399609
2.41184818642
2.11713690478
1.85843736474
1.63134926183
1.43200994774
1.25702874268
1.10342927104
0.968598841002
0.850244008153
0.746351567829
0.65515235395
0.575097252846
0.504824465904
0.443138678518
0.388990601211
0.341459163549
0.299735846563
10.969357137556
