0
0
5.67543435665
18.4424643617
41.5945605595
75.6191913793
112.214397614
139.031675642
150.97613024
149.593935192
141.144755972
129.494623671
116.840831287
104.354123623
92.6128192588
81.8655063816
72.1828081491
63.5430886893
55.880087198
49.1089564152
43.1401635086
37.8866115185
33.2670761122
29.2075594726
25.6415958175
22.5099841438
19.7602641146
17.3461108744
15.2267156896
13.3661702827
11.732905703
10.2991833125
9.04063869902
7.93587609506
6.96610941272
6.11484548321
5.36760506858
4.71167743834
4.13590463956
3.63049196172
3.18684146845
2.7974058186
2.45555992055
2.15548825364
1.89208594948
1.66087195594
1.4579128096
1.27975572164
1.1233698397
0.986094687169
0.865594902905
0.759820511643
0.666970107
0.585466258616
0.513922346415
0.451121272664
0.395994638839
0.347604609349
0.305127956287
0.267842053925
16.4879127280591
