0
0
5.20536338481
14.8472783286
29.2819061143
48.829316165
72.0906029043
95.8832487185
116.40616257
130.442348111
136.1590424
134.601720913
127.970779618
118.44274481
107.654990673
96.7117518588
86.1463910942
76.3289409561
67.4036835602
59.3949945821
52.2663760798
45.9530190203
40.3794973023
35.469081332
31.1484989894
27.3500712159
24.0124879969
21.0808632902
18.506394285
16.2458922143
14.2612512436
12.5189132522
10.989356837
9.64663141429
8.46793646359
7.433245493
6.52497215019
5.72767496695
5.02779694648
4.41343626483
3.87414458543
3.40074978462
2.98520020348
2.62042785219
2.30022828346
2.01915511722
1.77242743711
1.55584849252
1.36573432852
1.19885113286
1.05236023627
0.923769831734
0.810892592288
0.711806528312
0.624828336447
0.548478508597
0.48145824769
0.422627565792
0.370985733144
0.325654305941
8.6905342313299
