0
0
4.83896669558
12.2720220884
20.9707631309
30.2466039834
39.2789798394
47.5401633629
55.1612274416
62.215280542
67.8224311062
71.8052869842
74.2696706493
75.4320526568
75.5054146591
74.7259907428
73.2537957052
71.1706005236
68.6177808423
65.6868976997
62.4875160582
59.1165790281
55.6586840415
52.1746615534
48.7221977859
45.3364453228
42.052852502
38.900715866
35.8981593044
33.0536253709
30.3715091449
27.8614719411
25.5172401162
23.3377810537
21.3182778403
19.4531998852
17.7323233141
16.1520733494
14.6996211743
13.3685515039
12.1531170078
11.0422683845
10.0275589576
9.10208561654
8.25895518003
7.49079979589
6.79022799612
6.15253766545
5.5769369938
5.05153624854
4.57494167545
4.1436267847
3.75070787396
3.39692838914
3.07521733344
2.78484854382
2.52250110608
2.28371380424
2.06691136364
1.87119007218
2.34939039010273
