Time S E I R
0 633.555157715 0 0 0
1 633.555157715 0 0 0
1 621.988057715 11.5671 0 0
2 581.649357715 41.9058 9 1
3 363.262557715 210.2926 55 5
4 43.795657715 344.7595 223 22
5 0 231.7595 340 62
6 0 117.7595 399 117
7 0 65.7595 386 182
8 0 36.7595 365 232
9 0 18.7595 332 283
10 0 7.7595 300 326
11 0 4.7595 263 366
12 0 2.7595 231 400
13 0 1.7595 201 431
14 0 1.7595 177 455
15 0 0.7595 151 482
16 0 0.7595 133 500
17 0 0.7595 114 519
18 0 0 99 535
19 0 0 85 549
20 0 0 76 558
21 0 0 64 570
22 0 0 56 578
23 0 0 50 584
24 0 0 47 587
25 0 0 42 592
26 0 0 35 599
27 0 0 33 601
28 0 0 30 604
29 0 0 27 607
30 0 0 23 611
31 0 0 20 614
32 0 0 18 616
33 0 0 17 617
34 0 0 15 619
35 0 0 14 620
36 0 0 12 622
37 0 0 8 626
38 0 0 7 627
39 0 0 7 627
40 0 0 7 627
41 0 0 4 630
42 0 0 3 631
42 0 0 3 631
43 0 0 3 631
43 0 0 3 631
44 0 0 3 631
45 0 0 3 631
46 0 0 3 631
46 0 0 3 631
47 0 0 3 631
48 0 0 2 632
48 0 0 2 632
49 0 0 2 632
49 0 0 2 632
50 0 0 2 632
50 0 0 2 632
51 0 0 2 632
52 0 0 2 632
53 0 0 1 633
54 0 0 1 633
54 0 0 1 633
55 0 0 1 633
55 0 0 1 633
56 0 0 0 634
56 0 0 0 634
57 0 0 0 634
57 0 0 0 634
58 0 0 0 634
58 0 0 0 634
59 0 0 0 634
59 0 0 0 634
60 0 0 0 634
60 0 0 0 634
61 0 0 0 634
