Time S E I R
0 947.468870661 0 0 0
1 947.468870661 0 0 0
1 935.901770661 11.5671 0 0
2 866.563070661 64.9058 16 0
3 292.176270661 474.2926 174 7
4 5.176270661 455.2926 440 47
5 0 265.2926 564 119
6 0 156.2926 586 206
7 0 84.2926 581 283
8 0 49.2926 537 362
9 0 32.2926 483 433
10 0 19.2926 445 484
11 0 13.2926 397 538
12 0 7.2926 361 580
13 0 4.2926 319 625
14 0 1.2926 287 660
15 0 0.2926 261 687
16 0 0.2926 241 707
17 0 0.2926 209 739
18 0 0.2926 190 758
19 0 0.2926 167 781
20 0 0.2926 143 805
21 0 0.2926 126 822
22 0 0 115 834
23 0 0 100 849
24 0 0 84 865
25 0 0 78 871
26 0 0 68 881
27 0 0 63 886
28 0 0 57 892
29 0 0 52 897
30 0 0 50 899
31 0 0 44 905
32 0 0 41 908
33 0 0 37 912
34 0 0 33 916
35 0 0 28 921
36 0 0 24 925
37 0 0 22 927
38 0 0 19 930
39 0 0 17 932
40 0 0 14 935
41 0 0 11 938
42 0 0 6 943
43 0 0 6 943
44 0 0 6 943
45 0 0 6 943
46 0 0 4 945
47 0 0 3 946
47 0 0 3 946
48 0 0 3 946
49 0 0 2 947
49 0 0 2 947
50 0 0 1 948
50 0 0 1 948
51 0 0 1 948
51 0 0 1 948
52 0 0 1 948
52 0 0 1 948
53 0 0 1 948
53 0 0 1 948
54 0 0 1 948
54 0 0 1 948
55 0 0 1 948
55 0 0 1 948
56 0 0 1 948
57 0 0 1 948
57 0 0 1 948
58 0 0 0 949
58 0 0 0 949
59 0 0 0 949
59 0 0 0 949
60 0 0 0 949
60 0 0 0 949
61 0 0 0 949
