Time S E I R
0 726.078153583 0 0 0
1 726.078153583 0 0 0
1 714.511053583 11.5671 0 0
2 699.172353583 20.9058 6 0
3 662.785553583 38.2926 23 2
4 601.318653583 78.7595 42 4
5 501.675353583 126.4028 88 10
6 370.819653583 171.2585 162 22
7 217.438853583 211.6393 244 53
8 101.164353583 216.9138 315 93
9 46.993953583 160.0842 384 135
10 15.186353583 101.8918 420 189
11 2.220453583 68.8577 417 238
12 0.220453583 33.8577 401 291
13 0.220453583 18.8577 362 345
14 0.220453583 9.8577 327 389
15 0.220453583 5.8577 295 425
16 0.118253583 3.9599 271 451
17 0.018053583 2.0601 245 479
18 0.018053583 2.0601 212 512
19 0.018053583 2.0601 191 533
20 0.018053583 1.0601 174 551
21 0.018053583 1.0601 157 568
22 0.018053583 1.0601 130 595
23 0.018053583 1.0601 119 606
24 0.003953583 0.0742 113 613
25 0.003953583 0.0742 101 625
26 0.003953583 0.0742 85 641
27 0.003953583 0.0742 72 654
28 0.003953583 0.0742 64 662
29 0.003953583 0.0742 50 676
30 0.003953583 0.0742 43 683
31 0.003953583 0.0742 40 686
32 0.003953583 0.0742 34 692
33 0.003953583 0.0742 31 695
34 0.003953583 0.0742 28 698
35 0.003953583 0.0742 26 700
36 0.003953583 0.0742 24 702
37 0.003953583 0.0742 17 709
38 0.003953583 0.0742 16 710
39 0.003953583 0.0742 14 712
40 0.003953583 0.0742 12 714
41 0.003953583 0.0742 7 719
41 0.003953583 0.0742 7 719
42 0.003953583 0.0742 6 720
43 0.003953583 0.0742 6 720
44 0.003953583 0.0742 5 721
45 0.003953583 0.0742 5 721
45 0.001953583 0.0762 5 721
46 0.001953583 0.0762 3 723
46 0.001953583 0.0762 3 723
47 0.001953583 0.0762 3 723
47 0.001953583 0.0762 3 723
48 0.001953583 0.0762 3 723
48 0.001953583 0.0762 3 723
49 0.001953583 0.0762 3 723
49 0.001953583 0.0762 3 723
50 0.001953583 0.0762 3 723
51 0.001953583 0.0762 3 723
52 0.001953583 0.0762 3 723
53 0.001953583 0.0762 3 723
53 0.001953583 0.0762 3 723
54 0.001953583 0.0762 3 723
55 0.001953583 0.0762 3 723
55 0.001953583 0.0762 3 723
56 0.001953583 0.0762 2 724
56 0.001953583 0.0762 2 724
57 0.001953583 0.0762 2 724
58 0.001953583 0.0762 2 724
58 0.001953583 0.0762 2 724
59 0.001953583 0.0762 2 724
59 0.001953583 0.0762 2 724
60 0.001953583 0.0762 2 724
61 0.001953583 0.0762 2 724
