Time S E I R
0 296.491468933 0 0 0
1 296.491468933 0 0 0
1 284.924368933 11.5671 0 0
2 251.585668933 37.9058 7 0
3 165.198868933 88.2926 43 0
4 45.731968933 137.7595 107 6
5 4.731968933 106.7595 166 19
6 0.731968933 67.7595 186 42
7 0 35.7595 192 69
8 0 16.7595 187 93
9 0 8.7595 178 110
10 0 4.7595 162 130
11 0 1.7595 146 149
12 0 1.7595 123 172
13 0 1.7595 107 188
14 0 0.7595 95 201
15 0 0.7595 77 219
16 0 0.7595 63 233
17 0 0.7595 50 246
18 0 0.7595 44 252
19 0 0.7595 38 258
20 0 0.7595 36 260
21 0 0.7595 33 263
22 0 0 27 270
23 0 0 25 272
24 0 0 19 278
25 0 0 17 280
26 0 0 15 282
27 0 0 9 288
28 0 0 7 290
28 0 0 7 290
29 0 0 6 291
30 0 0 6 291
30 0 0 6 291
31 0 0 4 293
32 0 0 4 293
33 0 0 4 293
33 0 0 4 293
34 0 0 4 293
34 0 0 4 293
35 0 0 1 296
35 0 0 1 296
36 0 0 1 296
37 0 0 1 296
37 0 0 1 296
38 0 0 1 296
38 0 0 1 296
39 0 0 0 297
39 0 0 0 297
40 0 0 0 297
40 0 0 0 297
41 0 0 0 297
41 0 0 0 297
42 0 0 0 297
42 0 0 0 297
43 0 0 0 297
43 0 0 0 297
44 0 0 0 297
44 0 0 0 297
45 0 0 0 297
45 0 0 0 297
46 0 0 0 297
46 0 0 0 297
47 0 0 0 297
47 0 0 0 297
48 0 0 0 297
48 0 0 0 297
49 0 0 0 297
49 0 0 0 297
50 0 0 0 297
50 0 0 0 297
51 0 0 0 297
51 0 0 0 297
52 0 0 0 297
52 0 0 0 297
53 0 0 0 297
53 0 0 0 297
54 0 0 0 297
54 0 0 0 297
55 0 0 0 297
55 0 0 0 297
56 0 0 0 297
56 0 0 0 297
57 0 0 0 297
57 0 0 0 297
58 0 0 0 297
58 0 0 0 297
59 0 0 0 297
59 0 0 0 297
60 0 0 0 297
60 0 0 0 297
61 0 0 0 297
