Time S E I R
0 980.580655247 0 0 0
1 980.580655247 0 0 0
1 969.013555247 11.5671 0 0
2 905.674855247 60.9058 14 0
3 526.288055247 347.2926 99 8
4 40.821155247 537.7595 359 43
5 0 322.7595 551 107
6 0 174.7595 619 187
7 0 94.7595 611 275
8 0 52.7595 579 349
9 0 34.7595 519 427
10 0 14.7595 472 494
11 0 8.7595 420 552
12 0 4.7595 365 611
13 0 2.7595 310 668
14 0 1.7595 279 700
15 0 0.7595 239 741
16 0 0.7595 208 772
17 0 0.7595 173 807
18 0 0 156 825
19 0 0 138 843
20 0 0 124 857
21 0 0 115 866
22 0 0 100 881
23 0 0 88 893
24 0 0 79 902
25 0 0 69 912
26 0 0 61 920
27 0 0 55 926
28 0 0 43 938
29 0 0 35 946
30 0 0 31 950
31 0 0 27 954
31 0 0 27 954
32 0 0 23 958
32 0 0 23 958
33 0 0 18 963
34 0 0 15 966
35 0 0 12 969
36 0 0 10 971
37 0 0 9 972
38 0 0 8 973
39 0 0 8 973
40 0 0 7 974
40 0 0 7 974
41 0 0 7 974
42 0 0 5 976
42 0 0 5 976
43 0 0 5 976
44 0 0 3 978
45 0 0 2 979
46 0 0 1 980
46 0 0 1 980
47 0 0 1 980
47 0 0 1 980
48 0 0 1 980
48 0 0 1 980
49 0 0 1 980
49 0 0 1 980
50 0 0 1 980
50 0 0 1 980
51 0 0 1 980
51 0 0 1 980
52 0 0 1 980
52 0 0 1 980
53 0 0 1 980
53 0 0 1 980
54 0 0 0 981
54 0 0 0 981
55 0 0 0 981
55 0 0 0 981
56 0 0 0 981
56 0 0 0 981
57 0 0 0 981
57 0 0 0 981
58 0 0 0 981
58 0 0 0 981
59 0 0 0 981
59 0 0 0 981
60 0 0 0 981
60 0 0 0 981
61 0 0 0 981
