Time S E I R
0 405.482627862 0 0 0
1 405.482627862 0 0 0
1 393.915527862 11.5671 0 0
2 381.576827862 17.9058 5 1
3 365.190027862 25.2926 14 1
4 337.723127862 37.7595 26 4
5 309.079827862 43.4028 44 9
6 266.224127862 54.2585 67 18
7 221.843327862 61.6393 91 31
8 175.568827862 68.9138 116 45
9 131.398427862 73.0842 138 63
10 97.590827862 66.8918 159 82
11 62.624927862 64.8577 174 104
12 38.111927862 54.3707 192 121
13 25.851327862 39.6313 195 145
14 14.608927862 26.8737 201 163
15 6.380427862 27.1022 183 189
16 5.278227862 15.2044 172 213
17 3.178027862 8.3046 160 234
18 2.141927862 4.3407 148 251
19 0.119927862 4.3627 127 274
20 0.099827862 2.3828 111 292
21 0.069827862 0 98 308
22 0.047727862 0.0221 86 320
23 0.017727862 0.0521 78 328
24 0.003627862 0.0662 69 337
25 0.003627862 0.0662 58 348
26 0.003627862 0.0662 52 354
27 0.003627862 0.0662 47 359
28 0.003627862 0.0662 43 363
29 0.003627862 0.0662 38 368
30 0.003627862 0.0662 32 374
31 0.003627862 0.0662 26 380
32 0.003627862 0.0662 24 382
33 0.003627862 0.0662 20 386
34 0.003627862 0.0662 18 388
35 0.003627862 0.0662 14 392
36 0.003627862 0.0662 12 394
37 0.003627862 0.0662 11 395
37 0.003627862 0.0662 11 395
38 0.003627862 0.0662 11 395
38 0.003627862 0.0662 11 395
39 0.003627862 0.0662 9 397
40 0.003627862 0.0662 7 399
41 0.003627862 0.0662 7 399
42 0.003627862 0.0662 5 401
42 0.003627862 0.0662 5 401
43 0.003627862 0.0662 2 404
43 0.003627862 0.0662 2 404
44 0.003627862 0.0662 2 404
44 0.003627862 0.0662 2 404
45 0.003627862 0.0662 2 404
45 0.001627862 0.0682 2 404
46 0.001627862 0.0682 2 404
46 0.001627862 0.0682 2 404
47 0.001627862 0.0682 2 404
48 0.001627862 0.0682 1 405
48 0.001627862 0.0682 1 405
49 0.001627862 -0.9318 2 405
49 0.001627862 0 2 405
50 0.001627862 0 2 405
50 0.001627862 0 2 405
51 0.001627862 0 2 405
52 0.001627862 0 2 405
52 0.001627862 0 2 405
53 0.001627862 0 2 405
53 0.001627862 0 2 405
54 0.001627862 0 2 405
54 0.001627862 0 2 405
55 0.001627862 0 1 406
55 0.001627862 0 1 406
56 0.001627862 0 0 407
56 0.001627862 0 0 407
57 0.001627862 0 0 407
57 0.001627862 0 0 407
58 0.001627862 0 0 407
58 0.001627862 0 0 407
59 0.001627862 0 0 407
59 0.001627862 0 0 407
60 0.001627862 0 0 407
60 0.001627862 0 0 407
61 0.001627862 0 0 407
