Time S E I R
0 480.062894097 0 0 0
1 480.062894097 0 0 0
1 468.495794097 11.5671 0 0
2 449.157094097 23.9058 6 1
3 418.770294097 42.2926 18 1
4 373.303394097 70.7595 32 4
5 280.660094097 108.4028 84 7
6 177.804394097 143.2585 139 20
7 72.423594097 173.6393 192 42
8 14.149094097 142.9138 259 64
9 0.149094097 87.9138 291 101
10 0.149094097 48.9138 288 143
11 0.149094097 24.9138 266 189
12 0.149094097 16.9138 237 226
13 0.149094097 9.9138 220 250
14 0.149094097 6.9138 198 275
15 0.149094097 2.9138 176 301
16 0.046894097 3.016 155 322
17 0.046894097 0.016 133 347
18 0.010794097 0.0521 115 365
19 0.010794097 0.0521 109 371
20 0.010794097 0.0521 96 384
21 0.010794097 0.0521 85 395
22 0.010794097 0.0521 77 403
23 0.010794097 0.0521 66 414
24 0.010794097 0.0521 59 421
25 0.010794097 0.0521 58 422
26 0.010794097 0.0521 54 426
27 0.010794097 0.0521 49 431
28 0.010794097 0.0521 41 439
29 0.004794097 0.0581 37 443
30 0.004794097 0.0581 30 450
31 0.004794097 0.0581 27 453
32 0.004794097 0.0581 23 457
33 0.004794097 0 22 459
34 0.004794097 0 19 462
35 0.004794097 0 17 464
36 0.004794097 0 14 467
37 0.004794097 0 12 469
37 0.004794097 0 12 469
38 0.004794097 0 12 469
39 0.004794097 0 11 470
40 0.004794097 0 11 470
41 0.004794097 0 9 472
42 0.004794097 0 9 472
43 0.004794097 0 9 472
43 0.004794097 0 9 472
44 0.004794097 0 8 473
44 0.004794097 0 8 473
45 0.002794097 0.002 8 473
46 0.002794097 0.002 8 473
46 0.000794097 0.004 8 473
47 0.000794097 0.004 7 474
48 0.000794097 0.004 7 474
49 0.000794097 0.004 7 474
50 0.000794097 0.004 6 475
51 0.000794097 0.004 6 475
51 0.000794097 0.004 6 475
52 0.000794097 0.004 6 475
52 0.000794097 0.004 6 475
53 0.000794097 0.004 6 475
53 0.000794097 0.004 6 475
54 0.000794097 0.004 6 475
54 0.000794097 0.004 6 475
55 0.000794097 0.004 5 476
55 0.000794097 0.004 5 476
56 0.000794097 0.004 3 478
57 0.000794097 0.004 1 480
57 0.000794097 0.004 1 480
58 0.000794097 0.004 1 480
58 0.000794097 0.004 1 480
59 0.000794097 0.004 1 480
60 0.000794097 0.004 1 480
60 0.000794097 0.004 1 480
61 0.000794097 0.004 1 480
