Time S E I R
0 292.928172888 0 0 0
1 292.928172888 0 0 0
1 281.361072888 11.5671 0 0
2 268.022372888 19.9058 4 1
3 255.635572888 25.2926 11 1
4 241.168672888 23.7595 24 4
5 222.525372888 27.4028 34 9
6 212.669672888 26.2585 37 17
7 195.288872888 31.6393 42 24
8 178.014372888 28.9138 57 29
9 158.843972888 31.0842 70 33
10 148.036372888 25.8918 73 46
11 131.070472888 31.8577 75 55
12 118.557472888 20.3707 89 65
13 103.296872888 22.6313 94 73
14 92.054472888 25.8737 93 82
15 81.825972888 24.1022 93 94
16 70.723772888 26.2044 92 104
17 65.623572888 20.3046 89 118
18 61.587472888 14.3407 89 128
19 54.565472888 15.3627 88 135
20 49.545372888 11.3828 87 145
21 46.515372888 12.4128 74 160
22 43.493272888 10.4349 71 168
23 40.463272888 7.4649 69 176
24 38.449172888 7.479 64 183
25 36.437172888 5.491 56 195
26 31.419172888 8.509 47 206
27 30.399072888 4.5291 46 212
28 28.385072888 4.5431 42 218
29 28.379072888 2.5491 41 221
30 26.361072888 3.5671 35 228
31 25.352972888 2.5752 31 234
32 25.342972888 1.5852 31 235
33 25.332972888 1.5952 29 237
34 23.320972888 1.6072 26 242
35 23.314972888 0.6132 25 244
36 23.300872888 0.6273 23 246
37 23.294872888 0.6333 18 251
38 22.286872888 0.6413 16 254
39 22.272872888 0.6553 16 254
40 22.262872888 0.6653 14 256
41 21.254872888 0.6733 15 256
42 21.246772888 0.6814 13 258
43 19.246772888 1.6814 13 259
43 19.238772888 1.6894 13 259
44 18.232772888 2.6954 11 261
45 18.230772888 2.6974 11 261
46 18.228772888 2.6994 9 263
47 18.216772888 1.7114 9 264
48 18.216772888 1.7114 8 265
48 18.216772888 1.7114 8 265
49 18.212772888 0.7154 7 267
50 18.206772888 0.7214 6 268
51 18.206772888 0 7 268
52 18.198672888 0.0081 6 269
53 18.196672888 0.0101 4 271
54 18.196672888 0.0101 3 272
54 18.190672888 0.0161 3 272
55 18.190672888 0.0161 3 272
55 18.184672888 0.0221 3 272
56 18.184672888 0.0221 1 274
56 18.182672888 0.0241 1 274
57 18.182672888 0.0241 1 274
57 18.180672888 0.0261 1 274
58 18.180672888 0.0261 0 275
58 18.176672888 0.0301 0 275
59 18.176672888 0.0301 0 275
59 18.176672888 0.0301 0 275
60 18.176672888 0.0301 0 275
60 18.168672888 0.0381 0 275
61 18.168672888 0.0381 0 275
