Time S E I R
0 255 0 0 0
1 255 0 0 0
1 243.4329 11.5671 0 0
2 231.0942 19.9058 3 1
3 220.7074 22.2926 11 1
4 204.2405 31.7595 16 3
5 192.5972 30.4028 28 4
6 176.7415 33.2585 38 7
7 159.3607 28.6393 55 12
8 139.0862 30.9138 68 17
9 122.9158 31.0842 74 27
10 111.1082 27.8918 81 35
11 102.1423 23.8577 80 49
12 89.6293 14.3707 92 59
13 80.3687 14.6313 86 74
14 69.1263 14.8737 90 81
15 61.8978 14.1022 85 94
16 55.7956 14.2044 85 100
17 50.6954 11.3046 80 113
18 44.6593 11.3407 73 126
19 37.6373 11.3627 75 131
20 36.6172 8.3828 72 138
21 32.5872 6.4128 73 143
22 31.5651 4.4349 69 150
23 27.5351 6.4649 62 159
24 24.521 6.479 52 172
25 22.509 6.491 43 183
26 20.491 6.509 44 184
27 18.4709 2.5291 48 186
28 17.4569 1.5431 45 191
29 16.4509 2.5491 41 195
30 16.4329 1.5671 39 198
31 16.4248 0.5752 38 200
32 16.4148 0.5852 34 204
33 14.4048 1.5952 29 210
34 13.3928 1.6072 27 213
35 12.3868 2.6132 25 215
36 12.3727 0.6273 24 218
37 11.3667 1.6333 23 219
38 11.3587 1.6413 21 221
39 11.3587 0.6413 16 227
39 11.3447 0.6553 16 227
40 11.3347 0.6653 12 231
41 11.3267 0.6733 11 232
42 11.3186 0 10 234
43 11.3106 0.008 9 235
44 11.3046 0.014 9 235
45 11.3026 0.016 7 237
46 11.3026 0.016 6 238
46 11.3006 0.018 6 238
47 11.3006 0.018 3 241
47 11.2886 0.03 3 241
48 11.2886 0.03 3 241
49 11.2886 0.03 1 243
49 11.2846 0.034 1 243
50 11.2846 0.034 1 243
50 11.2786 0.04 1 243
51 11.2786 0.04 1 243
52 11.2786 0.04 1 243
52 11.2705 0.0481 1 243
53 11.2705 0.0481 1 243
53 11.2685 0.0501 1 243
54 11.2685 0.0501 1 243
54 11.2625 0.0561 1 243
55 11.2565 0.0621 1 243
56 11.2565 0.0621 1 243
56 11.2545 0.0641 1 243
57 11.2545 0.0641 1 243
57 11.2525 0.0661 1 243
58 11.2525 0.0661 1 243
58 11.2485 0.0701 1 243
59 11.2485 0.0701 0 244
59 11.2485 0.0701 0 244
60 11.2485 0.0701 0 244
60 11.2405 0.0781 0 244
61 11.2405 0.0781 0 244
