Time S E I R
0 255 0 0 0
1 255 0 0 0
1 243.4329 11.5671 0 0
2 232.0942 17.9058 5 0
3 221.7074 20.2926 13 0
4 211.2405 21.7595 19 3
5 202.5972 23.4028 23 6
6 196.7415 18.2585 32 8
7 190.3607 13.6393 36 15
8 183.0862 14.9138 38 19
9 177.9158 16.0842 41 20
10 175.1082 8.8918 45 26
11 170.1423 6.8577 46 32
12 168.6293 4.3707 42 40
13 166.3687 2.6313 43 43
14 164.1263 2.8737 36 52
15 162.8978 0.1022 37 55
16 160.7956 1.2044 31 62
17 160.6954 0.3046 28 66
18 159.6593 1.3407 23 71
19 157.6373 3.3627 21 73
20 156.6172 3.3828 19 76
21 155.5872 3.4128 15 81
22 155.5651 3.4349 14 82
23 154.5351 3.4649 14 83
24 154.521 2.479 14 84
25 154.521 1.479 15 84
25 154.509 1.491 15 84
26 154.491 1.509 14 85
27 154.4709 0.5291 10 90
28 154.4569 0.5431 10 90
29 153.4509 1.5491 9 91
30 153.4329 1.5671 8 92
31 153.4248 1.5752 8 92
32 153.4248 1.5752 8 92
32 153.4148 1.5852 8 92
33 153.4148 1.5852 7 93
33 153.4048 1.5952 7 93
34 153.3928 0.6072 8 93
35 153.3868 0.6132 7 94
36 153.3727 0.6273 5 96
37 153.3667 0 5 97
38 152.3667 1 5 97
38 152.3587 1.008 5 97
39 152.3587 0.008 5 98
39 152.3447 0.022 5 98
40 151.3447 1.022 5 98
40 151.3347 1.032 5 98
41 151.3267 1.04 4 99
42 151.3267 0.04 4 100
42 151.3186 0.0481 4 100
43 151.3106 0.0561 3 101
44 151.3106 0.0561 1 103
44 151.3046 0.0621 1 103
45 151.3046 0.0621 0 104
45 151.3026 0.0641 0 104
46 151.3026 0.0641 0 104
46 151.3006 0.0661 0 104
47 151.3006 0.0661 0 104
47 151.2886 0.0781 0 104
48 151.2886 0.0781 0 104
48 151.2886 0.0781 0 104
49 151.2886 0.0781 0 104
49 151.2846 0.0821 0 104
50 151.2846 0.0821 0 104
50 151.2786 0.0881 0 104
51 151.2786 0.0881 0 104
51 151.2786 0.0881 0 104
52 151.2786 0.0881 0 104
52 151.2705 0.0962 0 104
53 151.2705 0.0962 0 104
53 151.2685 0.0982 0 104
54 151.2685 0.0982 0 104
54 151.2625 0.1042 0 104
55 151.2625 0.1042 0 104
55 151.2565 0.1102 0 104
56 151.2565 0.1102 0 104
56 151.2545 0.1122 0 104
57 151.2545 0.1122 0 104
57 151.2525 0.1142 0 104
58 151.2525 0.1142 0 104
58 151.2485 0.1182 0 104
59 151.2485 0.1182 0 104
59 151.2485 0.1182 0 104
60 151.2485 0.1182 0 104
60 151.2405 0.1262 0 104
61 151.2405 0.1262 0 104
