Time S E I R
0 447.185366874 0 0 0
1 447.185366874 0 0 0
1 435.618266874 11.5671 0 0
2 404.279566874 33.9058 9 0
3 267.892766874 124.2926 54 1
4 73.425866874 212.7595 147 14
5 3.425866874 159.7595 243 41
6 0 96.7595 276 75
7 0 46.7595 291 110
8 0 21.7595 277 149
9 0 7.7595 259 181
10 0 4.7595 232 211
11 0 2.7595 208 237
12 0 1.7595 174 272
13 0 0.7595 156 291
14 0 0.7595 133 314
15 0 0 114 334
16 0 0 99 349
17 0 0 80 368
18 0 0 71 377
19 0 0 66 382
20 0 0 59 389
21 0 0 55 393
22 0 0 44 404
23 0 0 39 409
24 0 0 38 410
25 0 0 35 413
26 0 0 33 415
27 0 0 32 416
28 0 0 30 418
29 0 0 29 419
30 0 0 24 424
31 0 0 21 427
32 0 0 19 429
33 0 0 16 432
33 0 0 16 432
34 0 0 12 436
34 0 0 12 436
35 0 0 10 438
36 0 0 10 438
37 0 0 10 438
38 0 0 10 438
38 0 0 10 438
39 0 0 9 439
40 0 0 8 440
40 0 0 8 440
41 0 0 7 441
41 0 0 7 441
42 0 0 7 441
42 0 0 7 441
43 0 0 6 442
43 0 0 6 442
44 0 0 6 442
44 0 0 6 442
45 0 0 6 442
45 0 0 6 442
46 0 0 5 443
47 0 0 5 443
48 0 0 4 444
49 0 0 4 444
49 0 0 4 444
50 0 0 3 445
51 0 0 3 445
51 0 0 3 445
52 0 0 3 445
52 0 0 3 445
53 0 0 3 445
53 0 0 3 445
54 0 0 3 445
55 0 0 3 445
55 0 0 3 445
56 0 0 3 445
56 0 0 3 445
57 0 0 1 447
57 0 0 1 447
58 0 0 1 447
58 0 0 1 447
59 0 0 1 447
59 0 0 1 447
60 0 0 1 447
60 0 0 1 447
61 0 0 1 447
