Time S E I R
0 677.631386797 0 0 0
1 677.631386797 0 0 0
1 666.064286797 11.5671 0 0
2 634.725586797 34.9058 7 1
3 418.338786797 183.2926 72 4
4 67.871886797 329.7595 255 25
5 2.871886797 228.7595 365 81
6 0 121.7595 421 135
7 0 72.7595 413 192
8 0 40.7595 401 236
9 0 23.7595 371 283
10 0 18.7595 330 329
11 0 12.7595 299 366
12 0 6.7595 270 401
13 0 3.7595 234 440
14 0 1.7595 212 464
15 0 0.7595 190 487
16 0 0 173 505
17 0 0 144 534
18 0 0 119 559
19 0 0 108 570
20 0 0 94 584
21 0 0 80 598
22 0 0 72 606
23 0 0 60 618
24 0 0 53 625
25 0 0 47 631
26 0 0 36 642
27 0 0 29 649
28 0 0 27 651
29 0 0 23 655
30 0 0 21 657
31 0 0 20 658
31 0 0 20 658
32 0 0 15 663
33 0 0 11 667
34 0 0 7 671
34 0 0 7 671
35 0 0 6 672
35 0 0 6 672
36 0 0 6 672
36 0 0 6 672
37 0 0 6 672
37 0 0 6 672
38 0 0 6 672
39 0 0 6 672
39 0 0 6 672
40 0 0 6 672
41 0 0 4 674
41 0 0 4 674
42 0 0 4 674
43 0 0 3 675
43 0 0 3 675
44 0 0 3 675
44 0 0 3 675
45 0 0 2 676
45 0 0 2 676
46 0 0 2 676
46 0 0 2 676
47 0 0 1 677
47 0 0 1 677
48 0 0 1 677
48 0 0 1 677
49 0 0 0 678
49 0 0 0 678
50 0 0 0 678
50 0 0 0 678
51 0 0 0 678
51 0 0 0 678
52 0 0 0 678
52 0 0 0 678
53 0 0 0 678
53 0 0 0 678
54 0 0 0 678
54 0 0 0 678
55 0 0 0 678
55 0 0 0 678
56 0 0 0 678
56 0 0 0 678
57 0 0 0 678
57 0 0 0 678
58 0 0 0 678
58 0 0 0 678
59 0 0 0 678
59 0 0 0 678
60 0 0 0 678
60 0 0 0 678
61 0 0 0 678
