Time S E I R
0 955.599206726 0 0 0
1 955.599206726 0 0 0
1 944.032106726 11.5671 0 0
2 887.693406726 55.9058 12 0
3 661.306606726 227.2926 63 4
4 140.839706726 503.7595 283 28
5 3.839706726 386.7595 481 84
6 0 209.7595 573 173
7 0 110.7595 600 245
8 0 58.7595 582 315
9 0 37.7595 527 391
10 0 20.7595 472 463
11 0 10.7595 421 524
12 0 3.7595 380 572
13 0 2.7595 331 622
14 0 2.7595 302 651
15 0 2.7595 259 694
16 0 1.7595 236 718
17 0 0.7595 207 748
18 0 0 182 774
19 0 0 154 802
20 0 0 141 815
21 0 0 120 836
22 0 0 111 845
23 0 0 100 856
24 0 0 84 872
25 0 0 73 883
26 0 0 69 887
27 0 0 64 892
28 0 0 54 902
29 0 0 44 912
30 0 0 38 918
31 0 0 36 920
32 0 0 33 923
33 0 0 30 926
34 0 0 29 927
35 0 0 25 931
36 0 0 22 934
37 0 0 20 936
38 0 0 18 938
39 0 0 16 940
40 0 0 14 942
41 0 0 12 944
42 0 0 12 944
43 0 0 8 948
43 0 0 8 948
44 0 0 6 950
45 0 0 5 951
45 0 0 5 951
46 0 0 5 951
46 0 0 5 951
47 0 0 5 951
47 0 0 5 951
48 0 0 4 952
48 0 0 4 952
49 0 0 2 954
50 0 0 2 954
50 0 0 2 954
51 0 0 2 954
51 0 0 2 954
52 0 0 1 955
52 0 0 1 955
53 0 0 1 955
53 0 0 1 955
54 0 0 1 955
54 0 0 1 955
55 0 0 1 955
55 0 0 1 955
56 0 0 1 955
56 0 0 1 955
57 0 0 1 955
57 0 0 1 955
58 0 0 1 955
58 0 0 1 955
59 0 0 1 955
59 0 0 1 955
60 0 0 1 955
60 0 0 1 955
61 0 0 1 955
