Time S E I R
0 304.54171472 0 0 0
1 304.54171472 0 0 0
1 292.97461472 11.5671 0 0
2 258.63591472 33.9058 12 0
3 181.24911472 90.2926 32 1
4 57.78221472 136.7595 101 9
5 6.78221472 98.7595 172 27
6 0 58.7595 198 48
7 0 25.7595 208 71
8 0 12.7595 193 99
9 0 7.7595 178 119
10 0 3.7595 164 137
11 0 1.7595 145 158
12 0 1.7595 120 183
13 0 0.7595 109 195
14 0 0 95 210
15 0 0 85 220
16 0 0 78 227
17 0 0 68 237
18 0 0 62 243
19 0 0 51 254
20 0 0 44 261
21 0 0 40 265
22 0 0 36 269
23 0 0 33 272
24 0 0 31 274
25 0 0 26 279
26 0 0 22 283
27 0 0 13 292
28 0 0 11 294
29 0 0 9 296
30 0 0 6 299
31 0 0 5 300
32 0 0 5 300
32 0 0 5 300
33 0 0 5 300
34 0 0 5 300
35 0 0 5 300
35 0 0 5 300
36 0 0 4 301
36 0 0 4 301
37 0 0 4 301
37 0 0 4 301
38 0 0 2 303
38 0 0 2 303
39 0 0 2 303
39 0 0 2 303
40 0 0 2 303
41 0 0 2 303
41 0 0 2 303
42 0 0 2 303
42 0 0 2 303
43 0 0 2 303
44 0 0 2 303
44 0 0 2 303
45 0 0 1 304
45 0 0 1 304
46 0 0 1 304
46 0 0 1 304
47 0 0 1 304
47 0 0 1 304
48 0 0 1 304
48 0 0 1 304
49 0 0 1 304
49 0 0 1 304
50 0 0 1 304
50 0 0 1 304
51 0 0 1 304
51 0 0 1 304
52 0 0 1 304
52 0 0 1 304
53 0 0 1 304
53 0 0 1 304
54 0 0 1 304
55 0 0 1 304
55 0 0 1 304
56 0 0 1 304
56 0 0 1 304
57 0 0 1 304
57 0 0 1 304
58 0 0 0 305
58 0 0 0 305
59 0 0 0 305
59 0 0 0 305
60 0 0 0 305
60 0 0 0 305
61 0 0 0 305
