Time S E I R
0 671.057274782 0 0 0
1 671.057274782 0 0 0
1 659.490174782 11.5671 0 0
2 648.151474782 19.9058 3 0
3 630.764674782 27.2926 13 0
4 600.297774782 40.7595 29 1
5 550.654474782 55.4028 59 6
6 492.798774782 84.2585 79 15
7 431.417974782 96.6393 112 31
8 361.143474782 97.9138 161 51
9 254.973074782 140.0842 203 73
10 174.165474782 154.8918 246 96
11 121.199574782 134.8577 277 138
12 73.686574782 101.3707 310 186
13 47.425974782 93.6313 307 223
14 28.183574782 69.8737 311 262
15 15.955074782 43.1022 321 291
16 7.852874782 28.2044 305 330
17 4.752674782 19.3046 288 359
18 3.716574782 9.3407 276 382
19 1.694574782 6.3627 242 421
20 1.674474782 2.3828 217 450
21 1.644474782 0.4128 198 471
22 0.622374782 0.4349 170 500
23 0.592374782 0 147 524
24 0 1 133 538
25 0 0 117 555
26 0 0 110 562
27 0 0 99 573
28 0 0 86 586
29 0 0 74 598
30 0 0 61 611
31 0 0 57 615
32 0 0 52 620
33 0 0 43 629
34 0 0 41 631
35 0 0 35 637
36 0 0 31 641
37 0 0 28 644
38 0 0 21 651
39 0 0 20 652
40 0 0 19 653
41 0 0 18 654
42 0 0 16 656
43 0 0 14 658
44 0 0 13 659
45 0 0 13 659
46 0 0 12 660
47 0 0 8 664
48 0 0 7 665
48 0 0 7 665
49 0 0 6 666
50 0 0 6 666
51 0 0 5 667
52 0 0 4 668
53 0 0 3 669
54 0 0 3 669
54 0 0 3 669
55 0 0 3 669
56 0 0 3 669
57 0 0 3 669
57 0 0 3 669
58 0 0 3 669
58 0 0 3 669
59 0 0 3 669
59 0 0 3 669
60 0 0 3 669
61 0 0 3 669
