Time S E I R
0 613.888114447 0 0 0
1 613.888114447 0 0 0
1 602.321014447 11.5671 0 0
2 589.982314447 21.9058 2 0
3 558.595514447 38.2926 14 3
4 490.128614447 79.7595 37 7
5 354.485314447 160.4028 88 11
6 177.629614447 219.2585 193 24
7 43.248814447 224.6393 290 56
8 1.974314447 145.9138 370 96
9 0 83.9138 382 148
10 0 40.9138 392 181
11 0 21.9138 361 231
12 0 13.9138 322 278
13 0 8.9138 290 315
14 0 7.9138 252 354
15 0 4.9138 218 391
16 0 1.9138 196 416
17 0 0 170 444
18 0 0 153 461
19 0 0 134 480
20 0 0 116 498
21 0 0 102 512
22 0 0 86 528
23 0 0 78 536
24 0 0 68 546
25 0 0 63 551
26 0 0 55 559
27 0 0 50 564
28 0 0 47 567
29 0 0 41 573
30 0 0 39 575
31 0 0 32 582
32 0 0 29 585
33 0 0 27 587
34 0 0 24 590
35 0 0 22 592
36 0 0 18 596
37 0 0 15 599
38 0 0 11 603
39 0 0 9 605
40 0 0 6 608
40 0 0 6 608
41 0 0 6 608
41 0 0 6 608
42 0 0 4 610
43 0 0 4 610
44 0 0 4 610
45 0 0 4 610
46 0 0 3 611
47 0 0 3 611
47 0 0 3 611
48 0 0 3 611
48 0 0 3 611
49 0 0 2 612
50 0 0 1 613
50 0 0 1 613
51 0 0 0 614
51 0 0 0 614
52 0 0 0 614
52 0 0 0 614
53 0 0 0 614
53 0 0 0 614
54 0 0 0 614
54 0 0 0 614
55 0 0 0 614
55 0 0 0 614
56 0 0 0 614
56 0 0 0 614
57 0 0 0 614
57 0 0 0 614
58 0 0 0 614
58 0 0 0 614
59 0 0 0 614
59 0 0 0 614
60 0 0 0 614
60 0 0 0 614
61 0 0 0 614
