Time S E I R
0 735.083554405 0 0 0
1 735.083554405 0 0 0
1 723.516454405 11.5671 0 0
2 690.177754405 33.9058 10 1
3 610.790954405 82.2926 37 5
4 469.324054405 165.7595 83 17
5 242.680754405 266.4028 191 35
6 69.825054405 280.2585 309 76
7 7.444254405 200.6393 406 121
8 0.444254405 113.6393 443 178
9 0 65.6393 436 234
10 0 44.6393 405 286
11 0 24.6393 375 336
12 0 16.6393 338 381
13 0 12.6393 299 424
14 0 10.6393 275 450
15 0 8.6393 245 482
16 0 4.6393 216 515
17 0 3.6393 191 541
18 0 1.6393 164 570
19 0 0.6393 146 589
20 0 0.6393 132 603
21 0 0.6393 114 621
22 0 0.6393 90 645
23 0 0.6393 79 656
24 0 0.6393 75 660
25 0 0 68 668
26 0 0 57 679
27 0 0 50 686
28 0 0 40 696
29 0 0 35 701
30 0 0 30 706
31 0 0 29 707
32 0 0 26 710
33 0 0 25 711
34 0 0 21 715
35 0 0 18 718
36 0 0 17 719
36 0 0 17 719
37 0 0 14 722
38 0 0 14 722
39 0 0 12 724
40 0 0 10 726
40 0 0 10 726
41 0 0 9 727
42 0 0 9 727
42 0 0 9 727
43 0 0 7 729
44 0 0 7 729
44 0 0 7 729
45 0 0 7 729
45 0 0 7 729
46 0 0 7 729
47 0 0 6 730
47 0 0 6 730
48 0 0 6 730
49 0 0 5 731
49 0 0 5 731
50 0 0 4 732
50 0 0 4 732
51 0 0 4 732
51 0 0 4 732
52 0 0 4 732
52 0 0 4 732
53 0 0 4 732
54 0 0 4 732
54 0 0 4 732
55 0 0 4 732
55 0 0 4 732
56 0 0 4 732
56 0 0 4 732
57 0 0 3 733
57 0 0 3 733
58 0 0 3 733
58 0 0 3 733
59 0 0 2 734
59 0 0 2 734
60 0 0 2 734
60 0 0 2 734
