Time S E I R
0 255 0 0 0
1 255 0 0 0
1 243.4329 11.5671 0 0
2 231.0942 15.9058 8 0
3 216.7074 23.2926 15 0
4 203.2405 25.7595 21 5
5 190.5972 26.4028 29 9
6 171.7415 24.2585 45 14
7 156.3607 29.6393 52 17
8 142.0862 29.9138 60 23
9 127.9158 28.0842 71 28
10 113.1082 18.8918 86 37
11 97.1423 20.8577 84 53
12 85.6293 16.3707 93 60
13 76.3687 14.6313 97 67
14 70.1263 15.8737 90 79
15 59.8978 15.1022 86 94
16 51.7956 9.2044 87 107
17 47.6954 8.3046 81 118
18 46.6593 5.3407 69 134
19 41.6373 5.3627 60 148
20 39.6172 5.3828 54 156
21 35.5872 6.4128 51 162
22 35.5651 2.4349 48 169
23 35.5351 1.4649 39 179
24 32.521 1.479 36 185
25 31.509 1.491 33 189
26 28.491 3.509 30 193
27 26.4709 3.5291 29 196
28 25.4569 3.5431 28 198
29 25.4509 1.5491 27 201
30 24.4329 0.5671 27 203
31 22.4248 2.5752 26 204
32 21.4148 2.5852 22 209
33 21.4048 0.5952 20 213
34 20.3928 0.6072 17 217
35 19.3868 1.6132 16 218
36 19.3727 1.6273 16 218
37 19.3667 1.6333 12 222
38 18.3587 1.6413 11 224
39 18.3447 0.6553 12 224
40 18.3447 0.6553 8 228
40 18.3347 0.6653 8 228
41 18.3267 0.6733 8 228
42 18.3186 0.6814 5 231
43 18.3186 0.6814 3 233
43 18.3106 0.6894 3 233
44 18.3046 0.6954 3 233
45 18.3026 0.6974 3 233
46 18.3006 0.6994 3 233
47 18.3006 0.6994 2 234
47 18.2886 0.7114 2 234
48 18.2886 -0.2886 2 235
48 18.2886 0 2 235
49 18.2886 0 2 235
49 18.2846 0.004 2 235
50 18.2846 0.004 2 235
50 18.2786 0.01 2 235
51 18.2786 0.01 1 236
51 18.2786 0.01 1 236
52 18.2786 0.01 1 236
52 18.2705 0.0181 1 236
53 18.2705 0.0181 1 236
53 18.2685 0.0201 1 236
54 18.2685 0.0201 1 236
54 18.2625 0.0261 1 236
55 18.2625 0.0261 1 236
55 18.2565 0.0321 1 236
56 18.2565 0.0321 0 237
56 18.2545 0.0341 0 237
57 18.2545 0.0341 0 237
57 18.2525 0.0361 0 237
58 18.2525 0.0361 0 237
58 18.2485 0.0401 0 237
59 18.2485 -0.9599 1 237
59 18.2485 0 1 237
60 18.2485 0 1 237
60 18.2405 0.008 1 237
61 18.2405 0.008 1 237
