Time S E I R
0 255 0 0 0
1 255 0 0 0
1 243.4329 11.5671 0 0
2 232.0942 19.9058 3 0
3 220.7074 24.2926 9 1
4 211.2405 21.7595 17 5
5 198.5972 28.4028 22 6
6 191.7415 22.2585 32 9
7 185.3607 20.6393 33 16
8 176.0862 20.9138 39 19
9 170.9158 18.0842 39 27
10 165.1082 13.8918 44 32
11 160.1423 11.8577 49 34
12 154.6293 13.3707 50 37
13 152.3687 9.6313 49 44
14 148.1263 5.8737 51 50
15 145.8978 6.1022 48 55
16 144.7956 3.2044 48 59
17 140.6954 6.3046 46 62
18 139.6593 3.3407 43 69
19 137.6373 2.3627 42 73
20 134.6172 4.3828 40 76
21 131.5872 5.4128 35 83
22 130.5651 5.4349 29 90
23 127.5351 5.4649 29 93
24 125.521 2.479 29 98
25 123.509 2.491 29 100
26 121.491 2.509 26 105
27 121.4709 2.5291 22 109
28 120.4569 2.5431 22 110
29 118.4509 2.5491 22 112
30 117.4329 1.5671 20 116
31 113.4248 4.5752 18 119
32 111.4148 5.5852 17 121
33 111.4048 3.5952 17 123
34 110.3928 2.6072 16 126
35 109.3868 3.6132 15 127
36 107.3727 4.6273 14 129
37 107.3667 2.6333 13 132
38 107.3587 1.6413 12 134
39 106.3447 0.6553 13 135
40 106.3347 0.6653 11 137
41 106.3267 0.6733 10 138
42 103.3186 2.6814 10 139
43 103.3106 1.6894 11 139
44 103.3046 0.6954 9 142
45 102.3026 0.6974 9 143
46 102.3026 -0.3026 9 144
46 102.3006 0 9 144
47 102.2886 0.012 8 145
48 102.2886 0.012 8 145
48 102.2886 0.012 8 145
49 102.2846 0.016 6 147
50 102.2846 0.016 5 148
50 102.2786 0.022 5 148
51 102.2786 0.022 4 149
52 102.2705 0.0301 4 149
53 102.2705 0.0301 4 149
53 102.2685 0.0321 4 149
54 102.2685 0.0321 4 149
54 102.2625 0.0381 4 149
55 102.2625 0.0381 4 149
55 102.2565 0.0441 4 149
56 102.2565 0.0441 4 149
56 102.2545 0.0461 4 149
57 102.2525 0.0481 4 149
58 102.2525 0.0481 4 149
58 102.2485 0.0521 4 149
59 102.2485 0.0521 4 149
59 102.2485 0.0521 4 149
60 102.2485 0.0521 4 149
60 102.2405 0.0601 4 149
61 102.2405 0.0601 4 149
