Time S E I R
0 656.314181462 0 0 0
1 656.314181462 0 0 0
1 644.747081462 11.5671 0 0
2 627.408381462 25.9058 3 0
3 573.021581462 61.2926 22 0
4 399.554681462 181.7595 68 7
5 134.911381462 296.4028 205 20
6 8.055681462 268.2585 334 46
7 1.055681462 165.2585 399 91
8 0.055681462 80.2585 430 146
9 0 45.2585 415 197
10 0 25.2585 385 247
11 0 15.2585 353 289
12 0 8.2585 305 344
13 0 4.2585 272 381
14 0 0.2585 240 417
15 0 0.2585 214 443
16 0 0.2585 188 469
17 0 0.2585 165 492
18 0 0.2585 139 518
19 0 0.2585 124 533
20 0 0.2585 108 549
21 0 0 100 558
22 0 0 91 567
23 0 0 82 576
24 0 0 76 582
25 0 0 68 590
26 0 0 61 597
27 0 0 53 605
28 0 0 48 610
29 0 0 41 617
30 0 0 38 620
31 0 0 33 625
32 0 0 27 631
33 0 0 23 635
34 0 0 22 636
35 0 0 19 639
36 0 0 16 642
37 0 0 16 642
38 0 0 12 646
39 0 0 9 649
39 0 0 9 649
40 0 0 8 650
40 0 0 8 650
41 0 0 6 652
42 0 0 5 653
43 0 0 5 653
44 0 0 5 653
44 0 0 5 653
45 0 0 4 654
46 0 0 4 654
46 0 0 4 654
47 0 0 4 654
47 0 0 4 654
48 0 0 4 654
48 0 0 4 654
49 0 0 4 654
49 0 0 4 654
50 0 0 3 655
50 0 0 3 655
51 0 0 1 657
51 0 0 1 657
52 0 0 1 657
52 0 0 1 657
53 0 0 1 657
53 0 0 1 657
54 0 0 1 657
55 0 0 1 657
55 0 0 1 657
56 0 0 0 658
56 0 0 0 658
57 0 0 0 658
57 0 0 0 658
58 0 0 0 658
58 0 0 0 658
59 0 0 0 658
59 0 0 0 658
60 0 0 0 658
60 0 0 0 658
61 0 0 0 658
