Time S E I R
0 255 0 0 0
1 255 0 0 0
1 243.4329 11.5671 0 0
2 231.0942 16.9058 7 0
3 218.7074 20.2926 14 2
4 202.2405 23.7595 23 6
5 185.5972 34.4028 26 9
6 171.7415 23.2585 44 16
7 158.3607 25.6393 42 29
8 145.0862 29.9138 44 36
9 135.9158 25.0842 51 43
10 124.1082 25.8918 54 51
11 114.1423 17.8577 62 61
12 101.6293 24.3707 64 65
13 88.3687 21.6313 71 74
14 79.1263 20.8737 70 85
15 73.8978 11.1022 68 102
16 64.7956 13.2044 67 110
17 57.6954 13.3046 68 116
18 53.6593 11.3407 66 124
19 50.6373 10.3627 66 128
20 48.6172 6.3828 63 137
21 41.5872 7.4128 62 144
22 39.5651 6.4349 60 149
23 36.5351 9.4649 45 164
24 35.521 7.479 44 168
25 34.509 3.491 42 175
26 32.491 2.509 39 181
27 31.4709 1.5291 37 185
28 30.4569 1.5431 35 188
29 29.4509 2.5491 31 192
30 26.4329 3.5671 29 196
31 25.4248 3.5752 25 201
32 23.4148 4.5852 24 203
33 23.4048 3.5952 24 204
34 23.3928 1.6072 22 208
35 21.3868 1.6132 22 210
36 21.3727 0.6273 20 213
37 21.3667 0.6333 15 218
38 21.3587 0 16 218
39 20.3587 1 11 223
39 20.3447 1.014 11 223
40 20.3347 1.024 9 225
41 18.3267 1.032 10 226
42 18.3267 0.032 11 226
42 18.3186 0.0401 11 226
43 18.3186 0.0401 10 227
43 18.3106 0.0481 10 227
44 18.3106 0.0481 9 228
44 18.3046 0.0541 9 228
45 17.3026 1.0561 8 229
46 17.3006 0.0581 8 230
47 17.2886 0.0701 8 230
48 17.2886 0.0701 8 230
49 17.2846 0.0741 7 231
50 17.2786 0.0801 6 232
51 16.2786 1.0801 5 233
52 16.2786 1.0801 4 234
52 16.2705 1.0882 4 234
53 16.2685 0.0902 5 234
54 16.2625 0.0962 5 234
55 16.2625 0.0962 3 236
55 16.2565 0.1022 3 236
56 16.2565 0.1022 2 237
56 16.2545 0.1042 2 237
57 16.2545 0.1042 2 237
57 16.2525 0.1062 2 237
58 15.2485 1.1102 2 237
59 15.2485 1.1102 1 238
60 15.2485 0.1102 2 238
60 15.2405 0.1182 2 238
