Time S E I R
0 255 0 0 0
1 255 0 0 0
1 243.4329 11.5671 0 0
2 232.0942 19.9058 3 0
3 221.7074 23.2926 8 2
4 211.2405 23.7595 14 6
5 202.5972 24.4028 18 10
6 195.7415 23.2585 24 12
7 189.3607 14.6393 35 16
8 183.0862 14.9138 39 18
9 175.9158 18.0842 36 25
10 174.1082 11.8918 39 30
11 172.1423 7.8577 39 36
12 170.6293 6.3707 37 41
13 168.3687 5.6313 35 46
14 166.1263 3.8737 35 50
15 162.8978 6.1022 29 57
16 160.7956 7.2044 27 60
17 158.6954 1.3046 31 64
18 156.6593 2.3407 26 70
19 154.6373 3.3627 23 74
20 152.6172 1.3828 19 82
21 150.5872 2.4128 19 83
22 148.5651 2.4349 15 89
23 148.5351 2.4649 12 92
24 148.521 0.479 12 94
25 148.521 -0.521 12 95
25 148.509 0 12 95
26 148.491 0.018 12 95
27 148.4709 0.0381 10 97
28 148.4569 0.0521 9 98
29 148.4509 0.0581 9 98
30 147.4329 1.0761 6 101
31 147.4329 0.0761 6 102
31 147.4248 0.0842 6 102
32 147.4148 0.0942 4 104
33 147.4048 0.1042 3 105
34 146.4048 1.1042 2 106
34 146.3928 1.1162 2 106
35 146.3868 0.1222 3 106
36 146.3868 0.1222 3 106
36 146.3727 0.1363 3 106
37 146.3667 0.1423 3 106
38 146.3667 0.1423 2 107
38 146.3587 0.1503 2 107
39 146.3447 0.1643 1 108
40 146.3347 0.1743 1 108
41 146.3347 0.1743 1 108
41 146.3267 0.1823 1 108
42 146.3267 0.1823 0 109
42 146.3186 0.1904 0 109
43 146.3186 -0.8096 1 109
43 146.3106 0 1 109
44 146.3106 0 1 109
44 146.3046 0.006 1 109
45 146.3046 0.006 0 110
45 146.3026 0.008 0 110
46 146.3026 0.008 0 110
46 146.3006 0.01 0 110
47 146.3006 0.01 0 110
47 146.2886 0.022 0 110
48 146.2886 0.022 0 110
48 146.2886 0.022 0 110
49 146.2886 0.022 0 110
49 146.2846 0.026 0 110
50 146.2846 0.026 0 110
50 146.2786 0.032 0 110
51 146.2786 0.032 0 110
51 146.2786 0.032 0 110
52 146.2786 0.032 0 110
52 146.2705 0.0401 0 110
53 146.2705 0.0401 0 110
53 146.2685 0.0421 0 110
54 146.2685 0.0421 0 110
54 146.2625 0.0481 0 110
55 146.2625 0.0481 0 110
55 146.2565 0.0541 0 110
56 146.2565 0.0541 0 110
56 146.2545 0.0561 0 110
57 146.2545 0.0561 0 110
57 146.2525 0.0581 0 110
58 146.2525 0.0581 0 110
58 146.2485 0.0621 0 110
59 146.2485 0.0621 0 110
59 146.2485 0.0621 0 110
60 146.2485 0.0621 0 110
60 146.2405 0.0701 0 110
61 146.2405 0.0701 0 110
