Time S E I R
0 842.15858164 0 0 0
1 842.15858164 0 0 0
1 830.59148164 11.5671 0 0
2 751.25278164 73.9058 15 2
3 339.86598164 372.2926 119 11
4 2.39908164 444.7595 346 49
5 0 252.7595 485 105
6 0 127.7595 540 175
7 0 72.7595 532 238
8 0 44.7595 488 310
9 0 22.7595 444 376
10 0 10.7595 416 416
11 0 8.7595 364 470
12 0 2.7595 330 510
13 0 1.7595 287 554
14 0 1.7595 259 582
15 0 1.7595 233 608
16 0 1.7595 210 631
17 0 0 195 648
18 0 0 161 682
19 0 0 147 696
20 0 0 131 712
21 0 0 118 725
22 0 0 104 739
23 0 0 93 750
24 0 0 82 761
25 0 0 74 769
26 0 0 67 776
27 0 0 63 780
28 0 0 56 787
29 0 0 51 792
30 0 0 46 797
31 0 0 40 803
32 0 0 39 804
33 0 0 36 807
34 0 0 32 811
35 0 0 30 813
36 0 0 25 818
37 0 0 21 822
38 0 0 19 824
39 0 0 16 827
40 0 0 13 830
41 0 0 12 831
42 0 0 11 832
42 0 0 11 832
43 0 0 9 834
44 0 0 5 838
45 0 0 5 838
45 0 0 5 838
46 0 0 4 839
46 0 0 4 839
47 0 0 3 840
48 0 0 2 841
48 0 0 2 841
49 0 0 2 841
49 0 0 2 841
50 0 0 2 841
50 0 0 2 841
51 0 0 2 841
51 0 0 2 841
52 0 0 2 841
52 0 0 2 841
53 0 0 2 841
53 0 0 2 841
54 0 0 2 841
54 0 0 2 841
55 0 0 2 841
56 0 0 2 841
56 0 0 2 841
57 0 0 1 842
57 0 0 1 842
58 0 0 1 842
58 0 0 1 842
59 0 0 1 842
59 0 0 1 842
60 0 0 1 842
60 0 0 1 842
61 0 0 1 842
