Time S E I R
0 421.59584108 0 0 0
1 421.59584108 0 0 0
1 410.02874108 11.5671 0 0
2 375.69004108 36.9058 9 0
3 278.30324108 100.2926 39 4
4 98.83634108 190.7595 123 9
5 5.19304108 186.4028 202 28
6 0.19304108 100.4028 265 56
7 0 63.4028 265 94
8 0 34.4028 265 123
9 0 17.4028 252 153
10 0 9.4028 224 189
11 0 4.4028 197 221
12 0 2.4028 175 245
13 0 2.4028 146 274
14 0 0.4028 128 294
15 0 0.4028 112 310
16 0 0.4028 100 322
17 0 0 89 334
18 0 0 78 345
19 0 0 68 355
20 0 0 62 361
21 0 0 57 366
22 0 0 53 370
23 0 0 48 375
24 0 0 42 381
25 0 0 36 387
26 0 0 28 395
27 0 0 27 396
28 0 0 22 401
29 0 0 19 404
30 0 0 17 406
31 0 0 16 407
32 0 0 16 407
33 0 0 15 408
34 0 0 15 408
35 0 0 14 409
36 0 0 13 410
37 0 0 12 411
37 0 0 12 411
38 0 0 11 412
39 0 0 11 412
40 0 0 10 413
41 0 0 10 413
42 0 0 7 416
42 0 0 7 416
43 0 0 6 417
44 0 0 6 417
44 0 0 6 417
45 0 0 6 417
46 0 0 6 417
47 0 0 6 417
48 0 0 5 418
48 0 0 5 418
49 0 0 5 418
49 0 0 5 418
50 0 0 5 418
50 0 0 5 418
51 0 0 5 418
52 0 0 5 418
53 0 0 5 418
54 0 0 5 418
54 0 0 5 418
55 0 0 3 420
55 0 0 3 420
56 0 0 2 421
56 0 0 2 421
57 0 0 2 421
57 0 0 2 421
58 0 0 2 421
58 0 0 2 421
59 0 0 1 422
59 0 0 1 422
60 0 0 1 422
60 0 0 1 422
61 0 0 1 422
