Time S E I R
0 392.916937037 0 0 0
1 392.916937037 0 0 0
1 381.349837037 11.5671 0 0
2 359.011137037 26.9058 7 0
3 311.624337037 56.2926 24 1
4 210.157437037 114.7595 62 6
5 93.514137037 166.4028 115 18
6 28.658437037 141.2585 187 36
7 1.658437037 94.2585 237 60
8 0.658437037 56.2585 245 91
9 0.658437037 29.2585 246 117
10 0 16.2585 222 155
11 0 7.2585 201 185
12 0 2.2585 181 210
13 0 0.2585 162 231
14 0 0.2585 142 251
15 0 0.2585 125 268
16 0 0.2585 104 289
17 0 0.2585 91 302
18 0 0.2585 84 309
19 0 0.2585 74 319
20 0 0.2585 69 324
21 0 0.2585 60 333
22 0 0.2585 50 343
23 0 0.2585 47 346
24 0 0.2585 44 349
25 0 0.2585 39 354
26 0 0.2585 32 361
27 0 0.2585 26 367
28 0 0.2585 22 371
29 0 0.2585 20 373
30 0 0.2585 16 377
30 0 0.2585 16 377
31 0 0.2585 12 381
32 0 0.2585 10 383
32 0 0.2585 10 383
33 0 0.2585 10 383
34 0 0.2585 10 383
35 0 0.2585 9 384
36 0 0.2585 8 385
37 0 0.2585 6 387
38 0 0.2585 5 388
38 0 0.2585 5 388
39 0 0.2585 4 389
39 0 0.2585 4 389
40 0 0.2585 3 390
41 0 0.2585 3 390
41 0 0.2585 3 390
42 0 0.2585 2 391
42 0 0.2585 2 391
43 0 0.2585 1 392
43 0 0.2585 1 392
44 0 0.2585 1 392
44 0 0.2585 1 392
45 0 0.2585 1 392
46 0 0.2585 0 393
46 0 0.2585 0 393
47 0 0.2585 0 393
47 0 0.2585 0 393
48 0 0.2585 0 393
48 0 0.2585 0 393
49 0 0.2585 0 393
50 0 0.2585 0 393
50 0 0.2585 0 393
51 0 0.2585 0 393
52 0 0.2585 0 393
53 0 0.2585 0 393
53 0 0.2585 0 393
54 0 0.2585 0 393
54 0 0.2585 0 393
55 0 0.2585 0 393
56 0 0.2585 0 393
56 0 0.2585 0 393
57 0 0.2585 0 393
57 0 0.2585 0 393
58 0 0.2585 0 393
58 0 0.2585 0 393
59 0 0.2585 0 393
59 0 0.2585 0 393
60 0 0.2585 0 393
60 0 0.2585 0 393
61 0 0.2585 0 393
