Time S E I R
0 375.899853102 0 0 0
1 375.899853102 0 0 0
1 364.332753102 11.5671 0 0
2 327.994053102 37.9058 10 0
3 211.607253102 117.2926 43 4
4 63.140353102 179.7595 113 20
5 2.140353102 138.7595 199 36
6 0.140353102 76.7595 237 62
7 0.140353102 36.7595 231 108
8 0 25.7595 217 134
9 0 14.7595 202 160
10 0 7.7595 192 177
11 0 1.7595 179 196
12 0 1.7595 150 225
13 0 0.7595 132 244
14 0 0.7595 115 261
15 0 0.7595 92 284
16 0 0 84 293
17 0 0 74 303
18 0 0 60 317
19 0 0 52 325
20 0 0 44 333
21 0 0 38 339
22 0 0 34 343
23 0 0 28 349
24 0 0 25 352
25 0 0 20 357
26 0 0 19 358
27 0 0 16 361
28 0 0 13 364
29 0 0 12 365
30 0 0 12 365
31 0 0 12 365
32 0 0 10 367
33 0 0 7 370
33 0 0 7 370
34 0 0 7 370
35 0 0 5 372
36 0 0 5 372
36 0 0 5 372
37 0 0 4 373
37 0 0 4 373
38 0 0 4 373
38 0 0 4 373
39 0 0 4 373
39 0 0 4 373
40 0 0 4 373
40 0 0 4 373
41 0 0 4 373
41 0 0 4 373
42 0 0 3 374
42 0 0 3 374
43 0 0 3 374
43 0 0 3 374
44 0 0 3 374
44 0 0 3 374
45 0 0 2 375
45 0 0 2 375
46 0 0 1 376
46 0 0 1 376
47 0 0 0 377
47 0 0 0 377
48 0 0 0 377
48 0 0 0 377
49 0 0 0 377
49 0 0 0 377
50 0 0 0 377
50 0 0 0 377
51 0 0 0 377
51 0 0 0 377
52 0 0 0 377
52 0 0 0 377
53 0 0 0 377
53 0 0 0 377
54 0 0 0 377
54 0 0 0 377
55 0 0 0 377
55 0 0 0 377
56 0 0 0 377
56 0 0 0 377
57 0 0 0 377
57 0 0 0 377
58 0 0 0 377
58 0 0 0 377
59 0 0 0 377
59 0 0 0 377
60 0 0 0 377
60 0 0 0 377
61 0 0 0 377
