Time S E I R
0 653.370446531 0 0 0
1 653.370446531 0 0 0
1 641.803346531 11.5671 0 0
2 628.464646531 23.9058 1 0
3 606.077846531 32.2926 14 1
4 563.610946531 46.7595 40 3
5 486.967646531 82.4028 74 10
6 386.111946531 131.2585 119 17
7 267.731146531 169.6393 177 39
8 150.456646531 178.9138 247 77
9 80.286246531 152.0842 307 114
10 29.478646531 131.8918 330 162
11 10.512746531 92.8577 347 203
12 5.999746531 66.3707 331 250
13 3.739146531 36.6313 326 287
14 1.496746531 21.8737 303 327
15 0.268246531 14.1022 268 371
16 0.166046531 8.2044 224 421
17 0.065846531 2.3046 199 452
18 0.029746531 1.3407 171 481
19 0.007746531 1.3627 160 492
20 0.007746531 0.3627 146 507
21 0.007746531 0.3627 134 519
22 0.007746531 0.3627 120 533
23 0.007746531 0.3627 101 552
24 0.007746531 0.3627 88 565
25 0.007746531 0.3627 77 576
26 0.007746531 0.3627 70 583
27 0.007746531 0.3627 59 594
28 0.007746531 0.3627 51 602
29 0.001746531 0.3687 44 609
30 0.001746531 0.3687 36 617
31 0.001746531 0.3687 32 621
32 0.001746531 0.3687 30 623
33 0.001746531 0.3687 25 628
34 0.001746531 0.3687 21 632
35 0.001746531 0.3687 21 632
36 0.001746531 0 20 634
37 0.001746531 0 20 634
38 0.001746531 0 19 635
38 0.001746531 0 19 635
39 0.001746531 0 18 636
39 0.001746531 0 18 636
40 0.001746531 0 17 637
41 0.001746531 0 15 639
42 0.001746531 0 14 640
43 0.001746531 0 13 641
44 0.001746531 0 12 642
45 0.001746531 0 9 645
46 0.001746531 0 8 646
47 0.001746531 0 8 646
48 0.001746531 0 7 647
48 0.001746531 0 7 647
49 0.001746531 0 5 649
50 0.001746531 0 4 650
50 0.001746531 0 4 650
51 0.001746531 0 4 650
51 0.001746531 0 4 650
52 0.001746531 0 3 651
53 0.001746531 0 3 651
53 0.001746531 0 3 651
54 0.001746531 0 3 651
55 0.001746531 0 3 651
55 0.001746531 0 3 651
56 0.001746531 0 3 651
56 0.001746531 0 3 651
57 0.001746531 0 3 651
57 0.001746531 0 3 651
58 0.001746531 0 2 652
58 0.001746531 0 2 652
59 0.001746531 0 2 652
59 0.001746531 0 2 652
60 0.001746531 0 2 652
60 0.001746531 0 2 652
