Time S E I R
0 255 0 0 0
1 255 0 0 0
1 243.4329 11.5671 0 0
2 230.0942 19.9058 4 1
3 216.7074 21.2926 14 3
4 199.2405 29.7595 21 5
5 178.5972 40.4028 30 6
6 165.7415 29.2585 50 10
7 142.3607 39.6393 55 18
8 118.0862 42.9138 72 22
9 100.9158 43.0842 74 37
10 87.1082 28.8918 88 51
11 72.1423 31.8577 84 67
12 64.6293 25.3707 92 73
13 58.3687 20.6313 95 81
14 45.1263 22.8737 93 94
15 40.8978 15.1022 90 109
16 35.7956 13.2044 82 124
17 29.6954 8.3046 86 131
18 25.6593 3.3407 80 146
19 24.6373 3.3627 71 156
20 19.6172 4.3828 61 170
21 18.5872 3.4128 57 176
22 18.5651 1.4349 51 184
23 16.5351 3.4649 43 192
24 14.521 3.479 41 196
25 14.509 1.491 38 201
26 13.491 0.509 30 211
27 13.4709 0.5291 27 214
28 13.4569 0.5431 23 218
29 13.4509 0.5491 19 222
30 13.4329 0 17 225
31 13.4248 0.0081 16 226
32 12.4148 1.0181 16 226
33 12.4048 1.0281 15 227
34 12.3928 0.0401 15 228
35 12.3868 0.0461 13 230
36 12.3727 0.0602 11 232
37 12.3667 0.0662 10 233
38 12.3587 0.0742 6 237
39 12.3447 0.0882 4 239
40 12.3347 0.0982 4 239
41 12.3347 0.0982 3 240
41 12.3267 0.1062 3 240
42 12.3267 0.1062 3 240
42 12.3186 0.1143 3 240
43 12.3186 0.1143 3 240
43 12.3106 0.1223 3 240
44 12.3046 0.1283 2 241
45 12.3026 0.1303 2 241
46 12.3026 0.1303 2 241
46 12.3006 0.1323 2 241
47 12.3006 0.1323 1 242
47 12.2886 0.1443 1 242
48 12.2886 0.1443 1 242
48 12.2886 0.1443 1 242
49 12.2886 0.1443 1 242
49 12.2846 0.1483 1 242
50 12.2846 0.1483 1 242
50 12.2786 0.1543 1 242
51 12.2786 0.1543 0 243
51 12.2786 0.1543 0 243
52 12.2786 0.1543 0 243
52 12.2705 0.1624 0 243
53 12.2705 0.1624 0 243
53 12.2685 0.1644 0 243
54 12.2685 0.1644 0 243
54 12.2625 0.1704 0 243
55 12.2625 -0.8296 1 243
55 12.2565 0 1 243
56 12.2565 0 1 243
56 12.2545 0.002 1 243
57 12.2545 0.002 1 243
57 12.2525 0.004 1 243
58 12.2525 0.004 1 243
58 12.2485 0.008 1 243
59 12.2485 0.008 1 243
59 12.2485 0.008 1 243
60 11.2485 1.008 1 243
60 11.2405 1.016 1 243
61 11.2405 1.016 1 243
