Time S E I R
0 255 0 0 0
1 255 0 0 0
1 243.4329 11.5671 0 0
2 231.0942 20.9058 3 0
3 216.7074 25.2926 12 1
4 202.2405 22.7595 27 3
5 188.5972 26.4028 35 5
6 171.7415 30.2585 41 12
7 153.3607 28.6393 53 20
8 132.0862 31.9138 63 28
9 121.9158 27.0842 68 38
10 115.1082 18.8918 71 50
11 105.1423 17.8577 76 56
12 93.6293 20.3707 78 63
13 84.3687 17.6313 79 74
14 74.1263 16.8737 76 88
15 69.8978 10.1022 76 99
16 60.7956 14.2044 70 110
17 56.6954 11.3046 69 118
18 52.6593 7.3407 71 124
19 48.6373 6.3627 67 133
20 47.6172 4.3828 56 147
21 45.5872 1.4128 53 155
22 45.5651 1.4349 52 156
23 43.5351 2.4649 46 163
24 39.521 3.479 44 168
25 39.509 2.491 35 178
26 36.491 4.509 25 189
27 35.4709 4.5291 22 193
28 34.4569 3.5431 22 195
29 31.4509 3.5491 25 195
30 29.4329 2.5671 25 198
31 28.4248 1.5752 26 199
32 26.4148 2.5852 26 200
33 24.4048 2.5952 26 202
34 24.3928 0.6072 26 204
35 23.3868 0.6132 23 208
36 22.3727 1.6273 20 211
37 22.3667 0.6333 16 216
38 22.3587 0.6413 13 219
39 22.3447 0.6553 12 220
40 22.3347 0.6653 12 220
41 22.3267 0 10 223
42 21.3186 0.0081 9 225
43 21.3106 0.0161 7 227
44 21.3046 0.0221 6 228
45 21.3026 0.0241 6 228
46 20.3026 1.0241 5 229
46 20.3006 1.0261 5 229
47 20.3006 0.0261 6 229
47 20.2886 0.0381 6 229
48 20.2886 0.0381 6 229
49 19.2846 1.0421 6 229
50 19.2846 0.0421 6 230
50 19.2786 0.0481 6 230
51 19.2786 0.0481 6 230
51 19.2786 0.0481 6 230
52 19.2786 0.0481 6 230
52 19.2705 0.0562 6 230
53 19.2685 0.0582 6 230
54 18.2625 1.0642 6 230
55 17.2565 1.0702 6 231
56 17.2565 0.0702 5 233
56 17.2545 0.0722 5 233
57 16.2525 1.0742 4 234
58 16.2525 0.0742 3 236
58 16.2485 0.0782 3 236
59 16.2485 0.0782 3 236
60 16.2405 0.0862 3 236
