Time S E I R
0 777.134648529 0 0 0
1 777.134648529 0 0 0
1 765.567548529 11.5671 0 0
2 742.228848529 26.9058 8 0
3 709.842048529 45.2926 21 1
4 630.375148529 87.7595 55 4
5 504.731848529 151.4028 106 15
6 308.876148529 233.2585 205 30
7 138.495348529 272.6393 313 53
8 36.220848529 228.9138 418 94
9 7.050448529 170.0842 450 150
10 1.242848529 107.8918 454 214
11 0.276948529 55.8577 436 285
12 0.276948529 27.8577 418 331
13 0.016348529 14.1183 390 373
14 0.016348529 6.1183 354 417
15 0.016348529 4.1183 306 467
16 0.016348529 3.1183 254 520
17 0.016348529 2.1183 214 561
18 0.016348529 2.1183 183 592
19 0.016348529 2.1183 158 617
20 0.016348529 1.1183 136 640
21 0.016348529 1.1183 120 656
22 0.016348529 0.1183 104 673
23 0.016348529 0.1183 91 686
24 0.002248529 0.1324 84 693
25 0.002248529 0.1324 72 705
26 0.002248529 0.1324 68 709
27 0.002248529 0.1324 60 717
28 0.002248529 0.1324 52 725
29 0.002248529 0.1324 45 732
30 0.002248529 0.1324 43 734
31 0.002248529 0.1324 39 738
32 0.002248529 0.1324 38 739
33 0.002248529 0 32 746
34 0.002248529 0 30 748
35 0.002248529 0 27 751
36 0.002248529 0 24 754
37 0.002248529 0 22 756
38 0.002248529 0 21 757
39 0.002248529 0 18 760
40 0.002248529 0 15 763
41 0.002248529 0 13 765
41 0.002248529 0 13 765
42 0.002248529 0 11 767
43 0.002248529 0 9 769
43 0.002248529 0 9 769
44 0.002248529 0 6 772
45 0.000248529 0.002 5 773
46 0.000248529 0.002 5 773
46 0.000248529 0.002 5 773
47 0.000248529 0.002 5 773
47 0.000248529 0.002 5 773
48 0.000248529 0.002 4 774
49 0.000248529 0.002 4 774
49 0.000248529 0.002 4 774
50 0.000248529 0.002 2 776
51 0.000248529 0.002 2 776
51 0.000248529 0.002 2 776
52 0.000248529 0.002 2 776
52 0.000248529 0.002 2 776
53 0.000248529 0.002 2 776
53 0.000248529 0.002 2 776
54 0.000248529 0.002 1 777
55 0.000248529 0.002 0 778
55 0.000248529 0.002 0 778
56 0.000248529 0.002 0 778
56 0.000248529 0.002 0 778
57 0.000248529 0.002 0 778
57 0.000248529 0.002 0 778
58 0.000248529 0.002 0 778
58 0.000248529 0.002 0 778
59 0.000248529 0.002 0 778
59 0.000248529 0.002 0 778
60 0.000248529 0.002 0 778
60 0.000248529 0.002 0 778
61 0.000248529 0.002 0 778
