Time S E I R
0 308.410013659 0 0 0
1 308.410013659 0 0 0
1 296.842913659 11.5671 0 0
2 267.504213659 35.9058 4 1
3 229.117413659 54.2926 21 4
4 124.650513659 119.7595 56 8
5 43.007213659 140.4028 103 22
6 1.151513659 106.2585 166 35
7 0.151513659 56.2585 188 64
8 0.151513659 28.2585 186 94
9 0.151513659 17.2585 174 117
10 0.151513659 7.2585 168 133
11 0 4.2585 156 149
12 0 1.2585 133 175
13 0 1.2585 113 195
14 0 1.2585 95 213
15 0 0.2585 83 226
16 0 0.2585 77 232
17 0 0.2585 68 241
18 0 0 64 246
19 0 0 59 251
20 0 0 46 264
21 0 0 42 268
22 0 0 37 273
23 0 0 33 277
24 0 0 29 281
25 0 0 24 286
26 0 0 23 287
27 0 0 22 288
28 0 0 17 293
29 0 0 14 296
30 0 0 12 298
31 0 0 8 302
31 0 0 8 302
32 0 0 7 303
32 0 0 7 303
33 0 0 7 303
34 0 0 7 303
34 0 0 7 303
35 0 0 6 304
36 0 0 6 304
36 0 0 6 304
37 0 0 5 305
37 0 0 5 305
38 0 0 4 306
38 0 0 4 306
39 0 0 3 307
40 0 0 2 308
40 0 0 2 308
41 0 0 2 308
41 0 0 2 308
42 0 0 1 309
42 0 0 1 309
43 0 0 1 309
43 0 0 1 309
44 0 0 1 309
44 0 0 1 309
45 0 0 1 309
45 0 0 1 309
46 0 0 1 309
46 0 0 1 309
47 0 0 1 309
47 0 0 1 309
48 0 0 1 309
48 0 0 1 309
49 0 0 1 309
49 0 0 1 309
50 0 0 1 309
50 0 0 1 309
51 0 0 1 309
51 0 0 1 309
52 0 0 1 309
52 0 0 1 309
53 0 0 1 309
54 0 0 1 309
55 0 0 1 309
55 0 0 1 309
56 0 0 0 310
56 0 0 0 310
57 0 0 0 310
57 0 0 0 310
58 0 0 0 310
58 0 0 0 310
59 0 0 0 310
59 0 0 0 310
60 0 0 0 310
60 0 0 0 310
61 0 0 0 310
