Time S E I R
0 621.999403866 0 0 0
1 621.999403866 0 0 0
1 610.432303866 11.5671 0 0
2 581.093603866 34.9058 6 0
3 483.706803866 104.2926 30 4
4 214.239903866 262.7595 129 16
5 25.596603866 289.4028 270 37
6 2.596603866 192.4028 353 74
7 0 105.4028 390 127
8 0 56.4028 391 175
9 0 42.4028 358 222
10 0 25.4028 320 277
11 0 9.4028 283 330
12 0 3.4028 250 369
13 0 1.4028 212 409
14 0 0.4028 193 429
15 0 0 170 453
16 0 0 144 479
17 0 0 122 501
18 0 0 110 513
19 0 0 99 524
20 0 0 86 537
21 0 0 75 548
22 0 0 63 560
23 0 0 61 562
24 0 0 53 570
25 0 0 48 575
26 0 0 41 582
27 0 0 37 586
28 0 0 33 590
29 0 0 26 597
30 0 0 20 603
31 0 0 20 603
32 0 0 17 606
33 0 0 14 609
34 0 0 12 611
35 0 0 12 611
36 0 0 10 613
37 0 0 6 617
38 0 0 5 618
38 0 0 5 618
39 0 0 4 619
40 0 0 3 620
40 0 0 3 620
41 0 0 3 620
42 0 0 2 621
42 0 0 2 621
43 0 0 2 621
43 0 0 2 621
44 0 0 1 622
44 0 0 1 622
45 0 0 1 622
45 0 0 1 622
46 0 0 1 622
46 0 0 1 622
47 0 0 1 622
47 0 0 1 622
48 0 0 1 622
48 0 0 1 622
49 0 0 0 623
49 0 0 0 623
50 0 0 0 623
50 0 0 0 623
51 0 0 0 623
51 0 0 0 623
52 0 0 0 623
52 0 0 0 623
53 0 0 0 623
53 0 0 0 623
54 0 0 0 623
54 0 0 0 623
55 0 0 0 623
55 0 0 0 623
56 0 0 0 623
56 0 0 0 623
57 0 0 0 623
57 0 0 0 623
58 0 0 0 623
58 0 0 0 623
59 0 0 0 623
59 0 0 0 623
60 0 0 0 623
60 0 0 0 623
61 0 0 0 623
