Time S E I R
0 451.795196586 0 0 0
1 451.795196586 0 0 0
1 440.228096586 11.5671 0 0
2 427.889396586 19.9058 4 0
3 409.502596586 25.2926 16 1
4 388.035696586 36.7595 24 3
5 367.392396586 33.4028 47 4
6 336.536696586 48.2585 59 8
7 302.155896586 58.6393 75 16
8 255.881396586 72.9138 92 31
9 216.710996586 81.0842 108 46
10 174.903396586 84.8918 131 61
11 140.937496586 84.8577 148 78
12 105.424496586 74.3707 177 95
13 79.163896586 69.6313 184 119
14 58.921496586 46.8737 200 146
15 41.692996586 40.1022 199 171
16 32.590796586 27.2044 197 195
17 29.490596586 25.3046 172 225
18 22.454496586 23.3407 162 244
19 18.432496586 12.3627 152 269
20 17.412396586 7.3828 144 283
21 14.382396586 4.4128 126 307
22 11.360296586 6.4349 116 318
23 11.330296586 3.4649 107 330
24 9.316196586 4.479 100 338
25 8.304196586 3.491 90 350
26 8.286196586 2.509 85 356
27 7.266096586 3.5291 77 364
28 6.252096586 2.5431 74 369
29 5.246096586 2.5491 70 374
30 4.228096586 2.5671 64 381
31 3.219996586 2.5752 60 386
32 2.209996586 1.5852 57 391
33 2.199996586 0.5952 53 396
34 2.187996586 0.6072 48 401
35 2.181996586 0.6132 41 408
36 2.167896586 0.6273 34 415
37 2.161896586 0.6333 33 416
38 2.153896586 0.6413 30 419
39 2.139896586 0.6553 23 426
40 2.129896586 0.6653 17 432
41 2.121896586 0 16 434
42 2.113796586 0.0081 15 435
43 2.105796586 0.0161 13 437
44 2.099796586 0.0221 12 438
45 2.097796586 0.0241 11 439
46 2.097796586 0.0241 11 439
46 2.095796586 0.0261 11 439
47 2.095796586 0.0261 9 441
47 2.083796586 0.0381 9 441
48 2.083796586 0.0381 7 443
49 2.079796586 0.0421 7 443
50 2.079796586 0.0421 7 443
50 2.073796586 0.0481 7 443
51 1.073796586 1.0481 7 443
52 1.065696586 0.0562 7 444
53 1.065696586 0.0562 6 445
53 1.063696586 0.0582 6 445
54 1.057696586 0.0642 6 445
55 1.057696586 0.0642 6 445
55 1.051696586 0.0702 6 445
56 1.049696586 0.0722 6 445
57 1.047696586 0.0742 6 445
58 1.047696586 0.0742 5 446
58 1.043696586 0.0782 5 446
59 1.043696586 0.0782 5 446
59 1.043696586 0.0782 5 446
60 1.043696586 0.0782 3 448
60 1.035696586 0.0862 3 448
61 1.035696586 0.0862 3 448
