Time S E I R
0 473.904693858 0 0 0
1 473.904693858 0 0 0
1 462.337593858 11.5671 0 0
2 440.998893858 24.9058 8 0
3 377.612093858 64.2926 32 0
4 239.145193858 148.7595 82 4
5 87.501893858 200.4028 168 18
6 1.646193858 186.2585 249 37
7 0 110.2585 296 68
8 0 59.2585 306 109
9 0 36.2585 282 156
10 0 18.2585 263 193
11 0 11.2585 241 222
12 0 5.2585 217 252
13 0 4.2585 196 274
14 0 0.2585 176 298
15 0 0.2585 154 320
16 0 0.2585 131 343
17 0 0.2585 114 360
18 0 0.2585 106 368
19 0 0.2585 98 376
20 0 0.2585 86 388
21 0 0.2585 75 399
22 0 0.2585 64 410
23 0 0.2585 58 416
24 0 0.2585 49 425
25 0 0.2585 44 430
26 0 0.2585 41 433
27 0 0.2585 37 437
28 0 0 31 444
29 0 0 25 450
30 0 0 22 453
31 0 0 18 457
32 0 0 17 458
33 0 0 14 461
34 0 0 11 464
35 0 0 11 464
36 0 0 9 466
37 0 0 8 467
38 0 0 8 467
38 0 0 8 467
39 0 0 7 468
40 0 0 7 468
41 0 0 6 469
42 0 0 4 471
43 0 0 2 473
43 0 0 2 473
44 0 0 2 473
44 0 0 2 473
45 0 0 2 473
45 0 0 2 473
46 0 0 2 473
46 0 0 2 473
47 0 0 2 473
48 0 0 2 473
48 0 0 2 473
49 0 0 2 473
49 0 0 2 473
50 0 0 0 475
50 0 0 0 475
51 0 0 0 475
51 0 0 0 475
52 0 0 0 475
52 0 0 0 475
53 0 0 0 475
53 0 0 0 475
54 0 0 0 475
54 0 0 0 475
55 0 0 0 475
55 0 0 0 475
56 0 0 0 475
56 0 0 0 475
57 0 0 0 475
57 0 0 0 475
58 0 0 0 475
58 0 0 0 475
59 0 0 0 475
59 0 0 0 475
60 0 0 0 475
60 0 0 0 475
61 0 0 0 475
