Time S E I R
0 919.565771467 0 0 0
1 919.565771467 0 0 0
1 907.998671467 11.5671 0 0
2 850.659971467 59.9058 9 0
3 524.273171467 313.2926 79 3
4 27.806271467 526.7595 340 25
5 0 319.7595 526 74
6 0 173.7595 597 149
7 0 96.7595 590 233
8 0 58.7595 559 302
9 0 39.7595 509 371
10 0 21.7595 458 440
11 0 13.7595 407 499
12 0 8.7595 360 551
13 0 0.7595 328 591
14 0 0 283 637
15 0 0 250 670
16 0 0 221 699
17 0 0 185 735
18 0 0 160 760
19 0 0 146 774
20 0 0 127 793
21 0 0 113 807
22 0 0 92 828
23 0 0 83 837
24 0 0 74 846
25 0 0 63 857
26 0 0 55 865
27 0 0 50 870
28 0 0 44 876
29 0 0 39 881
30 0 0 36 884
31 0 0 34 886
32 0 0 27 893
33 0 0 26 894
34 0 0 22 898
35 0 0 19 901
36 0 0 16 904
37 0 0 14 906
38 0 0 13 907
39 0 0 13 907
40 0 0 10 910
40 0 0 10 910
41 0 0 10 910
42 0 0 8 912
43 0 0 7 913
44 0 0 6 914
45 0 0 4 916
45 0 0 4 916
46 0 0 4 916
46 0 0 4 916
47 0 0 4 916
47 0 0 4 916
48 0 0 4 916
48 0 0 4 916
49 0 0 4 916
49 0 0 4 916
50 0 0 3 917
50 0 0 3 917
51 0 0 1 919
51 0 0 1 919
52 0 0 0 920
52 0 0 0 920
53 0 0 0 920
53 0 0 0 920
54 0 0 0 920
54 0 0 0 920
55 0 0 0 920
55 0 0 0 920
56 0 0 0 920
56 0 0 0 920
57 0 0 0 920
57 0 0 0 920
58 0 0 0 920
58 0 0 0 920
59 0 0 0 920
59 0 0 0 920
60 0 0 0 920
60 0 0 0 920
61 0 0 0 920
