Time S E I R
0 255 0 0 0
1 255 0 0 0
1 243.4329 11.5671 0 0
2 232.0942 19.9058 2 1
3 218.7074 24.2926 10 2
4 199.2405 30.7595 23 2
5 184.5972 30.4028 33 7
6 172.7415 32.2585 36 14
7 153.3607 34.6393 52 15
8 130.0862 36.9138 67 21
9 111.9158 37.0842 76 30
10 102.1082 23.8918 85 44
11 88.1423 25.8577 86 55
12 72.6293 27.3707 88 67
13 66.3687 19.6313 85 84
14 53.1263 19.8737 86 96
15 44.8978 19.1022 90 101
16 38.7956 11.2044 95 110
17 35.6954 10.3046 90 119
18 31.6593 10.3407 88 125
19 28.6373 6.3627 88 132
20 25.6172 5.3828 79 145
21 20.5872 7.4128 77 150
22 18.5651 5.4349 76 155
23 15.5351 6.4649 68 165
24 15.521 3.479 54 182
25 14.509 3.491 44 193
26 13.491 2.509 45 194
27 11.4709 3.5291 40 200
28 8.4569 3.5431 38 205
29 8.4509 2.5491 34 210
30 8.4329 2.5671 28 216
31 7.4248 1.5752 23 223
32 6.4148 0.5852 21 227
33 6.4048 0.5952 17 231
34 6.4048 -0.4048 17 232
34 6.3928 0 17 232
35 6.3868 0.006 16 233
36 6.3727 0.0201 13 236
37 6.3727 0.0201 12 237
37 6.3667 0.0261 12 237
38 6.3587 0.0341 10 239
39 6.3447 0.0481 9 240
40 6.3347 0.0581 9 240
41 6.3347 0.0581 8 241
41 6.3267 0.0661 8 241
42 6.3186 0.0742 8 241
43 6.3106 0.0822 6 243
44 6.3106 0.0822 6 243
44 6.3046 0.0882 6 243
45 6.3046 0.0882 4 245
45 6.3026 0.0902 4 245
46 6.3026 0.0902 4 245
46 6.3006 0.0922 4 245
47 6.2886 0.1042 4 245
48 6.2886 0.1042 4 245
49 6.2846 0.1082 4 245
50 6.2786 0.1142 4 245
51 6.2786 0.1142 4 245
51 6.2786 0.1142 4 245
52 6.2786 0.1142 4 245
52 6.2705 0.1223 4 245
53 6.2685 0 4 246
54 5.2625 1.006 3 247
55 5.2625 1.006 3 247
55 5.2565 1.012 3 247
56 5.2565 1.012 1 249
56 5.2545 1.014 1 249
57 5.2545 0.014 2 249
57 5.2525 0.016 2 249
58 5.2525 0.016 1 250
58 5.2485 0.02 1 250
59 5.2485 0.02 1 250
59 5.2485 0.02 1 250
60 5.2405 0.028 1 250
61 5.2405 0.028 1 250
