Time S E I R
0 922.619368975 0 0 0
1 922.619368975 0 0 0
1 911.052268975 11.5671 0 0
2 822.713568975 83.9058 15 1
3 330.326768975 448.2926 138 6
4 0 496.2926 389 38
5 0 269.2926 545 109
6 0 146.2926 590 187
7 0 81.2926 590 252
8 0 45.2926 559 319
9 0 21.2926 513 389
10 0 15.2926 458 450
11 0 7.2926 405 511
12 0 3.2926 357 563
13 0 1.2926 323 599
14 0 0.2926 289 634
15 0 0.2926 247 676
16 0 0.2926 213 710
17 0 0.2926 193 730
18 0 0.2926 179 744
19 0 0 159 765
20 0 0 144 780
21 0 0 134 790
22 0 0 116 808
23 0 0 107 817
24 0 0 91 833
25 0 0 80 844
26 0 0 68 856
27 0 0 60 864
28 0 0 52 872
29 0 0 43 881
30 0 0 36 888
31 0 0 33 891
32 0 0 29 895
33 0 0 27 897
34 0 0 23 901
35 0 0 21 903
35 0 0 21 903
36 0 0 18 906
37 0 0 17 907
38 0 0 17 907
39 0 0 12 912
40 0 0 9 915
41 0 0 9 915
41 0 0 9 915
42 0 0 8 916
43 0 0 7 917
44 0 0 6 918
45 0 0 6 918
46 0 0 6 918
46 0 0 6 918
47 0 0 6 918
48 0 0 5 919
48 0 0 5 919
49 0 0 5 919
49 0 0 5 919
50 0 0 5 919
50 0 0 5 919
51 0 0 5 919
51 0 0 5 919
52 0 0 5 919
53 0 0 5 919
53 0 0 5 919
54 0 0 4 920
55 0 0 3 921
55 0 0 3 921
56 0 0 3 921
56 0 0 3 921
57 0 0 3 921
57 0 0 3 921
58 0 0 3 921
58 0 0 3 921
59 0 0 3 921
59 0 0 3 921
60 0 0 3 921
60 0 0 3 921
61 0 0 3 921
