Time S E I R
0 842.905846094 0 0 0
1 842.905846094 0 0 0
1 831.338746094 11.5671 0 0
2 795.000046094 40.9058 7 0
3 582.613246094 189.2926 70 1
4 113.146346094 460.7595 257 12
5 3.146346094 321.7595 456 62
6 0 192.7595 529 122
7 0 108.7595 553 182
8 0 69.7595 491 283
9 0 40.7595 468 335
10 0 23.7595 434 386
11 0 12.7595 389 442
12 0 6.7595 354 483
13 0 3.7595 312 528
14 0 2.7595 275 566
15 0 1.7595 226 616
16 0 0 198 646
17 0 0 176 668
18 0 0 147 697
19 0 0 136 708
20 0 0 114 730
21 0 0 106 738
22 0 0 89 755
23 0 0 78 766
24 0 0 68 776
25 0 0 63 781
26 0 0 58 786
27 0 0 51 793
28 0 0 43 801
29 0 0 37 807
30 0 0 33 811
31 0 0 30 814
31 0 0 30 814
32 0 0 26 818
33 0 0 21 823
34 0 0 18 826
35 0 0 17 827
36 0 0 17 827
37 0 0 16 828
38 0 0 16 828
39 0 0 15 829
39 0 0 15 829
40 0 0 14 830
41 0 0 12 832
41 0 0 12 832
42 0 0 11 833
42 0 0 11 833
43 0 0 10 834
44 0 0 10 834
44 0 0 10 834
45 0 0 10 834
46 0 0 9 835
47 0 0 9 835
48 0 0 8 836
49 0 0 6 838
50 0 0 4 840
50 0 0 4 840
51 0 0 4 840
51 0 0 4 840
52 0 0 4 840
53 0 0 3 841
53 0 0 3 841
54 0 0 3 841
55 0 0 3 841
56 0 0 3 841
56 0 0 3 841
57 0 0 2 842
57 0 0 2 842
58 0 0 2 842
58 0 0 2 842
59 0 0 2 842
60 0 0 1 843
61 0 0 1 843
