Time S E I R
0 346.369288235 0 0 0
1 346.369288235 0 0 0
1 334.802188235 11.5671 0 0
2 314.463488235 22.9058 7 2
3 288.076688235 42.2926 13 3
4 229.609788235 66.7595 40 10
5 166.966488235 83.4028 82 14
6 82.110788235 112.2585 122 30
7 33.729988235 99.6393 161 52
8 6.455488235 78.9138 188 73
9 0.455488235 53.9138 190 102
10 0.455488235 28.9138 187 130
11 0 17.9138 168 161
12 0 4.9138 159 183
13 0 4.9138 139 203
14 0 2.9138 120 224
15 0 0.9138 108 238
16 0 0 97 250
17 0 0 81 266
18 0 0 74 273
19 0 0 63 284
20 0 0 56 291
21 0 0 50 297
22 0 0 45 302
23 0 0 43 304
24 0 0 35 312
25 0 0 28 319
26 0 0 24 323
27 0 0 22 325
28 0 0 20 327
28 0 0 20 327
29 0 0 16 331
30 0 0 16 331
31 0 0 13 334
32 0 0 11 336
33 0 0 11 336
34 0 0 9 338
35 0 0 8 339
36 0 0 6 341
36 0 0 6 341
37 0 0 5 342
38 0 0 4 343
38 0 0 4 343
39 0 0 3 344
40 0 0 3 344
41 0 0 3 344
41 0 0 3 344
42 0 0 3 344
42 0 0 3 344
43 0 0 1 346
43 0 0 1 346
44 0 0 0 347
44 0 0 0 347
45 0 0 0 347
45 0 0 0 347
46 0 0 0 347
46 0 0 0 347
47 0 0 0 347
47 0 0 0 347
48 0 0 0 347
48 0 0 0 347
49 0 0 0 347
49 0 0 0 347
50 0 0 0 347
50 0 0 0 347
51 0 0 0 347
51 0 0 0 347
52 0 0 0 347
52 0 0 0 347
53 0 0 0 347
53 0 0 0 347
54 0 0 0 347
54 0 0 0 347
55 0 0 0 347
55 0 0 0 347
56 0 0 0 347
56 0 0 0 347
57 0 0 0 347
57 0 0 0 347
58 0 0 0 347
58 0 0 0 347
59 0 0 0 347
59 0 0 0 347
60 0 0 0 347
60 0 0 0 347
61 0 0 0 347
