Time S E I R
0 760.984117205 0 0 0
1 760.984117205 0 0 0
1 749.417017205 11.5671 0 0
2 716.078317205 35.9058 9 0
3 428.691517205 245.2926 82 5
4 51.224617205 400.7595 290 19
5 1.224617205 257.7595 426 76
6 0 159.7595 465 137
7 0 86.7595 479 196
8 0 44.7595 471 246
9 0 21.7595 429 311
10 0 9.7595 383 369
11 0 3.7595 338 420
12 0 0.7595 301 460
13 0 0.7595 269 492
14 0 0.7595 240 521
15 0 0.7595 221 540
16 0 0.7595 184 577
17 0 0.7595 161 600
18 0 0 139 623
19 0 0 120 642
20 0 0 113 649
21 0 0 99 663
22 0 0 91 671
23 0 0 80 682
24 0 0 68 694
25 0 0 56 706
26 0 0 45 717
27 0 0 40 722
28 0 0 35 727
29 0 0 28 734
30 0 0 25 737
31 0 0 19 743
32 0 0 19 743
33 0 0 15 747
34 0 0 15 747
35 0 0 14 748
36 0 0 14 748
37 0 0 11 751
38 0 0 7 755
39 0 0 7 755
39 0 0 7 755
40 0 0 7 755
41 0 0 7 755
42 0 0 5 757
42 0 0 5 757
43 0 0 4 758
43 0 0 4 758
44 0 0 3 759
44 0 0 3 759
45 0 0 2 760
45 0 0 2 760
46 0 0 2 760
46 0 0 2 760
47 0 0 2 760
48 0 0 1 761
48 0 0 1 761
49 0 0 1 761
50 0 0 1 761
50 0 0 1 761
51 0 0 1 761
52 0 0 1 761
52 0 0 1 761
53 0 0 1 761
53 0 0 1 761
54 0 0 1 761
54 0 0 1 761
55 0 0 1 761
55 0 0 1 761
56 0 0 1 761
57 0 0 1 761
57 0 0 1 761
58 0 0 1 761
58 0 0 1 761
59 0 0 1 761
59 0 0 1 761
60 0 0 0 762
60 0 0 0 762
61 0 0 0 762
