Time S E I R
0 908.73701861 0 0 0
1 908.73701861 0 0 0
1 897.16991861 11.5671 0 0
2 881.83121861 21.9058 4 1
3 865.44441861 25.2926 17 1
4 841.97751861 33.7595 30 3
5 805.33421861 51.4028 45 7
6 756.47851861 69.2585 70 13
7 704.09771861 88.6393 91 25
8 637.82321861 116.9138 120 34
9 560.65281861 121.0842 183 44
10 454.84521861 153.8918 237 63
11 360.87931861 157.8577 305 85
12 280.36631861 148.3707 351 129
13 204.10571861 130.6313 401 173
14 151.86331861 107.8737 421 228
15 109.63481861 100.1022 406 293
16 89.53261861 73.2044 390 356
17 64.43241861 61.3046 376 407
18 43.39631861 54.3407 348 463
19 33.37431861 39.3627 329 507
20 26.35421861 34.3828 296 552
21 20.32421861 22.4128 277 589
22 18.30211861 14.4349 252 624
23 15.27211861 7.4649 227 659
24 14.25801861 5.479 202 687
25 11.24601861 5.491 186 706
26 9.22801861 5.509 167 727
27 8.20791861 3.5291 151 746
28 8.19391861 1.5431 129 770
29 7.18791861 2.5491 113 786
30 6.16991861 0.5671 105 797
31 6.16181861 0.5752 86 816
32 6.15181861 0.5852 75 827
33 6.14181861 0.5952 68 834
34 6.12981861 0 61 842
35 6.12381861 0.006 56 847
36 6.10971861 0.0201 45 858
37 6.10371861 0.0261 41 862
38 6.09571861 0.0341 38 865
39 5.08171861 0.0481 36 868
40 4.07171861 1.0581 30 874
41 4.06371861 1.0661 26 878
42 4.05561861 1.0742 23 881
43 4.04761861 0.0822 23 882
44 4.04161861 0.0882 20 885
45 4.03961861 0.0902 17 888
46 4.03761861 0.0922 16 889
47 4.02561861 0.1042 14 891
48 4.02561861 0 14 892
49 4.02161861 0.004 13 893
50 4.01561861 0.01 9 897
51 4.01561861 0.01 7 899
52 4.00751861 0.0181 7 899
53 4.00751861 0.0181 6 900
53 4.00551861 0.0201 6 900
54 3.99951861 0.0261 5 901
55 3.99951861 0.0261 4 902
55 3.99351861 0.0321 4 902
56 3.99351861 0.0321 4 902
56 3.99151861 0.0341 4 902
57 3.99151861 0.0341 3 903
57 3.98951861 0.0361 3 903
58 3.98951861 0.0361 3 903
58 3.98551861 0.0401 3 903
59 3.98551861 0.0401 2 904
59 3.98551861 0.0401 2 904
60 3.98551861 0.0401 1 905
60 3.97751861 0.0481 1 905
61 3.97751861 0.0481 1 905
