Time S E I R
0 487.273202796 0 0 0
1 487.273202796 0 0 0
1 475.706102796 11.5671 0 0
2 463.367402796 17.9058 5 1
3 444.980602796 30.2926 10 2
4 401.513702796 52.7595 27 6
5 338.870402796 87.4028 45 16
6 268.014702796 110.2585 83 26
7 161.633902796 152.6393 135 38
8 80.359402796 139.9138 211 56
9 31.189002796 120.0842 258 78
10 4.381402796 81.8918 279 122
11 1.415502796 46.8577 286 153
12 0.902502796 28.3707 268 190
13 0 15.3707 241 231
14 0 11.3707 214 262
15 0 8.3707 193 286
16 0 7.3707 177 303
17 0 3.3707 158 326
18 0 1.3707 145 341
19 0 1.3707 128 358
20 0 0.3707 116 371
21 0 0 104 384
22 0 0 84 404
23 0 0 69 419
24 0 0 64 424
25 0 0 54 434
26 0 0 46 442
27 0 0 40 448
28 0 0 34 454
29 0 0 30 458
30 0 0 25 463
31 0 0 23 465
32 0 0 21 467
33 0 0 20 468
33 0 0 20 468
34 0 0 18 470
35 0 0 16 472
35 0 0 16 472
36 0 0 15 473
37 0 0 15 473
38 0 0 13 475
39 0 0 12 476
40 0 0 12 476
41 0 0 10 478
42 0 0 8 480
43 0 0 8 480
44 0 0 8 480
44 0 0 8 480
45 0 0 7 481
45 0 0 7 481
46 0 0 5 483
46 0 0 5 483
47 0 0 4 484
48 0 0 4 484
49 0 0 4 484
50 0 0 3 485
51 0 0 3 485
51 0 0 3 485
52 0 0 2 486
52 0 0 2 486
53 0 0 2 486
54 0 0 2 486
54 0 0 2 486
55 0 0 2 486
55 0 0 2 486
56 0 0 2 486
56 0 0 2 486
57 0 0 2 486
57 0 0 2 486
58 0 0 2 486
59 0 0 2 486
60 0 0 2 486
60 0 0 2 486
