Time S E I R
0 274.599546968 0 0 0
1 274.599546968 0 0 0
1 263.032446968 11.5671 0 0
2 250.693746968 20.9058 2 1
3 221.306946968 37.2926 14 2
4 172.840046968 61.7595 36 4
5 97.196746968 97.4028 68 12
6 38.341046968 105.2585 106 25
7 2.960246968 83.6393 144 44
8 0.960246968 50.6393 159 64
9 0.960246968 28.6393 167 78
10 0 13.6393 163 98
11 0 6.6393 154 114
12 0 4.6393 140 130
13 0 3.6393 116 155
14 0 1.6393 109 164
15 0 0.6393 101 173
16 0 0.6393 85 189
17 0 0.6393 73 201
18 0 0 72 203
19 0 0 57 218
20 0 0 49 226
21 0 0 44 231
22 0 0 41 234
23 0 0 29 246
24 0 0 23 252
25 0 0 20 255
26 0 0 16 259
27 0 0 16 259
28 0 0 15 260
29 0 0 11 264
30 0 0 9 266
31 0 0 9 266
32 0 0 7 268
32 0 0 7 268
33 0 0 7 268
34 0 0 7 268
34 0 0 7 268
35 0 0 5 270
35 0 0 5 270
36 0 0 5 270
37 0 0 4 271
38 0 0 4 271
38 0 0 4 271
39 0 0 4 271
39 0 0 4 271
40 0 0 4 271
40 0 0 4 271
41 0 0 4 271
42 0 0 3 272
42 0 0 3 272
43 0 0 3 272
43 0 0 3 272
44 0 0 3 272
44 0 0 3 272
45 0 0 3 272
45 0 0 3 272
46 0 0 1 274
46 0 0 1 274
47 0 0 1 274
47 0 0 1 274
48 0 0 0 275
48 0 0 0 275
49 0 0 0 275
49 0 0 0 275
50 0 0 0 275
50 0 0 0 275
51 0 0 0 275
51 0 0 0 275
52 0 0 0 275
52 0 0 0 275
53 0 0 0 275
53 0 0 0 275
54 0 0 0 275
54 0 0 0 275
55 0 0 0 275
55 0 0 0 275
56 0 0 0 275
56 0 0 0 275
57 0 0 0 275
57 0 0 0 275
58 0 0 0 275
58 0 0 0 275
59 0 0 0 275
59 0 0 0 275
60 0 0 0 275
60 0 0 0 275
61 0 0 0 275
