Time S E I R
0 255 0 0 0
1 255 0 0 0
1 243.4329 11.5671 0 0
2 232.0942 16.9058 6 0
3 218.7074 16.2926 19 1
4 204.2405 23.7595 22 5
5 186.5972 28.4028 33 7
6 166.7415 34.2585 43 11
7 147.3607 33.6393 53 21
8 132.0862 28.9138 65 29
9 113.9158 31.0842 76 34
10 94.1082 32.8918 91 37
11 83.1423 25.8577 99 47
12 68.6293 27.3707 92 67
13 56.3687 24.6313 95 79
14 50.1263 19.8737 93 92
15 41.8978 14.1022 102 97
16 36.7956 13.2044 98 107
17 29.6954 10.3046 93 122
18 27.6593 7.3407 89 131
19 21.6373 9.3627 88 136
20 19.6172 6.3828 83 146
21 13.5872 9.4128 78 154
22 13.5651 6.4349 70 165
23 11.5351 4.4649 68 171
24 10.521 2.479 63 179
25 8.509 3.491 58 185
26 8.491 2.509 54 190
27 8.4709 0.5291 46 200
28 6.4569 2.5431 40 206
29 6.4509 1.5491 34 213
30 6.4329 0.5671 32 216
31 6.4248 0.5752 29 219
32 6.4148 0 22 227
33 5.4048 1.01 20 229
34 5.3928 1.022 15 234
35 5.3928 0.022 15 235
35 5.3868 0.028 15 235
36 4.3727 1.0421 15 235
37 4.3667 0.0481 13 238
38 4.3587 0.0561 13 238
39 4.3447 0 13 239
40 4.3347 0.01 12 240
41 4.3347 0.01 12 240
41 4.3267 0.018 12 240
42 3.3186 0.0261 12 241
43 3.3106 0.0341 10 243
44 3.3046 0.0401 10 243
45 3.3046 0.0401 8 245
45 3.3026 0.0421 8 245
46 3.3006 0.0441 7 246
47 3.2886 0.0561 5 248
48 3.2886 0.0561 5 248
48 3.2886 0.0561 5 248
49 3.2886 0.0561 4 249
49 3.2846 0.0601 4 249
50 3.2846 0.0601 4 249
50 3.2786 0.0661 4 249
51 3.2786 0.0661 4 249
51 3.2786 0.0661 4 249
52 3.2786 0.0661 3 250
52 3.2705 0.0742 3 250
53 3.2705 0.0742 2 251
53 3.2685 0.0762 2 251
54 3.2685 0.0762 2 251
54 3.2625 0.0822 2 251
55 3.2625 0.0822 2 251
55 3.2565 0.0882 2 251
56 3.2545 0.0902 2 251
57 3.2545 0.0902 1 252
57 3.2525 0.0922 1 252
58 3.2485 0.0962 1 252
59 3.2485 0.0962 1 252
60 3.2405 0.1042 1 252
