Time S E I R
0 405.899943094 0 0 0
1 405.899943094 0 0 0
1 394.332843094 11.5671 0 0
2 376.994143094 22.9058 5 1
3 334.607343094 49.2926 20 2
4 245.140443094 109.7595 45 6
5 140.497143094 150.4028 107 8
6 50.641443094 156.2585 165 34
7 3.260643094 108.6393 233 61
8 0.260643094 56.6393 257 92
9 0.260643094 24.6393 255 126
10 0 13.6393 230 163
11 0 7.6393 207 192
12 0 4.6393 183 219
13 0 2.6393 167 237
14 0 1.6393 149 256
15 0 0.6393 122 284
16 0 0.6393 105 301
17 0 0 94 313
18 0 0 78 329
19 0 0 68 339
20 0 0 61 346
21 0 0 54 353
22 0 0 47 360
23 0 0 42 365
24 0 0 39 368
25 0 0 38 369
26 0 0 30 377
27 0 0 23 384
28 0 0 15 392
29 0 0 14 393
30 0 0 11 396
30 0 0 11 396
31 0 0 10 397
32 0 0 10 397
33 0 0 10 397
34 0 0 10 397
35 0 0 10 397
36 0 0 9 398
37 0 0 9 398
37 0 0 9 398
38 0 0 9 398
39 0 0 8 399
40 0 0 7 400
40 0 0 7 400
41 0 0 5 402
41 0 0 5 402
42 0 0 3 404
42 0 0 3 404
43 0 0 2 405
43 0 0 2 405
44 0 0 2 405
44 0 0 2 405
45 0 0 2 405
45 0 0 2 405
46 0 0 2 405
46 0 0 2 405
47 0 0 2 405
48 0 0 1 406
48 0 0 1 406
49 0 0 1 406
49 0 0 1 406
50 0 0 1 406
50 0 0 1 406
51 0 0 1 406
51 0 0 1 406
52 0 0 1 406
52 0 0 1 406
53 0 0 1 406
53 0 0 1 406
54 0 0 0 407
54 0 0 0 407
55 0 0 0 407
55 0 0 0 407
56 0 0 0 407
56 0 0 0 407
57 0 0 0 407
57 0 0 0 407
58 0 0 0 407
58 0 0 0 407
59 0 0 0 407
59 0 0 0 407
60 0 0 0 407
60 0 0 0 407
61 0 0 0 407
