Time S E I R
0 478.878201861 0 0 0
1 478.878201861 0 0 0
1 467.311101861 11.5671 0 0
2 446.972401861 25.9058 4 2
3 406.585601861 51.2926 17 4
4 312.118701861 100.7595 59 7
5 155.475401861 173.4028 122 28
6 40.619701861 203.2585 195 40
7 4.619701861 139.2585 259 76
8 0.619701861 76.2585 288 114
9 0 43.2585 280 156
10 0 20.2585 267 192
11 0 16.2585 223 240
12 0 11.2585 200 268
13 0 5.2585 169 305
14 0 5.2585 147 327
15 0 2.2585 131 346
16 0 1.2585 117 361
17 0 1.2585 104 374
18 0 1.2585 94 384
19 0 1.2585 79 399
20 0 1.2585 71 407
21 0 1.2585 64 414
22 0 0.2585 58 421
23 0 0.2585 45 434
24 0 0.2585 41 438
25 0 0.2585 35 444
26 0 0.2585 30 449
27 0 0.2585 23 456
28 0 0.2585 19 460
29 0 0.2585 15 464
29 0 0.2585 15 464
30 0 0 11 469
31 0 0 10 470
32 0 0 10 470
33 0 0 9 471
33 0 0 9 471
34 0 0 8 472
34 0 0 8 472
35 0 0 7 473
35 0 0 7 473
36 0 0 7 473
37 0 0 5 475
37 0 0 5 475
38 0 0 5 475
38 0 0 5 475
39 0 0 5 475
39 0 0 5 475
40 0 0 4 476
40 0 0 4 476
41 0 0 3 477
41 0 0 3 477
42 0 0 3 477
42 0 0 3 477
43 0 0 2 478
44 0 0 2 478
44 0 0 2 478
45 0 0 2 478
46 0 0 2 478
46 0 0 2 478
47 0 0 1 479
47 0 0 1 479
48 0 0 1 479
48 0 0 1 479
49 0 0 1 479
49 0 0 1 479
50 0 0 1 479
50 0 0 1 479
51 0 0 0 480
51 0 0 0 480
52 0 0 0 480
52 0 0 0 480
53 0 0 0 480
53 0 0 0 480
54 0 0 0 480
54 0 0 0 480
55 0 0 0 480
55 0 0 0 480
56 0 0 0 480
56 0 0 0 480
57 0 0 0 480
57 0 0 0 480
58 0 0 0 480
58 0 0 0 480
59 0 0 0 480
59 0 0 0 480
60 0 0 0 480
60 0 0 0 480
61 0 0 0 480
