Time S E I R
0 255 0 0 0
1 255 0 0 0
1 243.4329 11.5671 0 0
2 231.0942 15.9058 7 1
3 219.7074 18.2926 15 2
4 210.2405 19.7595 19 6
5 201.5972 19.4028 22 12
6 194.7415 16.2585 27 17
7 189.3607 12.6393 32 21
8 182.0862 10.9138 37 25
9 176.9158 10.0842 38 30
10 175.1082 7.8918 37 35
11 174.1423 6.8577 35 39
12 171.6293 5.3707 32 46
13 169.3687 3.6313 35 47
14 169.1263 0.8737 35 50
15 168.8978 1.1022 32 53
16 167.7956 2.2044 29 56
17 167.6954 1.3046 27 59
18 166.6593 2.3407 20 66
19 165.6373 3.3627 18 68
20 164.6172 2.3828 19 69
21 163.5872 2.4128 19 70
22 163.5651 2.4349 16 73
23 163.5351 0.4649 17 74
24 162.521 1.479 17 74
25 161.509 1.491 13 79
26 160.491 1.509 12 81
27 160.4709 0.5291 13 81
28 160.4569 0 12 83
29 160.4509 0.006 12 83
30 159.4329 0.024 10 86
31 159.4248 0.0321 10 86
32 159.4248 0.0321 9 87
32 159.4148 0.0421 9 87
33 159.4148 0.0421 7 89
33 159.4048 0.0521 7 89
34 159.3928 0.0641 7 89
35 159.3928 0.0641 7 89
35 159.3868 0.0701 7 89
36 159.3727 0.0842 7 89
37 159.3667 0.0902 7 89
38 159.3587 0.0982 6 90
39 159.3587 0.0982 5 91
39 159.3447 0.1122 5 91
40 159.3447 0.1122 4 92
40 159.3347 0.1222 4 92
41 159.3347 0.1222 3 93
41 159.3267 0.1302 3 93
42 159.3267 0.1302 1 95
42 159.3186 0.1383 1 95
43 159.3106 0.1463 1 95
44 159.3046 0.1523 1 95
45 159.3046 0.1523 0 96
45 159.3026 0.1543 0 96
46 159.3026 -0.8457 1 96
46 159.3006 0 1 96
47 159.3006 0 0 97
47 159.2886 0.012 0 97
48 159.2886 0.012 0 97
48 159.2886 0.012 0 97
49 159.2886 0.012 0 97
49 159.2846 0.016 0 97
50 159.2846 0.016 0 97
50 159.2786 0.022 0 97
51 159.2786 0.022 0 97
51 159.2786 0.022 0 97
52 159.2786 0.022 0 97
52 159.2705 0.0301 0 97
53 159.2705 0.0301 0 97
53 159.2685 0.0321 0 97
54 159.2685 0.0321 0 97
54 159.2625 0.0381 0 97
55 159.2625 0.0381 0 97
55 159.2565 0.0441 0 97
56 159.2565 0.0441 0 97
56 159.2545 0.0461 0 97
57 159.2545 0.0461 0 97
57 159.2525 0.0481 0 97
58 159.2525 0.0481 0 97
58 159.2485 0.0521 0 97
59 159.2485 0.0521 0 97
59 159.2485 0.0521 0 97
60 159.2485 0.0521 0 97
60 159.2405 0.0601 0 97
61 159.2405 0.0601 0 97
