Time S E I R
0 255 0 0 0
1 255 0 0 0
1 243.4329 11.5671 0 0
2 231.0942 20.9058 3 0
3 214.7074 33.2926 7 0
4 195.2405 33.7595 26 0
5 177.5972 41.4028 31 5
6 165.7415 29.2585 50 10
7 141.3607 37.6393 62 14
8 123.0862 39.9138 71 21
9 93.9158 38.0842 91 32
10 76.1082 37.8918 97 44
11 59.1423 35.8577 100 60
12 47.6293 27.3707 110 70
13 39.3687 16.6313 116 83
14 35.1263 14.8737 111 94
15 30.8978 8.1022 107 109
16 24.7956 7.2044 95 128
17 20.6954 6.3046 83 145
18 17.6593 6.3407 81 150
19 14.6373 6.3627 70 164
20 12.6172 3.3828 67 172
21 11.5872 1.4128 61 181
22 10.5651 2.4349 55 187
23 9.5351 3.4649 49 193
24 9.521 3.479 41 201
25 8.509 2.491 37 207
26 6.491 0.509 32 216
27 6.4709 0.5291 26 222
28 6.4569 0.5431 18 230
29 6.4569 0.5431 17 231
29 6.4509 0.5491 17 231
30 6.4329 0.5671 16 232
31 6.4248 0.5752 13 235
32 6.4148 0.5852 11 237
33 6.4048 0 12 237
34 6.3928 0.012 11 238
35 5.3868 1.018 10 239
36 5.3727 0.0321 9 241
37 5.3667 0.0381 8 242
38 5.3667 0.0381 7 243
38 5.3587 0.0461 7 243
39 5.3447 0.0601 6 244
40 5.3347 0.0701 5 245
41 5.3267 0.0781 5 245
42 5.3186 0.0862 4 246
43 5.3106 0.0942 4 246
44 5.3046 0.1002 4 246
45 5.3026 0.1022 3 247
46 5.3006 0.1042 3 247
47 5.3006 0.1042 3 247
47 5.2886 0.1162 3 247
48 5.2886 0.1162 3 247
48 5.2886 0.1162 3 247
49 5.2886 0.1162 3 247
49 5.2846 0.1202 3 247
50 5.2786 0 4 247
51 5.2786 0 4 247
51 5.2786 0 4 247
52 5.2705 0.0081 3 248
53 5.2705 0.0081 3 248
53 5.2685 0.0101 3 248
54 4.2625 1.0161 3 248
55 4.2625 1.0161 1 250
55 4.2565 1.0221 1 250
56 4.2545 1.0241 1 250
57 4.2545 0.0241 2 250
57 4.2525 0.0261 2 250
58 4.2525 0.0261 2 250
58 4.2485 0.0301 2 250
59 4.2485 0.0301 2 250
59 4.2485 0.0301 2 250
60 4.2485 0.0301 2 250
60 4.2405 0.0381 2 250
