Time S E I R
0 876.300356257 0 0 0
1 876.300356257 0 0 0
1 864.733256257 11.5671 0 0
2 848.394556257 22.9058 5 0
3 827.007756257 30.2926 19 0
4 786.540856257 54.7595 35 0
5 727.897556257 79.4028 63 6
6 632.041856257 120.2585 108 16
7 493.661056257 177.6393 172 33
8 329.386556257 225.9138 267 54
9 195.216156257 238.0842 352 91
10 96.408556257 205.8918 431 143
11 54.442656257 136.8577 482 203
12 28.929656257 104.3707 476 267
13 15.669056257 68.6313 474 318
14 6.426656257 36.8737 465 368
15 3.198156257 26.1022 423 424
16 1.095956257 15.2044 389 471
17 0.095956257 10.2044 364 502
18 0.059856257 5.2405 322 549
19 0.037856257 2.2625 274 600
20 0.017756257 1.2826 234 641
21 0.017756257 0.2826 207 669
22 0.017756257 0.2826 186 690
23 0.017756257 0.2826 167 709
24 0.003656257 0.2967 146 730
25 0.003656257 0.2967 124 752
26 0.003656257 0.2967 103 773
27 0.003656257 0.2967 90 786
28 0.003656257 0.2967 75 801
29 0.003656257 0.2967 68 808
30 0.003656257 0.2967 59 817
31 0.003656257 0.2967 52 824
32 0.003656257 0.2967 47 829
33 0.003656257 0 44 833
34 0.003656257 0 40 837
35 0.003656257 0 37 840
36 0.003656257 0 35 842
37 0.003656257 0 31 846
38 0.003656257 0 25 852
39 0.003656257 0 19 858
40 0.003656257 0 14 863
41 0.003656257 0 13 864
42 0.003656257 0 12 865
42 0.003656257 0 12 865
43 0.003656257 0 9 868
43 0.003656257 0 9 868
44 0.003656257 0 7 870
45 0.001656257 0.002 7 870
46 0.001656257 0.002 6 871
46 0.001656257 0.002 6 871
47 0.001656257 0.002 5 872
47 0.001656257 0.002 5 872
48 0.001656257 0.002 5 872
49 0.001656257 0.002 4 873
49 0.001656257 0.002 4 873
50 0.001656257 0.002 4 873
51 0.001656257 0.002 4 873
52 0.001656257 0.002 4 873
52 0.001656257 0.002 4 873
53 0.001656257 0.002 4 873
53 0.001656257 0.002 4 873
54 0.001656257 0.002 4 873
55 0.001656257 0.002 4 873
56 0.001656257 0.002 3 874
56 0.001656257 0.002 3 874
57 0.001656257 0.002 3 874
57 0.001656257 0.002 3 874
58 0.001656257 0.002 3 874
59 0.001656257 0.002 2 875
59 0.001656257 0.002 2 875
60 0.001656257 0.002 2 875
61 0.001656257 0.002 2 875
