Time S E I R
0 887.259727948 0 0 0
1 887.259727948 0 0 0
1 875.692627948 11.5671 0 0
2 864.353927948 20.9058 2 0
3 846.967127948 30.2926 10 0
4 818.500227948 41.7595 25 2
5 786.856927948 54.4028 36 10
6 750.001227948 65.2585 54 18
7 695.620427948 78.6393 91 22
8 631.345927948 93.9138 120 42
9 544.175527948 117.0842 166 60
10 457.367927948 137.8918 191 101
11 381.402027948 135.8577 236 134
12 298.889027948 144.3707 268 176
13 230.628427948 134.6313 306 216
14 174.386027948 121.8737 329 262
15 124.157527948 104.1022 352 307
16 86.055327948 86.2044 357 358
17 54.955127948 78.3046 341 413
18 38.919027948 54.3407 341 453
19 29.897027948 41.3627 322 494
20 24.876927948 26.3828 300 536
21 18.846927948 18.4128 279 571
22 13.824827948 13.4349 260 600
23 10.794827948 10.4649 240 626
24 8.780727948 4.479 220 654
25 7.768727948 3.491 200 676
26 5.750727948 4.509 174 703
27 5.730627948 3.5291 157 721
28 5.716627948 3.5431 143 735
29 5.710627948 2.5491 128 751
30 5.692627948 0.5671 113 768
31 5.684527948 0.5752 97 784
32 4.674527948 0.5852 79 803
33 4.664527948 0.5952 68 814
34 3.652527948 0.6072 62 821
35 3.646527948 0.6132 47 836
36 3.632427948 0.6273 42 841
37 3.626427948 0.6333 39 844
38 2.618427948 1.6413 32 851
39 2.604427948 0 30 855
40 2.594427948 0.01 23 862
41 2.586427948 0.018 16 869
42 2.578327948 0.0261 14 871
43 2.570327948 0.0341 11 874
44 2.564327948 0.0401 10 875
45 2.562327948 0.0421 8 877
46 2.562327948 0.0421 7 878
46 2.560327948 0.0441 7 878
47 2.548327948 0.0561 7 878
48 2.548327948 0.0561 6 879
48 2.548327948 0.0561 6 879
49 2.544327948 0.0601 6 879
50 2.544327948 0.0601 6 879
50 2.538327948 0.0661 6 879
51 2.538327948 0.0661 6 879
51 2.538327948 0.0661 6 879
52 2.530227948 0.0742 6 879
53 2.528227948 0.0762 6 879
54 2.522227948 0.0822 5 880
55 2.516227948 0.0882 5 880
56 2.514227948 0.0902 4 881
57 2.514227948 0.0902 3 882
57 2.512227948 0.0922 3 882
58 2.508227948 0.0962 3 882
59 2.508227948 0.0962 3 882
60 2.508227948 0.0962 2 883
60 2.500227948 0.1042 2 883
61 2.500227948 0.1042 2 883
