Time S E I R
0 498.583921244 0 0 0
1 498.583921244 0 0 0
1 487.016821244 11.5671 0 0
2 442.678121244 45.9058 10 0
3 317.291321244 122.2926 55 4
4 112.824421244 218.7595 150 17
5 5.181121244 209.4028 244 40
6 0.181121244 109.4028 306 83
7 0 60.4028 322 117
8 0 44.4028 306 149
9 0 27.4028 290 182
10 0 10.4028 264 225
11 0 6.4028 241 252
12 0 4.4028 209 286
13 0 2.4028 181 316
14 0 1.4028 162 336
15 0 0.4028 146 353
16 0 0.4028 125 374
17 0 0 113 387
18 0 0 97 403
19 0 0 85 415
20 0 0 77 423
21 0 0 72 428
22 0 0 61 439
23 0 0 54 446
24 0 0 48 452
25 0 0 45 455
26 0 0 37 463
26 0 0 37 463
27 0 0 33 467
28 0 0 29 471
29 0 0 26 474
30 0 0 26 474
31 0 0 23 477
32 0 0 22 478
33 0 0 20 480
33 0 0 20 480
34 0 0 18 482
35 0 0 16 484
36 0 0 16 484
37 0 0 12 488
38 0 0 11 489
39 0 0 11 489
39 0 0 11 489
40 0 0 7 493
41 0 0 6 494
42 0 0 5 495
42 0 0 5 495
43 0 0 4 496
44 0 0 3 497
45 0 0 3 497
45 0 0 3 497
46 0 0 3 497
46 0 0 3 497
47 0 0 2 498
47 0 0 2 498
48 0 0 2 498
49 0 0 2 498
49 0 0 2 498
50 0 0 2 498
50 0 0 2 498
51 0 0 2 498
51 0 0 2 498
52 0 0 2 498
52 0 0 2 498
53 0 0 2 498
53 0 0 2 498
54 0 0 2 498
54 0 0 2 498
55 0 0 2 498
55 0 0 2 498
56 0 0 2 498
56 0 0 2 498
57 0 0 2 498
57 0 0 2 498
58 0 0 2 498
58 0 0 2 498
59 0 0 2 498
59 0 0 2 498
60 0 0 2 498
