Time S E I R
0 862.120335102 0 0 0
1 862.120335102 0 0 0
1 850.553235102 11.5671 0 0
2 816.214535102 38.9058 7 0
3 710.827735102 113.2926 36 2
4 457.360835102 265.7595 126 13
5 139.717535102 377.4028 311 34
6 6.861835102 318.2585 457 80
7 0.861835102 184.2585 533 144
8 0 110.2585 541 211
9 0 60.2585 519 283
10 0 38.2585 469 355
11 0 19.2585 429 414
12 0 12.2585 367 483
13 0 9.2585 330 523
14 0 3.2585 294 565
15 0 1.2585 260 601
16 0 0.2585 232 630
17 0 0.2585 201 661
18 0 0.2585 177 685
19 0 0.2585 152 710
20 0 0.2585 133 729
21 0 0.2585 122 740
22 0 0 108 755
23 0 0 96 767
24 0 0 87 776
25 0 0 72 791
26 0 0 63 800
27 0 0 58 805
28 0 0 52 811
29 0 0 49 814
30 0 0 39 824
31 0 0 34 829
32 0 0 31 832
33 0 0 29 834
34 0 0 28 835
35 0 0 23 840
36 0 0 22 841
37 0 0 18 845
38 0 0 15 848
39 0 0 12 851
40 0 0 11 852
41 0 0 9 854
42 0 0 8 855
43 0 0 6 857
43 0 0 6 857
44 0 0 3 860
44 0 0 3 860
45 0 0 2 861
45 0 0 2 861
46 0 0 1 862
46 0 0 1 862
47 0 0 1 862
48 0 0 1 862
48 0 0 1 862
49 0 0 1 862
49 0 0 1 862
50 0 0 0 863
50 0 0 0 863
51 0 0 0 863
51 0 0 0 863
52 0 0 0 863
52 0 0 0 863
53 0 0 0 863
53 0 0 0 863
54 0 0 0 863
54 0 0 0 863
55 0 0 0 863
55 0 0 0 863
56 0 0 0 863
56 0 0 0 863
57 0 0 0 863
57 0 0 0 863
58 0 0 0 863
58 0 0 0 863
59 0 0 0 863
59 0 0 0 863
60 0 0 0 863
60 0 0 0 863
61 0 0 0 863
