Time S E I R
0 949.017203028 0 0 0
1 949.017203028 0 0 0
1 937.450103028 11.5671 0 0
2 847.111403028 82.9058 19 0
3 292.724603028 494.2926 150 12
4 0.724603028 463.2926 449 36
5 0 260.2926 596 93
6 0 139.2926 637 173
7 0 72.2926 630 247
8 0 43.2926 574 332
9 0 26.2926 517 406
10 0 14.2926 456 479
11 0 10.2926 410 529
12 0 3.2926 354 592
13 0 1.2926 310 638
14 0 0.2926 279 670
15 0 0.2926 241 708
16 0 0 210 740
17 0 0 182 768
18 0 0 151 799
19 0 0 138 812
20 0 0 121 829
21 0 0 105 845
22 0 0 97 853
23 0 0 87 863
24 0 0 75 875
25 0 0 63 887
26 0 0 58 892
27 0 0 51 899
28 0 0 44 906
29 0 0 40 910
30 0 0 33 917
31 0 0 29 921
32 0 0 26 924
33 0 0 24 926
34 0 0 24 926
35 0 0 20 930
36 0 0 16 934
37 0 0 15 935
38 0 0 13 937
39 0 0 11 939
40 0 0 10 940
41 0 0 6 944
42 0 0 5 945
43 0 0 4 946
43 0 0 4 946
44 0 0 3 947
44 0 0 3 947
45 0 0 2 948
45 0 0 2 948
46 0 0 2 948
47 0 0 1 949
47 0 0 1 949
48 0 0 0 950
48 0 0 0 950
49 0 0 0 950
49 0 0 0 950
50 0 0 0 950
50 0 0 0 950
51 0 0 0 950
51 0 0 0 950
52 0 0 0 950
52 0 0 0 950
53 0 0 0 950
53 0 0 0 950
54 0 0 0 950
54 0 0 0 950
55 0 0 0 950
55 0 0 0 950
56 0 0 0 950
56 0 0 0 950
57 0 0 0 950
57 0 0 0 950
58 0 0 0 950
58 0 0 0 950
59 0 0 0 950
59 0 0 0 950
60 0 0 0 950
60 0 0 0 950
61 0 0 0 950
