Time S E I R
0 885.517653517 0 0 0
1 885.517653517 0 0 0
1 873.950553517 11.5671 0 0
2 856.611853517 23.9058 4 1
3 820.225053517 44.2926 19 2
4 762.758153517 82.7595 36 4
5 627.114853517 158.4028 86 14
6 420.259153517 237.2585 196 32
7 206.878353517 300.6393 308 70
8 81.603853517 261.9138 433 109
9 26.433453517 172.0842 516 171
10 5.625853517 113.8918 524 242
11 0.659953517 69.8577 501 314
12 0.146953517 30.3707 486 369
13 0.146953517 24.3707 423 438
14 0.146953517 14.3707 384 487
15 0.146953517 8.3707 348 529
16 0.044753517 4.4729 308 573
17 0.044753517 2.4729 283 600
18 0.008653517 1.509 241 643
19 0.008653517 1.509 215 669
20 0.008653517 1.509 186 698
21 0.008653517 0.509 162 723
22 0.008653517 0.509 146 739
23 0.008653517 0 129 757
24 0.008653517 0 115 771
25 0.008653517 0 102 784
26 0.008653517 0 87 799
27 0.008653517 0 75 811
28 0.008653517 0 64 822
29 0.002653517 0.006 58 828
30 0.002653517 0.006 50 836
31 0.002653517 0.006 41 845
32 0.002653517 0.006 32 854
33 0.002653517 0.006 27 859
34 0.002653517 0.006 26 860
35 0.002653517 0.006 21 865
35 0.002653517 0.006 21 865
36 0.002653517 0.006 17 869
37 0.002653517 0.006 16 870
38 0.002653517 0.006 15 871
39 0.002653517 0.006 14 872
40 0.002653517 0.006 12 874
41 0.002653517 0.006 11 875
42 0.002653517 0.006 9 877
43 0.002653517 0.006 9 877
44 0.002653517 0.006 6 880
44 0.002653517 0.006 6 880
45 0.000653517 0.008 5 881
46 0.000653517 0.008 4 882
47 0.000653517 0.008 4 882
47 0.000653517 0.008 4 882
48 0.000653517 0.008 4 882
48 0.000653517 0.008 4 882
49 0.000653517 0.008 4 882
49 0.000653517 0.008 4 882
50 0.000653517 0.008 3 883
51 0.000653517 0.008 1 885
51 0.000653517 0.008 1 885
52 0.000653517 0.008 1 885
52 0.000653517 0.008 1 885
53 0.000653517 0.008 1 885
53 0.000653517 0.008 1 885
54 0.000653517 0.008 1 885
54 0.000653517 0.008 1 885
55 0.000653517 0.008 1 885
55 0.000653517 0.008 1 885
56 0.000653517 0.008 1 885
56 0.000653517 0.008 1 885
57 0.000653517 0.008 1 885
57 0.000653517 0.008 1 885
58 0.000653517 0.008 1 885
59 0.000653517 0.008 1 885
59 0.000653517 0.008 1 885
60 0.000653517 0.008 1 885
60 0.000653517 0.008 1 885
