Time S E I R
0 520.386089366 0 0 0
1 520.386089366 0 0 0
1 508.818989366 11.5671 0 0
2 489.480289366 26.9058 4 0
3 392.093489366 89.2926 36 3
4 173.626589366 230.7595 105 11
5 22.983289366 251.4028 209 37
6 0 162.4028 285 73
7 0 77.4028 327 116
8 0 41.4028 328 151
9 0 23.4028 309 188
10 0 14.4028 272 234
11 0 8.4028 245 267
12 0 7.4028 214 299
13 0 2.4028 190 328
14 0 0.4028 165 355
15 0 0.4028 146 374
16 0 0 131 390
17 0 0 118 403
18 0 0 98 423
19 0 0 90 431
20 0 0 79 442
21 0 0 64 457
22 0 0 57 464
23 0 0 47 474
24 0 0 42 479
25 0 0 41 480
26 0 0 39 482
27 0 0 37 484
28 0 0 31 490
28 0 0 31 490
29 0 0 25 496
30 0 0 19 502
31 0 0 17 504
31 0 0 17 504
32 0 0 16 505
33 0 0 15 506
34 0 0 11 510
35 0 0 8 513
36 0 0 7 514
36 0 0 7 514
37 0 0 6 515
37 0 0 6 515
38 0 0 6 515
39 0 0 6 515
39 0 0 6 515
40 0 0 5 516
41 0 0 5 516
41 0 0 5 516
42 0 0 4 517
42 0 0 4 517
43 0 0 4 517
44 0 0 4 517
44 0 0 4 517
45 0 0 2 519
45 0 0 2 519
46 0 0 2 519
46 0 0 2 519
47 0 0 2 519
47 0 0 2 519
48 0 0 2 519
48 0 0 2 519
49 0 0 1 520
49 0 0 1 520
50 0 0 1 520
51 0 0 1 520
51 0 0 1 520
52 0 0 0 521
52 0 0 0 521
53 0 0 0 521
53 0 0 0 521
54 0 0 0 521
54 0 0 0 521
55 0 0 0 521
55 0 0 0 521
56 0 0 0 521
56 0 0 0 521
57 0 0 0 521
57 0 0 0 521
58 0 0 0 521
58 0 0 0 521
59 0 0 0 521
59 0 0 0 521
60 0 0 0 521
60 0 0 0 521
61 0 0 0 521
