Time S E I R
0 255 0 0 0
1 255 0 0 0
1 243.4329 11.5671 0 0
2 232.0942 17.9058 5 0
3 220.7074 22.2926 11 1
4 209.2405 23.7595 19 3
5 199.5972 25.4028 21 9
6 191.7415 21.2585 30 12
7 185.3607 13.6393 39 17
8 179.0862 12.9138 39 24
9 173.9158 11.0842 39 31
10 170.1082 10.8918 40 34
11 168.1423 10.8577 38 38
12 166.6293 7.3707 34 47
13 163.3687 4.6313 35 52
14 161.1263 5.8737 32 56
15 158.8978 6.1022 30 60
16 157.7956 6.2044 26 65
17 156.6954 2.3046 29 67
18 156.6593 0.3407 27 71
19 153.6373 1.3627 26 74
20 151.6172 3.3828 23 77
21 150.5872 2.4128 22 80
22 150.5651 1.4349 20 83
23 149.5351 2.4649 19 84
24 149.521 1.479 20 84
25 148.509 2.491 18 86
26 148.491 1.509 17 88
27 148.4709 0.5291 16 90
28 146.4569 2.5431 13 93
29 146.4509 0.5491 14 94
30 146.4329 0.5671 9 99
31 145.4248 1.5752 7 101
32 145.4148 1.5852 7 101
33 145.4048 1.5952 6 102
34 145.3928 1.6072 5 103
35 145.3928 -0.3928 6 104
35 145.3868 0 6 104
36 145.3727 0.0141 6 104
37 145.3667 0.0201 5 105
38 145.3667 0.0201 4 106
38 145.3587 0.0281 4 106
39 145.3447 0.0421 4 106
40 145.3447 0.0421 4 106
40 145.3347 0.0521 4 106
41 145.3347 0.0521 3 107
41 145.3267 0.0601 3 107
42 145.3186 0.0682 2 108
43 145.3106 0.0762 2 108
44 145.3106 0.0762 2 108
44 145.3046 0.0822 2 108
45 145.3026 0.0842 2 108
46 145.3026 0.0842 2 108
46 145.3006 0.0862 2 108
47 145.3006 0.0862 2 108
47 145.2886 0.0982 2 108
48 145.2886 0.0982 2 108
49 144.2886 0.0982 3 108
49 144.2846 0.1022 3 108
50 143.2846 1.1022 3 108
50 143.2786 1.1082 3 108
51 143.2786 1.1082 3 108
52 143.2705 1.1163 3 108
53 143.2685 0.1183 4 108
54 143.2685 0.1183 3 109
54 143.2625 0.1243 3 109
55 143.2625 0.1243 2 110
55 143.2565 0.1303 2 110
56 143.2565 0.1303 2 110
56 143.2545 0.1323 2 110
57 142.2525 1.1343 1 111
58 142.2485 0.1383 2 111
59 142.2485 0.1383 2 111
60 142.2485 0.1383 1 112
60 142.2405 0.1463 1 112
61 142.2405 0.1463 1 112
