Time S E I R
0 425.722978928 0 0 0
1 425.722978928 0 0 0
1 414.155878928 11.5671 0 0
2 402.817178928 18.9058 4 0
3 381.430378928 26.2926 16 2
4 353.963478928 42.7595 27 2
5 333.320178928 44.4028 43 5
6 299.464478928 50.2585 63 13
7 250.083678928 65.6393 82 28
8 204.809178928 69.9138 104 47
9 155.638778928 79.0842 127 64
10 108.831178928 77.8918 155 84
11 75.865278928 77.8577 179 93
12 51.352278928 59.3707 194 121
13 33.091678928 50.6313 196 146
14 24.849278928 34.8737 196 170
15 16.620778928 27.1022 179 203
16 13.518578928 20.2044 167 225
17 9.418378928 16.3046 148 252
18 8.382278928 7.3407 141 269
19 7.360278928 5.3627 125 288
20 6.340178928 4.3828 109 306
21 5.310178928 2.4128 99 319
22 4.288078928 3.4349 83 335
23 4.258078928 1.4649 76 344
24 4.243978928 1.479 69 351
25 3.231978928 1.491 63 358
26 2.213978928 0.509 59 364
27 2.193878928 0.5291 50 373
28 2.179878928 0.5431 39 384
29 1.173878928 0 34 391
30 1.155878928 0.018 31 394
31 1.155878928 0.018 25 400
31 1.147778928 0.0261 25 400
32 1.137778928 0.0361 19 406
33 1.127778928 0.0461 12 413
34 1.115778928 0.0581 9 416
35 1.109778928 0.0641 9 416
36 1.109778928 0.0641 7 418
36 1.095678928 0.0782 7 418
37 1.089678928 0.0842 7 418
38 1.089678928 0.0842 4 421
38 1.081678928 0.0922 4 421
39 1.081678928 0.0922 4 421
39 1.067678928 0.1062 4 421
40 1.067678928 0.1062 3 422
40 1.057678928 0.1162 3 422
41 1.049678928 0.1242 2 423
42 1.041578928 0.1323 2 423
43 1.041578928 0.1323 2 423
43 1.033578928 0.1403 2 423
44 1.033578928 0.1403 1 424
44 1.027578928 0.1463 1 424
45 1.027578928 0.1463 0 425
45 1.025578928 0.1483 0 425
46 1.025578928 0.1483 0 425
46 1.023578928 0.1503 0 425
47 1.023578928 0.1503 0 425
47 1.011578928 0.1623 0 425
48 1.011578928 0.1623 0 425
49 1.011578928 0.1623 0 425
49 1.007578928 0.1663 0 425
50 1.007578928 0.1663 0 425
50 1.001578928 0.1723 0 425
51 1.001578928 0.1723 0 425
51 1.001578928 0.1723 0 425
52 0.993478928 0 1 425
53 0.993478928 0 1 425
53 0.991478928 0.002 1 425
54 0.985478928 0.008 1 425
55 0.985478928 0.008 1 425
55 0.979478928 0.014 1 425
56 0.979478928 0.014 1 425
56 0.977478928 0.016 1 425
57 0.977478928 0.016 0 426
57 0.975478928 0.018 0 426
58 0.975478928 0.018 0 426
58 0.971478928 0.022 0 426
59 0.971478928 0.022 0 426
59 0.971478928 0.022 0 426
60 0.971478928 0.022 0 426
60 0.963478928 0.03 0 426
61 0.963478928 0.03 0 426
