Time S E I R
0 449.96408487 0 0 0
1 449.96408487 0 0 0
1 438.39698487 11.5671 0 0
2 423.05828487 23.9058 3 0
3 393.67148487 42.2926 14 0
4 335.20458487 67.7595 42 5
5 208.56128487 131.4028 96 14
6 90.70558487 159.2585 167 33
7 17.32478487 143.6393 228 61
8 3.32478487 82.6393 274 90
9 1.32478487 47.6393 278 123
10 0 24.6393 264 162
11 0 14.6393 238 198
12 0 6.6393 214 230
13 0 5.6393 188 257
14 0 5.6393 161 284
15 0 1.6393 146 303
16 0 1.6393 127 322
17 0 1.6393 109 340
18 0 1.6393 93 356
19 0 1.6393 82 367
20 0 1.6393 73 376
21 0 0.6393 59 391
22 0 0.6393 53 397
23 0 0.6393 46 404
24 0 0.6393 41 409
25 0 0.6393 39 411
26 0 0 37 414
27 0 0 36 415
27 0 0 36 415
28 0 0 33 418
29 0 0 33 418
30 0 0 28 423
31 0 0 25 426
32 0 0 22 429
33 0 0 21 430
33 0 0 21 430
34 0 0 19 432
35 0 0 18 433
36 0 0 17 434
36 0 0 17 434
37 0 0 16 435
38 0 0 14 437
39 0 0 12 439
40 0 0 11 440
41 0 0 7 444
42 0 0 5 446
42 0 0 5 446
43 0 0 5 446
43 0 0 5 446
44 0 0 5 446
44 0 0 5 446
45 0 0 5 446
45 0 0 5 446
46 0 0 3 448
46 0 0 3 448
47 0 0 2 449
47 0 0 2 449
48 0 0 2 449
48 0 0 2 449
49 0 0 2 449
49 0 0 2 449
50 0 0 2 449
51 0 0 2 449
51 0 0 2 449
52 0 0 2 449
52 0 0 2 449
53 0 0 1 450
53 0 0 1 450
54 0 0 1 450
55 0 0 0 451
55 0 0 0 451
56 0 0 0 451
56 0 0 0 451
57 0 0 0 451
57 0 0 0 451
58 0 0 0 451
58 0 0 0 451
59 0 0 0 451
59 0 0 0 451
60 0 0 0 451
60 0 0 0 451
61 0 0 0 451
