Time S E I R
0 919.532537796 0 0 0
1 919.532537796 0 0 0
1 907.965437796 11.5671 0 0
2 896.626737796 16.9058 5 1
3 884.239937796 22.2926 10 3
4 874.773037796 21.7595 20 3
5 864.129737796 21.4028 23 11
6 853.274037796 25.2585 28 13
7 843.893237796 24.6393 34 17
8 836.618737796 20.9138 43 19
9 830.448337796 20.0842 45 24
10 827.640737796 14.8918 48 29
11 825.674837796 9.8577 51 33
12 822.161837796 10.3707 47 40
13 814.901237796 14.6313 45 45
14 807.658837796 8.8737 55 48
15 804.430337796 4.1022 59 52
16 799.328137796 7.2044 56 57
17 794.227937796 4.3046 53 68
18 791.191837796 4.3407 52 72
19 790.169837796 2.3627 49 78
20 786.149737796 5.3828 42 86
21 784.119737796 3.4128 39 93
22 781.097637796 5.4349 37 96
23 778.067637796 4.4649 37 100
24 778.053537796 1.479 34 106
25 773.041537796 4.491 32 110
26 770.023537796 4.509 35 110
27 770.003437796 1.5291 32 116
28 768.989437796 0.5431 29 121
29 765.983437796 3.5491 27 123
30 764.965437796 1.5671 27 126
31 762.957337796 3.5752 24 129
32 762.947337796 1.5852 22 133
33 760.937337796 3.5952 19 136
34 758.925337796 2.6072 21 137
35 756.919337796 2.6132 19 141
36 755.905237796 3.6273 17 143
37 755.899237796 3.6333 15 145
38 755.891237796 3.6413 14 146
39 755.877237796 1.6553 13 149
40 754.867237796 0.6653 12 152
41 753.859237796 1.6733 11 153
42 753.859237796 0.6733 11 154
42 753.851137796 0.6814 11 154
43 752.851137796 -0.3186 9 158
43 752.843137796 0 9 158
44 752.837137796 0.006 8 159
45 751.835137796 1.008 6 161
46 750.833137796 1.01 6 162
47 750.821137796 1.022 6 162
48 750.821137796 1.022 6 162
49 750.821137796 1.022 5 163
49 750.817137796 1.026 5 163
50 750.811137796 1.032 5 163
51 749.811137796 1.032 6 163
52 749.811137796 1.032 5 164
52 749.803037796 1.0401 5 164
53 749.801037796 0.0421 6 164
54 749.801037796 0.0421 5 165
54 749.795037796 0.0481 5 165
55 749.795037796 0.0481 4 166
55 749.789037796 0.0541 4 166
56 749.787037796 0.0561 3 167
57 749.785037796 0 4 167
58 749.785037796 0 4 167
58 749.781037796 0.004 4 167
59 749.781037796 0.004 3 168
59 749.781037796 0.004 3 168
60 749.781037796 0.004 3 168
60 749.773037796 0.012 3 168
61 749.773037796 0.012 3 168
