Time S E I R
0 429.86628175 0 0 0
1 429.86628175 0 0 0
1 418.29918175 11.5671 0 0
2 395.96048175 25.9058 8 0
3 332.57368175 70.2926 23 4
4 204.10678175 138.7595 76 11
5 64.46348175 198.4028 141 26
6 5.60778175 165.2585 215 44
7 0 99.2585 250 81
8 0 56.2585 256 118
9 0 36.2585 246 148
10 0 21.2585 228 181
11 0 14.2585 210 206
12 0 6.2585 191 233
13 0 2.2585 176 252
14 0 1.2585 150 279
15 0 0.2585 143 287
16 0 0.2585 132 298
17 0 0.2585 119 311
18 0 0.2585 104 326
19 0 0 93 338
20 0 0 78 353
21 0 0 68 363
22 0 0 60 371
23 0 0 54 377
24 0 0 45 386
25 0 0 38 393
26 0 0 34 397
27 0 0 32 399
28 0 0 26 405
29 0 0 24 407
30 0 0 21 410
31 0 0 18 413
32 0 0 16 415
33 0 0 12 419
34 0 0 11 420
35 0 0 10 421
36 0 0 8 423
37 0 0 7 424
37 0 0 7 424
38 0 0 7 424
38 0 0 7 424
39 0 0 7 424
40 0 0 4 427
41 0 0 4 427
41 0 0 4 427
42 0 0 2 429
42 0 0 2 429
43 0 0 2 429
43 0 0 2 429
44 0 0 2 429
45 0 0 2 429
46 0 0 2 429
46 0 0 2 429
47 0 0 1 430
48 0 0 1 430
48 0 0 1 430
49 0 0 1 430
49 0 0 1 430
50 0 0 1 430
50 0 0 1 430
51 0 0 1 430
51 0 0 1 430
52 0 0 1 430
52 0 0 1 430
53 0 0 1 430
53 0 0 1 430
54 0 0 1 430
54 0 0 1 430
55 0 0 1 430
55 0 0 1 430
56 0 0 1 430
56 0 0 1 430
57 0 0 0 431
57 0 0 0 431
58 0 0 0 431
58 0 0 0 431
59 0 0 0 431
59 0 0 0 431
60 0 0 0 431
60 0 0 0 431
61 0 0 0 431
