Time S E I R
0 686.705271072 0 0 0
1 686.705271072 0 0 0
1 675.138171072 11.5671 0 0
2 621.799471072 54.9058 10 0
3 394.412671072 216.2926 75 1
4 61.945771072 377.7595 229 18
5 0 255.7595 380 51
6 0 143.7595 439 104
7 0 86.7595 436 164
8 0 58.7595 411 217
9 0 33.7595 371 282
10 0 23.7595 340 323
11 0 12.7595 302 372
12 0 6.7595 270 410
13 0 5.7595 237 444
14 0 3.7595 219 464
15 0 0.7595 191 495
16 0 0 167 520
17 0 0 142 545
18 0 0 129 558
19 0 0 121 566
20 0 0 104 583
21 0 0 88 599
22 0 0 76 611
23 0 0 63 624
24 0 0 57 630
25 0 0 49 638
26 0 0 47 640
27 0 0 43 644
28 0 0 38 649
29 0 0 32 655
30 0 0 30 657
31 0 0 27 660
32 0 0 25 662
33 0 0 24 663
34 0 0 21 666
35 0 0 14 673
35 0 0 14 673
36 0 0 12 675
37 0 0 11 676
38 0 0 10 677
39 0 0 9 678
39 0 0 9 678
40 0 0 8 679
41 0 0 8 679
42 0 0 6 681
42 0 0 6 681
43 0 0 5 682
44 0 0 5 682
44 0 0 5 682
45 0 0 4 683
45 0 0 4 683
46 0 0 4 683
47 0 0 4 683
47 0 0 4 683
48 0 0 4 683
48 0 0 4 683
49 0 0 3 684
49 0 0 3 684
50 0 0 2 685
50 0 0 2 685
51 0 0 2 685
51 0 0 2 685
52 0 0 1 686
52 0 0 1 686
53 0 0 0 687
53 0 0 0 687
54 0 0 0 687
54 0 0 0 687
55 0 0 0 687
55 0 0 0 687
56 0 0 0 687
56 0 0 0 687
57 0 0 0 687
57 0 0 0 687
58 0 0 0 687
58 0 0 0 687
59 0 0 0 687
59 0 0 0 687
60 0 0 0 687
60 0 0 0 687
61 0 0 0 687
