Time S E I R
0 255 0 0 0
1 255 0 0 0
1 243.4329 11.5671 0 0
2 232.0942 15.9058 7 0
3 216.7074 21.2926 15 2
4 201.2405 24.7595 26 3
5 184.5972 32.4028 31 7
6 170.7415 26.2585 47 11
7 153.3607 23.6393 58 20
8 131.0862 32.9138 64 27
9 115.9158 31.0842 75 33
10 103.1082 25.8918 86 40
11 91.1423 27.8577 88 48
12 79.6293 30.3707 88 57
13 66.3687 30.6313 93 65
14 54.1263 26.8737 97 77
15 42.8978 24.1022 103 85
16 34.7956 21.2044 98 101
17 27.6954 22.3046 94 111
18 22.6593 16.3407 97 119
19 22.6373 8.3627 92 132
20 16.6172 8.3828 79 151
21 14.5872 4.4128 78 158
22 14.5651 2.4349 73 165
23 14.5351 1.4649 64 175
24 11.521 2.479 62 179
25 10.509 1.491 59 184
26 10.491 1.509 51 192
27 10.4709 1.5291 44 199
28 10.4569 0.5431 38 206
29 9.4509 0.5491 33 212
30 7.4329 0.5671 33 214
31 6.4248 0.5752 29 219
32 6.4148 0 26 223
33 6.4048 0.01 26 223
34 6.3928 0.022 25 224
35 6.3868 0.028 22 227
36 6.3727 0.0421 20 229
37 6.3667 0.0481 19 230
38 6.3587 0.0561 18 231
39 5.3447 0.0701 14 236
40 5.3347 0.0801 11 239
41 5.3267 0.0881 10 240
42 5.3267 0.0881 9 241
42 5.3186 0.0962 9 241
43 5.3106 0.1042 8 242
44 4.3046 1.1102 7 243
45 4.3026 1.1122 6 244
46 4.3006 1.1142 3 247
47 4.3006 0.1142 4 247
47 4.2886 0.1262 4 247
48 4.2886 0.1262 4 247
49 4.2886 -0.8738 5 247
49 4.2846 0 5 247
50 4.2846 0 5 247
50 4.2786 0.006 5 247
51 4.2786 0.006 4 248
51 4.2786 0.006 4 248
52 4.2786 0.006 4 248
52 4.2705 0.0141 4 248
53 4.2685 0.0161 4 248
54 4.2685 0.0161 2 250
54 4.2625 0.0221 2 250
55 4.2625 0.0221 2 250
55 4.2565 0.0281 2 250
56 4.2565 0.0281 1 251
56 4.2545 0.0301 1 251
57 4.2545 0.0301 1 251
57 4.2525 0.0321 1 251
58 4.2525 0.0321 1 251
58 4.2485 0.0361 1 251
59 4.2485 0.0361 1 251
59 4.2485 0.0361 1 251
60 4.2485 0.0361 1 251
60 4.2405 0.0441 1 251
61 4.2405 0.0441 1 251
