Time S E I R
0 975.342139793 0 0 0
1 975.342139793 0 0 0
1 963.775039793 11.5671 0 0
2 925.436339793 39.9058 10 0
3 709.049539793 200.2926 63 3
4 201.582639793 511.7595 241 21
5 2.939339793 431.4028 460 81
6 0 237.4028 592 146
7 0 136.4028 618 221
8 0 84.4028 588 303
9 0 50.4028 553 372
10 0 28.4028 505 442
11 0 15.4028 458 502
12 0 10.4028 405 560
13 0 6.4028 359 610
14 0 3.4028 316 656
15 0 0.4028 279 696
16 0 0.4028 239 736
17 0 0.4028 212 763
18 0 0 192 784
19 0 0 164 812
20 0 0 140 836
21 0 0 122 854
22 0 0 112 864
23 0 0 97 879
24 0 0 89 887
25 0 0 78 898
26 0 0 67 909
27 0 0 61 915
28 0 0 55 921
29 0 0 47 929
30 0 0 43 933
31 0 0 38 938
32 0 0 35 941
33 0 0 31 945
34 0 0 25 951
35 0 0 22 954
36 0 0 19 957
37 0 0 16 960
37 0 0 16 960
38 0 0 15 961
39 0 0 12 964
40 0 0 11 965
41 0 0 11 965
41 0 0 11 965
42 0 0 10 966
43 0 0 10 966
44 0 0 10 966
45 0 0 9 967
46 0 0 7 969
46 0 0 7 969
47 0 0 6 970
47 0 0 6 970
48 0 0 5 971
48 0 0 5 971
49 0 0 4 972
49 0 0 4 972
50 0 0 4 972
51 0 0 4 972
51 0 0 4 972
52 0 0 4 972
53 0 0 3 973
53 0 0 3 973
54 0 0 3 973
54 0 0 3 973
55 0 0 3 973
55 0 0 3 973
56 0 0 3 973
56 0 0 3 973
57 0 0 1 975
57 0 0 1 975
58 0 0 0 976
58 0 0 0 976
59 0 0 0 976
59 0 0 0 976
60 0 0 0 976
60 0 0 0 976
61 0 0 0 976
