Time S E I R
0 899.385854151 0 0 0
1 899.385854151 0 0 0
1 887.818754151 11.5671 0 0
2 793.480054151 85.9058 20 0
3 201.093254151 497.2926 191 10
4 1.093254151 435.2926 410 53
5 0.093254151 246.2926 531 122
6 0.093254151 138.2926 572 189
7 0.093254151 83.2926 558 258
8 0 42.2926 538 320
9 0 23.2926 488 389
10 0 11.2926 437 452
11 0 4.2926 391 505
12 0 1.2926 350 549
13 0 0.2926 309 591
14 0 0.2926 255 645
15 0 0.2926 219 681
16 0 0.2926 198 702
17 0 0.2926 173 727
18 0 0 154 747
19 0 0 136 765
20 0 0 122 779
21 0 0 104 797
22 0 0 86 815
23 0 0 75 826
24 0 0 70 831
25 0 0 59 842
26 0 0 54 847
27 0 0 47 854
28 0 0 47 854
29 0 0 43 858
30 0 0 40 861
31 0 0 34 867
32 0 0 27 874
33 0 0 24 877
34 0 0 21 880
35 0 0 20 881
36 0 0 18 883
37 0 0 15 886
38 0 0 14 887
39 0 0 12 889
40 0 0 11 890
41 0 0 9 892
41 0 0 9 892
42 0 0 6 895
42 0 0 6 895
43 0 0 6 895
44 0 0 3 898
44 0 0 3 898
45 0 0 2 899
45 0 0 2 899
46 0 0 2 899
46 0 0 2 899
47 0 0 2 899
47 0 0 2 899
48 0 0 2 899
48 0 0 2 899
49 0 0 1 900
49 0 0 1 900
50 0 0 0 901
50 0 0 0 901
51 0 0 0 901
51 0 0 0 901
52 0 0 0 901
52 0 0 0 901
53 0 0 0 901
53 0 0 0 901
54 0 0 0 901
54 0 0 0 901
55 0 0 0 901
55 0 0 0 901
56 0 0 0 901
56 0 0 0 901
57 0 0 0 901
57 0 0 0 901
58 0 0 0 901
58 0 0 0 901
59 0 0 0 901
59 0 0 0 901
60 0 0 0 901
60 0 0 0 901
61 0 0 0 901
