Time S E I R
0 255 0 0 0
1 255 0 0 0
1 243.4329 11.5671 0 0
2 231.0942 16.9058 7 0
3 215.7074 23.2926 15 1
4 204.2405 28.7595 18 4
5 191.5972 26.4028 30 7
6 183.7415 23.2585 38 10
7 164.3607 30.6393 45 15
8 152.0862 24.9138 59 19
9 138.9158 26.0842 65 25
10 129.1082 20.8918 69 36
11 118.1423 16.8577 70 50
12 103.6293 18.3707 75 58
13 91.3687 23.6313 69 71
14 84.1263 15.8737 70 85
15 76.8978 13.1022 73 92
16 66.7956 11.2044 71 106
17 61.6954 10.3046 65 118
18 57.6593 8.3407 61 128
19 55.6373 6.3627 57 136
20 49.6172 9.3828 50 146
21 45.5872 6.4128 51 152
22 41.5651 4.4349 51 158
23 40.5351 3.4649 51 160
24 38.521 5.479 43 168
25 36.509 6.491 38 174
26 33.491 3.509 41 177
27 32.4709 2.5291 39 181
28 31.4569 3.5431 33 187
29 28.4509 2.5491 33 191
30 27.4329 2.5671 29 196
31 27.4248 2.5752 25 200
32 26.4148 2.5852 22 204
33 25.4048 1.5952 22 206
34 24.3928 0.6072 20 210
35 24.3868 0 18 213
36 23.3727 1.0141 18 213
37 23.3667 0.0201 18 214
38 23.3587 0.0281 16 216
39 22.3447 1.0421 14 218
40 22.3347 0.0521 15 218
41 22.3267 0.0601 13 220
42 21.3186 1.0682 10 223
43 21.3186 0.0682 11 223
43 21.3106 0.0762 11 223
44 20.3106 1.0762 10 224
44 20.3046 1.0822 10 224
45 20.3026 1.0842 10 224
46 20.3006 1.0862 8 226
47 20.2886 0.0982 8 227
48 20.2886 0 7 229
49 20.2886 0 6 230
49 20.2846 0.004 6 230
50 20.2846 0.004 4 232
50 20.2786 0.01 4 232
51 20.2786 0.01 4 232
52 20.2786 0.01 3 233
52 20.2705 0.0181 3 233
53 20.2705 0.0181 2 234
53 20.2685 0.0201 2 234
54 20.2685 0.0201 2 234
54 20.2625 0.0261 2 234
55 20.2625 0.0261 2 234
55 20.2565 0.0321 2 234
56 20.2545 0.0341 2 234
57 20.2525 0.0361 2 234
58 20.2525 0.0361 2 234
58 20.2485 0.0401 2 234
59 20.2485 0.0401 2 234
60 19.2485 1.0401 1 235
60 19.2405 1.0481 1 235
