Time S E I R
0 255 0 0 0
1 255 0 0 0
1 243.4329 11.5671 0 0
2 231.0942 18.9058 5 0
3 216.7074 26.2926 12 0
4 205.2405 25.7595 20 4
5 193.5972 27.4028 25 9
6 183.7415 26.2585 32 13
7 172.3607 21.6393 40 21
8 161.0862 27.9138 41 25
9 145.9158 28.0842 45 36
10 139.1082 18.8918 57 40
11 132.1423 20.8577 55 47
12 120.6293 18.3707 57 59
13 112.3687 21.6313 58 63
14 102.1263 20.8737 67 65
15 89.8978 20.1022 70 75
16 87.7956 10.2044 72 85
17 84.6954 5.3046 66 99
18 77.6593 8.3407 61 108
19 73.6373 8.3627 55 118
20 67.6172 11.3828 49 127
21 64.5872 6.4128 47 137
22 60.5651 7.4349 44 143
23 54.5351 7.4649 46 147
24 52.521 6.479 43 153
25 50.509 5.491 42 157
26 49.491 3.509 41 161
27 47.4709 2.5291 38 167
28 42.4569 4.5431 36 172
29 40.4509 5.5491 36 173
30 36.4329 2.5671 33 183
31 34.4248 2.5752 32 186
32 33.4148 2.5852 31 188
33 33.4048 1.5952 31 189
34 33.3928 1.6072 29 191
35 31.3868 0.6132 29 194
36 28.3727 1.6273 26 199
37 27.3667 1.6333 23 203
38 25.3587 1.6413 23 205
39 24.3447 0.6553 23 207
40 24.3347 0.6653 19 211
41 23.3267 0.6733 20 211
42 23.3186 0 18 214
43 21.3106 2.008 17 215
44 20.3046 3.014 17 215
45 20.3026 3.016 15 217
46 20.3006 1.018 16 218
47 20.2886 1.03 15 219
48 20.2886 1.03 11 223
49 20.2846 0.034 11 224
50 20.2846 0.034 10 225
50 20.2786 0.04 10 225
51 20.2786 0.04 10 225
51 20.2786 0.04 10 225
52 20.2705 0.0481 9 226
53 20.2685 0.0501 7 228
54 19.2625 0.0561 6 230
55 19.2625 0.0561 6 230
55 19.2565 0.0621 6 230
56 19.2545 0.0641 5 231
57 19.2545 0.0641 5 231
57 19.2525 0.0661 5 231
58 19.2525 0.0661 4 232
58 19.2485 0.0701 4 232
59 19.2485 0.0701 4 232
59 19.2485 0.0701 4 232
60 19.2485 0.0701 4 232
60 19.2405 0.0781 4 232
