Time S E I R
0 511.073737708 0 0 0
1 511.073737708 0 0 0
1 499.506637708 11.5671 0 0
2 482.167937708 25.9058 3 0
3 414.781137708 72.2926 22 2
4 249.314237708 180.7595 74 7
5 62.670937708 243.4028 184 21
6 2.670937708 171.4028 278 59
7 0 102.4028 295 114
8 0 48.4028 317 146
9 0 30.4028 290 191
10 0 15.4028 263 233
11 0 8.4028 229 274
12 0 5.4028 207 299
13 0 3.4028 180 328
14 0 3.4028 158 350
15 0 2.4028 144 365
16 0 1.4028 129 381
17 0 0.4028 115 396
18 0 0.4028 105 406
19 0 0.4028 95 416
20 0 0.4028 84 427
21 0 0 75 437
22 0 0 65 447
23 0 0 54 458
24 0 0 49 463
25 0 0 43 469
26 0 0 39 473
27 0 0 36 476
28 0 0 34 478
29 0 0 30 482
30 0 0 29 483
31 0 0 26 486
32 0 0 19 493
32 0 0 19 493
33 0 0 17 495
34 0 0 15 497
34 0 0 15 497
35 0 0 14 498
35 0 0 14 498
36 0 0 13 499
36 0 0 13 499
37 0 0 12 500
38 0 0 11 501
39 0 0 11 501
40 0 0 11 501
41 0 0 10 502
42 0 0 8 504
43 0 0 7 505
43 0 0 7 505
44 0 0 6 506
45 0 0 6 506
46 0 0 6 506
47 0 0 6 506
47 0 0 6 506
48 0 0 3 509
48 0 0 3 509
49 0 0 3 509
50 0 0 3 509
50 0 0 3 509
51 0 0 2 510
51 0 0 2 510
52 0 0 1 511
52 0 0 1 511
53 0 0 1 511
53 0 0 1 511
54 0 0 1 511
54 0 0 1 511
55 0 0 1 511
56 0 0 0 512
56 0 0 0 512
57 0 0 0 512
57 0 0 0 512
58 0 0 0 512
58 0 0 0 512
59 0 0 0 512
59 0 0 0 512
60 0 0 0 512
60 0 0 0 512
61 0 0 0 512
