Time S E I R
0 992.969153888 0 0 0
1 992.969153888 0 0 0
1 981.402053888 11.5671 0 0
2 939.063353888 42.9058 11 0
3 760.676553888 172.2926 55 5
4 341.209653888 424.7595 198 29
5 47.566353888 448.4028 426 71
6 1.566353888 265.4028 584 142
7 0 150.4028 621 222
8 0 87.4028 620 286
9 0 55.4028 577 361
10 0 29.4028 543 421
11 0 13.4028 489 491
12 0 8.4028 430 555
13 0 7.4028 380 606
14 0 5.4028 339 649
15 0 1.4028 295 697
16 0 0 262 732
17 0 0 222 772
18 0 0 197 797
19 0 0 171 823
20 0 0 149 845
21 0 0 135 859
22 0 0 112 882
23 0 0 98 896
24 0 0 83 911
25 0 0 71 923
26 0 0 65 929
27 0 0 54 940
28 0 0 44 950
29 0 0 42 952
30 0 0 39 955
31 0 0 35 959
32 0 0 31 963
33 0 0 26 968
34 0 0 25 969
35 0 0 24 970
36 0 0 21 973
37 0 0 19 975
38 0 0 15 979
39 0 0 15 979
39 0 0 15 979
40 0 0 14 980
40 0 0 14 980
41 0 0 10 984
42 0 0 9 985
42 0 0 9 985
43 0 0 7 987
43 0 0 7 987
44 0 0 6 988
45 0 0 4 990
45 0 0 4 990
46 0 0 4 990
47 0 0 4 990
47 0 0 4 990
48 0 0 3 991
49 0 0 2 992
50 0 0 2 992
50 0 0 2 992
51 0 0 2 992
52 0 0 2 992
52 0 0 2 992
53 0 0 2 992
54 0 0 2 992
54 0 0 2 992
55 0 0 1 993
55 0 0 1 993
56 0 0 1 993
56 0 0 1 993
57 0 0 1 993
57 0 0 1 993
58 0 0 1 993
58 0 0 1 993
59 0 0 1 993
59 0 0 1 993
60 0 0 1 993
60 0 0 1 993
61 0 0 1 993
