Time S E I R
0 979.188703647 0 0 0
1 979.188703647 0 0 0
1 967.621603647 11.5671 0 0
2 932.282903647 37.9058 9 0
3 818.896103647 118.2926 35 7
4 491.429203647 315.7595 152 20
5 118.785903647 445.4028 358 57
6 4.930203647 339.2585 522 113
7 0 210.2585 573 196
8 0 110.2585 595 274
9 0 62.2585 562 355
10 0 35.2585 511 433
11 0 22.2585 466 491
12 0 15.2585 425 539
13 0 6.2585 374 599
14 0 4.2585 333 642
15 0 1.2585 292 686
16 0 0.2585 258 721
17 0 0.2585 227 752
18 0 0 198 782
19 0 0 170 810
20 0 0 148 832
21 0 0 136 844
22 0 0 117 863
23 0 0 102 878
24 0 0 86 894
25 0 0 70 910
26 0 0 64 916
27 0 0 50 930
28 0 0 39 941
29 0 0 34 946
30 0 0 30 950
31 0 0 28 952
32 0 0 24 956
33 0 0 17 963
33 0 0 17 963
34 0 0 12 968
35 0 0 11 969
36 0 0 9 971
36 0 0 9 971
37 0 0 9 971
37 0 0 9 971
38 0 0 8 972
38 0 0 8 972
39 0 0 8 972
39 0 0 8 972
40 0 0 8 972
41 0 0 8 972
41 0 0 8 972
42 0 0 7 973
42 0 0 7 973
43 0 0 5 975
44 0 0 4 976
45 0 0 4 976
46 0 0 3 977
46 0 0 3 977
47 0 0 2 978
47 0 0 2 978
48 0 0 1 979
48 0 0 1 979
49 0 0 0 980
49 0 0 0 980
50 0 0 0 980
50 0 0 0 980
51 0 0 0 980
51 0 0 0 980
52 0 0 0 980
52 0 0 0 980
53 0 0 0 980
53 0 0 0 980
54 0 0 0 980
54 0 0 0 980
55 0 0 0 980
55 0 0 0 980
56 0 0 0 980
56 0 0 0 980
57 0 0 0 980
57 0 0 0 980
58 0 0 0 980
58 0 0 0 980
59 0 0 0 980
59 0 0 0 980
60 0 0 0 980
60 0 0 0 980
61 0 0 0 980
