Time S E I R
0 568.072807783 0 0 0
1 568.072807783 0 0 0
1 556.505707783 11.5671 0 0
2 543.167007783 18.9058 6 0
3 525.780207783 28.2926 13 1
4 504.313307783 35.7595 25 3
5 464.670007783 53.4028 43 7
6 421.814307783 69.2585 64 13
7 363.433507783 88.6393 93 23
8 301.159007783 98.9138 131 37
9 240.988607783 106.0842 170 51
10 171.181007783 115.8918 205 76
11 116.215107783 100.8577 248 103
12 81.702107783 93.3707 263 130
13 48.441507783 82.6313 271 166
14 29.199107783 58.8737 274 206
15 16.970607783 44.1022 265 242
16 6.868407783 31.2044 257 273
17 4.768207783 17.3046 246 300
18 3.732107783 10.3407 230 324
19 1.710107783 6.3627 208 352
20 1.690007783 5.3828 178 383
21 1.660007783 4.4128 159 403
22 1.637907783 1.4349 142 423
23 0.607907783 0.4649 129 438
24 0.593807783 0.479 110 457
25 0.581807783 0.491 102 465
26 0 1.491 88 479
27 0 0.491 76 492
28 0 0.491 71 497
29 0 0.491 63 505
30 0 0.491 60 508
31 0 0.491 53 515
32 0 0.491 46 522
33 0 0.491 41 527
34 0 0.491 31 537
35 0 0.491 28 540
36 0 0.491 24 544
37 0 0.491 15 553
38 0 0.491 15 553
39 0 0.491 13 555
40 0 0.491 13 555
40 0 0.491 13 555
41 0 0 13 556
42 0 0 12 557
43 0 0 12 557
44 0 0 9 560
45 0 0 9 560
46 0 0 8 561
46 0 0 8 561
47 0 0 7 562
47 0 0 7 562
48 0 0 7 562
49 0 0 6 563
49 0 0 6 563
50 0 0 5 564
50 0 0 5 564
51 0 0 3 566
51 0 0 3 566
52 0 0 3 566
53 0 0 2 567
54 0 0 1 568
54 0 0 1 568
55 0 0 1 568
55 0 0 1 568
56 0 0 1 568
56 0 0 1 568
57 0 0 1 568
58 0 0 1 568
58 0 0 1 568
59 0 0 1 568
59 0 0 1 568
60 0 0 1 568
60 0 0 1 568
61 0 0 1 568
