Time S E I R
0 546.373157819 0 0 0
1 546.373157819 0 0 0
1 534.806057819 11.5671 0 0
2 521.467357819 20.9058 4 0
3 498.080557819 29.2926 17 2
4 452.613657819 49.7595 38 6
5 397.970357819 68.4028 67 13
6 315.114657819 106.2585 100 25
7 234.733857819 127.6393 140 44
8 142.459357819 152.9138 186 65
9 72.288957819 139.0842 249 86
10 29.481357819 109.8918 282 125
11 12.515457819 75.8577 294 164
12 6.002457819 41.3707 292 207
13 0.741857819 29.6313 268 248
14 0.499457819 11.8737 254 280
15 0 7.8737 223 316
16 0 4.8737 186 356
17 0 2.8737 163 381
18 0 1.8737 151 394
19 0 0.8737 131 415
20 0 0.8737 112 434
21 0 0 98 449
22 0 0 78 469
23 0 0 72 475
24 0 0 61 486
25 0 0 55 492
26 0 0 49 498
27 0 0 45 502
28 0 0 43 504
29 0 0 37 510
30 0 0 31 516
31 0 0 28 519
32 0 0 25 522
33 0 0 19 528
34 0 0 19 528
35 0 0 18 529
36 0 0 16 531
37 0 0 13 534
37 0 0 13 534
38 0 0 12 535
39 0 0 10 537
40 0 0 6 541
40 0 0 6 541
41 0 0 5 542
42 0 0 3 544
42 0 0 3 544
43 0 0 3 544
43 0 0 3 544
44 0 0 3 544
44 0 0 3 544
45 0 0 2 545
45 0 0 2 545
46 0 0 2 545
47 0 0 2 545
47 0 0 2 545
48 0 0 2 545
48 0 0 2 545
49 0 0 2 545
50 0 0 2 545
51 0 0 1 546
51 0 0 1 546
52 0 0 1 546
52 0 0 1 546
53 0 0 1 546
54 0 0 0 547
54 0 0 0 547
55 0 0 0 547
55 0 0 0 547
56 0 0 0 547
56 0 0 0 547
57 0 0 0 547
57 0 0 0 547
58 0 0 0 547
58 0 0 0 547
59 0 0 0 547
59 0 0 0 547
60 0 0 0 547
60 0 0 0 547
61 0 0 0 547
