Time S E I R
0 277.062405455 0 0 0
1 277.062405455 0 0 0
1 265.495305455 11.5671 0 0
2 246.156605455 24.9058 6 0
3 189.769805455 63.2926 22 2
4 108.302905455 97.7595 63 8
5 23.659605455 114.4028 122 17
6 3.659605455 80.4028 160 33
7 0.659605455 48.4028 170 58
8 0.659605455 25.4028 171 80
9 0 15.4028 158 104
10 0 7.4028 151 119
11 0 3.4028 139 135
12 0 3.4028 119 155
13 0 0.4028 114 163
14 0 0.4028 100 177
15 0 0.4028 89 188
16 0 0 76 202
17 0 0 65 213
18 0 0 59 219
19 0 0 55 223
20 0 0 50 228
21 0 0 47 231
22 0 0 35 243
23 0 0 28 250
24 0 0 25 253
25 0 0 24 254
26 0 0 22 256
27 0 0 17 261
28 0 0 16 262
29 0 0 14 264
30 0 0 13 265
31 0 0 12 266
32 0 0 10 268
33 0 0 9 269
34 0 0 9 269
35 0 0 8 270
35 0 0 8 270
36 0 0 7 271
36 0 0 7 271
37 0 0 4 274
38 0 0 4 274
39 0 0 4 274
39 0 0 4 274
40 0 0 4 274
40 0 0 4 274
41 0 0 4 274
41 0 0 4 274
42 0 0 4 274
42 0 0 4 274
43 0 0 4 274
43 0 0 4 274
44 0 0 4 274
44 0 0 4 274
45 0 0 4 274
45 0 0 4 274
46 0 0 2 276
46 0 0 2 276
47 0 0 2 276
47 0 0 2 276
48 0 0 2 276
49 0 0 2 276
49 0 0 2 276
50 0 0 2 276
51 0 0 2 276
52 0 0 2 276
52 0 0 2 276
53 0 0 2 276
53 0 0 2 276
54 0 0 2 276
54 0 0 2 276
55 0 0 2 276
56 0 0 1 277
56 0 0 1 277
57 0 0 1 277
57 0 0 1 277
58 0 0 1 277
58 0 0 1 277
59 0 0 1 277
59 0 0 1 277
60 0 0 1 277
60 0 0 1 277
61 0 0 1 277
