Time S E I R
0 763.548772434 0 0 0
1 763.548772434 0 0 0
1 751.981672434 11.5671 0 0
2 682.642972434 67.9058 12 1
3 399.256172434 274.2926 84 6
4 38.789272434 413.7595 282 29
5 0 279.7595 412 72
6 0 150.7595 472 141
7 0 76.7595 495 192
8 0 37.7595 466 260
9 0 21.7595 433 309
10 0 12.7595 390 361
11 0 6.7595 341 416
12 0 2.7595 313 448
13 0 0.7595 267 496
14 0 0.7595 228 535
15 0 0 205 559
16 0 0 181 583
17 0 0 153 611
18 0 0 138 626
19 0 0 116 648
20 0 0 103 661
21 0 0 92 672
22 0 0 81 683
23 0 0 70 694
24 0 0 65 699
25 0 0 54 710
26 0 0 45 719
27 0 0 41 723
28 0 0 35 729
29 0 0 31 733
30 0 0 28 736
31 0 0 27 737
32 0 0 23 741
33 0 0 20 744
34 0 0 19 745
35 0 0 17 747
36 0 0 16 748
37 0 0 15 749
38 0 0 12 752
39 0 0 12 752
39 0 0 12 752
40 0 0 11 753
40 0 0 11 753
41 0 0 9 755
42 0 0 7 757
43 0 0 6 758
44 0 0 5 759
45 0 0 5 759
45 0 0 5 759
46 0 0 4 760
46 0 0 4 760
47 0 0 2 762
47 0 0 2 762
48 0 0 2 762
49 0 0 2 762
50 0 0 1 763
51 0 0 1 763
51 0 0 1 763
52 0 0 1 763
52 0 0 1 763
53 0 0 1 763
53 0 0 1 763
54 0 0 1 763
54 0 0 1 763
55 0 0 1 763
55 0 0 1 763
56 0 0 1 763
56 0 0 1 763
57 0 0 1 763
57 0 0 1 763
58 0 0 1 763
59 0 0 1 763
59 0 0 1 763
60 0 0 1 763
60 0 0 1 763
61 0 0 1 763
