Time S E I R
0 829.245017571 0 0 0
1 829.245017571 0 0 0
1 817.677917571 11.5671 0 0
2 805.339217571 17.9058 6 0
3 760.952417571 43.2926 21 4
4 674.485517571 94.7595 48 12
5 502.842217571 194.4028 114 18
6 261.986517571 293.2585 225 49
7 80.605717571 295.6393 373 80
8 13.331217571 214.9138 466 135
9 0.160817571 139.0842 499 191
10 0.160817571 86.0842 494 249
11 0 54.0842 465 311
12 0 26.0842 428 376
13 0 13.0842 390 427
14 0 5.0842 356 469
15 0 3.0842 299 528
16 0 1.0842 264 565
17 0 0.0842 226 604
18 0 0.0842 206 624
19 0 0.0842 174 656
20 0 0.0842 151 679
21 0 0.0842 133 697
22 0 0.0842 124 706
23 0 0.0842 111 719
24 0 0.0842 104 726
25 0 0.0842 92 738
26 0 0.0842 86 744
27 0 0.0842 77 753
28 0 0.0842 68 762
29 0 0.0842 56 774
30 0 0.0842 47 783
31 0 0.0842 43 787
32 0 0.0842 38 792
33 0 0.0842 35 795
34 0 0.0842 27 803
35 0 0.0842 22 808
36 0 0.0842 21 809
37 0 0.0842 21 809
38 0 0.0842 17 813
39 0 0.0842 17 813
40 0 0.0842 14 816
41 0 0.0842 13 817
42 0 0.0842 12 818
43 0 0.0842 10 820
44 0 0.0842 9 821
45 0 0.0842 8 822
46 0 0.0842 6 824
47 0 0.0842 6 824
47 0 0.0842 6 824
48 0 0.0842 5 825
48 0 0.0842 5 825
49 0 0.0842 5 825
50 0 0.0842 5 825
51 0 0.0842 5 825
52 0 0.0842 3 827
52 0 0.0842 3 827
53 0 0.0842 3 827
53 0 0.0842 3 827
54 0 0.0842 3 827
54 0 0.0842 3 827
55 0 0.0842 3 827
56 0 0.0842 2 828
56 0 0.0842 2 828
57 0 0.0842 2 828
57 0 0.0842 2 828
58 0 0.0842 2 828
58 0 0.0842 2 828
59 0 0.0842 1 829
59 0 0.0842 1 829
60 0 0.0842 1 829
60 0 0.0842 1 829
61 0 0.0842 1 829
