Time S E I R
0 550.656970273 0 0 0
1 550.656970273 0 0 0
1 539.089870273 11.5671 0 0
2 517.751170273 29.9058 3 0
3 444.364370273 81.2926 24 1
4 260.897470273 195.7595 85 9
5 55.254170273 283.4028 183 29
6 5.254170273 197.4028 287 61
7 0.254170273 116.4028 334 100
8 0.254170273 61.4028 344 145
9 0 34.4028 320 197
10 0 23.4028 298 230
11 0 11.4028 267 273
12 0 7.4028 242 302
13 0 4.4028 216 331
14 0 3.4028 195 353
15 0 1.4028 171 379
16 0 0.4028 151 400
17 0 0.4028 136 415
18 0 0.4028 116 435
19 0 0.4028 101 450
20 0 0.4028 87 464
21 0 0.4028 78 473
22 0 0.4028 63 488
23 0 0 59 493
24 0 0 50 502
25 0 0 47 505
26 0 0 38 514
27 0 0 35 517
28 0 0 29 523
29 0 0 28 524
30 0 0 22 530
31 0 0 21 531
32 0 0 18 534
33 0 0 17 535
34 0 0 16 536
35 0 0 16 536
36 0 0 16 536
37 0 0 14 538
38 0 0 13 539
39 0 0 11 541
39 0 0 11 541
40 0 0 8 544
41 0 0 7 545
42 0 0 7 545
42 0 0 7 545
43 0 0 6 546
44 0 0 6 546
44 0 0 6 546
45 0 0 5 547
46 0 0 5 547
46 0 0 5 547
47 0 0 4 548
48 0 0 4 548
48 0 0 4 548
49 0 0 3 549
49 0 0 3 549
50 0 0 2 550
50 0 0 2 550
51 0 0 2 550
51 0 0 2 550
52 0 0 1 551
52 0 0 1 551
53 0 0 1 551
53 0 0 1 551
54 0 0 1 551
54 0 0 1 551
55 0 0 1 551
55 0 0 1 551
56 0 0 1 551
56 0 0 1 551
57 0 0 1 551
57 0 0 1 551
58 0 0 1 551
58 0 0 1 551
59 0 0 1 551
59 0 0 1 551
60 0 0 1 551
60 0 0 1 551
61 0 0 1 551
