Time S E I R
0 255 0 0 0
1 255 0 0 0
1 243.4329 11.5671 0 0
2 230.0942 19.9058 5 0
3 212.7074 29.2926 12 1
4 195.2405 34.7595 22 3
5 176.5972 29.4028 43 6
6 151.7415 37.2585 53 13
7 120.3607 38.6393 78 18
8 95.0862 38.9138 94 27
9 76.9158 40.0842 103 35
10 58.1082 26.8918 119 51
11 41.1423 28.8577 120 65
12 30.6293 17.3707 123 84
13 23.3687 8.6313 127 96
14 21.1263 6.8737 109 118
15 11.8978 7.1022 107 129
16 9.7956 5.2044 99 141
17 6.6954 2.3046 92 154
18 5.6593 3.3407 77 169
19 4.6373 3.3627 70 177
20 2.6172 1.3828 63 188
21 2.5872 0.4128 57 195
22 2.5651 0.4349 50 202
23 2.5351 0.4649 45 207
24 2.521 0.479 39 213
25 2.509 0.491 33 219
26 1.491 1.509 29 223
27 1.4709 0.5291 21 232
28 1.4569 0.5431 18 235
29 1.4509 0 16 238
30 1.4329 0.018 14 240
31 1.4248 0.0261 13 241
32 1.4148 0.0361 12 242
33 1.4148 0.0361 11 243
33 1.4048 0.0461 11 243
34 1.3928 0.0581 9 245
35 1.3868 0.0641 7 247
36 1.3868 0.0641 6 248
36 1.3727 0.0782 6 248
37 1.3727 0.0782 6 248
37 1.3667 0.0842 6 248
38 1.3667 0.0842 6 248
38 1.3587 0.0922 6 248
39 1.3587 0.0922 5 249
39 1.3447 0.1062 5 249
40 1.3347 0.1162 3 251
41 1.3347 0.1162 2 252
41 1.3267 0.1242 2 252
42 1.3186 0 3 252
43 1.3186 0 3 252
43 1.3106 0.008 3 252
44 1.3046 0.014 3 252
45 1.3046 0.014 3 252
45 1.3026 0.016 3 252
46 1.3026 0.016 3 252
46 1.3006 0.018 3 252
47 1.3006 0.018 3 252
47 1.2886 0.03 3 252
48 1.2886 0.03 2 253
48 1.2886 0.03 2 253
49 1.2886 0.03 2 253
49 1.2846 0.034 2 253
50 1.2846 0.034 1 254
50 1.2786 0.04 1 254
51 1.2786 0.04 0 255
51 1.2786 0.04 0 255
52 1.2786 0.04 0 255
52 1.2705 0.0481 0 255
53 1.2705 0.0481 0 255
53 1.2685 0.0501 0 255
54 1.2685 0.0501 0 255
54 1.2625 0.0561 0 255
55 1.2625 0.0561 0 255
55 1.2565 0.0621 0 255
56 1.2565 0.0621 0 255
56 1.2545 0.0641 0 255
57 1.2525 0 1 255
58 1.2525 0 1 255
58 1.2485 0.004 1 255
59 1.2485 0.004 1 255
59 1.2485 0.004 1 255
60 1.2485 0.004 1 255
60 1.2405 0.012 1 255
61 1.2405 0.012 1 255
