Time S E I R
0 255 0 0 0
1 255 0 0 0
1 243.4329 11.5671 0 0
2 232.0942 19.9058 3 0
3 219.7074 19.2926 15 1
4 208.2405 23.7595 21 2
5 199.5972 23.4028 29 3
6 185.7415 24.2585 37 8
7 175.3607 20.6393 49 10
8 164.0862 18.9138 51 21
9 156.9158 15.0842 54 29
10 152.1082 11.8918 53 38
11 144.1423 11.8577 52 47
12 139.6293 12.3707 49 54
13 134.3687 11.6313 50 59
14 127.1263 15.8737 50 62
15 124.8978 16.1022 45 69
16 121.7956 9.2044 51 73
17 118.6954 8.3046 51 77
18 116.6593 4.3407 52 82
19 111.6373 7.3627 50 86
20 104.6172 11.3828 48 91
21 98.5872 8.4128 49 99
22 95.5651 7.4349 49 103
23 91.5351 5.4649 49 109
24 91.521 4.479 44 115
25 89.509 4.491 38 123
26 87.491 5.509 34 128
27 85.4709 3.5291 35 131
28 84.4569 3.5431 26 141
29 81.4509 3.5491 26 144
30 79.4329 2.5671 29 144
31 76.4248 3.5752 30 145
32 75.4148 3.5852 26 150
33 72.4048 5.5952 24 153
34 70.3928 4.6072 25 155
35 70.3868 3.6132 23 158
36 68.3727 2.6273 23 161
37 66.3667 2.6333 23 163
38 66.3587 1.6413 21 166
39 65.3447 2.6553 17 170
40 64.3347 2.6653 16 172
41 62.3267 3.6733 14 175
42 60.3186 2.6814 16 176
43 60.3106 1.6894 13 180
44 60.3046 0.6954 13 181
45 59.3026 0 13 183
46 58.3006 1.002 10 186
47 57.2886 1.014 10 187
48 56.2886 1.014 9 189
49 56.2886 1.014 8 190
49 56.2846 1.018 8 190
50 56.2786 1.024 8 190
51 56.2786 1.024 8 190
52 56.2705 1.0321 8 190
53 56.2685 1.0341 6 192
54 56.2625 0.0401 6 193
55 55.2565 1.0461 5 194
56 55.2565 1.0461 5 194
56 55.2545 1.0481 5 194
57 55.2525 0.0501 5 195
58 55.2525 0.0501 5 195
58 55.2485 0.0541 5 195
59 55.2485 0.0541 4 196
59 55.2485 0.0541 4 196
60 55.2405 0.0621 4 196
