Time S E I R
0 541.398467174 0 0 0
1 541.398467174 0 0 0
1 529.831367174 11.5671 0 0
2 488.492667174 45.9058 7 0
3 324.105867174 158.2926 56 3
4 60.638967174 270.7595 190 20
5 2.638967174 184.7595 299 55
6 0 109.7595 331 101
7 0 54.7595 335 152
8 0 32.7595 310 199
9 0 21.7595 283 237
10 0 12.7595 258 271
11 0 7.7595 227 307
12 0 6.7595 199 336
13 0 3.7595 179 359
14 0 1.7595 167 373
15 0 1.7595 148 392
16 0 1.7595 131 409
17 0 1.7595 109 431
18 0 1.7595 97 443
19 0 0.7595 87 454
20 0 0 79 463
21 0 0 67 475
22 0 0 62 480
23 0 0 56 486
24 0 0 53 489
25 0 0 48 494
26 0 0 42 500
27 0 0 36 506
28 0 0 31 511
29 0 0 26 516
30 0 0 24 518
31 0 0 22 520
32 0 0 21 521
33 0 0 21 521
34 0 0 19 523
35 0 0 19 523
36 0 0 18 524
37 0 0 15 527
38 0 0 14 528
39 0 0 12 530
40 0 0 12 530
41 0 0 12 530
41 0 0 12 530
42 0 0 12 530
43 0 0 10 532
44 0 0 9 533
45 0 0 8 534
46 0 0 8 534
46 0 0 8 534
47 0 0 6 536
47 0 0 6 536
48 0 0 6 536
48 0 0 6 536
49 0 0 6 536
49 0 0 6 536
50 0 0 5 537
51 0 0 5 537
51 0 0 5 537
52 0 0 3 539
52 0 0 3 539
53 0 0 3 539
54 0 0 3 539
54 0 0 3 539
55 0 0 3 539
55 0 0 3 539
56 0 0 3 539
56 0 0 3 539
57 0 0 3 539
57 0 0 3 539
58 0 0 2 540
58 0 0 2 540
59 0 0 2 540
59 0 0 2 540
60 0 0 2 540
60 0 0 2 540
61 0 0 2 540
