Time S E I R
0 255 0 0 0
1 255 0 0 0
1 243.4329 11.5671 0 0
2 232.0942 17.9058 4 1
3 220.7074 21.2926 11 2
4 210.2405 24.7595 17 3
5 199.5972 25.4028 26 4
6 190.7415 24.2585 33 7
7 183.3607 21.6393 40 10
8 174.0862 19.9138 44 17
9 169.9158 16.0842 46 23
10 165.1082 10.8918 51 28
11 163.1423 6.8577 56 29
12 159.6293 3.3707 60 32
13 152.3687 6.6313 59 37
14 146.1263 9.8737 58 41
15 138.8978 11.1022 54 51
16 131.7956 10.2044 55 58
17 128.6954 8.3046 55 63
18 126.6593 4.3407 56 68
19 123.6373 6.3627 50 75
20 121.6172 5.3828 45 83
21 115.5872 9.4128 43 87
22 114.5651 8.4349 38 94
23 114.5351 3.4649 39 98
24 112.521 3.479 36 103
25 111.509 3.491 34 106
26 110.491 1.509 36 107
27 106.4709 5.5291 34 109
28 105.4569 3.5431 32 114
29 103.4509 3.5491 28 120
30 102.4329 3.5671 25 124
31 101.4248 2.5752 21 130
32 99.4148 1.5852 24 130
33 97.4048 3.5952 22 132
34 95.3928 3.6072 16 140
35 94.3868 2.6132 15 143
36 94.3727 1.6273 13 146
37 93.3667 1.6333 13 147
38 93.3587 0.6413 12 149
39 93.3447 0 12 150
40 93.3447 0 11 151
40 93.3347 0.01 11 151
41 93.3267 0.018 10 152
42 93.3267 -0.982 8 155
42 93.3186 0 8 155
43 93.3106 0.008 7 156
44 93.3046 0.014 7 156
45 93.3026 0.016 7 156
46 93.3026 0.016 7 156
46 93.3006 0.018 7 156
47 93.3006 0.018 5 158
47 93.2886 0.03 5 158
48 93.2886 0 6 158
49 93.2846 0.004 5 159
50 93.2846 0.004 5 159
50 93.2786 0.01 5 159
51 93.2786 0.01 4 160
51 93.2786 0.01 4 160
52 93.2705 0.0181 4 160
53 93.2705 0.0181 2 162
53 93.2685 0.0201 2 162
54 92.2625 1.0261 2 162
55 92.2625 1.0261 2 162
55 92.2565 1.0321 2 162
56 91.2545 2.0341 2 162
57 91.2525 2.0361 1 163
58 91.2525 2.0361 1 163
58 91.2485 2.0401 1 163
59 91.2485 2.0401 1 163
60 91.2405 1.0481 1 164
61 91.2405 1.0481 1 164
