Time S E I R
0 334.685168954 0 0 0
1 334.685168954 0 0 0
1 323.118068954 11.5671 0 0
2 303.779368954 25.9058 5 0
3 260.392568954 51.2926 19 4
4 211.925668954 74.7595 40 8
5 131.282368954 107.4028 80 16
6 67.426668954 107.2585 128 32
7 17.045868954 87.6393 179 51
8 5.045868954 66.6393 186 77
9 1.045868954 35.6393 196 102
10 0.045868954 20.6393 180 134
11 0.045868954 13.6393 161 160
12 0 8.6393 150 177
13 0 3.6393 134 198
14 0 1.6393 118 216
15 0 1.6393 104 230
16 0 0 97 239
17 0 0 82 254
18 0 0 73 263
19 0 0 59 277
20 0 0 56 280
21 0 0 48 288
22 0 0 45 291
23 0 0 40 296
24 0 0 32 304
25 0 0 24 312
26 0 0 22 314
27 0 0 20 316
28 0 0 18 318
29 0 0 18 318
30 0 0 17 319
31 0 0 16 320
32 0 0 14 322
32 0 0 14 322
33 0 0 14 322
34 0 0 11 325
35 0 0 10 326
36 0 0 8 328
37 0 0 6 330
37 0 0 6 330
38 0 0 5 331
39 0 0 5 331
39 0 0 5 331
40 0 0 4 332
40 0 0 4 332
41 0 0 3 333
41 0 0 3 333
42 0 0 2 334
42 0 0 2 334
43 0 0 1 335
43 0 0 1 335
44 0 0 1 335
44 0 0 1 335
45 0 0 1 335
45 0 0 1 335
46 0 0 1 335
46 0 0 1 335
47 0 0 1 335
47 0 0 1 335
48 0 0 0 336
48 0 0 0 336
49 0 0 0 336
49 0 0 0 336
50 0 0 0 336
50 0 0 0 336
51 0 0 0 336
51 0 0 0 336
52 0 0 0 336
52 0 0 0 336
53 0 0 0 336
53 0 0 0 336
54 0 0 0 336
54 0 0 0 336
55 0 0 0 336
55 0 0 0 336
56 0 0 0 336
56 0 0 0 336
57 0 0 0 336
57 0 0 0 336
58 0 0 0 336
58 0 0 0 336
59 0 0 0 336
59 0 0 0 336
60 0 0 0 336
60 0 0 0 336
61 0 0 0 336
