Time S E I R
0 773.177103981 0 0 0
1 773.177103981 0 0 0
1 761.610003981 11.5671 0 0
2 744.271303981 25.9058 3 0
3 617.884503981 114.2926 37 4
4 215.417603981 380.7595 162 15
5 7.417603981 342.7595 371 52
6 0 202.7595 467 104
7 0 106.7595 506 161
8 0 60.7595 487 226
9 0 33.7595 462 278
10 0 17.7595 415 341
11 0 15.7595 373 385
12 0 6.7595 342 425
13 0 2.7595 307 464
14 0 0.7595 271 502
15 0 0.7595 241 532
16 0 0.7595 218 555
17 0 0 192 582
18 0 0 167 607
19 0 0 148 626
20 0 0 131 643
21 0 0 109 665
22 0 0 97 677
23 0 0 82 692
24 0 0 73 701
25 0 0 62 712
26 0 0 53 721
27 0 0 48 726
28 0 0 47 727
29 0 0 40 734
30 0 0 36 738
31 0 0 32 742
32 0 0 26 748
33 0 0 21 753
34 0 0 20 754
35 0 0 15 759
36 0 0 13 761
37 0 0 11 763
37 0 0 11 763
38 0 0 8 766
39 0 0 6 768
40 0 0 6 768
41 0 0 6 768
42 0 0 6 768
42 0 0 6 768
43 0 0 6 768
44 0 0 5 769
44 0 0 5 769
45 0 0 4 770
46 0 0 3 771
47 0 0 3 771
47 0 0 3 771
48 0 0 2 772
48 0 0 2 772
49 0 0 2 772
49 0 0 2 772
50 0 0 2 772
50 0 0 2 772
51 0 0 2 772
51 0 0 2 772
52 0 0 2 772
53 0 0 2 772
54 0 0 2 772
54 0 0 2 772
55 0 0 2 772
56 0 0 2 772
56 0 0 2 772
57 0 0 2 772
57 0 0 2 772
58 0 0 2 772
58 0 0 2 772
59 0 0 2 772
60 0 0 2 772
60 0 0 2 772
