Time S E I R
0 307.217575792 0 0 0
1 307.217575792 0 0 0
1 295.650475792 11.5671 0 0
2 284.311775792 18.9058 3 1
3 258.924975792 33.2926 14 1
4 215.458075792 58.7595 29 4
5 143.814775792 92.4028 59 12
6 78.959075792 92.2585 112 24
7 20.578275792 97.6393 151 38
8 5.303775792 71.9138 163 67
9 1.303775792 36.9138 191 78
10 0.303775792 24.9138 183 99
11 0.303775792 11.9138 177 118
12 0.303775792 3.9138 164 139
13 0.043175792 3.1744 147 157
14 0.043175792 1.1744 132 174
15 0.043175792 0.1744 120 187
16 0.043175792 0.1744 102 205
17 0.043175792 0.1744 94 213
18 0.007075792 0.2105 83 224
19 0.007075792 0 73 235
20 0.007075792 0 62 246
21 0.007075792 0 52 256
22 0.007075792 0 46 262
23 0.007075792 0 40 268
24 0.007075792 0 33 275
25 0.007075792 0 30 278
26 0.007075792 0 27 281
27 0.007075792 0 21 287
28 0.007075792 0 18 290
29 0.001075792 0.006 15 293
30 0.001075792 0.006 14 294
31 0.001075792 0.006 11 297
32 0.001075792 0.006 10 298
33 0.001075792 0.006 10 298
34 0.001075792 0.006 9 299
35 0.001075792 0.006 7 301
36 0.001075792 0.006 6 302
37 0.001075792 0.006 6 302
37 0.001075792 0.006 6 302
38 0.001075792 0.006 6 302
39 0.001075792 0.006 4 304
40 0.001075792 0.006 3 305
40 0.001075792 0.006 3 305
41 0.001075792 0.006 3 305
41 0.001075792 0.006 3 305
42 0.001075792 0.006 2 306
42 0.001075792 0.006 2 306
43 0.001075792 0.006 2 306
44 0.001075792 0.006 2 306
44 0.001075792 0.006 2 306
45 0.001075792 0.006 2 306
46 0.001075792 0.006 1 307
47 0.001075792 0.006 1 307
47 0.001075792 0.006 1 307
48 0.001075792 0.006 1 307
48 0.001075792 0.006 1 307
49 0.001075792 0.006 0 308
49 0.001075792 0.006 0 308
50 0.001075792 0.006 0 308
50 0.001075792 0.006 0 308
51 0.001075792 0.006 0 308
51 0.001075792 0.006 0 308
52 0.001075792 0.006 0 308
52 0.001075792 0.006 0 308
53 0.001075792 0.006 0 308
53 0.001075792 0.006 0 308
54 0.001075792 0.006 0 308
54 0.001075792 0.006 0 308
55 0.001075792 0.006 0 308
55 0.001075792 0.006 0 308
56 0.001075792 0.006 0 308
56 0.001075792 0.006 0 308
57 0.001075792 0.006 0 308
57 0.001075792 0.006 0 308
58 0.001075792 0.006 0 308
58 0.001075792 0.006 0 308
59 0.001075792 0.006 0 308
59 0.001075792 0.006 0 308
60 0.001075792 0.006 0 308
60 0.001075792 0.006 0 308
61 0.001075792 0.006 0 308
