Time S E I R
0 533.835425955 0 0 0
1 533.835425955 0 0 0
1 522.268325955 11.5671 0 0
2 504.929625955 25.9058 2 1
3 459.542825955 56.2926 16 2
4 319.075925955 141.7595 68 5
5 95.432625955 235.4028 186 17
6 0.576925955 203.2585 279 51
7 0 115.2585 322 97
8 0 64.2585 326 144
9 0 33.2585 321 180
10 0 21.2585 298 215
11 0 14.2585 261 259
12 0 10.2585 237 287
13 0 4.2585 209 321
14 0 1.2585 193 340
15 0 0.2585 169 365
16 0 0.2585 144 390
17 0 0.2585 124 410
18 0 0.2585 106 428
19 0 0.2585 92 442
20 0 0.2585 83 451
21 0 0 77 458
22 0 0 71 464
23 0 0 62 473
24 0 0 58 477
25 0 0 54 481
26 0 0 49 486
27 0 0 42 493
28 0 0 36 499
29 0 0 30 505
30 0 0 27 508
31 0 0 27 508
32 0 0 26 509
33 0 0 22 513
34 0 0 22 513
35 0 0 21 514
36 0 0 20 515
37 0 0 18 517
38 0 0 17 518
38 0 0 17 518
39 0 0 16 519
40 0 0 14 521
41 0 0 12 523
42 0 0 11 524
42 0 0 11 524
43 0 0 8 527
44 0 0 7 528
45 0 0 7 528
46 0 0 6 529
46 0 0 6 529
47 0 0 6 529
48 0 0 5 530
49 0 0 3 532
49 0 0 3 532
50 0 0 3 532
50 0 0 3 532
51 0 0 2 533
51 0 0 2 533
52 0 0 1 534
52 0 0 1 534
53 0 0 1 534
53 0 0 1 534
54 0 0 1 534
54 0 0 1 534
55 0 0 1 534
56 0 0 1 534
57 0 0 1 534
58 0 0 1 534
58 0 0 1 534
59 0 0 1 534
59 0 0 1 534
60 0 0 1 534
60 0 0 1 534
61 0 0 1 534
