Time S E I R
0 738.502033142 0 0 0
1 738.502033142 0 0 0
1 726.934933142 11.5671 0 0
2 695.596233142 34.9058 8 0
3 562.209433142 138.2926 37 1
4 179.742533142 368.7595 178 12
5 6.742533142 320.7595 362 49
6 0 172.7595 465 101
7 0 104.7595 485 149
8 0 52.7595 470 216
9 0 26.7595 448 264
10 0 16.7595 415 307
11 0 8.7595 380 350
12 0 7.7595 342 389
13 0 4.7595 303 431
14 0 3.7595 266 469
15 0 2.7595 233 503
16 0 0.7595 203 535
17 0 0.7595 175 563
18 0 0 161 578
19 0 0 144 595
20 0 0 133 606
21 0 0 114 625
22 0 0 97 642
23 0 0 84 655
24 0 0 72 667
25 0 0 69 670
26 0 0 65 674
27 0 0 59 680
28 0 0 51 688
29 0 0 44 695
30 0 0 40 699
31 0 0 34 705
32 0 0 32 707
33 0 0 27 712
34 0 0 25 714
35 0 0 21 718
36 0 0 16 723
37 0 0 13 726
38 0 0 12 727
39 0 0 11 728
40 0 0 10 729
40 0 0 10 729
41 0 0 9 730
42 0 0 7 732
43 0 0 5 734
43 0 0 5 734
44 0 0 3 736
45 0 0 2 737
45 0 0 2 737
46 0 0 2 737
46 0 0 2 737
47 0 0 2 737
47 0 0 2 737
48 0 0 2 737
48 0 0 2 737
49 0 0 2 737
49 0 0 2 737
50 0 0 1 738
50 0 0 1 738
51 0 0 1 738
51 0 0 1 738
52 0 0 1 738
52 0 0 1 738
53 0 0 1 738
53 0 0 1 738
54 0 0 1 738
54 0 0 1 738
55 0 0 1 738
55 0 0 1 738
56 0 0 1 738
56 0 0 1 738
57 0 0 1 738
57 0 0 1 738
58 0 0 1 738
58 0 0 1 738
59 0 0 1 738
59 0 0 1 738
60 0 0 1 738
60 0 0 1 738
61 0 0 1 738
