Time S E I R
0 632.758849686 0 0 0
1 632.758849686 0 0 0
1 621.191749686 11.5671 0 0
2 609.853049686 19.9058 2 1
3 598.466249686 26.2926 5 3
4 586.999349686 28.7595 11 6
5 572.356049686 30.4028 22 8
6 560.500349686 32.2585 31 9
7 541.119549686 34.6393 42 15
8 516.845049686 40.9138 48 27
9 495.674649686 37.0842 65 35
10 460.867049686 41.8918 84 46
11 435.901149686 40.8577 99 57
12 407.388149686 42.3707 113 70
13 374.127549686 41.6313 134 83
14 336.885149686 53.8737 142 100
15 307.656649686 60.1022 143 122
16 273.554449686 60.2044 154 145
17 243.454249686 54.3046 171 164
18 210.418149686 53.3407 180 189
19 187.396149686 47.3627 181 217
20 161.376049686 48.3828 181 242
21 146.346049686 41.4128 182 263
22 122.323949686 39.4349 192 279
23 104.293949686 30.4649 193 305
24 97.279849686 24.479 176 335
25 86.267849686 20.491 167 359
26 76.249849686 15.509 162 379
27 66.229749686 16.5291 149 401
28 61.215749686 8.5431 139 424
29 56.209749686 6.5491 129 441
30 55.191749686 3.5671 114 460
31 51.183649686 5.5752 104 472
32 47.173649686 5.5852 97 483
33 43.163649686 6.5952 89 494
34 41.151649686 5.6072 80 506
35 40.145649686 2.6132 74 516
36 36.131549686 3.6273 70 523
37 35.125549686 3.6333 59 535
38 34.117549686 2.6413 59 537
39 32.103549686 2.6553 50 548
40 30.093549686 3.6653 44 555
41 30.085549686 0.6733 40 562
42 29.077449686 1.6814 35 567
43 29.069449686 1.6894 33 569
44 29.063449686 1.6954 33 569
45 29.061449686 0.6974 33 570
46 28.059449686 1.6994 28 575
47 27.047449686 0 25 581
48 27.047449686 0 23 583
49 26.043449686 0.004 19 588
50 25.037449686 0.01 17 591
51 25.037449686 0.01 15 593
52 24.029349686 1.0181 13 595
53 24.027349686 0.0201 13 596
54 24.021349686 0.0261 12 597
55 22.015349686 1.0321 13 597
56 22.013349686 1.0341 12 598
57 22.011349686 0.0361 13 598
58 22.007349686 0.0401 12 599
59 22.007349686 0.0401 10 601
60 21.999349686 0.0481 9 602
