Time S E I R
0 888.839752631 0 0 0
1 888.839752631 0 0 0
1 877.272652631 11.5671 0 0
2 856.933952631 27.9058 4 0
3 805.547152631 61.2926 18 4
4 704.080252631 112.7595 64 8
5 476.436952631 239.4028 139 34
6 216.581252631 341.2585 281 50
7 56.200452631 322.6393 408 102
8 10.925952631 202.9138 506 169
9 1.925952631 118.9138 527 241
10 0.925952631 61.9138 532 294
11 0 33.9138 495 360
12 0 17.9138 444 427
13 0 14.9138 404 470
14 0 9.9138 365 514
15 0 4.9138 330 554
16 0 1.9138 287 600
17 0 0.9138 245 643
18 0 0.9138 219 669
19 0 0 192 697
20 0 0 169 720
21 0 0 144 745
22 0 0 133 756
23 0 0 120 769
24 0 0 107 782
25 0 0 96 793
26 0 0 83 806
27 0 0 77 812
28 0 0 60 829
29 0 0 53 836
30 0 0 45 844
31 0 0 40 849
32 0 0 38 851
33 0 0 30 859
34 0 0 27 862
35 0 0 25 864
36 0 0 22 867
37 0 0 16 873
38 0 0 14 875
39 0 0 14 875
40 0 0 12 877
41 0 0 12 877
42 0 0 10 879
43 0 0 9 880
44 0 0 9 880
45 0 0 8 881
45 0 0 8 881
46 0 0 7 882
47 0 0 6 883
47 0 0 6 883
48 0 0 6 883
49 0 0 5 884
49 0 0 5 884
50 0 0 3 886
51 0 0 2 887
51 0 0 2 887
52 0 0 2 887
52 0 0 2 887
53 0 0 2 887
53 0 0 2 887
54 0 0 2 887
54 0 0 2 887
55 0 0 2 887
55 0 0 2 887
56 0 0 2 887
56 0 0 2 887
57 0 0 2 887
57 0 0 2 887
58 0 0 2 887
58 0 0 2 887
59 0 0 2 887
59 0 0 2 887
60 0 0 2 887
60 0 0 2 887
61 0 0 2 887
