Time S E I R
0 505.911424279 0 0 0
1 505.911424279 0 0 0
1 494.344324279 11.5671 0 0
2 465.005624279 30.9058 9 1
3 383.618824279 79.2926 35 8
4 206.151924279 179.7595 107 13
5 38.508624279 226.4028 213 28
6 0 150.4028 290 66
7 0 95.4028 310 101
8 0 44.4028 308 154
9 0 19.4028 297 190
10 0 9.4028 272 225
11 0 7.4028 236 263
12 0 5.4028 207 294
13 0 3.4028 178 325
14 0 2.4028 160 344
15 0 2.4028 141 363
16 0 1.4028 115 390
17 0 0.4028 98 408
18 0 0.4028 84 422
19 0 0 71 436
20 0 0 66 441
21 0 0 56 451
22 0 0 49 458
23 0 0 43 464
24 0 0 41 466
25 0 0 36 471
26 0 0 31 476
27 0 0 27 480
28 0 0 25 482
29 0 0 21 486
30 0 0 18 489
31 0 0 15 492
32 0 0 13 494
33 0 0 12 495
34 0 0 12 495
35 0 0 12 495
36 0 0 11 496
36 0 0 11 496
37 0 0 8 499
37 0 0 8 499
38 0 0 7 500
39 0 0 7 500
39 0 0 7 500
40 0 0 4 503
40 0 0 4 503
41 0 0 4 503
41 0 0 4 503
42 0 0 4 503
42 0 0 4 503
43 0 0 4 503
43 0 0 4 503
44 0 0 4 503
44 0 0 4 503
45 0 0 4 503
46 0 0 4 503
47 0 0 4 503
47 0 0 4 503
48 0 0 4 503
48 0 0 4 503
49 0 0 4 503
49 0 0 4 503
50 0 0 3 504
51 0 0 3 504
52 0 0 1 506
52 0 0 1 506
53 0 0 1 506
53 0 0 1 506
54 0 0 1 506
54 0 0 1 506
55 0 0 1 506
55 0 0 1 506
56 0 0 1 506
56 0 0 1 506
57 0 0 1 506
57 0 0 1 506
58 0 0 1 506
58 0 0 1 506
59 0 0 1 506
59 0 0 1 506
60 0 0 1 506
60 0 0 1 506
61 0 0 1 506
