Time S E I R
0 460.724487489 0 0 0
1 460.724487489 0 0 0
1 449.157387489 11.5671 0 0
2 421.818687489 30.9058 8 0
3 330.431887489 91.2926 37 2
4 160.964987489 182.7595 107 10
5 32.321687489 203.4028 191 34
6 1.321687489 131.4028 260 68
7 0.321687489 75.4028 279 106
8 0.321687489 44.4028 273 143
9 0 27.4028 261 173
10 0 13.4028 241 207
11 0 10.4028 214 237
12 0 5.4028 190 266
13 0 3.4028 163 295
14 0 3.4028 148 310
15 0 1.4028 132 328
16 0 0.4028 120 341
17 0 0.4028 108 353
18 0 0.4028 97 364
19 0 0.4028 83 378
20 0 0 73 389
21 0 0 70 392
22 0 0 55 407
23 0 0 49 413
24 0 0 45 417
25 0 0 42 420
26 0 0 38 424
27 0 0 34 428
28 0 0 29 433
29 0 0 26 436
30 0 0 21 441
31 0 0 19 443
32 0 0 14 448
33 0 0 12 450
34 0 0 10 452
35 0 0 8 454
36 0 0 6 456
37 0 0 6 456
38 0 0 5 457
39 0 0 5 457
39 0 0 5 457
40 0 0 3 459
41 0 0 3 459
41 0 0 3 459
42 0 0 3 459
42 0 0 3 459
43 0 0 3 459
43 0 0 3 459
44 0 0 3 459
45 0 0 3 459
45 0 0 3 459
46 0 0 3 459
46 0 0 3 459
47 0 0 3 459
47 0 0 3 459
48 0 0 3 459
48 0 0 3 459
49 0 0 3 459
50 0 0 2 460
51 0 0 2 460
51 0 0 2 460
52 0 0 2 460
52 0 0 2 460
53 0 0 2 460
54 0 0 2 460
55 0 0 2 460
55 0 0 2 460
56 0 0 1 461
56 0 0 1 461
57 0 0 1 461
58 0 0 1 461
58 0 0 1 461
59 0 0 1 461
59 0 0 1 461
60 0 0 1 461
60 0 0 1 461
61 0 0 1 461
