Time S E I R
0 582.403201784 0 0 0
1 582.403201784 0 0 0
1 570.836101784 11.5671 0 0
2 539.497401784 35.9058 4 3
3 453.110601784 87.2926 37 5
4 247.643701784 204.7595 118 12
5 59.000401784 246.4028 248 29
6 2.000401784 180.4028 341 59
7 0.000401784 101.4028 377 104
8 0.000401784 57.4028 376 149
9 0.000401784 26.4028 353 203
10 0.000401784 13.4028 323 246
11 0.000401784 10.4028 279 293
12 0.000401784 5.4028 250 327
13 0.000401784 4.4028 223 355
14 0.000401784 2.4028 194 386
15 0.000401784 1.4028 168 413
16 0.000401784 0.4028 146 436
17 0.000401784 0.4028 126 456
18 0 0.4028 108 475
19 0 0.4028 91 492
20 0 0 84 500
21 0 0 74 510
22 0 0 59 525
23 0 0 50 534
24 0 0 46 538
25 0 0 43 541
26 0 0 36 548
27 0 0 30 554
28 0 0 29 555
29 0 0 26 558
30 0 0 25 559
31 0 0 22 562
32 0 0 21 563
33 0 0 18 566
34 0 0 17 567
35 0 0 16 568
36 0 0 13 571
37 0 0 12 572
37 0 0 12 572
38 0 0 11 573
39 0 0 11 573
40 0 0 11 573
41 0 0 10 574
42 0 0 10 574
43 0 0 8 576
44 0 0 6 578
44 0 0 6 578
45 0 0 5 579
46 0 0 4 580
47 0 0 4 580
47 0 0 4 580
48 0 0 4 580
49 0 0 4 580
49 0 0 4 580
50 0 0 3 581
50 0 0 3 581
51 0 0 3 581
52 0 0 3 581
52 0 0 3 581
53 0 0 3 581
53 0 0 3 581
54 0 0 2 582
54 0 0 2 582
55 0 0 1 583
55 0 0 1 583
56 0 0 1 583
56 0 0 1 583
57 0 0 1 583
58 0 0 1 583
58 0 0 1 583
59 0 0 1 583
59 0 0 1 583
60 0 0 1 583
60 0 0 1 583
61 0 0 1 583
