Time S E I R
0 255 0 0 0
1 255 0 0 0
1 243.4329 11.5671 0 0
2 231.0942 18.9058 5 0
3 215.7074 28.2926 10 1
4 197.2405 40.7595 13 4
5 181.5972 28.4028 38 7
6 150.7415 39.2585 50 15
7 128.3607 38.6393 60 28
8 108.0862 35.9138 72 39
9 86.9158 32.0842 82 54
10 69.1082 27.8918 93 65
11 51.1423 31.8577 96 76
12 40.6293 24.3707 102 88
13 31.3687 18.6313 106 99
14 22.1263 15.8737 104 113
15 18.8978 14.1022 99 123
16 14.7956 8.2044 94 138
17 13.6954 7.3046 89 145
18 9.6593 6.3407 85 154
19 7.6373 5.3627 78 164
20 6.6172 2.3828 70 176
21 5.5872 2.4128 60 187
22 5.5651 1.4349 54 194
23 5.5351 0 52 198
24 5.521 0.0141 45 205
25 5.509 0.0261 38 212
26 5.491 0.0441 33 217
27 5.4709 0.0642 32 218
28 5.4569 0.0782 29 221
29 5.4509 0.0842 26 224
30 4.4329 1.1022 22 228
31 4.4248 1.1103 22 228
32 4.4248 1.1103 19 231
32 4.4148 1.1203 19 231
33 4.4048 0.1303 20 231
34 4.3928 0.1423 18 233
35 3.3868 0.1483 17 235
36 2.3727 1.1624 16 236
37 2.3667 0.1684 15 238
38 2.3667 0.1684 13 240
38 2.3587 0.1764 13 240
39 2.3447 0.1904 10 243
40 2.3447 0.1904 10 243
40 2.3347 0.2004 10 243
41 2.3347 0.2004 9 244
41 2.3267 0.2084 9 244
42 2.3186 0.2165 8 245
43 2.3186 0.2165 7 246
43 2.3106 0.2245 7 246
44 2.3046 0.2305 6 247
45 2.3046 0.2305 5 248
45 2.3026 0.2325 5 248
46 2.3006 0 6 248
47 2.3006 0 5 249
47 2.2886 0.012 5 249
48 2.2886 0.012 5 249
49 2.2886 0.012 4 250
49 2.2846 0.016 4 250
50 2.2846 0.016 3 251
50 2.2786 0.022 3 251
51 2.2786 0.022 3 251
51 2.2786 0.022 3 251
52 2.2705 0.0301 3 251
53 2.2705 0.0301 3 251
53 2.2685 0.0321 3 251
54 2.2685 0.0321 2 252
54 2.2625 0.0381 2 252
55 2.2625 0.0381 2 252
55 2.2565 0.0441 2 252
56 2.2565 0.0441 2 252
56 2.2545 0.0461 2 252
57 2.2545 0.0461 2 252
57 2.2525 0.0481 2 252
58 2.2485 0.0521 2 252
59 2.2485 0.0521 2 252
60 2.2405 0.0601 2 252
61 2.2405 0.0601 2 252
