Time S E I R
0 469.968917873 0 0 0
1 469.968917873 0 0 0
1 458.401817873 11.5671 0 0
2 444.063117873 21.9058 4 0
3 400.676317873 53.2926 15 1
4 327.209417873 99.7595 38 5
5 209.566117873 157.4028 90 13
6 67.710417873 196.2585 176 30
7 15.329617873 145.6393 250 59
8 4.329617873 96.6393 273 96
9 1.329617873 55.6393 274 139
10 0 25.6393 273 172
11 0 12.6393 254 204
12 0 6.6393 226 238
13 0 5.6393 202 263
14 0 3.6393 176 291
15 0 2.6393 156 312
16 0 1.6393 135 334
17 0 0.6393 125 345
18 0 0.6393 106 364
19 0 0.6393 93 377
20 0 0.6393 82 388
21 0 0.6393 73 397
22 0 0.6393 63 407
23 0 0.6393 56 414
24 0 0.6393 50 420
25 0 0 48 423
26 0 0 45 426
27 0 0 38 433
28 0 0 33 438
29 0 0 29 442
30 0 0 27 444
31 0 0 26 445
32 0 0 23 448
33 0 0 21 450
34 0 0 20 451
34 0 0 20 451
35 0 0 16 455
36 0 0 15 456
36 0 0 15 456
37 0 0 15 456
38 0 0 14 457
39 0 0 10 461
40 0 0 9 462
41 0 0 9 462
41 0 0 9 462
42 0 0 8 463
43 0 0 4 467
43 0 0 4 467
44 0 0 3 468
45 0 0 3 468
45 0 0 3 468
46 0 0 2 469
47 0 0 2 469
47 0 0 2 469
48 0 0 2 469
49 0 0 2 469
49 0 0 2 469
50 0 0 2 469
50 0 0 2 469
51 0 0 2 469
51 0 0 2 469
52 0 0 2 469
52 0 0 2 469
53 0 0 2 469
53 0 0 2 469
54 0 0 2 469
54 0 0 2 469
55 0 0 2 469
56 0 0 2 469
56 0 0 2 469
57 0 0 2 469
58 0 0 2 469
59 0 0 2 469
59 0 0 2 469
60 0 0 2 469
60 0 0 2 469
61 0 0 2 469
