Time S E I R
0 694.011085855 0 0 0
1 694.011085855 0 0 0
1 682.443985855 11.5671 0 0
2 628.105285855 52.9058 13 0
3 371.718485855 241.2926 78 3
4 40.251585855 380.7595 250 23
5 1.251585855 220.7595 392 80
6 0 135.7595 432 127
7 0 91.7595 420 183
8 0 63.7595 391 240
9 0 38.7595 370 286
10 0 25.7595 333 336
11 0 14.7595 308 372
12 0 2.7595 281 411
13 0 1.7595 249 444
14 0 0.7595 221 473
15 0 0.7595 189 505
16 0 0.7595 162 532
17 0 0 132 563
18 0 0 117 578
19 0 0 100 595
20 0 0 89 606
21 0 0 74 621
22 0 0 68 627
23 0 0 62 633
24 0 0 49 646
25 0 0 45 650
26 0 0 38 657
27 0 0 31 664
28 0 0 28 667
29 0 0 26 669
29 0 0 26 669
30 0 0 21 674
31 0 0 19 676
32 0 0 16 679
32 0 0 16 679
33 0 0 14 681
34 0 0 12 683
35 0 0 11 684
35 0 0 11 684
36 0 0 10 685
37 0 0 8 687
38 0 0 7 688
39 0 0 7 688
40 0 0 6 689
41 0 0 5 690
41 0 0 5 690
42 0 0 5 690
42 0 0 5 690
43 0 0 4 691
43 0 0 4 691
44 0 0 2 693
44 0 0 2 693
45 0 0 2 693
45 0 0 2 693
46 0 0 1 694
46 0 0 1 694
47 0 0 1 694
47 0 0 1 694
48 0 0 1 694
48 0 0 1 694
49 0 0 0 695
49 0 0 0 695
50 0 0 0 695
50 0 0 0 695
51 0 0 0 695
51 0 0 0 695
52 0 0 0 695
52 0 0 0 695
53 0 0 0 695
53 0 0 0 695
54 0 0 0 695
54 0 0 0 695
55 0 0 0 695
55 0 0 0 695
56 0 0 0 695
56 0 0 0 695
57 0 0 0 695
57 0 0 0 695
58 0 0 0 695
58 0 0 0 695
59 0 0 0 695
59 0 0 0 695
60 0 0 0 695
60 0 0 0 695
61 0 0 0 695
