Time S E I R
0 255 0 0 0
1 255 0 0 0
1 243.4329 11.5671 0 0
2 232.0942 18.9058 4 0
3 220.7074 21.2926 12 1
4 205.2405 25.7595 23 1
5 188.5972 27.4028 36 3
6 166.7415 31.2585 46 11
7 140.3607 40.6393 57 17
8 119.0862 38.9138 71 26
9 100.9158 34.0842 85 35
10 83.1082 30.8918 94 47
11 67.1423 32.8577 97 58
12 54.6293 31.3707 94 75
13 42.3687 29.6313 94 89
14 34.1263 22.8737 95 103
15 26.8978 18.1022 90 120
16 22.7956 11.2044 86 135
17 16.6954 11.3046 84 143
18 12.6593 10.3407 82 150
19 10.6373 7.3627 78 159
20 9.6172 5.3828 69 171
21 8.5872 2.4128 64 180
22 5.5651 4.4349 58 187
23 4.5351 3.4649 52 195
24 4.521 0.479 49 201
25 4.509 0.491 45 205
26 3.491 1.509 37 213
27 3.4709 0.5291 32 219
28 3.4569 0.5431 26 225
29 3.4509 0.5491 23 228
30 3.4329 0 19 233
31 3.4248 0.0081 17 235
32 3.4248 0.0081 14 238
32 3.4148 0.0181 14 238
33 3.4048 0.0281 14 238
34 3.3928 0.0401 11 241
35 3.3868 0.0461 11 241
36 3.3868 0.0461 11 241
36 3.3727 0.0602 11 241
37 3.3667 0.0662 9 243
38 3.3587 0.0742 8 244
39 3.3447 0.0882 8 244
40 3.3347 0.0982 7 245
41 3.3267 0.1062 6 246
42 3.3186 0.1143 6 246
43 3.3106 0.1223 5 247
44 3.3106 0.1223 4 248
44 3.3046 0.1283 4 248
45 3.3026 0.1303 4 248
46 3.3026 0.1303 4 248
46 3.3006 0.1323 4 248
47 3.3006 0.1323 4 248
47 3.2886 0.1443 4 248
48 3.2886 0.1443 3 249
48 3.2886 0.1443 3 249
49 3.2886 0.1443 3 249
49 3.2846 0.1483 3 249
50 3.2846 0.1483 3 249
50 3.2786 0.1543 3 249
51 3.2786 0.1543 3 249
51 3.2786 0.1543 3 249
52 3.2786 0.1543 2 250
52 3.2705 0.1624 2 250
53 3.2705 0.1624 1 251
53 3.2685 0.1644 1 251
54 3.2685 0.1644 1 251
54 3.2625 0.1704 1 251
55 3.2625 0.1704 1 251
55 3.2565 0.1764 1 251
56 3.2565 0.1764 1 251
56 3.2545 0.1784 1 251
57 3.2525 0.1804 1 251
58 3.2525 0.1804 1 251
58 3.2485 0.1844 1 251
59 3.2485 0.1844 1 251
60 3.2485 0.1844 1 251
60 3.2405 0.1924 1 251
61 3.2405 0.1924 1 251
