Time S E I R
0 848.507711829 0 0 0
1 848.507711829 0 0 0
1 836.940611829 11.5671 0 0
2 815.601911829 27.9058 4 1
3 759.215111829 69.2926 18 2
4 617.748211829 155.7595 65 10
5 325.104911829 316.4028 180 27
6 74.249211829 348.2585 356 70
7 1.868411829 240.6393 485 121
8 0 130.6393 531 187
9 0 75.6393 513 260
10 0 44.6393 489 315
11 0 28.6393 436 384
12 0 16.6393 394 438
13 0 11.6393 350 487
14 0 5.6393 301 542
15 0 3.6393 259 586
16 0 1.6393 224 623
17 0 0.6393 194 654
18 0 0.6393 169 679
19 0 0 149 700
20 0 0 135 714
21 0 0 116 733
22 0 0 107 742
23 0 0 92 757
24 0 0 84 765
25 0 0 74 775
26 0 0 70 779
27 0 0 59 790
28 0 0 48 801
29 0 0 44 805
30 0 0 38 811
31 0 0 30 819
32 0 0 25 824
33 0 0 19 830
34 0 0 16 833
35 0 0 14 835
35 0 0 14 835
36 0 0 11 838
37 0 0 10 839
38 0 0 7 842
38 0 0 7 842
39 0 0 6 843
40 0 0 6 843
40 0 0 6 843
41 0 0 5 844
42 0 0 5 844
42 0 0 5 844
43 0 0 5 844
44 0 0 5 844
45 0 0 5 844
46 0 0 5 844
46 0 0 5 844
47 0 0 5 844
47 0 0 5 844
48 0 0 3 846
48 0 0 3 846
49 0 0 3 846
50 0 0 3 846
50 0 0 3 846
51 0 0 3 846
51 0 0 3 846
52 0 0 3 846
52 0 0 3 846
53 0 0 3 846
53 0 0 3 846
54 0 0 3 846
54 0 0 3 846
55 0 0 2 847
55 0 0 2 847
56 0 0 2 847
56 0 0 2 847
57 0 0 2 847
57 0 0 2 847
58 0 0 2 847
59 0 0 2 847
59 0 0 2 847
60 0 0 2 847
60 0 0 2 847
