Time S E I R
0 255 0 0 0
1 255 0 0 0
1 243.4329 11.5671 0 0
2 232.0942 18.9058 4 0
3 220.7074 21.2926 11 2
4 211.2405 23.7595 16 4
5 200.5972 20.4028 25 9
6 191.7415 17.2585 33 13
7 184.3607 13.6393 41 16
8 179.0862 15.9138 42 18
9 173.9158 15.0842 43 23
10 169.1082 9.8918 47 29
11 166.1423 6.8577 50 32
12 163.6293 7.3707 49 35
13 161.3687 4.6313 49 40
14 160.1263 3.8737 46 45
15 158.8978 5.1022 41 50
16 157.7956 4.2044 36 57
17 154.6954 5.3046 33 62
18 153.6593 6.3407 26 69
19 150.6373 3.3627 29 72
20 149.6172 3.3828 26 76
21 149.5872 2.4128 27 76
22 148.5651 2.4349 25 79
23 148.5351 0 24 83
24 147.521 1.0141 18 89
25 146.509 2.0261 14 93
26 144.491 2.0441 13 96
27 142.4709 2.0642 14 97
28 141.4569 1.0782 13 100
29 140.4509 1.0842 13 101
30 140.4329 0.1022 12 103
31 139.4248 1.1103 12 103
32 139.4148 1.1203 11 104
33 138.4048 2.1303 8 107
34 137.4048 1.1303 9 108
34 137.3928 1.1423 9 108
35 137.3868 0.1483 9 109
36 137.3868 0.1483 6 112
36 137.3727 0.1624 6 112
37 137.3667 0.1684 5 113
38 136.3667 0.1684 6 113
38 136.3587 0.1764 6 113
39 135.3587 0.1764 7 113
39 135.3447 0.1904 7 113
40 135.3447 0.1904 7 113
40 135.3347 0.2004 7 113
41 134.3267 1.2084 6 114
42 134.3186 0.2165 6 115
43 134.3106 0.2245 3 118
44 134.3106 0.2245 2 119
44 134.3046 0.2305 2 119
45 134.3026 0 3 119
46 134.3006 0.002 3 119
47 134.3006 0.002 2 120
47 134.2886 0.014 2 120
48 134.2886 0.014 2 120
48 134.2886 0.014 2 120
49 134.2886 0.014 1 121
49 134.2846 0.018 1 121
50 134.2846 0.018 1 121
50 134.2786 0.024 1 121
51 134.2786 0.024 1 121
51 134.2786 0.024 1 121
52 134.2705 0.0321 1 121
53 134.2705 0.0321 1 121
53 134.2685 0.0341 1 121
54 134.2685 0.0341 1 121
54 134.2625 0.0401 1 121
55 133.2565 1.0461 1 121
56 133.2545 1.0481 1 121
57 133.2525 1.0501 1 121
58 133.2525 1.0501 1 121
58 133.2485 1.0541 1 121
59 133.2485 0.0541 2 121
60 133.2485 0.0541 0 123
60 133.2405 0.0621 0 123
61 133.2405 0.0621 0 123
