Time S E I R
0 673.332476487 0 0 0
1 673.332476487 0 0 0
1 661.765376487 11.5671 0 0
2 644.426676487 23.9058 4 1
3 520.039876487 110.2926 40 3
4 178.572976487 339.7595 142 13
5 10.929676487 324.4028 296 42
6 0 186.4028 399 88
7 0 92.4028 437 144
8 0 51.4028 432 190
9 0 31.4028 398 244
10 0 21.4028 368 284
11 0 11.4028 335 327
12 0 3.4028 294 376
13 0 0.4028 260 413
14 0 0 228 446
15 0 0 202 472
16 0 0 173 501
17 0 0 157 517
18 0 0 142 532
19 0 0 135 539
20 0 0 122 552
21 0 0 111 563
22 0 0 96 578
23 0 0 82 592
24 0 0 69 605
25 0 0 60 614
26 0 0 48 626
27 0 0 42 632
28 0 0 37 637
29 0 0 30 644
30 0 0 27 647
31 0 0 23 651
32 0 0 21 653
33 0 0 19 655
34 0 0 16 658
34 0 0 16 658
35 0 0 14 660
36 0 0 13 661
37 0 0 12 662
38 0 0 9 665
38 0 0 9 665
39 0 0 9 665
40 0 0 7 667
41 0 0 6 668
41 0 0 6 668
42 0 0 5 669
43 0 0 5 669
44 0 0 4 670
44 0 0 4 670
45 0 0 4 670
46 0 0 2 672
46 0 0 2 672
47 0 0 2 672
47 0 0 2 672
48 0 0 2 672
48 0 0 2 672
49 0 0 2 672
49 0 0 2 672
50 0 0 2 672
51 0 0 2 672
52 0 0 2 672
53 0 0 2 672
53 0 0 2 672
54 0 0 2 672
54 0 0 2 672
55 0 0 1 673
55 0 0 1 673
56 0 0 1 673
56 0 0 1 673
57 0 0 1 673
57 0 0 1 673
58 0 0 1 673
58 0 0 1 673
59 0 0 1 673
59 0 0 1 673
60 0 0 1 673
60 0 0 1 673
61 0 0 1 673
