Time S E I R
0 692.771417578 0 0 0
1 692.771417578 0 0 0
1 681.204317578 11.5671 0 0
2 627.865617578 52.9058 11 1
3 464.478817578 162.2926 63 3
4 138.011917578 334.7595 191 29
5 5.368617578 267.4028 344 76
6 0.368617578 158.4028 400 134
7 0 94.4028 415 184
8 0 55.4028 406 232
9 0 35.4028 378 280
10 0 19.4028 346 328
11 0 9.4028 319 365
12 0 2.4028 286 405
13 0 0 260 434
14 0 0 231 463
15 0 0 201 493
16 0 0 180 514
17 0 0 154 540
18 0 0 135 559
19 0 0 121 573
20 0 0 105 589
21 0 0 96 598
22 0 0 82 612
23 0 0 76 618
24 0 0 67 627
25 0 0 60 634
26 0 0 55 639
27 0 0 48 646
28 0 0 45 649
29 0 0 37 657
30 0 0 33 661
31 0 0 26 668
32 0 0 22 672
33 0 0 18 676
34 0 0 15 679
35 0 0 12 682
36 0 0 11 683
37 0 0 8 686
37 0 0 8 686
38 0 0 7 687
38 0 0 7 687
39 0 0 7 687
39 0 0 7 687
40 0 0 5 689
41 0 0 5 689
42 0 0 4 690
42 0 0 4 690
43 0 0 3 691
43 0 0 3 691
44 0 0 2 692
44 0 0 2 692
45 0 0 2 692
45 0 0 2 692
46 0 0 1 693
46 0 0 1 693
47 0 0 1 693
47 0 0 1 693
48 0 0 1 693
48 0 0 1 693
49 0 0 0 694
49 0 0 0 694
50 0 0 0 694
50 0 0 0 694
51 0 0 0 694
51 0 0 0 694
52 0 0 0 694
52 0 0 0 694
53 0 0 0 694
53 0 0 0 694
54 0 0 0 694
54 0 0 0 694
55 0 0 0 694
55 0 0 0 694
56 0 0 0 694
56 0 0 0 694
57 0 0 0 694
57 0 0 0 694
58 0 0 0 694
58 0 0 0 694
59 0 0 0 694
59 0 0 0 694
60 0 0 0 694
60 0 0 0 694
61 0 0 0 694
