Time S E I R
0 855.893052109 0 0 0
1 855.893052109 0 0 0
1 844.325952109 11.5671 0 0
2 783.987252109 56.9058 14 1
3 513.600452109 250.2926 85 7
4 90.133552109 456.7595 271 38
5 3.133552109 320.7595 448 84
6 0.133552109 171.7595 544 140
7 0 103.7595 549 204
8 0 62.7595 523 271
9 0 34.7595 476 346
10 0 21.7595 440 395
11 0 13.7595 398 445
12 0 9.7595 356 491
13 0 6.7595 310 540
14 0 2.7595 273 581
15 0 1.7595 246 609
16 0 0.7595 204 652
17 0 0.7595 171 685
18 0 0.7595 152 704
19 0 0 137 720
20 0 0 117 740
21 0 0 105 752
22 0 0 98 759
23 0 0 89 768
24 0 0 72 785
25 0 0 66 791
26 0 0 54 803
27 0 0 47 810
28 0 0 37 820
29 0 0 33 824
30 0 0 28 829
31 0 0 26 831
32 0 0 24 833
33 0 0 22 835
34 0 0 19 838
35 0 0 17 840
36 0 0 13 844
37 0 0 12 845
37 0 0 12 845
38 0 0 10 847
39 0 0 8 849
40 0 0 7 850
40 0 0 7 850
41 0 0 6 851
42 0 0 4 853
43 0 0 4 853
43 0 0 4 853
44 0 0 3 854
45 0 0 3 854
45 0 0 3 854
46 0 0 2 855
46 0 0 2 855
47 0 0 2 855
48 0 0 2 855
48 0 0 2 855
49 0 0 1 856
49 0 0 1 856
50 0 0 1 856
50 0 0 1 856
51 0 0 1 856
51 0 0 1 856
52 0 0 0 857
52 0 0 0 857
53 0 0 0 857
53 0 0 0 857
54 0 0 0 857
54 0 0 0 857
55 0 0 0 857
55 0 0 0 857
56 0 0 0 857
56 0 0 0 857
57 0 0 0 857
57 0 0 0 857
58 0 0 0 857
58 0 0 0 857
59 0 0 0 857
59 0 0 0 857
60 0 0 0 857
60 0 0 0 857
61 0 0 0 857
