"Time" "S" "E" "I" "R"
0 255 0 0 0
1 255 0 0 0
1 243.4329 11.5671 0 0
2 231.0942 19.9058 4 0
3 209.7074 32.2926 13 0
4 165.2405 46.7595 39 4
5 111.5972 62.4028 66 15
6 56.7415 75.2585 95 28
7 25.3607 66.6393 119 44
8 6.0862 49.9138 140 59
9 1.9158 25.0842 148 80
10 0 16.0842 138 101
11 0 10.0842 122 123
12 0 3.0842 114 138
13 0 3.0842 94 158
14 0 2.0842 86 167
15 0 2.0842 77 176
16 0 1.0842 67 187
17 0 1.0842 63 191
18 0 1.0842 59 195
19 0 1.0842 48 206
20 0 1.0842 44 210
21 0 1.0842 40 214
22 0 0.0842 35 220
23 0 0.0842 28 227
24 0 0 23 233
25 0 0 20 236
26 0 0 15 241
27 0 0 15 241
27 0 0 15 241
28 0 0 13 243
29 0 0 9 247
30 0 0 9 247
31 0 0 9 247
31 0 0 9 247
32 0 0 8 248
32 0 0 8 248
33 0 0 8 248
34 0 0 5 251
34 0 0 5 251
35 0 0 5 251
35 0 0 5 251
36 0 0 5 251
36 0 0 5 251
37 0 0 3 253
37 0 0 3 253
38 0 0 3 253
38 0 0 3 253
39 0 0 3 253
40 0 0 2 254
40 0 0 2 254
41 0 0 2 254
42 0 0 2 254
42 0 0 2 254
43 0 0 2 254
43 0 0 2 254
44 0 0 2 254
44 0 0 2 254
45 0 0 1 255
45 0 0 1 255
46 0 0 1 255
46 0 0 1 255
47 0 0 1 255
47 0 0 1 255
48 0 0 1 255
48 0 0 1 255
49 0 0 1 255
49 0 0 1 255
50 0 0 1 255
50 0 0 1 255
51 0 0 1 255
51 0 0 1 255
52 0 0 1 255
52 0 0 1 255
53 0 0 0 256
53 0 0 0 256
54 0 0 0 256
54 0 0 0 256
55 0 0 0 256
55 0 0 0 256
56 0 0 0 256
56 0 0 0 256
57 0 0 0 256
57 0 0 0 256
58 0 0 0 256
58 0 0 0 256
59 0 0 0 256
59 0 0 0 256
60 0 0 0 256
60 0 0 0 256
61 0 0 0 256
0 255 0 0 0
1 255 0 0 0
1 243.4329 11.5671 0 0
2 227.0942 20.9058 7 0
3 195.7074 42.2926 15 2
4 153.2405 53.7595 42 6
5 100.5972 76.4028 66 12
6 48.7415 77.2585 109 20
7 19.3607 71.6393 125 39
8 5.0862 57.9138 132 60
9 1.0862 25.9138 151 77
10 0.0862 14.9138 140 100
11 0.0862 5.9138 133 116
12 0.0862 2.9138 111 141
13 0.0862 2.9138 100 152
14 0.0862 1.9138 88 165
15 0.0862 0.9138 77 177
16 0 1.9138 67 187
17 0 1.9138 60 194
18 0 0 54 202
19 0 0 47 209
20 0 0 44 212
21 0 0 33 223
22 0 0 30 226
23 0 0 26 230
24 0 0 26 230
25 0 0 24 232
26 0 0 23 233
27 0 0 19 237
28 0 0 18 238
29 0 0 17 239
30 0 0 12 244
31 0 0 9 247
31 0 0 9 247
32 0 0 9 247
32 0 0 9 247
33 0 0 8 248
33 0 0 8 248
34 0 0 7 249
35 0 0 6 250
36 0 0 6 250
36 0 0 6 250
37 0 0 6 250
37 0 0 6 250
38 0 0 4 252
38 0 0 4 252
39 0 0 4 252
39 0 0 4 252
40 0 0 4 252
40 0 0 4 252
41 0 0 4 252
42 0 0 3 253
42 0 0 3 253
43 0 0 2 254
43 0 0 2 254
44 0 0 2 254
45 0 0 2 254
45 0 0 2 254
46 0 0 2 254
46 0 0 2 254
47 0 0 2 254
47 0 0 2 254
48 0 0 2 254
49 0 0 2 254
50 0 0 1 255
51 0 0 1 255
51 0 0 1 255
52 0 0 1 255
52 0 0 1 255
53 0 0 1 255
53 0 0 1 255
54 0 0 1 255
54 0 0 1 255
55 0 0 1 255
55 0 0 1 255
56 0 0 1 255
56 0 0 1 255
57 0 0 1 255
57 0 0 1 255
58 0 0 1 255
58 0 0 1 255
59 0 0 1 255
59 0 0 1 255
60 0 0 1 255
60 0 0 1 255
0 255 0 0 0
1 255 0 0 0
1 243.4329 11.5671 0 0
2 229.0942 21.9058 3 1
3 203.7074 31.2926 19 1
4 142.2405 63.7595 44 5
5 92.5972 75.4028 75 12
6 41.7415 88.2585 100 25
7 14.3607 71.6393 123 46
8 1.0862 45.9138 141 67
9 1.0862 25.9138 146 82
10 0.0862 17.9138 135 102
11 0.0862 11.9138 118 125
12 0 5.9138 107 143
13 0 3.9138 100 152
14 0 0.9138 91 164
15 0 0.9138 77 178
16 0 0.9138 69 186
17 0 0 59 197
18 0 0 55 201
19 0 0 46 210
20 0 0 42 214
21 0 0 38 218
22 0 0 34 222
23 0 0 31 225
24 0 0 24 232
25 0 0 21 235
26 0 0 18 238
26 0 0 18 238
27 0 0 15 241
28 0 0 12 244
29 0 0 9 247
30 0 0 9 247
31 0 0 7 249
31 0 0 7 249
32 0 0 6 250
32 0 0 6 250
33 0 0 6 250
34 0 0 5 251
35 0 0 4 252
36 0 0 4 252
36 0 0 4 252
37 0 0 4 252
38 0 0 4 252
38 0 0 4 252
39 0 0 4 252
40 0 0 4 252
40 0 0 4 252
41 0 0 2 254
41 0 0 2 254
42 0 0 2 254
43 0 0 2 254
43 0 0 2 254
44 0 0 2 254
44 0 0 2 254
45 0 0 1 255
45 0 0 1 255
46 0 0 1 255
46 0 0 1 255
47 0 0 1 255
47 0 0 1 255
48 0 0 1 255
48 0 0 1 255
49 0 0 1 255
49 0 0 1 255
50 0 0 1 255
50 0 0 1 255
51 0 0 0 256
51 0 0 0 256
52 0 0 0 256
52 0 0 0 256
53 0 0 0 256
53 0 0 0 256
54 0 0 0 256
54 0 0 0 256
55 0 0 0 256
55 0 0 0 256
56 0 0 0 256
56 0 0 0 256
57 0 0 0 256
57 0 0 0 256
58 0 0 0 256
58 0 0 0 256
59 0 0 0 256
59 0 0 0 256
60 0 0 0 256
60 0 0 0 256
61 0 0 0 256
0 255 0 0 0
1 255 0 0 0
1 243.4329 11.5671 0 0
2 220.0942 25.9058 9 0
3 187.7074 44.2926 23 0
4 131.2405 73.7595 47 3
5 74.5972 93.4028 77 10
6 35.7415 89.2585 108 22
7 10.3607 77.6393 128 39
8 0.0862 46.9138 145 63
9 0.0862 21.9138 154 79
10 0.0862 10.9138 147 97
11 0.0862 5.9138 131 118
12 0.0862 3.9138 113 138
13 0.0862 2.9138 103 149
14 0.0862 0.9138 96 158
15 0.0862 0.9138 88 166
16 0.0862 0 77 178
17 0.0862 0 68 187
18 0.0501 0.0361 59 196
19 0.0281 0.0581 51 204
20 0.008 0.0782 43 212
21 0.008 0.0782 41 214
22 0.008 0 36 220
23 0.008 0 31 225
24 0.008 0 27 229
25 0.008 0 23 233
26 0.008 0 20 236
27 0.008 0 20 236
28 0.008 0 19 237
29 0.002 0.006 16 240
30 0.002 0.006 11 245
31 0.002 0.006 8 248
31 0.002 0.006 8 248
32 0.002 0.006 7 249
33 0.002 0.006 6 250
33 0.002 0.006 6 250
34 0.002 0.006 6 250
35 0.002 0.006 5 251
36 0.002 0.006 5 251
36 0.002 0.006 5 251
37 0.002 0.006 5 251
37 0.002 0.006 5 251
38 0.002 0.006 4 252
38 0.002 0.006 4 252
39 0.002 0.006 3 253
40 0.002 0.006 2 254
41 0.002 0.006 2 254
41 0.002 0.006 2 254
42 0.002 0.006 2 254
42 0.002 0.006 2 254
43 0.002 0.006 1 255
43 0.002 0.006 1 255
44 0.002 0.006 1 255
44 0.002 0.006 1 255
45 0.002 0.006 0 256
45 0 0.008 0 256
46 0 0.008 0 256
46 0 0.008 0 256
47 0 0.008 0 256
47 0 0.008 0 256
48 0 -0.992 1 256
48 0 0 1 256
49 0 0 1 256
49 0 0 1 256
50 0 0 1 256
50 0 0 1 256
51 0 0 1 256
51 0 0 1 256
52 0 0 1 256
52 0 0 1 256
53 0 0 1 256
53 0 0 1 256
54 0 0 1 256
54 0 0 1 256
55 0 0 1 256
55 0 0 1 256
56 0 0 0 257
56 0 0 0 257
57 0 0 0 257
57 0 0 0 257
58 0 0 0 257
58 0 0 0 257
59 0 0 0 257
59 0 0 0 257
60 0 0 0 257
60 0 0 0 257
61 0 0 0 257
0 255 0 0 0
1 255 0 0 0
1 243.4329 11.5671 0 0
2 223.0942 21.9058 10 0
3 186.7074 42.2926 24 2
4 138.2405 61.7595 52 3
5 82.5972 80.4028 75 17
6 38.7415 76.2585 104 36
7 16.3607 52.6393 134 52
8 1.0862 39.9138 143 71
9 1.0862 24.9138 147 82
10 0.0862 13.9138 136 105
11 0.0862 1.9138 139 114
12 0.0862 0.9138 120 134
13 0 0.9138 102 153
14 0 0.9138 90 165
15 0 0 84 172
16 0 0 73 183
17 0 0 65 191
18 0 0 58 198
19 0 0 52 204
20 0 0 42 214
21 0 0 34 222
22 0 0 29 227
23 0 0 26 230
24 0 0 19 237
25 0 0 17 239
26 0 0 13 243
27 0 0 12 244
28 0 0 9 247
29 0 0 9 247
29 0 0 9 247
30 0 0 8 248
30 0 0 8 248
31 0 0 7 249
31 0 0 7 249
32 0 0 7 249
33 0 0 5 251
33 0 0 5 251
34 0 0 5 251
34 0 0 5 251
35 0 0 5 251
35 0 0 5 251
36 0 0 5 251
36 0 0 5 251
37 0 0 5 251
38 0 0 5 251
38 0 0 5 251
39 0 0 5 251
39 0 0 5 251
40 0 0 3 253
41 0 0 2 254
42 0 0 1 255
42 0 0 1 255
43 0 0 1 255
44 0 0 1 255
44 0 0 1 255
45 0 0 1 255
45 0 0 1 255
46 0 0 1 255
46 0 0 1 255
47 0 0 0 256
47 0 0 0 256
48 0 0 0 256
48 0 0 0 256
49 0 0 0 256
49 0 0 0 256
50 0 0 0 256
50 0 0 0 256
51 0 0 0 256
51 0 0 0 256
52 0 0 0 256
52 0 0 0 256
53 0 0 0 256
53 0 0 0 256
54 0 0 0 256
54 0 0 0 256
55 0 0 0 256
55 0 0 0 256
56 0 0 0 256
56 0 0 0 256
57 0 0 0 256
57 0 0 0 256
58 0 0 0 256
58 0 0 0 256
59 0 0 0 256
59 0 0 0 256
60 0 0 0 256
60 0 0 0 256
61 0 0 0 256
0 255 0 0 0
1 255 0 0 0
1 243.4329 11.5671 0 0
2 230.0942 21.9058 3 0
3 215.7074 27.2926 10 2
4 185.2405 40.7595 26 3
5 143.5972 58.4028 46 7
6 93.7415 77.2585 61 23
7 54.3607 73.6393 97 30
8 23.0862 69.9138 118 44
9 0.9158 54.0842 138 62
10 0.9158 37.0842 138 79
11 0 25.0842 138 92
12 0 15.0842 127 113
13 0 10.0842 115 130
14 0 5.0842 106 144
15 0 3.0842 91 161
16 0 1.0842 87 167
17 0 0.0842 76 179
18 0 0.0842 68 187
19 0 0.0842 64 191
20 0 0.0842 52 203
21 0 0.0842 45 210
22 0 0.0842 41 214
23 0 0.0842 37 218
24 0 0.0842 33 222
25 0 0.0842 25 230
26 0 0.0842 23 232
27 0 0.0842 22 233
28 0 0.0842 20 235
29 0 0.0842 20 235
30 0 0.0842 19 236
31 0 0.0842 16 239
32 0 0.0842 13 242
33 0 0.0842 11 244
34 0 0.0842 11 244
35 0 0.0842 9 246
36 0 0.0842 8 247
37 0 0.0842 8 247
37 0 0.0842 8 247
38 0 0.0842 6 249
38 0 0.0842 6 249
39 0 0.0842 5 250
39 0 0.0842 5 250
40 0 0 6 250
41 0 0 5 251
42 0 0 4 252
42 0 0 4 252
43 0 0 4 252
43 0 0 4 252
44 0 0 3 253
45 0 0 3 253
45 0 0 3 253
46 0 0 1 255
46 0 0 1 255
47 0 0 1 255
47 0 0 1 255
48 0 0 0 256
48 0 0 0 256
49 0 0 0 256
49 0 0 0 256
50 0 0 0 256
50 0 0 0 256
51 0 0 0 256
51 0 0 0 256
52 0 0 0 256
52 0 0 0 256
53 0 0 0 256
53 0 0 0 256
54 0 0 0 256
54 0 0 0 256
55 0 0 0 256
55 0 0 0 256
56 0 0 0 256
56 0 0 0 256
57 0 0 0 256
57 0 0 0 256
58 0 0 0 256
58 0 0 0 256
59 0 0 0 256
59 0 0 0 256
60 0 0 0 256
60 0 0 0 256
61 0 0 0 256
0 255 0 0 0
1 255 0 0 0
1 243.4329 11.5671 0 0
2 225.0942 21.9058 8 0
3 199.7074 38.2926 13 4
4 161.2405 52.7595 34 7
5 125.5972 67.4028 48 14
6 77.7415 77.2585 79 21
7 33.3607 72.6393 113 36
8 9.0862 55.9138 143 47
9 1.9158 41.0842 138 74
10 0 29.0842 139 87
11 0 19.0842 131 105
12 0 10.0842 126 119
13 0 9.0842 113 133
14 0 4.0842 102 149
15 0 2.0842 90 163
16 0 1.0842 76 178
17 0 1.0842 68 186
18 0 1.0842 61 193
19 0 0.0842 58 197
20 0 0.0842 55 200
21 0 0.0842 52 203
22 0 0.0842 40 215
23 0 0.0842 37 218
24 0 0.0842 34 221
25 0 0.0842 30 225
26 0 0.0842 26 229
27 0 0.0842 22 233
28 0 0.0842 19 236
29 0 0.0842 16 239
30 0 0.0842 13 242
30 0 0.0842 13 242
31 0 0.0842 12 243
32 0 0.0842 11 244
33 0 0.0842 9 246
33 0 0.0842 9 246
34 0 0.0842 6 249
35 0 0.0842 5 250
36 0 0.0842 5 250
36 0 0.0842 5 250
37 0 0.0842 4 251
37 0 0.0842 4 251
38 0 0.0842 4 251
39 0 0.0842 4 251
40 0 0.0842 4 251
40 0 0.0842 4 251
41 0 0.0842 3 252
42 0 0.0842 3 252
42 0 0.0842 3 252
43 0 0.0842 3 252
43 0 0.0842 3 252
44 0 0.0842 2 253
44 0 0.0842 2 253
45 0 0.0842 2 253
45 0 0.0842 2 253
46 0 0.0842 2 253
46 0 0.0842 2 253
47 0 0.0842 2 253
47 0 0.0842 2 253
48 0 0.0842 2 253
48 0 0.0842 2 253
49 0 0 3 253
50 0 0 3 253
50 0 0 3 253
51 0 0 3 253
51 0 0 3 253
52 0 0 3 253
53 0 0 2 254
53 0 0 2 254
54 0 0 2 254
54 0 0 2 254
55 0 0 2 254
55 0 0 2 254
56 0 0 2 254
56 0 0 2 254
57 0 0 2 254
57 0 0 2 254
58 0 0 2 254
58 0 0 2 254
59 0 0 2 254
59 0 0 2 254
60 0 0 2 254
60 0 0 2 254
61 0 0 2 254
0 255 0 0 0
1 255 0 0 0
1 243.4329 11.5671 0 0
2 229.0942 21.9058 4 0
3 203.7074 33.2926 17 1
4 153.2405 62.7595 36 3
5 100.5972 86.4028 59 9
6 52.7415 84.2585 97 21
7 22.3607 65.6393 131 36
8 0.0862 53.9138 147 54
9 0.0862 30.9138 145 79
10 0.0862 17.9138 140 97
11 0.0862 10.9138 129 115
12 0.0862 4.9138 119 131
13 0.0862 3.9138 105 146
14 0.0862 1.9138 92 161
15 0.0862 0.9138 83 171
16 0.0862 0.9138 65 189
17 0.0862 0 63 192
18 0.0501 0.0361 56 199
19 0.0281 0.0581 47 208
20 0.008 0.0782 43 212
21 0.008 0.0782 40 215
22 0.008 0.0782 32 223
23 0.008 0.0782 30 225
24 0.008 0.0782 23 232
25 0.008 0.0782 19 236
26 0.008 0.0782 15 240
27 0.008 0.0782 13 242
28 0.008 0.0782 11 244
29 0.002 0.0842 11 244
30 0.002 0.0842 10 245
31 0.002 0.0842 9 246
32 0.002 0.0842 8 247
33 0.002 0.0842 6 249
34 0.002 0.0842 6 249
34 0.002 0.0842 6 249
35 0.002 0.0842 5 250
36 0.002 0.0842 5 250
36 0.002 0.0842 5 250
37 0.002 0.0842 4 251
37 0.002 0.0842 4 251
38 0.002 0.0842 4 251
39 0.002 0.0842 4 251
40 0.002 0.0842 4 251
41 0.002 0.0842 3 252
41 0.002 0.0842 3 252
42 0.002 0.0842 3 252
42 0.002 0.0842 3 252
43 0.002 0.0842 3 252
43 0.002 0.0842 3 252
44 0.002 0.0842 3 252
45 0.002 0.0842 2 253
45 0 0.0862 2 253
46 0 0.0862 2 253
46 0 0.0862 2 253
47 0 0.0862 2 253
47 0 0.0862 2 253
48 0 0.0862 2 253
48 0 0.0862 2 253
49 0 0.0862 1 254
49 0 0.0862 1 254
50 0 0.0862 1 254
50 0 0.0862 1 254
51 0 0.0862 1 254
51 0 0.0862 1 254
52 0 0.0862 1 254
52 0 0.0862 1 254
53 0 0.0862 1 254
53 0 0.0862 1 254
54 0 -0.9138 2 254
54 0 0 2 254
55 0 0 2 254
56 0 0 2 254
57 0 0 2 254
57 0 0 2 254
58 0 0 2 254
59 0 0 2 254
59 0 0 2 254
60 0 0 1 255
61 0 0 1 255
0 255 0 0 0
1 255 0 0 0
1 243.4329 11.5671 0 0
2 229.0942 18.9058 7 0
3 192.7074 38.2926 24 0
4 147.2405 58.7595 45 4
5 93.5972 76.4028 70 15
6 45.7415 83.2585 98 28
7 18.3607 76.6393 119 41
8 5.0862 50.9138 136 63
9 0.0862 33.9138 141 80
10 0.0862 23.9138 120 111
11 0.0862 12.9138 119 123
12 0.0862 9.9138 112 133
13 0.0862 7.9138 90 157
14 0.0862 2.9138 86 166
15 0.0862 2.9138 79 173
16 0.0862 1.9138 70 183
17 0.0862 0.9138 66 188
18 0 0.9138 57 198
19 0 0.9138 48 207
20 0 0 43 213
21 0 0 40 216
22 0 0 30 226
22 0 0 30 226
23 0 0 26 230
24 0 0 22 234
24 0 0 22 234
25 0 0 16 240
25 0 0 16 240
26 0 0 15 241
27 0 0 15 241
28 0 0 13 243
29 0 0 11 245
30 0 0 8 248
30 0 0 8 248
31 0 0 7 249
32 0 0 5 251
33 0 0 4 252
34 0 0 4 252
34 0 0 4 252
35 0 0 3 253
35 0 0 3 253
36 0 0 3 253
37 0 0 3 253
37 0 0 3 253
38 0 0 2 254
38 0 0 2 254
39 0 0 2 254
39 0 0 2 254
40 0 0 2 254
40 0 0 2 254
41 0 0 1 255
41 0 0 1 255
42 0 0 0 256
42 0 0 0 256
43 0 0 0 256
43 0 0 0 256
44 0 0 0 256
44 0 0 0 256
45 0 0 0 256
45 0 0 0 256
46 0 0 0 256
46 0 0 0 256
47 0 0 0 256
47 0 0 0 256
48 0 0 0 256
48 0 0 0 256
49 0 0 0 256
49 0 0 0 256
50 0 0 0 256
50 0 0 0 256
51 0 0 0 256
51 0 0 0 256
52 0 0 0 256
52 0 0 0 256
53 0 0 0 256
53 0 0 0 256
54 0 0 0 256
54 0 0 0 256
55 0 0 0 256
55 0 0 0 256
56 0 0 0 256
56 0 0 0 256
57 0 0 0 256
57 0 0 0 256
58 0 0 0 256
58 0 0 0 256
59 0 0 0 256
59 0 0 0 256
60 0 0 0 256
60 0 0 0 256
61 0 0 0 256
0 255 0 0 0
1 255 0 0 0
1 243.4329 11.5671 0 0
2 229.0942 22.9058 3 0
3 207.7074 32.2926 14 1
4 167.2405 53.7595 27 7
5 114.5972 66.4028 64 10
6 66.7415 78.2585 88 22
7 29.3607 71.6393 124 30
8 8.0862 57.9138 143 46
9 1.0862 41.9138 150 62
10 0.0862 24.9138 148 82
11 0.0862 16.9138 140 98
12 0.0862 9.9138 128 117
13 0.0862 6.9138 116 132
14 0.0862 2.9138 101 151
15 0.0862 1.9138 88 165
16 0.0862 0 80 175
17 0.0862 0 74 181
18 0.0501 0.0361 62 193
19 0.0281 0.0581 49 206
20 0.008 0 41 215
21 0.008 0 33 223
22 0.008 0 31 225
23 0.008 0 26 230
24 0.008 0 23 233
25 0.008 0 21 235
26 0.008 0 17 239
27 0.008 0 15 241
28 0.008 0 14 242
29 0.002 0.006 13 243
30 0.002 0.006 10 246
31 0.002 0.006 6 250
32 0.002 0.006 6 250
33 0.002 0.006 6 250
34 0.002 0.006 5 251
35 0.002 0.006 5 251
36 0.002 0.006 5 251
36 0.002 0.006 5 251
37 0.002 0.006 5 251
38 0.002 0.006 5 251
38 0.002 0.006 5 251
39 0.002 0.006 5 251
40 0.002 0.006 5 251
40 0.002 0.006 5 251
41 0.002 0.006 4 252
42 0.002 0.006 4 252
43 0.002 0.006 3 253
43 0.002 0.006 3 253
44 0.002 0.006 3 253
45 0.002 0.006 2 254
45 0 0.008 2 254
46 0 0.008 2 254
47 0 0.008 1 255
47 0 0.008 1 255
48 0 0.008 1 255
48 0 0.008 1 255
49 0 0.008 1 255
49 0 0.008 1 255
50 0 0.008 1 255
50 0 0.008 1 255
51 0 0.008 1 255
51 0 0.008 1 255
52 0 0.008 1 255
52 0 0.008 1 255
53 0 0.008 1 255
53 0 0.008 1 255
54 0 0.008 1 255
54 0 0.008 1 255
55 0 0.008 1 255
56 0 0.008 1 255
56 0 0.008 1 255
57 0 0.008 1 255
57 0 0.008 1 255
58 0 0.008 1 255
58 0 0.008 1 255
59 0 0.008 1 255
59 0 0.008 1 255
60 0 0.008 1 255
60 0 0.008 1 255
61 0 0.008 1 255
