Time S E I R
0 717.926410791 0 0 0
1 717.926410791 0 0 0
1 706.359310791 11.5671 0 0
2 682.020610791 30.9058 5 0
3 594.633810791 93.2926 30 0
4 315.166910791 279.7595 118 5
5 46.523610791 358.4028 289 24
6 0.523610791 232.4028 414 71
7 0.523610791 121.4028 448 148
8 0 69.4028 455 194
9 0 43.4028 426 249
10 0 22.4028 396 300
11 0 18.4028 357 343
12 0 13.4028 317 388
13 0 6.4028 280 432
14 0 5.4028 252 461
15 0 5.4028 219 494
16 0 3.4028 192 523
17 0 1.4028 171 546
18 0 1.4028 155 562
19 0 0.4028 138 580
20 0 0.4028 122 596
21 0 0.4028 108 610
22 0 0.4028 94 624
23 0 0.4028 82 636
24 0 0.4028 71 647
25 0 0.4028 61 657
26 0 0 54 665
27 0 0 49 670
28 0 0 44 675
29 0 0 40 679
30 0 0 35 684
31 0 0 32 687
32 0 0 25 694
33 0 0 21 698
34 0 0 18 701
35 0 0 17 702
36 0 0 16 703
37 0 0 14 705
38 0 0 14 705
39 0 0 11 708
39 0 0 11 708
40 0 0 10 709
41 0 0 10 709
41 0 0 10 709
42 0 0 8 711
43 0 0 6 713
44 0 0 6 713
45 0 0 5 714
45 0 0 5 714
46 0 0 4 715
46 0 0 4 715
47 0 0 4 715
47 0 0 4 715
48 0 0 4 715
48 0 0 4 715
49 0 0 4 715
49 0 0 4 715
50 0 0 3 716
50 0 0 3 716
51 0 0 2 717
51 0 0 2 717
52 0 0 2 717
53 0 0 2 717
53 0 0 2 717
54 0 0 2 717
54 0 0 2 717
55 0 0 2 717
55 0 0 2 717
56 0 0 2 717
56 0 0 2 717
57 0 0 2 717
58 0 0 2 717
59 0 0 1 718
59 0 0 1 718
60 0 0 0 719
60 0 0 0 719
61 0 0 0 719
