Time S E I R
0 255 0 0 0
1 255 0 0 0
1 243.4329 11.5671 0 0
2 232.0942 18.9058 4 0
3 220.7074 21.2926 13 0
4 210.2405 25.7595 15 4
5 202.5972 27.4028 18 7
6 195.7415 24.2585 26 9
7 187.3607 19.6393 37 11
8 181.0862 19.9138 40 14
9 173.9158 11.0842 50 20
10 168.1082 9.8918 47 30
11 165.1423 7.8577 49 33
12 161.6293 7.3707 48 38
13 161.3687 3.6313 46 44
14 160.1263 1.8737 45 48
15 157.8978 3.1022 41 53
16 156.7956 2.2044 34 62
17 154.6954 2.3046 32 66
18 154.6593 2.3407 23 75
19 152.6373 2.3627 21 79
20 151.6172 1.3828 22 80
21 151.5872 0.4128 22 81
22 150.5872 1.4128 19 84
22 150.5651 1.4349 19 84
23 150.5351 0.4649 17 87
24 149.521 1.479 15 89
25 148.509 1.491 16 89
26 148.491 1.509 15 90
27 146.4709 1.5291 16 91
28 146.4569 0.5431 14 94
29 146.4509 0.5491 13 95
30 146.4329 0.5671 10 98
31 146.4248 0.5752 10 98
32 146.4148 0.5852 8 100
33 146.4048 0.5952 8 100
34 146.4048 0.5952 6 102
34 146.3928 0.6072 6 102
35 146.3928 0.6072 5 103
35 146.3868 0.6132 5 103
36 146.3727 0 6 103
37 146.3727 0 5 104
37 146.3667 0.006 5 104
38 146.3587 0.014 5 104
39 146.3447 0.028 5 104
40 146.3447 0.028 5 104
40 146.3347 0.038 5 104
41 144.3267 2.046 5 104
42 143.3267 2.046 6 104
42 143.3186 2.0541 6 104
43 143.3106 1.0621 6 105
44 143.3046 0.0681 7 105
45 143.3026 0.0701 7 105
46 143.3006 0.0721 7 105
47 142.2886 1.0841 6 106
48 142.2886 1.0841 4 108
49 142.2886 1.0841 3 109
49 142.2846 1.0881 3 109
50 142.2786 1.0941 1 111
51 142.2786 0.0941 2 111
52 142.2786 0.0941 2 111
52 142.2705 0.1022 2 111
53 142.2705 0.1022 2 111
53 142.2685 0.1042 2 111
54 142.2625 0.1102 2 111
55 142.2625 0.1102 1 112
55 142.2565 0.1162 1 112
56 142.2565 0.1162 1 112
56 142.2545 0.1182 1 112
57 142.2545 0.1182 1 112
57 142.2525 0.1202 1 112
58 142.2525 0.1202 1 112
58 142.2485 0.1242 1 112
59 142.2485 0.1242 1 112
59 142.2485 0.1242 1 112
60 142.2485 0.1242 1 112
60 142.2405 0.1322 1 112
61 142.2405 0.1322 1 112
