Time S E I R
0 269.083354283 0 0 0
1 269.083354283 0 0 0
1 257.516254283 11.5671 0 0
2 230.177554283 30.9058 8 0
3 178.790754283 58.2926 28 4
4 110.323854283 90.7595 58 10
5 41.680554283 106.4028 95 26
6 6.824854283 97.2585 120 45
7 4.824854283 62.2585 128 74
8 0.824854283 36.2585 142 90
9 0 23.2585 131 115
10 0 15.2585 124 130
11 0 13.2585 115 141
12 0 7.2585 107 155
13 0 5.2585 101 163
14 0 3.2585 86 180
15 0 2.2585 77 190
16 0 1.2585 67 201
17 0 0.2585 59 210
18 0 0.2585 51 218
19 0 0 44 226
20 0 0 35 235
21 0 0 31 239
22 0 0 29 241
23 0 0 25 245
24 0 0 24 246
25 0 0 21 249
26 0 0 19 251
27 0 0 14 256
28 0 0 14 256
29 0 0 11 259
30 0 0 11 259
31 0 0 11 259
32 0 0 11 259
33 0 0 11 259
34 0 0 10 260
35 0 0 9 261
36 0 0 8 262
37 0 0 8 262
38 0 0 7 263
39 0 0 6 264
40 0 0 6 264
40 0 0 6 264
41 0 0 5 265
41 0 0 5 265
42 0 0 5 265
43 0 0 3 267
44 0 0 2 268
44 0 0 2 268
45 0 0 1 269
45 0 0 1 269
46 0 0 0 270
46 0 0 0 270
47 0 0 0 270
47 0 0 0 270
48 0 0 0 270
48 0 0 0 270
49 0 0 0 270
49 0 0 0 270
50 0 0 0 270
50 0 0 0 270
51 0 0 0 270
51 0 0 0 270
52 0 0 0 270
52 0 0 0 270
53 0 0 0 270
53 0 0 0 270
54 0 0 0 270
54 0 0 0 270
55 0 0 0 270
55 0 0 0 270
56 0 0 0 270
56 0 0 0 270
57 0 0 0 270
57 0 0 0 270
58 0 0 0 270
58 0 0 0 270
59 0 0 0 270
59 0 0 0 270
60 0 0 0 270
60 0 0 0 270
61 0 0 0 270
