Time S E I R
0 296.226927913 0 0 0
1 296.226927913 0 0 0
1 284.659827913 11.5671 0 0
2 272.321127913 17.9058 5 1
3 261.934327913 17.2926 14 3
4 244.467427913 21.7595 25 5
5 226.824127913 23.4028 37 9
6 203.968427913 24.2585 54 14
7 171.587627913 45.6393 60 19
8 146.313127913 49.9138 70 30
9 120.142727913 46.0842 90 40
10 97.335127913 44.8918 102 52
11 79.369227913 34.8577 114 68
12 64.856227913 31.3707 114 86
13 58.595627913 20.6313 114 103
14 49.353227913 19.8737 111 116
15 39.124727913 20.1022 97 140
16 31.022527913 18.2044 92 155
17 28.922327913 14.3046 80 173
18 25.886227913 12.3407 71 187
19 23.864227913 8.3627 69 195
20 19.844127913 8.3828 63 205
21 17.814127913 3.4128 63 212
22 16.792027913 3.4349 59 217
23 15.762027913 2.4649 54 224
24 15.747927913 1.479 49 230
25 14.735927913 1.491 43 237
26 13.717927913 0.509 40 242
27 12.697827913 1.5291 36 246
28 11.683827913 2.5431 33 249
29 11.677827913 1.5491 29 254
30 10.659827913 1.5671 24 260
31 10.651727913 1.5752 21 263
32 10.641727913 0.5852 21 264
33 9.631727913 1.5952 19 266
34 9.619727913 0.6072 14 272
35 9.619727913 0.6072 13 273
35 9.613727913 0.6132 13 273
36 9.599627913 0.6273 13 273
37 8.593627913 0.6333 11 276
38 8.585627913 0.6413 8 279
39 8.571627913 0.6553 7 280
40 8.571627913 -0.3447 6 282
40 8.561627913 0 6 282
41 8.553627913 0.008 4 284
42 8.553627913 0.008 4 284
42 8.545527913 0.0161 4 284
43 8.545527913 0.0161 3 285
43 8.537527913 0.0241 3 285
44 8.537527913 0.0241 3 285
44 8.531527913 0.0301 3 285
45 8.529527913 0.0321 3 285
46 8.529527913 0.0321 2 286
46 8.527527913 0.0341 2 286
47 8.527527913 0.0341 2 286
47 8.515527913 0.0461 2 286
48 8.515527913 0.0461 0 288
48 8.515527913 0.0461 0 288
49 8.515527913 0.0461 0 288
49 8.511527913 0.0501 0 288
50 8.505527913 0.0561 0 288
51 8.505527913 0.0561 0 288
51 8.505527913 0.0561 0 288
52 8.497427913 0.0642 0 288
53 8.497427913 0.0642 0 288
53 8.495427913 0.0662 0 288
54 8.495427913 0.0662 0 288
54 8.489427913 0.0722 0 288
55 8.489427913 0.0722 0 288
55 8.483427913 0.0782 0 288
56 8.483427913 0.0782 0 288
56 8.481427913 0.0802 0 288
57 8.481427913 0.0802 0 288
57 8.479427913 0.0822 0 288
58 8.479427913 0.0822 0 288
58 8.475427913 0.0862 0 288
59 8.475427913 0.0862 0 288
59 8.475427913 0.0862 0 288
60 8.475427913 -0.9138 1 288
60 8.467427913 0 1 288
61 8.467427913 0 1 288
