Time S E I R
0 255 0 0 0
1 255 0 0 0
1 243.4329 11.5671 0 0
2 231.0942 15.9058 8 0
3 217.7074 24.2926 11 2
4 202.2405 25.7595 24 3
5 186.5972 26.4028 36 6
6 176.7415 21.2585 48 9
7 163.3607 25.6393 53 13
8 152.0862 24.9138 56 22
9 144.9158 21.0842 58 31
10 135.1082 23.8918 56 40
11 125.1423 23.8577 57 49
12 119.6293 19.3707 59 57
13 110.3687 18.6313 61 65
14 100.1263 15.8737 68 71
15 95.8978 9.1022 69 81
16 83.7956 12.2044 72 87
17 78.6954 9.3046 71 96
18 73.6593 6.3407 66 109
19 67.6373 9.3627 64 114
20 60.6172 13.3828 58 123
21 57.5872 7.4128 59 131
22 55.5651 6.4349 51 142
23 53.5351 4.4649 46 151
24 51.521 6.479 42 155
25 50.509 4.491 37 163
26 46.491 2.509 41 165
27 45.4709 1.5291 41 167
28 43.4569 1.5431 40 170
29 42.4509 1.5491 37 174
30 39.4329 3.5671 34 178
31 38.4248 3.5752 29 184
32 37.4148 2.5852 28 187
33 33.4048 1.5952 25 195
34 32.3928 2.6072 23 197
35 32.3868 0 23 200
36 30.3727 2.0141 22 201
37 30.3667 2.0201 21 202
38 29.3587 3.0281 20 203
39 29.3447 1.0421 20 205
40 28.3347 0.0521 19 208
41 28.3267 0.0601 17 210
42 27.3186 1.0682 16 211
43 27.3106 0.0762 15 213
44 27.3046 0.0822 15 213
45 27.3026 0.0842 14 214
46 26.3006 1.0862 14 214
47 26.2886 1.0982 13 215
48 25.2886 2.0982 13 215
49 25.2846 2.1022 12 216
50 25.2786 1.1082 10 219
51 25.2786 1.1082 10 219
52 25.2705 1.1163 9 220
53 25.2685 0.1183 10 220
54 25.2625 0.1243 10 220
55 25.2565 0 10 221
56 25.2545 0.002 9 222
57 24.2525 0.004 10 222
58 24.2525 0.004 8 224
58 24.2485 0.008 8 224
59 24.2485 0.008 7 225
60 24.2485 0.008 7 225
60 24.2405 0.016 7 225
