Time S E I R
0 598.679280701 0 0 0
1 598.679280701 0 0 0
1 587.112180701 11.5671 0 0
2 573.773480701 19.9058 5 0
3 552.386680701 28.2926 17 1
4 535.919780701 33.7595 25 4
5 519.276480701 37.4028 32 10
6 486.420780701 47.2585 49 16
7 452.039980701 54.6393 68 24
8 419.765480701 52.9138 94 32
9 361.595080701 68.0842 121 48
10 309.787480701 79.8918 148 61
11 256.821580701 85.8577 183 73
12 214.308580701 77.3707 202 105
13 172.047980701 73.6313 215 138
14 138.805580701 59.8737 241 159
15 110.577080701 58.1022 237 193
16 94.474880701 40.2044 245 219
17 71.374680701 36.3046 251 240
18 58.338580701 36.3407 231 273
19 47.316580701 27.3627 225 299
20 36.296480701 20.3828 206 336
21 26.266480701 21.4128 190 361
22 19.244380701 18.4349 184 377
23 15.214380701 14.4649 170 399
24 11.200280701 10.479 160 417
25 10.188280701 5.491 149 434
26 8.170280701 4.509 135 451
27 7.150180701 3.5291 118 470
28 6.136180701 1.5431 105 486
29 5.130180701 1.5491 94 498
30 5.112180701 1.5671 86 506
31 5.104080701 0.5752 78 515
32 4.094080701 1.5852 68 525
33 4.084080701 1.5952 59 534
34 4.072080701 0.6072 52 542
35 4.066080701 0 50 545
36 4.051980701 0.0141 42 553
37 4.045980701 0.0201 37 558
38 4.037980701 0.0281 29 566
39 4.023980701 0.0421 24 571
40 4.013980701 0.0521 22 573
41 4.005980701 0.0601 19 576
42 4.005980701 0.0601 17 578
42 3.997880701 0.0682 17 578
43 3.989880701 0.0762 16 579
44 3.983880701 0.0822 15 580
45 3.981880701 0.0842 14 581
46 3.979880701 0.0862 11 584
47 3.967880701 0.0982 8 587
48 3.967880701 0.0982 8 587
49 3.963880701 0.1022 7 588
50 3.963880701 0.1022 6 589
50 3.957880701 0.1082 6 589
51 3.957880701 0.1082 6 589
52 3.949780701 0.1163 4 591
53 3.949780701 0.1163 4 591
53 3.947780701 0.1183 4 591
54 3.941780701 0 5 591
55 3.935780701 0.006 4 592
56 3.935780701 0.006 3 593
56 3.933780701 0.008 3 593
57 3.933780701 0.008 3 593
57 3.931780701 0.01 3 593
58 3.931780701 0.01 3 593
58 3.927780701 0.014 3 593
59 3.927780701 0.014 3 593
59 3.927780701 0.014 3 593
60 3.927780701 0.014 3 593
60 3.919780701 0.022 3 593
61 3.919780701 0.022 3 593
