Time S E I R
0 818.92035845 0 0 0
1 818.92035845 0 0 0
1 807.35325845 11.5671 0 0
2 796.01455845 21.9058 1 0
3 705.62775845 87.2926 25 1
4 241.16085845 406.7595 165 6
5 6.16085845 393.7595 365 54
6 0 229.7595 467 123
7 0 130.7595 492 197
8 0 83.7595 476 260
9 0 44.7595 456 319
10 0 23.7595 419 377
11 0 10.7595 384 425
12 0 7.7595 340 472
13 0 3.7595 307 509
14 0 1.7595 274 544
15 0 0.7595 241 578
16 0 0.7595 209 610
17 0 0.7595 182 637
18 0 0 152 668
19 0 0 137 683
20 0 0 120 700
21 0 0 109 711
22 0 0 94 726
23 0 0 83 737
24 0 0 71 749
25 0 0 64 756
26 0 0 59 761
27 0 0 53 767
28 0 0 51 769
29 0 0 48 772
30 0 0 36 784
30 0 0 36 784
31 0 0 28 792
32 0 0 24 796
33 0 0 21 799
34 0 0 20 800
35 0 0 16 804
36 0 0 15 805
36 0 0 15 805
37 0 0 15 805
38 0 0 15 805
38 0 0 15 805
39 0 0 13 807
40 0 0 12 808
40 0 0 12 808
41 0 0 10 810
41 0 0 10 810
42 0 0 9 811
43 0 0 9 811
43 0 0 9 811
44 0 0 8 812
45 0 0 7 813
46 0 0 6 814
47 0 0 6 814
47 0 0 6 814
48 0 0 6 814
48 0 0 6 814
49 0 0 5 815
49 0 0 5 815
50 0 0 5 815
50 0 0 5 815
51 0 0 2 818
51 0 0 2 818
52 0 0 2 818
53 0 0 2 818
53 0 0 2 818
54 0 0 2 818
54 0 0 2 818
55 0 0 2 818
55 0 0 2 818
56 0 0 2 818
57 0 0 2 818
57 0 0 2 818
58 0 0 2 818
59 0 0 2 818
60 0 0 2 818
61 0 0 2 818
