Time S E I R
0 941.522851679 0 0 0
1 941.522851679 0 0 0
1 929.955751679 11.5671 0 0
2 917.617051679 19.9058 4 0
3 898.230251679 29.2926 12 2
4 870.763351679 44.7595 23 3
5 838.120051679 53.4028 45 5
6 793.264351679 62.2585 75 11
7 730.883551679 75.6393 116 19
8 656.609051679 106.9138 143 35
9 570.438651679 136.0842 178 57
10 474.631051679 149.8918 241 76
11 370.665151679 154.8577 301 115
12 281.152151679 171.3707 332 157
13 208.891551679 158.6313 369 205
14 151.649151679 134.8737 393 262
15 103.420651679 111.1022 419 308
16 64.318451679 90.2044 426 361
17 47.218251679 63.3046 419 412
18 27.182151679 47.3407 419 448
19 15.160151679 38.3627 385 503
20 11.140051679 23.3828 355 552
21 8.110051679 18.4128 317 598
22 6.087951679 10.4349 287 638
23 3.057951679 8.4649 264 666
24 2.043851679 5.479 235 699
25 2.031851679 2.491 202 735
26 2.013851679 1.509 176 762
27 1.993751679 0 159 781
28 0.979751679 1.014 141 799
29 0.973751679 0.02 123 818
30 0 1.02 107 834
31 0 0.02 89 853
32 0 0.02 82 860
33 0 0.02 74 868
34 0 0.02 65 877
35 0 0.02 55 887
36 0 0.02 49 893
37 0 0.02 45 897
38 0 0.02 36 906
39 0 0.02 33 909
40 0 0.02 29 913
41 0 0.02 26 916
42 0 0.02 22 920
43 0 0.02 20 922
44 0 0.02 17 925
45 0 0.02 16 926
46 0 0.02 14 928
47 0 0.02 12 930
48 0 0.02 12 930
48 0 0.02 12 930
49 0 0.02 10 932
49 0 0.02 10 932
50 0 0.02 8 934
51 0 0.02 8 934
51 0 0.02 8 934
52 0 0.02 7 935
52 0 0.02 7 935
53 0 0.02 5 937
53 0 0.02 5 937
54 0 0.02 5 937
54 0 0.02 5 937
55 0 0.02 4 938
56 0 0.02 4 938
56 0 0.02 4 938
57 0 0.02 4 938
57 0 0.02 4 938
58 0 0.02 4 938
59 0 0.02 4 938
60 0 0.02 3 939
61 0 0.02 3 939
