Time S E I R
0 255 0 0 0
1 255 0 0 0
1 243.4329 11.5671 0 0
2 232.0942 17.9058 5 0
3 221.7074 21.2926 12 0
4 212.2405 19.7595 22 1
5 202.5972 22.4028 25 5
6 194.7415 18.2585 30 12
7 189.3607 18.6393 27 20
8 183.0862 14.9138 33 24
9 178.9158 17.0842 31 28
10 177.1082 8.8918 37 32
11 174.1423 8.8577 35 37
12 172.6293 6.3707 33 43
13 172.3687 3.6313 30 49
14 170.1263 3.8737 30 51
15 167.8978 6.1022 24 57
16 167.7956 3.2044 23 61
17 166.6954 4.3046 21 63
18 166.6593 3.3407 19 66
19 164.6373 2.3627 19 69
20 162.6172 2.3828 16 74
21 162.5872 0.4128 15 77
22 162.5651 0.4349 12 80
23 162.5351 0 11 82
24 162.521 0.0141 11 82
25 162.509 0.0261 10 83
26 161.491 0.0441 10 84
27 158.4709 2.0642 10 85
28 158.4569 2.0782 9 86
29 158.4509 1.0842 7 89
30 158.4329 0 6 92
31 158.4248 0.0081 4 94
32 158.4248 0.0081 4 94
32 158.4148 0.0181 4 94
33 158.4148 0.0181 4 94
33 158.4048 0.0281 4 94
34 158.4048 0.0281 4 94
34 158.3928 0.0401 4 94
35 158.3868 0.0461 4 94
36 158.3727 0.0602 3 95
37 158.3727 0.0602 3 95
37 158.3667 0.0662 3 95
38 158.3667 0.0662 3 95
38 158.3587 0.0742 3 95
39 158.3447 0.0882 2 96
40 157.3447 0.0882 2 97
40 157.3347 0.0982 2 97
41 157.3347 0.0982 2 97
41 157.3267 0.1062 2 97
42 157.3186 0.1143 2 97
43 157.3186 0.1143 2 97
43 157.3106 0.1223 2 97
44 157.3046 0.1283 2 97
45 157.3046 0.1283 2 97
45 157.3026 0.1303 2 97
46 157.3006 0.1323 2 97
47 157.3006 0.1323 2 97
47 157.2886 0.1443 2 97
48 157.2886 0.1443 1 98
49 157.2886 -0.8557 2 98
49 157.2846 0 2 98
50 157.2846 0 2 98
50 157.2786 0.006 2 98
51 157.2786 0.006 2 98
51 157.2786 0.006 2 98
52 157.2786 0.006 2 98
52 157.2705 0.0141 2 98
53 157.2705 0.0141 1 99
53 157.2685 0.0161 1 99
54 157.2685 0.0161 0 100
54 157.2625 0.0221 0 100
55 157.2625 0.0221 0 100
55 157.2565 0.0281 0 100
56 157.2565 0.0281 0 100
56 157.2545 0.0301 0 100
57 157.2545 0.0301 0 100
57 157.2525 0.0321 0 100
58 157.2525 0.0321 0 100
58 157.2485 0.0361 0 100
59 157.2485 0.0361 0 100
59 157.2485 0.0361 0 100
60 157.2485 0.0361 0 100
60 157.2405 0.0441 0 100
61 157.2405 0.0441 0 100
