Time S E I R
0 562.159394032 0 0 0
1 562.159394032 0 0 0
1 550.592294032 11.5671 0 0
2 530.253594032 28.9058 3 0
3 482.866794032 61.2926 16 2
4 345.399894032 146.7595 62 8
5 113.756594032 260.4028 167 21
6 5.900894032 233.2585 265 58
7 0 131.2585 339 92
8 0 77.2585 347 138
9 0 53.2585 325 184
10 0 32.2585 313 217
11 0 20.2585 291 251
12 0 10.2585 268 284
13 0 6.2585 246 310
14 0 3.2585 224 335
15 0 2.2585 194 366
16 0 0.2585 168 394
17 0 0.2585 145 417
18 0 0.2585 129 433
19 0 0.2585 113 449
20 0 0.2585 98 464
21 0 0.2585 89 473
22 0 0.2585 80 482
23 0 0.2585 76 486
24 0 0.2585 74 488
25 0 0.2585 67 495
26 0 0.2585 59 503
27 0 0.2585 51 511
28 0 0 46 517
29 0 0 44 519
30 0 0 39 524
31 0 0 37 526
32 0 0 29 534
33 0 0 28 535
34 0 0 25 538
35 0 0 20 543
36 0 0 16 547
37 0 0 16 547
38 0 0 11 552
38 0 0 11 552
39 0 0 8 555
39 0 0 8 555
40 0 0 8 555
41 0 0 6 557
42 0 0 4 559
43 0 0 3 560
43 0 0 3 560
44 0 0 3 560
44 0 0 3 560
45 0 0 2 561
45 0 0 2 561
46 0 0 1 562
46 0 0 1 562
47 0 0 1 562
47 0 0 1 562
48 0 0 1 562
48 0 0 1 562
49 0 0 1 562
49 0 0 1 562
50 0 0 1 562
50 0 0 1 562
51 0 0 1 562
51 0 0 1 562
52 0 0 1 562
52 0 0 1 562
53 0 0 0 563
53 0 0 0 563
54 0 0 0 563
54 0 0 0 563
55 0 0 0 563
55 0 0 0 563
56 0 0 0 563
56 0 0 0 563
57 0 0 0 563
57 0 0 0 563
58 0 0 0 563
58 0 0 0 563
59 0 0 0 563
59 0 0 0 563
60 0 0 0 563
60 0 0 0 563
61 0 0 0 563
