Time S E I R
0 712.763629716 0 0 0
1 712.763629716 0 0 0
1 701.196529716 11.5671 0 0
2 675.857829716 31.9058 5 0
3 583.471029716 95.2926 30 4
4 307.004129716 263.7595 131 11
5 66.360829716 345.4028 268 33
6 4.505129716 257.2585 375 76
7 0 141.2585 443 129
8 0 96.2585 441 176
9 0 55.2585 426 232
10 0 31.2585 397 285
11 0 14.2585 361 338
12 0 9.2585 325 379
13 0 3.2585 290 420
14 0 2.2585 261 450
15 0 1.2585 219 493
16 0 1.2585 192 520
17 0 1.2585 169 543
18 0 0.2585 146 567
19 0 0 126 588
20 0 0 109 605
21 0 0 102 612
22 0 0 94 620
23 0 0 82 632
24 0 0 73 641
25 0 0 64 650
26 0 0 59 655
27 0 0 50 664
28 0 0 43 671
29 0 0 37 677
30 0 0 32 682
31 0 0 27 687
32 0 0 24 690
33 0 0 21 693
34 0 0 16 698
35 0 0 13 701
36 0 0 11 703
37 0 0 9 705
38 0 0 8 706
39 0 0 7 707
39 0 0 7 707
40 0 0 6 708
41 0 0 5 709
42 0 0 5 709
42 0 0 5 709
43 0 0 5 709
44 0 0 4 710
45 0 0 4 710
46 0 0 4 710
46 0 0 4 710
47 0 0 3 711
48 0 0 2 712
49 0 0 2 712
49 0 0 2 712
50 0 0 2 712
50 0 0 2 712
51 0 0 1 713
52 0 0 1 713
53 0 0 1 713
53 0 0 1 713
54 0 0 1 713
54 0 0 1 713
55 0 0 1 713
55 0 0 1 713
56 0 0 1 713
56 0 0 1 713
57 0 0 1 713
58 0 0 1 713
58 0 0 1 713
59 0 0 1 713
60 0 0 0 714
60 0 0 0 714
61 0 0 0 714
