Time S E I R
0 612.494708222 0 0 0
1 612.494708222 0 0 0
1 600.927608222 11.5671 0 0
2 568.588908222 37.9058 6 0
3 440.202108222 132.2926 39 1
4 140.735208222 298.7595 159 14
5 6.735208222 258.7595 304 43
6 0.735208222 163.7595 363 85
7 0 92.7595 383 137
8 0 51.7595 365 196
9 0 33.7595 332 247
10 0 18.7595 308 286
11 0 10.7595 285 317
12 0 7.7595 254 351
13 0 3.7595 225 384
14 0 0.7595 201 411
15 0 0.7595 176 436
16 0 0 155 458
17 0 0 132 481
18 0 0 124 489
19 0 0 111 502
20 0 0 100 513
21 0 0 83 530
22 0 0 72 541
23 0 0 62 551
24 0 0 52 561
25 0 0 48 565
26 0 0 43 570
27 0 0 40 573
28 0 0 36 577
29 0 0 33 580
30 0 0 29 584
31 0 0 27 586
32 0 0 20 593
33 0 0 18 595
34 0 0 17 596
35 0 0 15 598
35 0 0 15 598
36 0 0 12 601
37 0 0 10 603
38 0 0 9 604
38 0 0 9 604
39 0 0 7 606
39 0 0 7 606
40 0 0 6 607
41 0 0 6 607
41 0 0 6 607
42 0 0 6 607
43 0 0 5 608
44 0 0 5 608
44 0 0 5 608
45 0 0 4 609
46 0 0 4 609
46 0 0 4 609
47 0 0 2 611
47 0 0 2 611
48 0 0 2 611
48 0 0 2 611
49 0 0 2 611
49 0 0 2 611
50 0 0 2 611
51 0 0 1 612
51 0 0 1 612
52 0 0 1 612
53 0 0 1 612
54 0 0 1 612
54 0 0 1 612
55 0 0 0 613
55 0 0 0 613
56 0 0 0 613
56 0 0 0 613
57 0 0 0 613
57 0 0 0 613
58 0 0 0 613
58 0 0 0 613
59 0 0 0 613
59 0 0 0 613
60 0 0 0 613
60 0 0 0 613
61 0 0 0 613
