Time S E I R
0 595.919203286 0 0 0
1 595.919203286 0 0 0
1 584.352103286 11.5671 0 0
2 573.013403286 17.9058 5 0
3 561.626603286 26.2926 7 1
4 546.159703286 27.7595 21 1
5 522.516403286 34.4028 38 1
6 501.660703286 36.2585 51 7
7 473.279903286 41.6393 71 10
8 444.005403286 49.9138 83 19
9 402.835003286 57.0842 103 33
10 377.027403286 49.8918 121 48
11 348.061503286 52.8577 131 64
12 317.548503286 50.3707 146 82
13 295.287903286 36.6313 161 103
14 260.045503286 41.8737 173 121
15 241.817003286 36.1022 168 150
16 215.714803286 38.2044 174 168
17 194.614603286 34.3046 176 191
18 173.578503286 33.3407 173 216
19 160.556503286 27.3627 168 240
20 145.536403286 30.3828 158 262
21 137.506403286 26.4128 147 285
22 127.484303286 24.4349 135 309
23 114.454303286 22.4649 128 331
24 104.440203286 10.479 137 344
25 95.428203286 8.491 132 360
26 85.410203286 12.509 131 367
27 74.390103286 17.5291 122 382
28 68.376103286 12.5431 120 395
29 65.370103286 8.5491 115 407
30 59.352103286 7.5671 109 420
31 57.344003286 5.5752 104 429
32 53.334003286 5.5852 96 441
33 47.324003286 5.5952 89 454
34 47.312003286 4.6072 82 462
35 44.306003286 3.6132 77 471
36 41.291903286 5.6273 73 476
37 40.285903286 3.6333 71 481
38 39.277903286 2.6413 65 489
39 38.263903286 1.6553 56 500
40 36.253903286 1.6653 53 505
41 36.245903286 1.6733 46 512
42 36.237803286 0 43 517
43 34.229803286 1.008 36 525
44 34.223803286 1.014 34 527
45 34.221803286 1.016 31 530
46 33.219803286 2.018 24 537
47 33.207803286 1.03 21 541
48 33.207803286 0.03 20 543
49 33.203803286 0.034 20 543
50 32.197803286 0.04 20 544
51 31.197803286 1.04 19 545
52 31.189703286 0.0481 17 548
53 31.187703286 0.0501 13 552
54 31.181703286 0.0561 12 553
55 31.181703286 -0.9439 12 554
55 31.175703286 0 12 554
56 30.173703286 0.002 10 557
57 30.173703286 0.002 8 559
57 30.171703286 0.004 8 559
58 30.171703286 0.004 6 561
58 30.167703286 0.008 6 561
59 29.167703286 1.008 5 562
59 29.167703286 1.008 5 562
60 29.159703286 1.016 4 563
