Time S E I R
0 473.843955514 0 0 0
1 473.843955514 0 0 0
1 462.276855514 11.5671 0 0
2 434.938155514 28.9058 10 0
3 319.551355514 111.2926 38 5
4 120.084455514 209.7595 128 16
5 5.084455514 198.7595 229 41
6 1.084455514 106.7595 287 79
7 0 64.7595 300 110
8 0 42.7595 281 151
9 0 24.7595 270 180
10 0 16.7595 239 219
11 0 6.7595 223 245
12 0 1.7595 202 271
13 0 0.7595 177 297
14 0 0.7595 154 320
15 0 0.7595 133 341
16 0 0.7595 112 362
17 0 0 96 379
18 0 0 84 391
19 0 0 69 406
20 0 0 60 415
21 0 0 46 429
22 0 0 41 434
23 0 0 38 437
24 0 0 34 441
25 0 0 32 443
26 0 0 28 447
27 0 0 21 454
27 0 0 21 454
28 0 0 20 455
29 0 0 18 457
30 0 0 17 458
31 0 0 16 459
31 0 0 16 459
32 0 0 12 463
33 0 0 11 464
33 0 0 11 464
34 0 0 11 464
34 0 0 11 464
35 0 0 9 466
36 0 0 6 469
36 0 0 6 469
37 0 0 6 469
37 0 0 6 469
38 0 0 6 469
39 0 0 6 469
40 0 0 4 471
40 0 0 4 471
41 0 0 3 472
42 0 0 3 472
42 0 0 3 472
43 0 0 2 473
43 0 0 2 473
44 0 0 2 473
45 0 0 1 474
46 0 0 1 474
46 0 0 1 474
47 0 0 1 474
47 0 0 1 474
48 0 0 1 474
48 0 0 1 474
49 0 0 1 474
49 0 0 1 474
50 0 0 0 475
50 0 0 0 475
51 0 0 0 475
51 0 0 0 475
52 0 0 0 475
52 0 0 0 475
53 0 0 0 475
53 0 0 0 475
54 0 0 0 475
54 0 0 0 475
55 0 0 0 475
55 0 0 0 475
56 0 0 0 475
56 0 0 0 475
57 0 0 0 475
57 0 0 0 475
58 0 0 0 475
58 0 0 0 475
59 0 0 0 475
59 0 0 0 475
60 0 0 0 475
60 0 0 0 475
61 0 0 0 475
