Time S E I R
0 393.551541369 0 0 0
1 393.551541369 0 0 0
1 381.984441369 11.5671 0 0
2 365.645741369 23.9058 4 0
3 335.258941369 41.2926 13 4
4 260.792041369 87.7595 38 7
5 130.148741369 144.4028 105 14
6 26.293041369 160.2585 179 28
7 5.293041369 103.2585 234 51
8 0.293041369 66.2585 237 90
9 0 45.2585 227 122
10 0 20.2585 216 158
11 0 9.2585 198 187
12 0 2.2585 176 216
13 0 0.2585 158 236
14 0 0 147 248
15 0 0 130 265
16 0 0 117 278
17 0 0 105 290
18 0 0 93 302
19 0 0 80 315
20 0 0 70 325
21 0 0 63 332
22 0 0 57 338
23 0 0 44 351
24 0 0 40 355
25 0 0 37 358
26 0 0 30 365
27 0 0 25 370
28 0 0 24 371
29 0 0 22 373
30 0 0 21 374
31 0 0 20 375
32 0 0 17 378
33 0 0 16 379
34 0 0 14 381
35 0 0 14 381
36 0 0 14 381
37 0 0 11 384
37 0 0 11 384
38 0 0 10 385
38 0 0 10 385
39 0 0 8 387
40 0 0 7 388
41 0 0 7 388
42 0 0 7 388
42 0 0 7 388
43 0 0 7 388
43 0 0 7 388
44 0 0 6 389
44 0 0 6 389
45 0 0 5 390
45 0 0 5 390
46 0 0 4 391
46 0 0 4 391
47 0 0 2 393
47 0 0 2 393
48 0 0 0 395
48 0 0 0 395
49 0 0 0 395
49 0 0 0 395
50 0 0 0 395
50 0 0 0 395
51 0 0 0 395
51 0 0 0 395
52 0 0 0 395
52 0 0 0 395
53 0 0 0 395
53 0 0 0 395
54 0 0 0 395
54 0 0 0 395
55 0 0 0 395
55 0 0 0 395
56 0 0 0 395
56 0 0 0 395
57 0 0 0 395
57 0 0 0 395
58 0 0 0 395
58 0 0 0 395
59 0 0 0 395
59 0 0 0 395
60 0 0 0 395
60 0 0 0 395
61 0 0 0 395
