Time S E I R
0 942.905998856 0 0 0
1 942.905998856 0 0 0
1 931.338898856 11.5671 0 0
2 865.000198856 64.9058 11 2
3 602.613398856 249.2926 82 9
4 116.146498856 501.7595 291 34
5 2.146498856 361.7595 486 93
6 0.146498856 203.7595 582 157
7 0 109.7595 605 229
8 0 63.7595 561 319
9 0 38.7595 512 393
10 0 22.7595 464 457
11 0 16.7595 407 520
12 0 6.7595 365 572
13 0 3.7595 330 610
14 0 3.7595 293 647
15 0 1.7595 257 685
16 0 0.7595 230 713
17 0 0.7595 193 750
18 0 0 176 768
19 0 0 153 791
20 0 0 132 812
21 0 0 115 829
22 0 0 103 841
23 0 0 91 853
24 0 0 83 861
25 0 0 73 871
26 0 0 65 879
27 0 0 58 886
28 0 0 53 891
29 0 0 45 899
30 0 0 42 902
31 0 0 36 908
32 0 0 31 913
33 0 0 26 918
34 0 0 19 925
35 0 0 19 925
36 0 0 19 925
37 0 0 15 929
38 0 0 14 930
39 0 0 12 932
40 0 0 12 932
41 0 0 11 933
42 0 0 11 933
42 0 0 11 933
43 0 0 10 934
44 0 0 9 935
45 0 0 8 936
46 0 0 7 937
46 0 0 7 937
47 0 0 6 938
48 0 0 5 939
48 0 0 5 939
49 0 0 4 940
50 0 0 4 940
50 0 0 4 940
51 0 0 3 941
52 0 0 3 941
53 0 0 3 941
54 0 0 3 941
54 0 0 3 941
55 0 0 3 941
55 0 0 3 941
56 0 0 3 941
56 0 0 3 941
57 0 0 2 942
57 0 0 2 942
58 0 0 2 942
58 0 0 2 942
59 0 0 2 942
59 0 0 2 942
60 0 0 1 943
60 0 0 1 943
61 0 0 1 943
