Time S E I R
0 372.698526433 0 0 0
1 372.698526433 0 0 0
1 361.131426433 11.5671 0 0
2 349.792726433 21.9058 1 0
3 334.405926433 27.2926 10 1
4 299.939026433 42.7595 27 3
5 253.295726433 63.4028 48 8
6 170.440026433 100.2585 91 11
7 80.059226433 126.6393 134 32
8 33.784726433 114.9138 175 49
9 7.614326433 92.0842 187 86
10 2.806726433 57.8918 200 112
11 0.806726433 39.8918 193 139
12 0 23.8918 181 168
13 0 12.8918 176 184
14 0 7.8918 170 195
15 0 3.8918 156 213
16 0 1.8918 141 230
17 0 1.8918 126 245
18 0 1.8918 105 266
19 0 0.8918 96 276
20 0 0.8918 86 286
21 0 0 79 294
22 0 0 71 302
23 0 0 63 310
24 0 0 53 320
25 0 0 46 327
26 0 0 41 332
27 0 0 38 335
28 0 0 31 342
29 0 0 28 345
30 0 0 25 348
31 0 0 20 353
32 0 0 17 356
33 0 0 15 358
33 0 0 15 358
34 0 0 13 360
35 0 0 13 360
36 0 0 12 361
37 0 0 10 363
37 0 0 10 363
38 0 0 9 364
39 0 0 8 365
39 0 0 8 365
40 0 0 6 367
40 0 0 6 367
41 0 0 6 367
42 0 0 5 368
42 0 0 5 368
43 0 0 3 370
43 0 0 3 370
44 0 0 3 370
44 0 0 3 370
45 0 0 3 370
45 0 0 3 370
46 0 0 2 371
46 0 0 2 371
47 0 0 1 372
47 0 0 1 372
48 0 0 1 372
48 0 0 1 372
49 0 0 1 372
49 0 0 1 372
50 0 0 1 372
50 0 0 1 372
51 0 0 0 373
51 0 0 0 373
52 0 0 0 373
52 0 0 0 373
53 0 0 0 373
53 0 0 0 373
54 0 0 0 373
54 0 0 0 373
55 0 0 0 373
55 0 0 0 373
56 0 0 0 373
56 0 0 0 373
57 0 0 0 373
57 0 0 0 373
58 0 0 0 373
58 0 0 0 373
59 0 0 0 373
59 0 0 0 373
60 0 0 0 373
60 0 0 0 373
61 0 0 0 373
