Time S E I R
0 272.414030416 0 0 0
1 272.414030416 0 0 0
1 260.846930416 11.5671 0 0
2 239.508230416 24.9058 8 0
3 199.121430416 53.2926 20 0
4 112.654530416 93.7595 62 4
5 33.011230416 116.4028 107 16
6 1.155530416 86.2585 159 26
7 1.155530416 49.2585 178 44
8 0.155530416 35.2585 172 65
9 0.155530416 24.2585 161 87
10 0.155530416 12.2585 153 107
11 0.155530416 8.2585 136 128
12 0 5.2585 130 138
13 0 4.2585 118 151
14 0 1.2585 108 164
15 0 1.2585 89 183
16 0 1.2585 79 193
17 0 1.2585 64 208
18 0 0.2585 57 216
19 0 0.2585 48 225
20 0 0.2585 40 233
21 0 0 37 237
22 0 0 33 241
23 0 0 32 242
24 0 0 26 248
25 0 0 18 256
26 0 0 16 258
27 0 0 15 259
28 0 0 14 260
29 0 0 12 262
30 0 0 9 265
31 0 0 8 266
32 0 0 6 268
33 0 0 6 268
34 0 0 6 268
35 0 0 4 270
36 0 0 4 270
36 0 0 4 270
37 0 0 4 270
37 0 0 4 270
38 0 0 4 270
38 0 0 4 270
39 0 0 4 270
40 0 0 4 270
41 0 0 4 270
41 0 0 4 270
42 0 0 3 271
43 0 0 2 272
43 0 0 2 272
44 0 0 2 272
44 0 0 2 272
45 0 0 1 273
45 0 0 1 273
46 0 0 1 273
47 0 0 0 274
47 0 0 0 274
48 0 0 0 274
48 0 0 0 274
49 0 0 0 274
49 0 0 0 274
50 0 0 0 274
50 0 0 0 274
51 0 0 0 274
51 0 0 0 274
52 0 0 0 274
52 0 0 0 274
53 0 0 0 274
53 0 0 0 274
54 0 0 0 274
54 0 0 0 274
55 0 0 0 274
55 0 0 0 274
56 0 0 0 274
56 0 0 0 274
57 0 0 0 274
57 0 0 0 274
58 0 0 0 274
58 0 0 0 274
59 0 0 0 274
59 0 0 0 274
60 0 0 0 274
60 0 0 0 274
61 0 0 0 274
