Time S E I R
0 692.868852004 0 0 0
1 692.868852004 0 0 0
1 681.301752004 11.5671 0 0
2 667.963052004 15.9058 8 1
3 643.576252004 29.2926 18 2
4 622.109352004 36.7595 29 5
5 589.466052004 49.4028 42 12
6 544.610352004 59.2585 68 21
7 488.229552004 65.6393 107 32
8 412.955052004 86.9138 145 48
9 351.784652004 88.0842 171 82
10 284.977052004 98.8918 210 99
11 221.011152004 101.8577 240 130
12 165.498152004 109.3707 249 169
13 126.237552004 86.6313 279 201
14 97.995152004 68.8737 290 236
15 68.766652004 57.1022 304 263
16 57.664452004 44.2044 290 301
17 40.564252004 38.3046 269 345
18 26.528152004 38.3407 250 378
19 15.506152004 22.3627 254 401
20 12.486052004 18.3828 221 441
21 11.456052004 14.4128 202 465
22 9.433952004 8.4349 189 486
23 8.403952004 8.4649 170 506
24 7.389852004 7.479 148 530
25 7.377852004 5.491 127 553
26 6.359852004 3.509 117 566
27 5.339752004 1.5291 107 579
28 3.325752004 1.5431 101 587
29 3.319752004 0.5491 88 601
30 2.301752004 1.5671 76 613
31 2.293652004 0.5752 61 629
32 2.283652004 0.5852 54 636
33 2.273652004 0.5952 49 641
34 2.261652004 0.6072 42 648
35 2.255652004 0.6132 36 654
36 2.241552004 0 36 655
37 1.235552004 1.006 27 664
38 1.227552004 1.014 22 669
39 1.213552004 1.028 19 672
40 1.203552004 1.038 18 673
41 1.195552004 1.046 17 674
42 1.187452004 1.0541 15 676
43 1.179452004 0.0621 13 679
44 1.179452004 0.0621 10 682
44 1.173452004 0.0681 10 682
45 1.173452004 0.0681 9 683
45 1.171452004 0.0701 9 683
46 1.169452004 0.0721 8 684
47 1.157452004 0.0841 7 685
48 1.157452004 0.0841 6 686
49 1.157452004 0.0841 4 688
49 1.153452004 0.0881 4 688
50 1.153452004 0.0881 4 688
50 1.147452004 0.0941 4 688
51 1.147452004 0.0941 4 688
51 1.147452004 0.0941 4 688
52 1.147452004 0.0941 4 688
52 1.139352004 0.1022 4 688
53 1.137352004 0.1042 4 688
54 1.137352004 0.1042 3 689
54 1.131352004 0.1102 3 689
55 1.131352004 0.1102 3 689
55 1.125352004 0.1162 3 689
56 1.123352004 0 3 690
57 1.121352004 0.002 3 690
58 1.117352004 0.006 2 691
59 1.117352004 0.006 2 691
59 1.117352004 0.006 2 691
60 1.117352004 0.006 2 691
60 1.109352004 0.014 2 691
61 1.109352004 0.014 2 691
