Time S E I R
0 455.751372196 0 0 0
1 455.751372196 0 0 0
1 444.184272196 11.5671 0 0
2 408.845572196 36.9058 10 0
3 288.458772196 118.2926 45 4
4 100.991872196 211.7595 130 13
5 1.348572196 195.4028 222 37
6 1.348572196 106.4028 284 64
7 0.348572196 53.4028 288 114
8 0 33.4028 271 152
9 0 17.4028 265 174
10 0 11.4028 232 213
11 0 7.4028 210 239
12 0 3.4028 186 267
13 0 2.4028 160 294
14 0 0.4028 142 314
15 0 0.4028 127 329
16 0 0.4028 111 345
17 0 0.4028 103 353
18 0 0.4028 88 368
19 0 0.4028 78 378
20 0 0.4028 71 385
21 0 0.4028 63 393
22 0 0.4028 55 401
23 0 0.4028 50 406
24 0 0.4028 43 413
25 0 0.4028 35 421
26 0 0.4028 28 428
27 0 0.4028 25 431
28 0 0.4028 22 434
29 0 0.4028 18 438
30 0 0.4028 17 439
30 0 0.4028 17 439
31 0 0.4028 14 442
31 0 0.4028 14 442
32 0 0.4028 10 446
32 0 0.4028 10 446
33 0 0.4028 8 448
33 0 0.4028 8 448
34 0 0 8 449
35 0 0 7 450
36 0 0 5 452
37 0 0 5 452
37 0 0 5 452
38 0 0 5 452
38 0 0 5 452
39 0 0 4 453
39 0 0 4 453
40 0 0 3 454
41 0 0 3 454
42 0 0 2 455
42 0 0 2 455
43 0 0 1 456
43 0 0 1 456
44 0 0 1 456
44 0 0 1 456
45 0 0 1 456
46 0 0 1 456
46 0 0 1 456
47 0 0 1 456
47 0 0 1 456
48 0 0 1 456
49 0 0 1 456
49 0 0 1 456
50 0 0 1 456
50 0 0 1 456
51 0 0 1 456
51 0 0 1 456
52 0 0 1 456
52 0 0 1 456
53 0 0 0 457
53 0 0 0 457
54 0 0 0 457
54 0 0 0 457
55 0 0 0 457
55 0 0 0 457
56 0 0 0 457
56 0 0 0 457
57 0 0 0 457
57 0 0 0 457
58 0 0 0 457
58 0 0 0 457
59 0 0 0 457
59 0 0 0 457
60 0 0 0 457
60 0 0 0 457
61 0 0 0 457
