Time S E I R
0 958.345682367 0 0 0
1 958.345682367 0 0 0
1 946.778582367 11.5671 0 0
2 931.439882367 19.9058 6 1
3 909.053082367 32.2926 14 3
4 885.586182367 35.7595 26 11
5 841.942882367 59.4028 42 15
6 784.087182367 79.2585 76 19
7 683.706382367 130.6393 117 27
8 580.431882367 158.9138 179 40
9 457.261482367 185.0842 249 67
10 339.453882367 194.8918 314 110
11 236.487982367 181.8577 387 153
12 144.974982367 167.3707 433 213
13 84.714382367 140.6313 443 290
14 55.471982367 102.8737 449 351
15 32.243482367 71.1022 444 411
16 19.141282367 41.2044 433 465
17 10.041082367 34.3046 400 514
18 9.004982367 14.3407 372 563
19 4.982982367 12.3627 345 596
20 2.962882367 11.3828 305 639
21 2.932882367 7.4128 268 680
22 1.910782367 3.4349 236 717
23 1.880782367 2.4649 200 754
24 0.866682367 2.479 175 780
25 0.854682367 1.491 150 806
26 0 2.491 135 821
27 0 1.491 124 833
28 0 1.491 105 852
29 0 0.491 94 864
30 0 0.491 82 876
31 0 0.491 76 882
32 0 0.491 63 895
33 0 0.491 51 907
34 0 0 44 915
35 0 0 38 921
36 0 0 31 928
37 0 0 28 931
38 0 0 24 935
39 0 0 19 940
40 0 0 18 941
41 0 0 16 943
42 0 0 13 946
42 0 0 13 946
43 0 0 12 947
44 0 0 9 950
45 0 0 9 950
45 0 0 9 950
46 0 0 7 952
47 0 0 7 952
48 0 0 7 952
49 0 0 6 953
49 0 0 6 953
50 0 0 6 953
50 0 0 6 953
51 0 0 6 953
52 0 0 5 954
53 0 0 4 955
53 0 0 4 955
54 0 0 4 955
54 0 0 4 955
55 0 0 3 956
55 0 0 3 956
56 0 0 2 957
56 0 0 2 957
57 0 0 1 958
57 0 0 1 958
58 0 0 1 958
58 0 0 1 958
59 0 0 1 958
59 0 0 1 958
60 0 0 0 959
60 0 0 0 959
61 0 0 0 959
