Time S E I R
0 777.991149721 0 0 0
1 777.991149721 0 0 0
1 766.424049721 11.5671 0 0
2 741.085349721 32.9058 4 0
3 641.698549721 108.2926 27 1
4 221.231649721 385.7595 157 14
5 7.231649721 353.7595 368 49
6 0 207.7595 480 91
7 0 118.7595 509 151
8 0 58.7595 497 223
9 0 32.7595 465 281
10 0 14.7595 416 348
11 0 8.7595 379 391
12 0 5.7595 333 440
13 0 3.7595 300 475
14 0 2.7595 266 510
15 0 1.7595 242 535
16 0 0.7595 216 562
17 0 0.7595 188 590
18 0 0 163 616
19 0 0 148 631
20 0 0 129 650
21 0 0 122 657
22 0 0 110 669
23 0 0 96 683
24 0 0 83 696
25 0 0 71 708
26 0 0 66 713
27 0 0 63 716
28 0 0 55 724
29 0 0 48 731
30 0 0 41 738
31 0 0 31 748
32 0 0 30 749
33 0 0 21 758
34 0 0 17 762
35 0 0 17 762
36 0 0 15 764
37 0 0 13 766
38 0 0 10 769
39 0 0 9 770
39 0 0 9 770
40 0 0 8 771
41 0 0 8 771
42 0 0 8 771
42 0 0 8 771
43 0 0 6 773
44 0 0 6 773
45 0 0 5 774
45 0 0 5 774
46 0 0 4 775
46 0 0 4 775
47 0 0 4 775
48 0 0 4 775
49 0 0 4 775
50 0 0 4 775
51 0 0 3 776
51 0 0 3 776
52 0 0 3 776
53 0 0 2 777
53 0 0 2 777
54 0 0 2 777
55 0 0 2 777
56 0 0 2 777
56 0 0 2 777
57 0 0 2 777
57 0 0 2 777
58 0 0 2 777
58 0 0 2 777
59 0 0 2 777
60 0 0 2 777
60 0 0 2 777
