Time S E I R
0 416.541777062 0 0 0
1 416.541777062 0 0 0
1 404.974677062 11.5671 0 0
2 385.635977062 25.9058 4 1
3 318.249177062 75.2926 19 4
4 170.782277062 154.7595 80 11
5 22.138977062 197.4028 174 23
6 0.138977062 124.4028 240 52
7 0.138977062 79.4028 258 79
8 0.138977062 49.4028 244 123
9 0 26.4028 237 154
10 0 18.4028 214 185
11 0 9.4028 204 204
12 0 4.4028 184 229
13 0 3.4028 165 249
14 0 2.4028 146 269
15 0 1.4028 129 287
16 0 1.4028 109 307
17 0 0.4028 101 316
18 0 0.4028 94 323
19 0 0 84 334
20 0 0 74 344
21 0 0 72 346
22 0 0 66 352
23 0 0 59 359
24 0 0 52 366
25 0 0 50 368
26 0 0 41 377
27 0 0 37 381
28 0 0 36 382
29 0 0 31 387
30 0 0 24 394
31 0 0 22 396
32 0 0 21 397
33 0 0 21 397
34 0 0 19 399
35 0 0 17 401
36 0 0 13 405
37 0 0 12 406
38 0 0 10 408
39 0 0 9 409
39 0 0 9 409
40 0 0 8 410
41 0 0 6 412
42 0 0 5 413
42 0 0 5 413
43 0 0 5 413
43 0 0 5 413
44 0 0 4 414
44 0 0 4 414
45 0 0 4 414
45 0 0 4 414
46 0 0 3 415
47 0 0 2 416
47 0 0 2 416
48 0 0 2 416
49 0 0 1 417
49 0 0 1 417
50 0 0 1 417
51 0 0 1 417
51 0 0 1 417
52 0 0 1 417
52 0 0 1 417
53 0 0 1 417
54 0 0 1 417
54 0 0 1 417
55 0 0 1 417
55 0 0 1 417
56 0 0 1 417
56 0 0 1 417
57 0 0 1 417
57 0 0 1 417
58 0 0 1 417
58 0 0 1 417
59 0 0 0 418
59 0 0 0 418
60 0 0 0 418
60 0 0 0 418
61 0 0 0 418
