Time S E I R
0 542.989678737 0 0 0
1 542.989678737 0 0 0
1 531.422578737 11.5671 0 0
2 517.083878737 21.9058 4 0
3 492.697078737 36.2926 12 2
4 415.230178737 82.7595 40 5
5 301.586878737 129.4028 100 12
6 159.731178737 182.2585 174 27
7 58.350378737 173.6393 261 50
8 10.075878737 136.9138 320 76
9 3.075878737 86.9138 341 112
10 1.075878737 55.9138 322 164
11 0.109978737 34.8797 307 201
12 0.109978737 16.8797 292 234
13 0.109978737 10.8797 258 274
14 0 5.8797 231 307
15 0 3.8797 213 327
16 0 2.8797 197 344
17 0 1.8797 171 371
18 0 0.8797 150 393
19 0 0.8797 127 416
20 0 0 114 430
21 0 0 96 448
22 0 0 86 458
23 0 0 76 468
24 0 0 65 479
25 0 0 49 495
26 0 0 45 499
27 0 0 35 509
28 0 0 32 512
29 0 0 28 516
30 0 0 25 519
31 0 0 23 521
32 0 0 20 524
33 0 0 18 526
33 0 0 18 526
34 0 0 17 527
35 0 0 14 530
36 0 0 12 532
37 0 0 11 533
38 0 0 7 537
38 0 0 7 537
39 0 0 7 537
39 0 0 7 537
40 0 0 6 538
41 0 0 4 540
42 0 0 4 540
42 0 0 4 540
43 0 0 4 540
43 0 0 4 540
44 0 0 4 540
45 0 0 4 540
45 0 0 4 540
46 0 0 3 541
46 0 0 3 541
47 0 0 3 541
47 0 0 3 541
48 0 0 2 542
49 0 0 2 542
50 0 0 2 542
50 0 0 2 542
51 0 0 2 542
51 0 0 2 542
52 0 0 2 542
52 0 0 2 542
53 0 0 2 542
53 0 0 2 542
54 0 0 1 543
54 0 0 1 543
55 0 0 0 544
55 0 0 0 544
56 0 0 0 544
56 0 0 0 544
57 0 0 0 544
57 0 0 0 544
58 0 0 0 544
58 0 0 0 544
59 0 0 0 544
59 0 0 0 544
60 0 0 0 544
60 0 0 0 544
61 0 0 0 544
