Time S E I R
0 608.345886806 0 0 0
1 608.345886806 0 0 0
1 596.778786806 11.5671 0 0
2 582.440086806 16.9058 8 1
3 564.053286806 27.2926 14 3
4 534.586386806 34.7595 32 7
5 485.943086806 58.4028 53 11
6 413.087386806 91.2585 87 17
7 325.706586806 115.6393 138 29
8 230.432086806 150.9138 180 47
9 155.261686806 142.0842 233 78
10 89.454086806 110.8918 295 113
11 46.488186806 87.8577 320 154
12 23.975186806 58.3707 338 188
13 16.714586806 36.6313 329 226
14 10.472186806 22.8737 311 264
15 5.243686806 13.1022 293 297
16 2.141486806 6.2044 270 330
17 0.041286806 3.3046 248 357
18 0.005186806 0.3407 226 382
19 0.005186806 0.3407 200 408
20 0.005186806 0.3407 172 436
21 0.005186806 0.3407 140 468
22 0.005186806 0.3407 126 482
23 0.005186806 0.3407 109 499
24 0.005186806 0.3407 97 511
25 0.005186806 0.3407 87 521
26 0.005186806 0.3407 80 528
27 0.005186806 0.3407 74 534
28 0.005186806 0 65 544
29 0.005186806 0 58 551
30 0.005186806 0 47 562
31 0.005186806 0 39 570
32 0.005186806 0 32 577
33 0.005186806 0 28 581
34 0.005186806 0 23 586
35 0.005186806 0 19 590
35 0.005186806 0 19 590
36 0.005186806 0 17 592
37 0.005186806 0 16 593
38 0.005186806 0 12 597
38 0.005186806 0 12 597
39 0.005186806 0 9 600
39 0.005186806 0 9 600
40 0.005186806 0 9 600
41 0.005186806 0 7 602
42 0.005186806 0 7 602
42 0.005186806 0 7 602
43 0.005186806 0 6 603
44 0.005186806 0 5 604
44 0.005186806 0 5 604
45 0.003186806 0.002 4 605
46 0.001186806 0.004 4 605
47 0.001186806 0.004 4 605
48 0.001186806 0.004 4 605
49 0.001186806 0.004 3 606
49 0.001186806 0.004 3 606
50 0.001186806 0.004 2 607
51 0.001186806 0.004 2 607
52 0.001186806 0.004 2 607
52 0.001186806 0.004 2 607
53 0.001186806 0.004 2 607
53 0.001186806 0.004 2 607
54 0.001186806 0.004 1 608
55 0.001186806 0.004 0 609
55 0.001186806 0.004 0 609
56 0.001186806 0.004 0 609
56 0.001186806 0.004 0 609
57 0.001186806 0.004 0 609
57 0.001186806 0.004 0 609
58 0.001186806 0.004 0 609
58 0.001186806 0.004 0 609
59 0.001186806 0.004 0 609
59 0.001186806 0.004 0 609
60 0.001186806 0.004 0 609
60 0.001186806 0.004 0 609
61 0.001186806 0.004 0 609
