Time S E I R
0 634.525952665 0 0 0
1 634.525952665 0 0 0
1 622.958852665 11.5671 0 0
2 592.620152665 30.9058 10 1
3 442.233352665 146.2926 42 4
4 150.766452665 319.7595 147 17
5 7.123152665 302.4028 282 43
6 0.123152665 198.4028 345 91
7 0.123152665 101.4028 392 141
8 0.123152665 56.4028 391 187
9 0.123152665 23.4028 371 240
10 0.123152665 15.4028 336 283
11 0 9.4028 288 338
12 0 3.4028 260 372
13 0 1.4028 232 402
14 0 1.4028 203 431
15 0 1.4028 181 453
16 0 1.4028 155 479
17 0 0.4028 143 492
18 0 0.4028 130 505
19 0 0.4028 117 518
20 0 0.4028 97 538
21 0 0.4028 84 551
22 0 0.4028 68 567
23 0 0.4028 56 579
24 0 0.4028 49 586
25 0 0.4028 41 594
26 0 0.4028 36 599
27 0 0.4028 30 605
28 0 0.4028 28 607
29 0 -0.5972 25 611
29 0 0 25 611
30 0 0 20 616
31 0 0 19 617
32 0 0 17 619
33 0 0 15 621
34 0 0 12 624
35 0 0 11 625
36 0 0 8 628
36 0 0 8 628
37 0 0 5 631
38 0 0 3 633
38 0 0 3 633
39 0 0 3 633
39 0 0 3 633
40 0 0 2 634
40 0 0 2 634
41 0 0 0 636
41 0 0 0 636
42 0 0 0 636
42 0 0 0 636
43 0 0 0 636
43 0 0 0 636
44 0 0 0 636
44 0 0 0 636
45 0 0 0 636
45 0 0 0 636
46 0 0 0 636
46 0 0 0 636
47 0 0 0 636
47 0 0 0 636
48 0 0 0 636
48 0 0 0 636
49 0 0 0 636
49 0 0 0 636
50 0 0 0 636
50 0 0 0 636
51 0 0 0 636
51 0 0 0 636
52 0 0 0 636
52 0 0 0 636
53 0 0 0 636
53 0 0 0 636
54 0 0 0 636
54 0 0 0 636
55 0 0 0 636
55 0 0 0 636
56 0 0 0 636
56 0 0 0 636
57 0 0 0 636
57 0 0 0 636
58 0 0 0 636
58 0 0 0 636
59 0 0 0 636
59 0 0 0 636
60 0 0 0 636
60 0 0 0 636
61 0 0 0 636
