Time S E I R
0 919.253415132 0 0 0
1 919.253415132 0 0 0
1 907.686315132 11.5671 0 0
2 854.347615132 52.9058 12 0
3 516.960815132 298.2926 101 3
4 29.493915132 512.7595 347 30
5 0.493915132 305.7595 533 80
6 0 178.7595 587 154
7 0 111.7595 591 217
8 0 74.7595 562 283
9 0 44.7595 522 353
10 0 20.7595 474 425
11 0 12.7595 424 483
12 0 7.7595 375 537
13 0 2.7595 331 586
14 0 2.7595 301 616
15 0 0.7595 274 645
16 0 0 241 679
17 0 0 203 717
18 0 0 171 749
19 0 0 146 774
20 0 0 130 790
21 0 0 109 811
22 0 0 92 828
23 0 0 82 838
24 0 0 68 852
25 0 0 62 858
26 0 0 56 864
27 0 0 49 871
28 0 0 40 880
29 0 0 37 883
30 0 0 28 892
31 0 0 24 896
32 0 0 22 898
33 0 0 17 903
34 0 0 15 905
35 0 0 14 906
35 0 0 14 906
36 0 0 13 907
37 0 0 13 907
38 0 0 12 908
39 0 0 10 910
40 0 0 10 910
41 0 0 9 911
42 0 0 9 911
43 0 0 6 914
44 0 0 6 914
44 0 0 6 914
45 0 0 6 914
45 0 0 6 914
46 0 0 6 914
47 0 0 4 916
47 0 0 4 916
48 0 0 4 916
48 0 0 4 916
49 0 0 4 916
49 0 0 4 916
50 0 0 3 917
51 0 0 3 917
52 0 0 3 917
53 0 0 3 917
54 0 0 3 917
54 0 0 3 917
55 0 0 2 918
55 0 0 2 918
56 0 0 1 919
57 0 0 1 919
57 0 0 1 919
58 0 0 1 919
58 0 0 1 919
59 0 0 1 919
59 0 0 1 919
60 0 0 1 919
60 0 0 1 919
61 0 0 1 919
