Time S E I R
0 255 0 0 0
1 255 0 0 0
1 243.4329 11.5671 0 0
2 231.0942 17.9058 6 0
3 215.7074 25.2926 14 0
4 204.2405 27.7595 23 0
5 188.5972 26.4028 36 4
6 176.7415 24.2585 41 13
7 166.3607 21.6393 48 19
8 151.0862 24.9138 54 25
9 134.9158 27.0842 62 31
10 124.1082 28.8918 68 34
11 113.1423 21.8577 78 42
12 103.6293 18.3707 82 51
13 98.3687 19.6313 80 57
14 91.1263 17.8737 77 69
15 81.8978 15.1022 83 75
16 71.7956 15.2044 80 88
17 68.6954 14.3046 77 95
18 64.6593 14.3407 67 109
19 63.6373 7.3627 65 119
20 58.6172 8.3828 63 125
21 56.5872 5.4128 59 134
22 52.5651 5.4349 55 142
23 51.5351 5.4649 51 147
24 49.521 5.479 45 155
25 45.509 6.491 47 156
26 41.491 7.509 44 162
27 40.4709 6.5291 42 166
28 39.4569 6.5431 37 172
29 37.4509 3.5491 33 181
30 36.4329 3.5671 34 181
31 35.4248 2.5752 35 182
32 34.4148 1.5852 30 189
33 34.4048 0.5952 23 197
34 34.3928 0 21 200
35 34.3868 0.006 19 202
36 33.3727 0.0201 20 202
37 32.3667 0.0261 18 205
38 32.3587 0.0341 16 207
39 31.3447 1.0481 15 208
40 30.3347 2.0581 13 210
41 30.3267 1.0661 11 213
42 30.3186 1.0742 8 216
43 30.3106 1.0822 7 217
44 30.3046 1.0882 5 219
45 30.3026 1.0902 4 220
46 30.3026 0.0902 5 220
46 30.3006 0.0922 5 220
47 30.2886 0.1042 4 221
48 30.2886 0.1042 4 221
49 30.2886 0.1042 4 221
49 30.2846 0.1082 4 221
50 30.2786 0.1142 4 221
51 30.2786 0.1142 3 222
51 30.2786 0.1142 3 222
52 30.2705 0.1223 2 223
53 30.2705 0.1223 1 224
53 30.2685 0.1243 1 224
54 29.2625 0.1303 2 224
55 29.2625 0.1303 1 225
55 29.2565 0.1363 1 225
56 29.2545 0.1383 1 225
57 29.2525 0.1403 1 225
58 29.2485 0.1443 1 225
59 29.2485 0.1443 1 225
59 29.2485 0.1443 1 225
60 29.2485 0.1443 1 225
60 29.2405 0.1523 1 225
