Time S E I R
0 255 0 0 0
1 255 0 0 0
1 243.4329 11.5671 0 0
2 231.0942 20.9058 3 0
3 218.7074 22.2926 12 2
4 208.2405 21.7595 20 5
5 195.5972 19.4028 26 14
6 185.7415 20.2585 31 18
7 174.3607 20.6393 38 22
8 165.0862 21.9138 42 26
9 159.9158 18.0842 47 30
10 153.1082 14.8918 54 33
11 147.1423 14.8577 53 40
12 140.6293 15.3707 55 44
13 135.3687 9.6313 62 48
14 133.1263 6.8737 58 57
15 128.8978 7.1022 56 63
16 125.7956 9.2044 46 74
17 121.6954 6.3046 43 84
18 118.6593 5.3407 40 91
19 113.6373 6.3627 41 94
20 110.6172 4.3828 42 98
21 109.5872 3.4128 38 104
22 108.5651 2.4349 36 108
23 105.5351 4.4649 33 112
24 102.521 6.479 30 116
25 99.509 7.491 26 122
26 98.491 6.509 23 127
27 96.4709 3.5291 24 131
28 96.4569 1.5431 21 136
29 95.4509 1.5491 18 140
30 94.4329 1.5671 17 142
31 92.4248 2.5752 16 144
32 91.4148 0.5852 16 147
33 90.4048 0 16 149
34 89.3928 1.012 14 151
35 88.3868 0.018 12 155
36 88.3727 0.0321 11 156
37 86.3667 2.0381 8 159
38 86.3587 1.0461 9 159
39 85.3447 1.0601 9 160
40 85.3447 0.0601 9 161
40 85.3347 0.0701 9 161
41 84.3267 1.0781 9 161
42 80.3186 5.0862 7 163
43 79.3106 3.0942 9 164
44 79.3046 1.1002 11 164
45 79.3026 0.1022 10 166
46 78.3006 0 11 167
47 77.2886 1.012 10 168
48 77.2886 1.012 10 168
49 77.2846 1.016 10 168
50 75.2786 3.022 9 169
51 75.2786 3.022 7 171
52 75.2705 1.0301 7 173
53 75.2705 1.0301 7 173
53 75.2685 1.0321 7 173
54 74.2625 1.0381 7 174
55 74.2565 0.0441 7 175
56 74.2545 0.0461 6 176
57 74.2545 0.0461 5 177
57 74.2525 0.0481 5 177
58 74.2525 0.0481 3 179
58 74.2485 0.0521 3 179
59 74.2485 0.0521 1 181
59 74.2485 0.0521 1 181
60 74.2485 0.0521 1 181
60 74.2405 0.0601 1 181
61 74.2405 0.0601 1 181
