Time S E I R
0 716.96307405 0 0 0
1 716.96307405 0 0 0
1 705.39597405 11.5671 0 0
2 669.05727405 36.9058 11 0
3 467.67047405 188.2926 56 5
4 90.20357405 394.7595 207 25
5 1.20357405 296.7595 356 63
6 0 162.7595 439 116
7 0 91.7595 452 174
8 0 53.7595 438 226
9 0 34.7595 403 280
10 0 21.7595 367 329
11 0 12.7595 338 367
12 0 7.7595 314 396
13 0 0.7595 285 432
14 0 0.7595 245 472
15 0 0.7595 218 499
16 0 0.7595 198 519
17 0 0.7595 169 548
18 0 0.7595 148 569
19 0 0 135 583
20 0 0 111 607
21 0 0 93 625
22 0 0 78 640
23 0 0 69 649
24 0 0 64 654
25 0 0 57 661
26 0 0 50 668
27 0 0 43 675
28 0 0 39 679
29 0 0 35 683
30 0 0 30 688
31 0 0 28 690
32 0 0 24 694
33 0 0 18 700
34 0 0 17 701
35 0 0 15 703
36 0 0 9 709
37 0 0 8 710
38 0 0 7 711
38 0 0 7 711
39 0 0 6 712
39 0 0 6 712
40 0 0 6 712
41 0 0 4 714
41 0 0 4 714
42 0 0 2 716
42 0 0 2 716
43 0 0 2 716
43 0 0 2 716
44 0 0 2 716
44 0 0 2 716
45 0 0 1 717
45 0 0 1 717
46 0 0 1 717
46 0 0 1 717
47 0 0 1 717
48 0 0 1 717
48 0 0 1 717
49 0 0 1 717
49 0 0 1 717
50 0 0 1 717
50 0 0 1 717
51 0 0 0 718
51 0 0 0 718
52 0 0 0 718
52 0 0 0 718
53 0 0 0 718
53 0 0 0 718
54 0 0 0 718
54 0 0 0 718
55 0 0 0 718
55 0 0 0 718
56 0 0 0 718
56 0 0 0 718
57 0 0 0 718
57 0 0 0 718
58 0 0 0 718
58 0 0 0 718
59 0 0 0 718
59 0 0 0 718
60 0 0 0 718
60 0 0 0 718
61 0 0 0 718
