Time S E I R
0 255 0 0 0
1 255 0 0 0
1 243.4329 11.5671 0 0
2 228.0942 18.9058 8 0
3 212.7074 26.2926 14 2
4 200.2405 24.7595 28 2
5 187.5972 28.4028 34 5
6 172.7415 27.2585 46 9
7 155.3607 31.6393 47 21
8 135.0862 42.9138 46 31
9 126.9158 35.0842 55 38
10 117.1082 32.8918 59 46
11 104.1423 29.8577 67 54
12 89.6293 26.3707 75 64
13 77.3687 21.6313 84 72
14 71.1263 12.8737 88 83
15 57.8978 17.1022 88 92
16 49.7956 15.2044 86 104
17 41.6954 15.3046 82 116
18 35.6593 10.3407 80 129
19 33.6373 5.3627 79 137
20 29.6172 5.3828 73 147
21 27.5872 5.4128 66 156
22 23.5651 6.4349 62 163
23 22.5351 3.4649 55 174
24 20.521 3.479 49 182
25 17.509 5.491 45 187
26 16.491 5.509 42 191
27 16.4709 3.5291 39 196
28 15.4569 2.5431 35 202
29 15.4509 0.5491 34 205
30 14.4329 1.5671 31 208
31 13.4248 2.5752 30 209
32 13.4148 0.5852 27 214
33 12.4048 0.5952 23 219
34 12.3928 0.6072 20 222
35 11.3868 1.6132 19 223
36 10.3727 1.6273 18 225
37 10.3667 0.6333 18 226
38 10.3587 0.6413 15 229
39 10.3447 0.6553 12 232
40 10.3347 0 11 234
41 10.3267 0.008 11 234
42 10.3186 0.0161 9 236
43 10.3106 0.0241 7 238
44 10.3106 0.0241 5 240
44 10.3046 0.0301 5 240
45 10.3046 0.0301 5 240
45 10.3026 0.0321 5 240
46 10.3026 0.0321 4 241
46 10.3006 0.0341 4 241
47 10.3006 0.0341 3 242
47 10.2886 0.0461 3 242
48 10.2886 0.0461 2 243
49 10.2846 0.0501 2 243
50 9.2786 0.0561 3 243
51 9.2786 0.0561 3 243
52 9.2786 0.0561 2 244
52 9.2705 0.0642 2 244
53 9.2685 0.0662 2 244
54 9.2625 0.0722 2 244
55 9.2625 0.0722 2 244
55 9.2565 0.0782 2 244
56 9.2565 0.0782 2 244
56 9.2545 0.0802 2 244
57 9.2525 0.0822 2 244
58 9.2525 0.0822 2 244
58 9.2485 0.0862 2 244
59 9.2485 0.0862 2 244
59 9.2485 0.0862 2 244
60 9.2405 0.0942 2 244
61 9.2405 0.0942 2 244
