Time S E I R
0 659.298114436 0 0 0
1 659.298114436 0 0 0
1 647.731014436 11.5671 0 0
2 625.392314436 24.9058 8 1
3 523.005514436 98.2926 35 3
4 328.538614436 204.7595 114 12
5 102.895314436 307.4028 222 27
6 5.039614436 253.2585 333 68
7 0.039614436 143.2585 403 113
8 0.039614436 78.2585 410 171
9 0.039614436 43.2585 393 223
10 0.039614436 18.2585 362 279
11 0.039614436 7.2585 322 330
12 0.039614436 4.2585 288 367
13 0.039614436 4.2585 262 393
14 0.039614436 3.2585 235 421
15 0.039614436 2.2585 205 452
16 0.039614436 1.2585 184 474
17 0.039614436 1.2585 160 498
18 0 0 145 516
19 0 0 122 539
20 0 0 103 558
21 0 0 94 567
22 0 0 82 579
23 0 0 71 590
24 0 0 58 603
25 0 0 53 608
26 0 0 51 610
27 0 0 46 615
28 0 0 43 618
29 0 0 34 627
30 0 0 29 632
31 0 0 23 638
32 0 0 21 640
33 0 0 18 643
34 0 0 18 643
35 0 0 16 645
36 0 0 15 646
37 0 0 12 649
38 0 0 11 650
39 0 0 11 650
40 0 0 8 653
41 0 0 8 653
41 0 0 8 653
42 0 0 8 653
42 0 0 8 653
43 0 0 7 654
44 0 0 6 655
45 0 0 3 658
46 0 0 3 658
46 0 0 3 658
47 0 0 3 658
47 0 0 3 658
48 0 0 3 658
48 0 0 3 658
49 0 0 2 659
49 0 0 2 659
50 0 0 2 659
50 0 0 2 659
51 0 0 2 659
52 0 0 2 659
52 0 0 2 659
53 0 0 2 659
53 0 0 2 659
54 0 0 2 659
54 0 0 2 659
55 0 0 2 659
55 0 0 2 659
56 0 0 2 659
56 0 0 2 659
57 0 0 1 660
57 0 0 1 660
58 0 0 1 660
58 0 0 1 660
59 0 0 1 660
59 0 0 1 660
60 0 0 1 660
60 0 0 1 660
61 0 0 1 660
