Time S E I R
0 255 0 0 0
1 255 0 0 0
1 243.4329 11.5671 0 0
2 232.0942 18.9058 4 0
3 217.7074 25.2926 11 1
4 200.2405 27.7595 25 2
5 178.5972 34.4028 36 6
6 148.7415 43.2585 53 10
7 135.3607 30.6393 66 23
8 122.0862 29.9138 69 34
9 106.9158 31.0842 75 42
10 86.1082 31.8918 86 51
11 72.1423 23.8577 99 60
12 58.6293 20.3707 107 69
13 47.3687 25.6313 99 83
14 37.1263 25.8737 99 93
15 27.8978 21.1022 98 108
16 23.7956 20.2044 89 122
17 19.6954 11.3046 84 140
18 15.6593 9.3407 82 148
19 10.6373 7.3627 82 155
20 10.6172 3.3828 73 168
21 10.5872 3.4128 67 174
22 9.5651 0.4349 62 183
23 6.5351 2.4649 55 191
24 6.521 1.479 51 196
25 5.509 2.491 46 201
26 5.491 0.509 46 203
27 5.4709 0.5291 40 209
28 4.4569 1.5431 37 212
29 4.4509 1.5491 33 216
30 4.4329 1.5671 29 220
31 4.4248 0.5752 28 222
32 4.4148 0.5852 25 225
33 4.4048 0 21 230
34 4.4048 0 18 233
34 4.3928 0.012 18 233
35 4.3868 0.018 15 236
36 4.3727 0.0321 14 237
37 4.3667 0.0381 11 240
38 4.3667 0.0381 9 242
38 4.3587 0.0461 9 242
39 4.3587 0.0461 9 242
39 4.3447 0.0601 9 242
40 4.3447 0.0601 9 242
40 4.3347 0.0701 9 242
41 4.3267 0.0781 8 243
42 4.3267 0.0781 8 243
42 4.3186 0.0862 8 243
43 4.3186 0.0862 7 244
43 4.3106 0.0942 7 244
44 4.3106 0.0942 6 245
44 4.3046 0.1002 6 245
45 4.3046 0.1002 4 247
45 4.3026 0.1022 4 247
46 4.3026 -0.8978 4 248
46 4.3006 0 4 248
47 4.2886 0.012 4 248
48 4.2886 0.012 3 249
48 4.2886 0.012 3 249
49 4.2846 0.016 3 249
50 4.2846 0.016 3 249
50 4.2786 0.022 3 249
51 3.2786 1.022 2 250
52 3.2786 1.022 2 250
52 3.2705 1.0301 2 250
53 3.2685 1.0321 2 250
54 3.2685 1.0321 1 251
54 3.2625 1.0381 1 251
55 3.2625 1.0381 1 251
55 3.2565 1.0441 1 251
56 3.2565 1.0441 1 251
56 3.2545 1.0461 1 251
57 3.2525 1.0481 1 251
58 3.2525 0.0481 2 251
58 3.2485 0.0521 2 251
59 3.2485 0.0521 2 251
60 3.2485 0.0521 2 251
60 3.2405 0.0601 2 251
61 3.2405 0.0601 2 251
