Time S E I R
0 477.529378023 0 0 0
1 477.529378023 0 0 0
1 465.962278023 11.5671 0 0
2 441.623578023 23.9058 12 0
3 386.236778023 63.2926 24 4
4 297.769878023 104.7595 63 12
5 184.126578023 145.4028 125 23
6 66.270878023 181.2585 188 42
7 12.890078023 153.6393 236 75
8 2.890078023 100.6393 259 115
9 1.890078023 58.6393 263 154
10 0.890078023 32.6393 246 198
11 0 18.6393 230 229
12 0 14.6393 203 260
13 0 8.6393 187 282
14 0 3.6393 171 303
15 0 1.6393 150 326
16 0 1.6393 132 344
17 0 1.6393 110 366
18 0 0 93 385
19 0 0 77 401
20 0 0 73 405
21 0 0 68 410
22 0 0 62 416
23 0 0 55 423
24 0 0 50 428
25 0 0 47 431
26 0 0 44 434
27 0 0 38 440
28 0 0 33 445
29 0 0 32 446
30 0 0 27 451
31 0 0 24 454
32 0 0 23 455
33 0 0 22 456
34 0 0 21 457
35 0 0 19 459
36 0 0 16 462
37 0 0 15 463
38 0 0 14 464
39 0 0 12 466
40 0 0 10 468
41 0 0 10 468
41 0 0 10 468
42 0 0 9 469
42 0 0 9 469
43 0 0 8 470
44 0 0 6 472
44 0 0 6 472
45 0 0 5 473
45 0 0 5 473
46 0 0 5 473
47 0 0 4 474
47 0 0 4 474
48 0 0 3 475
48 0 0 3 475
49 0 0 3 475
49 0 0 3 475
50 0 0 3 475
50 0 0 3 475
51 0 0 3 475
51 0 0 3 475
52 0 0 3 475
53 0 0 3 475
53 0 0 3 475
54 0 0 3 475
54 0 0 3 475
55 0 0 3 475
55 0 0 3 475
56 0 0 1 477
56 0 0 1 477
57 0 0 1 477
57 0 0 1 477
58 0 0 1 477
58 0 0 1 477
59 0 0 1 477
59 0 0 1 477
60 0 0 1 477
60 0 0 1 477
61 0 0 1 477
