Time S E I R
0 960.125222518 0 0 0
1 960.125222518 0 0 0
1 948.558122518 11.5671 0 0
2 934.219422518 15.9058 9 1
3 923.832622518 22.2926 11 3
4 906.365722518 27.7595 22 4
5 892.722422518 32.4028 28 7
6 877.866722518 34.2585 40 8
7 862.485922518 33.6393 53 11
8 842.211422518 31.9138 71 15
9 829.041022518 23.0842 86 22
10 817.233422518 23.8918 89 30
11 793.267522518 38.8577 87 41
12 770.754522518 41.3707 96 52
13 754.493922518 39.6313 106 60
14 732.251522518 42.8737 111 74
15 713.023022518 38.1022 117 92
16 692.920822518 36.2044 119 112
17 672.820622518 36.3046 117 134
18 654.784522518 35.3407 121 149
19 636.762522518 33.3627 124 166
20 619.742422518 27.3828 130 183
21 603.712422518 26.4128 132 198
22 586.690322518 30.4349 122 221
23 571.660322518 23.4649 133 232
24 548.646222518 30.479 134 247
25 537.634222518 23.491 134 265
26 519.616222518 28.509 133 279
27 507.596122518 24.5291 129 299
28 497.582122518 25.5431 129 308
29 482.576122518 23.5491 129 325
30 467.558122518 24.5671 128 340
31 451.550022518 30.5752 117 361
32 440.540022518 20.5852 129 370
33 427.530022518 21.5952 120 391
34 412.518022518 23.6072 116 408
35 399.512022518 24.6132 111 425
36 393.497922518 17.6273 113 436
37 374.491922518 23.6333 109 453
38 368.483922518 19.6413 107 465
39 361.469922518 18.6553 107 473
40 354.459922518 14.6653 103 488
41 347.451922518 12.6733 91 509
42 339.443822518 14.6814 89 517
43 337.435822518 7.6894 80 535
44 334.429822518 8.6954 73 544
45 328.427822518 9.6974 66 556
46 320.425822518 13.6994 63 563
47 314.413822518 12.7114 58 575
48 311.413822518 12.7114 54 582
49 307.409822518 10.7154 55 587
50 303.403822518 10.7214 50 596
51 299.403822518 5.7214 52 603
52 295.395722518 6.7295 44 614
53 294.393722518 5.7315 40 620
54 287.387722518 10.7375 39 623
55 285.381722518 7.7435 38 629
56 283.379722518 2.7455 42 632
57 279.377722518 3.7475 34 643
58 276.373722518 4.7515 31 648
59 276.373722518 2.7515 31 650
60 274.365722518 3.7595 32 650
