Time S E I R
0 858.900326743 0 0 0
1 858.900326743 0 0 0
1 847.333226743 11.5671 0 0
2 813.994526743 38.9058 6 0
3 568.607726743 228.2926 59 3
4 54.140826743 522.7595 266 16
5 0.140826743 330.7595 457 71
6 0.140826743 189.7595 528 141
7 0 109.7595 538 212
8 0 58.7595 531 270
9 0 26.7595 493 340
10 0 12.7595 453 394
11 0 7.7595 400 452
12 0 3.7595 348 508
13 0 1.7595 311 547
14 0 0.7595 272 587
15 0 0.7595 243 616
16 0 0.7595 217 642
17 0 0 190 670
18 0 0 161 699
19 0 0 138 722
20 0 0 120 740
21 0 0 99 761
22 0 0 85 775
23 0 0 75 785
24 0 0 63 797
25 0 0 55 805
26 0 0 52 808
27 0 0 43 817
28 0 0 38 822
29 0 0 32 828
30 0 0 27 833
31 0 0 26 834
32 0 0 23 837
33 0 0 18 842
34 0 0 15 845
35 0 0 13 847
36 0 0 10 850
36 0 0 10 850
37 0 0 10 850
38 0 0 10 850
39 0 0 10 850
40 0 0 9 851
40 0 0 9 851
41 0 0 8 852
42 0 0 6 854
42 0 0 6 854
43 0 0 6 854
43 0 0 6 854
44 0 0 6 854
45 0 0 5 855
45 0 0 5 855
46 0 0 3 857
47 0 0 3 857
47 0 0 3 857
48 0 0 2 858
48 0 0 2 858
49 0 0 2 858
49 0 0 2 858
50 0 0 2 858
50 0 0 2 858
51 0 0 2 858
51 0 0 2 858
52 0 0 2 858
52 0 0 2 858
53 0 0 0 860
53 0 0 0 860
54 0 0 0 860
54 0 0 0 860
55 0 0 0 860
55 0 0 0 860
56 0 0 0 860
56 0 0 0 860
57 0 0 0 860
57 0 0 0 860
58 0 0 0 860
58 0 0 0 860
59 0 0 0 860
59 0 0 0 860
60 0 0 0 860
60 0 0 0 860
61 0 0 0 860
