Time S E I R
0 767.920433285 0 0 0
1 767.920433285 0 0 0
1 756.353333285 11.5671 0 0
2 684.014633285 66.9058 17 0
3 387.627833285 276.2926 98 6
4 33.160933285 411.7595 301 22
5 1.160933285 264.7595 435 67
6 0.160933285 157.7595 479 131
7 0.160933285 92.7595 479 196
8 0 59.7595 440 269
9 0 32.7595 409 327
10 0 18.7595 365 385
11 0 8.7595 326 434
12 0 5.7595 288 475
13 0 2.7595 263 503
14 0 2.7595 236 530
15 0 1.7595 207 560
16 0 0.7595 186 582
17 0 0.7595 161 607
18 0 0 134 635
19 0 0 115 654
20 0 0 108 661
21 0 0 91 678
22 0 0 80 689
23 0 0 74 695
24 0 0 70 699
25 0 0 62 707
26 0 0 52 717
27 0 0 49 720
28 0 0 38 731
29 0 0 33 736
30 0 0 25 744
31 0 0 21 748
32 0 0 20 749
33 0 0 18 751
34 0 0 15 754
35 0 0 13 756
36 0 0 12 757
37 0 0 12 757
37 0 0 12 757
38 0 0 11 758
39 0 0 9 760
40 0 0 6 763
41 0 0 5 764
41 0 0 5 764
42 0 0 5 764
43 0 0 3 766
44 0 0 3 766
45 0 0 3 766
46 0 0 3 766
46 0 0 3 766
47 0 0 3 766
48 0 0 3 766
49 0 0 2 767
49 0 0 2 767
50 0 0 2 767
50 0 0 2 767
51 0 0 2 767
51 0 0 2 767
52 0 0 2 767
52 0 0 2 767
53 0 0 2 767
53 0 0 2 767
54 0 0 2 767
55 0 0 2 767
56 0 0 2 767
56 0 0 2 767
57 0 0 2 767
57 0 0 2 767
58 0 0 2 767
58 0 0 2 767
59 0 0 2 767
59 0 0 2 767
60 0 0 2 767
61 0 0 2 767
