Time S E I R
0 456.635830095 0 0 0
1 456.635830095 0 0 0
1 445.068730095 11.5671 0 0
2 421.730030095 24.9058 10 0
3 381.343230095 51.2926 23 1
4 330.876330095 75.7595 46 4
5 242.233030095 118.4028 86 10
6 140.377330095 149.2585 150 17
7 55.996530095 137.6393 218 45
8 8.722030095 107.9138 265 75
9 2.722030095 69.9138 279 105
10 0.722030095 40.9138 272 143
11 0 23.9138 253 180
12 0 15.9138 244 197
13 0 8.9138 221 227
14 0 6.9138 200 250
15 0 4.9138 178 274
16 0 2.9138 160 294
17 0 0.9138 146 310
18 0 0 126 331
19 0 0 112 345
20 0 0 95 362
21 0 0 79 378
22 0 0 69 388
23 0 0 57 400
24 0 0 49 408
25 0 0 42 415
26 0 0 39 418
27 0 0 32 425
28 0 0 31 426
29 0 0 29 428
30 0 0 26 431
30 0 0 26 431
31 0 0 24 433
32 0 0 20 437
33 0 0 15 442
33 0 0 15 442
34 0 0 12 445
34 0 0 12 445
35 0 0 11 446
36 0 0 10 447
37 0 0 10 447
38 0 0 7 450
38 0 0 7 450
39 0 0 6 451
40 0 0 6 451
41 0 0 6 451
42 0 0 6 451
42 0 0 6 451
43 0 0 5 452
44 0 0 4 453
45 0 0 3 454
45 0 0 3 454
46 0 0 3 454
47 0 0 3 454
47 0 0 3 454
48 0 0 2 455
48 0 0 2 455
49 0 0 2 455
49 0 0 2 455
50 0 0 2 455
50 0 0 2 455
51 0 0 2 455
51 0 0 2 455
52 0 0 2 455
52 0 0 2 455
53 0 0 1 456
53 0 0 1 456
54 0 0 1 456
54 0 0 1 456
55 0 0 1 456
55 0 0 1 456
56 0 0 1 456
56 0 0 1 456
57 0 0 1 456
57 0 0 1 456
58 0 0 1 456
58 0 0 1 456
59 0 0 1 456
59 0 0 1 456
60 0 0 0 457
60 0 0 0 457
61 0 0 0 457
