Time S E I R
0 417.936779283 0 0 0
1 417.936779283 0 0 0
1 406.369679283 11.5671 0 0
2 395.030979283 18.9058 4 0
3 384.644179283 23.2926 10 0
4 375.177279283 21.7595 19 2
5 364.533979283 23.4028 25 5
6 354.678279283 23.2585 32 8
7 346.297479283 24.6393 36 11
8 338.022979283 19.9138 41 19
9 332.852579283 18.0842 44 23
10 328.044979283 12.8918 50 27
11 326.079079283 9.8577 48 34
12 325.566079283 7.3707 44 41
13 324.305479283 7.6313 38 48
14 324.063079283 2.8737 38 53
15 322.834579283 4.1022 35 56
16 320.732379283 4.2044 33 60
17 316.632179283 6.3046 25 70
18 313.596079283 7.3407 20 77
19 313.574079283 4.3627 20 80
20 310.553979283 4.3828 21 82
21 309.523979283 4.4128 19 85
22 307.501879283 2.4349 22 86
23 305.471879283 2.4649 22 88
24 302.471879283 3.4649 24 88
24 302.457779283 3.479 24 88
25 302.445779283 1.491 25 89
26 301.427779283 0.509 24 92
27 301.407679283 0.5291 21 95
28 298.393679283 2.5431 22 95
29 298.387679283 1.5491 22 96
30 298.369679283 0.5671 21 98
31 298.361579283 0 18 102
32 296.351579283 2.01 17 103
33 296.341579283 1.02 15 106
34 296.329579283 1.032 13 108
35 295.323579283 2.038 12 109
36 293.309479283 1.0521 15 109
37 293.303479283 1.0581 13 111
38 293.295479283 0.0661 13 112
39 293.281479283 0.0801 12 113
40 293.271479283 0.0901 12 113
41 291.271479283 0.0901 14 113
41 291.263479283 0.0981 14 113
42 291.255379283 0.1062 11 116
43 291.247379283 0.1142 9 118
44 291.241379283 0.1202 7 120
45 289.239379283 2.1222 7 120
46 289.237379283 2.1242 5 122
47 289.225379283 0.1362 6 123
48 289.225379283 0.1362 5 124
49 289.225379283 0.1362 5 124
49 289.221379283 0.1402 5 124
50 289.215379283 0.1462 5 124
51 288.215379283 1.1462 4 125
51 288.215379283 1.1462 4 125
52 288.215379283 1.1462 4 125
52 288.207279283 1.1543 4 125
53 287.205279283 1.1563 5 125
54 287.199279283 1.1623 3 127
55 287.193279283 0.1683 4 127
56 286.193279283 1.1683 4 127
56 286.191279283 1.1703 4 127
57 286.191279283 1.1703 2 129
57 286.189279283 1.1723 2 129
58 286.185279283 0.1763 2 130
59 286.185279283 0.1763 2 130
60 286.185279283 0.1763 2 130
60 286.177279283 0.1843 2 130
