Time S E I R
0 382.595852035 0 0 0
1 382.595852035 0 0 0
1 371.028752035 11.5671 0 0
2 356.690052035 19.9058 4 2
3 335.303252035 27.2926 15 5
4 294.836352035 46.7595 34 7
5 241.193052035 68.4028 60 13
6 173.337352035 94.2585 95 20
7 103.956552035 105.6393 143 30
8 60.682052035 93.9138 178 50
9 32.511652035 78.0842 196 76
10 9.704052035 48.8918 222 102
11 0.738152035 31.8577 219 131
12 0.225152035 16.3707 206 160
13 0 10.3707 186 187
14 0 5.3707 169 209
15 0 1.3707 155 227
16 0 0.3707 142 241
17 0 0 127 257
18 0 0 111 273
19 0 0 96 288
20 0 0 85 299
21 0 0 75 309
22 0 0 66 318
23 0 0 57 327
24 0 0 52 332
25 0 0 49 335
26 0 0 41 343
27 0 0 31 353
28 0 0 31 353
29 0 0 28 356
30 0 0 23 361
31 0 0 19 365
32 0 0 17 367
33 0 0 14 370
34 0 0 14 370
35 0 0 13 371
36 0 0 13 371
37 0 0 11 373
38 0 0 9 375
39 0 0 7 377
40 0 0 7 377
41 0 0 7 377
41 0 0 7 377
42 0 0 7 377
43 0 0 5 379
44 0 0 5 379
44 0 0 5 379
45 0 0 5 379
46 0 0 4 380
46 0 0 4 380
47 0 0 4 380
48 0 0 4 380
48 0 0 4 380
49 0 0 4 380
49 0 0 4 380
50 0 0 4 380
50 0 0 4 380
51 0 0 4 380
51 0 0 4 380
52 0 0 4 380
53 0 0 4 380
53 0 0 4 380
54 0 0 4 380
55 0 0 4 380
56 0 0 4 380
56 0 0 4 380
57 0 0 4 380
57 0 0 4 380
58 0 0 4 380
58 0 0 4 380
59 0 0 3 381
59 0 0 3 381
60 0 0 3 381
