Time S E I R
0 680.762561685 0 0 0
1 680.762561685 0 0 0
1 669.195461685 11.5671 0 0
2 641.856761685 29.9058 9 0
3 433.469961685 186.2926 57 4
4 80.003061685 374.7595 206 20
5 3.003061685 282.7595 349 46
6 0.003061685 146.7595 447 87
7 0.003061685 87.7595 451 142
8 0.003061685 46.7595 441 193
9 0.003061685 24.7595 398 258
10 0.003061685 13.7595 371 296
11 0.003061685 10.7595 342 328
12 0.003061685 6.7595 300 374
13 0.003061685 4.7595 257 419
14 0.003061685 3.7595 232 445
15 0.003061685 2.7595 195 483
16 0.003061685 0.7595 175 505
17 0.003061685 0 152 529
18 0.003061685 0 130 551
19 0.003061685 0 110 571
20 0.003061685 0 93 588
21 0.003061685 0 82 599
22 0.003061685 0 74 607
23 0.003061685 0 64 617
24 0.003061685 0 59 622
25 0.003061685 0 55 626
26 0.003061685 0 49 632
27 0.003061685 0 45 636
28 0.003061685 0 41 640
29 0.003061685 0 37 644
30 0.003061685 0 33 648
31 0.003061685 0 29 652
32 0.003061685 0 25 656
33 0.003061685 0 20 661
34 0.003061685 0 19 662
35 0.003061685 0 19 662
36 0.003061685 0 17 664
37 0.003061685 0 14 667
38 0.003061685 0 12 669
39 0.003061685 0 10 671
40 0.003061685 0 10 671
41 0.003061685 0 9 672
42 0.003061685 0 8 673
42 0.003061685 0 8 673
43 0.003061685 0 8 673
44 0.003061685 0 7 674
45 0.001061685 0.002 7 674
46 0.001061685 0.002 6 675
46 0.001061685 0.002 6 675
47 0.001061685 0.002 6 675
47 0.001061685 0.002 6 675
48 0.001061685 0.002 4 677
48 0.001061685 0.002 4 677
49 0.001061685 0.002 3 678
49 0.001061685 0.002 3 678
50 0.001061685 0.002 2 679
50 0.001061685 0.002 2 679
51 0.001061685 0.002 2 679
51 0.001061685 0.002 2 679
52 0.001061685 0.002 2 679
53 0.001061685 0.002 1 680
53 0.001061685 0.002 1 680
54 0.001061685 0.002 1 680
54 0.001061685 0.002 1 680
55 0.001061685 0.002 1 680
55 0.001061685 0.002 1 680
56 0.001061685 0.002 1 680
57 0.001061685 0.002 1 680
57 0.001061685 0.002 1 680
58 0.001061685 0.002 0 681
58 0.001061685 0.002 0 681
59 0.001061685 0.002 0 681
59 0.001061685 0.002 0 681
60 0.001061685 0.002 0 681
60 0.001061685 0.002 0 681
61 0.001061685 0.002 0 681
