Time S E I R
0 983.123369842 0 0 0
1 983.123369842 0 0 0
1 971.556269842 11.5671 0 0
2 953.217569842 23.9058 5 1
3 904.830769842 57.2926 20 1
4 805.363869842 114.7595 56 7
5 613.720569842 219.4028 139 11
6 340.864869842 332.2585 278 32
7 125.484069842 342.6393 434 81
8 32.209569842 245.9138 561 144
9 4.039169842 157.0842 617 205
10 0.039169842 94.0842 599 290
11 0.039169842 53.0842 548 382
12 0.039169842 28.0842 513 442
13 0.039169842 23.0842 451 509
14 0.039169842 10.0842 410 563
15 0.039169842 3.0842 368 612
16 0.039169842 3.0842 336 644
17 0.039169842 2.0842 300 681
18 0.003069842 1.1203 262 720
19 0.003069842 0.1203 225 758
20 0.003069842 0.1203 197 786
21 0.003069842 0.1203 172 811
22 0.003069842 0.1203 149 834
23 0.003069842 0.1203 137 846
24 0.003069842 0.1203 121 862
25 0.003069842 0.1203 107 876
26 0.003069842 0.1203 90 893
27 0.003069842 0.1203 83 900
28 0.003069842 0.1203 68 915
29 0.003069842 0 56 928
30 0.003069842 0 55 929
31 0.003069842 0 47 937
32 0.003069842 0 38 946
33 0.003069842 0 34 950
34 0.003069842 0 27 957
35 0.003069842 0 26 958
36 0.003069842 0 23 961
37 0.003069842 0 20 964
38 0.003069842 0 18 966
39 0.003069842 0 15 969
40 0.003069842 0 13 971
41 0.003069842 0 13 971
42 0.003069842 0 12 972
42 0.003069842 0 12 972
43 0.003069842 0 8 976
44 0.003069842 0 8 976
45 0.003069842 0 7 977
45 0.001069842 0.002 7 977
46 0.001069842 0.002 7 977
47 0.001069842 0.002 6 978
47 0.001069842 0.002 6 978
48 0.001069842 0.002 6 978
49 0.001069842 0.002 5 979
49 0.001069842 0.002 5 979
50 0.001069842 0.002 5 979
51 0.001069842 0.002 5 979
52 0.001069842 0.002 5 979
52 0.001069842 0.002 5 979
53 0.001069842 0.002 5 979
53 0.001069842 0.002 5 979
54 0.001069842 0.002 5 979
55 0.001069842 0.002 5 979
56 0.001069842 0.002 5 979
56 0.001069842 0.002 5 979
57 0.001069842 0.002 4 980
57 0.001069842 0.002 4 980
58 0.001069842 0.002 4 980
59 0.001069842 0.002 3 981
59 0.001069842 0.002 3 981
60 0.001069842 0.002 3 981
60 0.001069842 0.002 3 981
61 0.001069842 0.002 3 981
