Time S E I R
0 305.090278789 0 0 0
1 305.090278789 0 0 0
1 293.523178789 11.5671 0 0
2 280.184478789 20.9058 4 0
3 258.797678789 36.2926 9 1
4 212.330778789 54.7595 36 2
5 144.687478789 88.4028 66 6
6 89.831778789 102.2585 96 17
7 39.450978789 94.6393 137 34
8 4.176478789 87.9138 162 51
9 0.006078789 56.0842 173 76
10 0.006078789 30.0842 168 107
11 0.006078789 12.0842 168 125
12 0.006078789 4.0842 146 155
13 0.006078789 1.0842 133 171
14 0.006078789 1.0842 118 186
15 0.006078789 1.0842 105 199
16 0.006078789 1.0842 94 210
17 0.006078789 1.0842 82 222
18 0.006078789 0.0842 78 227
19 0.006078789 0.0842 71 234
20 0.006078789 0.0842 66 239
21 0.006078789 0.0842 55 250
22 0.006078789 0.0842 47 258
23 0.006078789 0.0842 41 264
24 0.006078789 0.0842 40 265
25 0.006078789 0.0842 33 272
26 0.006078789 0.0842 30 275
27 0.006078789 0.0842 28 277
28 0.006078789 0.0842 24 281
29 7.8789e-05 0.0902 19 286
30 7.8789e-05 0.0902 16 289
31 7.8789e-05 0.0902 14 291
32 7.8789e-05 0.0902 14 291
32 7.8789e-05 0.0902 14 291
33 7.8789e-05 0.0902 13 292
34 7.8789e-05 0.0902 13 292
35 7.8789e-05 0.0902 11 294
35 7.8789e-05 0.0902 11 294
36 7.8789e-05 0.0902 8 297
36 7.8789e-05 0.0902 8 297
37 7.8789e-05 0.0902 5 300
37 7.8789e-05 0.0902 5 300
38 7.8789e-05 0.0902 4 301
39 7.8789e-05 0.0902 3 302
39 7.8789e-05 0.0902 3 302
40 7.8789e-05 0.0902 3 302
41 7.8789e-05 0.0902 2 303
42 7.8789e-05 0.0902 2 303
43 7.8789e-05 0.0902 2 303
43 7.8789e-05 0.0902 2 303
44 7.8789e-05 0.0902 2 303
44 7.8789e-05 0.0902 2 303
45 7.8789e-05 0.0902 2 303
46 7.8789e-05 0.0902 2 303
46 7.8789e-05 0.0902 2 303
47 7.8789e-05 0.0902 2 303
48 7.8789e-05 0.0902 2 303
48 7.8789e-05 0.0902 2 303
49 7.8789e-05 0 3 303
50 7.8789e-05 0 3 303
51 7.8789e-05 0 3 303
51 7.8789e-05 0 3 303
52 7.8789e-05 0 2 304
52 7.8789e-05 0 2 304
53 7.8789e-05 0 2 304
53 7.8789e-05 0 2 304
54 7.8789e-05 0 1 305
54 7.8789e-05 0 1 305
55 7.8789e-05 0 1 305
56 7.8789e-05 0 1 305
57 7.8789e-05 0 1 305
57 7.8789e-05 0 1 305
58 7.8789e-05 0 1 305
59 7.8789e-05 0 1 305
59 7.8789e-05 0 1 305
60 7.8789e-05 0 1 305
60 7.8789e-05 0 1 305
61 7.8789e-05 0 1 305
