Time S E I R
0 908.035002974 0 0 0
1 908.035002974 0 0 0
1 896.467902974 11.5671 0 0
2 787.129202974 94.9058 26 0
3 191.742402974 528.2926 177 11
4 0.742402974 437.2926 421 49
5 0 258.2926 534 116
6 0 137.2926 569 202
7 0 87.2926 547 274
8 0 48.2926 509 351
9 0 32.2926 468 408
10 0 25.2926 430 453
11 0 11.2926 385 512
12 0 7.2926 341 560
13 0 5.2926 301 602
14 0 2.2926 276 630
15 0 1.2926 242 665
16 0 0.2926 219 689
17 0 0.2926 192 716
18 0 0.2926 178 730
19 0 0 149 760
20 0 0 130 779
21 0 0 111 798
22 0 0 95 814
23 0 0 84 825
24 0 0 79 830
25 0 0 73 836
26 0 0 62 847
27 0 0 58 851
28 0 0 51 858
29 0 0 50 859
30 0 0 42 867
31 0 0 39 870
32 0 0 35 874
33 0 0 32 877
34 0 0 27 882
35 0 0 22 887
36 0 0 21 888
37 0 0 20 889
38 0 0 18 891
39 0 0 17 892
40 0 0 14 895
41 0 0 14 895
42 0 0 12 897
43 0 0 10 899
44 0 0 9 900
45 0 0 8 901
46 0 0 7 902
46 0 0 7 902
47 0 0 6 903
48 0 0 5 904
48 0 0 5 904
49 0 0 5 904
49 0 0 5 904
50 0 0 5 904
50 0 0 5 904
51 0 0 5 904
52 0 0 4 905
53 0 0 4 905
53 0 0 4 905
54 0 0 3 906
55 0 0 2 907
56 0 0 2 907
57 0 0 2 907
57 0 0 2 907
58 0 0 1 908
58 0 0 1 908
59 0 0 1 908
59 0 0 1 908
60 0 0 1 908
60 0 0 1 908
61 0 0 1 908
