Time S E I R
0 644.168144614 0 0 0
1 644.168144614 0 0 0
1 632.601044614 11.5671 0 0
2 603.262344614 34.9058 6 0
3 443.875544614 146.2926 49 5
4 121.408644614 329.7595 174 19
5 7.765344614 271.4028 308 57
6 0 148.4028 392 104
7 0 88.4028 402 154
8 0 45.4028 399 200
9 0 29.4028 361 254
10 0 20.4028 327 297
11 0 10.4028 303 331
12 0 4.4028 286 354
13 0 1.4028 253 390
14 0 0.4028 225 419
15 0 0.4028 199 445
16 0 0.4028 179 465
17 0 0 164 481
18 0 0 140 505
19 0 0 124 521
20 0 0 113 532
21 0 0 98 547
22 0 0 89 556
23 0 0 77 568
24 0 0 64 581
25 0 0 55 590
26 0 0 47 598
27 0 0 43 602
28 0 0 37 608
29 0 0 33 612
30 0 0 29 616
31 0 0 23 622
32 0 0 20 625
33 0 0 18 627
34 0 0 18 627
35 0 0 17 628
36 0 0 16 629
37 0 0 16 629
38 0 0 13 632
39 0 0 11 634
40 0 0 10 635
40 0 0 10 635
41 0 0 9 636
41 0 0 9 636
42 0 0 7 638
43 0 0 7 638
43 0 0 7 638
44 0 0 7 638
44 0 0 7 638
45 0 0 5 640
45 0 0 5 640
46 0 0 4 641
46 0 0 4 641
47 0 0 3 642
48 0 0 2 643
48 0 0 2 643
49 0 0 2 643
49 0 0 2 643
50 0 0 2 643
50 0 0 2 643
51 0 0 2 643
51 0 0 2 643
52 0 0 2 643
52 0 0 2 643
53 0 0 1 644
54 0 0 1 644
55 0 0 1 644
55 0 0 1 644
56 0 0 1 644
56 0 0 1 644
57 0 0 1 644
57 0 0 1 644
58 0 0 1 644
58 0 0 1 644
59 0 0 1 644
59 0 0 1 644
60 0 0 1 644
60 0 0 1 644
