Time S E I R
0 648.698250392 0 0 0
1 648.698250392 0 0 0
1 637.131150392 11.5671 0 0
2 574.792450392 60.9058 13 0
3 345.405650392 221.2926 72 10
4 38.938750392 337.7595 246 26
5 1.938750392 216.7595 355 75
6 0 112.7595 402 134
7 0 59.7595 407 182
8 0 34.7595 385 229
9 0 22.7595 350 276
10 0 7.7595 319 322
11 0 5.7595 278 365
12 0 3.7595 250 395
13 0 0.7595 223 425
14 0 0.7595 203 445
15 0 0.7595 185 463
16 0 0.7595 163 485
17 0 0.7595 140 508
18 0 0.7595 120 528
19 0 0 109 540
20 0 0 97 552
21 0 0 86 563
22 0 0 73 576
23 0 0 64 585
24 0 0 54 595
25 0 0 48 601
26 0 0 41 608
27 0 0 39 610
28 0 0 37 612
29 0 0 29 620
30 0 0 27 622
31 0 0 24 625
32 0 0 23 626
33 0 0 21 628
33 0 0 21 628
34 0 0 18 631
35 0 0 18 631
36 0 0 16 633
37 0 0 15 634
38 0 0 15 634
39 0 0 13 636
40 0 0 10 639
40 0 0 10 639
41 0 0 9 640
42 0 0 5 644
42 0 0 5 644
43 0 0 4 645
44 0 0 4 645
45 0 0 2 647
45 0 0 2 647
46 0 0 2 647
46 0 0 2 647
47 0 0 2 647
47 0 0 2 647
48 0 0 1 648
48 0 0 1 648
49 0 0 1 648
49 0 0 1 648
50 0 0 1 648
50 0 0 1 648
51 0 0 1 648
51 0 0 1 648
52 0 0 0 649
52 0 0 0 649
53 0 0 0 649
53 0 0 0 649
54 0 0 0 649
54 0 0 0 649
55 0 0 0 649
55 0 0 0 649
56 0 0 0 649
56 0 0 0 649
57 0 0 0 649
57 0 0 0 649
58 0 0 0 649
58 0 0 0 649
59 0 0 0 649
59 0 0 0 649
60 0 0 0 649
60 0 0 0 649
61 0 0 0 649
