Time S E I R
0 255 0 0 0
1 255 0 0 0
1 243.4329 11.5671 0 0
2 232.0942 15.9058 6 1
3 218.7074 23.2926 10 3
4 209.2405 22.7595 19 4
5 196.5972 20.4028 32 6
6 190.7415 19.2585 37 8
7 182.3607 19.6393 37 16
8 175.0862 19.9138 39 21
9 167.9158 14.0842 45 28
10 164.1082 9.8918 46 35
11 159.1423 7.8577 46 42
12 157.6293 7.3707 43 47
13 155.3687 6.6313 41 52
14 152.1263 4.8737 43 55
15 150.8978 6.1022 38 60
16 148.7956 3.2044 35 68
17 146.6954 3.3046 32 73
18 144.6593 2.3407 32 76
19 142.6373 3.3627 31 78
20 140.6172 4.3828 30 80
21 139.5872 2.4128 30 83
22 136.5651 4.4349 25 89
23 134.5351 5.4649 19 96
24 134.521 4.479 19 97
25 134.509 4.491 19 97
26 131.491 4.509 22 97
27 131.4709 2.5291 24 97
28 130.4569 2.5431 20 102
29 130.4509 1.5491 14 109
30 129.4329 0.5671 14 111
31 128.4248 0.5752 13 113
32 128.4148 0 13 114
33 127.4048 1.01 12 115
34 127.3928 0.022 11 117
35 126.3868 0.028 10 119
36 126.3868 0.028 10 119
36 126.3727 0.0421 10 119
37 126.3667 0.0481 9 120
38 126.3667 0.0481 8 121
38 126.3587 0.0561 8 121
39 126.3587 0.0561 7 122
39 126.3447 0.0701 7 122
40 124.3447 2.0701 6 123
40 124.3347 2.0801 6 123
41 123.3267 2.0881 6 124
42 123.3186 0.0962 5 127
43 123.3106 0.1042 5 127
44 123.3046 0.1102 3 129
45 123.3046 0.1102 2 130
45 123.3026 0.1122 2 130
46 122.3026 0.1122 2 131
46 122.3006 0.1142 2 131
47 120.2886 2.1262 2 131
48 120.2886 1.1262 3 131
49 120.2886 1.1262 3 131
49 120.2846 1.1302 3 131
50 120.2786 1.1362 3 131
51 120.2786 1.1362 3 131
52 120.2786 1.1362 2 132
52 120.2705 1.1443 2 132
53 120.2705 1.1443 1 133
53 120.2685 1.1463 1 133
54 120.2685 0.1463 2 133
54 120.2625 0.1523 2 133
55 120.2625 0.1523 2 133
55 120.2565 0.1583 2 133
56 120.2545 0.1603 2 133
57 120.2545 0.1603 2 133
57 120.2525 0.1623 2 133
58 120.2525 0.1623 2 133
58 120.2485 0.1663 2 133
59 120.2485 0.1663 2 133
59 120.2485 0.1663 2 133
60 120.2485 0.1663 1 134
60 120.2405 0.1743 1 134
61 120.2405 0.1743 1 134
