Time S E I R
0 545.278318297 0 0 0
1 545.278318297 0 0 0
1 533.711218297 11.5671 0 0
2 510.372518297 23.9058 10 1
3 415.985718297 94.2926 31 4
4 232.518818297 188.7595 113 11
5 50.875518297 254.4028 203 37
6 1.019818297 182.2585 283 79
7 0.019818297 95.2585 331 119
8 0.019818297 48.2585 334 163
9 0.019818297 26.2585 315 204
10 0.019818297 19.2585 280 246
11 0.019818297 6.2585 256 283
12 0.019818297 3.2585 230 312
13 0.019818297 3.2585 205 337
14 0.019818297 3.2585 176 366
15 0.019818297 1.2585 157 387
16 0.019818297 0 141 405
17 0.019818297 0 126 420
18 0.019818297 0 109 437
19 0.019818297 0 96 450
20 0.019818297 0 87 459
21 0.019818297 0 78 468
22 0.019818297 0 70 476
23 0.019818297 0 58 488
24 0.005718297 0.0141 52 494
25 0.005718297 0.0141 42 504
26 0.005718297 0.0141 36 510
27 0.005718297 0.0141 28 518
28 0.005718297 0.0141 26 520
29 0.005718297 0.0141 23 523
30 0.005718297 0.0141 21 525
31 0.005718297 0.0141 20 526
32 0.005718297 0.0141 17 529
33 0.005718297 0.0141 15 531
34 0.005718297 0.0141 14 532
34 0.005718297 0.0141 14 532
35 0.005718297 0.0141 13 533
36 0.005718297 0.0141 11 535
37 0.005718297 0.0141 8 538
37 0.005718297 0.0141 8 538
38 0.005718297 0.0141 8 538
39 0.005718297 0.0141 8 538
40 0.005718297 0.0141 8 538
41 0.005718297 0.0141 8 538
42 0.005718297 0.0141 7 539
43 0.005718297 0.0141 5 541
43 0.005718297 0.0141 5 541
44 0.005718297 0.0141 4 542
45 0.005718297 0.0141 4 542
45 0.003718297 0.0161 4 542
46 0.001718297 0.0181 3 543
47 0.001718297 0.0181 2 544
47 0.001718297 0.0181 2 544
48 0.001718297 0.0181 2 544
49 0.001718297 0.0181 2 544
49 0.001718297 0.0181 2 544
50 0.001718297 0.0181 1 545
50 0.001718297 0.0181 1 545
51 0.001718297 0.0181 0 546
51 0.001718297 0.0181 0 546
52 0.001718297 0.0181 0 546
52 0.001718297 0.0181 0 546
53 0.001718297 0.0181 0 546
53 0.001718297 0.0181 0 546
54 0.001718297 0.0181 0 546
54 0.001718297 0.0181 0 546
55 0.001718297 0.0181 0 546
55 0.001718297 0.0181 0 546
56 0.001718297 0.0181 0 546
56 0.001718297 0.0181 0 546
57 0.001718297 0.0181 0 546
57 0.001718297 0.0181 0 546
58 0.001718297 0.0181 0 546
58 0.001718297 0.0181 0 546
59 0.001718297 0.0181 0 546
59 0.001718297 0.0181 0 546
60 0.001718297 0.0181 0 546
60 0.001718297 0.0181 0 546
61 0.001718297 0.0181 0 546
