Time S E I R
0 255 0 0 0
1 255 0 0 0
1 243.4329 11.5671 0 0
2 232.0942 13.9058 9 0
3 220.7074 21.2926 12 1
4 210.2405 22.7595 21 1
5 197.5972 28.4028 25 4
6 187.7415 24.2585 36 7
7 178.3607 15.6393 49 12
8 169.0862 17.9138 48 20
9 158.9158 15.0842 53 28
10 154.1082 14.8918 49 37
11 151.1423 10.8577 49 44
12 144.6293 11.3707 50 49
13 142.3687 6.6313 49 57
14 137.1263 6.8737 50 61
15 133.8978 6.1022 43 72
16 132.7956 5.2044 40 77
17 128.6954 5.3046 41 80
18 126.6593 3.3407 41 84
19 125.6373 1.3627 38 90
20 123.6172 3.3828 33 95
21 123.5872 2.4128 29 100
22 122.5651 3.4349 26 103
23 121.5351 3.4649 26 104
24 119.521 2.479 24 109
25 117.509 4.491 22 111
26 116.491 3.509 21 114
27 116.4709 3.5291 16 119
28 116.4569 2.5431 15 121
29 116.4509 1.5491 13 124
30 116.4329 0.5671 13 125
31 115.4248 0.5752 12 127
32 114.4148 1.5852 6 133
33 114.4048 1.5952 4 135
34 114.3928 1.6072 4 135
35 114.3868 1.6132 4 135
36 113.3727 2.6273 4 135
37 113.3727 1.6273 3 137
37 113.3667 1.6333 3 137
38 112.3587 1.6413 4 137
39 112.3587 -0.3587 4 139
39 112.3447 0 4 139
40 112.3347 0.01 3 140
41 111.3267 1.018 3 140
42 111.3186 1.0261 3 140
43 111.3106 1.0341 3 140
44 111.3046 0.0401 4 140
45 111.3046 0.0401 4 140
45 111.3026 0.0421 4 140
46 111.3006 0.0441 4 140
47 111.3006 0.0441 4 140
47 111.2886 0.0561 4 140
48 110.2886 1.0561 4 140
49 110.2886 0.0561 4 141
49 110.2846 0.0601 4 141
50 110.2786 0.0661 3 142
51 110.2786 0.0661 3 142
51 110.2786 0.0661 3 142
52 110.2786 0.0661 3 142
52 110.2705 0.0742 3 142
53 110.2705 0.0742 3 142
53 110.2685 0.0762 3 142
54 110.2625 0.0822 3 142
55 110.2625 0.0822 2 143
55 110.2565 0.0882 2 143
56 110.2565 0.0882 2 143
56 110.2545 0.0902 2 143
57 110.2545 0.0902 1 144
57 110.2525 0.0922 1 144
58 110.2525 0.0922 1 144
58 110.2485 0.0962 1 144
59 110.2485 0.0962 1 144
59 110.2485 0.0962 1 144
60 110.2485 0.0962 1 144
60 110.2405 0.1042 1 144
61 110.2405 0.1042 1 144
