Time S E I R
0 280.262523463 0 0 0
1 280.262523463 0 0 0
1 268.695423463 11.5671 0 0
2 254.356723463 19.9058 6 0
3 234.969923463 31.2926 14 0
4 209.503023463 35.7595 32 3
5 176.859723463 42.4028 50 11
6 138.004023463 55.2585 72 15
7 104.623223463 56.6393 97 22
8 73.348723463 54.9138 107 45
9 44.178323463 57.0842 117 62
10 31.370723463 46.8918 125 77
11 17.404823463 41.8577 126 95
12 11.891823463 31.3707 129 108
13 9.631223463 20.6313 125 125
14 4.388823463 16.8737 123 136
15 3.160323463 11.1022 116 150
16 2.058123463 10.2044 104 164
17 0.957923463 8.3046 92 179
18 0.921823463 5.3407 86 188
19 0 4.3407 74 202
20 0 1.3407 68 211
21 0 0.3407 62 218
22 0 0.3407 53 227
23 0 0.3407 48 232
24 0 0 43 238
25 0 0 43 238
26 0 0 39 242
27 0 0 36 245
28 0 0 32 249
29 0 0 31 250
30 0 0 30 251
31 0 0 26 255
32 0 0 25 256
33 0 0 21 260
34 0 0 18 263
35 0 0 13 268
36 0 0 12 269
36 0 0 12 269
37 0 0 11 270
38 0 0 10 271
39 0 0 10 271
39 0 0 10 271
40 0 0 10 271
41 0 0 9 272
42 0 0 9 272
43 0 0 8 273
44 0 0 8 273
44 0 0 8 273
45 0 0 7 274
46 0 0 7 274
46 0 0 7 274
47 0 0 6 275
47 0 0 6 275
48 0 0 5 276
48 0 0 5 276
49 0 0 4 277
50 0 0 3 278
50 0 0 3 278
51 0 0 3 278
52 0 0 2 279
52 0 0 2 279
53 0 0 2 279
54 0 0 2 279
55 0 0 2 279
55 0 0 2 279
56 0 0 1 280
56 0 0 1 280
57 0 0 1 280
57 0 0 1 280
58 0 0 1 280
59 0 0 1 280
59 0 0 1 280
60 0 0 1 280
60 0 0 1 280
61 0 0 1 280
