Time S E I R
0 604.101821923 0 0 0
1 604.101821923 0 0 0
1 592.534721923 11.5671 0 0
2 578.196021923 20.9058 4 1
3 535.809221923 52.2926 15 1
4 431.342321923 114.7595 52 6
5 246.699021923 219.4028 124 14
6 71.843321923 264.2585 227 41
7 14.462521923 179.6393 323 87
8 0.462521923 112.6393 358 133
9 0.462521923 65.6393 344 194
10 0 39.6393 318 247
11 0 24.6393 297 283
12 0 16.6393 277 311
13 0 10.6393 252 342
14 0 8.6393 216 380
15 0 7.6393 191 406
16 0 3.6393 171 430
17 0 2.6393 144 458
18 0 1.6393 131 472
19 0 0.6393 115 489
20 0 0 98 507
21 0 0 90 515
22 0 0 76 529
23 0 0 67 538
24 0 0 56 549
25 0 0 53 552
26 0 0 44 561
27 0 0 39 566
28 0 0 37 568
29 0 0 32 573
30 0 0 30 575
31 0 0 27 578
32 0 0 24 581
33 0 0 21 584
34 0 0 21 584
35 0 0 18 587
36 0 0 17 588
37 0 0 15 590
38 0 0 14 591
39 0 0 12 593
40 0 0 11 594
41 0 0 11 594
42 0 0 7 598
43 0 0 6 599
43 0 0 6 599
44 0 0 5 600
44 0 0 5 600
45 0 0 5 600
46 0 0 4 601
47 0 0 4 601
47 0 0 4 601
48 0 0 4 601
48 0 0 4 601
49 0 0 4 601
50 0 0 4 601
50 0 0 4 601
51 0 0 3 602
52 0 0 2 603
53 0 0 1 604
54 0 0 1 604
54 0 0 1 604
55 0 0 1 604
55 0 0 1 604
56 0 0 1 604
56 0 0 1 604
57 0 0 1 604
57 0 0 1 604
58 0 0 1 604
58 0 0 1 604
59 0 0 1 604
59 0 0 1 604
60 0 0 1 604
60 0 0 1 604
61 0 0 1 604
