Time S E I R
0 255 0 0 0
1 255 0 0 0
1 243.4329 11.5671 0 0
2 231.0942 15.9058 8 0
3 217.7074 22.2926 15 0
4 202.2405 28.7595 22 2
5 190.5972 27.4028 32 5
6 176.7415 26.2585 44 8
7 164.3607 31.6393 43 16
8 151.0862 25.9138 56 22
9 138.9158 25.0842 59 32
10 129.1082 21.8918 66 38
11 118.1423 20.8577 65 51
12 109.6293 19.3707 68 58
13 94.3687 29.6313 61 70
14 87.1263 22.8737 69 76
15 77.8978 20.1022 71 86
16 73.7956 11.2044 72 98
17 68.6954 11.3046 66 109
18 65.6593 8.3407 62 119
19 57.6373 10.3627 64 123
20 54.6172 8.3828 64 128
21 52.5872 7.4128 56 139
22 52.5651 4.4349 49 149
23 50.5351 2.4649 52 150
24 46.521 5.479 47 156
25 43.509 6.491 45 160
26 42.491 2.509 45 165
27 41.4709 3.5291 38 172
28 40.4569 3.5431 35 176
29 40.4509 1.5491 34 179
30 40.4329 1.5671 30 183
31 40.4248 0 31 184
32 39.4148 1.01 25 190
33 38.4048 1.02 24 192
34 38.3928 1.032 22 194
35 37.3868 1.038 20 197
36 35.3727 2.0521 19 199
37 33.3667 3.0581 17 202
38 33.3587 2.0661 16 204
39 31.3447 3.0801 14 207
40 31.3347 0.0901 16 208
41 29.3267 2.0981 14 210
42 29.3186 1.1062 13 212
43 29.3106 1.1142 13 212
44 29.3106 1.1142 12 213
44 29.3046 1.1202 12 213
45 29.3026 0.1222 13 213
46 29.3006 0.1242 13 213
47 29.3006 0.1242 9 217
47 29.2886 0.1362 9 217
48 28.2886 0.1362 10 217
49 28.2846 0.1402 10 217
50 28.2786 0.1462 10 217
51 28.2786 0 9 219
52 28.2705 0.0081 6 222
53 27.2705 1.0081 4 224
53 27.2685 1.0101 4 224
54 27.2625 1.0161 4 224
55 27.2625 1.0161 3 225
55 27.2565 1.0221 3 225
56 27.2545 1.0241 2 226
57 27.2545 0.0241 3 226
57 27.2525 0.0261 3 226
58 26.2525 0.0261 3 227
58 26.2485 0.0301 3 227
59 26.2485 0.0301 3 227
59 26.2485 0.0301 3 227
60 26.2485 0.0301 3 227
60 26.2405 0.0381 3 227
61 26.2405 0.0381 3 227
