Time S E I R
0 551.45048336 0 0 0
1 551.45048336 0 0 0
1 539.88338336 11.5671 0 0
2 517.54468336 27.9058 5 1
3 368.15788336 137.2926 43 3
4 98.69098336 296.7595 142 14
5 0 244.7595 271 36
6 0 152.7595 320 79
7 0 81.7595 349 121
8 0 40.7595 348 163
9 0 23.7595 313 215
10 0 12.7595 291 248
11 0 5.7595 265 281
12 0 2.7595 229 320
13 0 0 205 347
14 0 0 189 363
15 0 0 166 386
16 0 0 140 412
17 0 0 122 430
18 0 0 111 441
19 0 0 100 452
20 0 0 87 465
21 0 0 79 473
22 0 0 74 478
23 0 0 62 490
24 0 0 54 498
25 0 0 49 503
26 0 0 43 509
27 0 0 38 514
28 0 0 32 520
29 0 0 25 527
30 0 0 24 528
31 0 0 19 533
32 0 0 16 536
33 0 0 14 538
33 0 0 14 538
34 0 0 14 538
34 0 0 14 538
35 0 0 12 540
36 0 0 11 541
36 0 0 11 541
37 0 0 10 542
38 0 0 8 544
38 0 0 8 544
39 0 0 7 545
40 0 0 6 546
41 0 0 5 547
41 0 0 5 547
42 0 0 4 548
42 0 0 4 548
43 0 0 3 549
43 0 0 3 549
44 0 0 3 549
45 0 0 2 550
45 0 0 2 550
46 0 0 2 550
47 0 0 2 550
47 0 0 2 550
48 0 0 1 551
48 0 0 1 551
49 0 0 1 551
49 0 0 1 551
50 0 0 1 551
50 0 0 1 551
51 0 0 1 551
51 0 0 1 551
52 0 0 1 551
52 0 0 1 551
53 0 0 1 551
53 0 0 1 551
54 0 0 1 551
54 0 0 1 551
55 0 0 1 551
55 0 0 1 551
56 0 0 1 551
57 0 0 1 551
58 0 0 1 551
58 0 0 1 551
59 0 0 1 551
60 0 0 1 551
60 0 0 1 551
61 0 0 1 551
