Time S E I R
0 770.24304788 0 0 0
1 770.24304788 0 0 0
1 758.67594788 11.5671 0 0
2 738.33724788 22.9058 9 0
3 670.95044788 65.2926 30 4
4 526.48354788 156.7595 76 11
5 313.84024788 264.4028 167 25
6 102.98454788 313.2585 301 53
7 11.60374788 248.6393 396 114
8 1.60374788 159.6393 441 168
9 1.60374788 97.6393 446 225
10 0.60374788 51.6393 435 283
11 0 25.6393 414 331
12 0 12.6393 380 378
13 0 8.6393 340 422
14 0 3.6393 304 463
15 0 2.6393 256 512
16 0 0.6393 234 536
17 0 0 209 562
18 0 0 189 582
19 0 0 153 618
20 0 0 130 641
21 0 0 113 658
22 0 0 96 675
23 0 0 78 693
24 0 0 65 706
25 0 0 59 712
26 0 0 57 714
27 0 0 53 718
28 0 0 45 726
29 0 0 41 730
30 0 0 37 734
31 0 0 36 735
32 0 0 31 740
33 0 0 28 743
34 0 0 27 744
35 0 0 24 747
35 0 0 24 747
36 0 0 22 749
37 0 0 22 749
38 0 0 17 754
39 0 0 16 755
40 0 0 13 758
41 0 0 11 760
42 0 0 10 761
43 0 0 8 763
43 0 0 8 763
44 0 0 7 764
44 0 0 7 764
45 0 0 5 766
45 0 0 5 766
46 0 0 5 766
46 0 0 5 766
47 0 0 4 767
48 0 0 3 768
48 0 0 3 768
49 0 0 3 768
49 0 0 3 768
50 0 0 3 768
51 0 0 3 768
51 0 0 3 768
52 0 0 3 768
53 0 0 3 768
53 0 0 3 768
54 0 0 2 769
54 0 0 2 769
55 0 0 1 770
55 0 0 1 770
56 0 0 1 770
56 0 0 1 770
57 0 0 0 771
57 0 0 0 771
58 0 0 0 771
58 0 0 0 771
59 0 0 0 771
59 0 0 0 771
60 0 0 0 771
60 0 0 0 771
61 0 0 0 771
