Time S E I R
0 893.882643299 0 0 0
1 893.882643299 0 0 0
1 882.315543299 11.5671 0 0
2 870.976843299 15.9058 7 0
3 860.590043299 18.2926 11 4
4 851.123143299 18.7595 19 5
5 842.479843299 20.4028 24 7
6 834.624143299 20.2585 28 11
7 828.243343299 17.6393 30 18
8 821.968843299 16.9138 33 22
9 818.798443299 12.0842 38 25
10 816.990843299 7.8918 40 29
11 816.024943299 6.8577 35 36
12 814.511943299 4.3707 34 41
13 813.251343299 3.6313 34 43
14 812.008943299 1.8737 35 45
15 809.780443299 2.1022 32 50
16 809.678243299 1.2044 30 53
17 808.578043299 1.3046 30 54
18 807.541943299 0.3407 31 55
19 805.519943299 1.3627 28 59
20 805.499843299 0.3828 24 64
21 804.469843299 0.4128 22 67
22 799.447743299 3.4349 22 69
23 797.417743299 4.4649 20 72
24 797.403643299 0.479 22 74
25 797.403643299 0.479 20 76
25 797.391643299 0.491 20 76
26 797.373643299 0.509 18 78
27 795.353543299 1.5291 19 78
28 795.339543299 1.5431 17 80
29 795.339543299 1.5431 17 80
29 795.333543299 1.5491 17 80
30 794.315543299 1.5671 15 83
31 794.307443299 1.5752 15 83
32 794.297443299 0.5852 14 85
33 792.287443299 1.5952 14 86
34 792.275443299 1.6072 12 88
35 791.269443299 1.6132 12 89
36 791.269443299 0.6132 13 89
36 791.255343299 0.6273 13 89
37 791.249343299 0.6333 13 89
38 790.241343299 1.6413 13 89
39 790.227343299 0.6553 12 91
40 790.217343299 0 9 95
41 790.209343299 0.008 8 96
42 790.201243299 0.0161 7 97
43 790.193243299 0.0241 6 98
44 790.187243299 0.0301 4 100
45 790.187243299 0.0301 4 100
45 790.185243299 0.0321 4 100
46 790.185243299 0.0321 3 101
46 790.183243299 0.0341 3 101
47 790.183243299 0.0341 3 101
47 790.171243299 0.0461 3 101
48 790.171243299 0.0461 1 103
48 790.171243299 0.0461 1 103
49 790.171243299 -0.9539 2 103
49 790.167243299 0 2 103
50 790.161243299 0.006 1 104
51 790.161243299 0.006 1 104
51 790.161243299 0.006 1 104
52 790.161243299 0.006 1 104
52 790.153143299 0.0141 1 104
53 790.153143299 0.0141 1 104
53 790.151143299 0.0161 1 104
54 790.151143299 0.0161 1 104
54 790.145143299 0.0221 1 104
55 790.145143299 0.0221 1 104
55 790.139143299 0.0281 1 104
56 790.139143299 0.0281 1 104
56 790.137143299 0.0301 1 104
57 790.135143299 0.0321 1 104
58 790.135143299 0.0321 1 104
58 790.131143299 0.0361 1 104
59 790.131143299 0.0361 1 104
60 790.123143299 0.0441 1 104
61 790.123143299 0.0441 1 104
