Time S E I R
0 255 0 0 0
1 255 0 0 0
1 243.4329 11.5671 0 0
2 231.0942 16.9058 7 0
3 216.7074 23.2926 14 1
4 202.2405 25.7595 25 2
5 190.5972 24.4028 37 3
6 175.7415 21.2585 48 10
7 165.3607 17.6393 54 18
8 150.0862 22.9138 55 27
9 141.9158 19.0842 58 36
10 132.1082 22.8918 58 42
11 125.1423 18.8577 60 51
12 116.6293 18.3707 60 60
13 110.3687 11.6313 64 69
14 104.1263 9.8737 60 81
15 100.8978 10.1022 57 87
16 98.7956 9.2044 56 91
17 92.6954 7.3046 54 101
18 90.6593 7.3407 53 104
19 85.6373 8.3627 49 112
20 84.6172 8.3828 42 120
21 80.5872 6.4128 38 130
22 79.5651 4.4349 35 136
23 78.5351 4.4649 34 138
24 77.521 2.479 32 143
25 77.509 1.491 27 149
26 76.491 1.509 27 150
27 74.4709 1.5291 25 154
28 74.4569 0 21 160
29 74.4509 0.006 19 162
30 73.4329 1.024 17 164
31 73.4248 0.0321 17 165
32 72.4148 1.0421 14 168
33 72.4048 1.0521 12 170
34 72.3928 0 13 171
35 71.3868 1.006 10 174
36 70.3727 2.0201 8 176
37 70.3667 0.0261 9 177
38 70.3587 0.0341 7 179
39 70.3447 0.0481 7 179
40 70.3347 0.0581 5 181
41 70.3267 0.0661 4 182
42 70.3186 0.0742 3 183
43 70.3186 0.0742 3 183
43 70.3106 0.0822 3 183
44 70.3046 0.0882 2 184
45 70.3046 0.0882 1 185
45 70.3026 0.0902 1 185
46 70.3026 0.0902 1 185
46 70.3006 0.0922 1 185
47 70.3006 0.0922 1 185
47 70.2886 0.1042 1 185
48 70.2886 0.1042 1 185
49 70.2886 0.1042 1 185
49 70.2846 0.1082 1 185
50 70.2846 0.1082 0 186
50 70.2786 0.1142 0 186
51 70.2786 0.1142 0 186
51 70.2786 0.1142 0 186
52 70.2786 0.1142 0 186
52 70.2705 0.1223 0 186
53 70.2705 0.1223 0 186
53 70.2685 0.1243 0 186
54 70.2685 0.1243 0 186
54 70.2625 0.1303 0 186
55 70.2625 0.1303 0 186
55 70.2565 0.1363 0 186
56 70.2565 0.1363 0 186
56 70.2545 0.1383 0 186
57 70.2525 0.1403 0 186
58 70.2525 0.1403 0 186
58 70.2485 0.1443 0 186
59 70.2485 0.1443 0 186
59 70.2485 0.1443 0 186
60 70.2485 0.1443 0 186
60 70.2405 0.1523 0 186
61 70.2405 0.1523 0 186
