Time S E I R
0 255 0 0 0
1 255 0 0 0
1 243.4329 11.5671 0 0
2 231.0942 17.9058 6 0
3 220.7074 22.2926 10 2
4 207.2405 24.7595 20 3
5 197.5972 23.4028 27 7
6 188.7415 23.2585 32 11
7 180.3607 23.6393 33 18
8 170.0862 24.9138 36 24
9 165.9158 16.0842 40 33
10 159.1082 11.8918 43 41
11 157.1423 6.8577 48 43
12 153.6293 7.3707 47 47
13 145.3687 8.6313 47 54
14 138.1263 8.8737 46 62
15 133.8978 9.1022 47 65
16 130.7956 7.2044 44 73
17 130.6954 5.3046 41 78
18 128.6593 6.3407 33 87
19 122.6373 10.3627 31 91
20 122.6172 6.3828 32 94
21 121.5872 5.4128 33 95
22 120.5651 3.4349 30 101
23 118.5351 3.4649 28 105
24 115.521 5.479 24 110
25 114.509 2.491 24 114
26 113.491 1.509 21 119
27 109.4709 0.5291 22 123
28 109.4569 0 21 125
29 109.4509 0.006 18 128
30 108.4329 1.024 14 132
31 108.4248 0.0321 11 136
32 108.4148 0.0421 10 137
33 107.4048 1.0521 10 137
34 106.3928 0.0641 12 137
35 105.3928 1.0641 9 140
35 105.3868 1.0701 9 140
36 104.3727 2.0842 8 141
37 104.3667 1.0902 9 141
38 102.3667 2.0902 9 142
38 102.3587 2.0982 9 142
39 102.3587 1.0982 10 142
39 102.3447 1.1122 10 142
40 102.3447 0.1122 11 142
40 102.3347 0.1222 11 142
41 102.3267 0.1302 11 142
42 101.3186 1.1383 7 146
43 101.3106 1.1463 7 146
44 99.3046 3.1523 6 147
45 99.3026 2.1543 7 147
46 99.3006 2.1563 7 147
47 98.2886 3.1683 7 147
48 98.2886 2.1683 6 149
49 98.2846 0.1723 6 151
50 96.2786 2.1783 6 151
51 96.2786 2.1783 5 152
52 95.2705 2.1864 6 152
53 93.2685 4.1884 5 153
54 93.2625 3.1944 5 154
55 92.2565 3.2004 5 155
56 92.2545 2.2024 6 155
57 92.2525 1.2044 6 156
58 91.2485 1.2084 7 156
59 91.2485 1.2084 7 156
60 91.2405 1.2164 5 158
