Time S E I R
0 661.739219624 0 0 0
1 661.739219624 0 0 0
1 650.172119624 11.5671 0 0
2 617.833419624 36.9058 6 1
3 481.446619624 141.2926 36 3
4 141.979719624 350.7595 155 14
5 3.979719624 301.7595 308 48
6 0 177.7595 392 92
7 0 94.7595 420 147
8 0 54.7595 418 189
9 0 33.7595 383 245
10 0 22.7595 347 292
11 0 14.7595 317 330
12 0 5.7595 289 367
13 0 4.7595 258 399
14 0 2.7595 225 434
15 0 0.7595 199 462
16 0 0 178 484
17 0 0 154 508
18 0 0 132 530
19 0 0 114 548
20 0 0 97 565
21 0 0 80 582
22 0 0 73 589
23 0 0 64 598
24 0 0 57 605
25 0 0 51 611
26 0 0 46 616
27 0 0 39 623
27 0 0 39 623
28 0 0 36 626
29 0 0 32 630
30 0 0 26 636
31 0 0 24 638
32 0 0 21 641
33 0 0 16 646
34 0 0 16 646
34 0 0 16 646
35 0 0 16 646
36 0 0 12 650
37 0 0 10 652
38 0 0 7 655
38 0 0 7 655
39 0 0 7 655
39 0 0 7 655
40 0 0 7 655
41 0 0 5 657
42 0 0 5 657
42 0 0 5 657
43 0 0 4 658
43 0 0 4 658
44 0 0 4 658
44 0 0 4 658
45 0 0 3 659
45 0 0 3 659
46 0 0 3 659
47 0 0 3 659
47 0 0 3 659
48 0 0 3 659
48 0 0 3 659
49 0 0 3 659
49 0 0 3 659
50 0 0 3 659
50 0 0 3 659
51 0 0 2 660
51 0 0 2 660
52 0 0 2 660
52 0 0 2 660
53 0 0 2 660
54 0 0 2 660
55 0 0 2 660
55 0 0 2 660
56 0 0 2 660
56 0 0 2 660
57 0 0 1 661
57 0 0 1 661
58 0 0 0 662
58 0 0 0 662
59 0 0 0 662
59 0 0 0 662
60 0 0 0 662
60 0 0 0 662
61 0 0 0 662
