Time S E I R
0 871.072021795 0 0 0
1 871.072021795 0 0 0
1 859.504921795 11.5671 0 0
2 823.166221795 37.9058 9 1
3 588.779421795 207.2926 69 6
4 85.312521795 488.7595 272 25
5 0.312521795 292.7595 510 68
6 0.312521795 164.7595 566 140
7 0 88.7595 564 219
8 0 49.7595 524 298
9 0 33.7595 471 367
10 0 19.7595 422 430
11 0 12.7595 381 478
12 0 2.7595 345 524
13 0 1.7595 306 564
14 0 1.7595 267 603
15 0 1.7595 235 635
16 0 0.7595 209 662
17 0 0 183 689
18 0 0 166 706
19 0 0 139 733
20 0 0 121 751
21 0 0 107 765
22 0 0 93 779
23 0 0 79 793
24 0 0 70 802
25 0 0 62 810
26 0 0 54 818
27 0 0 50 822
28 0 0 46 826
29 0 0 42 830
30 0 0 33 839
31 0 0 28 844
32 0 0 25 847
33 0 0 21 851
34 0 0 20 852
35 0 0 19 853
36 0 0 18 854
36 0 0 18 854
37 0 0 18 854
38 0 0 16 856
39 0 0 13 859
39 0 0 13 859
40 0 0 11 861
41 0 0 10 862
42 0 0 9 863
42 0 0 9 863
43 0 0 9 863
44 0 0 8 864
45 0 0 8 864
45 0 0 8 864
46 0 0 7 865
47 0 0 5 867
48 0 0 5 867
49 0 0 4 868
50 0 0 3 869
51 0 0 2 870
51 0 0 2 870
52 0 0 2 870
52 0 0 2 870
53 0 0 2 870
53 0 0 2 870
54 0 0 2 870
54 0 0 2 870
55 0 0 2 870
55 0 0 2 870
56 0 0 2 870
57 0 0 2 870
57 0 0 2 870
58 0 0 2 870
58 0 0 2 870
59 0 0 2 870
59 0 0 2 870
60 0 0 2 870
60 0 0 2 870
61 0 0 2 870
