Time S E I R
0 442.111493511 0 0 0
1 442.111493511 0 0 0
1 430.544393511 11.5671 0 0
2 400.205693511 30.9058 11 0
3 270.818893511 127.2926 41 3
4 64.351993511 218.7595 144 15
5 6.351993511 148.7595 238 49
6 0.351993511 79.7595 278 84
7 0 49.7595 269 124
8 0 33.7595 254 155
9 0 18.7595 228 196
10 0 9.7595 210 223
11 0 1.7595 194 247
12 0 1.7595 173 268
13 0 1.7595 151 290
14 0 0.7595 129 313
15 0 0.7595 112 330
16 0 0.7595 98 344
17 0 0.7595 89 353
18 0 0.7595 77 365
19 0 0.7595 67 375
20 0 0 57 386
21 0 0 50 393
22 0 0 47 396
23 0 0 40 403
24 0 0 38 405
25 0 0 36 407
26 0 0 32 411
27 0 0 24 419
28 0 0 18 425
29 0 0 16 427
30 0 0 14 429
31 0 0 13 430
32 0 0 12 431
33 0 0 12 431
34 0 0 9 434
34 0 0 9 434
35 0 0 8 435
36 0 0 7 436
36 0 0 7 436
37 0 0 5 438
37 0 0 5 438
38 0 0 5 438
38 0 0 5 438
39 0 0 5 438
40 0 0 3 440
41 0 0 3 440
41 0 0 3 440
42 0 0 3 440
42 0 0 3 440
43 0 0 3 440
43 0 0 3 440
44 0 0 2 441
45 0 0 1 442
45 0 0 1 442
46 0 0 1 442
46 0 0 1 442
47 0 0 1 442
47 0 0 1 442
48 0 0 0 443
48 0 0 0 443
49 0 0 0 443
49 0 0 0 443
50 0 0 0 443
50 0 0 0 443
51 0 0 0 443
51 0 0 0 443
52 0 0 0 443
52 0 0 0 443
53 0 0 0 443
53 0 0 0 443
54 0 0 0 443
54 0 0 0 443
55 0 0 0 443
55 0 0 0 443
56 0 0 0 443
56 0 0 0 443
57 0 0 0 443
57 0 0 0 443
58 0 0 0 443
58 0 0 0 443
59 0 0 0 443
59 0 0 0 443
60 0 0 0 443
60 0 0 0 443
61 0 0 0 443
