Time S E I R
0 255 0 0 0
1 255 0 0 0
1 243.4329 11.5671 0 0
2 232.0942 16.9058 6 0
3 219.7074 22.2926 13 0
4 208.2405 24.7595 17 5
5 196.5972 23.4028 29 6
6 187.7415 20.2585 38 9
7 178.3607 16.6393 44 16
8 169.0862 19.9138 48 18
9 159.9158 22.0842 45 28
10 153.1082 23.8918 43 35
11 145.1423 17.8577 49 43
12 140.6293 11.3707 57 46
13 134.3687 10.6313 60 50
14 126.1263 15.8737 59 54
15 118.8978 16.1022 57 63
16 115.7956 11.2044 56 72
17 113.6954 9.3046 53 79
18 110.6593 5.3407 56 83
19 106.6373 6.3627 52 90
20 105.6172 2.3828 47 100
21 100.5872 7.4128 45 102
22 100.5651 4.4349 42 108
23 98.5351 2.4649 40 114
24 95.521 5.479 32 122
25 95.509 4.491 31 124
26 94.491 5.509 25 130
27 90.4709 7.5291 24 133
28 89.4569 3.5431 26 136
29 86.4509 2.5491 26 140
30 86.4329 2.5671 24 142
31 85.4248 1.5752 22 146
32 85.4148 0.5852 20 149
33 85.4148 -0.4148 20 150
33 85.4048 0 20 150
34 83.3928 1.012 18 153
35 82.3868 1.018 15 157
36 81.3727 2.0321 15 157
37 81.3667 1.0381 15 158
38 81.3667 1.0381 10 163
38 81.3587 1.0461 10 163
39 80.3587 1.0461 8 166
39 80.3447 1.0601 8 166
40 80.3347 1.0701 8 166
41 79.3267 0 11 166
42 79.3186 0.0081 9 168
43 78.3106 1.0161 7 170
44 78.3106 0.0161 8 170
44 78.3046 0.0221 8 170
45 77.3046 1.0221 6 172
45 77.3026 1.0241 6 172
46 77.3006 1.0261 5 173
47 77.3006 0.0261 6 173
47 77.2886 0.0381 6 173
48 77.2886 0.0381 6 173
49 77.2846 0.0421 6 173
50 76.2786 0.0481 6 174
51 76.2786 0.0481 3 177
51 76.2786 0.0481 3 177
52 76.2786 0.0481 3 177
52 76.2705 0.0562 3 177
53 76.2705 0.0562 2 178
53 76.2685 0.0582 2 178
54 76.2685 0.0582 2 178
54 76.2625 0.0642 2 178
55 76.2565 0.0702 2 178
56 76.2565 0.0702 1 179
56 76.2545 0.0722 1 179
57 76.2525 0.0742 1 179
58 76.2525 0.0742 1 179
58 76.2485 0.0782 1 179
59 76.2485 0.0782 1 179
60 76.2485 0.0782 0 180
60 76.2405 0.0862 0 180
61 76.2405 0.0862 0 180
