Time S E I R
0 303.494806383 0 0 0
1 303.494806383 0 0 0
1 291.927706383 11.5671 0 0
2 263.589006383 31.9058 8 0
3 198.202206383 73.2926 27 5
4 88.735306383 129.7595 74 11
5 15.092006383 139.4028 124 25
6 2.092006383 92.4028 168 41
7 0.092006383 61.4028 185 57
8 0.092006383 29.4028 204 70
9 0.092006383 16.4028 188 99
10 0.092006383 12.4028 164 127
11 0.092006383 6.4028 152 145
12 0.092006383 4.4028 136 163
13 0.092006383 2.4028 123 178
14 0.092006383 1.4028 111 191
15 0.092006383 0.4028 105 198
16 0.092006383 0.4028 92 211
17 0.092006383 0.4028 80 223
18 0.055906383 0.4389 71 232
19 0.033906383 0.4609 59 244
20 0.013806383 0.481 53 250
21 0.013806383 0.481 51 252
22 0.013806383 0.481 44 259
23 0.013806383 0.481 42 261
24 0.013806383 0.481 40 263
25 0.001806383 0.493 33 270
26 0.001806383 0.493 29 274
27 0.001806383 0 25 279
28 0.001806383 0 24 280
29 0.001806383 0 21 283
30 0.001806383 0 19 285
31 0.001806383 0 16 288
31 0.001806383 0 16 288
32 0.001806383 0 13 291
32 0.001806383 0 13 291
33 0.001806383 0 11 293
34 0.001806383 0 10 294
34 0.001806383 0 10 294
35 0.001806383 0 9 295
35 0.001806383 0 9 295
36 0.001806383 0 8 296
37 0.001806383 0 6 298
38 0.001806383 0 6 298
39 0.001806383 0 5 299
39 0.001806383 0 5 299
40 0.001806383 0 5 299
40 0.001806383 0 5 299
41 0.001806383 0 5 299
41 0.001806383 0 5 299
42 0.001806383 0 4 300
43 0.001806383 0 4 300
44 0.001806383 0 3 301
44 0.001806383 0 3 301
45 0.001806383 0 3 301
46 0.001806383 0 3 301
46 0.001806383 0 3 301
47 0.001806383 0 2 302
47 0.001806383 0 2 302
48 0.001806383 0 2 302
48 0.001806383 0 2 302
49 0.001806383 0 1 303
49 0.001806383 0 1 303
50 0.001806383 0 1 303
50 0.001806383 0 1 303
51 0.001806383 0 1 303
51 0.001806383 0 1 303
52 0.001806383 0 1 303
53 0.001806383 0 1 303
53 0.001806383 0 1 303
54 0.001806383 0 1 303
54 0.001806383 0 1 303
55 0.001806383 0 1 303
55 0.001806383 0 1 303
56 0.001806383 0 1 303
56 0.001806383 0 1 303
57 0.001806383 0 0 304
57 0.001806383 0 0 304
58 0.001806383 0 0 304
58 0.001806383 0 0 304
59 0.001806383 0 0 304
59 0.001806383 0 0 304
60 0.001806383 0 0 304
60 0.001806383 0 0 304
61 0.001806383 0 0 304
