Time S E I R
0 497.564919831 0 0 0
1 497.564919831 0 0 0
1 485.997819831 11.5671 0 0
2 456.659119831 32.9058 8 0
3 393.272319831 75.2926 28 1
4 219.805419831 169.7595 102 6
5 57.162119831 219.4028 193 28
6 1.306419831 167.2585 279 50
7 0 104.2585 300 94
8 0 58.2585 314 126
9 0 37.2585 302 159
10 0 21.2585 283 194
11 0 8.2585 265 225
12 0 4.2585 236 258
13 0 2.2585 215 281
14 0 1.2585 192 305
15 0 0.2585 176 322
16 0 0.2585 161 337
17 0 0.2585 147 351
18 0 0.2585 131 367
19 0 0.2585 120 378
20 0 0.2585 106 392
21 0 0.2585 93 405
22 0 0.2585 83 415
23 0 0.2585 74 424
24 0 0.2585 60 438
25 0 0 55 444
26 0 0 51 448
27 0 0 49 450
28 0 0 39 460
29 0 0 34 465
30 0 0 31 468
31 0 0 26 473
32 0 0 24 475
33 0 0 21 478
34 0 0 19 480
35 0 0 17 482
36 0 0 16 483
37 0 0 14 485
38 0 0 12 487
39 0 0 10 489
40 0 0 8 491
41 0 0 7 492
41 0 0 7 492
42 0 0 7 492
42 0 0 7 492
43 0 0 6 493
43 0 0 6 493
44 0 0 5 494
45 0 0 3 496
45 0 0 3 496
46 0 0 3 496
47 0 0 3 496
47 0 0 3 496
48 0 0 2 497
49 0 0 2 497
50 0 0 2 497
50 0 0 2 497
51 0 0 2 497
51 0 0 2 497
52 0 0 2 497
52 0 0 2 497
53 0 0 2 497
54 0 0 1 498
54 0 0 1 498
55 0 0 1 498
55 0 0 1 498
56 0 0 1 498
56 0 0 1 498
57 0 0 1 498
58 0 0 1 498
58 0 0 1 498
59 0 0 1 498
59 0 0 1 498
60 0 0 1 498
61 0 0 1 498
