Time S E I R
0 734.596261025 0 0 0
1 734.596261025 0 0 0
1 723.029161025 11.5671 0 0
2 698.690461025 26.9058 9 0
3 646.303661025 60.2926 26 2
4 532.836761025 117.7595 76 8
5 380.193461025 185.4028 140 29
6 198.337761025 251.2585 227 58
7 78.956961025 231.6393 329 95
8 22.682461025 180.9138 377 154
9 2.682461025 119.9138 394 218
10 0.874861025 75.7214 376 282
11 0 39.7214 366 329
12 0 20.7214 340 374
13 0 9.7214 305 420
14 0 5.7214 274 455
15 0 3.7214 243 488
16 0 0.7214 218 516
17 0 0.7214 195 539
18 0 0 178 557
19 0 0 156 579
20 0 0 131 604
21 0 0 114 621
22 0 0 107 628
23 0 0 96 639
24 0 0 85 650
25 0 0 72 663
26 0 0 64 671
27 0 0 60 675
28 0 0 55 680
29 0 0 43 692
30 0 0 37 698
31 0 0 32 703
32 0 0 27 708
33 0 0 24 711
34 0 0 22 713
35 0 0 19 716
36 0 0 14 721
37 0 0 13 722
37 0 0 13 722
38 0 0 10 725
39 0 0 8 727
40 0 0 7 728
41 0 0 7 728
42 0 0 6 729
43 0 0 6 729
44 0 0 4 731
44 0 0 4 731
45 0 0 3 732
45 0 0 3 732
46 0 0 2 733
47 0 0 2 733
47 0 0 2 733
48 0 0 2 733
48 0 0 2 733
49 0 0 2 733
49 0 0 2 733
50 0 0 1 734
50 0 0 1 734
51 0 0 1 734
51 0 0 1 734
52 0 0 1 734
53 0 0 1 734
53 0 0 1 734
54 0 0 1 734
55 0 0 1 734
55 0 0 1 734
56 0 0 1 734
56 0 0 1 734
57 0 0 1 734
57 0 0 1 734
58 0 0 1 734
58 0 0 1 734
59 0 0 1 734
59 0 0 1 734
60 0 0 1 734
60 0 0 1 734
61 0 0 1 734
