Time S E I R
0 767.206511435 0 0 0
1 767.206511435 0 0 0
1 755.639411435 11.5671 0 0
2 737.300711435 24.9058 3 2
3 628.913911435 96.2926 38 4
4 385.447011435 260.7595 108 13
5 99.803711435 372.4028 264 31
6 4.948011435 288.2585 399 75
7 0 170.2585 455 142
8 0 94.2585 475 198
9 0 49.2585 469 249
10 0 23.2585 436 308
11 0 14.2585 403 350
12 0 6.2585 372 389
13 0 2.2585 325 440
14 0 1.2585 279 487
15 0 0.2585 235 532
16 0 0 207 561
17 0 0 186 582
18 0 0 170 598
19 0 0 152 616
20 0 0 131 637
21 0 0 111 657
22 0 0 101 667
23 0 0 87 681
24 0 0 80 688
25 0 0 71 697
26 0 0 65 703
27 0 0 55 713
28 0 0 49 719
29 0 0 44 724
30 0 0 35 733
31 0 0 32 736
32 0 0 31 737
33 0 0 25 743
34 0 0 22 746
35 0 0 19 749
35 0 0 19 749
36 0 0 17 751
37 0 0 16 752
38 0 0 15 753
39 0 0 13 755
40 0 0 11 757
41 0 0 9 759
41 0 0 9 759
42 0 0 9 759
43 0 0 8 760
43 0 0 8 760
44 0 0 7 761
44 0 0 7 761
45 0 0 5 763
45 0 0 5 763
46 0 0 4 764
46 0 0 4 764
47 0 0 2 766
47 0 0 2 766
48 0 0 2 766
48 0 0 2 766
49 0 0 2 766
50 0 0 1 767
50 0 0 1 767
51 0 0 1 767
51 0 0 1 767
52 0 0 1 767
52 0 0 1 767
53 0 0 1 767
53 0 0 1 767
54 0 0 1 767
54 0 0 1 767
55 0 0 1 767
55 0 0 1 767
56 0 0 1 767
56 0 0 1 767
57 0 0 1 767
57 0 0 1 767
58 0 0 1 767
59 0 0 0 768
59 0 0 0 768
60 0 0 0 768
60 0 0 0 768
61 0 0 0 768
