Time S E I R
0 939.7388493 0 0 0
1 939.7388493 0 0 0
1 928.1717493 11.5671 0 0
2 899.8330493 29.9058 10 0
3 838.4462493 65.2926 32 4
4 705.9793493 134.7595 93 6
5 473.3360493 245.4028 203 18
6 222.4803493 331.2585 325 61
7 63.0995493 302.6393 463 111
8 12.8250493 223.9138 521 182
9 0 139.9138 542 258
10 0 83.9138 526 330
11 0 50.9138 487 402
12 0 26.9138 448 465
13 0 19.9138 405 515
14 0 10.9138 363 566
15 0 7.9138 325 607
16 0 2.9138 286 651
17 0 2.9138 261 676
18 0 1.9138 233 705
19 0 1.9138 212 726
20 0 0.9138 190 749
21 0 0 172 768
22 0 0 142 798
23 0 0 122 818
24 0 0 117 823
25 0 0 104 836
26 0 0 93 847
27 0 0 80 860
28 0 0 72 868
29 0 0 66 874
30 0 0 53 887
31 0 0 49 891
32 0 0 46 894
33 0 0 37 903
34 0 0 32 908
35 0 0 29 911
36 0 0 25 915
37 0 0 21 919
38 0 0 21 919
39 0 0 19 921
40 0 0 13 927
40 0 0 13 927
41 0 0 13 927
42 0 0 10 930
43 0 0 9 931
43 0 0 9 931
44 0 0 8 932
44 0 0 8 932
45 0 0 6 934
45 0 0 6 934
46 0 0 5 935
46 0 0 5 935
47 0 0 4 936
47 0 0 4 936
48 0 0 2 938
48 0 0 2 938
49 0 0 2 938
49 0 0 2 938
50 0 0 2 938
50 0 0 2 938
51 0 0 2 938
52 0 0 2 938
52 0 0 2 938
53 0 0 1 939
53 0 0 1 939
54 0 0 1 939
54 0 0 1 939
55 0 0 1 939
55 0 0 1 939
56 0 0 1 939
56 0 0 1 939
57 0 0 1 939
57 0 0 1 939
58 0 0 1 939
58 0 0 1 939
59 0 0 1 939
59 0 0 1 939
60 0 0 1 939
60 0 0 1 939
61 0 0 1 939
