Time S E I R
0 255 0 0 0
1 255 0 0 0
1 243.4329 11.5671 0 0
2 232.0942 17.9058 5 0
3 218.7074 25.2926 10 1
4 208.2405 26.7595 18 2
5 192.5972 27.4028 27 8
6 176.7415 31.2585 34 13
7 163.3607 28.6393 42 21
8 146.0862 23.9138 58 27
9 126.9158 29.0842 64 35
10 107.1082 29.8918 76 42
11 93.1423 27.8577 85 49
12 82.6293 26.3707 90 56
13 71.3687 25.6313 94 64
14 58.1263 28.8737 91 77
15 48.8978 25.1022 99 82
16 40.7956 22.2044 94 98
17 33.6954 11.3046 97 113
18 30.6593 9.3407 94 121
19 26.6373 9.3627 81 138
20 22.6172 8.3828 71 153
21 17.5872 8.4128 67 162
22 15.5651 3.4349 65 171
23 14.5351 1.4649 62 177
24 13.521 2.479 50 189
25 13.509 0.491 40 201
26 9.491 4.509 33 208
27 9.4709 2.5291 32 211
28 8.4569 1.5431 29 216
29 7.4509 2.5491 26 219
30 7.4329 2.5671 20 225
31 7.4248 2.5752 18 227
32 7.4148 0.5852 18 229
33 7.4048 0.5952 16 231
34 6.3928 1.6072 15 232
35 5.3868 2.6132 13 234
36 5.3727 2.6273 11 236
37 5.3667 1.6333 11 237
38 5.3587 0.6413 11 238
39 5.3447 0.6553 10 239
40 5.3347 0 9 241
41 5.3347 0 8 242
41 5.3267 0.008 8 242
42 4.3186 1.0161 7 243
43 3.3186 1.0161 6 245
43 3.3106 1.0241 6 245
44 3.3046 1.0301 6 245
45 3.3046 0.0301 7 245
45 3.3026 0.0321 7 245
46 2.3006 0.0341 7 246
47 2.2886 0.0461 6 247
48 2.2886 0.0461 5 248
49 2.2846 0.0501 5 248
50 2.2786 0.0561 5 248
51 2.2786 0.0561 4 249
52 2.2786 0.0561 3 250
52 2.2705 0.0642 3 250
53 2.2705 0.0642 3 250
53 2.2685 0.0662 3 250
54 2.2625 0.0722 3 250
55 2.2625 0.0722 3 250
55 2.2565 0.0782 3 250
56 2.2565 0.0782 2 251
56 2.2545 0.0802 2 251
57 2.2525 0.0822 2 251
58 2.2485 0.0862 2 251
59 2.2485 0.0862 2 251
59 2.2485 0.0862 2 251
60 2.2485 0.0862 2 251
60 2.2405 0.0942 2 251
