"Time" "S" "E" "I" "R"
0 255 0 0 0
1 255 0 0 0
1 243.4329 11.5671 0 0
2 231.0942 17.9058 6 0
3 208.7074 28.2926 16 2
4 179.2405 45.7595 24 6
5 157.5972 57.4028 30 10
6 133.7415 46.2585 61 14
7 95.3607 54.6393 83 22
8 62.0862 53.9138 105 34
9 34.9158 46.0842 126 48
10 17.1082 43.8918 130 64
11 10.1423 26.8577 140 78
12 4.6293 23.3707 131 96
13 2.3687 16.6313 128 108
14 0.1263 11.8737 114 129
15 0.1263 8.8737 99 147
16 0.0241 5.9759 87 162
17 0.0241 2.9759 80 172
18 0.0241 1.9759 73 180
19 0.0021 0.9979 68 186
20 0.0021 0 60 195
21 0.0021 0 56 199
22 0.0021 0 46 209
23 0.0021 0 40 215
24 0.0021 0 32 223
25 0.0021 0 29 226
26 0.0021 0 23 232
27 0.0021 0 22 233
28 0.0021 0 20 235
29 0.0021 0 14 241
30 0.0021 0 10 245
30 0.0021 0 10 245
31 0.0021 0 7 248
32 0.0021 0 7 248
32 0.0021 0 7 248
33 0.0021 0 6 249
34 0.0021 0 4 251
34 0.0021 0 4 251
35 0.0021 0 4 251
35 0.0021 0 4 251
36 0.0021 0 4 251
36 0.0021 0 4 251
37 0.0021 0 4 251
38 0.0021 0 3 252
39 0.0021 0 2 253
39 0.0021 0 2 253
40 0.0021 0 2 253
40 0.0021 0 2 253
41 0.0021 0 2 253
42 0.0021 0 2 253
43 0.0021 0 2 253
43 0.0021 0 2 253
44 0.0021 0 2 253
44 0.0021 0 2 253
45 0.0021 0 2 253
45 1e-04 0.002 2 253
46 1e-04 0.002 2 253
47 1e-04 0.002 2 253
47 1e-04 0.002 2 253
48 1e-04 0.002 2 253
48 1e-04 0.002 2 253
49 1e-04 0.002 2 253
49 1e-04 0.002 2 253
50 1e-04 0.002 2 253
50 1e-04 0.002 2 253
51 1e-04 0.002 2 253
51 1e-04 0.002 2 253
52 1e-04 0.002 1 254
52 1e-04 0.002 1 254
53 1e-04 0.002 1 254
54 1e-04 0.002 1 254
54 1e-04 0.002 1 254
55 1e-04 0.002 1 254
55 1e-04 0.002 1 254
56 1e-04 0.002 1 254
56 1e-04 0.002 1 254
57 1e-04 0.002 1 254
57 1e-04 0.002 1 254
58 1e-04 0.002 1 254
58 1e-04 0.002 1 254
59 1e-04 0.002 1 254
59 1e-04 0.002 1 254
60 1e-04 0.002 1 254
60 1e-04 0.002 1 254
61 1e-04 0.002 1 254
0 255 0 0 0
1 255 0 0 0
1 243.4329 11.5671 0 0
2 229.0942 21.9058 4 0
3 206.7074 30.2926 18 0
4 175.2405 38.7595 41 0
5 141.5972 49.4028 57 7
6 106.7415 49.2585 80 19
7 67.3607 53.6393 100 34
8 48.0862 51.9138 110 45
9 24.9158 48.0842 119 63
10 12.1082 32.8918 126 84
11 7.1423 21.8577 129 97
12 6.6293 14.3707 123 111
13 4.3687 10.6313 119 121
14 4.1263 5.8737 110 135
15 0.8978 9.1022 94 151
16 0.7956 4.2044 93 157
17 0.6954 3.3046 84 167
18 0 1.3046 80 174
19 0 1.3046 72 182
20 0 1.3046 65 189
21 0 1.3046 55 199
22 0 0.3046 52 203
23 0 0.3046 49 206
24 0 0.3046 41 214
25 0 0.3046 34 221
26 0 0 29 227
27 0 0 26 230
28 0 0 23 233
29 0 0 20 236
30 0 0 16 240
31 0 0 15 241
32 0 0 14 242
33 0 0 13 243
34 0 0 11 245
35 0 0 9 247
35 0 0 9 247
36 0 0 7 249
37 0 0 7 249
38 0 0 7 249
39 0 0 6 250
39 0 0 6 250
40 0 0 6 250
41 0 0 5 251
42 0 0 5 251
42 0 0 5 251
43 0 0 5 251
43 0 0 5 251
44 0 0 5 251
44 0 0 5 251
45 0 0 5 251
45 0 0 5 251
46 0 0 1 255
46 0 0 1 255
47 0 0 1 255
47 0 0 1 255
48 0 0 1 255
48 0 0 1 255
49 0 0 1 255
49 0 0 1 255
50 0 0 0 256
50 0 0 0 256
51 0 0 0 256
51 0 0 0 256
52 0 0 0 256
52 0 0 0 256
53 0 0 0 256
53 0 0 0 256
54 0 0 0 256
54 0 0 0 256
55 0 0 0 256
55 0 0 0 256
56 0 0 0 256
56 0 0 0 256
57 0 0 0 256
57 0 0 0 256
58 0 0 0 256
58 0 0 0 256
59 0 0 0 256
59 0 0 0 256
60 0 0 0 256
60 0 0 0 256
61 0 0 0 256
0 255 0 0 0
1 255 0 0 0
1 243.4329 11.5671 0 0
2 225.0942 23.9058 6 0
3 191.7074 40.2926 20 3
4 159.2405 48.7595 38 9
5 123.5972 47.4028 70 14
6 89.7415 58.2585 88 19
7 51.3607 68.6393 111 24
8 30.0862 54.9138 131 39
9 15.9158 39.0842 139 61
10 5.1082 35.8918 138 76
11 3.1423 25.8577 130 96
12 1.6293 16.3707 121 116
13 1.3687 8.6313 112 133
14 1.1263 5.8737 97 151
15 0.8978 3.1022 93 158
16 0.7956 1.2044 83 170
17 0.6954 0.3046 73 181
18 0.6593 0.3407 58 196
19 0.6373 0.3627 51 203
20 0.6172 0 42 213
21 0.5872 0.03 37 218
22 0.5651 0.0521 28 227
23 0.5351 0.0821 24 231
24 0.521 0.0962 22 233
25 0.509 0.1082 18 237
26 0.491 0.1262 16 239
27 0.4709 0.1463 13 242
28 0.4569 0.1603 12 243
29 0.4509 0.1663 11 244
30 0.4329 0.1843 9 246
31 0.4248 0.1924 6 249
32 0.4248 0.1924 5 250
32 0.4148 0.2024 5 250
33 0.4148 0.2024 4 251
33 0.4048 0.2124 4 251
34 0.3928 0.2244 4 251
35 0.3928 0.2244 4 251
35 0.3868 0.2304 4 251
36 0.3727 0.2445 3 252
37 0.3727 -0.7555 4 252
37 0.3667 0 4 252
38 0.3587 0.008 4 252
39 0.3587 0.008 4 252
39 0.3447 0.022 4 252
40 0.3447 0.022 4 252
40 0.3347 0.032 4 252
41 0.3267 0 4 253
42 0.3186 0.0081 4 253
43 0.3106 0.0161 1 256
44 0.3106 0.0161 1 256
44 0.3046 0.0221 1 256
45 0.3046 0.0221 1 256
45 0.3026 0.0241 1 256
46 0.3026 0.0241 1 256
46 0.3006 0.0261 1 256
47 0.3006 0.0261 1 256
47 0.2886 0.0381 1 256
48 0.2886 0.0381 1 256
49 0.2886 0.0381 1 256
49 0.2846 0.0421 1 256
50 0.2846 0.0421 1 256
50 0.2786 0.0481 1 256
51 0.2786 0.0481 1 256
51 0.2786 0.0481 1 256
52 0.2786 0.0481 1 256
52 0.2705 0.0562 1 256
53 0.2685 0.0582 1 256
54 0.2685 0.0582 1 256
54 0.2625 0.0642 1 256
55 0.2625 0.0642 0 257
55 0.2565 0.0702 0 257
56 0.2565 0.0702 0 257
56 0.2545 0.0722 0 257
57 0.2545 -0.9278 1 257
57 0.2525 0 1 257
58 0.2525 0 1 257
58 0.2485 0.004 1 257
59 0.2485 0.004 0 258
59 0.2485 0.004 0 258
60 0.2485 0.004 0 258
60 0.2405 0.012 0 258
61 0.2405 0.012 0 258
0 255 0 0 0
1 255 0 0 0
1 243.4329 11.5671 0 0
2 232.0942 18.9058 3 1
3 214.7074 29.2926 8 3
4 194.2405 36.7595 21 3
5 174.5972 41.4028 32 7
6 144.7415 44.2585 49 17
7 114.3607 58.6393 56 26
8 87.0862 53.9138 74 40
9 58.9158 52.0842 93 51
10 37.1082 50.8918 102 65
11 26.1423 35.8577 106 87
12 14.6293 26.3707 115 99
13 8.3687 17.6313 116 113
14 1.1263 16.8737 110 127
15 0.8978 9.1022 105 140
16 0.7956 4.2044 98 152
17 0.6954 3.3046 87 164
18 0 1.3046 81 173
19 0 0.3046 67 188
20 0 0.3046 62 193
21 0 0.3046 54 201
22 0 0.3046 45 210
23 0 0.3046 42 213
24 0 0.3046 34 221
25 0 0.3046 29 226
26 0 0.3046 26 229
27 0 0.3046 24 231
28 0 0.3046 23 232
29 0 0 20 236
30 0 0 17 239
30 0 0 17 239
31 0 0 17 239
32 0 0 11 245
33 0 0 10 246
33 0 0 10 246
34 0 0 9 247
34 0 0 9 247
35 0 0 7 249
36 0 0 6 250
37 0 0 6 250
38 0 0 6 250
38 0 0 6 250
39 0 0 6 250
39 0 0 6 250
40 0 0 6 250
41 0 0 5 251
42 0 0 4 252
43 0 0 4 252
43 0 0 4 252
44 0 0 3 253
44 0 0 3 253
45 0 0 2 254
45 0 0 2 254
46 0 0 2 254
46 0 0 2 254
47 0 0 0 256
47 0 0 0 256
48 0 0 0 256
48 0 0 0 256
49 0 0 0 256
49 0 0 0 256
50 0 0 0 256
50 0 0 0 256
51 0 0 0 256
51 0 0 0 256
52 0 0 0 256
52 0 0 0 256
53 0 0 0 256
53 0 0 0 256
54 0 0 0 256
54 0 0 0 256
55 0 0 0 256
55 0 0 0 256
56 0 0 0 256
56 0 0 0 256
57 0 0 0 256
57 0 0 0 256
58 0 0 0 256
58 0 0 0 256
59 0 0 0 256
59 0 0 0 256
60 0 0 0 256
60 0 0 0 256
61 0 0 0 256
0 255 0 0 0
1 255 0 0 0
1 243.4329 11.5671 0 0
2 230.0942 21.9058 3 0
3 215.7074 25.2926 14 0
4 193.2405 35.7595 23 3
5 167.5972 46.4028 35 6
6 122.7415 58.2585 64 10
7 88.3607 62.6393 83 21
8 58.0862 58.9138 109 29
9 31.9158 53.0842 129 41
10 17.1082 53.8918 124 60
11 7.1423 36.8577 139 72
12 3.6293 17.3707 150 84
13 3.3687 9.6313 137 105
14 1.1263 6.8737 119 128
15 0.1263 4.8737 108 142
16 0.0241 2.9759 100 152
17 0.0241 0.9759 95 159
18 0.0241 0 87 168
19 0.0021 0.022 82 173
20 0.0021 0.022 72 183
21 0.0021 0.022 62 193
22 0.0021 0.022 56 199
23 0.0021 0.022 50 205
24 0.0021 0.022 41 214
25 0.0021 0.022 31 224
26 0.0021 0.022 27 228
27 0.0021 0.022 26 229
28 0.0021 0.022 23 232
29 0.0021 0.022 21 234
30 0.0021 0.022 20 235
31 0.0021 0.022 20 235
32 0.0021 0.022 18 237
33 0.0021 0.022 15 240
34 0.0021 0.022 13 242
35 0.0021 0.022 12 243
36 0.0021 0.022 10 245
37 0.0021 0.022 10 245
38 0.0021 0.022 9 246
38 0.0021 0.022 9 246
39 0.0021 0.022 7 248
40 0.0021 0.022 7 248
41 0.0021 0.022 7 248
42 0.0021 0.022 6 249
42 0.0021 0.022 6 249
43 0.0021 0.022 5 250
43 0.0021 0.022 5 250
44 0.0021 0.022 5 250
45 1e-04 0.024 4 251
46 1e-04 0.024 3 252
46 1e-04 0.024 3 252
47 1e-04 0.024 3 252
48 1e-04 0.024 3 252
49 1e-04 0.024 3 252
49 1e-04 0.024 3 252
50 1e-04 0.024 3 252
51 1e-04 0.024 3 252
52 1e-04 0.024 2 253
52 1e-04 0.024 2 253
53 1e-04 0.024 2 253
53 1e-04 0.024 2 253
54 1e-04 0.024 2 253
54 1e-04 0.024 2 253
55 1e-04 0.024 2 253
55 1e-04 0.024 2 253
56 1e-04 0.024 1 254
56 1e-04 0.024 1 254
57 1e-04 0.024 1 254
58 1e-04 0.024 1 254
58 1e-04 0.024 1 254
59 1e-04 0.024 1 254
59 1e-04 0.024 1 254
60 1e-04 0.024 1 254
60 1e-04 0.024 1 254
61 1e-04 0.024 1 254
0 255 0 0 0
1 255 0 0 0
1 243.4329 11.5671 0 0
2 232.0942 16.9058 4 2
3 215.7074 22.2926 13 4
4 190.2405 33.7595 23 8
5 159.5972 44.4028 40 11
6 127.7415 42.2585 71 14
7 78.3607 57.6393 93 26
8 46.0862 53.9138 112 43
9 21.9158 50.0842 124 59
10 9.1082 36.8918 131 78
11 4.1423 25.8577 134 91
12 1.6293 15.3707 133 105
13 0.3687 8.6313 122 124
14 0.1263 4.8737 113 137
15 0.1263 0 106 149
16 0.0241 0.1022 96 159
17 0 1.1022 82 173
18 0 0.1022 73 183
19 0 0.1022 60 196
20 0 0.1022 52 204
21 0 0.1022 46 210
22 0 0.1022 42 214
23 0 0 37 220
24 0 0 32 225
25 0 0 27 230
26 0 0 24 233
27 0 0 22 235
28 0 0 20 237
29 0 0 15 242
30 0 0 12 245
31 0 0 10 247
32 0 0 10 247
32 0 0 10 247
33 0 0 9 248
34 0 0 8 249
34 0 0 8 249
35 0 0 7 250
36 0 0 7 250
37 0 0 7 250
38 0 0 7 250
38 0 0 7 250
39 0 0 7 250
40 0 0 6 251
41 0 0 5 252
42 0 0 4 253
43 0 0 4 253
44 0 0 4 253
44 0 0 4 253
45 0 0 4 253
46 0 0 4 253
47 0 0 4 253
47 0 0 4 253
48 0 0 4 253
49 0 0 4 253
49 0 0 4 253
50 0 0 4 253
50 0 0 4 253
51 0 0 4 253
51 0 0 4 253
52 0 0 2 255
52 0 0 2 255
53 0 0 2 255
53 0 0 2 255
54 0 0 2 255
55 0 0 2 255
55 0 0 2 255
56 0 0 2 255
56 0 0 2 255
57 0 0 2 255
57 0 0 2 255
58 0 0 2 255
58 0 0 2 255
59 0 0 2 255
59 0 0 2 255
60 0 0 1 256
60 0 0 1 256
61 0 0 1 256
0 255 0 0 0
1 255 0 0 0
1 243.4329 11.5671 0 0
2 232.0942 18.9058 4 0
3 214.7074 27.2926 12 1
4 193.2405 36.7595 23 2
5 162.5972 47.4028 39 6
6 134.7415 45.2585 60 15
7 95.3607 63.6393 77 19
8 62.0862 63.9138 105 24
9 39.9158 58.0842 115 42
10 24.1082 46.8918 127 57
11 15.1423 31.8577 137 71
12 5.6293 29.3707 125 95
13 2.3687 20.6313 124 108
14 1.1263 11.8737 120 122
15 0.8978 8.1022 108 138
16 0.7956 2.2044 104 148
17 0.6954 2.3046 89 163
18 0.6593 1.3407 75 178
19 0.6373 0.3627 65 189
20 0.6172 0.3828 53 201
21 0.5872 0.4128 40 214
22 0.5651 0.4349 29 225
23 0.5351 0.4649 26 228
24 0.521 0 24 231
25 0.509 0.012 20 235
26 0.491 0.03 17 238
27 0.491 0.03 15 240
27 0.4709 0.0501 15 240
28 0.4569 0.0641 15 240
29 0.4509 0.0701 11 244
30 0.4329 0.0881 10 245
31 0.4248 0.0962 10 245
32 0.4148 0.1062 6 249
33 0.4048 0.1162 5 250
34 0.3928 0.1282 3 252
35 0.3868 0.1342 2 253
36 0.3868 0.1342 2 253
36 0.3727 0.1483 2 253
37 0.3727 0.1483 2 253
37 0.3667 0.1543 2 253
38 0.3667 0.1543 2 253
38 0.3587 0.1623 2 253
39 0.3587 0.1623 2 253
39 0.3447 0.1763 2 253
40 0.3447 0.1763 2 253
40 0.3347 0.1863 2 253
41 0.3347 0.1863 2 253
41 0.3267 0.1943 2 253
42 0.3267 0.1943 2 253
42 0.3186 0.2024 2 253
43 0.3186 0.2024 2 253
43 0.3106 0.2104 2 253
44 0.3106 0.2104 2 253
44 0.3046 0.2164 2 253
45 0.3046 0.2164 2 253
45 0.3026 0.2184 2 253
46 0.3026 0.2184 2 253
46 0.3006 0.2204 2 253
47 0.3006 0.2204 2 253
47 0.2886 0.2324 2 253
48 0.2886 0.2324 2 253
48 0.2886 0.2324 2 253
49 0.2846 0.2364 1 254
50 0.2846 0.2364 0 255
50 0.2786 0.2424 0 255
51 0.2786 0.2424 0 255
51 0.2786 0.2424 0 255
52 0.2786 -0.7576 1 255
52 0.2705 0 1 255
53 0.2705 0 1 255
53 0.2685 0.002 1 255
54 0.2685 0.002 1 255
54 0.2625 0.008 1 255
55 0.2625 0.008 0 256
55 0.2565 0.014 0 256
56 0.2565 0.014 0 256
56 0.2545 0.016 0 256
57 0.2545 0.016 0 256
57 0.2525 0.018 0 256
58 0.2525 0.018 0 256
58 0.2485 0.022 0 256
59 0.2485 0.022 0 256
59 0.2485 0.022 0 256
60 0.2485 0.022 0 256
60 0.2405 0.03 0 256
61 0.2405 0.03 0 256
0 255 0 0 0
1 255 0 0 0
1 243.4329 11.5671 0 0
2 229.0942 23.9058 1 1
3 214.7074 27.2926 8 5
4 196.2405 30.7595 21 7
5 167.5972 40.4028 35 12
6 134.7415 46.2585 61 13
7 98.3607 53.6393 81 22
8 69.0862 41.9138 109 35
9 39.9158 46.0842 112 57
10 21.1082 41.8918 123 69
11 9.1423 32.8577 131 82
12 5.6293 18.3707 127 104
13 3.3687 13.6313 114 124
14 3.1263 8.8737 98 145
15 1.8978 6.1022 86 161
16 1.7956 3.2044 76 174
17 1.6954 2.3046 71 180
18 0.6593 2.3407 59 193
19 0.6373 2.3627 50 202
20 0.6172 1.3828 48 205
21 0 2.3828 41 212
22 0 2.3828 38 215
23 0 0.3828 32 223
24 0 0.3828 26 229
25 0 0.3828 25 230
26 0 0.3828 23 232
27 0 0 22 234
28 0 0 22 234
29 0 0 20 236
30 0 0 20 236
31 0 0 16 240
32 0 0 13 243
33 0 0 13 243
33 0 0 13 243
34 0 0 11 245
35 0 0 11 245
36 0 0 10 246
37 0 0 9 247
38 0 0 8 248
38 0 0 8 248
39 0 0 8 248
40 0 0 5 251
41 0 0 4 252
42 0 0 3 253
43 0 0 3 253
44 0 0 3 253
44 0 0 3 253
45 0 0 2 254
46 0 0 2 254
46 0 0 2 254
47 0 0 2 254
47 0 0 2 254
48 0 0 2 254
48 0 0 2 254
49 0 0 1 255
49 0 0 1 255
50 0 0 0 256
50 0 0 0 256
51 0 0 0 256
51 0 0 0 256
52 0 0 0 256
52 0 0 0 256
53 0 0 0 256
53 0 0 0 256
54 0 0 0 256
54 0 0 0 256
55 0 0 0 256
55 0 0 0 256
56 0 0 0 256
56 0 0 0 256
57 0 0 0 256
57 0 0 0 256
58 0 0 0 256
58 0 0 0 256
59 0 0 0 256
59 0 0 0 256
60 0 0 0 256
60 0 0 0 256
61 0 0 0 256
0 255 0 0 0
1 255 0 0 0
1 243.4329 11.5671 0 0
2 231.0942 19.9058 3 1
3 212.7074 27.2926 13 2
4 185.2405 39.7595 25 5
5 155.5972 45.4028 45 9
6 114.7415 53.2585 67 20
7 85.3607 47.6393 94 28
8 48.0862 58.9138 105 43
9 21.9158 55.0842 121 57
10 14.1082 36.8918 135 69
11 9.1423 25.8577 129 91
12 4.6293 14.3707 125 111
13 2.3687 13.6313 117 122
14 1.1263 11.8737 105 137
15 0.8978 6.1022 96 152
16 0 2.1022 86 167
17 0 0.1022 77 178
18 0 0.1022 65 190
19 0 0.1022 59 196
20 0 0.1022 49 206
21 0 0 47 209
22 0 0 42 214
23 0 0 36 220
24 0 0 29 227
25 0 0 24 232
26 0 0 19 237
27 0 0 18 238
28 0 0 15 241
29 0 0 13 243
30 0 0 11 245
30 0 0 11 245
31 0 0 10 246
32 0 0 9 247
33 0 0 9 247
33 0 0 9 247
34 0 0 6 250
34 0 0 6 250
35 0 0 5 251
35 0 0 5 251
36 0 0 3 253
36 0 0 3 253
37 0 0 2 254
37 0 0 2 254
38 0 0 2 254
39 0 0 2 254
39 0 0 2 254
40 0 0 2 254
41 0 0 1 255
41 0 0 1 255
42 0 0 1 255
43 0 0 1 255
43 0 0 1 255
44 0 0 1 255
44 0 0 1 255
45 0 0 1 255
45 0 0 1 255
46 0 0 1 255
47 0 0 1 255
47 0 0 1 255
48 0 0 1 255
49 0 0 1 255
49 0 0 1 255
50 0 0 1 255
50 0 0 1 255
51 0 0 1 255
51 0 0 1 255
52 0 0 1 255
53 0 0 1 255
53 0 0 1 255
54 0 0 0 256
54 0 0 0 256
55 0 0 0 256
55 0 0 0 256
56 0 0 0 256
56 0 0 0 256
57 0 0 0 256
57 0 0 0 256
58 0 0 0 256
58 0 0 0 256
59 0 0 0 256
59 0 0 0 256
60 0 0 0 256
60 0 0 0 256
61 0 0 0 256
0 255 0 0 0
1 255 0 0 0
1 243.4329 11.5671 0 0
2 229.0942 18.9058 7 0
3 213.7074 29.2926 11 1
4 193.2405 38.7595 19 4
5 171.5972 41.4028 36 6
6 137.7415 52.2585 58 7
7 97.3607 60.6393 80 17
8 61.0862 63.9138 102 28
9 36.9158 57.0842 119 42
10 22.1082 39.8918 131 62
11 9.1423 28.8577 133 84
12 5.6293 20.3707 123 106
13 4.3687 9.6313 120 121
14 2.1263 6.8737 105 141
15 1.8978 3.1022 93 157
16 0.7956 2.2044 85 167
17 0.6954 1.3046 79 174
18 0.6593 1.3407 71 182
19 0 1.3407 64 190
20 0 1.3407 57 197
21 0 0.3407 56 199
22 0 0.3407 49 206
23 0 0.3407 39 216
24 0 0.3407 34 221
25 0 0.3407 30 225
26 0 0 28 228
27 0 0 26 230
28 0 0 24 232
29 0 0 23 233
30 0 0 22 234
31 0 0 21 235
32 0 0 17 239
33 0 0 17 239
34 0 0 15 241
35 0 0 12 244
35 0 0 12 244
36 0 0 11 245
37 0 0 9 247
37 0 0 9 247
38 0 0 9 247
39 0 0 8 248
40 0 0 8 248
40 0 0 8 248
41 0 0 6 250
41 0 0 6 250
42 0 0 5 251
42 0 0 5 251
43 0 0 5 251
44 0 0 5 251
44 0 0 5 251
45 0 0 5 251
46 0 0 3 253
47 0 0 3 253
47 0 0 3 253
48 0 0 2 254
48 0 0 2 254
49 0 0 2 254
50 0 0 2 254
50 0 0 2 254
51 0 0 0 256
51 0 0 0 256
52 0 0 0 256
52 0 0 0 256
53 0 0 0 256
53 0 0 0 256
54 0 0 0 256
54 0 0 0 256
55 0 0 0 256
55 0 0 0 256
56 0 0 0 256
56 0 0 0 256
57 0 0 0 256
57 0 0 0 256
58 0 0 0 256
58 0 0 0 256
59 0 0 0 256
59 0 0 0 256
60 0 0 0 256
60 0 0 0 256
61 0 0 0 256
