Time S E I R
0 685.587949378 0 0 0
1 685.587949378 0 0 0
1 674.020849378 11.5671 0 0
2 660.682149378 20.9058 4 0
3 644.295349378 30.2926 10 1
4 616.828449378 40.7595 22 6
5 579.185149378 53.4028 45 8
6 513.329449378 71.2585 87 14
7 420.948649378 112.6393 130 22
8 323.674149378 141.9138 179 41
9 231.503749378 145.0842 239 70
10 148.696149378 125.8918 304 107
11 83.730249378 105.8577 349 147
12 46.217249378 97.3707 350 192
13 27.956649378 65.6313 358 234
14 17.714249378 37.8737 338 292
15 10.485749378 28.1022 309 338
16 6.383549378 23.2044 274 382
17 5.283349378 14.3046 257 409
18 4.247249378 9.3407 228 444
19 4.225249378 5.3627 202 474
20 3.205149378 2.3828 186 494
21 3.175149378 1.4128 159 522
22 2.153049378 2.4349 139 542
23 2.123049378 0.4649 124 559
24 2.108949378 0.479 109 574
25 1.096949378 1.491 94 589
26 1.078949378 1.509 80 603
27 0.058849378 2.5291 72 611
28 0.044849378 1.5431 67 617
29 0.038849378 1.5491 61 623
30 0.020849378 0.5671 48 637
31 0.012749378 0 44 642
32 0.002749378 0.01 38 648
33 0.002749378 0.01 32 654
34 0.002749378 0.01 25 661
35 0.002749378 0.01 22 664
36 0.002749378 0.01 20 666
37 0.002749378 0.01 16 670
37 0.002749378 0.01 16 670
38 0.002749378 0.01 13 673
39 0.002749378 0.01 11 675
40 0.002749378 0.01 11 675
41 0.002749378 0.01 10 676
42 0.002749378 0.01 9 677
42 0.002749378 0.01 9 677
43 0.002749378 0.01 8 678
44 0.002749378 0.01 6 680
44 0.002749378 0.01 6 680
45 0.002749378 0.01 6 680
45 0.000749378 0.012 6 680
46 0.000749378 0.012 5 681
46 0.000749378 0.012 5 681
47 0.000749378 0.012 3 683
47 0.000749378 0.012 3 683
48 0.000749378 0.012 2 684
49 0.000749378 0.012 2 684
49 0.000749378 0.012 2 684
50 0.000749378 0.012 2 684
50 0.000749378 0.012 2 684
51 0.000749378 0.012 2 684
51 0.000749378 0.012 2 684
52 0.000749378 0.012 2 684
53 0.000749378 0.012 1 685
53 0.000749378 0.012 1 685
54 0.000749378 0.012 1 685
54 0.000749378 0.012 1 685
55 0.000749378 0.012 1 685
55 0.000749378 0.012 1 685
56 0.000749378 0.012 1 685
56 0.000749378 0.012 1 685
57 0.000749378 0.012 1 685
57 0.000749378 0.012 1 685
58 0.000749378 0.012 1 685
58 0.000749378 0.012 1 685
59 0.000749378 0.012 1 685
59 0.000749378 0.012 1 685
60 0.000749378 0.012 1 685
61 0.000749378 0.012 1 685
