Time S E I R
0 759.016517848 0 0 0
1 759.016517848 0 0 0
1 747.449417848 11.5671 0 0
2 736.110717848 17.9058 4 1
3 722.723917848 23.2926 12 1
4 713.257017848 22.7595 18 5
5 690.613717848 36.4028 24 8
6 672.758017848 30.2585 47 9
7 651.377217848 33.6393 56 18
8 615.102717848 49.9138 68 26
9 590.932317848 48.0842 83 37
10 557.124717848 55.8918 95 51
11 519.158817848 63.8577 114 62
12 485.645817848 66.3707 129 78
13 450.385217848 66.6313 140 102
14 412.142817848 67.8737 159 120
15 369.914317848 68.1022 183 138
16 332.812117848 68.2044 202 156
17 293.711917848 66.3046 225 174
18 265.675817848 51.3407 234 208
19 228.653817848 50.3627 246 234
20 186.633717848 56.3828 248 268
21 166.603717848 42.4128 240 310
22 147.581617848 38.4349 237 336
23 124.551617848 46.4649 219 369
24 106.537517848 34.479 225 393
25 88.525517848 37.491 217 416
26 76.507517848 27.509 215 440
27 72.487417848 16.5291 203 467
28 61.473417848 18.5431 188 491
29 56.467417848 9.5491 176 517
30 54.449417848 5.5671 161 538
31 50.441317848 7.5752 146 555
32 48.431317848 5.5852 133 572
33 44.421317848 4.5952 124 586
34 41.409317848 6.6072 113 598
35 39.403317848 5.6132 107 607
36 37.389217848 6.6273 96 619
37 36.383217848 2.6333 92 628
38 35.375217848 1.6413 84 638
39 32.361217848 2.6553 77 647
40 30.351217848 1.6653 73 654
41 29.343217848 1.6733 64 664
42 29.335117848 1.6814 55 673
43 29.327117848 0.6894 49 680
44 29.321117848 0 43 687
45 27.319117848 2.002 36 694
46 26.317117848 2.004 31 700
47 26.305117848 2.016 25 706
48 26.305117848 0.016 24 709
49 26.305117848 0.016 23 710
49 26.301117848 0.02 23 710
50 24.295117848 1.026 23 711
51 24.295117848 1.026 19 715
52 24.287017848 0.0341 18 717
53 23.285017848 1.0361 15 720
54 21.279017848 2.0421 14 722
55 21.273017848 1.0481 11 726
56 21.271017848 1.0501 9 728
57 21.269017848 1.0521 8 729
58 21.265017848 1.0561 7 730
59 21.265017848 1.0561 7 730
60 21.265017848 0.0561 7 731
60 21.257017848 0.0641 7 731
