Time S E I R
0 424.608728669 0 0 0
1 424.608728669 0 0 0
1 413.041628669 11.5671 0 0
2 390.702928669 28.9058 5 0
3 345.316128669 53.2926 23 3
4 255.849228669 102.7595 57 9
5 150.205928669 138.4028 115 21
6 57.350228669 150.2585 177 40
7 11.969428669 112.6393 231 69
8 0.969428669 64.6393 262 97
9 0.969428669 25.6393 265 133
10 0 16.6393 246 162
11 0 10.6393 222 192
12 0 3.6393 199 222
13 0 1.6393 177 246
14 0 0.6393 163 261
15 0 0.6393 141 283
16 0 0.6393 122 302
17 0 0.6393 110 314
18 0 0 93 332
19 0 0 78 347
20 0 0 60 365
21 0 0 58 367
22 0 0 49 376
23 0 0 44 381
24 0 0 34 391
25 0 0 30 395
26 0 0 25 400
27 0 0 22 403
28 0 0 20 405
29 0 0 16 409
30 0 0 14 411
31 0 0 13 412
32 0 0 11 414
33 0 0 11 414
34 0 0 9 416
35 0 0 7 418
36 0 0 6 419
37 0 0 6 419
38 0 0 5 420
38 0 0 5 420
39 0 0 5 420
39 0 0 5 420
40 0 0 5 420
41 0 0 5 420
41 0 0 5 420
42 0 0 5 420
42 0 0 5 420
43 0 0 5 420
43 0 0 5 420
44 0 0 5 420
44 0 0 5 420
45 0 0 5 420
45 0 0 5 420
46 0 0 5 420
47 0 0 4 421
47 0 0 4 421
48 0 0 3 422
48 0 0 3 422
49 0 0 3 422
49 0 0 3 422
50 0 0 2 423
50 0 0 2 423
51 0 0 2 423
51 0 0 2 423
52 0 0 2 423
53 0 0 2 423
53 0 0 2 423
54 0 0 2 423
54 0 0 2 423
55 0 0 2 423
55 0 0 2 423
56 0 0 2 423
57 0 0 2 423
57 0 0 2 423
58 0 0 2 423
59 0 0 1 424
59 0 0 1 424
60 0 0 0 425
60 0 0 0 425
61 0 0 0 425
