Time S E I R
0 255 0 0 0
1 255 0 0 0
1 243.4329 11.5671 0 0
2 232.0942 17.9058 5 0
3 218.7074 23.2926 10 3
4 205.2405 22.7595 21 6
5 190.5972 29.4028 24 11
6 182.7415 23.2585 32 17
7 167.3607 27.6393 41 19
8 152.0862 28.9138 46 28
9 132.9158 28.0842 61 33
10 117.1082 31.8918 62 44
11 110.1423 20.8577 69 55
12 96.6293 22.3707 68 68
13 83.3687 26.6313 68 77
14 80.1263 16.8737 71 87
15 72.8978 14.1022 70 98
16 67.7956 13.2044 69 105
17 59.6954 11.3046 68 116
18 55.6593 8.3407 70 121
19 52.6373 10.3627 64 128
20 50.6172 5.3828 60 139
21 47.5872 5.4128 54 148
22 42.5651 8.4349 48 156
23 41.5351 6.4649 41 166
24 35.521 8.479 42 169
25 34.509 6.491 39 175
26 32.491 6.509 34 182
27 30.4709 5.5291 34 185
28 29.4569 4.5431 28 193
29 28.4509 3.5491 28 195
30 27.4329 2.5671 27 198
31 25.4248 4.5752 25 200
32 22.4148 5.5852 25 202
33 19.4048 4.5952 25 206
34 19.3928 2.6072 22 211
35 19.3868 1.6132 19 215
36 19.3727 0 19 217
37 19.3667 0.006 16 220
38 18.3587 1.014 16 220
39 18.3447 1.028 14 222
40 17.3347 1.038 15 222
41 17.3267 0.046 15 223
42 16.3186 1.0541 14 224
43 15.3106 0.0621 13 227
44 14.3046 1.0681 12 228
45 14.3026 0.0701 13 228
46 14.3006 0.0721 12 229
47 14.2886 0.0841 11 230
48 14.2886 0.0841 11 230
49 14.2846 0.0881 10 231
50 14.2786 0.0941 10 231
51 14.2786 0.0941 8 233
52 14.2705 0.1022 8 233
53 14.2685 0.1042 6 235
54 14.2685 0.1042 5 236
54 14.2625 0.1102 5 236
55 14.2625 0.1102 4 237
55 14.2565 0.1162 4 237
56 14.2545 0.1182 4 237
57 14.2525 0.1202 2 239
58 13.2485 1.1242 2 239
59 13.2485 1.1242 2 239
59 13.2485 1.1242 2 239
60 13.2485 1.1242 2 239
60 13.2405 1.1322 2 239
