"Time" "S" "E" "I" "R"
0 255 0 0 0
1 255 0 0 0
1 243.4329 11.5671 0 0
2 229.0942 21.9058 4 0
3 201.7074 32.2926 18 3
4 170.2405 45.7595 32 7
5 112.5972 71.4028 59 12
6 68.7415 68.2585 96 22
7 31.3607 64.6393 117 42
8 8.0862 49.9138 129 68
9 1.0862 36.9138 133 84
10 1.0862 25.9138 127 101
11 0.0862 15.9138 119 120
12 0.0862 10.9138 109 135
13 0.0862 5.9138 99 150
14 0.0862 2.9138 87 165
15 0.0862 0.9138 73 181
16 0.0862 0 65 190
17 0 1 59 196
18 0 1 50 205
19 0 0 49 207
20 0 0 46 210
21 0 0 41 215
22 0 0 35 221
23 0 0 33 223
24 0 0 29 227
24 0 0 29 227
25 0 0 26 230
26 0 0 19 237
27 0 0 19 237
28 0 0 16 240
28 0 0 16 240
29 0 0 16 240
30 0 0 14 242
31 0 0 13 243
32 0 0 10 246
32 0 0 10 246
33 0 0 9 247
34 0 0 5 251
35 0 0 5 251
35 0 0 5 251
36 0 0 5 251
37 0 0 5 251
37 0 0 5 251
38 0 0 4 252
38 0 0 4 252
39 0 0 3 253
40 0 0 3 253
41 0 0 3 253
42 0 0 2 254
43 0 0 2 254
44 0 0 2 254
44 0 0 2 254
45 0 0 1 255
45 0 0 1 255
46 0 0 1 255
46 0 0 1 255
47 0 0 1 255
47 0 0 1 255
48 0 0 1 255
48 0 0 1 255
49 0 0 1 255
49 0 0 1 255
50 0 0 1 255
50 0 0 1 255
51 0 0 1 255
51 0 0 1 255
52 0 0 1 255
52 0 0 1 255
53 0 0 1 255
53 0 0 1 255
54 0 0 1 255
54 0 0 1 255
55 0 0 1 255
55 0 0 1 255
56 0 0 1 255
56 0 0 1 255
57 0 0 0 256
57 0 0 0 256
58 0 0 0 256
58 0 0 0 256
59 0 0 0 256
59 0 0 0 256
60 0 0 0 256
60 0 0 0 256
61 0 0 0 256
0 255 0 0 0
1 255 0 0 0
1 243.4329 11.5671 0 0
2 228.0942 21.9058 5 0
3 203.7074 34.2926 13 4
4 174.2405 41.7595 32 7
5 126.5972 60.4028 59 9
6 71.7415 70.2585 95 18
7 32.3607 74.6393 110 38
8 9.0862 58.9138 129 58
9 2.9158 45.0842 133 74
10 0.1082 30.8918 140 84
11 0.1082 16.8918 132 106
12 0.1082 6.8918 119 129
13 0.1082 2.8918 108 144
14 0.1082 0.8918 98 156
15 0.1082 0 84 171
16 0.006 0.1022 71 184
17 0.006 0.1022 62 193
18 0.006 0.1022 57 198
19 0.006 0 46 210
20 0.006 0 42 214
21 0.006 0 32 224
22 0.006 0 30 226
23 0.006 0 24 232
24 0.006 0 22 234
25 0.006 0 21 235
25 0.006 0 21 235
26 0.006 0 18 238
27 0.006 0 13 243
28 0.006 0 13 243
29 0.006 0 13 243
29 0 0.006 13 243
30 0 0.006 12 244
30 0 0.006 12 244
31 0 0.006 10 246
32 0 0.006 7 249
32 0 0.006 7 249
33 0 0.006 6 250
34 0 0.006 6 250
35 0 0.006 5 251
36 0 0.006 4 252
36 0 0.006 4 252
37 0 0.006 4 252
37 0 0.006 4 252
38 0 0.006 4 252
38 0 0.006 4 252
39 0 0.006 3 253
39 0 0.006 3 253
40 0 0.006 2 254
40 0 0.006 2 254
41 0 0.006 2 254
41 0 0.006 2 254
42 0 0.006 1 255
42 0 0.006 1 255
43 0 0.006 1 255
43 0 0.006 1 255
44 0 0.006 1 255
44 0 0.006 1 255
45 0 0.006 0 256
45 0 0.006 0 256
46 0 0.006 0 256
46 0 0.006 0 256
47 0 0.006 0 256
47 0 0.006 0 256
48 0 0.006 0 256
48 0 0.006 0 256
49 0 0.006 0 256
49 0 0.006 0 256
50 0 0.006 0 256
50 0 0.006 0 256
51 0 0.006 0 256
51 0 0.006 0 256
52 0 0.006 0 256
52 0 0.006 0 256
53 0 0.006 0 256
53 0 0.006 0 256
54 0 0.006 0 256
54 0 0.006 0 256
55 0 0.006 0 256
55 0 0.006 0 256
56 0 0.006 0 256
56 0 0.006 0 256
57 0 0.006 0 256
57 0 0.006 0 256
58 0 0.006 0 256
58 0 0.006 0 256
59 0 0.006 0 256
59 0 0.006 0 256
60 0 0.006 0 256
60 0 0.006 0 256
61 0 0.006 0 256
0 255 0 0 0
1 255 0 0 0
1 243.4329 11.5671 0 0
2 217.0942 27.9058 10 0
3 187.7074 40.2926 23 4
4 142.2405 56.7595 47 9
5 103.5972 64.4028 70 17
6 61.7415 77.2585 89 27
7 22.3607 73.6393 117 42
8 8.0862 59.9138 127 60
9 2.9158 41.0842 132 79
10 0.1082 21.8918 134 99
11 0.1082 12.8918 123 119
12 0.1082 9.8918 103 142
13 0.1082 3.8918 92 159
14 0.1082 1.8918 86 167
15 0.1082 1.8918 77 176
16 0.006 0.994 69 185
17 0.006 0.994 59 195
18 0.006 0 53 202
19 0.006 0 48 207
20 0.006 0 43 212
21 0.006 0 42 213
22 0.006 0 39 216
23 0.006 0 32 223
23 0.006 0 32 223
24 0.006 0 27 228
25 0.006 0 21 234
26 0.006 0 19 236
27 0.006 0 18 237
28 0.006 0 17 238
29 0 0.006 16 239
30 0 0.006 15 240
30 0 0.006 15 240
31 0 0.006 12 243
32 0 0.006 11 244
33 0 0.006 10 245
34 0 0.006 10 245
35 0 0.006 9 246
36 0 0.006 8 247
37 0 0.006 7 248
38 0 0.006 6 249
38 0 0.006 6 249
39 0 0.006 6 249
39 0 0.006 6 249
40 0 0.006 4 251
40 0 0.006 4 251
41 0 0.006 4 251
42 0 0.006 4 251
43 0 0.006 4 251
43 0 0.006 4 251
44 0 0.006 3 252
45 0 0.006 2 253
45 0 0.006 2 253
46 0 0.006 2 253
46 0 0.006 2 253
47 0 0.006 1 254
47 0 0.006 1 254
48 0 0.006 0 255
48 0 0.006 0 255
49 0 0.006 0 255
49 0 0.006 0 255
50 0 0.006 0 255
50 0 0.006 0 255
51 0 0.006 0 255
51 0 0.006 0 255
52 0 0.006 0 255
52 0 0.006 0 255
53 0 0.006 0 255
53 0 0.006 0 255
54 0 0.006 0 255
54 0 0.006 0 255
55 0 0.006 0 255
55 0 0.006 0 255
56 0 0.006 0 255
56 0 0.006 0 255
57 0 0.006 0 255
57 0 0.006 0 255
58 0 0.006 0 255
58 0 0.006 0 255
59 0 0.006 0 255
59 0 0.006 0 255
60 0 0.006 0 255
60 0 0.006 0 255
61 0 0.006 0 255
0 255 0 0 0
1 255 0 0 0
1 243.4329 11.5671 0 0
2 229.0942 15.9058 10 0
3 207.7074 30.2926 16 1
4 170.2405 54.7595 27 3
5 133.5972 61.4028 50 10
6 68.7415 83.2585 84 19
7 33.3607 85.6393 103 33
8 10.0862 57.9138 136 51
9 0.9158 48.0842 130 76
10 0 35.0842 125 95
11 0 21.0842 122 112
12 0 11.0842 117 127
13 0 4.0842 110 141
14 0 2.0842 98 155
15 0 2.0842 81 172
16 0 1.0842 67 187
17 0 1.0842 59 195
18 0 1.0842 52 202
19 0 0.0842 46 209
20 0 0.0842 45 210
21 0 0.0842 38 217
22 0 0.0842 36 219
23 0 0.0842 33 222
24 0 0.0842 29 226
25 0 0.0842 26 229
26 0 0.0842 23 232
27 0 0.0842 20 235
28 0 0.0842 20 235
28 0 0.0842 20 235
29 0 0.0842 16 239
30 0 0.0842 15 240
31 0 0.0842 14 241
32 0 0.0842 14 241
33 0 0.0842 12 243
34 0 0.0842 12 243
35 0 0.0842 11 244
35 0 0.0842 11 244
36 0 0.0842 8 247
37 0 0.0842 7 248
38 0 0.0842 7 248
39 0 0.0842 6 249
40 0 0.0842 6 249
41 0 0.0842 5 250
42 0 0.0842 5 250
43 0 0.0842 5 250
44 0 0.0842 5 250
44 0 0.0842 5 250
45 0 0.0842 5 250
46 0 0.0842 5 250
46 0 0.0842 5 250
47 0 0.0842 4 251
48 0 0.0842 4 251
49 0 0.0842 3 252
50 0 0.0842 2 253
50 0 0.0842 2 253
51 0 0.0842 1 254
51 0 0.0842 1 254
52 0 0.0842 1 254
52 0 0.0842 1 254
53 0 0.0842 0 255
53 0 0.0842 0 255
54 0 0.0842 0 255
54 0 0.0842 0 255
55 0 0.0842 0 255
55 0 0.0842 0 255
56 0 0.0842 0 255
57 0 0.0842 0 255
57 0 0.0842 0 255
58 0 0.0842 0 255
58 0 0.0842 0 255
59 0 0.0842 0 255
59 0 0.0842 0 255
60 0 0.0842 0 255
60 0 0.0842 0 255
61 0 0.0842 0 255
0 255 0 0 0
1 255 0 0 0
1 243.4329 11.5671 0 0
2 228.0942 19.9058 6 1
3 198.7074 34.2926 21 1
4 153.2405 57.7595 35 9
5 94.5972 85.4028 60 15
6 55.7415 89.2585 84 26
7 20.3607 76.6393 120 38
8 4.0862 56.9138 137 57
9 1.0862 31.9138 149 73
10 0.0862 19.9138 138 97
11 0.0862 13.9138 128 113
12 0.0862 10.9138 118 126
13 0.0862 4.9138 112 138
14 0.0862 4.9138 94 156
15 0.0862 2.9138 78 174
16 0.0862 0.9138 70 184
17 0.0862 0 63 192
18 0.0501 0.0361 55 200
19 0.0281 0.0581 50 205
20 0.008 0.0782 46 209
21 0.008 0.0782 44 211
22 0.008 0.0782 39 216
23 0.008 0.0782 35 220
24 0.008 0.0782 31 224
24 0.008 0.0782 31 224
25 0.008 0.0782 26 229
26 0.008 0.0782 23 232
27 0.008 0 21 235
28 0.008 0 18 238
29 0.002 0.006 17 239
30 0.002 0.006 14 242
31 0.002 0.006 12 244
32 0.002 0.006 11 245
32 0.002 0.006 11 245
33 0.002 0.006 10 246
34 0.002 0.006 10 246
35 0.002 0.006 9 247
35 0.002 0.006 9 247
36 0.002 0.006 8 248
37 0.002 0.006 6 250
37 0.002 0.006 6 250
38 0.002 0.006 3 253
38 0.002 0.006 3 253
39 0.002 0.006 2 254
39 0.002 0.006 2 254
40 0.002 0.006 2 254
40 0.002 0.006 2 254
41 0.002 0.006 2 254
41 0.002 0.006 2 254
42 0.002 0.006 2 254
42 0.002 0.006 2 254
43 0.002 0.006 2 254
44 0.002 0.006 2 254
45 0.002 0.006 2 254
45 0 0.008 2 254
46 0 0.008 2 254
47 0 0.008 2 254
48 0 0.008 1 255
48 0 0.008 1 255
49 0 0.008 0 256
49 0 0.008 0 256
50 0 0.008 0 256
50 0 0.008 0 256
51 0 0.008 0 256
51 0 0.008 0 256
52 0 0.008 0 256
52 0 0.008 0 256
53 0 0.008 0 256
53 0 0.008 0 256
54 0 0.008 0 256
54 0 0.008 0 256
55 0 0.008 0 256
55 0 0.008 0 256
56 0 0.008 0 256
56 0 0.008 0 256
57 0 0.008 0 256
57 0 0.008 0 256
58 0 0.008 0 256
58 0 0.008 0 256
59 0 0.008 0 256
59 0 0.008 0 256
60 0 0.008 0 256
60 0 0.008 0 256
61 0 0.008 0 256
0 255 0 0 0
1 255 0 0 0
1 243.4329 11.5671 0 0
2 232.0942 20.9058 2 0
3 217.7074 31.2926 6 0
4 186.2405 45.7595 22 1
5 143.5972 62.4028 45 4
6 99.7415 65.2585 73 17
7 48.3607 70.6393 108 28
8 16.0862 67.9138 126 45
9 3.9158 46.0842 139 66
10 0.1082 27.8918 147 80
11 0.1082 12.8918 152 90
12 0.1082 5.8918 144 105
13 0.1082 2.8918 134 118
14 0 2.8918 116 137
15 0 1.8918 100 154
16 0 0.8918 92 163
17 0 0 80 176
18 0 0 71 185
19 0 0 64 192
20 0 0 56 200
21 0 0 43 213
22 0 0 40 216
23 0 0 34 222
24 0 0 29 227
25 0 0 24 232
26 0 0 16 240
27 0 0 14 242
27 0 0 14 242
28 0 0 12 244
28 0 0 12 244
29 0 0 11 245
29 0 0 11 245
30 0 0 9 247
30 0 0 9 247
31 0 0 8 248
32 0 0 7 249
32 0 0 7 249
33 0 0 6 250
34 0 0 6 250
35 0 0 6 250
35 0 0 6 250
36 0 0 4 252
36 0 0 4 252
37 0 0 3 253
37 0 0 3 253
38 0 0 2 254
38 0 0 2 254
39 0 0 2 254
39 0 0 2 254
40 0 0 2 254
40 0 0 2 254
41 0 0 2 254
41 0 0 2 254
42 0 0 1 255
42 0 0 1 255
43 0 0 0 256
43 0 0 0 256
44 0 0 0 256
44 0 0 0 256
45 0 0 0 256
45 0 0 0 256
46 0 0 0 256
46 0 0 0 256
47 0 0 0 256
47 0 0 0 256
48 0 0 0 256
48 0 0 0 256
49 0 0 0 256
49 0 0 0 256
50 0 0 0 256
50 0 0 0 256
51 0 0 0 256
51 0 0 0 256
52 0 0 0 256
52 0 0 0 256
53 0 0 0 256
53 0 0 0 256
54 0 0 0 256
54 0 0 0 256
55 0 0 0 256
55 0 0 0 256
56 0 0 0 256
56 0 0 0 256
57 0 0 0 256
57 0 0 0 256
58 0 0 0 256
58 0 0 0 256
59 0 0 0 256
59 0 0 0 256
60 0 0 0 256
60 0 0 0 256
61 0 0 0 256
0 255 0 0 0
1 255 0 0 0
1 243.4329 11.5671 0 0
2 229.0942 18.9058 6 1
3 200.7074 34.2926 19 1
4 161.2405 44.7595 43 6
5 108.5972 75.4028 61 10
6 59.7415 73.2585 98 24
7 20.3607 71.6393 126 37
8 2.0862 44.9138 149 59
9 0.0862 28.9138 148 78
10 0.0862 12.9138 146 96
11 0.0862 8.9138 137 109
12 0.0862 1.9138 121 132
13 0.0862 0 109 146
14 0 1 94 161
15 0 0 83 173
16 0 0 74 182
17 0 0 68 188
18 0 0 64 192
19 0 0 60 196
20 0 0 49 207
21 0 0 42 214
22 0 0 38 218
23 0 0 30 226
24 0 0 27 229
25 0 0 27 229
26 0 0 27 229
27 0 0 22 234
28 0 0 19 237
29 0 0 17 239
30 0 0 16 240
30 0 0 16 240
31 0 0 14 242
32 0 0 10 246
33 0 0 10 246
34 0 0 9 247
35 0 0 8 248
36 0 0 7 249
37 0 0 7 249
37 0 0 7 249
38 0 0 7 249
39 0 0 6 250
39 0 0 6 250
40 0 0 6 250
40 0 0 6 250
41 0 0 6 250
41 0 0 6 250
42 0 0 6 250
43 0 0 5 251
44 0 0 5 251
45 0 0 5 251
46 0 0 5 251
46 0 0 5 251
47 0 0 4 252
47 0 0 4 252
48 0 0 3 253
48 0 0 3 253
49 0 0 2 254
49 0 0 2 254
50 0 0 2 254
51 0 0 2 254
51 0 0 2 254
52 0 0 2 254
52 0 0 2 254
53 0 0 2 254
53 0 0 2 254
54 0 0 2 254
54 0 0 2 254
55 0 0 2 254
55 0 0 2 254
56 0 0 2 254
56 0 0 2 254
57 0 0 2 254
58 0 0 1 255
58 0 0 1 255
59 0 0 1 255
59 0 0 1 255
60 0 0 1 255
60 0 0 1 255
61 0 0 1 255
0 255 0 0 0
1 255 0 0 0
1 243.4329 11.5671 0 0
2 227.0942 20.9058 7 0
3 202.7074 35.2926 14 3
4 166.2405 52.7595 30 6
5 136.5972 63.4028 39 16
6 90.7415 74.2585 67 23
7 58.3607 73.6393 92 31
8 33.0862 67.9138 112 42
9 19.9158 49.0842 127 59
10 13.1082 28.8918 137 76
11 4.1423 21.8577 139 90
12 0.1423 16.8577 130 108
13 0.1423 7.8577 126 121
14 0.1423 3.8577 110 141
15 0.1423 1.8577 97 156
16 0.0401 0.9599 84 170
17 0.0401 0 73 182
18 0.004 0.0361 65 190
19 0.004 0.0361 57 198
20 0.004 0.0361 52 203
21 0.004 0.0361 42 213
22 0.004 0.0361 37 218
23 0.004 0.0361 33 222
24 0.004 0.0361 30 225
25 0.004 0.0361 24 231
26 0.004 0.0361 20 235
27 0.004 0.0361 19 236
27 0.004 0.0361 19 236
28 0.004 0.0361 17 238
29 0.004 0.0361 14 241
30 0.004 0.0361 14 241
31 0.004 0.0361 13 242
31 0.004 0.0361 13 242
32 0.004 0 12 244
33 0.004 0 11 245
34 0.004 0 11 245
35 0.004 0 8 248
36 0.004 0 8 248
36 0.004 0 8 248
37 0.004 0 6 250
37 0.004 0 6 250
38 0.004 0 4 252
38 0.004 0 4 252
39 0.004 0 3 253
39 0.004 0 3 253
40 0.004 0 3 253
41 0.004 0 2 254
41 0.004 0 2 254
42 0.004 0 1 255
42 0.004 0 1 255
43 0.004 0 1 255
43 0.004 0 1 255
44 0.004 0 1 255
44 0.004 0 1 255
45 0.004 0 1 255
45 0.002 0.002 1 255
46 0 0.004 1 255
47 0 0.004 1 255
47 0 0.004 1 255
48 0 0.004 1 255
48 0 0.004 1 255
49 0 0.004 1 255
49 0 0.004 1 255
50 0 0.004 1 255
51 0 0.004 1 255
51 0 0.004 1 255
52 0 0.004 1 255
52 0 0.004 1 255
53 0 0.004 1 255
53 0 0.004 1 255
54 0 0.004 0 256
54 0 0.004 0 256
55 0 0.004 0 256
55 0 0.004 0 256
56 0 0.004 0 256
56 0 0.004 0 256
57 0 0.004 0 256
57 0 0.004 0 256
58 0 0.004 0 256
58 0 0.004 0 256
59 0 0.004 0 256
59 0 0.004 0 256
60 0 0.004 0 256
60 0 0.004 0 256
61 0 0.004 0 256
0 255 0 0 0
1 255 0 0 0
1 243.4329 11.5671 0 0
2 228.0942 20.9058 6 0
3 197.7074 36.2926 20 1
4 142.2405 57.7595 48 7
5 95.5972 77.4028 67 15
6 53.7415 73.2585 108 20
7 18.3607 65.6393 137 34
8 1.0862 44.9138 156 53
9 1.0862 27.9138 149 77
10 1.0862 18.9138 140 95
11 0.1203 12.8797 133 109
12 0.1203 9.8797 118 127
13 0.1203 4.8797 104 146
14 0 2.8797 96 157
15 0 2.8797 85 168
16 0 1.8797 74 180
17 0 0.8797 65 190
18 0 0.8797 54 201
19 0 0.8797 50 205
20 0 0.8797 44 211
21 0 0 41 215
22 0 0 37 219
23 0 0 32 224
24 0 0 28 228
25 0 0 23 233
26 0 0 21 235
27 0 0 17 239
27 0 0 17 239
28 0 0 15 241
28 0 0 15 241
29 0 0 12 244
30 0 0 12 244
31 0 0 11 245
32 0 0 8 248
32 0 0 8 248
33 0 0 5 251
34 0 0 3 253
34 0 0 3 253
35 0 0 2 254
36 0 0 2 254
37 0 0 1 255
37 0 0 1 255
38 0 0 1 255
38 0 0 1 255
39 0 0 1 255
39 0 0 1 255
40 0 0 1 255
40 0 0 1 255
41 0 0 1 255
42 0 0 1 255
42 0 0 1 255
43 0 0 1 255
43 0 0 1 255
44 0 0 1 255
44 0 0 1 255
45 0 0 1 255
45 0 0 1 255
46 0 0 1 255
46 0 0 1 255
47 0 0 1 255
47 0 0 1 255
48 0 0 1 255
48 0 0 1 255
49 0 0 1 255
49 0 0 1 255
50 0 0 1 255
50 0 0 1 255
51 0 0 0 256
51 0 0 0 256
52 0 0 0 256
52 0 0 0 256
53 0 0 0 256
53 0 0 0 256
54 0 0 0 256
54 0 0 0 256
55 0 0 0 256
55 0 0 0 256
56 0 0 0 256
56 0 0 0 256
57 0 0 0 256
57 0 0 0 256
58 0 0 0 256
58 0 0 0 256
59 0 0 0 256
59 0 0 0 256
60 0 0 0 256
60 0 0 0 256
61 0 0 0 256
0 255 0 0 0
1 255 0 0 0
1 243.4329 11.5671 0 0
2 229.0942 18.9058 7 0
3 197.7074 36.2926 18 3
4 157.2405 55.7595 34 8
5 116.5972 64.4028 60 14
6 74.7415 71.2585 80 29
7 37.3607 70.6393 112 35
8 16.0862 60.9138 133 45
9 1.9158 50.0842 136 67
10 0.1082 31.8918 142 81
11 0.1082 16.8918 134 104
12 0.1082 9.8918 121 124
13 0 4.8918 110 141
14 0 2.8918 99 154
15 0 1.8918 91 163
16 0 0 82 174
17 0 0 71 185
18 0 0 62 194
19 0 0 57 199
20 0 0 48 208
21 0 0 43 213
22 0 0 37 219
23 0 0 36 220
24 0 0 30 226
25 0 0 25 231
25 0 0 25 231
26 0 0 22 234
27 0 0 21 235
28 0 0 16 240
29 0 0 16 240
30 0 0 16 240
31 0 0 13 243
32 0 0 13 243
32 0 0 13 243
33 0 0 12 244
34 0 0 11 245
35 0 0 10 246
36 0 0 9 247
36 0 0 9 247
37 0 0 9 247
38 0 0 9 247
38 0 0 9 247
39 0 0 8 248
40 0 0 7 249
41 0 0 6 250
41 0 0 6 250
42 0 0 4 252
43 0 0 4 252
43 0 0 4 252
44 0 0 4 252
44 0 0 4 252
45 0 0 4 252
45 0 0 4 252
46 0 0 4 252
47 0 0 3 253
47 0 0 3 253
48 0 0 2 254
48 0 0 2 254
49 0 0 1 255
49 0 0 1 255
50 0 0 1 255
50 0 0 1 255
51 0 0 1 255
52 0 0 1 255
52 0 0 1 255
53 0 0 1 255
53 0 0 1 255
54 0 0 1 255
54 0 0 1 255
55 0 0 1 255
55 0 0 1 255
56 0 0 0 256
56 0 0 0 256
57 0 0 0 256
57 0 0 0 256
58 0 0 0 256
58 0 0 0 256
59 0 0 0 256
59 0 0 0 256
60 0 0 0 256
60 0 0 0 256
61 0 0 0 256
