Time S E I R
0 933.268278677 0 0 0
1 933.268278677 0 0 0
1 921.701178677 11.5671 0 0
2 883.362478677 39.9058 9 1
3 706.975678677 165.2926 59 2
4 298.508778677 420.7595 196 18
5 25.865478677 430.4028 420 57
6 0 249.4028 560 124
7 0 130.4028 608 195
8 0 66.4028 601 266
9 0 42.4028 559 332
10 0 25.4028 504 404
11 0 13.4028 452 468
12 0 10.4028 404 519
13 0 5.4028 364 564
14 0 1.4028 327 605
15 0 1.4028 294 638
16 0 1.4028 263 669
17 0 1.4028 235 697
18 0 1.4028 208 724
19 0 0.4028 185 748
20 0 0.4028 165 768
21 0 0 148 786
22 0 0 137 797
23 0 0 124 810
24 0 0 112 822
25 0 0 103 831
26 0 0 91 843
27 0 0 82 852
28 0 0 73 861
29 0 0 62 872
30 0 0 58 876
31 0 0 54 880
32 0 0 44 890
33 0 0 37 897
34 0 0 34 900
34 0 0 34 900
35 0 0 30 904
36 0 0 25 909
37 0 0 20 914
38 0 0 18 916
39 0 0 17 917
40 0 0 12 922
41 0 0 11 923
41 0 0 11 923
42 0 0 10 924
43 0 0 10 924
43 0 0 10 924
44 0 0 10 924
45 0 0 9 925
46 0 0 6 928
47 0 0 6 928
48 0 0 5 929
49 0 0 5 929
49 0 0 5 929
50 0 0 4 930
51 0 0 3 931
51 0 0 3 931
52 0 0 3 931
52 0 0 3 931
53 0 0 3 931
53 0 0 3 931
54 0 0 3 931
55 0 0 2 932
56 0 0 2 932
56 0 0 2 932
57 0 0 2 932
58 0 0 1 933
58 0 0 1 933
59 0 0 1 933
59 0 0 1 933
60 0 0 1 933
60 0 0 1 933
61 0 0 1 933
