Time S E I R
0 767.638678731 0 0 0
1 767.638678731 0 0 0
1 756.071578731 11.5671 0 0
2 729.732878731 30.9058 7 0
3 675.346078731 67.2926 23 2
4 529.879178731 155.7595 73 9
5 283.235878731 275.4028 184 25
6 72.380178731 305.2585 342 48
7 1.999378731 209.6393 462 94
8 0 117.6393 492 158
9 0 62.6393 492 213
10 0 34.6393 454 279
11 0 23.6393 409 335
12 0 16.6393 365 386
13 0 11.6393 328 428
14 0 7.6393 298 462
15 0 3.6393 263 501
16 0 0.6393 242 525
17 0 0.6393 207 560
18 0 0.6393 176 591
19 0 0.6393 162 605
20 0 0.6393 142 625
21 0 0.6393 123 644
22 0 0 114 654
23 0 0 96 672
24 0 0 86 682
25 0 0 74 694
26 0 0 63 705
27 0 0 58 710
28 0 0 50 718
29 0 0 41 727
30 0 0 38 730
31 0 0 34 734
32 0 0 28 740
33 0 0 26 742
34 0 0 20 748
35 0 0 16 752
35 0 0 16 752
36 0 0 15 753
36 0 0 15 753
37 0 0 14 754
38 0 0 11 757
39 0 0 9 759
39 0 0 9 759
40 0 0 8 760
40 0 0 8 760
41 0 0 8 760
42 0 0 7 761
43 0 0 6 762
44 0 0 4 764
44 0 0 4 764
45 0 0 3 765
45 0 0 3 765
46 0 0 3 765
46 0 0 3 765
47 0 0 3 765
47 0 0 3 765
48 0 0 2 766
48 0 0 2 766
49 0 0 2 766
50 0 0 2 766
50 0 0 2 766
51 0 0 2 766
51 0 0 2 766
52 0 0 2 766
52 0 0 2 766
53 0 0 1 767
53 0 0 1 767
54 0 0 1 767
55 0 0 1 767
55 0 0 1 767
56 0 0 1 767
56 0 0 1 767
57 0 0 1 767
57 0 0 1 767
58 0 0 0 768
58 0 0 0 768
59 0 0 0 768
59 0 0 0 768
60 0 0 0 768
60 0 0 0 768
61 0 0 0 768
