Time S E I R
0 746.91082839 0 0 0
1 746.91082839 0 0 0
1 735.34372839 11.5671 0 0
2 722.00502839 21.9058 3 0
3 700.61822839 33.2926 12 1
4 670.15132839 46.7595 27 3
5 606.50802839 78.4028 54 8
6 489.65232839 130.2585 107 20
7 361.27152839 155.6393 182 48
8 228.99702839 191.9138 250 76
9 125.82662839 168.0842 335 118
10 47.01902839 147.8918 391 161
11 19.05312839 101.8577 408 218
12 5.54012839 68.3707 395 278
13 2.27952839 46.6313 378 320
14 0.03712839 28.8737 347 371
15 0.03712839 19.8737 309 418
16 0.03712839 9.8737 280 457
17 0.03712839 4.8737 254 488
18 0.00102839 2.9098 225 519
19 0.00102839 1.9098 203 542
20 0.00102839 0.9098 176 570
21 0.00102839 0 157 590
22 0.00102839 0 141 606
23 0.00102839 0 120 627
24 0.00102839 0 104 643
25 0.00102839 0 90 657
26 0.00102839 0 81 666
27 0.00102839 0 70 677
28 0.00102839 0 66 681
29 0.00102839 0 60 687
30 0.00102839 0 57 690
31 0.00102839 0 48 699
32 0.00102839 0 42 705
33 0.00102839 0 34 713
34 0.00102839 0 29 718
35 0.00102839 0 27 720
36 0.00102839 0 25 722
37 0.00102839 0 24 723
38 0.00102839 0 19 728
39 0.00102839 0 19 728
39 0.00102839 0 19 728
40 0.00102839 0 19 728
41 0.00102839 0 18 729
42 0.00102839 0 14 733
43 0.00102839 0 11 736
44 0.00102839 0 9 738
44 0.00102839 0 9 738
45 0.00102839 0 8 739
46 0.00102839 0 8 739
47 0.00102839 0 8 739
48 0.00102839 0 7 740
49 0.00102839 0 6 741
50 0.00102839 0 6 741
50 0.00102839 0 6 741
51 0.00102839 0 4 743
51 0.00102839 0 4 743
52 0.00102839 0 4 743
52 0.00102839 0 4 743
53 0.00102839 0 3 744
54 0.00102839 0 2 745
54 0.00102839 0 2 745
55 0.00102839 0 2 745
55 0.00102839 0 2 745
56 0.00102839 0 2 745
57 0.00102839 0 2 745
58 0.00102839 0 1 746
58 0.00102839 0 1 746
59 0.00102839 0 1 746
59 0.00102839 0 1 746
60 0.00102839 0 1 746
60 0.00102839 0 1 746
61 0.00102839 0 1 746
