Time S E I R
0 594.553915603 0 0 0
1 594.553915603 0 0 0
1 582.986815603 11.5671 0 0
2 565.648115603 24.9058 3 1
3 510.261315603 57.2926 25 2
4 392.794415603 128.7595 62 11
5 198.151115603 230.4028 140 26
6 43.295415603 242.2585 270 39
7 1.914615603 157.6393 355 80
8 0 94.6393 370 130
9 0 47.6393 374 173
10 0 24.6393 341 229
11 0 12.6393 311 271
12 0 5.6393 282 307
13 0 5.6393 250 339
14 0 5.6393 213 376
15 0 3.6393 191 400
16 0 3.6393 166 425
17 0 1.6393 147 446
18 0 1.6393 125 468
19 0 1.6393 106 487
20 0 0.6393 87 507
21 0 0.6393 70 524
22 0 0.6393 60 534
23 0 0.6393 47 547
24 0 0 41 554
25 0 0 35 560
26 0 0 31 564
27 0 0 26 569
28 0 0 26 569
29 0 0 21 574
30 0 0 18 577
31 0 0 17 578
32 0 0 14 581
32 0 0 14 581
33 0 0 14 581
33 0 0 14 581
34 0 0 12 583
34 0 0 12 583
35 0 0 10 585
35 0 0 10 585
36 0 0 10 585
37 0 0 9 586
37 0 0 9 586
38 0 0 7 588
39 0 0 5 590
39 0 0 5 590
40 0 0 3 592
40 0 0 3 592
41 0 0 3 592
41 0 0 3 592
42 0 0 3 592
42 0 0 3 592
43 0 0 2 593
43 0 0 2 593
44 0 0 2 593
44 0 0 2 593
45 0 0 2 593
45 0 0 2 593
46 0 0 1 594
46 0 0 1 594
47 0 0 0 595
47 0 0 0 595
48 0 0 0 595
48 0 0 0 595
49 0 0 0 595
49 0 0 0 595
50 0 0 0 595
50 0 0 0 595
51 0 0 0 595
51 0 0 0 595
52 0 0 0 595
52 0 0 0 595
53 0 0 0 595
53 0 0 0 595
54 0 0 0 595
54 0 0 0 595
55 0 0 0 595
55 0 0 0 595
56 0 0 0 595
56 0 0 0 595
57 0 0 0 595
57 0 0 0 595
58 0 0 0 595
58 0 0 0 595
59 0 0 0 595
59 0 0 0 595
60 0 0 0 595
60 0 0 0 595
61 0 0 0 595
