Time S E I R
0 815.987510663 0 0 0
1 815.987510663 0 0 0
1 804.420410663 11.5671 0 0
2 788.081710663 23.9058 4 0
3 702.694910663 85.2926 27 1
4 408.228010663 284.7595 110 13
5 46.584710663 425.4028 311 33
6 0.584710663 269.4028 459 87
7 0 150.4028 524 142
8 0 86.4028 515 215
9 0 40.4028 484 292
10 0 19.4028 454 343
11 0 14.4028 408 394
12 0 6.4028 364 446
13 0 1.4028 327 488
14 0 1.4028 289 526
15 0 1.4028 253 562
16 0 1.4028 224 591
17 0 0.4028 204 612
18 0 0.4028 188 628
19 0 0 163 654
20 0 0 148 669
21 0 0 137 680
22 0 0 123 694
23 0 0 105 712
24 0 0 88 729
25 0 0 77 740
26 0 0 68 749
27 0 0 56 761
28 0 0 47 770
29 0 0 42 775
30 0 0 39 778
31 0 0 31 786
32 0 0 27 790
33 0 0 27 790
34 0 0 23 794
35 0 0 20 797
36 0 0 16 801
37 0 0 16 801
38 0 0 16 801
39 0 0 12 805
40 0 0 9 808
41 0 0 6 811
41 0 0 6 811
42 0 0 4 813
43 0 0 4 813
43 0 0 4 813
44 0 0 4 813
44 0 0 4 813
45 0 0 4 813
45 0 0 4 813
46 0 0 3 814
46 0 0 3 814
47 0 0 3 814
47 0 0 3 814
48 0 0 3 814
48 0 0 3 814
49 0 0 3 814
49 0 0 3 814
50 0 0 3 814
50 0 0 3 814
51 0 0 3 814
52 0 0 3 814
52 0 0 3 814
53 0 0 3 814
53 0 0 3 814
54 0 0 3 814
54 0 0 3 814
55 0 0 3 814
55 0 0 3 814
56 0 0 3 814
56 0 0 3 814
57 0 0 3 814
57 0 0 3 814
58 0 0 3 814
58 0 0 3 814
59 0 0 2 815
59 0 0 2 815
60 0 0 2 815
60 0 0 2 815
61 0 0 2 815
