Time S E I R
0 316.164469298 0 0 0
1 316.164469298 0 0 0
1 304.597369298 11.5671 0 0
2 290.258669298 22.9058 3 0
3 264.871869298 36.2926 13 2
4 200.404969298 74.7595 37 4
5 100.761669298 121.4028 80 14
6 30.905969298 125.2585 131 29
7 6.525169298 93.6393 164 52
8 2.525169298 45.6393 195 73
9 0 28.6393 190 98
10 0 15.6393 181 120
11 0 8.6393 169 139
12 0 4.6393 154 158
13 0 2.6393 143 171
14 0 0 128 189
15 0 0 116 201
16 0 0 98 219
17 0 0 87 230
18 0 0 78 239
19 0 0 71 246
20 0 0 63 254
21 0 0 52 265
22 0 0 43 274
23 0 0 39 278
24 0 0 34 283
25 0 0 27 290
26 0 0 24 293
27 0 0 19 298
28 0 0 17 300
29 0 0 16 301
30 0 0 13 304
31 0 0 11 306
31 0 0 11 306
32 0 0 10 307
33 0 0 7 310
34 0 0 7 310
35 0 0 7 310
36 0 0 5 312
37 0 0 5 312
38 0 0 3 314
38 0 0 3 314
39 0 0 1 316
39 0 0 1 316
40 0 0 1 316
40 0 0 1 316
41 0 0 1 316
41 0 0 1 316
42 0 0 1 316
42 0 0 1 316
43 0 0 0 317
43 0 0 0 317
44 0 0 0 317
44 0 0 0 317
45 0 0 0 317
45 0 0 0 317
46 0 0 0 317
46 0 0 0 317
47 0 0 0 317
47 0 0 0 317
48 0 0 0 317
48 0 0 0 317
49 0 0 0 317
49 0 0 0 317
50 0 0 0 317
50 0 0 0 317
51 0 0 0 317
51 0 0 0 317
52 0 0 0 317
52 0 0 0 317
53 0 0 0 317
53 0 0 0 317
54 0 0 0 317
54 0 0 0 317
55 0 0 0 317
55 0 0 0 317
56 0 0 0 317
56 0 0 0 317
57 0 0 0 317
57 0 0 0 317
58 0 0 0 317
58 0 0 0 317
59 0 0 0 317
59 0 0 0 317
60 0 0 0 317
60 0 0 0 317
61 0 0 0 317
