Time S E I R
0 290.694578926 0 0 0
1 290.694578926 0 0 0
1 279.127478926 11.5671 0 0
2 265.788778926 22.9058 2 0
3 237.401978926 39.2926 13 1
4 191.935078926 60.7595 33 5
5 124.291778926 88.4028 71 7
6 52.436078926 114.2585 107 17
7 12.055278926 112.6393 134 32
8 0.780778926 70.9138 167 52
9 0 40.9138 176 74
10 0 16.9138 178 96
11 0 8.9138 161 121
12 0 4.9138 146 140
13 0 2.9138 126 162
14 0 1.9138 106 183
15 0 0.9138 94 196
16 0 0 82 209
17 0 0 72 219
18 0 0 59 232
19 0 0 54 237
20 0 0 44 247
21 0 0 36 255
22 0 0 30 261
23 0 0 22 269
24 0 0 18 273
25 0 0 15 276
26 0 0 13 278
26 0 0 13 278
27 0 0 12 279
28 0 0 11 280
29 0 0 11 280
30 0 0 8 283
31 0 0 8 283
32 0 0 7 284
32 0 0 7 284
33 0 0 4 287
34 0 0 4 287
35 0 0 4 287
36 0 0 4 287
36 0 0 4 287
37 0 0 4 287
38 0 0 4 287
39 0 0 4 287
40 0 0 3 288
41 0 0 1 290
41 0 0 1 290
42 0 0 1 290
42 0 0 1 290
43 0 0 1 290
43 0 0 1 290
44 0 0 1 290
44 0 0 1 290
45 0 0 1 290
45 0 0 1 290
46 0 0 1 290
46 0 0 1 290
47 0 0 1 290
47 0 0 1 290
48 0 0 1 290
48 0 0 1 290
49 0 0 0 291
49 0 0 0 291
50 0 0 0 291
50 0 0 0 291
51 0 0 0 291
51 0 0 0 291
52 0 0 0 291
52 0 0 0 291
53 0 0 0 291
53 0 0 0 291
54 0 0 0 291
54 0 0 0 291
55 0 0 0 291
55 0 0 0 291
56 0 0 0 291
56 0 0 0 291
57 0 0 0 291
57 0 0 0 291
58 0 0 0 291
58 0 0 0 291
59 0 0 0 291
59 0 0 0 291
60 0 0 0 291
60 0 0 0 291
61 0 0 0 291
