Time S E I R
0 616.924135546 0 0 0
1 616.924135546 0 0 0
1 605.357035546 11.5671 0 0
2 570.018335546 34.9058 11 1
3 461.631535546 111.2926 41 3
4 255.164635546 222.7595 120 19
5 52.521335546 277.4028 248 39
6 5.521335546 198.4028 333 80
7 0 117.4028 380 120
8 0 65.4028 394 158
9 0 28.4028 380 209
10 0 12.4028 349 256
11 0 8.4028 310 299
12 0 4.4028 272 341
13 0 3.4028 246 368
14 0 2.4028 220 395
15 0 2.4028 199 416
16 0 1.4028 174 442
17 0 1.4028 156 460
18 0 0.4028 136 481
19 0 0 118 500
20 0 0 101 517
21 0 0 93 525
22 0 0 83 535
23 0 0 73 545
24 0 0 63 555
25 0 0 55 563
26 0 0 54 564
27 0 0 49 569
28 0 0 45 573
29 0 0 39 579
30 0 0 36 582
31 0 0 33 585
32 0 0 30 588
33 0 0 28 590
34 0 0 24 594
34 0 0 24 594
35 0 0 20 598
36 0 0 17 601
37 0 0 17 601
38 0 0 14 604
39 0 0 12 606
40 0 0 11 607
41 0 0 10 608
41 0 0 10 608
42 0 0 9 609
43 0 0 9 609
44 0 0 7 611
44 0 0 7 611
45 0 0 6 612
45 0 0 6 612
46 0 0 5 613
47 0 0 4 614
47 0 0 4 614
48 0 0 4 614
49 0 0 4 614
49 0 0 4 614
50 0 0 4 614
50 0 0 4 614
51 0 0 3 615
51 0 0 3 615
52 0 0 3 615
52 0 0 3 615
53 0 0 2 616
54 0 0 2 616
54 0 0 2 616
55 0 0 2 616
55 0 0 2 616
56 0 0 2 616
56 0 0 2 616
57 0 0 1 617
58 0 0 1 617
58 0 0 1 617
59 0 0 0 618
59 0 0 0 618
60 0 0 0 618
60 0 0 0 618
61 0 0 0 618
