Time S E I R
0 255 0 0 0
1 255 0 0 0
1 243.4329 11.5671 0 0
2 232.0942 16.9058 6 0
3 220.7074 23.2926 8 3
4 211.2405 23.7595 15 5
5 203.5972 20.4028 24 7
6 197.7415 20.2585 28 9
7 192.3607 13.6393 36 13
8 185.0862 13.9138 42 14
9 181.9158 8.0842 43 22
10 179.1082 5.8918 43 27
11 178.1423 3.8577 44 29
12 176.6293 3.3707 43 32
13 175.3687 2.6313 39 38
14 174.1263 3.8737 33 44
15 173.8978 2.1022 29 50
16 172.7956 2.2044 25 55
17 171.6954 2.3046 23 58
18 171.6593 1.3407 19 63
19 171.6593 0.3407 16 67
19 171.6373 0.3627 16 67
20 171.6172 0.3828 13 70
21 170.5872 1.4128 11 72
22 170.5651 1.4349 9 74
23 170.5351 1.4649 8 75
24 170.521 0 10 75
25 170.509 0.012 8 77
26 170.491 0.03 7 78
27 170.491 0.03 6 79
27 170.4709 0.0501 6 79
28 170.4709 0.0501 5 80
28 170.4569 0.0641 5 80
29 170.4509 0.0701 4 81
30 170.4509 0.0701 4 81
30 170.4329 0.0881 4 81
31 170.4329 0.0881 4 81
31 170.4248 0.0962 4 81
32 170.4148 0.1062 4 81
33 170.4048 0.1162 2 83
34 170.4048 0.1162 2 83
34 170.3928 0.1282 2 83
35 170.3928 0.1282 1 84
35 170.3868 0.1342 1 84
36 170.3868 0.1342 1 84
36 170.3727 0.1483 1 84
37 170.3727 -0.8517 2 84
37 170.3667 0 2 84
38 170.3667 0 2 84
38 170.3587 0.008 2 84
39 170.3447 0.022 2 84
40 170.3347 0.032 2 84
41 170.3347 0.032 2 84
41 170.3267 0.04 2 84
42 170.3267 0.04 2 84
42 170.3186 0.0481 2 84
43 170.3186 0.0481 1 85
43 170.3106 0.0561 1 85
44 170.3106 0.0561 1 85
44 170.3046 0.0621 1 85
45 170.3046 0.0621 1 85
45 170.3026 0.0641 1 85
46 170.3026 0.0641 1 85
46 170.3006 0.0661 1 85
47 170.3006 0.0661 1 85
47 170.2886 0.0781 1 85
48 170.2886 0.0781 1 85
48 170.2886 0.0781 1 85
49 170.2886 0.0781 0 86
49 170.2846 0.0821 0 86
50 170.2846 0.0821 0 86
50 170.2786 0.0881 0 86
51 170.2786 0.0881 0 86
51 170.2786 0.0881 0 86
52 170.2786 0.0881 0 86
52 170.2705 0.0962 0 86
53 170.2705 0.0962 0 86
53 170.2685 0.0982 0 86
54 170.2685 0.0982 0 86
54 170.2625 0.1042 0 86
55 170.2625 0.1042 0 86
55 170.2565 0.1102 0 86
56 170.2565 0.1102 0 86
56 170.2545 0.1122 0 86
57 170.2545 0.1122 0 86
57 170.2525 0.1142 0 86
58 170.2525 0.1142 0 86
58 170.2485 0.1182 0 86
59 170.2485 0.1182 0 86
59 170.2485 0.1182 0 86
60 170.2485 0.1182 0 86
60 170.2405 0.1262 0 86
61 170.2405 0.1262 0 86
