Time S E I R
0 881.522987392 0 0 0
1 881.522987392 0 0 0
1 869.955887392 11.5671 0 0
2 828.617187392 44.9058 8 0
3 677.230387392 153.2926 49 2
4 234.763487392 428.7595 201 17
5 4.120187392 382.4028 433 62
6 0.120187392 207.4028 544 130
7 0.120187392 115.4028 572 194
8 0.120187392 53.4028 542 286
9 0 31.4028 504 347
10 0 20.4028 452 410
11 0 10.4028 412 460
12 0 5.4028 361 516
13 0 3.4028 318 561
14 0 0.4028 294 588
15 0 0.4028 254 628
16 0 0 221 662
17 0 0 195 688
18 0 0 174 709
19 0 0 149 734
20 0 0 128 755
21 0 0 114 769
22 0 0 98 785
23 0 0 85 798
24 0 0 77 806
25 0 0 72 811
26 0 0 66 817
27 0 0 54 829
28 0 0 49 834
29 0 0 43 840
30 0 0 34 849
31 0 0 25 858
32 0 0 22 861
32 0 0 22 861
33 0 0 21 862
34 0 0 21 862
35 0 0 18 865
36 0 0 15 868
37 0 0 13 870
37 0 0 13 870
38 0 0 8 875
39 0 0 7 876
40 0 0 7 876
41 0 0 6 877
41 0 0 6 877
42 0 0 6 877
42 0 0 6 877
43 0 0 5 878
43 0 0 5 878
44 0 0 3 880
44 0 0 3 880
45 0 0 3 880
45 0 0 3 880
46 0 0 3 880
46 0 0 3 880
47 0 0 3 880
48 0 0 3 880
48 0 0 3 880
49 0 0 3 880
49 0 0 3 880
50 0 0 3 880
51 0 0 3 880
51 0 0 3 880
52 0 0 3 880
52 0 0 3 880
53 0 0 3 880
54 0 0 3 880
54 0 0 3 880
55 0 0 2 881
55 0 0 2 881
56 0 0 1 882
56 0 0 1 882
57 0 0 1 882
57 0 0 1 882
58 0 0 1 882
58 0 0 1 882
59 0 0 0 883
59 0 0 0 883
60 0 0 0 883
60 0 0 0 883
61 0 0 0 883
