Time S E I R
0 292.398648007 0 0 0
1 292.398648007 0 0 0
1 280.831548007 11.5671 0 0
2 269.492848007 16.9058 6 0
3 259.106048007 22.2926 9 2
4 248.639148007 24.7595 16 3
5 238.995848007 24.4028 23 6
6 232.140148007 24.2585 29 7
7 226.759348007 24.6393 29 12
8 221.484848007 18.9138 38 14
9 218.314448007 16.0842 38 20
10 216.506848007 5.8918 41 29
11 214.540948007 3.8577 41 33
12 214.027948007 1.3707 37 40
13 212.767348007 0.6313 37 42
14 210.524948007 1.8737 35 45
15 210.296448007 1.1022 33 48
16 210.194248007 1.2044 26 55
17 210.094048007 1.3046 24 57
18 209.057948007 2.3407 21 60
19 209.035948007 0.3627 21 62
20 209.015848007 0.3828 19 64
21 208.985848007 0.4128 18 65
22 208.963748007 0.4349 16 67
23 208.963748007 0.4349 13 70
23 208.933748007 0.4649 13 70
24 208.919648007 0.479 12 71
25 208.907648007 0 12 72
26 208.889648007 0.018 11 73
27 208.869548007 0.0381 9 75
28 208.869548007 0.0381 7 77
28 208.855548007 0.0521 7 77
29 208.855548007 -0.9479 6 79
29 208.849548007 0 6 79
30 208.849548007 0 4 81
30 208.831548007 0.018 4 81
31 208.823448007 0.0261 3 82
32 208.823448007 0.0261 2 83
32 208.813448007 0.0361 2 83
33 208.813448007 0.0361 2 83
33 208.803448007 0.0461 2 83
34 208.803448007 0.0461 1 84
34 208.791448007 0.0581 1 84
35 208.791448007 0.0581 1 84
35 208.785448007 0.0641 1 84
36 208.785448007 0.0641 1 84
36 208.771348007 0.0782 1 84
37 208.771348007 0.0782 1 84
37 208.765348007 0.0842 1 84
38 208.765348007 0.0842 1 84
38 208.757348007 0.0922 1 84
39 208.757348007 0.0922 1 84
39 208.743348007 0.1062 1 84
40 208.743348007 0.1062 1 84
40 208.733348007 0.1162 1 84
41 208.733348007 0.1162 1 84
41 208.725348007 0.1242 1 84
42 208.725348007 0.1242 1 84
42 208.717248007 0.1323 1 84
43 208.709248007 0.1403 1 84
44 208.709248007 0.1403 0 85
44 208.703248007 0.1463 0 85
45 208.703248007 0.1463 0 85
45 208.701248007 0.1483 0 85
46 208.701248007 0.1483 0 85
46 208.699248007 0.1503 0 85
47 208.699248007 0.1503 0 85
47 208.687248007 0.1623 0 85
48 208.687248007 0.1623 0 85
48 208.687248007 0.1623 0 85
49 208.683248007 0.1663 0 85
50 208.677248007 0.1723 0 85
51 208.677248007 0.1723 0 85
51 208.677248007 0.1723 0 85
52 208.677248007 -0.8277 0 86
52 208.669148007 0 0 86
53 208.669148007 0 0 86
53 208.667148007 0.002 0 86
54 208.667148007 0.002 0 86
54 208.661148007 0.008 0 86
55 208.661148007 0.008 0 86
55 208.655148007 0.014 0 86
56 208.655148007 0.014 0 86
56 208.653148007 0.016 0 86
57 208.653148007 0.016 0 86
57 208.651148007 0.018 0 86
58 208.651148007 0.018 0 86
58 208.647148007 0.022 0 86
59 208.647148007 0.022 0 86
59 208.647148007 0.022 0 86
60 208.647148007 0.022 0 86
60 208.639148007 0.03 0 86
61 208.639148007 0.03 0 86
