Time S E I R
0 767.165168563 0 0 0
1 767.165168563 0 0 0
1 755.598068563 11.5671 0 0
2 729.259368563 31.9058 6 0
3 536.872568563 172.2926 55 3
4 153.405668563 398.7595 199 16
5 7.405668563 332.7595 382 45
6 0.405668563 178.7595 483 105
7 0 97.7595 504 166
8 0 56.7595 477 234
9 0 30.7595 446 291
10 0 15.7595 409 343
11 0 11.7595 360 396
12 0 6.7595 304 457
13 0 5.7595 264 498
14 0 3.7595 234 530
15 0 2.7595 213 552
16 0 1.7595 187 579
17 0 0.7595 163 604
18 0 0.7595 142 625
19 0 0 122 646
20 0 0 110 658
21 0 0 99 669
22 0 0 85 683
23 0 0 74 694
24 0 0 63 705
25 0 0 56 712
26 0 0 48 720
27 0 0 45 723
28 0 0 42 726
29 0 0 38 730
30 0 0 31 737
31 0 0 27 741
32 0 0 22 746
33 0 0 18 750
34 0 0 15 753
35 0 0 13 755
36 0 0 12 756
37 0 0 12 756
38 0 0 12 756
38 0 0 12 756
39 0 0 11 757
40 0 0 9 759
41 0 0 6 762
42 0 0 3 765
43 0 0 2 766
43 0 0 2 766
44 0 0 2 766
44 0 0 2 766
45 0 0 2 766
45 0 0 2 766
46 0 0 2 766
46 0 0 2 766
47 0 0 1 767
48 0 0 1 767
48 0 0 1 767
49 0 0 1 767
49 0 0 1 767
50 0 0 1 767
51 0 0 1 767
51 0 0 1 767
52 0 0 1 767
52 0 0 1 767
53 0 0 1 767
53 0 0 1 767
54 0 0 1 767
54 0 0 1 767
55 0 0 1 767
55 0 0 1 767
56 0 0 0 768
56 0 0 0 768
57 0 0 0 768
57 0 0 0 768
58 0 0 0 768
58 0 0 0 768
59 0 0 0 768
59 0 0 0 768
60 0 0 0 768
60 0 0 0 768
61 0 0 0 768
