Time S E I R
0 255 0 0 0
1 255 0 0 0
1 243.4329 11.5671 0 0
2 230.0942 18.9058 6 0
3 213.7074 26.2926 14 1
4 201.2405 27.7595 23 3
5 184.5972 30.4028 32 8
6 167.7415 33.2585 41 13
7 153.3607 32.6393 47 22
8 138.0862 34.9138 50 32
9 126.9158 28.0842 60 40
10 111.1082 34.8918 61 48
11 103.1423 22.8577 71 58
12 88.6293 23.3707 76 67
13 80.3687 23.6313 78 73
14 70.1263 20.8737 82 82
15 62.8978 14.1022 78 100
16 60.7956 7.2044 76 111
17 56.6954 11.3046 62 125
18 51.6593 8.3407 62 133
19 43.6373 12.3627 60 139
20 37.6172 13.3828 58 146
21 31.5872 10.4128 62 151
22 31.5651 7.4349 53 163
23 30.5351 3.4649 53 168
24 27.521 5.479 47 175
25 25.509 4.491 45 180
26 24.491 4.509 41 185
27 24.4709 3.5291 37 190
28 22.4569 4.5431 33 195
29 22.4509 1.5491 32 199
30 19.4329 3.5671 30 202
31 17.4248 4.5752 28 205
32 16.4148 3.5852 27 208
33 14.4048 4.5952 24 212
34 14.3928 0.6072 25 215
35 13.3868 1.6132 22 218
36 12.3727 2.6273 22 218
37 12.3667 0.6333 20 222
38 12.3587 0.6413 17 225
39 12.3447 0.6553 12 230
40 12.3347 0.6653 9 233
41 12.3347 0.6653 8 234
41 12.3267 0.6733 8 234
42 12.3267 0.6733 7 235
42 12.3186 0.6814 7 235
43 12.3106 0.6894 7 235
44 12.3046 0.6954 4 238
45 12.3026 0.6974 3 239
46 12.3026 0.6974 2 240
46 12.3006 0.6994 2 240
47 12.2886 0.7114 2 240
48 12.2886 0 3 240
49 12.2846 0.004 2 241
50 12.2846 0.004 2 241
50 12.2786 0.01 2 241
51 12.2786 0.01 2 241
51 12.2786 0.01 2 241
52 12.2786 0.01 2 241
52 12.2705 0.0181 2 241
53 12.2685 0.0201 2 241
54 12.2685 0.0201 1 242
54 12.2625 0.0261 1 242
55 12.2625 0.0261 1 242
55 12.2565 0.0321 1 242
56 12.2565 0.0321 1 242
56 12.2545 0.0341 1 242
57 12.2525 0.0361 1 242
58 12.2525 0.0361 1 242
58 12.2485 0.0401 1 242
59 12.2485 0.0401 0 243
59 12.2485 0.0401 0 243
60 12.2485 0.0401 0 243
60 12.2405 0.0481 0 243
61 12.2405 0.0481 0 243
