Time S E I R
0 285.419622547 0 0 0
1 285.419622547 0 0 0
1 273.852522547 11.5671 0 0
2 262.513822547 22.9058 0 0
3 222.127022547 49.2926 13 1
4 149.660122547 88.7595 43 4
5 64.016822547 126.4028 84 11
6 2.161122547 124.2585 138 21
7 0.161122547 67.2585 177 41
8 0 37.2585 182 67
9 0 26.2585 171 89
10 0 15.2585 154 117
11 0 6.2585 136 144
12 0 2.2585 121 163
13 0 0.2585 104 182
14 0 0.2585 91 195
15 0 0.2585 84 202
16 0 0.2585 76 210
17 0 0.2585 63 223
18 0 0.2585 51 235
19 0 0.2585 47 239
20 0 0.2585 46 240
21 0 0.2585 37 249
22 0 0.2585 34 252
23 0 0.2585 27 259
24 0 0.2585 24 262
25 0 0.2585 24 262
26 0 0.2585 20 266
27 0 0.2585 15 271
28 0 0.2585 13 273
29 0 0.2585 12 274
30 0 0.2585 10 276
31 0 0.2585 7 279
32 0 0.2585 7 279
33 0 -0.7415 6 281
33 0 0 6 281
34 0 0 6 281
35 0 0 5 282
35 0 0 5 282
36 0 0 4 283
36 0 0 4 283
37 0 0 4 283
38 0 0 3 284
38 0 0 3 284
39 0 0 3 284
39 0 0 3 284
40 0 0 3 284
41 0 0 2 285
41 0 0 2 285
42 0 0 2 285
42 0 0 2 285
43 0 0 2 285
43 0 0 2 285
44 0 0 2 285
45 0 0 2 285
46 0 0 2 285
46 0 0 2 285
47 0 0 2 285
47 0 0 2 285
48 0 0 2 285
49 0 0 2 285
50 0 0 1 286
50 0 0 1 286
51 0 0 1 286
52 0 0 1 286
53 0 0 0 287
53 0 0 0 287
54 0 0 0 287
54 0 0 0 287
55 0 0 0 287
55 0 0 0 287
56 0 0 0 287
56 0 0 0 287
57 0 0 0 287
57 0 0 0 287
58 0 0 0 287
58 0 0 0 287
59 0 0 0 287
59 0 0 0 287
60 0 0 0 287
60 0 0 0 287
61 0 0 0 287
