Time S E I R
0 356.50845326 0 0 0
1 356.50845326 0 0 0
1 344.94135326 11.5671 0 0
2 326.60265326 22.9058 7 0
3 273.21585326 59.2926 23 1
4 191.74895326 102.7595 55 7
5 90.10565326 135.4028 111 20
6 17.24995326 128.2585 180 31
7 4.24995326 78.2585 218 56
8 1.24995326 47.2585 214 94
9 0.24995326 29.2585 210 117
10 0.24995326 18.2585 194 144
11 0 12.2585 181 164
12 0 5.2585 169 183
13 0 2.2585 150 205
14 0 0.2585 137 220
15 0 0.2585 124 233
16 0 0.2585 108 249
17 0 0.2585 89 268
18 0 0.2585 74 283
19 0 0.2585 63 294
20 0 0.2585 57 300
21 0 0.2585 54 303
22 0 0 51 307
23 0 0 49 309
24 0 0 40 318
25 0 0 37 321
26 0 0 37 321
27 0 0 28 330
28 0 0 27 331
29 0 0 27 331
30 0 0 21 337
31 0 0 14 344
31 0 0 14 344
32 0 0 13 345
33 0 0 13 345
34 0 0 13 345
35 0 0 11 347
36 0 0 11 347
37 0 0 10 348
38 0 0 9 349
38 0 0 9 349
39 0 0 8 350
40 0 0 5 353
40 0 0 5 353
41 0 0 4 354
42 0 0 3 355
42 0 0 3 355
43 0 0 2 356
43 0 0 2 356
44 0 0 2 356
44 0 0 2 356
45 0 0 2 356
46 0 0 2 356
47 0 0 2 356
47 0 0 2 356
48 0 0 2 356
49 0 0 1 357
49 0 0 1 357
50 0 0 1 357
50 0 0 1 357
51 0 0 1 357
51 0 0 1 357
52 0 0 1 357
52 0 0 1 357
53 0 0 1 357
53 0 0 1 357
54 0 0 1 357
55 0 0 1 357
55 0 0 1 357
56 0 0 1 357
56 0 0 1 357
57 0 0 1 357
57 0 0 1 357
58 0 0 1 357
58 0 0 1 357
59 0 0 1 357
59 0 0 1 357
60 0 0 1 357
60 0 0 1 357
61 0 0 1 357
