Time S E I R
0 596.71039879 0 0 0
1 596.71039879 0 0 0
1 585.14329879 11.5671 0 0
2 557.80459879 31.9058 6 1
3 467.41779879 87.2926 37 5
4 268.95089879 209.7595 105 13
5 66.30759879 257.4028 238 35
6 2.45189879 178.2585 349 67
7 0 101.2585 382 114
8 0 54.2585 386 157
9 0 30.2585 363 204
10 0 16.2585 330 251
11 0 8.2585 294 295
12 0 7.2585 253 337
13 0 6.2585 221 370
14 0 4.2585 197 396
15 0 3.2585 166 428
16 0 2.2585 145 450
17 0 0.2585 132 465
18 0 0.2585 121 476
19 0 0.2585 109 488
20 0 0.2585 99 498
21 0 0.2585 88 509
22 0 0.2585 77 520
23 0 0.2585 62 535
24 0 0.2585 49 548
25 0 0.2585 42 555
26 0 0.2585 38 559
27 0 0.2585 33 564
28 0 0.2585 29 568
29 0 0.2585 27 570
30 0 0.2585 23 574
31 0 0.2585 19 578
32 0 0.2585 18 579
33 0 0.2585 15 582
34 0 0 15 583
35 0 0 13 585
36 0 0 12 586
37 0 0 9 589
38 0 0 7 591
38 0 0 7 591
39 0 0 7 591
40 0 0 6 592
40 0 0 6 592
41 0 0 5 593
42 0 0 5 593
43 0 0 5 593
43 0 0 5 593
44 0 0 5 593
44 0 0 5 593
45 0 0 5 593
46 0 0 5 593
47 0 0 4 594
48 0 0 3 595
49 0 0 3 595
49 0 0 3 595
50 0 0 1 597
50 0 0 1 597
51 0 0 1 597
51 0 0 1 597
52 0 0 0 598
52 0 0 0 598
53 0 0 0 598
53 0 0 0 598
54 0 0 0 598
54 0 0 0 598
55 0 0 0 598
55 0 0 0 598
56 0 0 0 598
56 0 0 0 598
57 0 0 0 598
57 0 0 0 598
58 0 0 0 598
58 0 0 0 598
59 0 0 0 598
59 0 0 0 598
60 0 0 0 598
60 0 0 0 598
61 0 0 0 598
