Time S E I R
0 255 0 0 0
1 255 0 0 0
1 243.4329 11.5671 0 0
2 231.0942 15.9058 8 0
3 213.7074 24.2926 15 2
4 204.2405 22.7595 23 5
5 189.5972 29.4028 26 10
6 170.7415 28.2585 39 17
7 154.3607 29.6393 48 23
8 138.0862 27.9138 60 29
9 117.9158 35.0842 65 37
10 103.1082 25.8918 76 50
11 85.1423 30.8577 79 60
12 66.6293 32.3707 87 69
13 53.3687 22.6313 101 78
14 43.1263 20.8737 101 90
15 35.8978 18.1022 95 106
16 31.7956 13.2044 91 119
17 30.6954 8.3046 84 132
18 27.6593 5.3407 74 148
19 24.6373 5.3627 70 155
20 20.6172 5.3828 64 165
21 18.5872 3.4128 62 171
22 17.5651 3.4349 53 181
23 15.5351 3.4649 46 190
24 12.521 2.479 43 197
25 12.509 0.491 39 203
26 11.491 0.509 38 205
27 11.4709 0 35 209
28 10.4569 1.014 31 213
29 9.4509 2.02 27 217
30 8.4329 1.038 24 222
31 7.4248 2.0461 24 222
32 7.4148 0.0561 18 230
33 7.4148 0.0561 16 232
33 7.4048 0.0661 16 232
34 7.3928 0.0781 14 234
35 7.3868 0.0841 13 235
36 6.3727 1.0982 13 235
37 6.3667 1.1042 12 236
38 6.3587 1.1122 12 236
39 6.3587 1.1122 12 236
39 6.3447 1.1262 12 236
40 6.3347 1.1362 10 238
41 6.3267 1.1442 9 239
42 6.3186 1.1523 7 241
43 6.3106 1.1603 6 242
44 6.3046 1.1663 5 243
45 6.3046 0.1663 6 243
45 6.3026 0.1683 6 243
46 5.3006 0.1703 7 243
47 5.3006 0.1703 6 244
47 5.2886 0.1823 6 244
48 5.2886 0.1823 5 245
49 5.2886 -0.8177 4 247
49 5.2846 0 4 247
50 5.2846 0 4 247
50 5.2786 0.006 4 247
51 5.2786 0.006 4 247
52 5.2786 0.006 4 247
52 5.2705 0.0141 4 247
53 5.2685 0.0161 4 247
54 5.2685 0.0161 4 247
54 5.2625 0.0221 4 247
55 5.2625 0.0221 4 247
55 5.2565 0.0281 4 247
56 5.2545 0.0301 3 248
57 5.2545 0.0301 1 250
57 5.2525 0.0321 1 250
58 5.2525 0.0321 1 250
58 5.2485 0.0361 1 250
59 5.2485 0.0361 0 251
59 5.2485 0.0361 0 251
60 5.2485 0.0361 0 251
60 5.2405 0.0441 0 251
61 5.2405 0.0441 0 251
