Time S E I R
0 681.334526738 0 0 0
1 681.334526738 0 0 0
1 669.767426738 11.5671 0 0
2 608.428726738 62.9058 10 0
3 389.041926738 222.2926 66 4
4 48.575026738 396.7595 212 24
5 0 244.7595 375 62
6 0 139.7595 438 104
7 0 80.7595 433 168
8 0 39.7595 428 214
9 0 19.7595 409 253
10 0 10.7595 372 299
11 0 5.7595 340 336
12 0 0.7595 311 370
13 0 0.7595 272 409
14 0 0 239 443
15 0 0 209 473
16 0 0 179 503
17 0 0 156 526
18 0 0 140 542
19 0 0 125 557
20 0 0 109 573
21 0 0 95 587
22 0 0 87 595
23 0 0 82 600
24 0 0 77 605
25 0 0 68 614
26 0 0 59 623
27 0 0 52 630
28 0 0 46 636
29 0 0 43 639
30 0 0 40 642
31 0 0 33 649
32 0 0 27 655
33 0 0 24 658
34 0 0 22 660
35 0 0 20 662
36 0 0 18 664
37 0 0 17 665
38 0 0 13 669
39 0 0 10 672
40 0 0 8 674
40 0 0 8 674
41 0 0 8 674
42 0 0 8 674
42 0 0 8 674
43 0 0 7 675
44 0 0 6 676
44 0 0 6 676
45 0 0 6 676
46 0 0 6 676
47 0 0 6 676
48 0 0 6 676
48 0 0 6 676
49 0 0 6 676
49 0 0 6 676
50 0 0 4 678
51 0 0 3 679
52 0 0 3 679
53 0 0 2 680
53 0 0 2 680
54 0 0 1 681
54 0 0 1 681
55 0 0 1 681
55 0 0 1 681
56 0 0 1 681
56 0 0 1 681
57 0 0 1 681
58 0 0 1 681
58 0 0 1 681
59 0 0 0 682
59 0 0 0 682
60 0 0 0 682
60 0 0 0 682
61 0 0 0 682
