Time S E I R
0 380.653790154 0 0 0
1 380.653790154 0 0 0
1 369.086690154 11.5671 0 0
2 356.747990154 20.9058 3 0
3 314.361190154 51.2926 14 1
4 219.894290154 104.7595 52 4
5 91.250990154 170.4028 101 18
6 13.395290154 143.2585 184 40
7 2.395290154 96.2585 213 69
8 0.395290154 53.2585 231 96
9 0 33.2585 221 127
10 0 19.2585 203 159
11 0 7.2585 192 182
12 0 5.2585 166 210
13 0 4.2585 144 233
14 0 3.2585 128 250
15 0 2.2585 109 270
16 0 2.2585 99 280
17 0 1.2585 91 289
18 0 1.2585 75 305
19 0 1.2585 64 316
20 0 0.2585 58 323
21 0 0 47 335
22 0 0 39 343
23 0 0 35 347
24 0 0 31 351
25 0 0 28 354
26 0 0 27 355
27 0 0 22 360
27 0 0 22 360
28 0 0 17 365
29 0 0 15 367
30 0 0 13 369
30 0 0 13 369
31 0 0 10 372
32 0 0 9 373
32 0 0 9 373
33 0 0 8 374
34 0 0 6 376
34 0 0 6 376
35 0 0 5 377
35 0 0 5 377
36 0 0 4 378
37 0 0 4 378
37 0 0 4 378
38 0 0 4 378
38 0 0 4 378
39 0 0 2 380
39 0 0 2 380
40 0 0 2 380
41 0 0 2 380
42 0 0 1 381
42 0 0 1 381
43 0 0 1 381
43 0 0 1 381
44 0 0 0 382
44 0 0 0 382
45 0 0 0 382
45 0 0 0 382
46 0 0 0 382
46 0 0 0 382
47 0 0 0 382
47 0 0 0 382
48 0 0 0 382
48 0 0 0 382
49 0 0 0 382
49 0 0 0 382
50 0 0 0 382
50 0 0 0 382
51 0 0 0 382
51 0 0 0 382
52 0 0 0 382
52 0 0 0 382
53 0 0 0 382
53 0 0 0 382
54 0 0 0 382
54 0 0 0 382
55 0 0 0 382
55 0 0 0 382
56 0 0 0 382
56 0 0 0 382
57 0 0 0 382
57 0 0 0 382
58 0 0 0 382
58 0 0 0 382
59 0 0 0 382
59 0 0 0 382
60 0 0 0 382
60 0 0 0 382
61 0 0 0 382
