Time S E I R
0 707.74009185 0 0 0
1 707.74009185 0 0 0
1 696.17299185 11.5671 0 0
2 663.83429185 34.9058 8 1
3 585.44749185 80.2926 39 3
4 422.98059185 181.7595 91 12
5 188.33729185 281.4028 205 33
6 45.48159185 270.2585 321 71
7 0.10079185 172.6393 401 134
8 0.10079185 108.6393 397 202
9 0.10079185 58.6393 396 253
10 0.10079185 35.6393 371 301
11 0.10079185 16.6393 344 347
12 0 9.6393 314 385
13 0 8.6393 281 419
14 0 4.6393 250 454
15 0 2.6393 227 479
16 0 1.6393 192 515
17 0 0.6393 165 543
18 0 0 154 555
19 0 0 138 571
20 0 0 120 589
21 0 0 105 604
22 0 0 87 622
23 0 0 79 630
24 0 0 68 641
25 0 0 59 650
26 0 0 51 658
27 0 0 48 661
28 0 0 43 666
29 0 0 41 668
30 0 0 35 674
31 0 0 31 678
32 0 0 26 683
33 0 0 20 689
34 0 0 18 691
35 0 0 12 697
36 0 0 7 702
37 0 0 7 702
38 0 0 7 702
38 0 0 7 702
39 0 0 7 702
40 0 0 6 703
41 0 0 6 703
42 0 0 5 704
42 0 0 5 704
43 0 0 5 704
43 0 0 5 704
44 0 0 4 705
44 0 0 4 705
45 0 0 4 705
45 0 0 4 705
46 0 0 4 705
47 0 0 4 705
47 0 0 4 705
48 0 0 2 707
48 0 0 2 707
49 0 0 1 708
49 0 0 1 708
50 0 0 0 709
50 0 0 0 709
51 0 0 0 709
51 0 0 0 709
52 0 0 0 709
52 0 0 0 709
53 0 0 0 709
53 0 0 0 709
54 0 0 0 709
54 0 0 0 709
55 0 0 0 709
55 0 0 0 709
56 0 0 0 709
56 0 0 0 709
57 0 0 0 709
57 0 0 0 709
58 0 0 0 709
58 0 0 0 709
59 0 0 0 709
59 0 0 0 709
60 0 0 0 709
60 0 0 0 709
61 0 0 0 709
