Time S E I R
0 507.606551037 0 0 0
1 507.606551037 0 0 0
1 496.039451037 11.5671 0 0
2 467.700751037 32.9058 7 0
3 358.313951037 108.2926 34 7
4 145.847051037 230.7595 114 17
5 17.203751037 234.4028 218 38
6 0.203751037 148.4028 285 74
7 0 95.4028 291 122
8 0 53.4028 290 165
9 0 26.4028 276 206
10 0 14.4028 254 240
11 0 9.4028 229 270
12 0 6.4028 202 300
13 0 3.4028 179 326
14 0 2.4028 166 340
15 0 2.4028 145 361
16 0 2.4028 128 378
17 0 1.4028 112 395
18 0 0.4028 102 406
19 0 0 90 419
20 0 0 76 433
21 0 0 67 442
22 0 0 62 447
23 0 0 55 454
24 0 0 50 459
25 0 0 45 464
26 0 0 39 470
27 0 0 33 476
28 0 0 30 479
29 0 0 26 483
30 0 0 22 487
30 0 0 22 487
31 0 0 19 490
32 0 0 16 493
33 0 0 12 497
33 0 0 12 497
34 0 0 7 502
34 0 0 7 502
35 0 0 6 503
36 0 0 4 505
37 0 0 3 506
37 0 0 3 506
38 0 0 3 506
39 0 0 1 508
39 0 0 1 508
40 0 0 1 508
40 0 0 1 508
41 0 0 0 509
41 0 0 0 509
42 0 0 0 509
42 0 0 0 509
43 0 0 0 509
43 0 0 0 509
44 0 0 0 509
44 0 0 0 509
45 0 0 0 509
45 0 0 0 509
46 0 0 0 509
46 0 0 0 509
47 0 0 0 509
47 0 0 0 509
48 0 0 0 509
48 0 0 0 509
49 0 0 0 509
49 0 0 0 509
50 0 0 0 509
50 0 0 0 509
51 0 0 0 509
51 0 0 0 509
52 0 0 0 509
52 0 0 0 509
53 0 0 0 509
53 0 0 0 509
54 0 0 0 509
54 0 0 0 509
55 0 0 0 509
55 0 0 0 509
56 0 0 0 509
56 0 0 0 509
57 0 0 0 509
57 0 0 0 509
58 0 0 0 509
58 0 0 0 509
59 0 0 0 509
59 0 0 0 509
60 0 0 0 509
60 0 0 0 509
61 0 0 0 509
