Time S E I R
0 481.796020655 0 0 0
1 481.796020655 0 0 0
1 470.228920655 11.5671 0 0
2 449.890220655 26.9058 5 0
3 380.503420655 70.2926 30 1
4 193.036520655 191.7595 84 13
5 36.393220655 232.4028 190 23
6 4.393220655 155.4028 273 49
7 0.393220655 98.4028 297 86
8 0 61.4028 299 122
9 0 42.4028 272 168
10 0 21.4028 259 202
11 0 10.4028 235 237
12 0 6.4028 211 265
13 0 2.4028 187 293
14 0 2.4028 164 316
15 0 0.4028 145 337
16 0 0.4028 125 357
17 0 0.4028 113 369
18 0 0.4028 98 384
19 0 0.4028 91 391
20 0 0.4028 81 401
21 0 0.4028 71 411
22 0 0 65 418
23 0 0 56 427
24 0 0 44 439
25 0 0 40 443
26 0 0 34 449
27 0 0 32 451
28 0 0 28 455
29 0 0 24 459
30 0 0 19 464
31 0 0 17 466
32 0 0 16 467
33 0 0 12 471
34 0 0 10 473
34 0 0 10 473
35 0 0 7 476
36 0 0 7 476
37 0 0 6 477
37 0 0 6 477
38 0 0 5 478
39 0 0 4 479
40 0 0 4 479
41 0 0 3 480
41 0 0 3 480
42 0 0 3 480
42 0 0 3 480
43 0 0 2 481
43 0 0 2 481
44 0 0 2 481
44 0 0 2 481
45 0 0 2 481
46 0 0 2 481
46 0 0 2 481
47 0 0 2 481
47 0 0 2 481
48 0 0 2 481
48 0 0 2 481
49 0 0 2 481
50 0 0 2 481
51 0 0 2 481
51 0 0 2 481
52 0 0 1 482
53 0 0 0 483
53 0 0 0 483
54 0 0 0 483
54 0 0 0 483
55 0 0 0 483
55 0 0 0 483
56 0 0 0 483
56 0 0 0 483
57 0 0 0 483
57 0 0 0 483
58 0 0 0 483
58 0 0 0 483
59 0 0 0 483
59 0 0 0 483
60 0 0 0 483
60 0 0 0 483
61 0 0 0 483
