Time S E I R
0 640.694330948 0 0 0
1 640.694330948 0 0 0
1 629.127230948 11.5671 0 0
2 592.788530948 40.9058 7 0
3 457.401730948 138.2926 42 3
4 94.934830948 350.7595 177 18
5 1.934830948 255.7595 322 61
6 0 148.7595 382 110
7 0 89.7595 379 172
8 0 53.7595 365 222
9 0 30.7595 340 270
10 0 17.7595 311 312
11 0 8.7595 285 347
12 0 3.7595 246 391
13 0 1.7595 224 415
14 0 0.7595 199 441
15 0 0 178 463
16 0 0 159 482
17 0 0 138 503
18 0 0 125 516
19 0 0 104 537
20 0 0 87 554
21 0 0 79 562
22 0 0 63 578
23 0 0 55 586
24 0 0 49 592
25 0 0 42 599
26 0 0 37 604
27 0 0 33 608
28 0 0 29 612
29 0 0 27 614
30 0 0 23 618
31 0 0 21 620
32 0 0 18 623
33 0 0 14 627
34 0 0 13 628
35 0 0 9 632
36 0 0 9 632
37 0 0 6 635
37 0 0 6 635
38 0 0 6 635
38 0 0 6 635
39 0 0 6 635
40 0 0 5 636
41 0 0 5 636
42 0 0 5 636
43 0 0 5 636
44 0 0 5 636
44 0 0 5 636
45 0 0 5 636
45 0 0 5 636
46 0 0 4 637
47 0 0 4 637
47 0 0 4 637
48 0 0 3 638
48 0 0 3 638
49 0 0 3 638
50 0 0 3 638
50 0 0 3 638
51 0 0 3 638
52 0 0 3 638
53 0 0 2 639
53 0 0 2 639
54 0 0 2 639
54 0 0 2 639
55 0 0 2 639
55 0 0 2 639
56 0 0 2 639
56 0 0 2 639
57 0 0 2 639
57 0 0 2 639
58 0 0 2 639
58 0 0 2 639
59 0 0 2 639
59 0 0 2 639
60 0 0 2 639
60 0 0 2 639
61 0 0 2 639
