Time S E I R
0 255 0 0 0
1 255 0 0 0
1 243.4329 11.5671 0 0
2 232.0942 18.9058 4 0
3 220.7074 23.2926 11 0
4 211.2405 20.7595 19 4
5 203.5972 19.4028 26 6
6 194.7415 16.2585 34 10
7 186.3607 15.6393 39 14
8 176.0862 15.9138 45 18
9 171.9158 12.0842 45 26
10 169.1082 7.8918 47 31
11 165.1423 8.8577 44 37
12 162.6293 6.3707 42 44
13 162.3687 5.6313 35 52
14 161.1263 3.8737 33 57
15 158.8978 4.1022 29 63
16 157.7956 2.2044 31 64
17 156.6954 2.3046 29 67
18 154.6593 1.3407 31 68
19 152.6373 2.3627 30 70
20 152.6172 0.3828 30 72
21 149.5872 2.4128 26 77
22 148.5651 1.4349 26 79
23 148.5351 1.4649 21 84
24 148.521 1.479 18 87
25 146.509 2.491 16 90
26 146.491 1.509 15 92
27 146.4709 0.5291 15 93
28 146.4569 0.5431 12 96
29 145.4509 0.5491 13 96
30 145.4329 0 11 99
31 145.4248 0.0081 10 100
32 145.4148 0.0181 7 103
33 145.4048 0.0281 6 104
34 145.4048 0.0281 6 104
34 145.3928 0.0401 6 104
35 145.3868 0.0461 5 105
36 145.3868 0.0461 3 107
36 145.3727 0.0602 3 107
37 145.3667 0.0662 3 107
38 145.3667 0.0662 3 107
38 145.3587 0.0742 3 107
39 145.3587 0.0742 2 108
39 145.3447 0.0882 2 108
40 144.3347 0.0982 3 108
41 144.3347 0.0982 3 108
41 144.3267 0.1062 3 108
42 144.3267 0.1062 2 109
42 144.3186 0.1143 2 109
43 144.3186 0.1143 2 109
43 144.3106 0.1223 2 109
44 144.3106 0.1223 2 109
44 144.3046 0.1283 2 109
45 144.3046 0.1283 2 109
45 144.3026 0.1303 2 109
46 144.3006 0.1323 2 109
47 144.3006 0.1323 2 109
47 144.2886 0.1443 2 109
48 144.2886 0.1443 1 110
48 144.2886 0.1443 1 110
49 144.2886 0.1443 0 111
49 144.2846 0.1483 0 111
50 144.2846 0.1483 0 111
50 144.2786 0.1543 0 111
51 144.2786 0.1543 0 111
51 144.2786 0.1543 0 111
52 144.2786 0.1543 0 111
52 144.2705 0.1624 0 111
53 144.2705 0.1624 0 111
53 144.2685 0.1644 0 111
54 144.2685 0.1644 0 111
54 144.2625 0.1704 0 111
55 144.2625 0.1704 0 111
55 144.2565 0.1764 0 111
56 144.2565 0.1764 0 111
56 144.2545 0.1784 0 111
57 144.2545 0.1784 0 111
57 144.2525 0.1804 0 111
58 144.2525 0.1804 0 111
58 144.2485 0.1844 0 111
59 144.2485 0.1844 0 111
59 144.2485 0.1844 0 111
60 144.2485 0.1844 0 111
60 144.2405 0.1924 0 111
61 144.2405 0.1924 0 111
