Time S E I R
0 419.930086626 0 0 0
1 419.930086626 0 0 0
1 408.362986626 11.5671 0 0
2 390.024286626 22.9058 7 0
3 350.637486626 41.2926 27 1
4 281.170586626 71.7595 61 6
5 187.527286626 105.4028 115 12
6 103.671586626 127.2585 155 34
7 44.290786626 108.6393 208 59
8 11.016286626 83.9138 234 91
9 1.016286626 52.9138 248 118
10 1.016286626 36.9138 218 164
11 0.016286626 18.9138 205 196
12 0.016286626 10.9138 188 221
13 0.016286626 6.9138 167 246
14 0.016286626 1.9138 151 267
15 0.016286626 1.9138 129 289
16 0.016286626 1.9138 113 305
17 0.016286626 0.9138 100 319
18 0.016286626 0.9138 86 333
19 0.016286626 0 81 339
20 0.016286626 0 71 349
21 0.016286626 0 66 354
22 0.016286626 0 57 363
23 0.016286626 0 51 369
24 0.002186626 0.0141 47 373
25 0.002186626 0 39 382
26 0.002186626 0 32 389
27 0.002186626 0 29 392
28 0.002186626 0 25 396
29 0.002186626 0 22 399
30 0.002186626 0 18 403
31 0.002186626 0 15 406
32 0.002186626 0 14 407
33 0.002186626 0 11 410
34 0.002186626 0 10 411
34 0.002186626 0 10 411
35 0.002186626 0 9 412
36 0.002186626 0 4 417
36 0.002186626 0 4 417
37 0.002186626 0 4 417
37 0.002186626 0 4 417
38 0.002186626 0 3 418
39 0.002186626 0 3 418
40 0.002186626 0 3 418
41 0.002186626 0 3 418
41 0.002186626 0 3 418
42 0.002186626 0 3 418
42 0.002186626 0 3 418
43 0.002186626 0 3 418
44 0.002186626 0 3 418
44 0.002186626 0 3 418
45 0.000186626 0.002 3 418
46 0.000186626 0.002 1 420
46 0.000186626 0.002 1 420
47 0.000186626 0.002 1 420
47 0.000186626 0.002 1 420
48 0.000186626 0.002 1 420
48 0.000186626 0.002 1 420
49 0.000186626 0.002 1 420
49 0.000186626 0.002 1 420
50 0.000186626 0.002 1 420
50 0.000186626 0.002 1 420
51 0.000186626 0.002 1 420
51 0.000186626 0.002 1 420
52 0.000186626 0.002 1 420
52 0.000186626 0.002 1 420
53 0.000186626 0.002 1 420
54 0.000186626 0.002 0 421
54 0.000186626 0.002 0 421
55 0.000186626 0.002 0 421
55 0.000186626 0.002 0 421
56 0.000186626 0.002 0 421
56 0.000186626 0.002 0 421
57 0.000186626 0.002 0 421
57 0.000186626 0.002 0 421
58 0.000186626 0.002 0 421
58 0.000186626 0.002 0 421
59 0.000186626 0.002 0 421
59 0.000186626 0.002 0 421
60 0.000186626 0.002 0 421
60 0.000186626 0.002 0 421
61 0.000186626 0.002 0 421
