Time S E I R
0 507.639281851 0 0 0
1 507.639281851 0 0 0
1 496.072181851 11.5671 0 0
2 462.733481851 38.9058 6 0
3 362.346681851 106.2926 34 5
4 147.879781851 218.7595 129 12
5 5.236481851 228.4028 234 40
6 0.236481851 120.4028 306 81
7 0.236481851 64.4028 321 122
8 0.236481851 32.4028 298 177
9 0.236481851 14.4028 274 219
10 0.236481851 5.4028 259 243
11 0.236481851 1.4028 219 287
12 0.236481851 0.4028 192 315
13 0.236481851 0.4028 171 336
14 0 1.4028 148 359
15 0 1.4028 126 381
16 0 0.4028 117 391
17 0 0 107 402
18 0 0 100 409
19 0 0 90 419
20 0 0 79 430
21 0 0 67 442
22 0 0 58 451
23 0 0 53 456
24 0 0 48 461
25 0 0 41 468
26 0 0 35 474
27 0 0 29 480
28 0 0 26 483
29 0 0 22 487
30 0 0 22 487
31 0 0 19 490
32 0 0 17 492
33 0 0 14 495
34 0 0 10 499
35 0 0 10 499
36 0 0 10 499
37 0 0 7 502
37 0 0 7 502
38 0 0 7 502
39 0 0 7 502
39 0 0 7 502
40 0 0 7 502
40 0 0 7 502
41 0 0 6 503
41 0 0 6 503
42 0 0 6 503
42 0 0 6 503
43 0 0 4 505
44 0 0 4 505
45 0 0 2 507
46 0 0 2 507
46 0 0 2 507
47 0 0 2 507
47 0 0 2 507
48 0 0 2 507
48 0 0 2 507
49 0 0 2 507
49 0 0 2 507
50 0 0 2 507
50 0 0 2 507
51 0 0 2 507
51 0 0 2 507
52 0 0 2 507
52 0 0 2 507
53 0 0 2 507
53 0 0 2 507
54 0 0 2 507
54 0 0 2 507
55 0 0 1 508
55 0 0 1 508
56 0 0 1 508
56 0 0 1 508
57 0 0 1 508
57 0 0 1 508
58 0 0 1 508
58 0 0 1 508
59 0 0 1 508
59 0 0 1 508
60 0 0 0 509
60 0 0 0 509
61 0 0 0 509
