Time S E I R
0 255 0 0 0
1 255 0 0 0
1 243.4329 11.5671 0 0
2 232.0942 14.9058 8 0
3 219.7074 19.2926 12 4
4 204.2405 21.7595 22 7
5 192.5972 24.4028 30 8
6 177.7415 27.2585 39 11
7 164.3607 26.6393 48 16
8 152.0862 22.9138 55 25
9 140.9158 23.0842 57 34
10 132.1082 22.8918 55 45
11 126.1423 15.8577 61 52
12 120.6293 12.3707 64 58
13 115.3687 11.6313 65 63
14 114.1263 6.8737 67 67
15 109.8978 9.1022 62 74
16 102.7956 14.2044 57 81
17 98.6954 9.3046 61 86
18 93.6593 7.3407 62 92
19 87.6373 8.3627 59 100
20 83.6172 5.3828 61 105
21 82.5872 2.4128 58 112
22 78.5651 5.4349 53 118
23 73.5351 2.4649 55 124
24 71.521 2.479 51 130
25 69.509 3.491 50 132
26 67.491 2.509 47 138
27 65.4709 3.5291 43 143
28 62.4569 4.5431 36 152
29 61.4509 1.5491 38 154
30 60.4329 1.5671 36 157
31 58.4248 3.5752 31 162
32 58.4148 0.5852 28 168
33 57.4048 0.5952 29 168
34 54.3928 2.6072 27 171
35 52.3868 3.6132 24 175
36 49.3727 2.6273 24 179
37 48.3667 3.6333 19 184
38 48.3587 1.6413 21 184
39 47.3447 2.6553 21 184
40 45.3347 2.6653 20 187
41 44.3267 3.6733 20 187
42 44.3186 0.6814 22 188
43 43.3106 1.6894 19 191
44 42.3046 1.6954 20 191
45 42.3026 0.6974 18 194
46 41.3006 0.6994 17 196
47 41.2886 0.7114 15 198
48 41.2886 0.7114 13 200
48 41.2886 0.7114 13 200
49 40.2846 0.7154 13 201
50 40.2846 0.7154 12 202
50 40.2786 0.7214 12 202
51 40.2786 0.7214 12 202
52 39.2705 1.7295 9 205
53 39.2705 0.7295 8 207
53 39.2685 0.7315 8 207
54 39.2625 0 8 208
55 38.2565 1.006 7 209
56 38.2545 0.008 7 210
57 38.2545 0.008 6 211
57 38.2525 0.01 6 211
58 38.2485 0.014 5 212
59 38.2485 0.014 5 212
60 38.2405 0.022 5 212
