Time S E I R
0 912.124415954 0 0 0
1 912.124415954 0 0 0
1 900.557315954 11.5671 0 0
2 869.218615954 36.9058 6 0
3 648.831815954 213.2926 49 1
4 86.364915954 537.7595 262 26
5 0.364915954 359.7595 465 87
6 0.364915954 205.7595 551 155
7 0 114.7595 565 233
8 0 59.7595 549 304
9 0 37.7595 492 383
10 0 23.7595 434 455
11 0 10.7595 391 511
12 0 6.7595 343 563
13 0 4.7595 316 592
14 0 1.7595 278 633
15 0 1.7595 240 671
16 0 1.7595 217 694
17 0 0 197 716
18 0 0 168 745
19 0 0 148 765
20 0 0 123 790
21 0 0 110 803
22 0 0 97 816
23 0 0 79 834
24 0 0 71 842
25 0 0 66 847
26 0 0 58 855
27 0 0 51 862
28 0 0 46 867
29 0 0 39 874
30 0 0 32 881
31 0 0 28 885
32 0 0 24 889
33 0 0 18 895
34 0 0 16 897
35 0 0 15 898
36 0 0 10 903
37 0 0 8 905
38 0 0 8 905
39 0 0 8 905
40 0 0 7 906
41 0 0 6 907
42 0 0 5 908
42 0 0 5 908
43 0 0 5 908
44 0 0 5 908
44 0 0 5 908
45 0 0 4 909
45 0 0 4 909
46 0 0 3 910
46 0 0 3 910
47 0 0 3 910
47 0 0 3 910
48 0 0 2 911
48 0 0 2 911
49 0 0 2 911
50 0 0 1 912
50 0 0 1 912
51 0 0 1 912
51 0 0 1 912
52 0 0 1 912
52 0 0 1 912
53 0 0 1 912
53 0 0 1 912
54 0 0 0 913
54 0 0 0 913
55 0 0 0 913
55 0 0 0 913
56 0 0 0 913
56 0 0 0 913
57 0 0 0 913
57 0 0 0 913
58 0 0 0 913
58 0 0 0 913
59 0 0 0 913
59 0 0 0 913
60 0 0 0 913
60 0 0 0 913
61 0 0 0 913
