Time S E I R
0 418.015725079 0 0 0
1 418.015725079 0 0 0
1 406.448625079 11.5671 0 0
2 394.109925079 18.9058 5 0
3 372.723125079 32.2926 13 0
4 342.256225079 43.7595 25 7
5 301.612925079 55.4028 49 12
6 269.757225079 57.2585 72 19
7 221.376425079 73.6393 90 33
8 163.101925079 81.9138 123 50
9 114.931525079 76.0842 163 64
10 79.123925079 69.8918 178 91
11 44.158025079 64.8577 195 114
12 25.645025079 56.3707 190 146
13 10.384425079 32.6313 199 176
14 7.142025079 24.8737 182 204
15 5.913525079 21.1022 167 224
16 3.811325079 10.2044 161 243
17 1.711125079 7.3046 147 262
18 1.675025079 5.3407 135 276
19 1.653025079 3.3627 122 291
20 1.632925079 1.3828 109 306
21 0.602925079 1.4128 104 312
22 0.580825079 1.4349 95 321
23 0.550825079 1.4649 82 334
24 0.536725079 0 72 346
25 0.524725079 0.012 67 351
26 0 1.012 60 358
27 0 0.012 53 366
28 0 0.012 45 374
29 0 0.012 40 379
30 0 0.012 37 382
31 0 0.012 36 383
32 0 0.012 33 386
33 0 0.012 30 389
34 0 0.012 28 391
34 0 0.012 28 391
35 0 0.012 27 392
36 0 0.012 23 396
37 0 0.012 15 404
38 0 0.012 14 405
39 0 0.012 11 408
40 0 0.012 10 409
40 0 0.012 10 409
41 0 0.012 10 409
41 0 0.012 10 409
42 0 0.012 10 409
43 0 0.012 8 411
44 0 0 7 413
45 0 0 7 413
45 0 0 7 413
46 0 0 7 413
46 0 0 7 413
47 0 0 5 415
48 0 0 5 415
48 0 0 5 415
49 0 0 5 415
49 0 0 5 415
50 0 0 5 415
51 0 0 4 416
51 0 0 4 416
52 0 0 4 416
53 0 0 4 416
53 0 0 4 416
54 0 0 4 416
54 0 0 4 416
55 0 0 3 417
56 0 0 3 417
56 0 0 3 417
57 0 0 3 417
57 0 0 3 417
58 0 0 3 417
58 0 0 3 417
59 0 0 3 417
59 0 0 3 417
60 0 0 3 417
60 0 0 3 417
61 0 0 3 417
