Time S E I R
0 935.383842405 0 0 0
1 935.383842405 0 0 0
1 923.816742405 11.5671 0 0
2 857.478042405 60.9058 14 3
3 632.091242405 227.2926 68 8
4 179.624342405 480.7595 251 24
5 7.624342405 384.7595 472 71
6 0 222.7595 590 123
7 0 125.7595 611 199
8 0 64.7595 587 284
9 0 31.7595 551 353
10 0 16.7595 489 430
11 0 9.7595 440 486
12 0 5.7595 384 546
13 0 4.7595 341 590
14 0 1.7595 306 628
15 0 0 262 674
16 0 0 226 710
17 0 0 199 737
18 0 0 168 768
19 0 0 148 788
20 0 0 129 807
21 0 0 114 822
22 0 0 102 834
23 0 0 90 846
24 0 0 74 862
25 0 0 67 869
26 0 0 55 881
27 0 0 48 888
28 0 0 44 892
29 0 0 35 901
30 0 0 32 904
31 0 0 26 910
32 0 0 24 912
33 0 0 21 915
34 0 0 19 917
35 0 0 17 919
36 0 0 16 920
37 0 0 16 920
38 0 0 14 922
39 0 0 14 922
40 0 0 11 925
40 0 0 11 925
41 0 0 11 925
42 0 0 9 927
43 0 0 9 927
44 0 0 8 928
45 0 0 6 930
45 0 0 6 930
46 0 0 5 931
46 0 0 5 931
47 0 0 5 931
47 0 0 5 931
48 0 0 5 931
49 0 0 5 931
50 0 0 4 932
50 0 0 4 932
51 0 0 3 933
51 0 0 3 933
52 0 0 3 933
52 0 0 3 933
53 0 0 3 933
53 0 0 3 933
54 0 0 2 934
54 0 0 2 934
55 0 0 2 934
55 0 0 2 934
56 0 0 2 934
56 0 0 2 934
57 0 0 2 934
57 0 0 2 934
58 0 0 2 934
58 0 0 2 934
59 0 0 2 934
60 0 0 2 934
60 0 0 2 934
