Time S E I R
0 972.982037449 0 0 0
1 972.982037449 0 0 0
1 961.414937449 11.5671 0 0
2 934.076237449 32.9058 6 0
3 707.689437449 208.2926 55 2
4 113.222537449 562.7595 279 18
5 2.222537449 410.7595 483 77
6 0 235.7595 579 159
7 0 120.7595 621 232
8 0 57.7595 602 314
9 0 29.7595 567 377
10 0 15.7595 522 436
11 0 9.7595 460 504
12 0 8.7595 403 562
13 0 5.7595 357 611
14 0 2.7595 326 645
15 0 1.7595 277 695
16 0 0.7595 248 725
17 0 0 225 749
18 0 0 190 784
19 0 0 166 808
20 0 0 140 834
21 0 0 130 844
22 0 0 113 861
23 0 0 103 871
24 0 0 84 890
25 0 0 76 898
26 0 0 68 906
27 0 0 63 911
28 0 0 58 916
29 0 0 48 926
30 0 0 39 935
31 0 0 34 940
32 0 0 29 945
33 0 0 25 949
34 0 0 19 955
35 0 0 16 958
35 0 0 16 958
36 0 0 15 959
37 0 0 13 961
38 0 0 11 963
39 0 0 9 965
39 0 0 9 965
40 0 0 8 966
41 0 0 6 968
41 0 0 6 968
42 0 0 5 969
43 0 0 4 970
44 0 0 4 970
44 0 0 4 970
45 0 0 4 970
45 0 0 4 970
46 0 0 4 970
47 0 0 4 970
48 0 0 4 970
49 0 0 4 970
49 0 0 4 970
50 0 0 4 970
51 0 0 3 971
52 0 0 3 971
52 0 0 3 971
53 0 0 2 972
53 0 0 2 972
54 0 0 1 973
55 0 0 1 973
55 0 0 1 973
56 0 0 1 973
56 0 0 1 973
57 0 0 1 973
57 0 0 1 973
58 0 0 0 974
58 0 0 0 974
59 0 0 0 974
59 0 0 0 974
60 0 0 0 974
60 0 0 0 974
61 0 0 0 974
