Time S E I R
0 946.606204741 0 0 0
1 946.606204741 0 0 0
1 935.039104741 11.5671 0 0
2 889.700404741 44.9058 10 2
3 708.313604741 172.2926 60 6
4 263.846704741 430.7595 225 27
5 13.203404741 424.4028 440 69
6 1.203404741 241.4028 567 137
7 0 126.4028 619 202
8 0 62.4028 601 284
9 0 34.4028 555 358
10 0 16.4028 497 434
11 0 8.4028 452 487
12 0 5.4028 406 536
13 0 3.4028 360 584
14 0 1.4028 316 630
15 0 0.4028 286 661
16 0 0.4028 248 699
17 0 0.4028 215 732
18 0 0.4028 192 755
19 0 0.4028 161 786
20 0 0.4028 147 800
21 0 0.4028 125 822
22 0 0.4028 113 834
23 0 0.4028 100 847
24 0 0 89 859
25 0 0 80 868
26 0 0 72 876
27 0 0 64 884
28 0 0 58 890
29 0 0 51 897
30 0 0 45 903
31 0 0 40 908
32 0 0 36 912
33 0 0 31 917
34 0 0 28 920
35 0 0 24 924
36 0 0 20 928
36 0 0 20 928
37 0 0 17 931
38 0 0 15 933
39 0 0 13 935
40 0 0 12 936
41 0 0 11 937
42 0 0 8 940
42 0 0 8 940
43 0 0 8 940
43 0 0 8 940
44 0 0 7 941
44 0 0 7 941
45 0 0 6 942
45 0 0 6 942
46 0 0 6 942
47 0 0 6 942
47 0 0 6 942
48 0 0 5 943
48 0 0 5 943
49 0 0 3 945
50 0 0 3 945
50 0 0 3 945
51 0 0 3 945
52 0 0 3 945
52 0 0 3 945
53 0 0 3 945
53 0 0 3 945
54 0 0 2 946
55 0 0 2 946
55 0 0 2 946
56 0 0 2 946
57 0 0 2 946
57 0 0 2 946
58 0 0 2 946
58 0 0 2 946
59 0 0 1 947
59 0 0 1 947
60 0 0 1 947
60 0 0 1 947
61 0 0 1 947
