Time S E I R
0 463.674772572 0 0 0
1 463.674772572 0 0 0
1 452.107672572 11.5671 0 0
2 428.768972572 28.9058 6 0
3 350.382172572 79.2926 32 2
4 205.915272572 159.7595 89 9
5 37.271972572 212.4028 190 24
6 1.271972572 152.4028 256 54
7 0.271972572 70.4028 301 92
8 0 34.4028 299 131
9 0 20.4028 285 159
10 0 13.4028 254 197
11 0 7.4028 233 224
12 0 2.4028 213 249
13 0 1.4028 184 279
14 0 0.4028 168 296
15 0 0.4028 151 313
16 0 0.4028 132 332
17 0 0.4028 112 352
18 0 0.4028 100 364
19 0 0 90 375
20 0 0 76 389
21 0 0 65 400
22 0 0 63 402
23 0 0 59 406
24 0 0 54 411
25 0 0 48 417
26 0 0 40 425
27 0 0 32 433
28 0 0 30 435
29 0 0 27 438
30 0 0 27 438
31 0 0 25 440
32 0 0 21 444
33 0 0 18 447
34 0 0 17 448
35 0 0 17 448
36 0 0 17 448
37 0 0 14 451
38 0 0 13 452
39 0 0 13 452
40 0 0 11 454
41 0 0 8 457
42 0 0 8 457
42 0 0 8 457
43 0 0 5 460
43 0 0 5 460
44 0 0 4 461
44 0 0 4 461
45 0 0 4 461
45 0 0 4 461
46 0 0 4 461
46 0 0 4 461
47 0 0 3 462
48 0 0 3 462
48 0 0 3 462
49 0 0 3 462
49 0 0 3 462
50 0 0 2 463
50 0 0 2 463
51 0 0 2 463
51 0 0 2 463
52 0 0 0 465
52 0 0 0 465
53 0 0 0 465
53 0 0 0 465
54 0 0 0 465
54 0 0 0 465
55 0 0 0 465
55 0 0 0 465
56 0 0 0 465
56 0 0 0 465
57 0 0 0 465
57 0 0 0 465
58 0 0 0 465
58 0 0 0 465
59 0 0 0 465
59 0 0 0 465
60 0 0 0 465
60 0 0 0 465
61 0 0 0 465
