Time S E I R
0 255 0 0 0
1 255 0 0 0
1 243.4329 11.5671 0 0
2 232.0942 16.9058 6 0
3 219.7074 16.2926 18 1
4 207.2405 19.7595 26 2
5 198.5972 19.4028 31 6
6 188.7415 15.2585 37 14
7 180.3607 13.6393 40 21
8 168.0862 21.9138 40 25
9 157.9158 19.0842 50 28
10 154.1082 15.8918 49 36
11 152.1423 8.8577 51 43
12 145.6293 13.3707 49 47
13 139.3687 16.6313 46 53
14 139.1263 8.8737 49 58
15 136.8978 10.1022 42 66
16 134.7956 8.2044 39 73
17 133.6954 6.3046 38 77
18 132.6593 5.3407 35 82
19 130.6373 6.3627 34 84
20 127.6172 5.3828 36 86
21 126.5872 3.4128 32 93
22 122.5651 4.4349 28 100
23 120.5351 4.4649 27 103
24 119.521 2.479 27 106
25 117.509 2.491 27 108
26 114.491 4.509 26 110
27 114.4709 1.5291 25 114
28 113.4569 2.5431 24 115
29 112.4509 1.5491 23 118
30 112.4329 0.5671 23 119
31 110.4248 1.5752 22 121
32 107.4148 1.5852 24 122
33 105.4048 3.5952 23 123
34 105.3928 1.6072 19 129
35 105.3868 0.6132 18 131
36 105.3727 0.6273 15 134
37 104.3667 1.6333 13 136
38 102.3587 1.6413 14 137
39 99.3447 4.6553 14 137
40 99.3347 2.6653 12 141
41 99.3267 0.6733 13 142
42 99.3186 0 11 145
43 99.3106 0.008 9 147
44 99.3046 0.014 9 147
45 99.3026 0.016 9 147
46 99.3006 0.018 9 147
47 99.2886 0.03 9 147
48 98.2886 1.03 8 148
49 98.2886 0.03 8 149
49 98.2846 0.034 8 149
50 98.2786 0.04 6 151
51 98.2786 0.04 4 153
52 97.2705 1.0481 4 153
53 96.2685 1.0501 5 153
54 96.2625 1.0561 5 153
55 95.2565 2.0621 5 153
56 94.2545 2.0641 6 153
57 94.2525 1.0661 5 155
58 93.2485 1.0701 6 155
59 93.2485 1.0701 4 157
60 93.2485 1.0701 4 157
60 93.2405 1.0781 4 157
