Time S E I R
0 424.045851472 0 0 0
1 424.045851472 0 0 0
1 412.478751472 11.5671 0 0
2 393.140051472 23.9058 7 0
3 331.753251472 67.2926 24 1
4 178.286351472 148.7595 91 6
5 24.643051472 194.4028 182 23
6 0.643051472 129.4028 248 46
7 0 68.4028 270 86
8 0 36.4028 262 126
9 0 23.4028 238 163
10 0 14.4028 208 202
11 0 4.4028 190 230
12 0 2.4028 172 250
13 0 2.4028 152 270
14 0 1.4028 137 286
15 0 0.4028 125 299
16 0 0 118 307
17 0 0 98 327
18 0 0 84 341
19 0 0 71 354
20 0 0 60 365
21 0 0 50 375
22 0 0 45 380
23 0 0 40 385
24 0 0 35 390
25 0 0 28 397
26 0 0 27 398
27 0 0 25 400
28 0 0 24 401
29 0 0 19 406
30 0 0 18 407
31 0 0 16 409
32 0 0 12 413
32 0 0 12 413
33 0 0 10 415
34 0 0 7 418
35 0 0 6 419
36 0 0 6 419
36 0 0 6 419
37 0 0 6 419
37 0 0 6 419
38 0 0 6 419
39 0 0 4 421
39 0 0 4 421
40 0 0 3 422
40 0 0 3 422
41 0 0 3 422
41 0 0 3 422
42 0 0 3 422
43 0 0 3 422
43 0 0 3 422
44 0 0 2 423
44 0 0 2 423
45 0 0 1 424
45 0 0 1 424
46 0 0 1 424
46 0 0 1 424
47 0 0 0 425
47 0 0 0 425
48 0 0 0 425
48 0 0 0 425
49 0 0 0 425
49 0 0 0 425
50 0 0 0 425
50 0 0 0 425
51 0 0 0 425
51 0 0 0 425
52 0 0 0 425
52 0 0 0 425
53 0 0 0 425
53 0 0 0 425
54 0 0 0 425
54 0 0 0 425
55 0 0 0 425
55 0 0 0 425
56 0 0 0 425
56 0 0 0 425
57 0 0 0 425
57 0 0 0 425
58 0 0 0 425
58 0 0 0 425
59 0 0 0 425
59 0 0 0 425
60 0 0 0 425
60 0 0 0 425
61 0 0 0 425
