Time S E I R
0 680.409589966 0 0 0
1 680.409589966 0 0 0
1 668.842489966 11.5671 0 0
2 631.503789966 39.9058 7 2
3 544.116989966 103.2926 27 6
4 319.650089966 236.7595 113 11
5 81.006789966 321.4028 238 40
6 5.006789966 225.4028 370 80
7 0.006789966 131.4028 411 138
8 0.006789966 81.4028 412 187
9 0.006789966 51.4028 395 234
10 0.006789966 21.4028 377 282
11 0.006789966 13.4028 348 319
12 0.006789966 8.4028 310 362
13 0.006789966 6.4028 258 416
14 0.006789966 5.4028 227 448
15 0.006789966 2.4028 195 483
16 0.006789966 1.4028 170 509
17 0.006789966 1.4028 157 522
18 0.006789966 0.4028 145 535
19 0.006789966 0.4028 130 550
20 0.006789966 0.4028 113 567
21 0.006789966 0 95 586
22 0.006789966 0 87 594
23 0.006789966 0 75 606
24 0.006789966 0 72 609
25 0.006789966 0 69 612
26 0.006789966 0 58 623
27 0.006789966 0 49 632
28 0.006789966 0 42 639
29 0.000789966 0.006 37 644
30 0.000789966 0.006 34 647
31 0.000789966 0.006 29 652
32 0.000789966 0.006 26 655
33 0.000789966 0.006 23 658
34 0.000789966 0.006 19 662
35 0.000789966 0.006 16 665
36 0.000789966 0.006 16 665
37 0.000789966 0.006 14 667
38 0.000789966 0.006 13 668
39 0.000789966 0.006 13 668
40 0.000789966 0.006 11 670
41 0.000789966 0.006 10 671
42 0.000789966 0.006 10 671
42 0.000789966 0.006 10 671
43 0.000789966 0.006 8 673
44 0.000789966 0.006 6 675
45 0.000789966 0.006 5 676
45 0.000789966 0.006 5 676
46 0.000789966 0.006 5 676
46 0.000789966 0.006 5 676
47 0.000789966 0.006 4 677
48 0.000789966 0.006 4 677
49 0.000789966 0.006 4 677
49 0.000789966 0.006 4 677
50 0.000789966 0.006 3 678
50 0.000789966 0.006 3 678
51 0.000789966 0.006 3 678
51 0.000789966 0.006 3 678
52 0.000789966 0.006 3 678
52 0.000789966 0.006 3 678
53 0.000789966 0.006 3 678
54 0.000789966 0.006 3 678
55 0.000789966 0.006 3 678
55 0.000789966 0.006 3 678
56 0.000789966 0.006 3 678
56 0.000789966 0.006 3 678
57 0.000789966 0.006 3 678
57 0.000789966 0.006 3 678
58 0.000789966 0.006 3 678
58 0.000789966 0.006 3 678
59 0.000789966 0.006 3 678
59 0.000789966 0.006 3 678
60 0.000789966 0.006 3 678
60 0.000789966 0.006 3 678
