Time S E I R
0 971.737303653 0 0 0
1 971.737303653 0 0 0
1 960.170203653 11.5671 0 0
2 937.831503653 29.9058 4 0
3 796.444703653 128.2926 43 4
4 270.977803653 470.7595 212 18
5 2.334503653 447.4028 473 49
6 0.334503653 255.4028 616 100
7 0 135.4028 650 187
8 0 85.4028 604 283
9 0 44.4028 568 360
10 0 26.4028 527 419
11 0 16.4028 475 481
12 0 11.4028 426 535
13 0 4.4028 382 586
14 0 1.4028 345 626
15 0 0.4028 307 665
16 0 0 264 709
17 0 0 230 743
18 0 0 198 775
19 0 0 174 799
20 0 0 153 820
21 0 0 141 832
22 0 0 126 847
23 0 0 103 870
24 0 0 91 882
25 0 0 77 896
26 0 0 69 904
27 0 0 58 915
28 0 0 47 926
29 0 0 42 931
30 0 0 37 936
31 0 0 30 943
32 0 0 27 946
33 0 0 26 947
34 0 0 25 948
35 0 0 22 951
36 0 0 22 951
37 0 0 19 954
38 0 0 17 956
39 0 0 15 958
40 0 0 11 962
41 0 0 10 963
42 0 0 9 964
43 0 0 8 965
44 0 0 7 966
45 0 0 6 967
46 0 0 6 967
47 0 0 3 970
47 0 0 3 970
48 0 0 2 971
48 0 0 2 971
49 0 0 2 971
49 0 0 2 971
50 0 0 2 971
50 0 0 2 971
51 0 0 2 971
51 0 0 2 971
52 0 0 2 971
52 0 0 2 971
53 0 0 2 971
53 0 0 2 971
54 0 0 1 972
54 0 0 1 972
55 0 0 0 973
55 0 0 0 973
56 0 0 0 973
56 0 0 0 973
57 0 0 0 973
57 0 0 0 973
58 0 0 0 973
58 0 0 0 973
59 0 0 0 973
59 0 0 0 973
60 0 0 0 973
60 0 0 0 973
61 0 0 0 973
