Time S E I R
0 822.685804629 0 0 0
1 822.685804629 0 0 0
1 811.118704629 11.5671 0 0
2 774.780004629 36.9058 9 2
3 681.393204629 103.2926 32 6
4 463.926304629 228.7595 115 15
5 139.283004629 362.4028 288 33
6 7.427304629 300.2585 431 84
7 0 173.2585 513 137
8 0 86.2585 532 205
9 0 58.2585 484 281
10 0 37.2585 442 344
11 0 21.2585 401 401
12 0 9.2585 369 445
13 0 7.2585 331 485
14 0 6.2585 290 527
15 0 6.2585 258 559
16 0 3.2585 233 587
17 0 1.2585 212 610
18 0 1.2585 188 634
19 0 0.2585 161 662
20 0 0.2585 149 674
21 0 0.2585 131 692
22 0 0.2585 119 704
23 0 0.2585 111 712
24 0 0.2585 94 729
25 0 0.2585 86 737
26 0 0.2585 82 741
27 0 0.2585 71 752
28 0 0.2585 65 758
29 0 0.2585 60 763
30 0 0.2585 51 772
31 0 0.2585 44 779
32 0 0.2585 36 787
32 0 0.2585 36 787
33 0 0 35 789
34 0 0 29 795
35 0 0 27 797
36 0 0 25 799
37 0 0 23 801
38 0 0 21 803
39 0 0 17 807
39 0 0 17 807
40 0 0 15 809
41 0 0 14 810
42 0 0 13 811
43 0 0 12 812
44 0 0 10 814
45 0 0 10 814
45 0 0 10 814
46 0 0 9 815
47 0 0 9 815
48 0 0 8 816
49 0 0 8 816
49 0 0 8 816
50 0 0 6 818
51 0 0 4 820
51 0 0 4 820
52 0 0 4 820
53 0 0 4 820
53 0 0 4 820
54 0 0 4 820
54 0 0 4 820
55 0 0 4 820
56 0 0 4 820
56 0 0 4 820
57 0 0 4 820
57 0 0 4 820
58 0 0 3 821
58 0 0 3 821
59 0 0 3 821
59 0 0 3 821
60 0 0 3 821
60 0 0 3 821
61 0 0 3 821
