Time S E I R
0 583.08035071 0 0 0
1 583.08035071 0 0 0
1 571.51325071 11.5671 0 0
2 533.17455071 40.9058 9 0
3 366.78775071 163.2926 49 4
4 71.32085071 320.7595 174 17
5 0.32085071 228.7595 310 44
6 0.32085071 122.7595 373 87
7 0 78.7595 360 145
8 0 49.7595 355 179
9 0 27.7595 329 227
10 0 16.7595 294 273
11 0 10.7595 266 307
12 0 8.7595 236 339
13 0 3.7595 207 373
14 0 1.7595 181 401
15 0 0.7595 167 416
16 0 0.7595 146 437
17 0 0 130 454
18 0 0 111 473
19 0 0 99 485
20 0 0 89 495
21 0 0 80 504
22 0 0 72 512
23 0 0 65 519
24 0 0 62 522
25 0 0 57 527
26 0 0 52 532
27 0 0 46 538
28 0 0 44 540
29 0 0 37 547
30 0 0 32 552
31 0 0 27 557
32 0 0 23 561
33 0 0 23 561
34 0 0 22 562
35 0 0 21 563
36 0 0 16 568
36 0 0 16 568
37 0 0 14 570
38 0 0 12 572
39 0 0 9 575
40 0 0 9 575
41 0 0 7 577
41 0 0 7 577
42 0 0 6 578
42 0 0 6 578
43 0 0 5 579
44 0 0 2 582
44 0 0 2 582
45 0 0 2 582
45 0 0 2 582
46 0 0 2 582
46 0 0 2 582
47 0 0 2 582
47 0 0 2 582
48 0 0 1 583
48 0 0 1 583
49 0 0 1 583
49 0 0 1 583
50 0 0 1 583
50 0 0 1 583
51 0 0 1 583
51 0 0 1 583
52 0 0 1 583
52 0 0 1 583
53 0 0 1 583
53 0 0 1 583
54 0 0 1 583
54 0 0 1 583
55 0 0 1 583
55 0 0 1 583
56 0 0 1 583
56 0 0 1 583
57 0 0 1 583
57 0 0 1 583
58 0 0 0 584
58 0 0 0 584
59 0 0 0 584
59 0 0 0 584
60 0 0 0 584
60 0 0 0 584
61 0 0 0 584
