Time S E I R
0 325.968626693 0 0 0
1 325.968626693 0 0 0
1 314.401526693 11.5671 0 0
2 303.062826693 18.9058 4 0
3 290.676026693 23.2926 11 1
4 275.209126693 22.7595 25 3
5 263.565826693 23.4028 34 5
6 253.710126693 19.2585 46 7
7 236.329326693 18.6393 58 13
8 222.054826693 22.9138 60 21
9 196.884426693 26.0842 75 28
10 185.076826693 25.8918 75 40
11 170.110926693 24.8577 79 52
12 160.597926693 20.3707 83 62
13 150.337326693 20.6313 78 77
14 142.094926693 13.8737 81 89
15 134.866426693 12.1022 80 99
16 124.764226693 13.2044 79 109
17 116.664026693 14.3046 79 116
18 109.627926693 14.3407 73 129
19 102.605926693 13.3627 73 137
20 97.585826693 12.3828 70 146
21 92.555826693 12.4128 61 160
22 83.533726693 13.4349 64 165
23 79.503726693 9.4649 64 173
24 79.489626693 5.479 57 184
25 73.477626693 9.491 52 191
26 70.459626693 6.509 51 198
27 68.439526693 4.5291 45 208
28 64.425526693 6.5431 43 212
29 63.419526693 4.5491 42 216
30 62.401526693 3.5671 40 220
31 61.393426693 1.5752 40 223
32 60.383426693 2.5852 38 225
33 57.373426693 3.5952 35 230
34 56.361426693 3.6072 32 234
35 55.355426693 3.6132 28 239
36 54.341326693 1.6273 29 241
37 53.335326693 2.6333 25 245
38 53.327326693 0.6413 25 247
39 53.313326693 0 23 250
40 52.303326693 1.01 20 253
41 51.295326693 2.018 18 255
42 51.287226693 0.0261 16 259
43 51.279226693 0.0341 13 262
44 51.273226693 0.0401 11 264
45 50.271226693 0.0421 8 268
46 50.269226693 0.0441 7 269
47 50.257226693 0.0561 7 269
48 50.257226693 0.0561 6 270
49 48.253226693 2.0601 6 270
50 48.253226693 1.0601 7 270
50 48.247226693 1.0661 7 270
51 48.247226693 1.0661 4 273
52 48.239126693 1.0742 4 273
53 48.239126693 1.0742 4 273
53 48.237126693 1.0762 4 273
54 48.231126693 0.0822 4 274
55 46.231126693 0.0822 6 274
55 46.225126693 0.0882 6 274
56 46.225126693 0.0882 4 276
56 46.223126693 0.0902 4 276
57 46.223126693 0.0902 4 276
57 46.221126693 0.0922 4 276
58 46.217126693 0.0962 4 276
59 46.217126693 0.0962 4 276
60 46.217126693 0.0962 4 276
60 46.209126693 0.1042 4 276
61 46.209126693 0.1042 4 276
