Time S E I R
0 532.731143162 0 0 0
1 532.731143162 0 0 0
1 521.164043162 11.5671 0 0
2 509.825343162 19.9058 3 0
3 493.438543162 23.2926 13 3
4 473.971643162 31.7595 21 6
5 457.328343162 33.4028 33 9
6 434.472643162 36.2585 48 14
7 414.091843162 41.6393 58 19
8 389.817343162 42.9138 73 27
9 360.646943162 45.0842 94 33
10 331.839343162 48.8918 108 44
11 299.873443162 59.8577 109 64
12 269.360443162 63.3707 126 74
13 245.099843162 50.6313 139 98
14 214.857443162 43.8737 156 118
15 197.628943162 39.1022 156 140
16 165.526743162 39.2044 161 167
17 146.426543162 39.3046 155 192
18 122.390443162 30.3407 171 209
19 109.368443162 30.3627 167 226
20 89.348343162 34.3828 162 247
21 75.318343162 29.4128 163 265
22 66.296243162 23.4349 152 291
23 60.266243162 22.4649 141 309
24 51.252143162 18.479 137 326
25 44.240143162 16.491 132 340
26 38.222143162 15.509 125 354
27 36.202043162 10.5291 118 368
28 35.188043162 6.5431 106 385
29 34.182043162 3.5491 91 404
30 30.164043162 5.5671 81 416
31 28.155943162 5.5752 77 422
32 28.145943162 3.5852 64 437
33 26.135943162 2.5952 58 446
34 26.123943162 1.6072 55 450
35 25.117943162 1.6132 47 459
36 24.103843162 2.6273 43 463
37 23.097843162 2.6333 39 468
38 21.089843162 1.6413 36 474
39 21.075843162 0 32 480
40 21.065843162 0.01 29 483
41 18.057843162 1.018 30 484
42 18.049743162 1.0261 24 490
43 18.041743162 0.0341 22 493
44 17.035743162 1.0401 21 494
45 17.033743162 0.0421 15 501
46 17.031743162 0.0441 14 502
47 17.031743162 0.0441 12 504
47 17.019743162 0.0561 12 504
48 16.019743162 1.0561 10 506
49 16.015743162 0.0601 10 507
50 15.009743162 1.0661 9 508
51 15.009743162 0.0661 9 509
52 15.001643162 0.0742 7 511
53 14.999643162 0.0762 6 512
54 14.993643162 0.0822 6 512
55 14.987643162 0.0882 5 513
56 14.985643162 0.0902 5 513
57 14.985643162 0.0902 5 513
57 14.983643162 0.0922 5 513
58 14.983643162 0.0922 5 513
58 14.979643162 0.0962 5 513
59 14.979643162 -0.9038 5 514
59 14.979643162 0 5 514
60 14.971643162 0.008 5 514
61 14.971643162 0.008 5 514
