Time S E I R
0 255 0 0 0
1 255 0 0 0
1 243.4329 11.5671 0 0
2 232.0942 16.9058 6 0
3 218.7074 21.2926 13 2
4 207.2405 21.7595 19 7
5 196.5972 21.4028 27 10
6 189.7415 20.2585 32 13
7 182.3607 16.6393 37 19
8 174.0862 15.9138 41 24
9 165.9158 17.0842 42 30
10 156.1082 15.8918 45 38
11 154.1423 10.8577 46 44
12 148.6293 9.3707 48 49
13 143.3687 8.6313 47 56
14 139.1263 7.8737 47 61
15 136.8978 7.1022 49 62
16 134.7956 6.2044 44 70
17 131.6954 7.3046 37 79
18 126.6593 10.3407 35 83
19 125.6373 7.3627 37 85
20 120.6172 9.3828 38 87
21 117.5872 11.4128 35 91
22 114.5651 11.4349 33 96
23 112.5351 8.4649 36 98
24 109.521 8.479 35 102
25 108.509 5.491 34 107
26 106.491 5.509 35 108
27 105.4709 2.5291 34 113
28 103.4569 2.5431 34 115
29 98.4509 4.5491 36 116
30 96.4329 3.5671 35 120
31 90.4248 7.5752 32 125
32 89.4148 4.5852 31 130
33 89.4048 3.5952 27 135
34 87.3928 3.6072 23 141
35 87.3868 1.6132 21 145
36 87.3727 0.6273 21 146
37 85.3667 2.6333 19 148
38 85.3587 1.6413 18 150
39 83.3447 2.6553 18 151
40 82.3347 0.6653 20 152
41 82.3267 0.6733 19 153
42 81.3186 0.6814 18 155
43 80.3106 0.6894 16 158
44 80.3046 0.6954 13 161
45 79.3026 1.6974 13 161
46 78.3006 0 15 162
47 78.2886 0.012 11 166
48 77.2886 1.012 11 166
49 77.2846 1.016 10 167
50 77.2786 1.022 9 168
51 77.2786 1.022 9 168
52 75.2705 1.0301 10 169
53 74.2685 1.0321 10 170
54 74.2685 0.0321 9 172
54 74.2625 0.0381 9 172
55 74.2565 0.0441 8 173
56 73.2565 1.0441 7 174
56 73.2545 1.0461 7 174
57 73.2525 1.0481 7 174
58 72.2485 1.0521 7 175
59 71.2485 1.0521 7 176
60 71.2405 0.0601 7 177
