Time S E I R
0 970.338625493 0 0 0
1 970.338625493 0 0 0
1 958.771525493 11.5671 0 0
2 887.432825493 68.9058 12 2
3 564.046025493 320.2926 82 4
4 52.579125493 554.7595 335 28
5 0 337.7595 548 85
6 0 193.7595 621 156
7 0 110.7595 610 250
8 0 63.7595 581 326
9 0 34.7595 520 416
10 0 21.7595 467 482
11 0 9.7595 421 540
12 0 3.7595 379 588
13 0 0.7595 334 636
14 0 0.7595 296 674
15 0 0 265 706
16 0 0 239 732
17 0 0 215 756
18 0 0 190 781
19 0 0 169 802
20 0 0 147 824
21 0 0 137 834
22 0 0 120 851
23 0 0 111 860
24 0 0 103 868
25 0 0 91 880
26 0 0 81 890
27 0 0 74 897
28 0 0 68 903
29 0 0 58 913
30 0 0 53 918
31 0 0 43 928
32 0 0 41 930
33 0 0 37 934
34 0 0 28 943
35 0 0 25 946
36 0 0 21 950
36 0 0 21 950
37 0 0 15 956
38 0 0 9 962
39 0 0 8 963
40 0 0 6 965
40 0 0 6 965
41 0 0 4 967
42 0 0 4 967
43 0 0 3 968
43 0 0 3 968
44 0 0 3 968
44 0 0 3 968
45 0 0 3 968
46 0 0 3 968
46 0 0 3 968
47 0 0 3 968
47 0 0 3 968
48 0 0 1 970
48 0 0 1 970
49 0 0 1 970
49 0 0 1 970
50 0 0 1 970
50 0 0 1 970
51 0 0 1 970
51 0 0 1 970
52 0 0 1 970
52 0 0 1 970
53 0 0 1 970
54 0 0 1 970
54 0 0 1 970
55 0 0 1 970
55 0 0 1 970
56 0 0 1 970
56 0 0 1 970
57 0 0 0 971
57 0 0 0 971
58 0 0 0 971
58 0 0 0 971
59 0 0 0 971
59 0 0 0 971
60 0 0 0 971
60 0 0 0 971
61 0 0 0 971
