Time S E I R
0 876.385713785 0 0 0
1 876.385713785 0 0 0
1 864.818613785 11.5671 0 0
2 825.479913785 40.9058 10 0
3 543.093113785 260.2926 71 2
4 62.626213785 495.7595 287 31
5 0 323.7595 475 78
6 0 186.7595 546 144
7 0 98.7595 568 210
8 0 47.7595 551 278
9 0 27.7595 505 344
10 0 13.7595 443 420
11 0 6.7595 401 469
12 0 3.7595 358 515
13 0 2.7595 312 562
14 0 0.7595 272 604
15 0 0 242 635
16 0 0 216 661
17 0 0 198 679
18 0 0 165 712
19 0 0 147 730
20 0 0 135 742
21 0 0 119 758
22 0 0 104 773
23 0 0 92 785
24 0 0 83 794
25 0 0 69 808
26 0 0 54 823
27 0 0 48 829
28 0 0 46 831
29 0 0 37 840
30 0 0 34 843
31 0 0 28 849
32 0 0 22 855
33 0 0 20 857
34 0 0 18 859
35 0 0 17 860
36 0 0 17 860
37 0 0 17 860
38 0 0 13 864
39 0 0 11 866
40 0 0 9 868
40 0 0 9 868
41 0 0 8 869
42 0 0 8 869
43 0 0 8 869
44 0 0 8 869
45 0 0 6 871
45 0 0 6 871
46 0 0 6 871
46 0 0 6 871
47 0 0 6 871
47 0 0 6 871
48 0 0 6 871
48 0 0 6 871
49 0 0 4 873
50 0 0 3 874
50 0 0 3 874
51 0 0 3 874
51 0 0 3 874
52 0 0 3 874
53 0 0 2 875
53 0 0 2 875
54 0 0 2 875
54 0 0 2 875
55 0 0 1 876
55 0 0 1 876
56 0 0 1 876
56 0 0 1 876
57 0 0 1 876
57 0 0 1 876
58 0 0 1 876
58 0 0 1 876
59 0 0 1 876
59 0 0 1 876
60 0 0 0 877
60 0 0 0 877
61 0 0 0 877
