Time S E I R
0 669.398359115 0 0 0
1 669.398359115 0 0 0
1 657.831259115 11.5671 0 0
2 618.492559115 41.9058 9 0
3 404.105759115 203.2926 61 1
4 54.638859115 378.7595 217 19
5 0.638859115 252.7595 364 52
6 0 144.7595 422 103
7 0 84.7595 431 154
8 0 49.7595 417 203
9 0 30.7595 375 264
10 0 18.7595 350 301
11 0 9.7595 313 347
12 0 3.7595 280 386
13 0 2.7595 238 429
14 0 0.7595 215 454
15 0 0.7595 185 484
16 0 0 163 507
17 0 0 143 527
18 0 0 133 537
19 0 0 120 550
20 0 0 102 568
21 0 0 90 580
22 0 0 80 590
23 0 0 71 599
24 0 0 59 611
25 0 0 56 614
26 0 0 51 619
27 0 0 40 630
28 0 0 36 634
29 0 0 33 637
30 0 0 27 643
31 0 0 23 647
32 0 0 19 651
33 0 0 17 653
34 0 0 16 654
35 0 0 15 655
36 0 0 15 655
37 0 0 15 655
38 0 0 13 657
39 0 0 9 661
40 0 0 8 662
41 0 0 8 662
42 0 0 7 663
43 0 0 6 664
43 0 0 6 664
44 0 0 4 666
44 0 0 4 666
45 0 0 4 666
45 0 0 4 666
46 0 0 3 667
47 0 0 3 667
47 0 0 3 667
48 0 0 3 667
48 0 0 3 667
49 0 0 3 667
49 0 0 3 667
50 0 0 2 668
50 0 0 2 668
51 0 0 2 668
51 0 0 2 668
52 0 0 2 668
52 0 0 2 668
53 0 0 2 668
53 0 0 2 668
54 0 0 2 668
54 0 0 2 668
55 0 0 2 668
55 0 0 2 668
56 0 0 2 668
56 0 0 2 668
57 0 0 2 668
57 0 0 2 668
58 0 0 2 668
58 0 0 2 668
59 0 0 2 668
60 0 0 2 668
60 0 0 2 668
61 0 0 2 668
