Time S E I R
0 566.679648389 0 0 0
1 566.679648389 0 0 0
1 555.112548389 11.5671 0 0
2 531.773848389 27.9058 7 0
3 375.387048389 150.2926 40 1
4 91.920148389 312.7595 152 10
5 3.920148389 240.7595 281 41
6 0 142.7595 345 79
7 0 84.7595 343 139
8 0 47.7595 341 178
9 0 31.7595 317 218
10 0 10.7595 301 255
11 0 3.7595 279 284
12 0 1.7595 247 318
13 0 1.7595 217 348
14 0 0.7595 188 378
15 0 0 167 400
16 0 0 150 417
17 0 0 129 438
18 0 0 115 452
19 0 0 104 463
20 0 0 96 471
21 0 0 85 482
22 0 0 72 495
23 0 0 62 505
24 0 0 55 512
25 0 0 47 520
26 0 0 44 523
27 0 0 41 526
28 0 0 35 532
29 0 0 24 543
30 0 0 21 546
31 0 0 20 547
32 0 0 19 548
33 0 0 16 551
34 0 0 15 552
35 0 0 12 555
36 0 0 10 557
37 0 0 10 557
38 0 0 8 559
39 0 0 8 559
40 0 0 7 560
40 0 0 7 560
41 0 0 6 561
41 0 0 6 561
42 0 0 6 561
43 0 0 6 561
44 0 0 6 561
45 0 0 5 562
46 0 0 5 562
47 0 0 5 562
47 0 0 5 562
48 0 0 5 562
48 0 0 5 562
49 0 0 4 563
49 0 0 4 563
50 0 0 4 563
50 0 0 4 563
51 0 0 4 563
52 0 0 2 565
52 0 0 2 565
53 0 0 1 566
53 0 0 1 566
54 0 0 1 566
54 0 0 1 566
55 0 0 1 566
55 0 0 1 566
56 0 0 1 566
56 0 0 1 566
57 0 0 1 566
57 0 0 1 566
58 0 0 1 566
58 0 0 1 566
59 0 0 1 566
60 0 0 1 566
60 0 0 1 566
61 0 0 1 566
