Time S E I R
0 772.897686264 0 0 0
1 772.897686264 0 0 0
1 761.330586264 11.5671 0 0
2 727.991886264 38.9058 6 0
3 605.605086264 128.2926 32 7
4 248.138186264 352.7595 154 18
5 16.494886264 382.4028 328 46
6 0.494886264 227.4028 455 90
7 0.494886264 119.4028 498 155
8 0 65.4028 490 218
9 0 44.4028 457 272
10 0 22.4028 423 328
11 0 8.4028 387 378
12 0 3.4028 341 429
13 0 2.4028 303 468
14 0 1.4028 269 503
15 0 0.4028 238 535
16 0 0.4028 205 568
17 0 0 185 589
18 0 0 150 624
19 0 0 128 646
20 0 0 110 664
21 0 0 96 678
22 0 0 87 687
23 0 0 78 696
24 0 0 68 706
25 0 0 61 713
26 0 0 57 717
27 0 0 50 724
28 0 0 44 730
29 0 0 36 738
30 0 0 35 739
31 0 0 31 743
32 0 0 26 748
33 0 0 23 751
34 0 0 20 754
35 0 0 19 755
36 0 0 16 758
36 0 0 16 758
37 0 0 14 760
38 0 0 12 762
39 0 0 10 764
40 0 0 9 765
41 0 0 9 765
42 0 0 8 766
43 0 0 6 768
44 0 0 6 768
44 0 0 6 768
45 0 0 5 769
45 0 0 5 769
46 0 0 5 769
47 0 0 5 769
47 0 0 5 769
48 0 0 5 769
49 0 0 5 769
49 0 0 5 769
50 0 0 5 769
51 0 0 4 770
52 0 0 1 773
52 0 0 1 773
53 0 0 1 773
53 0 0 1 773
54 0 0 1 773
54 0 0 1 773
55 0 0 1 773
55 0 0 1 773
56 0 0 1 773
56 0 0 1 773
57 0 0 1 773
57 0 0 1 773
58 0 0 1 773
58 0 0 1 773
59 0 0 1 773
59 0 0 1 773
60 0 0 1 773
60 0 0 1 773
61 0 0 1 773
