Time S E I R
0 255 0 0 0
1 255 0 0 0
1 243.4329 11.5671 0 0
2 232.0942 20.9058 2 0
3 221.7074 21.2926 10 2
4 210.2405 23.7595 16 5
5 202.5972 26.4028 19 7
6 194.7415 24.2585 25 11
7 180.3607 28.6393 30 16
8 170.0862 26.9138 36 22
9 160.9158 25.0842 42 27
10 152.1082 23.8918 40 39
11 150.1423 20.8577 44 40
12 143.6293 14.3707 53 44
13 135.3687 12.6313 59 48
14 131.1263 11.8737 58 54
15 121.8978 11.1022 60 62
16 111.7956 11.2044 63 69
17 106.6954 12.3046 61 75
18 98.6593 13.3407 64 79
19 95.6373 9.3627 64 86
20 90.6172 8.3828 56 100
21 88.5872 9.4128 51 106
22 86.5651 6.4349 50 112
23 85.5351 4.4649 47 118
24 80.521 6.479 46 122
25 76.509 6.491 47 125
26 75.491 2.509 49 128
27 69.4709 5.5291 47 133
28 67.4569 5.5431 44 138
29 65.4509 4.5491 36 149
30 63.4329 2.5671 33 156
31 60.4248 1.5752 34 159
32 58.4148 2.5852 29 165
33 57.4048 2.5952 26 169
34 56.3928 1.6072 23 174
35 56.3868 1.6132 20 177
36 53.3727 4.6273 17 180
37 52.3667 0.6333 21 181
38 52.3587 0.6413 18 184
39 52.3447 0.6553 17 185
40 51.3347 0.6653 13 190
41 48.3267 1.6733 14 191
42 48.3186 1.6814 11 194
43 48.3186 -0.3186 10 197
43 48.3106 0 10 197
44 48.3046 0.006 9 198
45 47.3026 1.008 7 200
46 47.3006 1.01 6 201
47 47.2886 0.022 7 201
48 47.2886 0.022 7 201
48 47.2886 0.022 7 201
49 47.2886 0.022 5 203
49 47.2846 0.026 5 203
50 47.2846 0.026 4 204
50 47.2786 0.032 4 204
51 47.2786 0.032 3 205
52 47.2786 0.032 3 205
52 47.2705 0.0401 3 205
53 47.2685 0.0421 2 206
54 47.2685 0.0421 1 207
54 47.2625 0.0481 1 207
55 47.2625 0.0481 1 207
55 47.2565 0.0541 1 207
56 46.2545 0.0561 2 207
57 46.2545 0.0561 2 207
57 46.2525 0.0581 2 207
58 46.2525 0.0581 2 207
58 46.2485 0.0621 2 207
59 46.2485 0.0621 0 209
59 46.2485 0.0621 0 209
60 46.2485 0.0621 0 209
60 46.2405 0.0701 0 209
