Time S E I R
0 430.994486945 0 0 0
1 430.994486945 0 0 0
1 419.427386945 11.5671 0 0
2 390.088686945 34.9058 6 0
3 329.701886945 78.2926 22 1
4 184.234986945 151.7595 86 9
5 45.591686945 191.4028 159 35
6 4.591686945 131.4028 244 51
7 0.591686945 89.4028 263 78
8 0.591686945 46.4028 269 115
9 0 27.4028 254 150
10 0 18.4028 233 180
11 0 12.4028 207 212
12 0 6.4028 188 237
13 0 2.4028 172 257
14 0 0.4028 156 275
15 0 0.4028 135 296
16 0 0.4028 116 315
17 0 0 109 323
18 0 0 96 336
19 0 0 80 352
20 0 0 71 361
21 0 0 65 367
22 0 0 60 372
23 0 0 56 376
24 0 0 47 385
25 0 0 41 391
26 0 0 36 396
27 0 0 29 403
28 0 0 25 407
29 0 0 24 408
30 0 0 22 410
31 0 0 19 413
32 0 0 19 413
32 0 0 19 413
33 0 0 16 416
34 0 0 15 417
34 0 0 15 417
35 0 0 13 419
35 0 0 13 419
36 0 0 12 420
37 0 0 12 420
37 0 0 12 420
38 0 0 12 420
38 0 0 12 420
39 0 0 12 420
40 0 0 10 422
41 0 0 9 423
42 0 0 6 426
42 0 0 6 426
43 0 0 6 426
43 0 0 6 426
44 0 0 6 426
44 0 0 6 426
45 0 0 4 428
45 0 0 4 428
46 0 0 3 429
46 0 0 3 429
47 0 0 3 429
47 0 0 3 429
48 0 0 3 429
48 0 0 3 429
49 0 0 1 431
49 0 0 1 431
50 0 0 1 431
51 0 0 1 431
52 0 0 1 431
52 0 0 1 431
53 0 0 1 431
53 0 0 1 431
54 0 0 1 431
54 0 0 1 431
55 0 0 0 432
55 0 0 0 432
56 0 0 0 432
56 0 0 0 432
57 0 0 0 432
57 0 0 0 432
58 0 0 0 432
58 0 0 0 432
59 0 0 0 432
59 0 0 0 432
60 0 0 0 432
60 0 0 0 432
61 0 0 0 432
