Time S E I R
0 443.927675972 0 0 0
1 443.927675972 0 0 0
1 432.360575972 11.5671 0 0
2 409.021875972 29.9058 4 1
3 347.635075972 69.2926 25 2
4 200.168175972 158.7595 73 12
5 66.524875972 200.4028 151 26
6 10.669175972 150.2585 236 47
7 1.669175972 88.2585 274 80
8 0.669175972 49.2585 268 126
9 0 29.2585 251 164
10 0 14.2585 232 198
11 0 7.2585 205 232
12 0 4.2585 188 252
13 0 2.2585 161 281
14 0 1.2585 143 300
15 0 0.2585 127 317
16 0 0.2585 109 335
17 0 0.2585 90 354
18 0 0.2585 78 366
19 0 0.2585 65 379
20 0 0.2585 61 383
21 0 0.2585 51 393
22 0 0 46 399
23 0 0 45 400
24 0 0 41 404
25 0 0 37 408
26 0 0 36 409
27 0 0 29 416
28 0 0 25 420
29 0 0 24 421
30 0 0 22 423
31 0 0 19 426
32 0 0 16 429
33 0 0 12 433
34 0 0 10 435
34 0 0 10 435
35 0 0 9 436
35 0 0 9 436
36 0 0 7 438
37 0 0 6 439
38 0 0 6 439
38 0 0 6 439
39 0 0 6 439
39 0 0 6 439
40 0 0 6 439
40 0 0 6 439
41 0 0 6 439
42 0 0 5 440
43 0 0 4 441
44 0 0 3 442
44 0 0 3 442
45 0 0 3 442
45 0 0 3 442
46 0 0 3 442
46 0 0 3 442
47 0 0 3 442
48 0 0 3 442
49 0 0 3 442
49 0 0 3 442
50 0 0 3 442
50 0 0 3 442
51 0 0 3 442
52 0 0 2 443
52 0 0 2 443
53 0 0 2 443
53 0 0 2 443
54 0 0 2 443
54 0 0 2 443
55 0 0 2 443
55 0 0 2 443
56 0 0 2 443
57 0 0 0 445
57 0 0 0 445
58 0 0 0 445
58 0 0 0 445
59 0 0 0 445
59 0 0 0 445
60 0 0 0 445
60 0 0 0 445
61 0 0 0 445
