Time S E I R
0 647.727209477 0 0 0
1 647.727209477 0 0 0
1 636.160109477 11.5671 0 0
2 593.821409477 40.9058 13 0
3 475.434609477 116.2926 49 7
4 204.967709477 272.7595 146 24
5 27.324409477 269.4028 297 54
6 1.324409477 162.4028 374 110
7 0 81.4028 397 170
8 0 49.4028 375 224
9 0 27.4028 353 268
10 0 15.4028 328 305
11 0 4.4028 302 342
12 0 4.4028 258 386
13 0 2.4028 228 418
14 0 0.4028 205 443
15 0 0 184 465
16 0 0 158 491
17 0 0 141 508
18 0 0 123 526
19 0 0 105 544
20 0 0 88 561
21 0 0 66 583
22 0 0 60 589
23 0 0 53 596
24 0 0 48 601
25 0 0 42 607
26 0 0 39 610
27 0 0 32 617
28 0 0 29 620
29 0 0 26 623
30 0 0 19 630
31 0 0 19 630
32 0 0 18 631
33 0 0 18 631
34 0 0 16 633
35 0 0 15 634
36 0 0 11 638
37 0 0 11 638
38 0 0 9 640
39 0 0 7 642
40 0 0 4 645
40 0 0 4 645
41 0 0 4 645
42 0 0 3 646
42 0 0 3 646
43 0 0 1 648
43 0 0 1 648
44 0 0 1 648
44 0 0 1 648
45 0 0 1 648
45 0 0 1 648
46 0 0 1 648
46 0 0 1 648
47 0 0 0 649
47 0 0 0 649
48 0 0 0 649
48 0 0 0 649
49 0 0 0 649
49 0 0 0 649
50 0 0 0 649
50 0 0 0 649
51 0 0 0 649
51 0 0 0 649
52 0 0 0 649
52 0 0 0 649
53 0 0 0 649
53 0 0 0 649
54 0 0 0 649
54 0 0 0 649
55 0 0 0 649
55 0 0 0 649
56 0 0 0 649
56 0 0 0 649
57 0 0 0 649
57 0 0 0 649
58 0 0 0 649
58 0 0 0 649
59 0 0 0 649
59 0 0 0 649
60 0 0 0 649
60 0 0 0 649
61 0 0 0 649
