Time S E I R
0 789.670746931 0 0 0
1 789.670746931 0 0 0
1 778.103646931 11.5671 0 0
2 735.764946931 39.9058 13 1
3 536.378146931 194.2926 52 7
4 139.911246931 410.7595 214 25
5 1.911246931 320.7595 391 76
6 0 178.7595 489 122
7 0 95.7595 504 190
8 0 45.7595 481 263
9 0 27.7595 424 338
10 0 16.7595 388 385
11 0 8.7595 347 434
12 0 7.7595 300 482
13 0 5.7595 265 519
14 0 2.7595 241 546
15 0 0.7595 218 571
16 0 0 184 606
17 0 0 160 630
18 0 0 141 649
19 0 0 125 665
20 0 0 106 684
21 0 0 94 696
22 0 0 84 706
23 0 0 72 718
24 0 0 62 728
25 0 0 57 733
26 0 0 47 743
27 0 0 43 747
28 0 0 37 753
29 0 0 34 756
30 0 0 31 759
31 0 0 26 764
32 0 0 24 766
33 0 0 21 769
34 0 0 19 771
35 0 0 19 771
36 0 0 17 773
37 0 0 15 775
37 0 0 15 775
38 0 0 15 775
39 0 0 13 777
40 0 0 12 778
41 0 0 9 781
42 0 0 7 783
43 0 0 6 784
44 0 0 6 784
44 0 0 6 784
45 0 0 4 786
45 0 0 4 786
46 0 0 4 786
47 0 0 3 787
48 0 0 2 788
48 0 0 2 788
49 0 0 2 788
50 0 0 1 789
50 0 0 1 789
51 0 0 0 790
51 0 0 0 790
52 0 0 0 790
52 0 0 0 790
53 0 0 0 790
53 0 0 0 790
54 0 0 0 790
54 0 0 0 790
55 0 0 0 790
55 0 0 0 790
56 0 0 0 790
56 0 0 0 790
57 0 0 0 790
57 0 0 0 790
58 0 0 0 790
58 0 0 0 790
59 0 0 0 790
59 0 0 0 790
60 0 0 0 790
60 0 0 0 790
61 0 0 0 790
