Time S E I R
0 416.005410618 0 0 0
1 416.005410618 0 0 0
1 404.438310618 11.5671 0 0
2 370.099610618 35.9058 9 1
3 281.712810618 92.2926 38 4
4 137.245910618 155.7595 113 10
5 27.602610618 167.4028 189 32
6 4.602610618 110.4028 246 55
7 0.602610618 62.4028 264 89
8 0 34.4028 259 123
9 0 24.4028 232 160
10 0 12.4028 212 192
11 0 7.4028 191 218
12 0 6.4028 176 234
13 0 1.4028 162 253
14 0 1.4028 136 279
15 0 0.4028 118 298
16 0 0.4028 110 306
17 0 0.4028 97 319
18 0 0.4028 85 331
19 0 0 70 347
20 0 0 63 354
21 0 0 56 361
22 0 0 43 374
23 0 0 42 375
24 0 0 35 382
25 0 0 32 385
26 0 0 26 391
27 0 0 23 394
28 0 0 19 398
29 0 0 17 400
30 0 0 17 400
31 0 0 16 401
32 0 0 13 404
33 0 0 12 405
34 0 0 9 408
35 0 0 6 411
35 0 0 6 411
36 0 0 5 412
37 0 0 4 413
38 0 0 4 413
39 0 0 4 413
39 0 0 4 413
40 0 0 4 413
40 0 0 4 413
41 0 0 4 413
42 0 0 4 413
42 0 0 4 413
43 0 0 4 413
43 0 0 4 413
44 0 0 4 413
44 0 0 4 413
45 0 0 4 413
45 0 0 4 413
46 0 0 4 413
46 0 0 4 413
47 0 0 4 413
47 0 0 4 413
48 0 0 3 414
48 0 0 3 414
49 0 0 3 414
50 0 0 1 416
50 0 0 1 416
51 0 0 1 416
51 0 0 1 416
52 0 0 1 416
52 0 0 1 416
53 0 0 1 416
53 0 0 1 416
54 0 0 1 416
54 0 0 1 416
55 0 0 1 416
55 0 0 1 416
56 0 0 1 416
56 0 0 1 416
57 0 0 1 416
57 0 0 1 416
58 0 0 1 416
58 0 0 1 416
59 0 0 1 416
59 0 0 1 416
60 0 0 1 416
60 0 0 1 416
61 0 0 1 416
