Time S E I R
0 640.779006437 0 0 0
1 640.779006437 0 0 0
1 629.211906437 11.5671 0 0
2 609.873206437 28.9058 2 0
3 566.486406437 52.2926 22 0
4 440.019506437 132.7595 60 8
5 226.376206437 248.4028 143 23
6 46.520506437 287.2585 258 49
7 7.139706437 185.6393 358 90
8 0.139706437 93.6393 409 138
9 0.139706437 56.6393 406 178
10 0.139706437 25.6393 395 220
11 0.139706437 15.6393 356 269
12 0.139706437 7.6393 317 316
13 0.139706437 2.6393 277 361
14 0.139706437 1.6393 246 393
15 0.139706437 1.6393 220 419
16 0.037506437 1.7415 203 436
17 0 1.7415 176 464
18 0 0.7415 155 486
19 0 0.7415 129 512
20 0 0.7415 105 536
21 0 0.7415 92 549
22 0 0 81 561
23 0 0 70 572
24 0 0 58 584
25 0 0 52 590
26 0 0 46 596
27 0 0 43 599
28 0 0 35 607
29 0 0 31 611
30 0 0 27 615
31 0 0 25 617
32 0 0 22 620
32 0 0 22 620
33 0 0 17 625
34 0 0 16 626
35 0 0 14 628
35 0 0 14 628
36 0 0 12 630
37 0 0 11 631
37 0 0 11 631
38 0 0 9 633
39 0 0 7 635
40 0 0 7 635
41 0 0 7 635
42 0 0 6 636
43 0 0 6 636
44 0 0 5 637
44 0 0 5 637
45 0 0 4 638
45 0 0 4 638
46 0 0 4 638
46 0 0 4 638
47 0 0 4 638
47 0 0 4 638
48 0 0 4 638
49 0 0 3 639
50 0 0 3 639
50 0 0 3 639
51 0 0 2 640
51 0 0 2 640
52 0 0 2 640
52 0 0 2 640
53 0 0 2 640
53 0 0 2 640
54 0 0 2 640
54 0 0 2 640
55 0 0 2 640
55 0 0 2 640
56 0 0 2 640
57 0 0 2 640
58 0 0 2 640
59 0 0 2 640
60 0 0 2 640
60 0 0 2 640
61 0 0 2 640
