Time S E I R
0 255 0 0 0
1 255 0 0 0
1 243.4329 11.5671 0 0
2 232.0942 19.9058 3 0
3 215.7074 29.2926 10 0
4 203.2405 31.7595 19 1
5 191.5972 29.4028 30 4
6 178.7415 25.2585 41 10
7 162.3607 25.6393 52 15
8 146.0862 27.9138 55 26
9 131.9158 23.0842 64 36
10 118.1082 25.8918 63 48
11 104.1423 24.8577 64 62
12 96.6293 20.3707 68 70
13 88.3687 13.6313 75 78
14 78.1263 12.8737 76 88
15 72.8978 12.1022 73 97
16 65.7956 12.2044 72 105
17 59.6954 13.3046 64 118
18 54.6593 12.3407 59 129
19 51.6373 10.3627 59 134
20 49.6172 5.3828 57 143
21 45.5872 6.4128 54 149
22 41.5651 7.4349 53 153
23 36.5351 9.4649 47 162
24 33.521 7.479 44 170
25 31.509 4.491 45 174
26 27.491 5.509 42 180
27 26.4709 4.5291 39 185
28 25.4569 4.5431 36 189
29 24.4509 1.5491 38 191
30 22.4329 3.5671 36 193
31 21.4248 2.5752 32 199
32 21.4148 2.5852 27 204
33 19.4048 3.5952 23 209
34 19.3928 0.6072 24 211
35 19.3868 0.6132 23 212
36 19.3727 0.6273 21 214
37 18.3667 1.6333 20 215
38 18.3587 0.6413 18 218
39 18.3447 0.6553 13 223
40 18.3347 0.6653 10 226
41 18.3267 0.6733 10 226
42 18.3186 0.6814 10 226
43 18.3106 0.6894 7 229
44 17.3046 1.6954 7 229
45 16.3026 1.6974 6 231
46 16.3006 0.6994 4 234
47 16.2886 0.7114 3 235
48 16.2886 0 4 235
49 15.2846 1.004 4 235
50 15.2786 1.01 3 236
51 15.2786 1.01 2 237
52 15.2705 1.0181 2 237
53 15.2705 0.0181 3 237
53 15.2685 0.0201 3 237
54 15.2685 0.0201 3 237
54 15.2625 0.0261 3 237
55 15.2565 0.0321 2 238
56 15.2565 0.0321 1 239
56 15.2545 0.0341 1 239
57 15.2525 0.0361 1 239
58 15.2525 0.0361 1 239
58 15.2485 0.0401 1 239
59 15.2485 0.0401 1 239
59 15.2485 0.0401 1 239
60 15.2485 0.0401 1 239
60 15.2405 0.0481 1 239
61 15.2405 0.0481 1 239
