Time S E I R
0 686.254432841 0 0 0
1 686.254432841 0 0 0
1 674.687332841 11.5671 0 0
2 608.348632841 60.9058 16 1
3 301.961832841 277.2926 96 11
4 12.494932841 347.7595 289 37
5 0.494932841 212.7595 390 83
6 0 125.7595 429 132
7 0 68.7595 426 192
8 0 39.7595 402 245
9 0 21.7595 350 315
10 0 11.7595 305 370
11 0 5.7595 266 415
12 0 3.7595 227 456
13 0 2.7595 198 486
14 0 1.7595 176 509
15 0 0.7595 162 524
16 0 0.7595 144 542
17 0 0.7595 123 563
18 0 0.7595 111 575
19 0 0.7595 95 591
20 0 0 87 600
21 0 0 80 607
22 0 0 70 617
23 0 0 61 626
24 0 0 54 633
25 0 0 48 639
26 0 0 40 647
27 0 0 36 651
28 0 0 35 652
29 0 0 30 657
30 0 0 26 661
31 0 0 20 667
32 0 0 14 673
33 0 0 11 676
34 0 0 11 676
35 0 0 10 677
35 0 0 10 677
36 0 0 10 677
37 0 0 10 677
37 0 0 10 677
38 0 0 10 677
39 0 0 10 677
40 0 0 7 680
41 0 0 7 680
42 0 0 6 681
43 0 0 5 682
44 0 0 3 684
44 0 0 3 684
45 0 0 2 685
46 0 0 2 685
47 0 0 2 685
47 0 0 2 685
48 0 0 2 685
48 0 0 2 685
49 0 0 1 686
49 0 0 1 686
50 0 0 0 687
50 0 0 0 687
51 0 0 0 687
51 0 0 0 687
52 0 0 0 687
52 0 0 0 687
53 0 0 0 687
53 0 0 0 687
54 0 0 0 687
54 0 0 0 687
55 0 0 0 687
55 0 0 0 687
56 0 0 0 687
56 0 0 0 687
57 0 0 0 687
57 0 0 0 687
58 0 0 0 687
58 0 0 0 687
59 0 0 0 687
59 0 0 0 687
60 0 0 0 687
60 0 0 0 687
61 0 0 0 687
