Time S E I R
0 658.761715902 0 0 0
1 658.761715902 0 0 0
1 647.194615902 11.5671 0 0
2 634.855915902 18.9058 5 0
3 619.469115902 21.2926 18 0
4 598.002215902 30.7595 24 6
5 572.358915902 33.4028 41 12
6 546.503215902 45.2585 45 22
7 519.122415902 46.6393 63 30
8 482.847915902 49.9138 87 39
9 446.677515902 56.0842 108 48
10 403.869915902 63.8918 127 64
11 344.904015902 78.8577 154 81
12 297.391015902 87.3707 172 102
13 252.130415902 83.6313 200 123
14 206.888015902 74.8737 224 153
15 168.659515902 69.1022 244 177
16 140.557315902 64.2044 241 213
17 114.457115902 61.3046 241 242
18 94.421015902 42.3407 259 263
19 68.399015902 39.3627 251 300
20 47.378915902 33.3828 249 329
21 36.348915902 28.4128 234 360
22 25.326815902 19.4349 227 387
23 17.296815902 21.4649 204 416
24 17.282715902 10.479 194 437
25 14.270715902 8.491 178 458
26 10.252715902 5.509 163 480
27 9.232615902 4.5291 140 505
28 9.218615902 0.5431 123 526
29 9.212615902 0 113 537
30 9.194615902 0.018 97 553
31 8.186515902 1.0261 84 566
32 8.176515902 1.0361 74 576
33 8.166515902 1.0461 67 583
34 8.154515902 0.0581 58 593
35 8.148515902 0.0641 48 603
36 8.134415902 0.0782 39 612
37 8.128415902 0.0842 32 619
38 8.120415902 0.0922 31 620
39 8.106415902 0.1062 30 621
40 8.096415902 0.1162 24 627
41 8.088415902 0 23 629
42 7.080315902 1.0081 21 631
43 7.072315902 1.0161 18 634
44 7.066315902 1.0221 17 635
45 7.064315902 0.0241 18 635
46 7.062315902 0.0261 14 639
47 7.050315902 0.0381 12 641
48 7.050315902 0.0381 10 643
49 7.050315902 0.0381 9 644
49 7.046315902 0.0421 9 644
50 7.040315902 0.0481 9 644
51 7.040315902 0.0481 7 646
51 7.040315902 0.0481 7 646
52 7.032215902 0.0562 7 646
53 7.030215902 0.0582 6 647
54 7.024215902 0.0642 5 648
55 7.018215902 0.0702 3 650
56 7.018215902 0.0702 3 650
56 7.016215902 0.0722 3 650
57 7.016215902 0.0722 2 651
57 7.014215902 0.0742 2 651
58 7.010215902 0.0782 2 651
59 7.010215902 0.0782 2 651
59 7.010215902 0.0782 2 651
60 7.010215902 0.0782 2 651
60 7.002215902 0.0862 2 651
