Time S E I R
0 255 0 0 0
1 255 0 0 0
1 243.4329 11.5671 0 0
2 231.0942 18.9058 5 0
3 215.7074 23.2926 15 1
4 203.2405 27.7595 21 3
5 186.5972 27.4028 30 11
6 170.7415 27.2585 40 17
7 153.3607 29.6393 48 24
8 140.0862 26.9138 58 30
9 116.9158 35.0842 65 38
10 104.1082 36.8918 67 47
11 85.1423 34.8577 76 59
12 75.6293 25.3707 90 64
13 67.3687 18.6313 99 70
14 57.1263 19.8737 91 87
15 52.8978 19.1022 81 102
16 44.7956 17.2044 79 114
17 38.6954 11.3046 80 125
18 33.6593 12.3407 73 136
19 28.6373 9.3627 72 145
20 25.6172 10.3828 68 151
21 22.5872 4.4128 69 159
22 21.5651 4.4349 63 166
23 19.5351 2.4649 60 173
24 15.521 2.479 57 180
25 15.509 1.491 58 180
26 15.491 0 51 189
27 12.4709 3.0201 45 195
28 10.4569 3.0341 40 202
29 10.4509 2.0401 39 204
30 9.4329 2.0581 36 208
31 7.4248 1.0662 33 214
32 7.4148 1.0762 29 218
33 7.4048 1.0862 25 222
34 7.3928 0.0982 24 224
35 7.3868 0.1042 18 230
36 7.3727 0.1183 15 233
37 7.3667 0.1243 14 234
38 7.3587 0.1323 13 235
39 7.3587 0.1323 12 236
39 7.3447 0.1463 12 236
40 7.3447 0.1463 10 238
40 7.3347 0.1563 10 238
41 7.3267 0.1643 9 239
42 7.3186 0.1724 8 240
43 7.3186 0.1724 6 242
43 7.3106 0.1804 6 242
44 7.3046 0.1864 6 242
45 7.3046 0.1864 6 242
45 7.3026 0.1884 6 242
46 7.3026 0.1884 5 243
46 7.3006 0.1904 5 243
47 7.3006 0.1904 2 246
47 7.2886 0.2024 2 246
48 7.2886 0.2024 2 246
48 7.2886 0.2024 2 246
49 7.2886 0.2024 2 246
49 7.2846 0.2064 2 246
50 7.2846 0.2064 1 247
50 7.2786 0.2124 1 247
51 7.2786 0.2124 1 247
51 7.2786 0.2124 1 247
52 7.2786 -0.7876 2 247
52 7.2705 0 2 247
53 7.2685 0.002 2 247
54 7.2685 0.002 2 247
54 7.2625 0.008 2 247
55 7.2565 0.014 1 248
56 7.2565 0.014 1 248
56 7.2545 0.016 1 248
57 7.2545 0.016 1 248
57 7.2525 0.018 1 248
58 7.2525 0.018 1 248
58 7.2485 0.022 1 248
59 7.2485 0.022 1 248
59 7.2485 0.022 1 248
60 7.2485 0.022 1 248
60 7.2405 0.03 1 248
61 7.2405 0.03 1 248
