Time S E I R
0 563.817064437 0 0 0
1 563.817064437 0 0 0
1 552.249964437 11.5671 0 0
2 529.911264437 27.9058 5 1
3 420.524464437 104.2926 34 5
4 170.057564437 263.7595 114 16
5 13.414264437 276.4028 239 35
6 0.414264437 154.4028 337 72
7 0 91.4028 354 119
8 0 49.4028 347 168
9 0 27.4028 329 208
10 0 16.4028 299 249
11 0 11.4028 272 281
12 0 5.4028 245 314
13 0 4.4028 215 345
14 0 1.4028 188 375
15 0 1.4028 169 394
16 0 0.4028 157 407
17 0 0.4028 133 431
18 0 0.4028 114 450
19 0 0.4028 95 469
20 0 0 85 480
21 0 0 74 491
22 0 0 66 499
23 0 0 61 504
24 0 0 55 510
25 0 0 52 513
26 0 0 47 518
27 0 0 38 527
28 0 0 32 533
29 0 0 27 538
30 0 0 26 539
31 0 0 21 544
32 0 0 19 546
33 0 0 17 548
34 0 0 16 549
34 0 0 16 549
35 0 0 14 551
36 0 0 14 551
37 0 0 12 553
38 0 0 10 555
39 0 0 10 555
40 0 0 9 556
41 0 0 9 556
42 0 0 8 557
42 0 0 8 557
43 0 0 7 558
43 0 0 7 558
44 0 0 5 560
44 0 0 5 560
45 0 0 4 561
46 0 0 3 562
47 0 0 2 563
47 0 0 2 563
48 0 0 2 563
48 0 0 2 563
49 0 0 2 563
49 0 0 2 563
50 0 0 2 563
50 0 0 2 563
51 0 0 2 563
52 0 0 2 563
52 0 0 2 563
53 0 0 1 564
53 0 0 1 564
54 0 0 1 564
54 0 0 1 564
55 0 0 1 564
55 0 0 1 564
56 0 0 1 564
56 0 0 1 564
57 0 0 1 564
57 0 0 1 564
58 0 0 1 564
58 0 0 1 564
59 0 0 1 564
59 0 0 1 564
60 0 0 1 564
61 0 0 1 564
