Time S E I R
0 255 0 0 0
1 255 0 0 0
1 243.4329 11.5671 0 0
2 232.0942 17.9058 4 1
3 221.7074 24.2926 6 3
4 209.2405 23.7595 15 7
5 196.5972 20.4028 31 7
6 183.7415 28.2585 31 12
7 174.3607 23.6393 41 16
8 158.0862 28.9138 44 24
9 148.9158 22.0842 57 27
10 132.1082 26.8918 56 40
11 124.1423 14.8577 69 47
12 114.6293 12.3707 68 60
13 107.3687 11.6313 63 73
14 100.1263 14.8737 59 81
15 93.8978 11.1022 61 89
16 86.7956 13.2044 58 97
17 81.6954 13.3046 57 103
18 73.6593 13.3407 59 109
19 64.6373 16.3627 55 119
20 60.6172 15.3828 51 128
21 58.5872 12.4128 49 135
22 53.5651 12.4349 49 140
23 49.5351 13.4649 41 151
24 45.521 13.479 39 157
25 38.509 14.491 37 165
26 38.491 8.509 40 168
27 37.4709 6.5291 38 173
28 35.4569 5.5431 34 180
29 33.4509 5.5491 32 184
30 33.4329 4.5671 28 189
31 33.4248 1.5752 29 191
32 33.4148 0 28 194
33 32.4048 1.01 24 198
34 31.3928 0.022 22 202
35 30.3868 1.028 20 204
36 30.3727 0.0421 17 208
37 30.3667 0.0481 15 210
38 30.3587 0.0561 14 211
39 30.3447 0.0701 13 212
40 30.3347 0.0801 13 212
41 30.3267 0.0881 13 212
42 30.3186 0.0962 12 213
43 30.3186 0.0962 10 215
43 30.3106 0.1042 10 215
44 29.3046 1.1102 8 217
45 29.3046 1.1102 8 217
45 29.3026 1.1122 8 217
46 29.3026 1.1122 7 218
46 29.3006 1.1142 7 218
47 29.2886 0.1262 8 218
48 29.2886 0.1262 8 218
49 29.2886 0.1262 7 219
49 29.2846 0.1302 7 219
50 29.2846 0.1302 7 219
50 29.2786 0.1362 7 219
51 29.2786 0.1362 6 220
51 29.2786 0.1362 6 220
52 29.2705 0.1443 6 220
53 28.2685 1.1463 5 221
54 28.2685 0.1463 4 223
54 28.2625 0.1523 4 223
55 28.2565 0.1583 4 223
56 28.2565 0.1583 4 223
56 28.2545 0.1603 4 223
57 28.2525 0.1623 4 223
58 28.2525 0.1623 3 224
58 28.2485 0.1663 3 224
59 28.2485 0.1663 3 224
59 28.2485 0.1663 3 224
60 28.2405 0 2 226
