Time S E I R
0 823.272573699 0 0 0
1 823.272573699 0 0 0
1 811.705473699 11.5671 0 0
2 788.366773699 29.9058 5 0
3 615.979973699 160.2926 45 2
4 135.513073699 455.7595 215 17
5 5.513073699 327.7595 424 66
6 0 196.7595 507 120
7 0 109.7595 531 183
8 0 66.7595 498 259
9 0 41.7595 454 328
10 0 23.7595 411 389
11 0 9.7595 378 436
12 0 4.7595 340 479
13 0 2.7595 300 521
14 0 0.7595 279 544
15 0 0 245 579
16 0 0 220 604
17 0 0 186 638
18 0 0 163 661
19 0 0 143 681
20 0 0 125 699
21 0 0 114 710
22 0 0 99 725
23 0 0 89 735
24 0 0 76 748
25 0 0 70 754
26 0 0 57 767
27 0 0 43 781
28 0 0 38 786
29 0 0 33 791
30 0 0 25 799
31 0 0 20 804
32 0 0 14 810
33 0 0 13 811
34 0 0 12 812
35 0 0 12 812
36 0 0 9 815
37 0 0 8 816
37 0 0 8 816
38 0 0 7 817
38 0 0 7 817
39 0 0 6 818
39 0 0 6 818
40 0 0 6 818
40 0 0 6 818
41 0 0 5 819
41 0 0 5 819
42 0 0 5 819
42 0 0 5 819
43 0 0 5 819
44 0 0 5 819
44 0 0 5 819
45 0 0 4 820
46 0 0 2 822
46 0 0 2 822
47 0 0 2 822
47 0 0 2 822
48 0 0 2 822
48 0 0 2 822
49 0 0 1 823
49 0 0 1 823
50 0 0 1 823
50 0 0 1 823
51 0 0 1 823
51 0 0 1 823
52 0 0 1 823
53 0 0 1 823
54 0 0 1 823
55 0 0 1 823
55 0 0 1 823
56 0 0 0 824
56 0 0 0 824
57 0 0 0 824
57 0 0 0 824
58 0 0 0 824
58 0 0 0 824
59 0 0 0 824
59 0 0 0 824
60 0 0 0 824
60 0 0 0 824
61 0 0 0 824
