Time S E I R
0 521.029983805 0 0 0
1 521.029983805 0 0 0
1 509.462883805 11.5671 0 0
2 484.124183805 29.9058 7 0
3 425.737383805 62.2926 30 3
4 310.270483805 131.7595 69 10
5 140.627183805 202.4028 153 25
6 34.771483805 186.2585 253 47
7 5.390683805 130.6393 296 89
8 0 78.6393 311 132
9 0 45.6393 299 177
10 0 24.6393 282 215
11 0 16.6393 257 248
12 0 11.6393 220 290
13 0 5.6393 205 311
14 0 2.6393 182 337
15 0 0.6393 156 365
16 0 0.6393 144 377
17 0 0.6393 129 392
18 0 0.6393 109 412
19 0 0.6393 93 428
20 0 0.6393 83 438
21 0 0.6393 72 449
22 0 0.6393 63 458
23 0 0 60 462
24 0 0 49 473
25 0 0 39 483
26 0 0 29 493
27 0 0 28 494
28 0 0 21 501
28 0 0 21 501
29 0 0 18 504
30 0 0 15 507
30 0 0 15 507
31 0 0 13 509
32 0 0 11 511
33 0 0 8 514
33 0 0 8 514
34 0 0 8 514
34 0 0 8 514
35 0 0 7 515
36 0 0 7 515
37 0 0 6 516
38 0 0 5 517
38 0 0 5 517
39 0 0 5 517
39 0 0 5 517
40 0 0 4 518
40 0 0 4 518
41 0 0 4 518
41 0 0 4 518
42 0 0 3 519
42 0 0 3 519
43 0 0 2 520
43 0 0 2 520
44 0 0 1 521
45 0 0 1 521
45 0 0 1 521
46 0 0 1 521
46 0 0 1 521
47 0 0 1 521
47 0 0 1 521
48 0 0 1 521
48 0 0 1 521
49 0 0 1 521
49 0 0 1 521
50 0 0 1 521
50 0 0 1 521
51 0 0 1 521
51 0 0 1 521
52 0 0 1 521
52 0 0 1 521
53 0 0 1 521
53 0 0 1 521
54 0 0 1 521
54 0 0 1 521
55 0 0 1 521
56 0 0 1 521
56 0 0 1 521
57 0 0 1 521
57 0 0 1 521
58 0 0 1 521
58 0 0 1 521
59 0 0 1 521
59 0 0 1 521
60 0 0 1 521
60 0 0 1 521
61 0 0 1 521
