Time S E I R
0 323.619682089 0 0 0
1 323.619682089 0 0 0
1 312.052582089 11.5671 0 0
2 290.713882089 26.9058 6 0
3 231.327082089 66.2926 26 0
4 116.860182089 129.7595 73 4
5 16.216882089 142.4028 144 21
6 0 93.4028 183 48
7 0 44.4028 212 68
8 0 24.4028 200 100
9 0 13.4028 185 126
10 0 6.4028 162 156
11 0 3.4028 151 170
12 0 0.4028 140 184
13 0 0.4028 118 206
14 0 0.4028 106 218
15 0 0.4028 93 231
16 0 0.4028 83 241
17 0 0.4028 73 251
18 0 0.4028 66 258
19 0 0 63 262
20 0 0 56 269
21 0 0 51 274
22 0 0 45 280
23 0 0 40 285
24 0 0 34 291
25 0 0 29 296
26 0 0 26 299
27 0 0 23 302
28 0 0 19 306
29 0 0 15 310
30 0 0 12 313
31 0 0 10 315
32 0 0 10 315
33 0 0 10 315
34 0 0 7 318
34 0 0 7 318
35 0 0 7 318
36 0 0 6 319
37 0 0 5 320
37 0 0 5 320
38 0 0 4 321
39 0 0 4 321
40 0 0 3 322
40 0 0 3 322
41 0 0 2 323
41 0 0 2 323
42 0 0 2 323
42 0 0 2 323
43 0 0 2 323
44 0 0 1 324
44 0 0 1 324
45 0 0 1 324
46 0 0 1 324
46 0 0 1 324
47 0 0 1 324
47 0 0 1 324
48 0 0 1 324
48 0 0 1 324
49 0 0 1 324
50 0 0 1 324
50 0 0 1 324
51 0 0 1 324
51 0 0 1 324
52 0 0 1 324
53 0 0 1 324
53 0 0 1 324
54 0 0 1 324
54 0 0 1 324
55 0 0 1 324
55 0 0 1 324
56 0 0 1 324
56 0 0 1 324
57 0 0 1 324
57 0 0 1 324
58 0 0 1 324
58 0 0 1 324
59 0 0 1 324
59 0 0 1 324
60 0 0 1 324
60 0 0 1 324
61 0 0 1 324
