Time S E I R
0 963.374664932 0 0 0
1 963.374664932 0 0 0
1 951.807564932 11.5671 0 0
2 891.468864932 53.9058 17 1
3 628.082064932 239.2926 93 3
4 170.615164932 483.7595 288 21
5 5.971864932 381.4028 510 66
6 0 220.4028 603 140
7 0 121.4028 623 219
8 0 65.4028 605 293
9 0 33.4028 564 366
10 0 20.4028 521 422
11 0 9.4028 464 490
12 0 5.4028 416 542
13 0 4.4028 371 588
14 0 3.4028 328 632
15 0 0.4028 288 675
16 0 0.4028 262 701
17 0 0 242 722
18 0 0 216 748
19 0 0 193 771
20 0 0 172 792
21 0 0 146 818
22 0 0 123 841
23 0 0 110 854
24 0 0 93 871
25 0 0 76 888
26 0 0 63 901
27 0 0 55 909
28 0 0 51 913
29 0 0 45 919
30 0 0 39 925
31 0 0 33 931
32 0 0 30 934
33 0 0 28 936
34 0 0 22 942
35 0 0 19 945
36 0 0 17 947
37 0 0 14 950
38 0 0 14 950
38 0 0 14 950
39 0 0 11 953
40 0 0 11 953
41 0 0 10 954
42 0 0 8 956
43 0 0 7 957
44 0 0 6 958
45 0 0 6 958
46 0 0 5 959
47 0 0 5 959
47 0 0 5 959
48 0 0 4 960
48 0 0 4 960
49 0 0 3 961
50 0 0 3 961
50 0 0 3 961
51 0 0 3 961
52 0 0 3 961
52 0 0 3 961
53 0 0 3 961
53 0 0 3 961
54 0 0 3 961
54 0 0 3 961
55 0 0 3 961
56 0 0 3 961
57 0 0 2 962
57 0 0 2 962
58 0 0 2 962
59 0 0 0 964
59 0 0 0 964
60 0 0 0 964
60 0 0 0 964
61 0 0 0 964
