Time S E I R
0 439.43561145 0 0 0
1 439.43561145 0 0 0
1 427.86851145 11.5671 0 0
2 413.52981145 23.9058 2 0
3 343.14301145 70.2926 25 1
4 149.67611145 191.7595 93 5
5 7.03281145 205.4028 209 18
6 1.03281145 123.4028 254 61
7 0.03281145 71.4028 267 101
8 0.03281145 35.4028 276 128
9 0.03281145 16.4028 261 162
10 0.03281145 11.4028 230 198
11 0.03281145 7.4028 206 226
12 0.03281145 4.4028 187 248
13 0.03281145 3.4028 158 278
14 0.03281145 0.4028 141 298
15 0.03281145 0.4028 125 314
16 0.03281145 0.4028 109 330
17 0.03281145 0.4028 95 344
18 0.03281145 0 87 353
19 0.01081145 0.022 78 362
20 0.01081145 0.022 69 371
21 0.01081145 0.022 58 382
22 0.01081145 0.022 53 387
23 0.01081145 0.022 48 392
24 0.01081145 0.022 42 398
25 0.01081145 0.022 34 406
26 0.01081145 0.022 28 412
27 0.01081145 0.022 26 414
28 0.01081145 0.022 26 414
29 0.00481145 0.028 24 416
30 0.00481145 0.028 23 417
31 0.00481145 0.028 20 420
32 0.00481145 0.028 18 422
33 0.00481145 0.028 15 425
34 0.00481145 0.028 9 431
35 0.00481145 0.028 8 432
36 0.00481145 0.028 7 433
37 0.00481145 0 8 433
38 0.00481145 0 8 433
39 0.00481145 0 7 434
39 0.00481145 0 7 434
40 0.00481145 0 7 434
40 0.00481145 0 7 434
41 0.00481145 0 7 434
41 0.00481145 0 7 434
42 0.00481145 0 6 435
43 0.00481145 0 5 436
43 0.00481145 0 5 436
44 0.00481145 0 5 436
44 0.00481145 0 5 436
45 0.00281145 0.002 5 436
46 0.00081145 0.004 4 437
47 0.00081145 0.004 4 437
48 0.00081145 0.004 4 437
49 0.00081145 0.004 3 438
49 0.00081145 0.004 3 438
50 0.00081145 0.004 3 438
50 0.00081145 0.004 3 438
51 0.00081145 0.004 3 438
52 0.00081145 0.004 2 439
52 0.00081145 0.004 2 439
53 0.00081145 0.004 2 439
54 0.00081145 0.004 2 439
54 0.00081145 0.004 2 439
55 0.00081145 0.004 2 439
55 0.00081145 0.004 2 439
56 0.00081145 0.004 2 439
57 0.00081145 0.004 2 439
57 0.00081145 0.004 2 439
58 0.00081145 0.004 1 440
58 0.00081145 0.004 1 440
59 0.00081145 0.004 1 440
59 0.00081145 0.004 1 440
60 0.00081145 0.004 1 440
60 0.00081145 0.004 1 440
61 0.00081145 0.004 1 440
