Time S E I R
0 473.822370644 0 0 0
1 473.822370644 0 0 0
1 462.255270644 11.5671 0 0
2 428.916570644 31.9058 11 2
3 362.529770644 74.2926 30 7
4 246.062870644 133.7595 78 16
5 110.419570644 187.4028 146 30
6 17.563870644 183.2585 216 57
7 4.563870644 106.2585 279 84
8 0 67.2585 291 116
9 0 34.2585 277 163
10 0 15.2585 257 202
11 0 7.2585 230 237
12 0 4.2585 212 258
13 0 1.2585 184 289
14 0 1.2585 156 317
15 0 1.2585 137 336
16 0 0.2585 123 351
17 0 0.2585 102 372
18 0 0.2585 85 389
19 0 0.2585 72 402
20 0 0.2585 64 410
21 0 0 55 420
22 0 0 51 424
23 0 0 45 430
24 0 0 38 437
25 0 0 34 441
26 0 0 30 445
27 0 0 26 449
28 0 0 25 450
29 0 0 22 453
29 0 0 22 453
30 0 0 20 455
31 0 0 18 457
32 0 0 15 460
32 0 0 15 460
33 0 0 13 462
34 0 0 12 463
35 0 0 11 464
36 0 0 10 465
37 0 0 8 467
38 0 0 7 468
38 0 0 7 468
39 0 0 7 468
39 0 0 7 468
40 0 0 6 469
40 0 0 6 469
41 0 0 6 469
42 0 0 6 469
43 0 0 5 470
44 0 0 5 470
44 0 0 5 470
45 0 0 4 471
45 0 0 4 471
46 0 0 3 472
47 0 0 3 472
48 0 0 3 472
48 0 0 3 472
49 0 0 3 472
49 0 0 3 472
50 0 0 3 472
51 0 0 3 472
51 0 0 3 472
52 0 0 3 472
53 0 0 3 472
53 0 0 3 472
54 0 0 3 472
55 0 0 3 472
55 0 0 3 472
56 0 0 3 472
56 0 0 3 472
57 0 0 2 473
57 0 0 2 473
58 0 0 1 474
58 0 0 1 474
59 0 0 1 474
59 0 0 1 474
60 0 0 1 474
60 0 0 1 474
61 0 0 1 474
