Time S E I R
0 460.036686977 0 0 0
1 460.036686977 0 0 0
1 448.469586977 11.5671 0 0
2 407.130886977 42.9058 9 1
3 265.744086977 137.2926 54 3
4 72.277186977 218.7595 152 17
5 4.277186977 155.7595 257 43
6 0.277186977 92.7595 284 83
7 0 50.7595 280 130
8 0 28.7595 276 156
9 0 21.7595 249 190
10 0 11.7595 218 231
11 0 6.7595 196 258
12 0 3.7595 172 285
13 0 2.7595 142 316
14 0 1.7595 123 336
15 0 0 107 354
16 0 0 94 367
17 0 0 82 379
18 0 0 73 388
19 0 0 66 395
20 0 0 59 402
21 0 0 53 408
22 0 0 45 416
23 0 0 38 423
24 0 0 35 426
25 0 0 30 431
26 0 0 26 435
27 0 0 22 439
28 0 0 19 442
29 0 0 18 443
30 0 0 16 445
31 0 0 13 448
32 0 0 11 450
33 0 0 10 451
33 0 0 10 451
34 0 0 9 452
35 0 0 7 454
36 0 0 6 455
37 0 0 6 455
37 0 0 6 455
38 0 0 6 455
38 0 0 6 455
39 0 0 5 456
40 0 0 4 457
41 0 0 3 458
41 0 0 3 458
42 0 0 3 458
42 0 0 3 458
43 0 0 3 458
43 0 0 3 458
44 0 0 3 458
44 0 0 3 458
45 0 0 3 458
46 0 0 2 459
46 0 0 2 459
47 0 0 1 460
47 0 0 1 460
48 0 0 1 460
48 0 0 1 460
49 0 0 1 460
49 0 0 1 460
50 0 0 1 460
50 0 0 1 460
51 0 0 1 460
51 0 0 1 460
52 0 0 1 460
52 0 0 1 460
53 0 0 1 460
54 0 0 1 460
54 0 0 1 460
55 0 0 1 460
55 0 0 1 460
56 0 0 1 460
56 0 0 1 460
57 0 0 1 460
57 0 0 1 460
58 0 0 1 460
58 0 0 1 460
59 0 0 0 461
59 0 0 0 461
60 0 0 0 461
60 0 0 0 461
61 0 0 0 461
