Time S E I R
0 641.109410468 0 0 0
1 641.109410468 0 0 0
1 629.542310468 11.5671 0 0
2 618.203610468 15.9058 6 1
3 594.816810468 30.2926 15 1
4 545.349910468 62.7595 30 3
5 456.706610468 103.4028 73 8
6 325.850910468 149.2585 145 21
7 199.470110468 184.6393 213 44
8 83.195610468 183.9138 296 78
9 30.025210468 134.0842 359 118
10 8.217610468 89.8918 374 169
11 1.251710468 60.8577 359 220
12 0.251710468 30.8577 355 255
13 0.251710468 17.8577 331 292
14 0.009310468 7.1001 298 336
15 0.009310468 4.1001 267 370
16 0.009310468 2.1001 241 398
17 0.009310468 0.1001 216 425
18 0.009310468 0.1001 185 456
19 0 1.1001 170 471
20 0 0.1001 146 496
21 0 0.1001 127 515
22 0 0.1001 114 528
23 0 0.1001 102 540
24 0 0.1001 92 550
25 0 0.1001 77 565
26 0 0.1001 72 570
27 0 0.1001 58 584
28 0 0.1001 54 588
29 0 0.1001 47 595
30 0 0.1001 40 602
31 0 0.1001 38 604
32 0 0.1001 31 611
32 0 0.1001 31 611
33 0 0.1001 28 614
34 0 0.1001 23 619
35 0 0.1001 20 622
36 0 0.1001 18 624
37 0 0.1001 18 624
38 0 0.1001 15 627
39 0 0.1001 14 628
40 0 0.1001 13 629
41 0 0.1001 12 630
41 0 0.1001 12 630
42 0 0.1001 11 631
43 0 0.1001 11 631
44 0 0.1001 10 632
45 0 0 10 633
46 0 0 8 635
47 0 0 8 635
48 0 0 8 635
48 0 0 8 635
49 0 0 8 635
50 0 0 7 636
50 0 0 7 636
51 0 0 5 638
52 0 0 4 639
52 0 0 4 639
53 0 0 2 641
53 0 0 2 641
54 0 0 1 642
54 0 0 1 642
55 0 0 1 642
55 0 0 1 642
56 0 0 1 642
56 0 0 1 642
57 0 0 1 642
57 0 0 1 642
58 0 0 1 642
58 0 0 1 642
59 0 0 1 642
59 0 0 1 642
60 0 0 1 642
61 0 0 1 642
