Time S E I R
0 489.011661825 0 0 0
1 489.011661825 0 0 0
1 477.444561825 11.5671 0 0
2 458.105861825 25.9058 5 0
3 411.719061825 54.2926 21 2
4 296.252161825 127.7595 59 6
5 150.608861825 183.4028 137 18
6 31.753161825 188.2585 223 46
7 4.753161825 120.2585 292 72
8 1.753161825 73.2585 305 109
9 0 34.2585 307 148
10 0 19.2585 286 184
11 0 11.2585 262 216
12 0 2.2585 237 250
13 0 2.2585 212 275
14 0 1.2585 192 296
15 0 1.2585 172 316
16 0 0.2585 152 337
17 0 0.2585 132 357
18 0 0.2585 122 367
19 0 0 108 382
20 0 0 95 395
21 0 0 84 406
22 0 0 76 414
23 0 0 67 423
24 0 0 59 431
25 0 0 51 439
26 0 0 48 442
27 0 0 46 444
28 0 0 40 450
29 0 0 33 457
30 0 0 28 462
31 0 0 27 463
32 0 0 22 468
33 0 0 19 471
34 0 0 14 476
34 0 0 14 476
35 0 0 14 476
36 0 0 12 478
37 0 0 11 479
38 0 0 10 480
39 0 0 10 480
39 0 0 10 480
40 0 0 8 482
41 0 0 7 483
41 0 0 7 483
42 0 0 7 483
43 0 0 7 483
44 0 0 7 483
45 0 0 7 483
45 0 0 7 483
46 0 0 5 485
47 0 0 4 486
47 0 0 4 486
48 0 0 3 487
49 0 0 3 487
49 0 0 3 487
50 0 0 1 489
50 0 0 1 489
51 0 0 1 489
52 0 0 1 489
52 0 0 1 489
53 0 0 0 490
53 0 0 0 490
54 0 0 0 490
54 0 0 0 490
55 0 0 0 490
55 0 0 0 490
56 0 0 0 490
56 0 0 0 490
57 0 0 0 490
57 0 0 0 490
58 0 0 0 490
58 0 0 0 490
59 0 0 0 490
59 0 0 0 490
60 0 0 0 490
60 0 0 0 490
61 0 0 0 490
