Time S E I R
0 363.148998619 0 0 0
1 363.148998619 0 0 0
1 351.581898619 11.5671 0 0
2 338.243198619 20.9058 3 1
3 306.856398619 39.2926 15 2
4 264.389498619 53.7595 41 4
5 195.746198619 84.4028 70 13
6 107.890498619 107.2585 121 27
7 51.509698619 107.6393 167 37
8 18.235198619 85.9138 197 62
9 3.064798619 65.0842 213 82
10 0.257198619 45.8918 209 108
11 0.257198619 25.8918 206 131
12 0.257198619 17.8918 184 161
13 0 8.8918 170 185
14 0 4.8918 151 208
15 0 1.8918 135 227
16 0 0.8918 118 245
17 0 0.8918 103 260
18 0 0.8918 84 279
19 0 0.8918 73 290
20 0 0.8918 61 302
21 0 0.8918 55 308
22 0 0.8918 49 314
23 0 0.8918 46 317
24 0 0 44 320
25 0 0 41 323
26 0 0 37 327
27 0 0 34 330
28 0 0 29 335
29 0 0 22 342
29 0 0 22 342
30 0 0 18 346
30 0 0 18 346
31 0 0 17 347
32 0 0 16 348
33 0 0 13 351
34 0 0 10 354
35 0 0 9 355
36 0 0 9 355
37 0 0 9 355
38 0 0 7 357
39 0 0 6 358
40 0 0 6 358
41 0 0 3 361
41 0 0 3 361
42 0 0 2 362
42 0 0 2 362
43 0 0 2 362
43 0 0 2 362
44 0 0 2 362
44 0 0 2 362
45 0 0 2 362
45 0 0 2 362
46 0 0 2 362
46 0 0 2 362
47 0 0 2 362
47 0 0 2 362
48 0 0 1 363
48 0 0 1 363
49 0 0 1 363
49 0 0 1 363
50 0 0 1 363
50 0 0 1 363
51 0 0 1 363
52 0 0 1 363
52 0 0 1 363
53 0 0 1 363
53 0 0 1 363
54 0 0 1 363
54 0 0 1 363
55 0 0 1 363
55 0 0 1 363
56 0 0 1 363
57 0 0 1 363
57 0 0 1 363
58 0 0 1 363
58 0 0 1 363
59 0 0 1 363
59 0 0 1 363
60 0 0 1 363
61 0 0 1 363
