Time S E I R
0 796.635587795 0 0 0
1 796.635587795 0 0 0
1 785.068487795 11.5671 0 0
2 773.729787795 17.9058 5 0
3 761.342987795 21.2926 13 1
4 747.876087795 26.7595 18 4
5 734.232787795 26.4028 28 8
6 719.377087795 25.2585 44 8
7 708.996287795 25.6393 52 10
8 696.721787795 23.9138 60 16
9 684.551387795 23.0842 66 23
10 673.743787795 20.8918 67 35
11 657.777887795 22.8577 74 42
12 650.264887795 20.3707 72 54
13 638.004287795 25.6313 74 59
14 630.761887795 17.8737 78 70
15 614.533387795 24.1022 78 80
16 606.431187795 19.2044 76 95
17 592.330987795 26.3046 73 105
18 580.294887795 25.3407 77 114
19 569.272887795 20.3627 81 126
20 559.252787795 17.3828 85 135
21 542.222787795 24.4128 83 147
22 520.200687795 25.4349 89 162
23 509.170687795 21.4649 92 174
24 495.156587795 21.479 93 187
25 483.144587795 16.491 98 199
26 474.126587795 14.509 94 214
27 466.106487795 13.5291 88 229
28 460.092487795 11.5431 85 240
29 452.086487795 14.5491 82 248
30 449.068487795 6.5671 79 262
31 443.060387795 6.5752 71 276
32 434.050387795 7.5852 68 287
33 427.040387795 12.5952 63 294
34 419.028387795 12.6072 63 302
35 414.022387795 15.6132 59 308
36 408.008287795 18.6273 55 315
37 400.002287795 18.6333 56 322
38 393.994287795 16.6413 52 334
39 387.980287795 9.6553 54 345
40 383.970287795 9.6653 48 355
41 380.962287795 8.6733 46 361
42 375.954187795 9.6814 41 370
43 371.946187795 11.6894 37 376
44 366.940187795 11.6954 39 379
45 361.938187795 8.6974 40 386
46 357.936187795 5.6994 40 393
47 356.924187795 0.7114 43 396
48 355.924187795 0.7114 36 404
49 354.920187795 0 35 407
50 349.914187795 5.006 30 412
51 345.914187795 4.006 27 420
52 343.906087795 1.0141 30 422
53 342.904087795 1.0161 25 428
54 342.898087795 0.0221 19 435
55 340.892087795 2.0281 19 435
56 339.890087795 3.0301 17 437
57 339.888087795 1.0321 18 438
58 336.884087795 2.0361 18 440
59 335.884087795 2.0361 15 444
60 335.876087795 2.0441 13 446
