Time S E I R
0 255 0 0 0
1 243.4329 11.5671 0 0
2 230.811668411 19.9893327144 3.32509207304 0.873906801379
3 216.564984734 26.6485227527 8.12259293077 3.66389958255
4 200.484879806 32.3100701298 13.4105246561 8.79452540809
5 183.873156164 36.081564666 18.6795658652 16.3657133045
6 167.390508453 38.0803045434 23.3146791585 26.214507845
7 150.543081351 39.567570094 26.9352594408 37.9540891139
8 133.727373475 40.4734103116 29.6496437374 51.1495724753
9 119.515461297 38.540476823 31.5378615725 65.4062003073
10 107.48419615 35.2383783244 32.0771994636 80.2002260615
11 97.3659157217 31.3635692351 31.3470967612 94.9234182816
12 88.8787071605 27.4222573651 29.6393639818 109.059671492
13 81.810995882 23.6507115674 27.296551853 122.241740697
14 75.8411721836 20.2971668071 24.6126673722 134.248993637
15 70.8455316534 17.3187015095 21.846764668 144.989002169
16 66.8003419697 14.5832744725 19.1536822481 154.46270131
17 63.4483549399 12.2383200583 16.594701244 162.718623758
18 60.7396376365 10.1767677338 14.2453228805 169.838271749
19 58.5242590687 8.43085102958 12.1219871226 175.922902779
20 56.7073412536 6.96988320329 10.2410203048 181.081755238
21 55.2071268009 5.76312610197 8.60224524578 185.427501851
22 53.9827285918 4.75180281874 7.19529108237 189.070177507
23 52.969436491 3.92324057302 5.99595135986 192.111371576
24 52.1510794559 3.22237557213 4.98402026508 194.642524707
25 51.4810173952 2.64509404589 4.1305438698 196.743344689
26 50.9247061103 2.17787575793 3.41508166182 198.48233647
27 50.464190097 1.79620234498 2.820294443 199.919313115
28 50.0895752984 1.47673510445 2.32793373092 201.105755866
29 49.7880901376 1.20777858944 1.9195559743 202.084575298
30 49.5280133724 1.00122407629 1.57985200165 202.890910549
31 49.3214816691 0.821372586752 1.30209221808 203.555053525
32 49.148651485 0.677216645769 1.07200366417 204.102128204
33 49.0050075692 0.559628079758 0.882773671249 204.552590679
34 48.8832097674 0.465679923686 0.727437500758 204.923672807
35 48.7868416873 0.382717130466 0.600651796598 205.229789384
36 48.6982997021 0.323842467342 0.495443308213 205.482414521
37 48.6308228461 0.266880986128 0.41090301895 205.691393148
38 48.5719391315 0.223170684521 0.340306462006 205.864583721
39 48.5157987702 0.193601689533 0.28242356188 206.008175977
40 48.4706817278 0.164651414749 0.236700571428 206.127966285
41 48.4332238851 0.139198796314 0.199037543757 206.228539774
42 48.4003552483 0.118909085886 0.167570732333 206.313164933
43 48.3714786177 0.102431900062 0.141551338969 206.384538143
44 48.3478105542 0.0870936791493 0.120119829862 206.444975937
45 48.3308208672 0.0709246314143 0.101979107408 206.496275394
46 48.3161647145 0.0584891155962 0.0857432294436 206.53960294
47 48.2935514883 0.0587261915322 0.0717754092207 206.57594691
48 48.2844594619 0.0456617211959 0.062783050544 206.607095765
49 48.2726317516 0.0401117803912 0.0533386338721 206.633917833
50 48.2599545695 0.0375631500732 0.0456793914265 206.656802888
51 48.2541680875 0.0291838661398 0.040007819107 206.676640226
52 48.2410812757 0.0311677994399 0.0340128962075 206.693738027
53 48.2347050587 0.0258746424748 0.0306739815891 206.708746316
54 48.2248073492 0.0260324724178 0.0270449189967 206.722115258
55 48.2153017747 0.025821250399 0.0247353571791 206.734141616
56 48.2100526509 0.0214776857483 0.023179309011 206.745290353
57 48.2050671168 0.0184282389015 0.0209689227309 206.75553572
58 48.1983882784 0.0181898195626 0.0186923700514 206.76472953
59 48.1959624282 0.0138312775382 0.0171500790684 206.773056213
60 48.1857988275 0.0187731307947 0.0149449556032 206.780483084
60 48.1857988275 0.0187731307947 0.0149449556032 206.780483084
