Time S E I R
0 255 0 0 0
1 243.4329 11.5671 0 0
2 228.075497868 19.174758717 6.69544794965 1.05429546507
3 205.159733813 27.2296349985 17.9778969916 4.63273419677
4 173.279967139 36.2802095475 33.4800213748 11.9598019389
5 135.372182647 43.3061233029 52.2043181766 24.1173758733
6 96.903970399 45.706978352 70.8142380952 41.574813154
7 62.9431263419 43.2804046216 85.0684145754 63.7080544612
8 37.0175573857 36.7941616019 92.2959802572 88.8923007553
9 21.3289096578 26.6254921039 92.0117413474 115.033856891
10 12.5600076744 17.4048351674 84.9782700673 140.056887091
11 7.85137490317 10.6384223457 74.0449266198 162.465276131
12 5.29442408752 6.26937378463 61.8720316874 181.56417044
13 3.87026860878 3.62786807795 50.2199653535 197.281897959
14 2.92840588478 2.20874447823 39.9557897094 209.907059927
15 2.27287567534 1.42702383972 31.4102813777 219.889819107
16 1.90671039035 0.869148167453 24.515353501 227.708787941
17 1.63196207167 0.576431047907 19.0020500769 233.789556803
18 1.47903715575 0.352733019764 14.674309146 238.493920678
19 1.37476554082 0.222826072099 11.2836707621 242.118737625
20 1.29556500858 0.151637935517 8.65104152099 244.901755535
21 1.22267966853 0.121270490331 6.62230421078 247.03374563
22 1.16946903016 0.0930256850846 5.07135690033 248.666148384
23 1.11661310381 0.0837545509535 3.88341119849 249.916221146
24 1.08574555333 0.0600138004303 2.97973485762 250.874505788
25 1.06121982069 0.0452349194055 2.28412197656 251.609423283
26 1.03382359329 0.0430224060952 1.75045089762 252.172703103
27 1.00668995872 0.0426563681966 1.34557501623 252.605078657
28 0.98740816298 0.0352596814126 1.03907739388 252.938254762
29 0.977402184265 0.0233384112601 0.803526382182 253.195733023
30 0.956339464971 0.0297453218939 0.619407359633 253.394507854
31 0.94591358089 0.02203857714 0.483316410426 253.548731432
32 0.93411954142 0.0203742373716 0.376537582766 253.668968639
33 0.922734989417 0.0194114070139 0.294939680147 253.762913924
34 0.909659265805 0.0208076423117 0.232739815918 253.836793277
35 0.902815645288 0.0152387869331 0.186387674307 253.895557895
36 0.888046789851 0.0208997681456 0.148555862193 253.942497581
37 0.881511964076 0.0150753653403 0.122759926053 253.980652746
38 0.873075833489 0.0145794062732 0.100348923616 254.011995838
39 0.858720081551 0.0203198132536 0.0831517819663 254.037808325
40 0.848420655737 0.0186793266015 0.0730035429238 254.059896477
41 0.840159968189 0.0159691583312 0.0645108597901 254.079360016
42 0.831832451836 0.0149160972761 0.0567378297091 254.096513623
43 0.823633359659 0.0143579001232 0.0503345208679 254.111674221
44 0.81745723424 0.0121098529914 0.0452136447554 254.12521927
45 0.81530107515 0.00715832924899 0.0402212059428 254.137319392
46 0.813166474742 0.0050772455287 0.0339798145127 254.147776468
47 0.801054117035 0.0141939708652 0.0282236053144 254.15652831
48 0.800951469746 0.00599329643759 0.0284106013065 254.164644636
49 0.796857060058 0.0065646316203 0.0244677790365 254.172110533
50 0.790774668802 0.00879526719091 0.0217706224924 254.178659445
51 0.790698787882 0.00372211520622 0.0208418513665 254.184737249
52 0.782531132293 0.00969901371859 0.0176131334439 254.190156724
53 0.780467672671 0.00609120238174 0.0181479968273 254.195293132
54 0.774406540332 0.00858373129278 0.0167554872305 254.200254245
55 0.768347464897 0.00962277447254 0.0169438135729 254.205085951
56 0.76628722264 0.00605725532255 0.017603576223 254.21005195
57 0.764228849134 0.00456774843589 0.0163265739828 254.214876833
58 0.760175931697 0.00594239415845 0.0146191708713 254.219262508
59 0.760126911491 0.00251365349595 0.0140125997853 254.22334684
60 0.752083173865 0.00907884982938 0.0118467277381 254.226991253
60 0.752083173865 0.00907884982938 0.0118467277381 254.226991253
