Time S E I R
0 255 0 0 0
1 243.4329 11.5671 0 0
2 226.660031761 22.6248123598 5.5360639157 0.179091963473
3 196.054984223 39.8505425911 18.1741932791 0.920279907026
4 145.449965995 65.2130817524 41.5484357266 2.78851652612
5 82.8764153567 88.2471947802 77.3256171365 6.55077272671
6 31.6706814376 91.6348312782 118.858468344 12.8360189399
7 5.0832122416 74.4496740877 153.845818373 21.6212952972
8 1.33585044199 46.0509378855 175.389728072 32.2234836
9 0.312983615205 27.5306157828 183.419538216 43.7368623852
10 0.07124653081 16.189771896 183.26088204 55.4780995322
11 0.0165736186506 9.45734556253 178.479311135 67.0467696824
12 0.00405071537801 5.51053680894 171.261942369 78.2234701051
13 0.00105480426598 3.2077307253 162.893822654 88.8973918148
14 0.000294408750477 1.8665359211 154.112370298 99.0207993705
15 8.82102632147e-05 1.08594171888 145.332145871 108.581824198
16 2.83423871679e-05 0.631752861645 136.779692582 117.588526212
17 9.7420025611e-06 0.367513133056 128.572829649 126.059647474
18 3.57158640441e-06 0.213792307699 120.766933168 134.019270951
19 1.39198266425e-06 0.12436802996 113.381855218 141.493775359
20 5.7478933968e-07 0.0723480097489 106.417542979 148.510108435
21 2.50643921618e-07 0.0420872740731 99.8630823019 155.094830172
22 1.15055513561e-07 0.0244846088053 93.7019322542 161.273583021
23 5.5416592204e-08 0.0142442332453 87.9148390135 167.070916697
24 2.79241305634e-08 0.00828683296974 82.4816347048 172.510078433
25 1.46802392464e-08 0.00482109278009 77.3821547036 177.613024188
26 8.03058242127e-09 0.00280481274783 72.5967572969 182.400437881
27 4.55952431366e-09 0.00163171624597 68.1065899843 186.891778294
28 2.67948507826e-09 0.000948874087576 63.8937021202 191.105349002
29 1.62739866028e-09 0.000551804475097 59.9411785099 195.058269683
30 1.01942987385e-09 0.000320905414 56.2330266704 198.766652422
31 6.57365717416e-10 0.000186631501611 52.7541948579 202.245618509
32 4.3559111873e-10 0.000108543154831 49.4905342104 205.509357245
33 2.96068947137e-10 6.31276538416e-05 46.4287548991 208.571181972
34 2.06028971661e-10 3.67143981638e-05 43.5563802586 211.443583026
35 1.4668444237e-10 2.13526915534e-05 40.861700015 214.138278631
36 1.06666675492e-10 1.24184736117e-05 38.3337251762 216.666262404
37 7.90976173448e-11 7.22242679703e-06 35.9621447483 219.037848028
38 5.97424332227e-11 4.20046529332e-06 33.7372845692 221.262711229
39 4.5957904149e-11 2.44292978582e-06 31.6500683621 223.349929194
40 3.592504072e-11 1.42077053776e-06 29.6919810096 225.308017569
41 2.85069745587e-11 8.26297355163e-07 27.8550339889 227.144965184
42 2.29363195103e-11 4.80560862605e-07 26.131732882 228.868266637
43 1.87299065146e-11 2.79486133745e-07 24.515046858 230.484952862
44 1.54614099301e-11 1.62544526874e-07 22.9983800223 232.001619815
45 1.29034560814e-11 9.45333702325e-08 21.5755445257 233.42445538
46 1.09139364213e-11 5.49793368735e-08 20.2407353296 234.759264616
47 9.37916411203e-12 3.19754521909e-08 18.9885065284 236.01149344
48 8.07176547823e-12 1.85968114657e-08 17.8137491342 237.186250848
49 7.07700564817e-12 1.08160228306e-08 16.7116702348 238.288329755
50 6.19593265583e-12 6.29083266559e-09 15.6777734396 239.322226555
51 5.45696821064e-12 3.65902377842e-09 14.7078405358 240.292159461
52 4.83169060317e-12 2.12837070929e-09 13.7979142782 241.20208572
53 4.32009983342e-12 1.23813439993e-09 12.9442822444 242.055717755
54 3.86535248253e-12 7.2035036319e-10 12.1434616881 242.856538312
55 3.5527136788e-12 4.19184396889e-10 11.3921853301 243.60781467
56 3.2684965845e-12 2.44004966422e-10 10.6873880276 244.312611973
57 2.95585778076e-12 1.42095448796e-10 10.026194269 244.973805732
58 2.72848410532e-12 8.28037893062e-11 9.4059064418 245.594093559
59 2.47268872045e-12 4.82990170219e-11 8.82399382641 246.176006174
60 2.30215846386e-12 2.82127798069e-11 8.27808227112 246.721917729
60 2.30215846386e-12 2.82127798069e-11 8.27808227112 246.721917729
