Time S E I R
0 255 0 0 0
1 243.4329 11.5671 0 0
2 230.785769458 19.8499935343 3.53257818244 0.831658825167
3 216.428612383 26.3585820504 8.7032904998 3.50951506694
4 200.105561421 31.9216434572 14.495743335 8.47705178693
5 183.098253736 35.6592192453 20.3699014474 15.8726255717
6 166.079059807 37.6851151825 25.6556740588 25.580150952
7 148.593750516 39.235802876 29.912370976 37.2580756319
8 131.099230729 40.192242438 33.2077325748 50.5007942583
9 116.232054284 38.2622875789 35.583519007 64.9221391306
10 103.606491005 34.9434143635 36.452686818 79.9974078142
11 92.9761383993 31.0430741146 35.8726606681 95.1081268186
12 84.0653442036 27.0747286922 34.1437264474 109.716200657
13 76.6585434033 23.2796530106 31.6364081558 123.425395431
14 70.4240755814 19.9102048786 28.6807418933 135.984977647
15 65.2269947106 16.9233461277 25.5743362519 147.27532291
16 61.0317840035 14.1877502551 22.5047484654 157.275717276
17 57.5693095121 11.853132636 19.5574584675 166.020099384
18 54.7803432752 9.80996935889 16.8282985321 173.581388833
19 52.5070727418 8.08931092601 14.3464938802 180.057122451
20 50.6487149791 6.65783171717 12.1369984812 185.556454822
21 49.1191294649 5.48240048086 10.204143471 190.194326583
22 47.8742378694 4.50225769904 8.53899700711 194.084507424
23 46.8469065101 3.70371856659 7.11619340697 197.333181516
24 46.0192207706 3.03076743185 5.91333075323 200.036681044
25 45.3431820256 2.47917009596 4.8980584992 202.279589379
26 44.7832579586 2.03513842687 4.04660544588 204.134998168
27 44.3208111684 1.6739553441 3.33842284474 205.666810642
28 43.945460949 1.37235740734 2.75208537638 206.930096266
29 43.6440562045 1.11895143163 2.26608569793 207.970906665
30 43.3845741989 0.925939779881 1.86239293679 208.827093083
31 43.1789769934 0.757574093919 1.53227866505 209.531170246
32 43.007280432 0.623283174061 1.25930811296 210.110128279
33 42.8648646498 0.514079332943 1.03507631382 210.585979701
34 42.7443254276 0.42722395377 0.85123401876 210.977216597
35 42.6492103025 0.350208317469 0.701309691908 211.299271685
36 42.5618765081 0.29640407273 0.577245136113 211.56447428
37 42.4955544338 0.243612495806 0.477498252038 211.783334815
38 42.4377588291 0.203465088675 0.394513128077 211.964262951
39 42.3826270726 0.176889293199 0.32658354643 212.113900085
40 42.3384554694 0.150352143452 0.272824620043 212.238367764
41 42.3018870472 0.126917825815 0.228667167992 212.342527956
42 42.26984469 0.108345499687 0.191917540761 212.429892267
43 42.2417293705 0.0933194630843 0.16160690297 212.503344261
44 42.2187614531 0.0792028613298 0.136693371556 212.565342312
45 42.2024116088 0.0640888013145 0.11569834217 212.617801246
46 42.188327286 0.0526165269949 0.0970621732234 212.661994012
47 42.1662149421 0.0537081710168 0.081090214976 212.69898667
48 42.1575827073 0.041230694018 0.0706057530936 212.730580844
49 42.146174881 0.0362728706708 0.0598534322221 212.757698814
50 42.133871344 0.0342226959578 0.0511257225456 212.780780235
51 42.128426037 0.0262287556508 0.044620477508 212.800724727
52 42.1156444921 0.0286062311353 0.0378754196628 212.817873854
53 42.1095494693 0.0235616339817 0.0340099741051 212.83287892
54 42.0999138793 0.0239683076664 0.029915432032 212.846202378
55 42.0906542095 0.0239298425383 0.0272650743518 212.858150871
56 42.0856438201 0.0197071755778 0.025460993776 212.869188008
57 42.0808837996 0.0168059279836 0.0230018896907 212.87930838
58 42.0744098899 0.0167219017773 0.0204875618929 212.888380644
59 42.0721729441 0.0124798943816 0.0187620007073 212.896585158
60 42.0621792081 0.017571941842 0.0163508349405 212.903898012
60 42.0621792081 0.017571941842 0.0163508349405 212.903898012
