Time S E I R
0 255 0 0 0
1 243.4329 11.5671 0 0
2 223.40739216 21.9391462594 8.67899242023 0.974469160644
3 182.724346981 39.1422965917 28.2507244126 4.88263201491
4 118.096052596 60.0478670887 62.3360324792 14.5200478361
5 52.6811599732 65.965288494 103.818460925 32.535090608
6 14.2143118497 49.7529275834 132.617779075 58.4149814924
7 4.72041076565 23.9351521716 138.366903644 87.9775334192
8 1.62619278304 10.6448489539 126.171102617 116.557855646
9 0.635824687541 4.5147637368 108.107938398 141.741473177
10 0.288140828527 1.87485956279 89.8700956264 162.966903982
11 0.150023530478 0.775741997737 73.6045991868 180.469635285
12 0.0880922683837 0.324139343429 59.8402664718 194.747501916
13 0.0571910682903 0.138584163173 48.4718470342 206.332377734
14 0.0403192990232 0.0615200656847 39.1911148278 215.707045807
15 0.0303967232431 0.0288151704571 31.6578084093 223.282979697
16 0.0241963192078 0.0144586493943 25.5602547463 229.401090285
17 0.0201264469511 0.00785029279179 20.6319004761 234.340122784
18 0.0173464991554 0.00461715705429 16.6514974235 238.32653892
19 0.015385535683 0.00291889690136 13.4379529527 241.543742614
20 0.0139658934404 0.00195788983585 10.8440766604 244.139999556
21 0.0129163787382 0.00137436063588 8.75063048136 246.235078779
22 0.0121272628104 0.000997768130774 7.06118859479 247.925686374
23 0.0115257884379 0.000742446787999 5.6978448191 249.289886945
24 0.0110622638443 0.000562590240483 4.59768724007 250.390687905
25 0.0107018642852 0.000432135644404 3.70992672049 251.278939279
26 0.0104196321243 0.000335378318252 2.99356776692 251.995677222
27 0.0101973326205 0.000262369898015 2.41552344801 252.574016849
28 0.0100214206683 0.000206538311734 1.94909151682 253.040680524
29 0.00388169188312 0.00616338915572 1.57272335053 253.417231568
30 0.00383789873499 0.00230961423467 1.27234506236 253.721507424
31 0.00380285943629 0.000877277289837 1.02784745304 253.96747241
32 0.00377479757498 0.000342520303789 0.829784678056 254.166098004
33 0.00375229804172 0.000140907920343 0.669684691643 254.326422102
34 0.0037342385944 6.34146406035e-05 0.540397848329 254.455804498
35 0.00371972956643 3.25145828047e-05 0.436042857769 254.560204898
36 0.0037080636734 1.93034115505e-05 0.35182948067 254.644443152
37 0.0036986776089 1.29921000701e-05 0.283876722243 254.712411608
38 0.0036911217685 9.51555708996e-06 0.2290472942 254.767252068
39 0.00368503660502 7.31254443734e-06 0.184807655937 254.811499994
40 0.00368013413058 5.76044921741e-06 0.149112861887 254.847201243
41 0.00367618334388 4.59318023117e-06 0.12031257545 254.876006647
42 0.00367299876331 3.68389663039e-06 0.0970751727748 254.899248144
43 0.00367043131223 2.96295614912e-06 0.0783261824837 254.918000423
44 0.00366836109083 2.38641021469e-06 0.0631986862567 254.933130566
45 0.00166669160152 0.00200192341265 0.0509931912874 254.945338193
46 0.00166607048806 0.000742400005955 0.042257541738 254.955333987
47 0.00166556016552 0.000275758951724 0.0345091046865 254.963549575
48 0.00166514502075 0.000102678386022 0.0279974046325 254.970234771
49 0.00166480885073 3.84153288651e-05 0.0226473398504 254.975649435
50 0.0016645371968 1.45256018905e-05 0.0182951934881 254.980025743
51 0.00166431787471 5.58366478916e-06 0.0147705844685 254.983559513
52 0.00166414080252 2.17162530667e-06 0.0119208064722 254.98641288
53 0.00166399791806 8.90972986448e-07 0.00961954736389 254.988715563
54 0.00166388263295 4.01259008562e-07 0.00776210892557 254.990573606
55 0.00166378962285 2.06617385425e-07 0.0062632633776 254.992072739
56 0.00166371458837 1.2346823743e-07 0.0050539578922 254.993282203
57 0.00166365401753 8.33652495879e-08 0.00407769070939 254.994258571
58 0.00166360514402 6.12669112832e-08 0.00328992414382 254.995046409
59 0.0016635657102 4.72231833701e-08 0.00265428896618 254.995682098
60 0.00166353389343 3.72866730747e-08 0.00214142173828 254.996195007
60 0.00166353389343 3.72866730747e-08 0.00214142173828 254.996195007
