Time S E I R
0 255 0 0 0
1 243.4329 11.5671 0 0
2 221.1127966 23.7951396926 9.96075819582 0.131305512045
3 168.54974742 48.4374439225 37.2794697797 0.733338877838
4 83.578415053 77.0116450795 91.9865153993 2.42342446818
5 17.6590893698 72.0014893607 159.517033963 5.82238730614
6 3.0738399337 35.4181579309 205.712360885 10.7956412502
7 0.401629515772 14.8162690193 223.197433343 16.5846681216
8 0.0480123497251 5.77713897296 226.548164809 22.626683868
9 0.00573884157197 2.2007984248 224.124463325 28.6689994085
10 0.000710112950571 0.832413776978 219.554083071 34.6127930388
11 9.21194782109e-05 0.314152468142 214.263084262 40.4226711504
12 1.25711419798e-05 0.118477506234 208.7937506 46.0877593222
13 1.80625178814e-06 0.0446717527785 203.348887648 51.6064387922
14 2.73070241974e-07 0.0168424125076 198.002634392 56.9805229216
15 4.33983871062e-08 0.00635034137748 192.780594284 62.2130553304
16 7.24833171262e-09 0.0023946407482 187.690116668 67.3074886831
17 1.26897248265e-09 0.000903063618216 182.731734444 72.2673624905
18 2.34763319895e-10 0.000340685390651 177.903467389 77.096191925
19 4.57873738924e-11 0.000128443696493 173.202442629 81.7974289266
20 9.29389898374e-12 4.81429032988e-05 168.625496299 86.3744555574
21 2.18847162614e-12 1.80261201112e-05 164.169428921 90.8305530525
22 6.25277607469e-13 6.73995038905e-06 159.831090019 95.1689032406
23 2.27373675443e-13 2.51925782889e-06 155.607388694 99.3926087858
24 1.13686837722e-13 9.41479363292e-07 151.49530043 103.504698627
25 2.84217094304e-14 3.518226328e-07 147.491877835 107.508121812
26 2.84217094304e-14 1.31478922883e-07 143.594250318 111.405749549
27 2.84217094304e-14 4.91412212682e-08 139.799622707 115.200377242
28 0 1.83705894689e-08 136.105273502 118.894726478
29 0 6.86942539256e-09 132.508553022 122.49144697
30 0 2.56954231202e-09 129.006881548 125.993118449
31 0 9.61498352308e-10 125.597747488 129.40225251
32 2.84217094304e-14 3.59892521912e-10 122.278705362 132.721294637
33 2.84217094304e-14 1.34713369871e-10 119.047374052 135.952625947
34 2.84217094304e-14 5.04354762003e-11 115.901435573 139.098564426
35 0 1.88081142383e-11 112.838633201 142.161366798
36 0 7.03935369358e-12 109.856769855 145.143230144
37 0 2.63466674415e-12 106.95370652 148.046293479
38 0 9.8610671941e-13 104.127360713 150.872639286
39 0 3.69085873102e-13 101.375704989 153.62429501
40 5.68434188608e-14 1.4851195048e-13 98.6967654872 156.303234512
41 2.84217094304e-14 1.89957302277e-14 96.0886205127 158.911379487
42 0 1.24731799709e-14 93.5493991596 161.45060084
43 0 1.37418901337e-14 91.077279968 163.922720032
44 0 5.14369820533e-15 88.6704896174 166.329510383
45 0 1.92534870514e-15 86.3273016541 168.672698346
46 0 7.20689442949e-16 84.0460352525 170.953964748
47 0 2.17275364955e-15 81.8250540091 173.174945991
48 0 1.94161947328e-14 79.6627647685 175.337235232
49 0 7.87751383713e-15 77.5576164803 177.44238352
50 2.84217094304e-14 2.9488092593e-15 75.508099086 179.491900914
51 0 1.08670456632e-15 73.5127424357 181.487257564
52 2.84217094304e-14 7.02528494835e-15 71.5701152333 183.429884766
53 2.84217094304e-14 1.52012939252e-14 69.6788240094 185.32117599
54 0 1.74668147387e-14 67.8375121216 187.162487878
55 0 9.44983300311e-15 66.0448587811 188.955141218
56 0 3.53759428197e-15 64.2995781051 190.700421894
57 0 1.01884499636e-14 62.6004181942 192.399581805
58 0 1.24058511005e-14 60.946160234 194.053839765
59 0 0 59.3356176209 195.664382378
60 0 0 57.7676351106 197.232364888
60 0 0 57.7676351106 197.232364888
