Time S E I R
0 255 0 0 0
1 243.4329 11.5671 0 0
2 231.817756711 22.9140068029 0.262567266874 0.00566921895302
3 220.395592361 33.799040908 0.777363462953 0.0280032678627
4 208.756176441 44.6385080913 1.52788583569 0.0774296317713
5 197.52740406 54.8022067823 2.50651988005 0.163869277527
6 186.486163162 64.5264098945 3.69082443839 0.296602505096
7 174.228602582 75.2238084539 5.06352179218 0.484067172287
8 160.420128221 87.2068399006 6.63838798349 0.734643895083
9 147.200151765 98.3079719623 8.43444933033 1.05742694297
10 133.947980566 109.169315787 10.4214475976 1.46125605025
11 120.386043445 120.076574272 12.5833895254 1.9539927582
12 106.469149762 131.077706059 14.9101950711 2.54294910831
13 92.4187614686 141.95387887 17.3923359659 3.23502369614
14 78.4599370814 152.488199125 20.0152630392 4.03660075547
15 65.062137032 162.22460867 22.7599096943 4.95334460462
16 52.7547790599 170.657012367 25.5983049044 5.9899036694
17 41.714099727 177.642847065 28.4935301187 7.14952308995
18 32.2110675509 182.947067586 31.4080225922 8.43384227149
19 24.2643303992 186.590732194 34.3021045111 9.8428328961
20 17.8290848038 188.656666227 37.1394202267 11.3748287429
21 12.77404112 189.311208215 39.8880559392 13.0266947258
22 8.94185689929 188.742229825 42.5218654368 14.7940478388
23 6.10793544408 187.200101247 45.0204595772 16.6715037321
24 4.09214093167 184.884977815 47.3699366579 18.652944596
25 2.68589878444 182.020919377 49.5614164391 20.7317654001
26 1.72096177246 178.786887943 51.591056276 22.9010940094
27 1.0756289886 175.31158504 53.4588078054 25.1539781672
28 0.660392394475 171.688886887 55.1672008551 27.4835198647
29 0.402244416832 167.994278448 56.7205097912 29.8829673454
30 0.227462029353 164.302476381 58.1242811264 32.3457804642
31 0.129096537418 160.620008622 59.3852007281 34.8656941134
32 0.0670596589807 156.986399359 60.5098155538 37.4367254288
33 0.0296589204453 153.412049033 61.5051123271 40.05317972
34 0.0053968198119 149.906974277 62.3779688377 42.7096600663
35 0.00314295804293 146.460648469 63.1351457788 45.4010627946
36 0.00181911836637 143.092685898 63.7829309198 48.1225640638
37 0.00104743773278 139.801657869 64.3276821746 50.8696125186
38 0.000600512782313 136.586019293 64.7754589884 53.6379212054
39 0.000343086653743 133.444169622 65.1320305932 56.4234566979
40 0.000195484955213 130.374490231 65.4028873881 59.2224268954
41 0.000111165932481 127.375367009 65.5932525093 62.0312693154
42 6.31365943207e-05 124.445203666 65.7080933143 64.8466398826
43 3.58365258535e-05 121.582429342 65.7521326158 67.6654022054
44 2.03410333484e-05 118.785502757 65.7298595751 70.4846173271
45 1.15524222792e-05 116.052914305 65.645540207 73.3015339363
46 6.56841871205e-06 113.383186937 65.5032274765 76.1135790186
47 3.74072718046e-06 110.774876344 65.3067709837 78.9183489326
48 2.13483320977e-06 108.226570734 65.059826241 81.7136008916
49 1.22145098658e-06 105.736890391 64.7658635535 84.4972448353
50 7.00923550312e-07 103.304487112 64.4281765151 87.267335673
51 4.03565110219e-07 100.928043579 64.0498901346 90.0220658835
52 2.33216155721e-07 98.606272706 63.6339686062 92.7597584552
53 1.35315673333e-07 96.3379169739 63.1832227391 95.4788601523
54 7.85927340985e-08 94.1217243703 62.7003654981 98.1779100536
55 4.58408635495e-08 91.9565156753 62.1878750228 100.855609257
56 2.68579185558e-08 89.8411181098 61.648143056 103.510738808
57 1.58104285219e-08 87.7743858632 61.0834345631 106.142179559
58 9.35321509132e-09 85.755199475 60.4958936586 108.748906858
59 5.5617306316e-09 83.7824652302 59.88754927 111.329985495
60 3.32482841259e-09 81.8551141283 59.2603207275 113.884565142
60 3.32482841259e-09 81.8551141283 59.2603207275 113.884565142
