0
0
5.06750727455
13.8534857744
25.9977778708
41.4044907474
59.1471108705
77.6940059951
95.3943167895
110.291541786
120.070686628
124.17523812
123.238215596
118.487727028
111.228032562
102.616459058
93.4803339687
84.334212211
75.5576143432
67.3369488178
59.7819145261
52.9307731388
46.7782100345
41.2829388673
36.3997567118
32.0668556337
28.2320198599
24.8471816998
21.8636918936
19.2334498889
16.9136771342
14.8750185202
13.0792810095
11.4996585843
10.1107021792
8.89055381624
7.81625176286
6.87443896078
6.04490569051
5.31583720024
4.67765544464
4.11673034352
3.62305320398
3.18896035684
2.80741302453
2.46893749348
2.16982141458
1.90613066197
1.67402871281
1.4699323537
1.29057420243
1.13301942152
0.994653348598
0.873159159948
0.766490932914
0.672843878031
0.590633812032
0.518465943926
0.45511476157
0.399503781194
0.350687673548
6.33335824487431
