0
0
4.95989459389
13.0983543002
23.562703854
35.945236397
49.4174580224
63.1124641771
76.5216256545
88.8993306637
98.609774658
104.976485241
107.932679065
107.822877264
105.194543065
100.709600907
94.9542103166
88.3851484232
81.4370404486
74.4066124506
67.5299724986
60.9663147052
54.8151825521
49.1206584747
43.9041767143
39.154284459
34.8558158797
30.9874190252
27.5191978845
24.4158070285
21.6427724783
19.1758617694
16.9797110227
15.0287100928
13.2974861323
11.7634995011
10.4026087141
9.19997213194
8.1337277818
7.19033115767
6.35847105562
5.62282437678
4.97175413267
4.39605299404
3.88723542764
3.43691228414
3.03713134784
2.68299684786
2.37379592426
2.09791144088
1.85440301993
1.64031563463
1.44941665635
1.28316426641
1.13522477104
1.00563209619
0.891824131517
0.790091391135
0.699604341514
0.62018370695
0.548725663648
4.46966307699598
