0
0
5.66635203911
18.3701969453
41.3442794469
75.1077422374
111.569404281
138.513230347
150.712662204
149.547868678
141.233872206
129.653628849
117.028374351
104.54660163
92.7977710148
82.0369887755
72.3385324403
63.6827358693
56.0043450489
49.2189803384
43.2372819542
37.9721682817
33.3423517146
29.2737353778
25.6997410463
22.5610558562
19.8051133213
17.3854901319
15.2612889532
13.3965222836
11.759550807
10.3225736512
9.06117150927
7.95390027574
6.98193134526
6.1287341778
5.37979670255
4.72237935193
4.14529885032
3.63873825337
3.19408010458
2.80375992605
2.46113758234
2.16038434658
1.89638375749
1.66464458642
1.46122443679
1.28266267811
1.12592157451
0.98833460696
0.867561110235
0.761546453105
0.668485142695
0.586796160398
0.515089737454
0.452146011401
0.396894157038
0.348394208629
0.305821068422
0.268450469335
0.235646653004
16.3405911293321
