0
0
5.40765988211
16.3569363753
34.3971777781
60.2855949173
90.7442874446
118.660458054
137.638907421
145.539141592
143.678924742
135.099955929
123.65151968
111.393219281
99.3878803369
88.1479898052
77.8862842644
68.655821852
60.4278386708
53.134629876
46.6928540811
41.0158337318
36.0199135302
31.627381807
27.7676120533
24.3772613222
21.3999562328
18.7857706447
16.4906385208
14.4757476675
12.706951684
11.1542334555
9.7912195164
8.59474548016
7.54446990921
6.6225327411
5.8132539739
5.10286833761
4.47929191854
3.93191703732
3.45143204361
3.02966304796
2.65943494678
2.33444940351
2.04917772564
1.79876682378
1.57895665794
1.3860077693
1.21663766619
1.06796498294
0.93746046215
0.822903926653
0.722346509438
0.634075531616
0.556591497439
0.488576158773
0.428872456176
0.376464686022
0.330461268107
0.290079577318
0.254632628874
12.0903070078155
