0
0
4.99116774573
13.3159010925
24.2581792716
37.4967051904
52.1895963562
67.3232398987
82.1195036868
95.5125905723
105.627345523
111.71961997
113.821799314
112.477923586
108.454856759
102.596192112
95.6090719361
88.0137537262
80.2634026781
72.6439192396
65.3649423379
58.5530957344
52.2753483644
46.5464757663
41.3631563385
36.6939210045
32.5079349169
28.7718468428
25.4467884185
22.4908371663
19.8648431711
17.5413154821
15.4827058896
13.662024211
12.0531044947
10.6330394593
9.3776241657
8.27216583378
7.29509386438
6.43324957923
5.6757625989
5.00777839929
4.41813909531
3.89811323861
3.439677782
3.03488629333
2.67620602435
2.3591353808
2.08332804082
1.83750470535
1.62103789175
1.43125985114
1.26220063729
1.11555874142
0.985218545372
0.871412655252
0.771758975528
0.682711265423
0.603588577396
0.534346087763
0.472001005743
5.01344644914927
