0
0
4.98396118809
13.2656313179
24.0970140624
37.1365187479
51.5461810295
66.3491575783
80.8339195972
94.0118509499
104.061959609
110.249749253
112.576816558
111.535044861
107.838282292
102.289275929
95.5704161326
88.1909708532
80.6030838906
73.0975447368
65.8915901888
59.1201022819
52.8577762981
47.1260257544
41.9269360354
37.2332721579
33.0174222372
29.2484335345
25.8891820931
22.8989800838
20.2395267814
17.8838950813
15.7948904163
13.9457225806
12.310316496
10.8657789819
9.58786619732
8.46181120806
7.46594713255
6.58700572168
5.81400092793
5.13196117691
4.52961299789
3.99811307363
3.52933177874
3.11522226794
2.74815790355
2.42354985875
2.1409714706
1.88906995059
1.66715028306
1.47248313108
1.2990425567
1.14847612419
1.01462221381
0.897671725272
0.795204934827
0.703641615597
0.622270016904
0.551017547052
0.48687649786
4.88829543854804
