0
0
5.1444872364
14.4048368463
27.8098600177
45.4991240692
66.3459234197
88.0175926839
107.717141625
122.650291615
130.530367505
131.551621425
127.24582363
119.484538471
109.871774594
99.6091081763
89.4346451328
79.7299287987
70.7429116653
62.5492657229
55.1735385685
48.5919968803
42.7450976139
37.5733275906
33.0112767033
28.9940850301
25.4606310047
22.3548907695
19.6263557229
17.2299271756
15.1255805203
13.27794021
11.6558208553
10.2317696217
8.98164380061
7.8842254245
6.92087472529
6.07522126513
5.33289015871
4.68126024399
4.10925094603
3.6071346958
3.16637199038
2.77946644681
2.43983747453
2.14170845237
1.88000853789
1.65028645618
1.44863481189
1.27162364294
1.11624208932
0.979847186897
0.860118916535
0.755020744759
0.662763016947
0.581778650169
0.51069006604
0.448288092824
0.393511277474
0.345427871402
0.303219981481
7.65375405311752
