0
0
5.01559914348
13.4869413519
24.8085177627
38.7293165375
54.3896841027
70.6368573909
86.446447968
100.47865092
110.685232323
116.32128017
117.559290052
115.142445005
110.020710268
103.165254387
95.3504311649
87.1173366912
78.9100002903
70.989682605
63.5361119516
56.6465985906
50.3623784204
44.6771289577
39.5710064744
35.0000322219
30.9241564094
27.3033962189
24.0942088928
21.2515136612
18.7340956637
16.5131903874
14.5505437455
12.818862903
11.2919553955
9.94707391825
8.76029570011
7.71728490844
6.79686889191
5.98630580325
5.2751430516
4.64893412423
4.09691336275
3.6107210141
3.18268225414
2.8051742475
2.4709633052
2.17582285541
1.91965763135
1.69141638956
1.49067969586
1.31496832228
1.15848278574
1.02307575556
0.902770265611
0.797924034924
0.706267381164
0.624355201894
0.551597829992
0.488032418527
0.430749511233
5.43701903201509
