0
0
5.13574594891
14.3417684017
27.6012663427
45.0271963607
65.5229674837
86.8621809514
106.387713082
121.387615756
129.541464541
130.93489675
126.995355567
119.533997954
110.136404281
100.010715297
89.9113633095
80.2370813981
71.2504423367
63.0382738252
55.6330730916
49.016525642
43.1436665257
37.9382815581
33.3405085179
29.2883702899
25.7221556039
22.5864375954
19.8308604542
17.4102598381
15.286773119
13.4210107325
11.7822510395
10.3431870636
9.07965903878
7.97035512078
6.996507298
6.14160691706
5.3911434594
4.73236875174
4.15408633348
3.64646450237
3.20087104404
2.80972750258
2.46638088977
2.16499086309
1.90043057302
1.66819956042
1.46434726041
1.28540583284
1.12833118893
0.990451217654
0.869420334998
0.763179585086
0.669919650101
0.588056195479
0.51619651735
0.45311817377
0.397748073564
0.349144260345
0.306479887638
7.50434807214833
