0
0
5.62401724054
18.0347158475
40.182547199
72.7109968714
108.480419561
135.95031434
149.347204609
149.247971622
141.616672073
130.399116489
117.928391461
105.480223265
93.7001554751
82.876578042
73.102625338
64.3688939052
56.6154376841
49.7603918325
43.7153751393
38.3934563125
33.7130801537
29.5996874808
25.9861614449
22.812646985
20.026059526
17.5794947808
15.4316202611
13.5460592729
11.8908265079
10.4378148992
9.16233494515
8.0427045532
7.05988574819
6.19716393768
5.43986533486
4.77510832773
4.19158490115
3.67936858303
3.22974575458
2.83506751512
2.48861961575
2.18450826822
1.91755989741
1.68323313814
1.47754158261
1.29698596629
1.13849463964
0.999371313699
0.877249190774
0.770050700254
0.675950215473
0.593349038826
0.520841888008
0.457195278935
0.401326430182
0.352284880766
0.309236320144
0.271448394201
0.238278245741
15.6522228955891
