0
0
5.34787082928
15.9046052301
32.8520645929
56.8567596831
85.3689900476
112.562011194
132.563753037
142.521568239
142.726636791
135.660202946
125.120622169
113.317319234
101.472891586
90.2200569502
79.8510367672
70.4679357304
62.0708053634
54.6081129159
48.0050424377
42.179012865
37.0478573315
32.5339638412
28.5660680907
25.0798306161
22.0177632175
19.3288096308
16.9678169234
14.894965009
13.0751933672
11.47766332
10.0752685784
8.84419431293
7.7635236584
6.81488861531
5.98216149583
5.25118285877
4.60952198894
4.04626623898
3.55183587639
3.1178214169
2.73684075324
2.40241369336
2.10885180015
1.85116167432
1.62496004456
1.42639922632
1.25210168473
1.09910259066
0.964799394283
0.846907559155
0.743421704465
0.652579534635
0.572837972067
0.502840517166
0.441396510643
0.387460750887
0.340115757413
0.298556163901
0.262075018248
11.0926560171468
