0
0
5.16147866659
14.5277645949
28.2173486512
46.4211600738
67.9478247972
90.2467089555
110.244418184
125.000457785
132.316898806
132.611468749
127.614739304
119.303989155
109.308425498
98.810531579
88.5142136002
78.767492071
69.7564423397
61.5985964032
54.2878496917
47.7759703299
42.0065786923
36.9121935754
32.4234124372
28.4736142539
25.0010970301
21.9498852482
19.2698275129
16.9163128133
14.8498526086
13.0356044513
11.4428824252
10.0446919943
8.81730435777
7.73987173266
6.7940833969
5.96386023634
5.23508462783
4.59536220693
4.03381211308
3.54088250821
3.10818843624
2.72836938131
2.39496416741
2.10230110827
1.84540156
1.61989524756
1.42194593151
1.24818615435
1.09565995854
0.961772603062
0.844246423808
0.741082087352
0.650522605914
0.571029596433
0.501250676043
0.439998807863
0.38623197598
0.339035501717
0.297606482797
7.94378663808065
