0
0
5.67314430602
18.4242328295
41.5314201585
75.4903309381
112.052360451
138.901971957
150.910681173
149.582917227
141.167451433
129.534686655
116.887943958
104.402409612
92.6591823233
81.9084738466
72.2218164211
63.578063578
55.9112042744
49.1365069422
43.1644812543
37.9080336098
33.2859235508
29.2241282949
25.6561538106
22.5227710319
19.7714930122
17.3559702268
15.2353717476
13.3737694551
11.7395767771
10.3050394918
9.04577944145
7.94038875539
6.97007070009
6.11832274982
5.37065744609
4.71435683836
4.1382566336
3.63255655458
3.18865377766
2.79899667117
2.45695637699
2.15671406801
1.89316197336
1.66181649302
1.45874192701
1.28048352319
1.12400870579
0.986655485384
0.866087172854
0.760252627233
0.667349419015
0.58579921946
0.514214620167
0.451377831205
0.396219846491
0.347802297116
0.305301487028
0.267994379557
0.235246296398
16.4507783585293
