0
0
5.4589252712
16.7487671537
35.7420514719
63.2377866109
95.2125724406
123.428959916
141.276210604
147.414952022
143.207431039
133.717694423
121.976297798
109.695053282
97.782483512
86.6801515358
76.5676767535
67.4828483049
59.3902781019
52.2198614906
45.8879001816
40.3083148174
35.3984478429
31.0817118257
27.2885969923
23.9568097867
21.0309306529
18.461888954
16.2063806908
14.2262658472
12.487990087
10.9620568595
9.62254993285
8.44670630478
7.41453679219
6.50849042907
5.71315842635
5.01501348597
4.40218050385
3.86423502736
3.39202618999
2.97752119687
2.61366876468
2.29427922072
2.01391923741
1.7678194207
1.55179318564
1.36216554198
1.1957105803
1.04959659611
0.921337919059
0.808752628154
0.709923506379
0.623171432289
0.547020590701
0.480175435171
0.421498841034
0.369992598744
0.32478048302
0.285093346112
0.250256032643
12.9410608531089
