0
0
5.0868259339
13.9909854095
26.4471872497
42.4185124395
60.9410138645
80.3101283752
98.6085373952
113.651794149
123.077505855
126.468613422
124.671264049
119.093914263
111.145154889
102.017669662
92.5309849552
83.1725116573
74.2895693054
66.03878128
58.5054258197
51.709063037
45.6307637609
40.219725647
35.4243184977
31.1785508428
27.4275979146
24.1218592062
21.2118780874
18.6492342081
16.3911454118
14.4084438651
12.6632389143
11.1290909301
9.78094354409
8.59733574482
7.5532901906
6.63396756314
5.82537849388
5.11469402546
4.49034515052
3.94200290084
3.46050516273
3.03775450865
2.66661206397
2.34079387914
2.0547740694
1.80369646894
1.58329520892
1.38982394604
1.21999314489
1.07091468929
0.940053073293
0.825182450095
0.72434692403
0.63583339709
0.558136177979
0.489933482357
0.430065131629
0.377512675765
0.331382117827
6.66571082346882
