0
0
5.30631690332
15.5932331451
31.7940147264
54.4900466954
81.5493606168
107.99365976
128.461573069
139.78668269
141.55196927
136.234659656
126.478652567
114.971247311
103.177319056
91.8553338878
81.3634487487
71.8382244603
63.2973676692
55.6979827472
48.9690699039
43.0293216012
37.7965307948
33.1924126021
29.1447562754
25.5881904332
22.4642151115
19.7208224367
17.3119918847
15.1971183571
13.3404438313
11.7105114516
10.2796690103
9.02362065114
7.92102625717
6.95314574352
6.10352450083
5.35771594943
4.70303723327
4.12835432679
3.6238931455
3.18107358911
2.79236377636
2.45115203985
2.15163453153
1.8887165434
1.65792587488
1.45533677905
1.2775031977
1.12140015181
0.984372291838
0.864088733668
0.758503412408
0.665818324925
0.584459039172
0.5130415429
0.450351018328
0.395321059678
0.347015573396
0.304612854565
0.267391609034
10.395773085593
