0
0
5.07104493153
13.8786211662
26.0798016333
41.5894610761
59.4747978954
78.1738682042
95.988274749
110.919363659
120.641014076
124.619488585
123.525578162
118.6209066
111.230186022
102.51859853
93.3130099954
84.123521704
75.3239361409
67.0951815134
59.5423597784
52.7001507204
46.5605933799
41.0805258954
36.2134604987
31.8967393111
28.0776056272
24.7076645737
21.7380855515
19.1206858026
16.8126698102
14.7847058571
12.9986492746
11.4277569383
10.0466494849
8.83354081102
7.7655403622
6.82935945565
6.00485291104
5.28026616922
4.64607653914
4.08870459734
3.59818784003
3.16362918389
2.77992946107
2.44185536735
2.14438351143
1.88286258263
1.65307308495
1.45123622647
1.27399187084
1.11836619872
0.981735103135
0.861787429022
0.756490096951
0.664054033773
0.582911334375
0.511682914542
0.449157850483
0.394272912208
0.346094658738
6.39426899604089
