0
0
5.49832796305
17.0523830018
36.7874342455
65.5083944405
98.543972451
126.803987911
143.668482883
148.494483154
143.230883822
133.081132147
120.994647416
108.574077321
96.6434975739
85.5889867326
75.5564183443
66.5640449699
58.5656607919
51.4854957638
45.2371490154
39.7335079802
34.8917827573
30.6357203713
26.8963663263
23.6120659155
20.728040732
18.1958413813
15.9727350706
14.0211002308
12.3078474565
10.8038940658
9.48369050297
8.32479763694
7.30751177509
6.41453327754
5.63067441146
4.94260219684
4.33861227599
3.80843018999
3.3430368112
2.93451503554
2.5759151681
2.26113673541
1.98482472719
1.74227850988
1.52937186679
1.34248280694
1.17843194993
1.03442843947
0.908022465784
0.797063589578
0.699662227726
0.614163524824
0.539112965496
0.473233696171
0.415405010417
0.364643108832
0.320084416292
0.280970890143
0.246637123734
13.5920638517593
