0
0
5.67070164618
18.4047935851
41.4640969228
75.3528096874
111.879083449
138.762869153
150.840178758
149.570750878
141.191511613
129.577453552
116.938334055
104.45410105
92.7088396717
81.954507792
72.2636162025
63.6155456688
55.9445544946
49.1660360997
43.190546298
37.93099543
33.3061259532
29.2418884406
25.6717586484
22.5364774695
19.7835294573
17.3665386573
15.244650359
13.3819151786
11.7467276581
10.3113168726
9.05128993154
7.94522599112
6.974316907
6.12205012379
5.37392937138
4.71722896003
4.14077780068
3.63476964907
3.19059644283
2.8007019512
2.45845327866
2.15802805389
1.89431539476
1.66282897013
1.45963068258
1.28126367546
1.12469352564
0.987256622055
0.866614852107
0.760715825285
0.667756015371
0.586156130629
0.514527917632
0.451652844465
0.396461253786
0.34801420501
0.305487500265
0.268157662384
0.235389626392
16.4111605341048
