0
0
5.76657672932
19.1733200184
44.1243408726
80.6863495241
118.335755858
143.666378517
153.122608728
149.77347986
140.160622375
127.936359525
115.066708731
102.563109072
90.9073348896
80.2926743192
70.7592267309
62.2691508013
54.748065841
48.1074989862
42.2566818805
37.1086009347
32.5827284483
28.6060404809
25.1131332847
22.0458464023
19.3526981332
16.9882664158
14.912552434
13.0903706436
11.4907931778
10.0866479166
8.85406987457
7.77210289293
6.8223474598
5.98865013357
5.25683011129
4.61443875568
4.05054825193
3.55556594655
3.12107129299
2.73967267693
2.404881712
2.11100288228
1.85303666248
1.62659447244
1.42782402174
1.2533437759
1.1001854301
0.965743412227
0.847730556507
0.744139193688
0.65320504874
0.57338329542
0.5033159231
0.441810955459
0.387822043286
0.340430705871
0.298830705002
0.262314328483
0.230260349796
17.959393845527
