0
0
5.61830274382
17.9896062884
40.0263768353
72.3860159279
108.053154672
135.585374086
149.144334986
149.195744326
141.663614279
130.500021363
118.05313052
105.610999793
93.8272887401
82.9952714841
73.2108774673
64.4662382762
56.7022103251
49.8373155401
43.7833293868
38.4533523915
33.7657974899
29.6460433742
26.0268987565
22.8484327205
20.0574875426
17.6070914265
15.455850011
13.5673314037
11.9095011792
10.454208776
9.17672629551
8.05533781566
7.07097559377
6.20689886583
5.44841084734
4.78260972465
4.19816974115
3.68514884623
3.23481974313
2.83952152276
2.49252939397
2.18794031376
1.92057258264
1.68587770349
1.47986300784
1.29902373535
1.14028341212
1.00094151426
0.878627526564
0.771260615134
0.677012289112
0.594281335905
0.521660266242
0.457913658239
0.401957029568
0.352838426174
0.309722226883
0.271874927096
0.238652659711
15.5590931279587
