0
0
5.41370730148
16.4029680228
34.5548891105
60.6334644638
91.2786636523
119.24522902
138.100840911
145.791621503
142.93450063
134.343563355
123.10430893
111.050186549
99.195086706
88.0540810513
77.8533429564
68.6584973662
60.4500518378
53.1665342661
46.7285843704
41.052039547
36.0547450757
31.6598986963
27.797407967
24.4042348024
21.4241796214
18.8074087102
16.5098944099
14.4928380881
12.722091231
11.1676261761
9.80305476289
8.60519627091
7.55369272779
6.63066813204
5.82042755175
5.10919198238
4.48486502485
3.93682774169
3.45575838875
3.03347406358
2.66279163877
2.33740565052
2.05178108627
1.80105925973
1.58097517952
1.38778501008
1.21820239352
1.06934255079
0.938673212177
0.823971543184
0.723286333315
0.634902837848
0.557319739368
0.489217185041
0.429436700813
0.376961336926
0.330898415417
0.290464344218
0.254971286893
12.1908872672179
