0
0
5.29028081465
15.473739364
31.3893359539
53.5815387803
80.0607804224
106.161758552
126.746355301
138.571744317
140.958993456
136.17665596
126.790277954
115.498490337
103.8076153
92.5156643611
82.0102901466
72.4478073304
63.8583442303
56.2064519723
49.4253906269
43.43614502
38.1576130585
33.5119252563
29.4268957348
25.8369669236
22.6833495981
19.9137105497
17.4816894651
15.3463578802
13.4716557
11.8258498332
10.3810386108
9.11270274259
7.99930309604
7.02192299189
6.16395153529
5.41080409242
4.74967602084
4.16932596399
3.65988531393
3.21269077091
2.82013725148
2.47554870234
2.17306465785
1.90754063321
1.67446067207
1.46986056929
1.29026046812
1.13260568861
0.994214782995
0.872733935975
0.766096935214
0.672488079207
0.590317382175
0.518187172655
0.454870630045
0.399290805408
0.350502343591
0.307675404003
0.270081545972
10.1260619914583
