0
0
5.11575901553
14.1980038501
27.1270043405
43.9545691001
63.6453639491
84.2010312327
103.276520329
118.363561469
127.094941612
129.327485554
126.248221301
119.515892664
110.659151642
100.891396814
90.9999229064
81.4218590642
72.4541445612
64.2107470496
56.7440360644
50.0495690843
44.0916690559
38.808311968
34.1406237815
30.0181584054
26.3834961685
23.1787472796
20.3575128536
17.8764023439
15.6981843441
13.7834493876
12.1011736808
10.6236096394
9.32610969947
8.18688087311
7.18670245899
6.30865078492
5.53784096473
4.86119044069
4.26720590759
3.74579316253
3.28808843345
2.88630932587
2.53362342194
2.22403261825
1.95227141689
1.71371754248
1.5043134231
1.32049723259
1.15914233998
1.01750414693
0.893173414873
0.784035291608
0.688231383865
0.604134250511
0.530313349748
0.46551300731
0.408630954093
0.358699614046
0.314869645498
7.162224264596
