0
0
5.57062981789
17.6149254465
38.7299342444
69.6637473463
104.395412566
132.357046815
147.261526136
148.629329261
141.995606946
131.33615842
119.121503479
106.747419151
94.9407624655
84.0397094188
74.16624252
65.3269696783
57.4704228034
50.5189000099
44.3857766614
38.9845620723
34.2334621361
30.0573491543
26.388398295
23.1660214104
20.3364212789
17.8520326936
15.670915678
13.7561505725
12.0752683299
10.5997331694
9.30447691181
8.16748370277
7.1694218024
6.29331829111
5.52427235149
4.84920292295
4.25662681744
3.73646373689
3.27986499719
2.87906311394
2.52723973021
2.21840966154
1.94731909825
1.70935624033
1.50047284871
1.31711538072
1.15616453948
1.0148822096
0.89086487696
0.782002740287
0.68644188373
0.60255876942
0.528926316652
0.464291901697
0.407555943022
0.357753232218
0.314036513213
0.275662068108
0.241977064416
14.7801856428531
