0
0
32.6759838447258
81.1053487557559
146.96801637265
220.892393777456
306.457604607959
379.642956238025
407.919567114527
413.798613345795
389.603616625302
352.077048670163
313.875610270206
273.543936876672
239.973501528484
208.991274747341
184.73944948781
163.417602518335
143.056318045903
124.617732304583
107.496162063685
92.3847256993098
80.075904540438
69.7140902796284
61.4649527748734
54.550008719912
48.1387280070736
42.5071573861199
37.0839502369326
32.2913885507432
28.3940450430452
25.4058360827515
22.8294910418517
20.0880807735203
17.551124694907
15.0498310773818
12.8263513304421
11.1773500440191
9.83120757046145
8.94506549037415
8.2044131535672
7.13969625419132
6.07451023314962
5.08311506866164
4.12990076623835
3.14107841727473
2.25959861603139
1.57550953352134
1.05883778498104
0.913670992373263
0.915504481187311
0.975719102816419
1.02362073966375
0.847169060652914
0.632285125492167
0.374155838957474
0.129698926882666
0.00205616449241271
0
0
0
0.06904028813029
34.9068180898333
