0
0
0.0143893601892388
0.126420807376883
0.417291445487924
0.602297505063851
0.651632454284098
0.615659053811002
0.584824710548347
0.520072589696773
0.473821074802791
0.436819862887605
0.38645710222527
0.328899661468315
0.296009695321483
0.257980671964209
0.23742444312244
0.21686821428067
0.199395419765166
0.173700133712954
0.154171716313273
0.131559864587326
0.117170504398087
0.107920201419291
0.0966142755563174
0.0832527268091672
0.0760580467145478
0.0678355551778399
0.061668686525309
0.0575574407569551
0.0503627606623357
0.0472793263360702
0.0441958920098048
0.0370012119151854
0.029806531820566
0.0267230974943006
0.0246674746101236
0.0195284173996812
0.0154171716313273
0.0154171716313273
0.0143893601892388
0.0143893601892388
0.0102781144208848
0.00925030297879635
0.00822249153670787
0.0061668686525309
0.00513905721044242
0.00513905721044242
0.00513905721044242
0.00308343432626545
0.00308343432626545
0.00308343432626545
0.00308343432626545
0.00205562288417697
0.00205562288417697
0.00205562288417697
0.00205562288417697
0.00205562288417697
0.00102781144208848
0.00102781144208848
0.00102781144208848
0.00102781144208848
90.7511192595429
