0
0
81.3759070970886
157.711836232879
229.68247166013
293.625411789942
363.73399160427
422.969710765202
438.616010098158
434.523322151408
405.479801815187
365.490438781409
330.647371579908
294.048656517298
261.573144341066
230.618870009049
203.836308317908
179.67203447559
159.434156696473
141.762470515063
126.688175111499
113.650789601964
102.018007863557
91.7328409431492
82.3217791792476
73.8592844361011
66.0188594711536
58.9091784103314
52.2233839819503
46.1727594157517
40.7641110436955
36.3026700131949
32.3062350572821
28.4917612674768
24.9919575252923
21.3975293282317
18.09310344057
15.1723796167037
12.6741243984745
11.055186658496
9.82790488188463
8.97006759187983
8.28555262268872
7.38750697984679
6.53596070815174
5.56303905300428
4.62904303934443
3.8697205675041
3.19095321904594
2.66481182613966
2.21574783406819
1.73059321505446
1.28196096827917
0.861455327662092
0.503440296375107
0.270223037796137
0.102169588925193
0
0
0
0
37.8855281215687
