0
0
84.9074790985815
179.356973142848
272.906370525222
359.58542678087
460.823660494132
551.172542775157
587.264026194672
596.18464932219
560.952542695414
508.15144977379
460.415309534218
409.67268891958
367.288717513655
326.898342075757
291.853502361711
259.945061299591
232.849435951114
208.680025654248
186.505056787893
166.428309042932
147.617323239548
130.403039548172
114.724492291792
100.498573760161
87.2114537634723
75.2673555706747
64.8591917718929
55.890952634258
48.2920000926725
42.7391116644124
38.1928812722137
34.150645412625
30.6694698050606
27.1041231264675
23.8309435719287
20.6193308386973
17.6915924911052
15.2555648280555
13.1657954575411
11.452026031673
10.0273499975254
8.83457119598574
7.86644091498785
7.21324036240806
6.69160758762944
6.12628961659471
5.59294272017647
5.02665402871959
4.44155572887582
3.748868288354
3.03834502961227
2.27277998116307
1.55005017619103
0.966505327920337
0.492844018300685
0.164317151498793
0
0
0
45.0880181042074
