0
5.9477751185544
40.1879342495917
70.2230006943525
96.5533754439321
118.226294423559
138.960116233872
154.140479012926
152.563168885391
144.359602081823
130.151258298426
113.376553525833
100.722757993342
88.6874616982664
79.6163243678771
71.6840470140935
65.2584161783004
59.5667684375034
53.9436321353994
48.7029494840667
43.2091643154386
38.024268344808
33.1744953798448
28.8091073707888
25.5738371477317
22.8176224526078
20.4010673603087
18.2637280191759
16.0581044560523
13.9981069359145
12.0244091871644
9.95704047326633
8.10438818472964
6.78562595445951
5.71255428709246
4.96293637220866
4.36685069807
3.80296998175066
3.30221156782553
2.58230132759933
1.91074908147317
1.45714038769215
1.10189672488597
0.968435292179378
0.895157708877905
0.741476534229454
0.598201502360425
0.381515704296272
0.176152405174492
0.0421854086553071
0
0
0
0
0
0
0
0
0
0
0
29.7607591777315
