0
17.9219674394687
157.909239635357
279.013685505397
383.007470112024
466.726720339178
544.519364798718
598.212590155216
578.362620892453
533.260140062655
478.660207861318
416.889234718084
370.728076371827
326.940019212195
292.102418141331
260.88894154867
232.196243993003
206.169679178558
182.362029081576
160.79856190998
141.219529134449
123.457752397828
106.683213483253
91.6273537896158
78.6337835469543
67.4500406343276
58.649016797397
51.2234550420526
44.7449561434413
39.6376292291926
34.6095469046535
28.9663408212629
23.7332229601609
19.1712230897891
15.2623856816945
12.6237550916465
10.6471899438341
9.26486303346385
8.31715566663936
7.56311114088105
7.01915040498049
6.52774714762277
6.1249018871775
5.63963779124109
5.19925069127392
4.81149575604605
4.45689559619655
4.20247343061178
3.94490290144303
3.60126510845929
3.23090145377313
2.71526964860645
2.19139914868733
1.74403944046716
1.33154777937766
1.017944624587
0.746429255807566
0.50552182975117
0.306766980465524
0.1421204440529
0.0157450558708989
83.5401357338245
