0
20.0136097440721
128.210828791074
221.30916649633
300.322995934964
363.515453945926
419.771457539527
457.604282196587
442.994377739955
410.946638309011
377.554653245726
339.214212328856
309.857802881174
280.714917010796
252.202563139897
224.650000260064
197.705337627032
172.666122504852
152.138557917601
134.244360820402
119.304190847107
106.69240163164
96.4509032651911
87.8760538847351
80.4298965932064
74.0022877511391
68.0051362488138
62.649326172864
57.5096675453364
52.8411178075287
48.2870149854472
43.8551554805261
39.6106017106413
35.1121440327811
30.8916475026279
27.2645242619057
24.0153852725801
21.6788689620355
19.7045468493596
17.8182590944669
16.0533705665558
13.8853823170402
11.8073388544043
10.0675256293403
8.56119065711829
7.51313293378845
6.62590430571933
5.82755379432535
5.09289965384404
4.18498046002665
3.32030599789144
2.41418605347376
1.59738885596931
1.14704404927352
0.827751256293155
0.576761182548258
0.388377878897113
0.22052794163408
0.106227926690906
0.0224593881281766
0
62.0764288278876
