-50.7664769182841
9.13001882465387
74.7190451742728
139.242736785824
210.626892271496
277.438415165366
327.691035741928
357.879181262859
342.824274350582
311.733749720926
281.604683628266
248.444344961322
222.946928384334
198.395081920738
173.146186980807
149.396811243515
129.137694891517
111.415534353255
97.5599149012818
85.8662916547332
75.5585106551181
66.5251883711042
57.5422246921338
49.5872595281283
43.3679869019235
38.0782268668898
33.4920839139886
29.4266391039109
25.2596618575995
21.4726745115567
17.7147627143342
15.1993986886622
13.2280529574282
11.85456196327
10.7380493096906
9.28154123417186
7.93395282363207
6.73870960652699
5.71474149595772
5.2289349424554
4.82306282505869
4.01296047334576
3.17714009138661
2.26296970677249
1.450172322063
1.06650193172035
0.86826407894943
0.881290236712852
0.976380337425868
0.985598420843159
1
1
1
1
1
1
1
1
1
1
1
64.3467857946695
