-3.73943533993398
-0.297774991216821
8.43941390147085
21.4646468702605
39.8993228739759
62.0033590742868
90.7924298125387
118.056102755423
136.891397384444
149.451792843352
149.49852706776
143.440762689133
132.073606198406
118.166858982318
105.890217673633
93.6661599068133
83.4102654292164
73.8847895525625
64.4183400419794
55.8880263483822
49.2653970702431
43.831122203129
40.1220491531455
37.1541019182299
34.1250936583277
31.1819562110995
27.4730318999424
23.8575600344649
20.7538903192141
17.972105586824
15.5832063371732
13.7985615763499
12.3793133343406
11.2745666952817
10.2832204327848
9.15425808600943
8.06401125928966
6.83142674657658
5.66436784484798
4.78047323818643
4.03176871633537
3.4505532122257
2.97637926033625
2.51258519914772
2.10607926430853
1.80805448607796
1.57140926925361
1.36427652093073
1.15331966654642
0.855268919129742
0.57140926925361
0.331463667035791
0.129698926882666
0.00809985847682811
-0.0608758562385573
-0.0426921719216827
0
0
0
0
0
12.0817047468651
