0
0
30.1329765492781
79.4854797391525
136.633212233125
196.56810610579
273.747239267717
350.9960490539
411.209123009513
454.20422870386
453.303420233387
434.230881001937
399.566240611668
356.887484778731
321.134450547612
285.114787052335
253.556672084439
223.904301661841
198.097391461017
174.806371410424
154.38884916417
136.202193920581
119.948420510221
105.618037560952
93.2897988544534
82.4580154937706
72.679527810533
63.9728130381552
55.7837730411972
48.5565256572884
42.2880149870407
37.0620115357114
32.6296823094059
29.3374878171607
26.6823426578109
24.1799761224871
21.9857731104801
19.7508676641164
17.7208751206469
16.0790436438843
14.6101185087572
13.0749352730798
11.6669387184394
10.4127518239236
9.30540388346103
8.40671408134656
7.63259865085375
7.04075117910514
6.54319752761135
6.02731970094935
5.52811258644105
4.94090777774233
4.3863899517842
3.90542739710534
3.49645840306593
3.21644270799197
3.01638199605082
2.88658350436184
2.83567293746787
2.86440853278934
2.97133339289444
24.1379320780373
