0
0.814906980045244
31.8175882594374
60.8491733173789
88.6578257346107
113.797163979302
141.376303257852
165.214814027862
174.530177045982
176.377855739278
167.578777456786
153.747334481856
139.346688313052
123.400315188505
108.330139198681
93.574097317501
80.6922786928865
68.9965108317575
60.0213433169774
52.3498972000053
46.016427257555
40.4720304167423
34.4891700445867
29.0348629169241
24.0981655259873
19.7991205070168
16.5432987306152
13.8922809092276
11.8774739416844
10.5507903682193
9.36406001440322
8.14836027823346
7.14868943144178
6.54036393594462
6.11944868062668
5.92616966552141
5.76330655041555
5.29714488698566
4.76875049626854
4.08846889046463
3.38655175412674
2.67910056040904
2.02344291518185
1.60423924181828
1.2805487666552
1.11094301481603
0.984753256487164
0.76508837585014
0.562449233150796
0.358031458160623
0.176152405174492
0.0421854086553071
0
0
0
0
0
0
0
0
0.000670841130494508
21.3620523806008
