0
1.70704302244543
8.63153037434292
16.42211559015
25.1141431812154
34.6249654992319
45.3046040117701
56.7152300474195
68.1414999768781
80.0916610021631
93.7254720720123
107.346407871725
120.808245652393
133.495859047917
143.116738067276
151.676294873246
159.268024199638
165.933273253058
173.261602112602
179.748478827499
185.032955830095
188.866149854815
190.127946789441
189.52180869984
187.814303624387
183.924102466618
176.254100118696
166.466498136152
153.794068537672
138.541278268958
124.461744552637
111.721679993484
99.8809042268681
90.5198340856178
82.2780900782271
74.7106131070552
68.0560947592259
62.2863067296117
57.1483575855944
52.7175060674903
48.7716158577129
45.0183083075904
41.4714414195063
37.646093963323
33.8484511492842
30.3998996456202
27.4319399554338
24.753655041418
22.3065326880169
20.1136519289402
18.2869165891999
16.6831551548107
15.1241436441535
13.7315510664815
12.5087112681638
11.4684558757098
10.6207968813591
9.95527341271057
9.47641096668038
9.18138364133712
9.07007542098564
2.96967935712302
