0
3.86765312124221
62.8375549878562
115.860266916768
164.053829865168
205.316724413692
247.892618989832
281.665122889582
285.155816302449
275.812975591258
253.717470377999
225.372649898959
199.762262018818
173.556231482178
151.558032646602
131.416557700518
115.079215292829
100.941289159366
89.7860586902904
80.3954138763985
72.5005351367767
65.5103148665496
57.6470927473712
50.2695771672647
43.163895735412
36.7660437813686
31.6237483545047
27.3132799729821
24.2397946245597
22.2288486556579
20.4877651623311
19.1719385334723
18.012647063337
16.6598132409066
15.287707630201
13.4643740430991
11.6315460968151
9.78787450560095
8.0458869363568
6.87844031848614
5.88944265640347
5.02585101766738
4.24996215582163
3.22960117943462
2.29588863397593
1.64462126097455
1.14859630763388
0.971016833893636
0.89800197455507
0.842799929413292
0.808600851312672
0.600576400898867
0.386551754126739
0.190477296110443
0.0193448293473444
0
0
0
0
0
0.00211275540430061
46.900568776108
