0
0
39.9464591955119
78.8270547175344
116.111870313697
149.707316541859
187.16316877491
219.401002408458
230.382118649247
230.710462595911
215.073171636086
192.806976861972
171.758149870061
149.644004677268
130.786155009883
113.08178250719
98.9432472525705
86.6338199370379
76.8134439349385
68.3702932453209
60.3048119565502
53.1714873861315
46.7467148910679
41.0575162215477
35.9810513321142
31.5054416069261
27.7554176509892
24.5270102043373
21.4532908630526
18.7476817573303
16.4057162637314
14.7144532862342
13.2938745538
11.8722141886593
10.5498952936217
9.06716587821584
7.70820127510751
6.55873316636258
5.53255530135798
4.76688272476743
4.13569431814643
3.61771573838332
3.18141118735845
2.63175089489415
2.12114843042542
1.76608945705264
1.49219851488888
1.29893923590295
1.16090566166166
1.03323146125288
0.944996025250923
0.949861725144758
0.984753256487164
0.991046052597569
1
1
1
1
1
1
1
37.2956318189851
