0
0
56.9843745791388
124.179089485771
193.358580142301
259.586388408556
339.280751312329
412.933466137669
451.724573965884
469.663195902024
447.425307545061
409.558667940474
369.316416235422
324.892033031498
289.050853548716
254.648976780948
224.721956625164
197.333898030126
172.790586450715
150.843716208067
132.001825046224
115.596615914377
101.883559149838
90.0660117664311
79.2987342115833
69.9416045293734
61.7239248705721
54.5977520024519
48.4680779422105
43.4230906163948
38.6892953499716
34.2959789849764
30.296213471999
26.2396273729332
22.4950019817907
19.2521174887531
16.4095371420402
14.0975810415429
12.1425120077726
10.446249191792
9.03404434265983
7.93479502473054
7.05900076002462
6.34357859078748
5.74670468618641
5.23022739401309
4.76884362007643
4.25533434495438
3.7385119353933
3.08919966519746
2.46073875588062
1.95252348486168
1.51170514657877
1.20326669832658
0.944996025250923
0.692270903434714
0.47826363548643
0.302726463058922
0.163939077465194
0.0537496479611591
0
33.5951697046136
