0
0
34.2830037033126
72.2795213293374
111.758384325818
150.225283414517
195.716768794362
238.592934543053
265.757597996606
282.488457276157
278.8936879717
266.490995732153
249.986987279988
229.929448763237
211.811204513768
193.144974548227
176.466878517328
160.242116626088
144.819201377261
130.054079581493
115.714537815403
102.247996989832
89.9099510141153
78.6764401283781
68.8099404266535
60.2927639229581
53.8179983646423
48.5244732235127
44.339900922361
41.3378450962694
38.008867846407
33.9638383729025
29.9700326951375
25.3903731635117
21.0199967096127
17.6613004672342
14.9002221547462
13.2636135820707
12.1861729004765
11.5002422596932
11.0967310665099
11.030569701536
10.9664759996814
10.3203776392497
9.5084523291597
8.15780694693296
6.75410330798856
5.59008728658013
4.54238488122023
4.03702028444581
3.67210437681546
3.27717654805216
2.91440941441735
2.34907751075819
1.8089454803951
1.43545238778988
1.14992519906055
0.962845379851035
0.864962589891118
0.863398023421576
0.952951942993832
20.321645615796
