0
4.73368758956833
45.2245119618206
85.7244769223495
131.224866664619
174.417464872958
208.375601418187
229.775410905132
221.09128202797
201.728129325142
182.427481857176
161.420491167682
146.262039125611
131.934075758193
118.032553769248
104.843570715866
92.3275400493448
80.8309203637733
70.7751073905215
61.7735303514076
54.1389381456829
47.4439502529841
40.9690416719038
35.3041742105682
31.0493624947226
27.5251096064797
24.6065703968816
22.0349051964761
19.0657535476967
16.3182356387464
13.8630895275512
12.0867340941723
10.6304488935903
9.34573246254655
8.23598003054688
7.04222103453677
6.02158159131661
5.43077845265109
5.02158374549585
4.7365591558426
4.54778960667948
4.33146366703579
4.1533185894568
4.05531429152861
3.96274488342519
3.80447688873123
3.63228512549217
3.37415583895747
3.12969892688267
3.09348420232019
3.06087585623856
2.94110811112466
2.74060214623467
2.26608990124189
1.7590494115898
1.35287631174596
0.976379260336251
0.706867609405229
0.481198450827089
0.280885086669382
0.112321364848558
0
42.37135759441
