0
0
29.1442716305681
65.944629665404
105.753243187038
145.616450251664
194.551775132294
241.800659741203
274.638437235165
296.070539960165
292.368336130008
277.789665464221
255.860042691047
229.199369455686
204.616460290068
179.571753545346
156.939359537843
135.825192306594
118.823225673799
103.830013095374
91.0042955458854
79.8359160216703
69.9354878739114
61.3183943022213
53.2942359464138
46.2252862954886
40.4221957185077
35.5608903257086
31.481566448199
28.2795617574943
25.3480006244993
22.8209330184465
20.593294340402
18.3567010860092
16.2936230485255
14.0326148415692
12.002929212734
10.5754548486179
9.49929449199203
9.11214912286364
8.93785232959921
8.73256835109788
8.54685786055553
8.07555189276345
7.53954879229413
6.87786538583055
6.15680757582714
5.43223095258809
4.73434175014824
4.12431286733977
3.54486465538576
2.96260536309004
2.42909149227869
2.04957753102253
1.74386042050924
1.44149794581354
1.20079820720807
1.03652936975856
0.936261867627092
0.910461635069319
0.952851710981016
18.6750636475383
