0.0415520464610999
0
3.68687449799517
13.2784222066181
28.1230975138919
48.0259822299604
73.474625828065
103.892505858753
144.068374715342
186.097608821751
229.691077342366
269.413438361264
297.354086004579
317.270048615856
321.389840208261
317.212222304499
304.778577195926
286.846682658924
267.214478074841
245.230899146969
221.937651525742
198.197852299072
175.832350399868
154.449600649241
136.540169351072
120.255273412429
105.50898346812
92.0365275377013
79.163145641165
67.3488769777181
56.8094426375122
47.708676001522
39.821990561117
33.1253631926369
27.5480524525885
23.4599908112604
20.2136812794686
17.4160287521815
15.0719400217548
12.8040282887311
10.8299644286599
8.75847608076186
6.93684525884123
5.64601584427763
4.69018720925439
4.27678708008843
4.09875799126086
3.95044717937186
3.87465218318111
3.75938442903432
3.64920051508289
3.41699608493326
3.15680757582715
2.85170811254487
2.55844427112418
2.34679038721737
2.17717993224678
2.0566319411213
1.97855314120726
1.94844719109551
1.96356433406074
7.38737910400892
