0
0
0.0172000731775457
0.0372668252180157
0.146200622009138
0.289534565155353
0.467268654656658
0.579069130310705
0.616335955528721
0.604869240077024
0.573335772584857
0.538935626229765
0.493068764422977
0.427135150575718
0.36120153672846
0.326801390373368
0.275201170840731
0.232200987896867
0.206400878130548
0.194934162678851
0.172000731775457
0.157667337460836
0.143333943146214
0.126133869968668
0.111800475654047
0.0946004024765013
0.0888670447506528
0.0745336504360313
0.0573335772584857
0.0573335772584857
0.0487335406697128
0.0487335406697128
0.0430001829438642
0.04013350408094
0.0372668252180157
0.0372668252180157
0.0286667886292428
0.0258001097663185
0.02006675204047
0.0143333943146214
0.0143333943146214
0.00860003658877285
0.00860003658877285
0.00860003658877285
0.00573335772584856
0.00573335772584856
0.00286667886292428
0.00286667886292428
0.00286667886292428
0.00286667886292428
0.00286667886292428
0
0
0
0
0
0
0
0
0
0
0
24.0911933359742
