0
0
0.0126975331458398
0.0555517075130491
0.133324098031318
0.295217645640775
0.468221534752842
0.57456337484925
0.60630720771385
0.59202248292478
0.549168308557571
0.499965367617442
0.438064893531473
0.388861952591344
0.353943736440284
0.309502370429845
0.269822579349096
0.239665938127726
0.217445255122506
0.192050188830827
0.165067930895917
0.138085672961008
0.125388139815168
0.111103415026098
0.0968186902370284
0.0952314985937984
0.0793595821614987
0.060313282442739
0.0523773242265891
0.0428541743672093
0.0396797910807493
0.0365054077942894
0.0333310245078294
0.0285694495781395
0.0253950662916796
0.0206334913619897
0.0158719164322997
0.0111103415026098
0.00793595821614987
0.00634876657291989
0.00634876657291989
0.00634876657291989
0.00476157492968992
0.00476157492968992
0.00476157492968992
0.00476157492968992
0.00317438328645995
0.00317438328645995
0.00158719164322997
0.00158719164322997
0.00158719164322997
0.00158719164322997
0.00158719164322997
0.00158719164322997
0.00158719164322997
0
0
0
0
0
0
0
31.8495901276068
