0
0
35.9868032272467
70.2907626771949
103.757624451415
134.448237182713
168.920785063223
199.27478258841
212.985280742266
217.114113317038
204.830808634153
185.776315611061
165.426906541
143.637430326813
125.69751362327
108.811290135998
96.0663497460241
84.8797618169609
75.0773985565957
66.2877365702672
57.080176525522
48.4833398134932
40.5266996980841
33.4312931550696
27.8092110330032
23.0579004774076
19.0349970656389
15.7038517720496
13.0137542676253
11.0206696588889
9.22497077950337
7.48037717409302
6.04938078910465
5.15309225409529
4.49082003284608
3.88831277001528
3.41643750916849
3.05969192463444
2.77836229043743
2.38957313065058
2.01934482934734
1.73856194261558
1.51145022042833
1.32559326462254
1.17615240517449
1.04218540865531
0.944996025250923
0.949861725144758
0.984753256487163
0.991046052597569
1
1
1
1
1
1
1
1
1
1
1
24.4050316883747
