0
0
28.8243313498606
56.6988337037482
83.6850586906962
108.226206239188
135.766547433284
159.758314285152
168.689787013365
170.110088179304
159.983862498077
145.208487570923
131.615117059046
117.173015784137
105.683310746732
94.7468467855208
84.798135412136
75.4743359006994
66.4371664544
58.1552627016392
51.0957587255388
44.8591305016974
39.6621009707707
35.1600266500252
31.3573809039559
27.9879897817442
24.4722305359539
21.1646475207868
17.9815821181438
15.021647936538
12.4935629979643
10.4099522547088
8.67118700898947
7.52202289279209
6.68724981976933
6.03473616546829
5.51696392876272
4.89647344970291
4.35063768257457
3.95556567196058
3.60246139053747
3.18456553580692
2.76884362007643
2.33343439669863
1.9337542437647
1.54850875427107
1.21074397803467
1.05684330287356
0.949000987277535
0.875238122951371
0.808600851312672
0.600576400898867
0.386551754126739
0.190477296110443
0.0193448293473444
0
0
0
0
0
0.00211275540430061
20.5659968915306
