0
0
0.00629403480835288
0.0163644905017175
0.041540629735129
0.0704931898535523
0.13091592401374
0.225326446139033
0.331066230919362
0.443100050508043
0.513593240361595
0.565204325790089
0.563945518828418
0.542545800480018
0.504781591629901
0.455688120124749
0.39274777204122
0.360018791037785
0.314701740417644
0.28449037333755
0.242949743602421
0.225326446139033
0.195115079058939
0.169938939825528
0.140986379707105
0.124621889205387
0.115810240473693
0.101963363895317
0.0868576803552698
0.0793048385852463
0.074269610738564
0.0579051202368465
0.0528698923901642
0.0440582436584702
0.0390230158117879
0.0302113670800938
0.0302113670800938
0.0264349461950821
0.023917332271741
0.0201409113867292
0.0188821044250586
0.0163644905017175
0.0151056835400469
0.0125880696167058
0.0113292626550352
0.0113292626550352
0.0113292626550352
0.00755284177002346
0.00629403480835288
0.00629403480835288
0.00629403480835288
0.00503522784668231
0.00377642088501173
0.00377642088501173
0.00377642088501173
0.00377642088501173
0.00377642088501173
0.00377642088501173
0.00377642088501173
0.00377642088501173
0.00125880696167058
0.00125880696167058
12.8062522043397
