0
0
66.235689169595
143.193615426514
220.55374421161
292.822592025711
378.871006614239
456.308152330433
489.070021688673
497.762353817031
463.603099662073
412.939236776356
363.986765692422
311.929397976634
269.416242431759
229.654581468837
195.859476138805
166.104824708277
142.053341348115
122.019692967357
106.92891145212
94.7430046177368
84.1337968663192
75.0498872682596
65.8420654762591
57.3896253050433
48.7250753225688
40.7949444683397
34.1870932175308
28.5041662836674
23.6993916372894
20.1095506045157
17.2641972220926
14.964078034499
13.1220099029518
11.3945487236589
9.95559053295572
8.84983596655025
7.94595537746033
7.06325868619001
6.2805487666552
5.54565504242764
4.89399701252846
4.34603532365929
3.84870271163134
3.34907751075819
2.87465218318111
2.37866199245284
1.92974928173809
1.52185472555147
1.180250491009
1.03018927415397
0.944996025250923
0.952903912243664
0.965408427139819
0.801398365293587
0.622195708689565
0.4683765442021
0.30485413522038
0.140551395027431
0
41.85555282462
