0
0
22.2730739639976
51.317897205561
83.4442260966244
116.208520352034
156.889863161229
196.797800687946
227.074365959887
247.961452265222
246.705111974976
235.821652984176
216.378790636319
192.408492998782
170.054303709952
147.432387561089
128.131396144747
110.625679694338
97.1752221423443
85.869825341701
77.2894103084198
70.2327503957106
63.9877430371128
58.5607122548438
52.7380867713697
47.3217636047748
42.1744328868628
37.5006578775106
33.7042285336605
30.5175047445377
27.4913369543114
24.401531600359
21.6230718037417
19.4092392049967
17.4799263013182
15.8020054069626
14.3447745892826
13.1517418248043
12.1026732503555
10.9016004230822
9.74173345217721
8.72078164329576
7.77665911976279
6.85254714453052
6.0000931238079
5.21496262344859
4.50770018455215
4.0007932677148
3.54720248963796
3.03079615050021
2.54720248963796
2.0007932677148
1.50770018455215
1.18252442991051
0.94909411108543
0.864357983727149
0.83801920506285
0.818859888245866
0.848980512210365
0.907957058480855
1.00757843741211
15.1325541701318
