0
0
99.8261866509884
192.413303486809
278.834317815554
354.847920952127
437.266552718093
505.850400614637
520.365450503716
511.273129970077
474.55033080595
425.459181365507
383.163391846452
339.541219507017
301.973579027484
266.78634532629
237.771821802012
211.806863829271
189.640353310035
169.917344582078
150.979050655799
133.759266459368
117.36630972709
102.614773190222
90.6164443875493
80.253718133181
71.5617799610158
63.9487542378782
56.2881805465415
49.3501817731151
43.1064816171587
37.4479394324353
32.5762569214674
29.0192419209488
26.1318348049602
24.0218597395227
22.2338293928479
19.9590827400666
17.7271083515645
15.1996971501284
12.7923470370419
10.744361409004
8.97644068773493
7.75938846317116
6.86624649062099
6.38985303201504
6.1140047347737
5.87298920356726
5.71784460735397
5.59500004956808
5.47204921590149
5.28975276461844
5.00820434842009
4.44749374169839
3.8070955258808
3.0644215967814
2.36952460277972
1.85690282001408
1.40937908749717
1.07776181686825
0.835624695722581
48.5389435720677
