0
0
86.2046818487779
178.040426672058
269.336622026005
354.129357991813
452.742352554925
540.886722644564
579.49411927581
590.953670182249
555.077817581855
500.611016640949
446.124328978137
387.912314564529
341.371593974906
297.777778160461
261.943300539576
230.06124412544
202.180933146488
177.646805586313
155.814300332874
136.534505112704
118.981543745853
103.705131460531
91.1264014368817
80.3678624065276
70.9615887243914
62.8768353109663
55.8280711814465
50.0438083693729
44.3966094679073
38.3718159438756
32.8607525497061
28.3720092555035
24.4465443289641
20.9282525475617
17.8769736639312
15.457475901623
13.4665714624162
11.5669103114768
9.9751902884535
8.88271412921543
8.0809383497746
7.6697468473924
7.37530997264052
6.89598039136744
6.3821987421418
5.60126510845929
4.79360561307437
3.93897840596977
3.14049325977276
2.67315889719584
2.31229607383821
2.11976936673342
1.95016168362698
1.55697934094255
1.16644532663058
0.839834052580237
0.523252347653111
0.22617738672781
0
36.0352457478754
