0
0
19.1675786015451
49.8547578059605
92.0504087872441
139.365317553204
193.746247523342
239.647044680881
254.015859750449
254.078274881599
238.061718806778
214.339588551785
191.600821724857
167.269345853025
144.379123593831
122.63368458208
104.495786392973
88.5303398523843
75.6673527526172
64.9837883368996
56.1366011986525
48.7811479223721
42.761327813497
37.6501974842739
32.7810618706733
28.2900060041735
23.405420108038
18.9300795975623
15.2408920339313
12.2182652027623
10.4324639568161
9.1043969848867
8.09577997562502
6.84124712187566
5.75701349451152
4.81194535716188
4.05883670789142
3.81566452892297
3.73856622915638
3.53994725165032
3.36771487450783
3.15283093934709
2.97637926033625
2.95278556694822
2.97638033742587
2.98559842084316
3
3
3
3
3
3
3
3
3
3.04269217192168
3.06087585623856
2.99635105986393
2.86107872481112
2.63826452494549
2.33965017458373
45.725932120509
