-101.629080083201
22.0106920076131
150.920924069273
273.601594130651
404.540431936275
523.51411209885
605.573533641747
649.893681052092
617.961904731067
558.244309059574
500.187956569021
437.775159197357
388.715790594699
343.240336423386
305.287146505922
271.484006393204
240.872374674591
213.231827558412
187.480888811556
164.409509417808
144.533696347048
126.946132514154
111.025851340437
97.0329471071029
84.9031305521734
74.417128463228
65.2431592539521
57.5007456583492
51.9023908330162
47.180171062908
42.3889835398936
37.3130798613129
32.4985132873633
27.6624010340152
23.3005251193203
20.1682325106711
17.7288029241358
16.163288873762
14.9979630058321
13.866888657556
12.8230617479691
11.4563423673569
10.1298996891487
8.89239146516175
7.81788719657083
7.24404586648555
6.79944100830532
6.34168133880136
5.88393760420763
5.11592792255658
4.34409413484409
3.73956052581466
3.2595986160314
3.09121492713846
3.01363545400068
2.93028412931455
2.8466814105432
2.64905847523843
2.43763398335711
2.23606711396766
2.02578644865182
105.938804999565
