0
0
73.9338753409162
147.400044168698
217.008348252803
278.771617205011
347.79852812749
406.035449009479
418.364511291795
410.653123223877
376.095150216571
331.249263187383
295.674554658076
260.028811329759
232.849896833952
208.017533166611
185.454793921271
164.932624005542
146.0698672098
128.977223154688
113.731054603775
100.089354471035
88.1533255861186
77.5319265449768
67.874825972847
59.1197468244985
50.852030994063
43.3393178738047
36.3227753411128
29.9476448704514
24.4824831068718
20.1490648446297
16.6346895863153
14.1484868177728
12.2800877404896
10.8439485483984
9.66796674918345
8.30328810017293
7.01044088211332
5.48826926295524
4.0617553227698
2.76555268712896
1.67013103407489
1.14179870706136
0.855199133501619
0.822770710709357
0.913248718067906
0.985261887779083
1.05500397474908
0.957814591344693
0.823847594825509
0.609530348301298
0.386551754126739
0.190477296110443
0.0193448293473444
0
0
0
0
0
0.00211275540430061
46.340720410586
