0
0
74.573111300291
149.613655995684
221.660054034541
286.833600031444
360.214194635742
423.777122779017
445.219652669012
446.179655064183
418.766425944407
378.985458254863
341.157387784412
300.750856051871
264.376378828576
229.650351855383
201.930927178961
177.510909992018
157.591772300396
140.335994883431
124.439321093616
110.354429336095
97.2441555870223
85.661824383166
75.8363882711999
67.2284880348232
59.668829681291
53.0980676355392
47.1220636418419
42.0323837558228
37.559341898859
34.0476784738868
30.9993583890139
28.3248347327192
25.8308200377244
22.6047784794669
19.4095219574648
16.201638432763
13.2496106236473
11.315751230163
9.67357016044982
8.10558871259539
6.693787040415
5.1427076593992
3.74526328341401
2.47117968077256
1.41302518260155
0.986421364205918
0.800102034944646
0.828855084907171
0.92965615793019
0.777084510351478
0.613448245873262
0.390469651698703
0.176152405174491
0.0579120407959045
0
0
0
0
0
53.7589863399091
