2.99318800316168
0
2.62289119717292
22.9704267709759
57.5062391065505
105.149730707102
179.336374015861
256.290842785441
325.577671337709
381.36989050103
398.862853491217
396.717072783672
367.969145346985
328.449349399703
292.389984231815
256.090363236077
227.032379032792
200.824840012627
179.786379323095
161.328573549651
144.042815278468
128.02438689969
112.12522193887
97.2556413584472
83.1171899731174
70.1770148624762
58.6526058427827
48.9261334133119
42.1400267059214
37.0162062776523
33.5815942400931
31.1875972399608
29.392436177234
27.003677286271
24.6221001546527
21.925071201558
19.3415423753897
17.0912336053854
15.0772861274258
13.4856029285479
12.1330340151102
10.9958575207727
10.0322856358011
9.02724322800526
8.15351719754362
7.70317007457299
7.34409628902332
6.80396432318239
6.2409505884102
5.53386472635924
4.86806331668337
4.37595397675429
4.00794721440555
3.93711709379031
3.96274380633558
4.08990660497347
4.14537245214086
3.86861541702678
3.39654883616376
2.71276893958612
1.82460233263346
16.3002082391241
