0
0
16.0832406052536
44.5767252294161
79.2248824574065
117.119706451727
166.459109249368
217.483464567185
263.530809825703
299.846800368225
309.248330773758
306.47544369547
288.743550664323
263.655770309681
239.120077425
212.645242303345
188.429120953453
164.73521843089
143.17154244628
123.049836003084
105.274055780164
89.3371153071649
75.6887240686882
63.8654687151322
53.7568923294495
45.236864600676
38.5604255675994
33.1484100600181
28.537403523143
25.0499581933491
21.7333416705333
18.3912646375832
15.4310706984811
12.6415479084191
10.2670705395269
8.768574566213
7.68320531594521
7.01987120362394
6.56914007938794
6.06431457224511
5.58971428361937
4.83228378873298
4.07293660247244
3.33857723143907
2.69045031215589
2.28059782450774
1.98769064597222
1.91450893999281
1.92849546158074
2.03540016263433
2.11000794949816
1.91562918268939
1.64769518965102
1.2190606966026
0.773103508253478
0.445828332485575
0.180312081076525
0.00979771759599402
0
0
0
17.4682908436363
