0
1.97099950219119
80.6648054823033
151.832604032975
216.97549627876
273.182698186147
332.266416731352
379.871455657282
385.730442706736
374.148704139676
344.860770962261
307.271340056531
275.666427166652
243.428439401899
215.285671640922
189.156978899643
168.09222257658
149.409653312328
133.131149109733
118.707629558389
105.667087601657
93.8803240832697
82.0063089370428
71.081678747364
61.5249929920143
53.0861109279239
45.8145670533935
39.6209365706074
34.7151936199746
30.9749264528057
27.6564571089206
24.900518436174
22.5778531725222
20.227715153533
18.1539121707255
16.3289934872017
14.7650819865733
13.7118337708112
12.8644697974854
11.9813235478747
11.1964961285288
10.3646088906939
9.61350874765684
9.07541686990819
8.61354136968116
8.29835378167586
7.99590191416549
7.59678757770594
7.09066312015081
6.21377515087754
5.26524152135879
4.24924997075657
3.28080369280563
2.5665212092303
1.96843894043277
1.58737884693847
1.31334709312232
1.10114337610552
0.985975016872672
0.941278244080618
0.982597762253953
46.8596394447986
