0
0.372075346608354
5.16474539270938
12.4951735956717
22.7612545118989
35.3734721849209
51.1296315612631
67.587432158244
83.715458001914
98.5867462372969
110.072622710129
118.91150478685
123.736889470472
126.074131660177
125.883996764247
123.672760753722
120.315354165056
115.915214958053
110.762331315943
104.793465141026
98.106755126238
91.2078968432609
84.4151276621972
77.7509934572961
71.421239336732
65.7759790151505
61.6717154701613
58.3080926836641
55.7394765030854
53.4936471610297
51.4505361391964
48.6977138721152
45.7345321023985
42.6437348706423
39.3625201818228
35.7134278451071
31.926765565444
27.7203237456431
23.7605059934299
20.5681052854102
17.951816704119
16.698407216941
16.0095646969337
15.4243962646568
14.9627438063356
14.4874148008523
13.9547976690196
13.0310147160981
11.95479659193
10.6258441610425
9.28321935569515
8.05662261369361
6.99796192874248
6.44065777067782
6.08245852464479
5.92850466976464
5.80942629396839
5.45067260552608
5.05091191998253
4.62980749363888
4.16665325723179
3.23695531543666
