0
2.99558625715402
133.860646088119
250.419761587043
354.874482981011
442.947578118666
533.187885598608
602.927274627876
600.280863948184
569.978755495095
518.337400492575
455.534225572372
406.269958127517
357.137157777845
313.601568832883
272.824044366151
236.135387019119
203.205751913336
175.884668376132
152.305178110729
133.1557906667
116.914408306831
102.411697129977
89.7329422200683
77.4541000402512
66.4413600475311
56.5884727405793
47.9504376341748
40.5427539729201
34.356352156875
29.1363020501304
25.1505999091132
22.022934248489
19.870407042735
18.1729123709904
16.4880765649671
14.8740560488242
12.6946657937536
10.4699127971592
7.87475444223606
5.41273763442679
3.56642068321278
2.08108855449016
1.328847299346
0.91724550334345
0.841344277743978
0.918507500251861
0.857330228146509
0.808600851312672
0.600576400898867
0.386551754126739
0.190477296110443
0.0193448293473444
0
0
0
0
0
0
0
0.00297043392613335
92.3761108162647
