0
0
0.02426580580469
0.0970632232187601
0.29118966965628
0.464516853975495
0.637844038294709
0.620511319862788
0.606645145117251
0.561580077194255
0.502648834525722
0.402119067620578
0.33972128126566
0.29118966965628
0.273856951224359
0.235724970674132
0.21839225224221
0.183726815378367
0.16986064063283
0.14559483482814
0.135195203768987
0.107462854277913
0.083197048473223
0.0762639611004544
0.0727974174140701
0.0623977863549172
0.0589312426685329
0.0589312426685329
0.0450650679229958
0.0415985242366115
0.0277323494910743
0.02426580580469
0.02426580580469
0.0207992621183057
0.0207992621183057
0.0173327184319214
0.0138661747455372
0.00693308737276858
0.00693308737276858
0.00693308737276858
0.00346654368638429
0.00346654368638429
0.00346654368638429
0.00346654368638429
0.00346654368638429
0
0
0
0
0
0
0
0
0
0
0
0
0
0
0
0
0
28.8144285547376
