0
0
35.6625260630064
71.609148595854
107.407429782037
140.733233220108
179.102087351427
213.448807271571
229.979542382261
235.926185168159
223.033090394088
202.293719695453
178.5351227581
152.65562868216
131.718406808786
112.205236221213
96.7819217584996
83.3875994979088
72.4559366263085
63.3270155209498
55.7494457443677
49.5337044950902
44.3230153737498
39.9281450983332
36.1635668101803
32.926985529665
29.711317720251
26.7660203143853
23.7911026692549
20.9584326686211
18.4671407969651
16.4837531569531
14.7988562185073
13.3099569157093
12.0054089868995
10.8842986119624
9.92529496919418
9.109463020995
8.38805707955861
7.68188916974939
6.98475325648716
6.23215676578565
5.5111987151538
4.75303671621632
3.98128636014987
3.36764467766972
3.03423254245537
2.8044014649192
2.70029220677664
2.63395377157005
2.40804213753083
2.15680757582715
1.85170811254486
1.55844427112418
1.34679038721737
1.17717993224678
1.0566319411213
0.978553141207258
0.948443838698099
0.963553892903473
1.02423840983062
22.3563570860051
