0
0
20.6464884064816
41.8443895910508
63.3293672730106
83.6665150969341
107.397941239415
129.055944300147
140.290851524859
145.492496549866
139.673546800648
129.412218369548
118.126182533109
105.490530374196
95.9994477727457
86.7992858453395
77.8193867620083
69.1812016664673
60.6473777350757
52.6986837903546
46.1516697468114
40.3597477298238
35.5070468726253
31.2358563342802
27.3265688920945
23.7337711586214
19.9659214384878
16.4611577976629
13.2840925649081
10.3960754017308
8.05510988179198
6.50072799309115
5.3379755227133
4.59741273633869
4.10222389983819
3.41537838404711
2.82829030974244
2.36169429908004
2.01915040498049
1.93612469412634
1.94499602525092
1.99104605259757
2.03975723123624
1.94886064394226
1.82384759482551
1.6095303483013
1.38655175412674
1.19047729611044
1.01934482934735
0.996957812901094
1
1.00304218709891
0.980655170652656
0.809522703889557
0.613448245873261
0.423357736638602
0.252190275568377
0.133108001745996
0.0380644911920196
0
0
17.6193448120297
