0
2.35998799489487
8.49298378037536
14.8295008953158
21.8076761827715
28.8142387614167
35.568055801156
41.3249707825186
44.8365250307173
47.0999247679623
48.0466025151496
48.1039133889656
47.5535972279393
46.4734578403298
45.1689900193156
43.7114272051109
42.2810993496262
40.7780558708963
39.6948990163381
38.6012362450679
36.9617508472245
35.066047176368
33.016973180979
30.9260066863161
28.7220333511229
26.4689801732827
24.3065631826263
22.3795151736963
20.7370919588213
19.3527568768022
18.4369186723033
18.0772114742787
17.9605082040808
17.765456058652
17.6050120633116
17.5616529326678
17.4385770934991
16.9150867935416
16.2429854283989
15.4847657437678
14.6055311369566
13.5139259340672
12.3808344861324
11.2986508131409
10.2966529703401
9.45017339915262
8.85835670084465
8.40810539413374
8.04042289673995
7.73542974901567
7.47372256656875
7.21439628505103
6.88937141694278
6.55347676918498
6.12580724058332
5.71181008644154
5.41186169883179
5.18334567272252
5.04312106562114
4.97843193033869
4.99331444666179
0.540678164447863
