0
0
5.90008310578713
18.1080746223681
35.2488456752164
56.3430395292791
84.0587679143503
115.227789594564
152.317826879269
186.826912880773
211.351650750071
228.913554467939
231.187926278157
226.309698883978
214.015080662116
197.822362312088
182.857403167805
166.766047035248
151.704378623299
136.718043753309
121.675883988187
107.218361660114
93.875089009338
81.6202042884291
71.8069300962926
63.3282843662615
56.2180375000998
49.9883193143024
43.9794642841178
38.662047992005
33.5550889031269
28.3515331751571
23.5196278746972
19.1405462156249
15.2408008977781
12.2376115321716
9.72433285247318
7.70604433878866
6.04446186344666
4.35215550151589
2.90074836054918
1.75516451017636
0.870539000822351
0.341583249161922
0.0272534528416027
0
0
0
0
0
0
0
0
0
0
0
0
0
0
0
0
7.34475919175249
