0
0.966684720266303
6.24997301249058
12.5287921605847
19.9040981882025
28.2041817602558
37.8631556835165
48.3230267530043
59.2158415513885
70.3534703606546
82.0615448747358
93.2306766838954
102.476564607384
110.82935008172
117.508788149336
123.609312982806
129.153486698672
134.524983336896
141.649489413079
148.895967127484
156.734837878902
163.781251968333
168.354443256957
171.490591137403
172.860204714361
172.696429901536
169.866143967819
165.83345956806
161.485405975622
156.237598916343
151.668474029769
148.282059802231
145.061938146547
142.638630048206
140.161654191685
136.648060494002
132.595565524236
127.777629010527
122.254530620566
116.000853418576
109.043097288325
100.928507377183
92.2709122525207
82.8918134112617
72.8522478102633
63.9167612139323
56.4569472737269
49.7948303270931
44.1962058790593
39.3541001803058
35.1528338154305
31.586228685644
28.456054992498
25.864107924662
23.9899041957893
22.4783697493753
21.0848446122771
20.0218384419051
19.217953287516
18.7115717836145
18.4965604661261
2.4090879893531
