0
0
0.0122953287525357
0.0421554128658368
0.112414434308898
0.259958379339327
0.437362408483057
0.576123975833102
0.620035864235016
0.623548815307169
0.572611024760949
0.532212087431189
0.465466017060281
0.412771750977985
0.375885764720378
0.321435023102005
0.293331414524781
0.254688952731097
0.216046490937413
0.187942882360189
0.170378126999424
0.147543945030429
0.117683860917128
0.0983626300202858
0.0948496789481327
0.0843108257316735
0.0737719725152143
0.0667460703709082
0.0614766437626786
0.0474248394740664
0.0421554128658368
0.0386424617936837
0.0333730351854541
0.029860084113301
0.029860084113301
0.026347133041148
0.0245906575050714
0.0210777064329184
0.0210777064329184
0.0193212308968419
0.0175647553607653
0.0140518042886123
0.0122953287525357
0.0105388532164592
0.00878237768038266
0.00702590214430613
0.00175647553607653
0.00175647553607653
0.00175647553607653
0.00175647553607653
0.00175647553607653
0.00175647553607653
0.00175647553607653
0.00175647553607653
0
0
0
0
0
0
0
0
23.824652187621
