0
0
10.2509571089109
24.0254253709357
40.9075732262613
60.0276300066225
83.822105036558
109.365808069326
136.754344529068
161.47828836855
178.589159405583
190.147600746285
191.702827235417
187.853453686037
177.065723798637
163.023042690165
148.438902892693
133.404788595578
122.11363559206
111.536604329649
102.149419419081
93.2604403141733
83.8197485140649
74.7223805310588
65.8055166558591
57.3668110949324
50.0761259124378
43.4605967279161
37.3797789869637
31.9187048398166
27.1219296267901
23.0106931257499
19.5431090102874
17.067971660858
15.0858409052492
13.3662740740206
11.9261646184716
10.3428705449948
8.89835002451341
7.60322912003404
6.47988916086111
5.7038748296934
5.07415437972956
4.51015880042946
3.98475325648716
3.3244804492962
2.70259786384113
2.09894688031469
1.56680224513574
1.22066657026441
0.964340854598267
0.917423531606678
0.914409414417354
0.768130562949047
0.613448245873261
0.423357736638602
0.252190275568377
0.133108001745996
0.0380644911920196
0
0
7.20706275305907
