0
0
9.17156318138159
22.4471287692845
38.4023601012584
55.9667173037225
78.1812283481683
101.398769282096
123.783253782476
142.573985302829
151.466205293343
155.323256282753
152.581258725505
145.816581442432
135.945388842595
124.008796948669
111.990364415524
99.5640791600524
87.5758923501355
75.9803992048722
66.253182366065
57.5014879573551
49.970302020002
43.3249605746242
37.1791505022585
31.8356307666902
27.8436892739665
24.5427970032293
21.5257235055061
19.0771491929901
16.7187456216778
14.3797388918039
12.2210671180357
10.0635571799251
8.09055022196487
6.41354707309259
5.02029950370296
4.06476607461528
3.3687040734602
2.98475993982989
2.76990301586691
2.66468423065462
2.61870702805722
2.43152638366648
2.20780658854961
1.88718849318185
1.53909944177684
1.14985408073302
0.774353907534916
0.423701112951579
0.121148430425414
0
0
0
0
0
0
0
0
0
0.000670841130494508
11.486310931139
