0
0
22.2192409764684
48.3646209762951
81.519671662943
116.84968907573
154.097060624238
184.217801813243
191.747509356693
189.278848045869
177.502161874839
160.791368446431
144.555782453284
127.4605548239
112.164010246097
97.8054644692973
85.7866642996708
75.0962750206204
66.0494556807246
58.1053658909352
50.6009249135643
43.9037041819989
38.0949804708028
33.1101510984651
29.086223917637
25.670681743797
22.51062063962
19.8428071073838
17.5538452806678
15.7449901375909
14.6009369978862
14.2006630279375
14.0452055622492
13.7082271349138
13.2802426991529
12.3687801038139
11.2852563498631
9.95534821228986
8.63729769911269
7.65152712488681
6.7756184292859
6.19787879819335
5.64592273367208
4.75317229278388
3.80942521687878
2.74408278694476
1.78063207999603
1.26654730411922
0.92913885809837
0.840377524341083
0.82306174796907
0.597041002728844
0.367714874507833
0.152830939347087
0
0
0
0
0
0
0
0.00962489276714342
29.5712532791148
