0
0
8.24359346511325
21.3475622145795
38.5613683743987
58.620444100305
84.6721784725039
112.930738440162
143.519635008938
170.548527545888
185.754603782428
194.356427040562
191.041276907735
182.088454462329
170.010435394727
155.503721821667
141.049816170354
126.229976921773
113.154836992411
100.885620449747
91.0439632921461
82.1159140054636
73.8176653546915
66.0354669563028
57.9142588579004
50.2266647608501
42.7165139812382
35.9091727642174
30.7876694767027
26.702844915447
23.1376979696221
20.3821171248427
18.0658673195205
15.5459436779834
13.2697481589352
11.25554966945
9.48423875197015
8.20272620318195
7.11346226044851
5.92857089078495
4.85949856347617
3.76619401720701
2.82809930625149
2.26947517572386
1.90219318419747
1.82855487552784
1.88275523104223
1.96756180646192
2.0662457562353
2.08561865549223
2.03565914540173
1.76733729523425
1.43729584069877
1
0.56270415930123
0.280826207038692
0.065837054778981
0
0
0
0
9.45877046901725
