-60.6030416771016
-2.97440740641417
76.4373244618638
166.411843224732
278.898345424046
395.921479900078
511.950086894521
600.300151745245
605.55922804087
577.947899575689
528.51336626205
467.363287193103
417.284346681268
368.486210144824
327.818082498864
290.733138784933
258.81086845188
230.311592559942
203.569728050142
179.244143419151
157.327341156799
137.785003161334
120.543970743386
105.309286604922
91.902283295084
80.3602878108369
70.4230972917538
62.0642486518648
55.5864171628381
50.5185003477117
46.7399987823469
43.9046998537053
41.4467250701707
38.5229155852699
35.515008925883
31.6891369318249
27.8147517935198
24.3537297857594
21.1307973357659
18.3950506405269
15.9536583214689
13.5962951734309
11.5269447612919
10.0445317378824
8.85462647076952
8.01665456510521
7.23801702471478
6.0273620525026
4.78580555430464
3.46537076609594
2.24941256810226
1.42625619152098
0.807388222710872
0.472542084310524
0.283219355695144
0.0957371882685632
-0.0236207396637489
-0.0845228439468464
-0.096596467857212
-0.0776774015128785
-0.0164903093087191
61.3120812823281
