0
0
16.6949903657974
36.249308850808
57.7167116053161
79.5953885053662
106.289274405346
132.515572805642
153.162915882355
168.000486528399
169.403806212999
164.537972481997
153.229008017776
138.557399013628
124.015281736729
108.944858715462
96.0206400461324
83.9167380322885
74.0616268789505
65.309923603055
57.5528854219685
50.7928640465583
45.1184757617556
40.143175485665
35.7159620839133
31.6975288995401
27.8609794856656
24.2368354608677
20.1321277933083
15.9262690870072
12.2819005545468
9.35976387136177
6.96907336656793
5.23652492265649
3.97512160991885
3.35379865865804
3.08991454581041
2.96594410557577
2.98359256013772
2.98221970068018
3.00400496202661
2.93433034520905
2.83909433833835
2.65966862315654
2.44155572887582
2.14829188745514
1.84319242417285
1.57404996766431
1.33555274140427
1.15803910257236
1.01934482934734
0.964519619363014
0.949000987277535
0.96756180646192
1
1
1
1
1
1
1
14.7667735943202
