0
2.62558711569862
75.879531998774
142.555141674737
204.094767355332
257.741275295673
314.438885250286
360.852274063525
370.423599027079
363.428422621207
338.389735709789
304.28396394594
271.521964389088
236.940942454437
205.617548141091
175.887820651787
151.175582484843
129.531226962844
112.911937474533
99.2728021155716
88.6755863879067
79.8877286425596
71.7047983689439
64.3932856887887
56.299587847434
48.8371651171681
41.8518713636246
35.7184243268687
31.7997739225818
29.2580913850451
26.7332915093988
24.1987837429777
21.7839517464709
18.5988365628529
15.5177755118839
12.9879947224842
10.7853604658789
9.35372816956571
8.23884486318974
7.24486262114336
6.43672182829602
5.56214451341036
4.81999283751446
4.392264000616
4.09065494339974
3.88181555548465
3.73835013305076
3.5828763195817
3.4375507668492
3.27609595160267
3.07025071826192
2.78199518945251
2.44130080272538
1.92537639780661
1.38655175412674
0.911704091164806
0.505770141479853
0.227965510818921
0.0277239391965656
0
0
56.6418344858326
