0
17.1770126544033
158.774897410374
281.58797670597
387.39051859549
473.040285155398
553.066482312923
609.054256518895
591.696293936689
548.738956100487
496.399442681764
436.168936880742
389.060493582098
343.438231823699
305.067103455871
269.945210975491
238.563797931744
210.193423647534
185.236664276663
162.842598698732
141.94623182706
123.06080530928
105.728985434627
90.3109594705221
76.9599982436315
65.546718190197
56.4360874325994
49.0107085914988
43.249350051859
39.2415238928906
35.4744149062731
31.944630604128
28.7637255921978
25.2321600540609
21.953090896361
19.2111955594132
16.7471458599526
14.7245940627788
12.8629644720535
10.80269619841
8.86734668518686
6.8419490702033
5.01260626456163
3.7030510992777
2.70142899074062
2.30637156178307
2.16856277988139
2.10452323164548
2.10609611127944
2.02652643323456
1.91031132858285
1.58660721424104
1.22689649174652
0.780939303397405
0.352304810348983
0.115824081591809
0
0
0
0
0
103.576875387662
