0
3.31053325378189
64.5459515154639
131.216172184023
211.585951926493
293.391096878464
371.945614964545
430.475435696572
433.050456005818
412.742817638562
376.437970608885
331.55218024716
292.497358574169
254.704377121399
225.378586984377
199.72555313702
179.408094469765
161.879753865115
145.347102558648
130.216131316692
114.465167402614
99.949526786885
88.0374233724184
77.7865433773233
69.479433991514
62.3272791078559
56.0172968433193
50.1489370606383
43.3949689478823
36.9616033816952
30.8981510576285
26.0182036494844
21.8673222623959
18.8850820857092
16.4649104933053
13.8924160878372
11.6116410423707
9.72520037482175
8.17510094303948
7.15866152264219
6.32047554935957
5.35430345840829
4.41809067979681
3.30266050872211
2.2357781911912
1.32873954370251
0.592991937659837
0.235255341382313
0.0452034080699775
0
0
0
0
0
0
0
0
0
0
0
0
0
42.3846326269609
