0
0
42.1416785945993
84.3351458316542
125.197883026512
162.492950580545
204.597302154466
241.444090081391
255.505122966273
258.157191744668
245.044533466565
224.468077938412
202.728728460414
178.742306214669
156.61674840269
135.125100931638
116.923703431394
100.563792782951
87.6915803001473
76.7331414239501
67.5336305165851
59.6157860801255
52.2564116531287
45.7494172645482
39.671232550414
34.1801375148017
29.3373159528216
24.940149365076
20.6455491596843
16.6767452598673
13.0113697761964
9.31947055099869
6.08937784996708
3.81940744642504
2.12884753302856
1.33806715336397
0.98304532993736
0.877743908369279
0.939013025948653
0.738226533642848
0.562449233150796
0.358031458160623
0.176152405174491
0.042185408655307
0
0
0
0
0
0
0
0
0
0
0
0
0
0
0
0
0
40.5713199669117
