0
0
0.00799397627342296
0.0559578339139608
0.206511053730093
0.451659659448397
0.599548220506722
0.63685344311603
0.632856454979318
0.586224926717684
0.523605445909204
0.460985965100724
0.419683754354706
0.379713872987591
0.343740979757187
0.315762062800207
0.277124510811996
0.246480935097208
0.226495994413651
0.18785844242544
0.159879525468459
0.138562255405998
0.121241973480248
0.10791867969121
0.0866014096287488
0.0812720921131335
0.0732781158397105
0.0679487983240952
0.0612871514295761
0.0532931751561531
0.0479638576405378
0.0373052226093072
0.0346405638514995
0.0333082344725957
0.0293112463358842
0.0253142581991727
0.0239819288202689
0.0239819288202689
0.0239819288202689
0.0213172700624612
0.0173202819257498
0.0159879525468459
0.0146556231679421
0.0133232937890383
0.00932630565232679
0.00799397627342296
0.00532931751561531
0.00399698813671148
0.00399698813671148
0.00399698813671148
0.00266465875780765
0.00266465875780765
0.00266465875780765
0.00266465875780765
0.00266465875780765
0.00266465875780765
0.00266465875780765
0.00266465875780765
0.00266465875780765
0.00266465875780765
0.00266465875780765
NA
65.6484428918307
