0
4.0901699636087
95.6415388433054
178.073190442842
253.083783764368
317.501631892685
384.045606428068
437.06043887061
443.784731430014
430.502529027958
397.224159266559
354.075707735252
314.271239532667
273.464055376859
238.866600962107
206.906380948982
182.092934883016
160.636911003425
142.584017883689
126.836726171711
111.450514863019
97.671334683068
85.1379640790171
74.0816356116594
64.9783504543098
57.2072593583493
50.672888065092
45.1521099347598
40.0829360430721
35.836487927631
32.1373381726455
29.2068714486436
26.801344257475
24.9592998548952
23.3339262529842
21.4223119018107
19.5248515922709
17.3139189125877
15.177211800965
13.1673961038643
11.3522966335979
10.0931768612131
9.12489028955052
8.5986717395207
8.23622073774067
7.76017769674912
7.34253463471346
6.99104605259757
6.64221862177372
6.16282218618836
5.66303505697175
5.21031456268787
4.75375867890614
4.23470381066216
3.68779704996968
3.0945437570366
2.53381206554034
2.06896658180821
1.6471480774125
1.28139497701355
0.964321768709822
64.4567840863401
