0
3.04175183267603
55.2111123640799
102.671925051126
146.430766679979
184.468102107986
224.683930293262
257.558689590377
263.646102263881
258.077922327368
239.082018557471
214.035715168732
193.327677179969
171.831972669014
152.4635052968
133.798857475485
116.355835814055
100.255978962756
86.4816188449259
74.4195774284017
64.6875353891547
56.4945618919712
49.6512554798147
43.9711365002917
39.2356206397252
35.2245784318724
31.3972809580411
28.0486764344156
24.9992680218131
22.3685056503818
20.0756515284104
18.2774888192615
16.7550009014365
15.5094704611117
14.3885169201162
12.9863769379604
11.6450011286894
10.4363822579149
9.28375384188581
8.25179738387576
7.27315706462623
6.28790050222017
5.36855044786873
4.41269019829155
3.51321047201064
2.83175911184359
2.2570371729387
1.84367341513075
1.49761909941538
1.01532356644801
0.577789100471529
0.304850996206474
0.109906648939189
0.000793267714796375
0
0
0
0
0
0
0.00479484087731738
31.1214629535863
