0
0
97.0271514648985
191.273327636583
279.270913199604
356.145936539181
440.808597258247
510.579031470071
519.797973291243
503.335404996142
455.041221096902
394.488859277889
346.144440579469
298.377837929417
262.169189684211
229.951373766873
202.566072935499
178.650361069
157.526659247309
139.041488529142
123.291322263778
109.486333169648
96.4829340808914
84.6751139437325
73.3107797024958
62.9767364906822
53.7165173843554
45.463818085279
38.293170988619
32.185939939496
26.9754255896171
22.8920877107758
19.5798275514796
16.9092729609737
14.7838190839367
13.2280031850234
11.9523388130935
10.4540816364764
9.0150849411703
7.4678616576503
5.98856721502282
4.48262411202293
3.12793240047045
2.15632900579458
1.41790329280285
1.04647946807268
0.862342829153337
0.849504957431612
0.933754243764698
0.95860785905949
1
1
1
1
1
1
1
1
1
1
1
47.3728578324355
