0
0
40.1358316307677
100.338516466338
167.103125286709
234.824067550613
320.766753256608
404.523106778641
461.348488711663
497.653545496067
486.253665433741
456.111463124233
416.796993808499
370.673359190884
332.665816556242
294.953195797479
261.216318801048
229.548906678924
201.310720555391
175.664745324446
153.154125121772
133.212049110648
115.788512019244
100.668794430759
87.8347959267804
76.9362853510627
67.9157334919684
60.3744717733895
53.8795086139795
48.8040297348275
44.0721891256889
39.7721045149637
35.8069255467872
31.7255041292209
27.8801368397583
23.7877391482327
20.0226186711638
17.1036808064265
14.6681087771479
13.085900977782
11.9168321957264
10.9332665824288
10.1534778387111
9.30733207123
8.55231234076554
8.12063839074457
7.65013542201904
6.7249898373621
5.69702707459907
4.35250273771296
3.04266541957288
1.98561794180509
1.09271918471011
0.807940202596813
0.710413363527491
0.545767256094921
0.420042219383791
0.282242778903689
0.173206795827722
0.0688772385110656
0
29.3054701613196
