0
0
29.2799760232276
69.7037142924175
115.839671286582
163.998463409231
224.79786156451
285.583581483017
334.720309316253
370.579793463254
372.208585054386
359.808112777832
335.019183922597
303.553077709613
276.786725650673
248.946765149397
223.794452898133
199.383514452846
175.532276397672
152.978503380244
132.705212666714
114.270174568629
99.0025265892688
85.7018949391611
73.8482585540317
63.4406010781601
54.1047980523037
46.0491504032373
39.3386818700679
33.9608848190798
29.3320098894901
25.5765536717207
22.5464457385465
20.2699391524897
18.4532096323711
16.6802054990102
15.1165974951763
13.5831271106977
12.1716014699254
10.756412348358
9.45929393223232
8.34832444655629
7.37424240009896
6.65236631368679
6.00810304786112
5.30974233707528
4.64750076528416
3.8849853380686
3.180250491009
2.57869802842504
2.08949424705029
1.924128559625
1.87875026901562
1.97334597128041
2.08675128193209
2.02561592634369
1.87840379238638
1.61160189838533
1.26341363723017
0.824284779970882
0.297495767424233
18.6078432017626
