0
0
50.8566398159885
102.136902817159
151.99971494706
197.463955951664
249.124237913429
294.289468809075
311.056711791242
313.364027819646
292.727002181759
263.114704869128
235.836980168485
207.051839362428
183.772536306445
161.785337090018
143.250422182536
126.248863096513
109.44851808456
93.9733196356527
79.8521769410452
67.394565027686
57.3927867545883
49.1329396160398
43.474114609881
39.0678314291987
35.1866627990083
31.7990496302972
27.7001207346861
23.6854510090424
19.8732050226037
15.974015677647
12.4479426734361
9.76711730133217
7.61314084529909
6.19777019928119
5.22640284355656
4.73477554034798
4.49629660072339
4.29302747559943
4.12221600296697
3.66427300353333
3.16779443116294
2.59046200728696
2.00551028745849
1.42370111295158
0.889992050501846
0.55143920724612
0.301054292351988
0.122431126450339
0.00409808583450771
0
0
0
0
0
0
0
0
0
0
33.6102631239156
