0
0
0.00840766958343438
0.0252230087503032
0.0588536870840407
0.0924843654177782
0.0812741393065324
0.0952869219455897
0.0924843654177782
0.103694591529024
0.126115043751516
0.128917600279327
0.123312487223704
0.112102261112458
0.103694591529024
0.0952869219455897
0.0840766958343438
0.072866469723098
0.0644588001396636
0.0588536870840407
0.0532485740284178
0.0504460175006063
0.0448409044449834
0.0476434609727948
0.0392357913893605
0.0336306783337375
0.0336306783337375
0.0280255652781146
0.0252230087503032
0.0224204522224917
0.0140127826390573
0.0112102261112458
0.00840766958343438
0.00840766958343438
0.00560511305562292
0.00560511305562292
0.00560511305562292
0.00560511305562292
0.00560511305562292
0.00560511305562292
0.00560511305562292
0.00560511305562292
0.00560511305562292
0
0
0
0
0.00280255652781146
0.00280255652781146
0.00280255652781146
0.00280255652781146
0.00280255652781146
0.00280255652781146
0.00280255652781146
0.00280255652781146
0.00280255652781146
0.00280255652781146
0.00280255652781146
0.00280255652781146
0.00280255652781146
0.00280255652781146
0.00280255652781146
0.25311247929794
