0
0
44.7243947545276
96.8519947290964
150.582209282229
201.96404266078
263.85648693498
320.965742932449
351.208240121546
364.749342110256
345.261095706249
313.028765792372
278.100969796788
239.792704704065
208.299223600124
178.548085148639
154.225486077995
132.886507292072
115.111055569441
100.098438999711
88.8028243229896
79.6375664403472
71.5487894389205
64.5743975165428
57.4604666218969
50.9603986296232
44.8144609537815
39.265893472994
34.4412211300128
30.2454598767024
26.5451754768359
23.4933699899427
20.8673385084358
18.5107223334302
16.4546218339951
14.5556875023926
12.8889244779603
11.6474556345858
10.5249738528159
9.20521470557569
7.93208711599029
6.54823497093037
5.27365999715391
4.28674227115611
3.45786170037115
2.89389571196949
2.81794024961099
2.89925579471241
2.95543807647555
3.03575226920963
3.02652643323456
2.98065517065266
2.80952270388956
2.61344824587326
2.4233577366386
2.25219027556838
2.133108001746
2.03806449119202
1.98293537249395
1.95874181770494
1.96628973634536
25.8814127746919
