0
0
22.1216479864349
48.7276553125399
78.0078847009318
107.799768748507
144.467748869908
180.405752540871
208.3066461169
227.666729912369
226.317461112412
216.286686379869
198.55505125157
176.81184099777
157.381872228166
137.608014035153
121.242494499938
105.858374154428
91.0814549938466
77.4531723494814
64.9161973757958
53.9801104811192
46.0276010628328
39.7799551785432
35.6435071212491
32.6370239996917
30.1697120641485
28.1720286884587
25.515001674489
22.9255481719212
20.3975991112461
17.8415520912317
15.4493956738354
13.338413466578
11.4496505999859
9.85040278530078
8.47560007153564
7.34755588923589
6.44939567383543
5.77648722890004
5.28489835776423
5.1077748454436
5
4.82734876748024
4.61310361679084
4.06081378054254
3.44155572887582
2.72923883526428
2.03868965869469
1.58075499568263
1.22954975393273
1.07546263417904
1.00409808583451
0.955565671960583
0.949000987277534
0.948873778160267
0.959569302138845
0.962773246940318
0.973670532121468
0.985665168696727
1.00297043392613
14.5474274147114
