0
6.31353557471257
90.3832471621541
164.219140950878
228.985731769983
282.454257052075
335.053346936224
373.931627442296
367.014216717058
343.776799799633
311.85876701875
274.599327798522
247.288488507463
220.683098172601
197.323690484909
175.599996519188
155.726444538422
137.564408501974
121.287169327613
106.637033274
93.7818328923131
82.4502165850288
72.4508488567524
63.7319712158503
56.115735284931
49.5629253658705
44.3049736902048
39.9036543613479
35.8395256051343
32.4594796667131
29.384464239541
26.6882191425479
24.2857028274043
22.0467993839269
20.0051540607491
17.9853684293877
16.1209540060586
14.472509718411
12.9736977226167
11.5872505970017
10.3544516411102
9.31575865753318
8.40999466930859
7.65236631368679
6.97235077865149
6.32440023129354
5.72184956938058
5.03327722552374
4.39064983996125
3.79775872502763
3.29989359600254
3.07242044708013
2.95309907311204
2.9231274784225
2.94900098727754
2.94887377816027
2.95956930213885
2.96277324694032
2.97367053212147
2.98566516869673
3.00297043392613
56.0918165641729
