0
2.0063852299026
8.67481528436427
16.4580948282094
25.6499711734149
35.8807898582254
45.7066082812864
56.7418504261814
70.9893694229423
86.5409886973077
105.827895854986
124.01346651874
136.501703734185
145.622257631564
148.378809907434
148.045262496112
146.619365931973
143.542124342275
139.776017065679
134.865596128297
127.820719777119
120.329960169481
114.47792826184
108.671661688745
103.142284868294
97.2253645846637
89.4201210184737
81.1762413676799
72.695002982165
64.4062236564774
57.2784729326536
50.6834629868471
44.7893615460851
39.6400575189581
35.1338850788832
31.6003102700777
28.6358465027207
25.9993567059661
23.6436828230589
21.192979144174
18.9370871495935
17.0453826571701
15.3994825137536
13.9890733172137
12.7118090093519
11.4869137504409
10.2914205521986
9.22234349945659
8.12859147032743
7.26754475334733
7.068812635066
7.17490125786303
7.73843235988821
8.31181173031183
8.43589067566344
8.35905213254972
7.9196549401561
7.3064784559541
6.59414612399592
5.73582399788977
4.78874146200847
3.65082475203071
