0
0
66.2292146086934
129.000262235909
187.637257730962
239.245702310068
295.536141913408
342.429116468832
352.438105384047
345.982031230215
320.183405680131
285.511273571348
254.493235692717
221.996254825656
192.053333931846
163.626519157219
140.20066424071
119.670734020213
103.621481783544
90.1982226674885
78.9487298062407
69.6453530099972
61.8480956092936
55.1574502843702
48.5492741879105
42.6145136369112
37.1085127661415
32.2670215473192
27.9616390249378
24.2110930767405
21.1746191286135
19.5043475218693
18.3109280818357
16.96133934758
15.7205106291353
14.1830855419859
12.6988444070891
11.4294050597674
10.2200077222452
9.0301074429398
7.89374550725393
6.72015381550578
5.63660703375626
4.67685164102493
3.84763513908979
3.40287862653285
3.05480955038222
2.69755022905706
2.34770029308951
1.75043048163188
1.16090566166166
0.614178409062022
0.140493259772759
0
0
0
0
0
0
0
0.00843611593394524
61.3891940051926
