0
0
5.37044566911927
11.2128505628737
17.6179815984633
24.2900610342408
32.0630414908254
39.9057720386907
46.5368563119833
52.4333840024801
57.320961828783
61.0428072881164
63.2530818745181
64.3690757598876
63.8931402423781
62.6664624262987
60.7177695311284
58.4023851369275
57.2919182387872
56.0578761679155
54.3967356107347
52.3317817288608
48.5866327795762
44.6296622632986
40.8963935812659
37.5898912912142
36.1389602805182
35.1999609874462
34.6117641049486
34.517436561292
33.8810857456619
31.8835723269892
29.8013385233099
28.028210933473
26.5101661358526
26.4955349449008
26.6770383209763
26.9181671033465
26.7725364869938
24.820251754408
22.289319012067
18.5828649011806
14.8438689227426
12.0945810056814
9.82627266932921
9.19222706608962
9.00893080080629
9.07205453487479
9.1528864602293
8.20087033106534
7.07453980758738
5.73592113434241
4.43244218938082
3.67253081600511
3.0508977121635
2.53195612536784
2.10119350412944
1.72226083263562
1.42530726552337
1.18264412284351
1.01056457829066
1.48754227195688
