0
0
0.00944306720963514
0.0409199579084189
0.113316806515622
0.283292016289054
0.469005671411878
0.632685503045554
0.60120861234677
0.585470166997378
0.547697898158838
0.475301049551635
0.465857982342
0.406051890014311
0.371427310245649
0.343098108616743
0.292735083498689
0.245519747450514
0.210895167681851
0.179418276983068
0.160532142563797
0.144793697214405
0.13535063000477
0.1164644955855
0.0975783611662297
0.0849876048867162
0.0755445376770811
0.0723968486072027
0.066101470467446
0.066101470467446
0.0503630251180541
0.0472153360481757
0.0377722688385405
0.0346245797686622
0.025181512559027
0.025181512559027
0.025181512559027
0.0125907562795135
0.0125907562795135
0.0125907562795135
0.0125907562795135
0.0125907562795135
0.0125907562795135
0.00944306720963514
0.00944306720963514
0.00944306720963514
0.00944306720963514
0.00944306720963514
0.00944306720963514
0.00944306720963514
0.00944306720963514
0.00629537813975676
0.00629537813975676
0.00629537813975676
0.00629537813975676
0.00314768906987838
0.00314768906987838
0.00314768906987838
0.00314768906987838
0.00314768906987838
0
0
30.3932207500374
