0
0
41.2572765360186
83.8114330302949
126.518412215106
166.713517557039
213.265584025451
255.560605056471
277.303841957344
287.152160760604
275.97865290414
255.782439629913
233.894405458443
209.064995366677
186.860870660454
164.593362686485
143.640555739838
123.829495218785
106.438917858862
90.7747576933719
77.1863752635084
65.467303849327
56.3274554027782
48.8728825154755
42.9814483136113
38.1832459396917
34.0466283589333
30.5290776728156
26.790668100717
23.3797913979536
20.3081502694551
17.5867809110353
15.229279731258
13.4393370961476
11.944510553812
10.5926936411215
9.38923763833727
8.19590745958558
7.1012576278556
5.99454684430014
4.98769064597223
4.1323059370526
3.40570215910722
2.89169036608692
2.51154334423623
2.26345885526596
2.10990664893919
2.0007932677148
1.94499602525092
1.95881567254719
2
2.04118432745281
2.05500397474908
1.95781459134469
1.82384759482551
1.63087788412611
1.43993308670087
1.29641023809192
1.16066931883294
1.04870399384665
0.952343946121582
24.2585674657598
