0
0
81.9199811105272
174.573423998624
266.410585678565
351.555347111762
451.459835935156
540.667835725506
575.746654480661
583.795108552535
547.921849947173
495.152004382065
448.042691747376
398.367857023193
359.342619130024
322.347477893919
290.092886616989
260.055881827831
230.702888031587
203.204835479483
176.587784278725
152.080011667487
130.978771781623
112.468216906038
97.7646708354629
85.3023523457707
74.2503736016357
64.6872160221668
55.7839633848906
48.1390616731434
41.4294231787051
35.6556299774133
30.8348320418623
27.5082090800615
24.8242316776543
22.3219817111042
20.0470079616121
17.2924985012887
14.5965715150431
11.6799712594839
8.95593516203814
6.9086814318288
5.23764462504278
4.12281558796917
3.32430278316698
2.81164806192548
2.49629660072339
2.25754709496244
2.09056181959185
1.81031597160435
1.55844427112419
1.34033137684346
1.16090566166165
1.03323146125288
0.944996025250923
0.923432650578767
0.924989656678408
0.923523939375307
0.940488650015238
0.965503059034344
1.00479484087732
52.932785664122
