0
0.0880623571535466
123.737783710488
234.155248515862
333.59911603842
417.638324849499
505.15443774449
573.211684728517
570.194570733983
539.851892073986
485.47675486339
420.544035411728
370.968819505069
323.025854095451
285.228023596312
251.796745596102
224.5299550678
200.980554984639
180.244173647147
161.948541377511
145.188496892912
130.00653488668
115.124215262572
101.230093485236
87.7618223924141
75.4188255045552
64.4791784290381
54.8805548419105
47.1530140454295
40.9510600490765
35.7238276066562
32.0161349680067
29.1111163208151
26.3717487852296
23.9874996424813
21.6053554478526
19.3789621288336
17.0252312606765
14.8702840746719
13.0178960675805
11.3950599328539
10.1752846134227
9.17438397684112
8.42199310006072
7.83701500050372
7.19684691515603
6.62904303934443
6.22695875794993
5.87465218318111
5.5746110797397
5.26665372298276
4.741796081841
4.17205431933999
3.55356214435671
2.94499602525092
2.4413023612256
1.99861953137594
1.63862983149717
1.34483147165754
1.12506457611406
0.974514549054319
65.8339400208027
