0
0
8.35678745803013
22.0000650202855
39.7027915506034
60.3698658508943
86.9174053954846
115.858022282735
146.980934079804
175.397566621765
194.953742135787
208.72235806693
212.641889378071
210.589708603219
202.313638329565
189.984026946841
173.959557290097
156.219885525661
139.926336177028
123.805150083576
109.942922599396
96.9590973183299
84.9541380907458
73.8372816023026
62.993351901253
53.14112543703
44.9649490238127
38.0087293852964
32.6728971243582
28.6849782292096
25.0824133664714
21.8648938060296
19.1658000403852
16.767808739902
14.6945203588101
12.9889838928247
11.5154865475014
10.2297934998038
9.02288399930336
7.47506617211197
5.94224146250575
4.47327864397411
3.12621278824251
1.96697964051007
0.999991823248931
0.419329256456877
0.0437540165117829
0
0
0
0
0
0
0
0
0
0
0
0
0
0
8.71933643230603
