0
0
53.8377582362773
110.184741574323
165.104741640369
215.197601739497
272.573756061043
322.772720301166
340.522874339886
342.21950284328
318.715277840466
285.174162045422
254.865356746943
222.974153027303
196.518784574721
171.509389508722
149.589258189053
129.721692285471
112.314286454274
97.0769065879401
84.4255935964409
73.7122201043159
64.8632640551663
57.4083915422151
51.1641066797834
45.8533736142308
40.5381880737926
35.7807140698928
31.5115839897974
27.8179767149102
24.6496301762021
22.3431697845915
20.3579676258421
18.5339117398233
16.7405457799174
14.271825899824
11.773937179042
9.14677572425807
6.71261136800013
4.86812989297952
3.37717853260614
2.73028048822235
2.39955735746241
2.14406551606042
1.97351147500094
1.55918425995836
1.15539537420317
0.749869369556498
0.390649839961247
0.146042968071026
0
0
0
0
0
0
0
0
0
0
0
38.6158946346209
