0
0
0.0149010876336961
0.0327823927941314
0.0625845680615236
0.110268048489351
0.134109788703265
0.178813051604353
0.223516314505441
0.262259142353051
0.312922840307618
0.327823927941314
0.369546973315663
0.402329366109795
0.435111758903926
0.423190888796969
0.426171106323708
0.414250236216751
0.390408496002838
0.360606320735446
0.333784362994793
0.312922840307618
0.283120665040226
0.253318489772834
0.211595444398485
0.193714139238049
0.169872399024136
0.149010876336961
0.134109788703265
0.128149353649786
0.0983471783823942
0.0804658732219589
0.0715252206417413
0.0625845680615236
0.0476834804278275
0.0447032629010883
0.0417230453743491
0.0387428278476099
0.0327823927941314
0.0208615226871745
0.0178813051604353
0.0178813051604353
0.0149010876336961
0.0149010876336961
0.0119208701069569
0.0119208701069569
0.00894065258021766
0.00894065258021766
0.00596043505347844
0.00596043505347844
0.00596043505347844
0.00596043505347844
0.00596043505347844
0.00298021752673922
0.00298021752673922
0.00298021752673922
0.00298021752673922
0.00298021752673922
0.00298021752673922
0.00298021752673922
0.00298021752673922
0.00298021752673922
5.04827701706358
