0
0
23.0121586551934
66.1562418668852
118.203056370725
174.438346248907
248.152258748581
323.56736398341
388.262714234715
437.00259932859
441.437877720801
427.505190565318
394.176861309718
351.857149303944
315.042483206891
277.731505973273
247.138529624091
218.91062458566
194.493666069802
172.694328098341
153.642732789047
137.04951345471
123.329507410391
111.502791783221
101.011764480495
91.7160912755449
83.1133634946742
75.2458313463016
67.178515436155
59.4979533908513
52.5911183965435
46.7496222468601
41.5564137594248
36.9222049994858
32.7941376410937
29.0216349468759
25.6760581994176
22.6390358565348
19.933990652515
17.6389110506451
15.6650479651497
14.0284051367241
12.6257459242527
11.2831319887396
10.0769986454067
9.10525931668828
8.20325223242463
7.13211954568405
6.1043963614807
5.06204701738444
4.10874937346565
3.38453560192612
2.8003895831194
2.4527431180474
2.23355471595934
2.06953550072359
1.9688639469548
1.89321859961895
1.87471219524128
1.90298017272176
1.9845337252101
22.6403107523898
