0
0
55.249751927266
116.780976357782
178.173034873776
235.155786673421
302.250756326345
362.207207127307
386.410884202528
392.069378830591
365.266263297994
326.016627416572
289.27161179034
250.853141277002
221.632065131068
194.651010703967
171.31330838825
150.294639572765
132.342488871476
116.462035685031
101.130686332716
87.4163850347447
75.2778349683086
64.9029580507
57.3683764778381
51.3256149412099
46.4864859360739
42.5687466241703
38.5930029093681
35.196198575348
31.9737478837512
28.794534180697
25.9692306504777
23.7928064182253
21.9064564932504
20.1842078373651
18.5896456050847
17.0767794229302
15.5941034165259
13.8854317353036
12.0991177168675
10.0354823620912
8.01614091608488
6.15386117965837
4.49786242793884
3.2742659474692
2.32753464059998
1.96406343568468
1.81776329496427
1.65565006524953
1.5624492331508
1.39921578561343
1.23115637992357
1
0.768843620076431
0.554310534704882
0.36492274337928
0.219934177467229
0.101157968848181
0.0142070528809921
0
31.0881814632437
