0
0
56.1835646067426
113.606319587418
170.088268306717
222.156888349045
281.681686038752
334.418377016751
357.041346244051
363.38975264707
342.671576262607
310.687756555944
278.397870326257
243.437500822756
213.501275492278
184.713157269853
159.867638198407
137.393732742698
118.589937769869
102.104056250831
87.554738498727
74.8579769559121
63.5024260600441
53.8227066728541
45.775529271243
39.1661295965832
34.4681024358765
30.8682735034231
27.8090768586456
25.7103304708484
23.4182535679993
20.3902214461023
17.4993306129136
15.0534779859066
12.8749618533101
11.1511779978223
9.67084929968023
8.44070937807996
7.41195983529809
6.30603962968138
5.34525423850516
4.67070216432403
4.17054081715704
4.01066646510554
3.95425976946149
3.77961867458336
3.61344824587326
3.39351183879761
3.15680757582715
2.85170811254487
2.55844427112419
2.34033137684346
2.16090566166166
2.03323146125288
1.94499602525092
1.92343265057877
1.92498965667841
1.92352393937531
1.94048865001524
1.96550305903434
2.00479484087732
31.2934129043197
