0
0.114219916383622
8.29069196922513
17.7940781369481
28.904001446421
41.1196272137971
55.9009979463479
71.4766887534545
87.0814140001979
101.277618378343
112.30771989852
120.535117681963
124.250370231623
124.757763871724
120.913513803435
114.444160171885
104.934063922336
94.1968491341045
84.3579310402097
74.5776879292092
66.215531284587
58.3250178109573
51.130699050551
44.4593545053858
37.7494079010961
31.5293921324894
26.1389601226192
21.4396581438641
17.7606725037492
14.8700331250913
12.3171904525617
10.1208884510516
8.32936714098408
6.89063008017771
5.73164419028936
4.80269411452305
4.07370845008817
3.4686549253651
2.98484638029506
2.52185472555147
2.12515339245203
1.82497386582261
1.5624492331508
1.26570777465007
0.984753256487164
0.642761809554174
0.331547779377662
0.1403390212552
0.00409808583450774
0
0
0
0
0
0
0
0
0
0
0
0
6.90927375148532
