0
0
85.1402038476324
166.620713788352
241.674336690812
306.654314055171
377.152215956008
434.474025060796
439.394308420849
423.013189497045
384.238681517883
336.278698290139
299.404237086595
262.962477533511
232.888020159238
205.533823201575
183.122701254829
163.607951876907
146.131220257049
130.783310267853
118.006124372536
106.746119976425
96.0832092783174
86.2337863245178
76.0257012998329
66.4416594483808
57.2502810410318
48.9474804939516
42.5260520212549
37.3692896748547
32.9999755547268
29.7390806786027
27.0887886353833
24.6856367334837
22.6114620318465
20.4970603128465
18.5320128270328
16.6231801021895
14.874835009921
13.3833100532136
12.0205660274804
10.7180968482482
9.5112918389617
8.319107511599
7.25815832749065
6.30487533835819
5.51063757403722
5.1292637499537
4.90210006038958
4.83975774231439
4.82384759482551
4.65375686285302
4.42221089952847
3.99025278488277
3.50763968276858
3.02785483289543
2.55789134814739
2.14227266085936
1.74651081336101
1.39017541117942
1.06163865785617
75.6359419066852
