0
0
0.0195345115657396
0.120462821322061
0.404798489667825
0.588205848257269
0.617507615605878
0.609910861108091
0.573012339261694
0.513323553921934
0.482936535930784
0.435185507658976
0.396116484527497
0.34945070689823
0.306040681196587
0.271312660635272
0.24960764778445
0.227902634933628
0.198600867585019
0.176895854734197
0.150849839313211
0.128059575819848
0.106354562969027
0.0922463046159924
0.0835642994756637
0.0737970436927939
0.0662002891950063
0.0607740359823009
0.0564330334121365
0.0510067801994311
0.0401542737740202
0.0336427699187737
0.0271312660635272
0.0260460154209861
0.0227902634933628
0.0217050128508217
0.0184492609231985
0.0162787596381163
0.0151935089955752
0.0141082583530341
0.011937757067952
0.011937757067952
0.0108525064254109
0.00976725578286978
0.0086820051403287
0.00651150385524652
0.00542625321270543
0.00325575192762326
0.00217050128508217
0.00217050128508217
0.00217050128508217
0.00217050128508217
0.00217050128508217
0.00217050128508217
0.00108525064254109
0
0
0
0
0
0
0
81.1434272069605
