0
0
45.9993500917533
102.462197519585
160.668636961483
216.385020733377
283.846772328576
346.162748804586
377.702732296783
391.604872865881
372.366868824967
340.144846135293
306.903694092985
270.239394773076
240.149320423361
211.182203148456
185.612407458667
162.086825738949
141.102153872069
122.383686552103
106.610401103009
93.0561811126519
81.6985240018184
72.0562602374924
64.0734742492483
57.2041241336512
50.9440085261191
45.2245073957318
38.8305922503354
32.5759874345879
27.1401532371743
22.4994058347032
18.6172204137334
16.1051540376266
14.348249860219
13.3612086655894
12.7701510222442
12.1396689491713
11.6047992247897
10.9037413054409
10.1745539559347
9.18369205008947
8.14869760819285
7.07733112618117
6.07274217810559
5.31018230620239
4.68644535012928
4.3454742115839
4.09369363344377
3.93108034462244
3.75750871478231
3.31199125645939
2.82384759482551
2.19047729611044
1.58204898864858
1.23500881739406
0.987890964030431
0.834636236903037
0.780598697575974
0.826438557991996
0.969804873242115
45.351821559429
