-2.24708506789527
1.36852187358965
6.20774895749413
12.1039986943008
19.3472019517484
27.5473402297058
36.9572584389767
46.4342761600684
56.008299068185
64.3070808377611
68.7287000022106
71.4480909654509
71.7386357628903
71.3059526374936
72.3051225233792
73.4241021002953
75.4813118724191
77.3854121361805
77.896649072439
77.7983962583074
76.8968159681865
75.722979569316
74.6630649998098
73.6715029422362
73.2401494824065
72.8231421508492
72.7295801691912
72.3248535142313
70.3302709891758
67.8420653970024
65.3289173877648
62.6105032151028
59.7549078807619
57.0477886052655
54.192660255584
50.5561630921251
46.941739396078
44.0267556332467
41.4008106354144
39.3589670023388
37.4207113175614
35.1086611349511
32.837857767897
30.2607264425905
27.8673854965296
26.3081360352393
25.5330169872639
25.0529706575902
24.4667869011168
23.8389338813141
22.9958778816761
22.0901826813182
21.0047941067034
19.7454161117684
18.3430797911181
16.8968553764765
15.4575753913768
13.9612012801842
12.4013383428033
10.7999582373987
9.19002873608003
1.51794022142842
