0
0
9.51238466160068
47.7650885992556
110.088109055579
191.441832175362
311.326288601212
428.206609533347
511.460655213388
568.910930885171
565.596533497327
536.485458415687
489.890908900182
434.226894568411
389.339985254119
345.484768275113
306.49449833598
270.3601173349
237.334701937062
207.488499213456
181.759191442717
159.545493226908
141.708772396787
126.425051648984
112.842520790136
100.659317371321
87.6738030737198
75.8497483562799
65.848331627522
57.4343192529152
51.932674708592
47.8888202695698
44.6761713753053
41.0141854818567
37.3154640528287
32.8585619370849
28.4800649449186
24.2283222306561
20.3553309317227
17.7155983034338
15.5561372685275
13.7944875369754
12.2044131535672
10.0763007824328
8.0352181224069
6.33634958654752
4.91346640992979
3.99322714193507
3.32842276376512
2.846697923268
2.52416886701573
2.35523199867053
2.22783097678565
1.97749856236633
1.67972628999611
1.20899615016337
0.735429749015667
0.368166353694542
0.08985441278068
0
0
0.0123380507751
20.1360939608784
