0
0.685328951967847
52.5948512736
99.0602018262665
140.980609172402
176.554506384277
213.468041215406
242.402208208556
242.361190343047
231.182042842583
210.323020390495
184.870278777349
165.964945318005
147.359445251504
131.226371410076
116.069883841474
102.028592008144
89.1807163544495
77.7856737577176
67.7316863477039
59.3649486819427
52.1415410815762
46.2126954774111
41.1429801131325
36.5623998093386
32.45148310037
28.1221921475061
24.0767389633811
20.389935188085
17.0420464884344
14.1881509377522
11.89255202458
10.0119985325777
8.6766843992928
7.69134790560384
6.95807145737849
6.42620768480402
5.95635893967538
5.58179406249814
5.2714117214659
4.98875821851378
4.56813820736079
4.15539537420317
3.81474575663266
3.49264786540618
3.217003729345
2.92965615793019
2.58356502714213
2.22689649174652
1.78398149049631
1.33295998100164
0.893893521200172
0.503440296375107
0.290193101988218
0.145658918148818
0.0313974863819262
0
0
0
0
0
45.2159373618414
