0
0
103.833304701762
206.031166857442
302.677773343605
388.379485212768
483.685568924351
563.951547705358
582.045329224075
572.138457004064
525.590349629087
463.772718621796
410.200479086325
354.979008065004
308.326593543202
264.807699822964
227.022037155827
193.653342857927
166.4655157135
143.60248570003
126.069576289978
111.825054912167
99.7254387630061
89.4498484185176
78.8029180007658
69.1449173516328
60.2924464212265
52.3538183125319
45.3770605828345
39.3403459309275
33.9124919669764
29.3367402580836
25.2642717404491
21.1162815013068
17.3925906487287
14.1658101257005
11.4293918236884
9.52215527196921
8.00095117545834
6.82659328487843
5.88205437525041
4.74615102102881
3.70836307745005
2.61192948967791
1.66728334752182
1.22897955583147
0.988656917954811
0.909262851919044
0.929749281738086
0.940907777742327
0.984753256487163
0.991046052597569
1
1.00895394740243
1.01524674351284
1.03928319209298
1.02411063500431
0.926665443702454
0.784639128585723
0.587334240861574
0.340461682375104
49.1347462169095
