0
0
0.0065927372713634
0.0477973452173847
0.181300274962494
0.449954318770552
0.591698170104866
0.649384621229295
0.647736436911455
0.590049985787025
0.552141746476685
0.499399848305778
0.415342448095894
0.365896918560669
0.314803204707603
0.281839518350786
0.247227647676128
0.21261577700147
0.178003906326812
0.156577510194881
0.140095667016472
0.126910192473746
0.11537290224886
0.100539243388292
0.0824092158920426
0.07746466293852
0.0642791883957932
0.0593346354422706
0.0510937138530664
0.044500976581703
0.0362600549924987
0.0346118706746579
0.032963686356817
0.0313155020389762
0.0263709490854536
0.0230745804497719
0.0164818431784085
0.0131854745427268
0.0131854745427268
0.00988910590704511
0.00988910590704511
0.0065927372713634
0.0065927372713634
0.0065927372713634
0.0065927372713634
0.0032963686356817
0.0032963686356817
0.0032963686356817
0.0032963686356817
0.0032963686356817
0.0032963686356817
0.0032963686356817
0.00164818431784085
0
0
0
0
0
0
0
0
0
48.4694094443768
