0.94022327808093
1.26393592129056
5.66632563923857
14.1204081919161
26.7295712265781
43.3557670760931
64.2130906407586
89.0277949998451
120.745398476075
154.539296363111
189.43220631713
223.554517115038
254.121133739936
280.998655237539
301.83131621575
317.098149312036
324.033900848998
325.174205789673
319.431438218798
308.670377645037
293.196260119016
274.367324826313
253.554286921862
231.217249741587
207.78168578052
184.327864366866
162.672853708635
142.411037986289
125.357566589147
110.229980392933
96.7393701531163
85.4315799803884
75.6399949357268
67.1377668276814
59.5635958248761
52.2466552113593
45.6363719463952
39.2525180495539
33.5192469652721
28.5230150668028
24.2957874214681
21.6210997895171
19.6506324910849
17.8413221370135
16.5523402643998
15.3351965146949
14.2545049078635
13.2710067349677
12.217003729345
11.1512972883687
9.98719125955165
8.79735906982645
7.36061138666336
5.97244390245939
4.86783347438945
3.96822727776456
3.34533032457275
2.93551824223722
2.77027429843838
2.83103969900829
3.11899470220122
5.38329469141965
