0
0
0.0222368577675159
0.11118428883758
0.289079150977707
0.497297000982629
0.588265964577012
0.608481289820208
0.582201367004053
0.539749183993341
0.497297000982629
0.462930948069195
0.392177309718008
0.367918919426172
0.319402138842501
0.283014553404748
0.246626967966995
0.208217850004922
0.190024057286045
0.171830264567168
0.139485744178054
0.127356549032137
0.11118428883758
0.101076626215981
0.0889474310700637
0.0828828334971048
0.070753638351187
0.0626675082539085
0.05458137815663
0.0464952480593515
0.0404306504863926
0.0363875854377533
0.0363875854377533
0.0323445203891141
0.0323445203891141
0.0222368577675159
0.0181937927188767
0.016172260194557
0.0121291951459178
0.00808613009727852
0.00808613009727852
0.00404306504863926
0.00202153252431963
0.00202153252431963
0.00202153252431963
0
0
0
0
0
0
0
0
0
0
0
0
0
0
0
0
0
48.6729754894104
