0
0
54.1014220788364
106.269588608171
155.756727454034
199.710948148323
248.397286807414
289.463041281124
299.415434749003
295.203488935115
271.000348551424
239.111892227091
212.467106005493
185.529535613796
165.044524773721
146.45174267981
130.25661942351
115.807315405027
102.654277742737
91.0067036938835
81.270925634878
72.8181869432305
65.266324011664
58.5852320199464
52.6044805554068
47.2147746322827
42.0130128729893
37.1644565172958
32.4056811361152
27.9485128636726
24.0465540625377
20.8127929075329
18.0001454488404
15.7546839843463
13.8669938793534
12.1624471309685
10.6461222832414
9.02876352539433
7.53088817358358
6.24556682182229
5.14405229215798
4.24312135638359
3.49655152687382
2.90317847772123
2.46054433151376
2.23102066172788
2.10990664893919
2.00974721511723
1.96024276876376
2
2.03975723123624
1.94886064394226
1.82384759482551
1.6095303483013
1.38655175412674
1.22291416624279
1.09015604053826
1.004898858798
0.953700598876875
0.945984666631582
0.975622423431703
33.7773090810593
