0
0
92.9237669314467
181.436903478415
263.796482929119
335.684639818548
413.943245801272
478.278582749458
487.338432663599
473.199240509474
432.373131988514
380.181427084326
337.761301423923
294.827318394302
259.20209242225
226.154045964012
196.013093443083
169.023651135361
146.699872656635
127.58583969059
112.955389389647
100.726755607071
89.2466725868144
79.1103059877133
69.0882265801392
59.9298143900056
51.6695373157351
44.1952831071468
37.3686693949193
31.3310421484423
26.0805389873607
21.5464229400495
17.7589139252632
15.176082283517
13.2495290738265
11.86598029775
10.8342312366101
9.64401293601103
8.5625423569587
7.51637722769991
6.55530553749908
5.57463542189141
4.66710052078194
3.85777019727362
3.16359154587219
2.6699546608801
2.30389855802915
2.13130485585011
2.02334979137396
1.88989601716963
1.77284858210304
1.57709215476322
1.38655175412674
1.19047729611044
1.01934482934734
0.954182610355371
0.92205390925145
0.903080964176037
0.913544077212351
0.945074596672948
1.0021127554043
63.10874213166
