0
0
8.66209827253143
24.4686661360632
46.3580957507756
73.2453861866366
108.006450537518
147.17530013279
194.293108733786
238.88024872551
274.247001687201
300.8993796087
307.548049645098
303.622200545115
285.129207243301
259.922932883377
232.402720806061
203.200279907284
178.530880760315
155.29567678219
136.36049085914
119.56459732089
104.767837951958
91.665412474267
79.9666507271801
69.7079603715644
60.9111205421126
53.2817712217661
46.343887378957
40.4185385868719
35.1681901996699
30.7454305464719
26.9794222868415
23.6113104515943
20.7465952088764
18.481928345335
16.6132490656312
15.076602026512
13.7667642822418
12.3979849696969
11.1688469071802
10.0074982957331
8.97555001406017
8.27789030051997
7.6532986009174
6.99439490666339
6.33645851160329
5.44637275314021
4.53935436792727
3.61742840964863
2.75394150564602
2.16226305556716
1.67235588208999
1.26650104236487
0.929749281738086
0.598965298293797
0.331579396752991
0.138845576090753
0.00945977531770333
0
0
9.4585076294455
