0
1.81637709934745
9.40431967470316
17.8507917416259
27.3710511454718
37.6241011982122
49.4588790657869
61.7924088945015
74.8849529987536
86.7411280304113
95.1569759345301
101.410648899946
103.946563411684
104.252435866748
102.119850157597
98.4701213221547
94.3200032830919
89.5562416944546
84.5475338887636
79.2837108078426
74.5472119382321
69.8417219626847
65.3998027815143
60.9480054024555
55.6414042655025
50.4125827518575
45.8413246724848
41.6414875015635
38.2686654827778
35.4033279718953
32.4995075831503
29.4834955881637
26.547202489638
23.3914792136917
20.3056588096115
17.4927598253213
14.9168321957264
12.7244144921897
10.8319098439112
9.29679648988473
7.98803527505465
7.08258606328813
6.29356254674194
5.21039394222656
4.12201421010677
3.13066367991051
2.10976114648741
1.20253962961459
0.716952263399889
0.406701053114131
0.230893066242845
0.145658918148818
0.0242775138504454
0
0
0
0
0
0
0.00481207519853078
0.0579486734852656
3.74708123140365
