0
0
55.2076927543376
121.684650582707
189.84503216267
254.861516852266
333.073079280873
405.124680315343
441.286915358325
457.162902142658
435.037816367705
398.046039452718
361.449256996699
321.158642810586
286.853951881935
253.67627152061
225.18256074339
198.969713842914
176.142384247452
155.45361372702
136.366357905484
119.100719552696
102.568167008693
87.7723851712784
75.5289857522589
65.1166175412837
57.2124019278414
50.7980576560635
45.0956526955982
40.6673155933271
36.4053436090788
32.3421168497733
28.5152350422269
24.4198034472355
20.5446806430379
16.5591652587645
12.9592206014815
10.4629378132996
8.48384640433915
7.34223032902107
6.54818862404976
5.7376918476061
4.99677156344291
3.81133370682921
2.65473066497059
1.6611283089627
0.815603704607918
0.290345039624967
0
0
0
0
0
0
0
0
0
0
0
0
0
39.2902502331636
