0
0
0.0307842454485812
0.107744859070034
0.292450331761521
0.526410597170738
0.5879790880679
0.63723388078563
0.627998607151055
0.5879790880679
0.551037993529603
0.483312653542724
0.434057860824994
0.384803068107264
0.372489369927832
0.335548275389535
0.292450331761521
0.27705820903723
0.221646567229784
0.187783897236345
0.160078076332622
0.144685953608331
0.123136981794325
0.11390170815975
0.0892743118008853
0.0831174627111691
0.0708037645317366
0.0554116418074461
0.0430979436280136
0.0338626699934393
0.0307842454485812
0.027705820903723
0.0246273963588649
0.0215489718140068
0.0184705472691487
0.0184705472691487
0.0184705472691487
0.0123136981794325
0.00615684908971623
0.00615684908971623
0.00307842454485812
0.00307842454485812
0.00307842454485812
0
0
0
0
0
0
0
0
0
0
0
0
0
0
0
0
0
0
0
36.1886529531242
