0
0
41.1942854886882
92.3777488180478
158.077260021281
228.264180081026
302.94320462207
362.382608607568
372.23904191342
361.462990724834
332.167463626305
294.241728509224
261.814784255885
229.811887699541
204.758643055467
182.436610644604
163.073762426782
145.830152513153
130.666547817598
117.052309445017
103.690702514948
91.3195549511825
80.6857997039108
70.8167532344681
60.6023507308312
50.7981873429106
40.8600298450744
31.9258436314488
25.0181286421645
19.505556392614
16.3094575018546
14.2627476228052
12.955737331394
11.4062783600786
10.0690238329102
8.72218032660278
7.53780432101641
6.45906904541593
5.54261720946048
4.9447043867183
4.48691375044092
4.0743245435584
3.7383643898007
3.3822556974343
3.09244273321824
3.02702369876377
2.98636454599932
2.85169132178301
2.65590586515592
2.22132489961039
1.76198405237483
1.3822556974343
1.06882307064411
0.965407686555146
0.939124143761443
0.957307828078318
1
1
1
1
1
1
43.9075716162257
