0
0
0.00705864937701866
0.0329403637594204
0.112938390032299
0.256464260698345
0.411754546992755
0.529398703276399
0.548221768281782
0.567044833287165
0.531751586402072
0.477635274511596
0.437636261375157
0.399990131364391
0.362344001353624
0.33410940384555
0.301169040086129
0.249405611321326
0.21175948131056
0.181172000676812
0.167054701922775
0.15529028629441
0.12234992253499
0.103526857529607
0.0894095587755697
0.082350909398551
0.0799980262728781
0.0682336106445137
0.0541163118904764
0.0470576625134577
0.0423518962621119
0.0305874806337475
0.0305874806337475
0.0258817143824017
0.0188230650053831
0.0164701818797102
0.0141172987540373
0.0117644156283644
0.00941153250269154
0.00705864937701866
0.00235288312567289
0
0
0
0
0
0
0
0
0
0
0
0
0
0
0
0
0
0
0
0
0
34.4372623091439
