0
38.8845550823416
189.122725267249
316.220276656125
421.394004007878
502.901255870049
569.428718002976
608.987851903658
580.865482814379
529.965403009691
478.262575888596
421.286597446433
376.325948933411
333.403012090116
296.738711158452
263.268326710224
234.058279598308
207.963918088995
184.499338743388
163.380640793819
143.600460437939
125.762217195024
110.157759770932
96.4353516960354
84.0962884178219
73.3383375279046
64.6549157949686
57.3612122458333
51.1590943138356
46.2452382047368
41.3509378202764
36.0078321964525
31.1060159064877
26.6268134671432
22.7343754933693
19.9974637493558
17.8558499162101
16.6523409155894
15.8293322514027
14.7564302379729
13.7235493191793
12.3669854055631
11.0302990626588
9.87611322188035
8.79369873688227
7.80547039500641
6.89399701252846
6.14214241075424
5.42230402333637
4.61634549723195
3.79335410779984
2.79142285695818
1.84299799980599
1.04687923368689
0.375747725530835
0.010932025095561
0
0
0
0
0
97.6784720005456
