0
24.8790199813885
157.779965934613
270.813640939752
365.231804188917
439.001987360672
502.631905905134
542.373325916628
516.386659831895
468.223793239071
416.793998134515
360.114844697876
316.16879429177
274.45762786831
238.770878709401
206.682188002619
180.117105857691
156.908375176992
135.740384172457
117.305739309605
101.179343565964
87.4851292898638
76.6717062778756
67.8760528752293
61.2227812463846
55.9693970970044
50.9817015543314
46.7290374133138
42.8832847268068
39.6669727036696
36.4293860452066
33.0673729889479
29.859369383158
26.6219946391952
23.5134327761367
20.6539695778275
17.9830745310858
15.6538477898548
13.5797147246635
11.6021415142093
9.79974565884401
8.37392097600927
7.11759638918324
5.89942253815452
4.81650947480693
3.7014293642547
2.70319741907399
1.9632717811814
1.40554035676469
1.18088238687264
1.09465990542635
0.991839320312366
0.944996025250923
0.958815672547188
1
1.02602591488599
1.0150862741373
0.918920428396976
0.779586913568498
0.584713643635138
0.341132523505599
80.5662490918167
