0
1.19100303479712
5.67031610756802
12.0755639952137
20.7131776285715
31.1246376162388
44.4161548317656
57.8797536063863
69.3921272923548
79.753702693662
87.0329633202451
93.0260105213404
98.8278652289527
103.947269966254
109.33740835573
113.618025089227
116.276190287416
116.944101164163
113.935658682926
108.81795822906
101.138780113895
92.4604895978542
84.3216693027365
76.1114757963493
68.4779316774353
61.3796929844024
54.9434796888854
48.9955654257997
43.9869109187433
39.6008248342214
35.8988331861408
31.7982590673069
27.9324717921467
24.6554135095576
21.8267539320639
19.3956102456841
17.3256856539773
15.9844573115879
14.85033373306
13.4141111537275
11.9377638926578
10.1218612068279
8.38929754291407
6.9908714550105
5.83602045890552
5.15441699833999
4.88308837450967
4.80425389674939
4.72610361044119
4.6797252129065
4.55664085590591
4.42859073074639
4.24273754432055
4.02361966257413
3.84716906065292
3.63228620258179
3.27668321860607
2.88958924924635
2.51188951133055
2.11342228421259
1.7156613936042
3.0041906317372
