-18.2698866812409
-8.58762941235656
24.5312131264357
74.8881486329723
148.915525304284
236.432945567008
347.627325894787
446.300708514987
489.054713875155
504.144805864709
476.398979683093
431.513534462244
389.787222490121
345.286488022229
308.240191494957
272.752875194952
239.495326216165
208.417208563671
179.187157517359
153.010718800323
131.946131091185
114.167729573875
100.26066423878
88.6904758402351
77.785373892895
68.2772025497486
59.4484430682607
51.7658339058889
45.8366064935744
41.0229227782231
37.211335338266
33.5838532100625
30.2622181767064
26.8246501084555
23.5950731017642
20.2394395826262
17.2339376509309
15.2437416081578
13.7953670199695
12.9743033016481
12.4365379451519
12.0085319567114
11.5262080153629
10.4435007185084
9.26457025098433
7.9420553296338
6.69593579891727
5.99148672153554
5.4869126733513
5.26627005748044
5.06087693332818
4.47301322169544
3.83304487945291
3.15735320047719
2.4974138013905
1.96088542542505
1.52416886701573
1.24194791034903
1.05748794493153
0.955472710098618
0.947194816551848
32.3626027166663
