0
0
6.30867488582732
24.3943764392981
53.044772924004
89.979654280597
142.646680342396
194.65987478838
234.719058455927
264.207320988758
268.840213859125
261.613839239664
243.820548340273
220.080994144449
196.190630163321
171.701575560217
150.934007305773
131.680355373127
115.433577373794
101.048264354855
88.3050878746208
76.9312178680235
66.3797311997653
57.1307973357659
49.511527321443
43.043439478255
37.7609950703342
33.2765946849945
29.1039996884202
25.3937931970688
21.9069337616071
18.6506298336959
15.7919154597187
13.5186340863539
11.69116600332
10.4309979818926
9.45899488761961
8.68253450823208
8.01383837044597
7.01366981821907
6.04226876728495
5.25844744564239
4.59867910016535
4.21001110216846
3.92914101227761
3.60866438582842
3.32694140590569
3.10607926430854
3.03639045124167
3
2.94920796960149
2.87030107311733
2.62584416104253
2.36771487450783
2.15283093934709
1.97637926033625
1.91547715605315
1.90340353214279
1.92232259848712
1.98350969069128
2.07482163002379
15.843508525319
