0
0
3.5380382126661
17.4780925106718
38.5796237244933
65.4798895024264
101.626947387033
142.912704939617
193.169801374583
240.423929244924
273.755345426456
298.122652227834
303.268943892608
299.172923904314
286.451702248908
268.098586826726
248.438805765639
226.75311172366
205.695362328287
184.556010823673
164.12167941508
144.835071863913
129.02295414745
115.033587834927
103.38999087247
93.120268440499
84.0202947260016
75.7151587844835
66.9124941189207
58.495923037481
50.7657644099449
43.62108051987
37.144458768053
31.8558986085448
27.2748067483002
23.0949953914304
19.4821861183166
16.3322315888279
13.6970900189686
11.8669861438983
10.4398374616769
9.29950609775943
8.35435851730233
7.21498904948722
6.15949346003768
5.10160864003161
4.15260126966049
3.43615585205658
2.86234282915334
2.51017466179065
2.2805487666552
2.14908515516993
2.05910206058359
1.94581845684336
1.82384759482551
1.59918826406172
1.34321646546641
1.06885694187764
0.76857277707811
0.447821851142034
0.103726843194584
8.39355223797179
