0
0
16.1741815199514
36.6402529989604
59.8072927600126
84.136091300325
114.209544975543
144.562956944444
170.480687049696
190.846705719496
197.607328616028
197.82820195184
191.578081878002
181.080989696517
168.521054582254
153.973369463718
139.011079070043
123.818284910965
109.674725119132
96.4202923007665
85.267705019726
75.6743013853925
69.0731410203274
63.8454020262725
59.8298327650618
56.4016110644158
52.647749687935
48.8967795027629
44.0258319184891
38.7319068057086
33.8365796052194
29.2069319601713
25.0294526086353
21.8211068923623
19.2214234327963
17.5676093166877
16.3419210805132
15.3390828359062
14.5372378896356
13.6474119542018
12.7950212355743
11.755719504228
10.6950338694293
9.76833837643675
8.84406557234755
7.72673842200854
6.61754633170777
5.48637434491449
4.4607992576642
3.76632161269205
3.24488962125346
3.06346649967771
2.99285630434828
2.8809420697672
2.78809532561588
2.61903485437936
2.42361302384403
2.18584892873469
1.91897897954013
1.62170340340495
1.29577606242282
10.8532871651738
