0
0
20.4473391690402
45.1385482399382
72.4205457080897
100.296464520527
134.586476597218
168.296074640946
194.886821798457
213.674000413235
213.720869830083
205.680821893373
189.406860441907
169.147403060905
151.063625587647
132.754546811725
117.841366743235
104.006270180738
91.3947393877106
79.9281204563889
69.681404448023
60.6563862731394
53.4078976346227
47.1985229819098
41.8754305917632
37.2314414855124
32.956039453916
29.0153909186941
24.7540360571651
20.6009806371942
16.8455860043335
13.3989501298732
10.3709044862318
7.95099003611503
6.03803078728628
4.94629434447118
4.27355527571904
3.94645736347066
3.8044014649192
3.57553032972801
3.39155561016026
2.97313815779271
2.56270415930123
2.278839319044
2.04316027642989
1.89399701252846
1.91742353160668
1.98475325648716
1.99104605259757
2
2
2
2
2
2.0301658167536
2.03911239265001
1.9912577999909
1.91069303877438
1.78428428977676
1.62046869003862
1.41878575395428
13.1689104344674
