0.477470094790201
0
3.41893448132482
12.6963889539456
27.3389825897392
46.9201098582643
72.4179232439108
102.674101186197
142.10557019397
182.416772728162
221.916287000992
256.535799840707
278.364681050522
291.284061168194
287.280131585243
275.164881466274
254.584165452703
230.008086796602
207.022323094812
184.140742715912
166.305178312009
150.121234464392
136.068860742127
123.415844989395
112.026916469938
101.586742108212
91.4204497043283
81.8954849718813
72.5556236888608
63.7071842800914
55.9286142162699
49.5458776893353
44.0322619153591
39.5732526658127
35.7727460959361
32.0734841262227
28.8589117914783
25.9890174616286
23.5272814226498
21.819131242159
20.4517008860633
19.3516539623899
18.3863002488522
17.1357796592877
15.8486130086994
14.3391383435145
12.8773346465157
11.7189324895259
10.6538050323424
9.7070101154396
8.79504459690074
7.93469950515792
7.08335762215656
5.92589935905176
4.77720159408799
3.80685153751862
2.9978376161791
2.43632676198533
2.04619799083905
1.85774439961927
1.85287744836616
7.24516621787157
