1.27305000404057
0
2.60304748392021
14.4626149326402
33.7271884916641
60.4610051291643
97.8575440802463
141.117221302486
194.052630074089
245.715828691337
288.293513141644
321.432371203276
333.101930366884
333.253076782314
321.092989746631
301.658815281643
280.358348571097
256.441024680152
231.383761690402
206.309210156744
184.422912352342
164.289663405417
147.831332727157
132.809581809208
117.961790825417
103.779431201255
88.5885438477855
74.4846663002004
63.1705583984958
53.5468055156403
46.2896876927945
40.3988643479625
35.6350419555711
31.0594907426934
27.061812287344
23.8686344790211
21.1310002522112
18.3696809504198
15.8344583684462
13.419954470841
11.267545830437
9.63799514326455
8.22234349945659
6.79590589286949
5.5005492044416
4.23073308025221
3.15128159528889
2.47169116502285
1.98432755183142
1.70826856307775
1.54778960667948
1.31706208787895
1.12969892688267
1.00809985847683
0.939124143761443
0.957307828078318
1
1
1
1
1
9.58098002099486
