0
0
0.00914967871863331
0.043134199673557
0.0771187206284807
0.168615507814814
0.262726488920756
0.419578124097327
0.533295559600341
0.606492989349408
0.585579437992532
0.556823304876827
0.507153620404246
0.457483935931665
0.416963930177718
0.37644392442377
0.343766500428651
0.307167785554118
0.270569070679585
0.235277452764856
0.213056804448176
0.18691486525208
0.1646942169354
0.145087762538328
0.130709695980476
0.115024532462819
0.0941109811059426
0.081040011507895
0.0679690419098474
0.0575122662314094
0.0535909753519951
0.0509767814323856
0.043134199673557
0.037905811834338
0.0339845209549237
0.0300632300755094
0.0261419391960952
0.0222206483166809
0.0222206483166809
0.0222206483166809
0.0196064543970714
0.0182993574372666
0.0182993574372666
0.0156851635176571
0.0156851635176571
0.0130709695980476
0.0117638726382428
0.0117638726382428
0.0104567756784381
0.00653548479902379
0.00653548479902379
0.00653548479902379
0.00392129087941427
0.00261419391960952
0.00130709695980476
0.00130709695980476
0
0
0
0
0
0
16.2921435810741
