0
0
0.00611201732684238
0.0427841212878967
0.143021205448112
0.367943443075912
0.56964001486171
0.633204995060871
0.642984222783819
0.596532891099817
0.547636752485078
0.491406193078128
0.4498444752556
0.387501898521807
0.339828163372437
0.299488849015277
0.267706358915696
0.244480693073695
0.207808589112641
0.183360519805272
0.169914081686218
0.14424360891348
0.12835236386369
0.119795539606111
0.107571504952426
0.0953474702987412
0.0904578564372673
0.0831234356450564
0.0733442079221086
0.0611201732684238
0.053785752476213
0.0452289282186336
0.0391169108917913
0.0354497004956858
0.0342272970303174
0.0342272970303174
0.0305600866342119
0.025670472772738
0.0232256658420011
0.0207808589112641
0.0158912450497902
0.0146688415844217
0.0134464381190532
0.0122240346536848
0.0122240346536848
0.0110016311883163
0.00733442079221086
0.00611201732684238
0.00244480693073695
0.00244480693073695
0.00244480693073695
0.00244480693073695
0.00244480693073695
0.00244480693073695
0.00244480693073695
0.00244480693073695
0.00244480693073695
0.00244480693073695
0.00244480693073695
0.00244480693073695
0.00244480693073695
0.00244480693073695
43.6400134369966
