0
0
120.526134637494
233.541856799293
337.320569113031
426.878601134975
523.271858150415
601.185716714312
606.877671933529
583.5620602592
530.922387701631
465.650226722045
414.982933575832
364.589617738594
323.079372556202
284.705655404355
250.330517721754
219.304697265869
191.455596206348
166.734226389282
145.599492045499
127.25473339072
111.945261161252
98.7983941017434
86.8236608355146
76.2517479496169
66.5510502690864
57.87172899333
49.8928180683273
42.8550069701637
36.4580119712335
30.4940135638247
25.3013465964019
21.1975013174273
17.8386530151809
15.4021639610838
13.5234847959063
12.0972705345131
10.9428235636084
9.57131683897794
8.26245433658929
6.77335559714634
5.40294759636205
4.34006875850315
3.43895479172212
2.81789448534013
2.34759899253055
1.99923144267959
1.74386042050924
1.41474716554915
1.13639517393825
1.04218540865531
0.984753256487164
0.89872236908702
0.808600851312672
0.617620606919126
0.430908725833865
0.288665222786444
0.155617103815718
0.046083396620212
0
66.7640382215917
