0
17.405602600405
116.41390735073
202.315555142667
276.2980757172
336.325398828511
391.426896276855
430.018557655789
421.1704815979
394.903465738527
360.963637762506
321.015831272834
287.752555276602
254.875342718076
227.193217238881
201.60940942245
179.151491798606
158.804758835991
140.449005254792
123.90557046376
108.291923041156
94.3286652219223
82.5632208061706
72.4465711111665
64.2032384704806
57.2900383002791
51.482639784361
46.5734278236844
42.0031605712743
38.1634208133507
34.499819512187
30.9205472866352
27.6073838084412
24.4101489031961
21.5073044160453
19.042301176916
16.8667855440703
15.2054953096958
13.7534024521967
12.2989198976707
10.8991626709045
9.24475769274631
7.63689116105512
6.15579018318826
4.79225391323396
3.68274406309623
2.72604077902298
1.92670848812774
1.27340507100348
0.72392839054904
0.299893596002541
0.0724204470801342
0
0
0
0
0
0
0
0
0.00297043392613335
62.8311609528082
