0
0
22.3624238235204
48.0377676129015
74.8731315939366
100.877151087369
132.335703925135
161.782566415311
179.354933801468
188.622603370609
180.313375577657
165.107568698658
147.000439851324
126.824870907053
110.019065124486
94.1300524657107
81.9462249976057
71.3381732085351
62.5166193063236
55.0817789403363
49.0130240961482
43.9059245432525
39.3710396377418
35.2907671852214
31.1580439756273
27.3548428031332
23.4245910640956
19.8293740863949
17.014396891476
14.6860040764654
12.7367319094329
11.4663094275099
10.4638250764221
9.1638813605187
7.99464333813299
7.11716714876163
6.39074296376915
5.90217739651874
5.50020843894211
5.0160580382793
4.5624492331508
4.07462360219339
3.60969820999708
3.28592338472256
2.96140346511321
2.55995318552144
2.14130590616388
1.54906986634645
0.965753056222245
0.474840469009317
0.066144455676337
0
0
0
0
0
0
0
0
0
0.000670841130494508
22.2205724748339
