0
0
64.2443152676606
135.986815491987
208.520217754423
277.063143300625
357.920986814435
431.62589728374
468.026803422228
483.249090390214
460.703691165563
423.03732996448
383.607101946568
340.128886143474
304.454738479774
270.045525300976
240.595045807193
213.412416190568
187.897711867586
164.603591804863
144.079012577118
125.785619067953
110.144491882992
96.3422203923875
84.2776060279803
73.4097161881238
62.2497691799445
52.0611266307998
42.9403732812271
34.7820653628966
28.1607891151872
23.7678712598383
20.5679258010281
18.6224376051905
17.3313906448591
15.6978917004204
14.2572886782132
12.8437552463449
11.5088608809016
10.1018614719286
8.72310338953792
7.22990784640154
5.8470960856405
4.70429893745932
3.72654721044795
3.12030980255127
2.67094368046601
2.35775767481993
2.12890684920411
1.75861550347123
1.42114332698692
1.2051351903287
1.02334979137396
0.889896017169627
0.772848582103043
0.579751662286382
0.399502388839717
0.25918348503224
0.134339850954411
0.0343691625433752
0
34.5499482193013
