0
0
0.0157037682588266
0.0418767153568711
0.107309083101982
0.222470050333378
0.340248312274577
0.471113047764799
0.539162710219715
0.581039425576586
0.575804836156977
0.536545415509911
0.528693531380497
0.515607057831475
0.465878458345191
0.40044609060008
0.366421259372622
0.327161838725555
0.290519712788293
0.253877586851031
0.2355565238824
0.204148987364746
0.172741450847093
0.143951209039244
0.125630146070613
0.115160967231395
0.104691788392178
0.0942226095529599
0.0811361360039377
0.0706669571647199
0.065432367745111
0.0575804836156977
0.0523458941960888
0.0471113047764799
0.0418767153568711
0.0366421259372622
0.0314075365176533
0.02355565238824
0.0209383576784355
0.0183210629686311
0.0183210629686311
0.0104691788392178
0.00785188412941332
0.00523458941960888
0.00523458941960888
0.00523458941960888
0.00261729470980444
0.00261729470980444
0
0
0
0
0
0
0
0
0
0
0
0
0
0
12.0692479197883
