0
0
9.39865395325114
39.2118135585115
86.0713541567722
145.397278261669
229.047868116557
308.816319820212
361.659988435509
395.358049484389
387.455473149466
362.018448534952
325.24748257981
283.47668407123
251.985788677224
222.545009404045
198.288408711865
176.956935561011
157.576402632287
140.498398903299
126.643325522325
114.765804955377
104.367307210715
94.9894572535691
85.0513365127238
75.7485238339053
67.7673402356872
60.5006444580884
53.6963870374155
47.331556012637
41.4197060081458
35.2648829506577
29.4651080243026
24.1942517730932
19.5363241078922
15.9065251469418
12.8904468799746
10.4528569166711
8.54149973638006
6.85316401051799
5.57302028924408
5.11738037386171
4.9743454974372
4.7733817053188
4.59503000891736
4.20743588600239
3.8092233775231
3.47668456353787
3.11606454997161
2.65974580786097
2.20369439474578
1.72002108515011
1.28301751633947
1.06341415000544
0.901869027186635
0.761784716809548
0.632285125492167
0.423336117746323
0.230447330083164
0.0853363974856463
0
0
19.4958986354925
