-0.100688761049892
-0.0238795244804253
3.82760074190036
11.3924195293826
22.8366410476447
37.9294701921325
59.0679957828684
81.9196932083629
105.987757642019
128.087706262712
143.742250372894
154.167360953438
155.364370208926
151.270812924936
141.277628463279
128.580806602962
116.067339506854
103.484362183494
93.8603140933318
85.0510536254428
76.5778373610774
68.7126354309719
61.0709459050393
54.2524258549536
49.312210822272
45.1110286037954
41.4190635814048
38.0204264108375
33.8227752834005
29.7197551466678
25.9772736756845
22.9992769206191
20.3736272489247
17.8740786540175
15.6483813936589
13.58695117087
11.8660241683362
10.7883211546673
10.0531506224755
9.73930195742278
9.53415522976842
9.01140020918478
8.45514503410556
7.74831167791495
7.06882307064411
6.58504364616467
6.38403515698421
6.21419552278497
5.9127947684428
5.48895182169844
4.65164594938414
3.76198405237483
2.90924247573886
2.17490125786303
1.92629311198019
1.85462862494876
1.82883546953828
1.86252363278948
1.90531420410194
1.99082540132296
2.09424210610048
7.16716105781223
