0
0
0.0150771640629663
0.057293223439272
0.102524715628171
0.174895103130409
0.253296356257834
0.349790206260818
0.413114295325277
0.503577279703075
0.548808771891974
0.527700742203821
0.512623578140854
0.482469250014922
0.455330354701583
0.410098862512684
0.373913668761564
0.349790206260818
0.328682176572666
0.289481550008953
0.250280923445241
0.205049431256342
0.186956834380782
0.174895103130409
0.144740775004477
0.12966361094151
0.111571014065951
0.102524715628171
0.0874475515652046
0.0844321187526113
0.0784012531274248
0.069354954689645
0.0542777906266787
0.0512623578140854
0.0482469250014922
0.0422160593763057
0.0392006265637124
0.0331697609385259
0.0180925968755596
0.0180925968755596
0.0180925968755596
0.0150771640629663
0.0150771640629663
0.012061731250373
0.012061731250373
0.00904629843777978
0.00904629843777978
0.00603086562518652
0.00603086562518652
0.00603086562518652
0.00603086562518652
0.00603086562518652
0.00603086562518652
0.00603086562518652
0.00603086562518652
0.00603086562518652
0.00301543281259326
0.00301543281259326
0.00301543281259326
0.00301543281259326
0.00301543281259326
0.00301543281259326
9.87413687220868
