0
0
14.9523790584745
49.0953436760398
93.9596381623993
146.085534415566
215.118626494572
289.585261146452
368.438745417937
435.861395809211
467.841069466119
480.742972241248
460.125446334007
424.964577593005
381.764472229448
333.621881753097
293.146069219107
254.234752548261
222.17721667088
193.389767404378
168.051576786347
145.637256848822
126.509285841281
109.90098815251
95.4730734597375
83.0558036648741
71.5938217224881
61.7629384886368
53.9966694645883
48.0881360496347
43.1041705720674
39.5520072274811
36.6853847687308
33.7525690168191
31.0695137415485
28.1157159868519
25.2406914918379
22.4043931171916
19.7176432632139
17.2223446342357
14.9365006297588
12.9005569215172
11.1429847196164
9.89334200401959
8.89120290798578
8.14427494275964
7.51145022042833
6.79570384165696
6.10555705783015
5.22563812913588
4.38664487793464
3.71233202166192
3.12925147828653
2.77179340386846
2.50744525840172
2.26397454531324
2.04003261315117
1.79185189184734
1.56012713157389
1.33323021708762
1.11791766505987
15.910950035885
