-14.1508797986118
-0.0526577940651802
22.5826843612174
50.8740071096747
88.2145289138855
129.508363391581
177.030385795575
216.976782015378
230.991834080153
232.532178561881
216.308584127093
193.057000314841
172.523314754352
151.950293819144
136.486433043868
122.579379856215
110.319470029488
99.4384861482108
89.7209496254124
81.0616593775195
73.6667784596482
66.8904522654227
59.9418253552884
53.2993364212426
46.3043051883939
39.7860940305902
34.5064686632674
30.1728441224083
27.3512725642601
25.1972016080011
23.6638530795615
21.9336583209409
20.0623991622096
17.1350643318366
13.9625441211591
10.5725658809466
7.3765586584409
4.95838288649424
3.02749288864388
1.87682808199358
1.18305031162426
0.928546097928561
0.915503404097694
0.942906248921477
1.00000107708962
0.832767481496072
0.632285125492166
0.374155838957474
0.129698926882667
0.00809985847682825
-0.0608758562385573
-0.0426921719216826
0
0
0
0
0
0
0
0
0
23.9935588684618
