0
0
8.15033429307104
25.6202043582346
49.1364235571181
76.8402092021319
113.564891920221
153.51136985669
196.987086240723
234.762605775616
253.764974609518
262.772835208946
253.528127282381
236.193449611449
214.995985394261
190.890729495616
169.385623257853
148.182066766263
130.035400504196
113.179575100026
97.8218489856378
84.157258315108
72.6831158300408
62.932309376382
55.3437534894447
49.1093117882415
44.5752914089423
40.8568837424594
36.3078680539354
31.9701952485532
27.8788969748339
23.8654268882311
20.2749220821135
17.6461661687029
15.4329590328247
13.5230872596377
11.8549442073512
10.166370723616
8.64470666074148
7.17428353222022
5.85859279327716
4.84981733107368
4.02299698554046
3.37899300157147
2.88685331687674
2.46268228529114
2.14449822179937
2.00670502801832
1.94499602525092
1.95290391224366
1.96540842713982
1.80056875648713
1.61344824587326
1.3904696516987
1.17615240517449
1.0579120407959
0.975681014240719
0.926656413929002
0.913354021486747
0.935379294687466
0.992069694406111
10.7470711680197
