0.360613092111297
0
0.615873391413905
16.6260527509292
43.8226010208468
80.6410978704439
130.791280777687
189.837961549791
267.136887336835
341.912916263334
401.476621322416
447.421329015489
459.277453327186
454.275698265241
427.166538625445
389.667351098118
349.67325751054
307.204523886719
271.316167644682
237.512925559206
210.34226105953
186.015515492528
163.595858150078
143.606815618255
125.852435190179
110.209083638248
96.7628004548161
85.0829757812472
75.0226596065473
66.8123663100879
59.3058648316053
52.4681747189954
46.3340812236047
40.8990056018327
35.980068548046
30.8756314766094
26.2140934895288
22.0014694266182
18.3555693134462
16.1034050416316
14.312802576633
12.6402216753626
11.154055421381
9.18685395594826
7.32750327555354
5.59748863559949
4.11587455171721
3.43392279403366
3.05730101022589
2.99592835288463
3.03575226920963
2.84175308393994
2.59810837855253
2.12536875339487
1.61344824587326
1.11214766156062
0.667804376509968
0.35617465376692
0.112087831511709
0
0
12.6846743725969
