0
0
41.2544496337009
88.3885150675255
135.701031803202
180.031286483422
232.537459104491
279.987132884181
301.004627418049
307.810676010855
289.47038302275
261.729929827782
236.4372240717
209.200601158359
186.602756464154
164.821428376208
145.362729397236
127.429543163044
110.504354897505
95.2160075604106
82.746251307283
72.1203789977603
64.0740291360634
57.3780155362194
50.9540006801385
45.2131783469409
39.4822447717909
34.2711523331994
29.5795290864949
25.4183866900126
21.9189872375256
19.4564073806298
17.4449087392672
15.6649447937869
14.1257063568175
12.3476202458774
10.7084562012579
9.25469129923209
7.98349125957876
7.15435595363809
6.50030156275001
5.87278139007956
5.32030599789144
4.70847722861599
4.15949346003768
3.71438898891951
3.35489757075162
3.2051351903287
3.08959554760926
2.97551467266186
2.80850772750478
2.34442944999747
1.82384759482551
1.19047729611044
0.582048988648575
0.235008817394062
0
0
0
0
0
33.3028988544259
