0
0
103.737002037927
201.789510392937
293.470868081783
374.169453113677
462.185301470709
535.449952516941
550.392541912478
539.72776028206
498.976645383033
445.072208245662
398.268783271209
349.854995472659
308.730816052616
270.164792143182
237.339805811451
207.941847888495
182.195934542123
159.415778753447
139.776771649504
122.614380883255
107.1202951312
93.4875986041134
81.1189349231977
70.3329332868504
61.4420481716952
53.8747092640888
47.3478967578305
42.0866226458542
37.0812539270999
32.1693351136376
27.7063933049766
23.5445547420287
19.7838516415497
16.5124503442518
13.6663845684659
11.2946262183977
9.32000335319243
7.70268123657317
6.37814606156661
5.380121678259
4.61593970571693
4.0251165458361
3.53621563430217
2.91417353102007
2.35063768257457
1.89089709837212
1.51170514657877
1.24140883868048
1.01934482934734
0.872195935852465
0.757601838590207
0.568138207360787
0.386551754126739
0.222914166242787
0.0901560405382624
0.00489885879799701
0
0
0
63.2969831869611
