0
0
36.5145790649503
75.2447283933373
113.86199848293
149.773930607695
191.632114869287
229.092811163508
245.625715374562
250.602599625502
234.978633434963
211.368099992968
187.452322253922
162.160577623182
142.662475337702
124.95269047364
111.494773896063
100.101150508152
91.1719968302486
83.6118043033231
76.3220555171507
69.7506467038436
62.9604134779354
56.6670247630531
51.107550714972
46.0458135799684
42.086022823486
38.378687340254
33.9353391869826
29.4021261563954
24.8547613806113
19.6990342570149
14.8185329173419
10.842600886955
7.4950800090743
5.42991953769661
3.99915012510064
3.17994621957743
2.74635188035291
2.3475400278747
2.09465990542635
1.76588164356494
1.50744525840172
1.30789318330538
1.16090566166166
1.03323146125288
0.944996025250923
0.949861725144758
0.984753256487163
0.991046052597569
1
1
1
1
1
1
1
1
1
1
1
26.4364054235957
