0
2.85844253752023
70.4917400775287
144.18555625349
233.325394707035
323.891943801761
409.772324949577
473.220243588811
473.743851831607
449.124664022935
408.486712513264
359.543331757503
320.46153338003
282.838169616738
251.290996802537
223.163739875782
200.307749458731
180.475427033277
162.921374241497
147.080283840077
131.617782993601
116.960334701733
101.877302774793
87.7394153974786
75.2742820066787
64.1890780809748
54.9694187115318
47.192517600732
41.0551949674665
35.9782154922381
31.4594176305282
27.6785458799113
24.4799061984097
21.5066819386174
18.9450343639991
16.9439398791735
15.2287286234028
13.6890513526309
12.2409505884102
10.5777949322242
8.88529893240093
7.01291548976684
5.22234242236697
3.67411497426332
2.38224689803602
1.57966335824273
1.06678715356582
0.930302807561451
0.939124143761443
0.906515797679807
0.870301073117334
0.625844161042526
0.367714874507833
0.152830939347087
0
0
0
0
0
0
0
53.261264840621
