0
0
29.0726758071453
77.7347861601618
135.655719603799
197.920603816137
278.497316074161
360.760542896976
431.602114414652
485.605276078916
494.623454366062
483.765548205569
450.138367400594
405.74285364785
364.300922998319
321.434270078944
285.760853943024
252.085065521653
222.837283208516
196.09645065887
171.486581034971
149.242896293746
128.432685916895
110.092246411526
95.6164008244037
83.6847200917874
75.2721918526099
68.5781128545479
61.843406733971
56.3220831457318
50.7179819407834
44.3647716588181
38.3371966739248
32.9831561312599
28.1687945107779
24.3501875544946
21.079052179329
18.2007456706655
15.7156673898363
13.3754144127916
11.3973290885714
9.97021173895451
8.82921703992752
7.96310973196456
7.27487667685418
6.65448416071482
6.09857516452097
5.27946914782021
4.4953303287408
3.93495099902955
3.47595287736914
3.22096677964374
3
2.68171863974202
2.37105008446347
1.98985212171799
1.64266830354109
1.38454647147276
1.16735212712921
1.0146926973781
0.91475471436163
18.8530580193226
