0
0
63.9250790945088
134.173765675075
204.082940095171
269.261233827075
345.434845027303
413.907471345223
444.32104276334
454.324850609588
430.387663189101
392.294571134154
353.832915543718
311.870458407966
274.999392581005
239.560806358141
209.925884334355
183.433480641867
162.642684715858
144.712655220912
128.27268303172
113.649336662904
99.5629004098863
86.9803375074508
76.2354146740547
66.7566575391706
58.7263490133716
51.6313528001295
44.6090871717799
38.298817641497
32.7177932304871
27.6790296743952
23.3565926527264
20.5601014842183
18.4491756185873
16.5306492092566
14.9117084336826
13.1904411267344
11.6479385181745
10.454078862361
9.38351306408272
8.23718525392836
7.14139902997177
5.95387786465186
4.84850828726448
3.89858734623176
3.08548928502368
2.59932856271725
2.25005527962952
2.03010744293979
1.86369794986965
1.59162245349644
1.31620791205693
0.967561806461921
0.632793075220606
0.377540346993973
0.174244184819827
0.0361889659220336
0
0
0
43.4692979051275
