0
0
22.3150845597031
45.8779182053982
69.4218193304909
91.3653169113925
116.999366814924
139.975198931012
149.949289600294
152.953839515193
143.809920131808
130.189048718424
116.706443378763
102.460469914476
93.1611482613524
84.7368693142322
77.0933640329627
69.989881686355
62.4608205613881
55.2926368527737
48.8946305569213
42.9495959360265
37.5518647877846
32.6215140652262
27.8523168500252
23.5008963621077
19.6586720902508
16.3173360744332
13.7735363934349
11.8345338744052
10.0657916498428
8.44117145955466
7.05711242568095
5.81598374904413
4.768993824792
4.02353769853586
3.4181046369429
2.88181555548466
2.41090043950761
1.84533409364517
1.32030599789144
0.800800912126537
0.350892608725006
0.104858640618214
0
0
0
0
0
0
0
0
0
0
0
0
0
0
0
0
0
21.2386669174972
