0
1.17611939007895
6.74979870885555
13.7873172051178
22.370030648005
32.3684244149422
44.2122392125801
57.3620668972846
72.5465846310255
87.9261249439641
103.537177586718
117.818487644793
128.654652515343
136.927608239831
140.366059749956
141.093943548671
139.581488105556
135.925289061998
130.655533237972
123.757308671972
114.558762781326
104.52450696984
94.1052905207767
83.8798676969507
75.7786190449021
68.4213505109489
62.4077763383989
57.0328777661673
51.3859507954452
46.0697215426469
41.443511590433
37.844143330652
34.715618502361
32.3542156236588
30.1988897700294
27.1595559897276
24.1151620102473
20.890716311246
17.8812265609652
15.85859049135
14.1496557034244
12.7766469621497
11.5903569509169
10.1087736106789
8.76176042620829
7.55227615534485
6.56582779640208
6.24294874248931
6.14805725418459
6.22716586868196
6.3862968279763
6.36598432436056
6.30140709818549
6.15957658545586
5.93583358159932
5.65301914715282
5.19628698779841
4.47092407292803
3.56644957730445
2.45741272064344
1.15679840682515
4.81742648412435
