0
0
109.298162661869
211.347407254244
305.348541208341
386.564155412298
473.98819246887
544.684791090406
551.034904859206
530.67215311689
480.985814962361
418.893623602284
367.33244730329
316.243078749106
277.165951039499
242.030421187423
212.559576875231
186.486220240246
162.449988030128
140.977124062686
120.494041544916
102.259466918338
87.2355836590109
74.517471440139
64.5795254128333
56.4181955732129
49.2676234576369
43.2649341107548
37.6998941949886
33.048356458144
28.9122661775632
25.3706837105774
22.3558755284123
19.7978069102238
17.6417575956081
15.7574908609206
14.1428915958085
12.8122836802775
11.6518503563932
10.5369935138425
9.46615591953121
8.22431563370956
7.01480081387145
5.77129317156351
4.651946901077
3.8082367148777
3.15269439346839
2.88539817840141
2.79199898708353
2.85254714453052
2.98475325648716
3.02348424613565
3.05099901272247
3.03548038063699
2.98065517065266
2.81465564250058
2.63122006955657
2.47612155950758
2.3099063502376
2.14317199225387
1.97079381403324
77.5936483651256
