0
0
55.0726390277812
105.998800143071
152.97274247753
193.525434294002
237.317792183548
272.746249177007
276.136913668137
265.835822322823
239.023921565624
205.564496443731
178.138337396467
150.927113758404
128.94038129925
109.149636024056
92.5613970343953
78.4560015116757
67.6437446328991
58.9391958763285
52.2742156754822
46.9330512240749
41.972028525405
37.6793657265283
33.1463506022952
29.0054927719882
25.3142807163948
22.0422335945557
19.3143495061261
17.057312880707
15.009093765117
13.2134782297735
11.6228656156753
10.1124019547606
8.73415074665729
7.43985523059472
6.30114399528398
5.36247170543365
4.51721543403725
3.72469731611213
3.02988575504175
2.41772338279506
1.90351568288946
1.3962781586689
0.983685683945612
0.878900963870785
0.882755231042233
0.935123612923841
1.01524674351284
1.05013827485524
1.05500397474908
0.957814591344693
0.823847594825509
0.609530348301298
0.386551754126739
0.222914166242787
0.0901560405382624
0.00489885879799701
0
0
0
43.1573529085321
