0
0
0.00709051784875215
0.047270118991681
0.145355615899419
0.337981350790519
0.498699755362234
0.590876487396012
0.628692582589357
0.616875052841437
0.582604216572468
0.529425332706827
0.480973460740354
0.412431788202417
0.359252904336775
0.328527326992183
0.29189298477363
0.250531630655909
0.220987806286109
0.197352746790268
0.179626452168388
0.158354898622131
0.135901592101083
0.118175297479202
0.101630755832114
0.0886314731094018
0.0791774493110656
0.0732686844371055
0.0649964136135613
0.0590876487396012
0.0519971308908491
0.0449066130420969
0.0389978481681368
0.0342708362689687
0.0307255773445926
0.0259985654454245
0.0248168124706325
0.0224533065210485
0.0200898005714644
0.0165445416470883
0.0153627886722963
0.0129992827227123
0.0118175297479202
0.0106357767731282
0.00709051784875215
0.0047270118991681
0.00236350594958405
0.00236350594958405
0.00236350594958405
0.00236350594958405
0.00236350594958405
0.00236350594958405
0.00236350594958405
0.00236350594958405
0.00236350594958405
0
0
0
0
0
0
0
36.7437422406393
