0
0
115.564630406793
222.829565966441
322.116475577701
408.701617304176
501.714582105565
578.006817294677
589.558443911072
574.329106645828
531.527879127968
475.752823091436
429.559242961351
382.059935516646
341.090635203024
302.074432494176
266.096880158928
232.9310162182
203.586576085195
177.438902483371
155.448142110636
136.383907599252
120.435865296899
106.570541838702
93.7972354930216
82.2744551894149
70.665782814101
60.0357824722879
50.4281818093947
41.8239248739877
34.8071361038951
30.1846408958073
26.6963889901456
24.2162007208182
22.29103385839
19.8278322470725
17.5317613217583
14.9708801978269
12.6371379104545
11.0172576751131
9.71809135675333
9.02599003155356
8.4821174297521
7.59054152253396
6.70375513931467
5.56777102886611
4.48869998428723
3.70750317377507
3.07024254151085
2.81410479479729
2.68735112032829
2.55023031255593
2.42630898536298
2.14829188745514
1.85843916768569
1.62434368657446
1.38609763095663
1.12615664597041
0.858852524631017
0.581112831381171
0.294918383900987
70.5493528873165
