0
0
18.2577129467269
38.7378450109215
60.2360668972393
81.1477085610251
106.286198433749
129.885118923763
144.659355930826
152.891864980193
146.766308128736
135.071449682408
120.807909084732
104.822776574355
92.0261977769213
79.7268337526974
69.6593962172047
60.5419925099494
52.0911588967738
44.4428885682169
37.4554131850117
31.3649576959024
26.5388682693582
22.5629370591244
19.4099900398218
16.9266175559373
15.2295508793943
13.978477953135
12.6655339583198
11.6329887161768
10.6285039858951
9.6467232466414
8.72310338953792
7.69400001909113
6.7426997241598
5.95767956848943
5.27679530990312
4.87611322188035
4.54720248963796
4.19686833727518
3.8443531205223
3.27881859109003
2.69875470415706
2.1403390212552
1.63689116105511
1.34299313656038
1.12515339245203
1.01278940221613
0.925651195903578
0.759384429034315
0.598201502360424
0.381515704296272
0.176152405174492
0.0421854086553071
0
0
0
0
0
0
0.00479484087731738
11.7730898124005
