0
0
0.0128442527540745
0.0690378585531507
0.213535702036489
0.374088861462421
0.508953515380204
0.571569247556317
0.563541589585021
0.545880742048168
0.520192236540019
0.467209693929462
0.428676935667238
0.37569439305668
0.333950571605938
0.269729307835565
0.240829739138898
0.21193017044223
0.183030601745562
0.166975285802969
0.149314438266117
0.144497843483339
0.133259122323523
0.113992743192412
0.102754022032596
0.0947263640612998
0.0770655165244473
0.0738544533359286
0.0658267953646321
0.0497714794220389
0.0417438214507423
0.0385327582622236
0.0321106318851864
0.0240829739138898
0.0240829739138898
0.0208719107253711
0.0160553159425932
0.0144497843483339
0.0128442527540745
0.0112387211598152
0.00963318956555591
0.00963318956555591
0.00963318956555591
0.00963318956555591
0.00642212637703727
0.00642212637703727
0.00642212637703727
0.00481659478277795
0.00481659478277795
0.00160553159425932
0.00160553159425932
0
0
0
0
0
0
0
0
0
0
0
37.3481212046908
