0
0
36.0055299672387
86.6191070734724
143.221822668822
201.13534763517
274.185219306101
345.902759002521
398.935161344178
434.533811259904
428.090831015812
404.397393949949
366.442091331267
321.308610448432
283.414374257106
246.154399027515
215.741232774702
187.998000048088
163.916124891127
142.52315310948
123.493295509312
106.832242698647
92.2241132905668
79.7923611516958
70.0682668782195
62.128495997783
55.8271344370782
50.6698599038136
45.755571813764
41.7522206200724
37.8336352959611
33.8899977906814
30.1312725632156
26.3979284036175
22.8812743508836
19.4640143756123
16.3216704809668
13.6114404654793
11.262717527542
9.61114233998689
8.30181922019453
7.10311334424702
6.10858757112311
5.29805857621601
4.63660703375626
4.05755473937418
3.5665473189853
3.08763945337378
2.68760262560282
2.40021686681593
2.17214744314788
2.02752751443705
1.91040445239074
1.75043048163188
1.59820150236042
1.41010045943161
1.24316591470137
1.12536298644052
1.03301227617479
0.980323534834725
0.959440334313915
22.8566266917519
