0
0
0.0126184011482051
0.0468683471219046
0.136999783894798
0.338894202266079
0.49932815972183
0.623709542468422
0.663367374648496
0.630920057410254
0.571433309140144
0.520959704547324
0.466880842483588
0.403788836742562
0.356920489620658
0.315460028705127
0.264986424112307
0.228933849403149
0.189276017223076
0.167644472397582
0.144210298836629
0.127986640217509
0.111762981598388
0.095539322979267
0.082920921831062
0.0703025206828569
0.0648946344764833
0.0612893770055675
0.0612893770055675
0.0486709758573624
0.0450657183864467
0.041460460915531
0.0378552034446152
0.0342499459736995
0.0324473172382416
0.0252368022964102
0.0234341735609523
0.0234341735609523
0.0216315448254944
0.0198289160900366
0.0198289160900366
0.0180262873545787
0.0162236586191208
0.0144210298836629
0.0126184011482051
0.0126184011482051
0.0108157724127472
0.0108157724127472
0.0108157724127472
0.0108157724127472
0.0054078862063736
0.0054078862063736
0
0
0
0
0
0
0
0
0
0
36.4665563666513
