-15.6175662557896
-1.30697471656993
25.5177617027163
61.0385466445316
109.476631907
164.319278986706
229.606350209335
286.175413054111
310.312824949266
317.476949216916
298.666276807816
269.225435486245
240.22693222085
209.773911012338
184.814942336742
161.917439759171
143.711297584468
127.915507712456
113.635753045484
101.040927580378
89.996275550647
80.2756539455306
71.3437334737551
63.5153473785487
56.8647234716748
51.2023909152381
47.1359268212594
43.5005524357104
39.075255248193
34.6083525369872
29.3793133343406
24.4993917959054
20.1522180263944
17.6109216828948
15.7717473573954
14.3598243823101
13.2175306110125
11.8788180553756
10.6005605790932
9.26875886190367
7.97156529480256
6.75225037891753
5.64095109871914
4.5586357730272
3.62731241344961
3.11774881027041
2.77582026864157
2.50261213662528
2.32047554935957
2.12402778103341
1.97637926033625
1.9954777388699
2.03725619366443
1.99190014152317
1.89392073569147
1.67305859409431
1.39133561417158
1.05999647414619
0.719318592931854
0.40901467482836
0.100294799894979
22.2673011381744
