0
0
91.1214103872443
179.592921218231
262.298035848419
334.807563470011
414.697325157323
480.874861861303
491.974085106303
478.737541651229
435.069821199244
379.195336656431
330.832448712051
282.460790233617
245.424532775793
212.43109647176
187.334340359949
165.911611939692
146.378978642879
129.061470159254
111.677663089383
95.9367055004315
81.9710650625743
69.795258812327
60.5384660953459
52.8632136403989
46.1373466081351
40.4199814349997
35.0972306666035
30.6466928599489
26.7511031034307
23.6304839045507
20.9267875350309
18.5439823937244
16.3879675260179
13.7747474932868
11.2942552257827
8.94840051271749
6.92313062296267
5.86129640212625
5.1387014701129
4.64444719846299
4.3005118180268
3.82962401047026
3.40304889692102
2.86430903950552
2.35230481034898
1.99204713380007
1.69859290181452
1.50029985118838
1.35605826710107
1.18152334870801
1.03459157286018
1.01465789421826
1.00400496202661
0.897038935346944
0.765863204051333
0.616348339142877
0.44575961367964
0.250794828049357
0.033503384610695
68.919565674687
