0
0
7.74893294084453
42.5620707204506
90.8642191790076
147.841241029654
226.168992812849
310.824860511782
397.6931657924
470.051214703304
493.989785114079
496.217620204819
465.484577908697
420.917164927715
377.49354115591
331.486802453315
293.884530371228
258.450990722461
228.136423751502
200.915562198787
177.678261160688
157.182510050505
138.715536540057
122.529610960884
108.610623182767
96.5120216654182
85.829696744962
76.4416280757586
67.9755643877724
60.7712662754727
54.1114432513664
47.7110162537541
41.9749922701796
37.3226036219934
33.3057542467086
29.8740273240211
26.8190741960293
23.7019526937425
20.7986012923568
17.9553526659576
15.3670043236615
13.1505350545327
11.2047528019813
9.56574138447678
8.23329161305784
7.39563719683353
6.76346017600702
6.17661266960698
5.65874254677038
5.15170323450292
4.64196369562328
3.83669969385429
3.01934482934734
2.26795113327622
1.61209654603286
1.24156741180338
0.989860696572185
0.819618843286925
0.762049029905697
0.808640620028579
0.963804962544174
25.5200329471766
