5.28714978304119
0
0
19.0235641416353
62.5227956826691
122.936662182783
216.246497163858
310.369802848611
384.682129545714
440.668622285721
448.660303845209
435.547964970031
406.10620875657
367.234922494111
330.263102736675
292.273930017464
259.243139944967
228.410791191723
201.457185952332
177.431342175377
157.326322420972
139.631326398921
123.199464142356
108.690229572215
95.9831738367395
84.876520988017
76.0336476496615
68.2116257762229
60.0260961591907
52.2845185268444
44.2532868712616
37.1394906840986
30.9389201502265
26.6610067574335
23.3561174917647
20.8277764719946
18.7837674830471
16.705999287896
14.8310089623746
13.001285572248
11.2730343848556
9.53159545117751
7.9186388071488
6.44782908889241
5.21717110223759
4.45041163781133
3.89188266443394
3.65473373109905
3.49260306712566
2.94869540405265
2.36771487450783
1.78677495886644
1.28321827860553
1.06292433437362
0.952759597762119
0.938383987791376
0.976380337425868
0.977433803560821
0.984750532621676
0.990313224149763
0.999695751095023
1.00962489276714
22.2491737426566
