0
0
44.1667995639517
93.4957470597253
144.011842839957
192.166861010049
249.244902485652
301.7264400932
329.888882247186
343.177494156454
327.933267017894
301.06436822453
270.654708431516
236.86652670987
209.103551232814
182.541364136989
159.780092674396
139.274856688674
122.423071039633
107.869396808263
95.8271080132557
85.4688568122149
75.6958411642235
66.9847533345086
58.9460663996628
51.82135729695
45.4390858224546
39.905860365545
35.5922992227418
32.2838207661894
29.1688015255608
26.4065318265476
23.8436453449573
20.7946340039589
17.8741667117422
15.0055272962593
12.4434173690683
10.7716360915441
9.48805271050581
8.73203356262841
8.19880134075662
7.52531183687011
6.9337542437647
6.27384703221856
5.64829474488388
5.19047729611045
4.75760183859021
4.24985684710281
3.75760183859021
3.18152334870801
2.63304800137104
2.26510089830383
1.94499602525092
1.72694623549624
1.52785766029061
1.17362988009246
0.833955286396788
0.564257792888413
0.316589158533867
0.109160695785319
0
28.4567345550657
