0
0
96.6088254568268
183.141357902672
260.925391987841
326.503974593735
394.853070298849
447.835552817396
443.974838382669
418.895990586703
376.487400924748
326.119993806828
289.003663215255
253.054364975493
224.123206692176
197.803180067044
173.064023144792
150.599954657143
130.848975672988
113.322678550692
98.0492607144205
84.7235096616953
72.9024019699218
62.8727685197327
54.7575320300463
48.1799162368626
43.6082189777222
40.0646937685662
36.756040091937
34.2880485558574
31.4645608911674
27.6628991083895
23.8980881785898
20.3820145124128
17.1648896873421
14.6582898986892
12.5569843509516
11.0527222374948
9.86330218136274
8.90301642850439
8.08914961796787
7.14927363042541
6.26120393730785
5.34603532365929
4.48149578685195
3.70406678181991
2.99980557563314
2.38840920757007
1.87474530698901
1.47171645069623
1.16500374749616
0.997751080615891
0.909243756041294
0.96756180646192
1.03975723123624
0.934907879979688
0.79726954104548
0.645830076897082
0.467036866540947
0.262509062126194
0.0312037918150562
66.7065427542596
