0
1.66296011793238
11.4719400830953
22.1052429534511
33.8199010816656
46.1830127186895
60.4769583820327
75.1135809371164
89.56387589946
102.262519577567
111.228186414705
117.461783098881
119.325616069041
118.272490947951
113.491913972556
106.664123741962
98.9516968344134
90.3127092934041
81.1307016334964
71.8712945829872
63.7197924880079
56.1700087891377
49.8276180460087
44.1563954538181
39.4034296420808
35.2329388072244
31.4646607096098
28.0062786361769
24.3988477035982
20.9511536802754
17.8162463719054
14.8716233647954
12.2982520110582
10.3758745875008
8.83923978717875
7.97685283790081
7.35686273674112
6.6150268498721
5.93090655721163
5.03490538865461
4.13780737556223
3.28436317289887
2.48819355286227
1.84063122803184
1.28580754883915
0.765192936004513
0.335645865212169
0.0959046932157832
0
0
0
0
0
0.0421854086553071
0.176152405174492
0.369122115873885
0.560066913299128
0.703589761908078
0.839330681167057
0.951296006153352
1.04765605387842
5.8164845478747
