0
0
44.4635556587895
94.5381292977267
145.147948853665
192.780997511695
249.272027189432
300.547151295053
325.104549568797
334.141345648158
314.562487459974
283.600781468814
251.035359036971
215.762378787252
185.92925408321
157.941567439885
135.845770988408
116.841005807213
102.25047610789
90.4303476257253
81.1406729991888
73.7460723358981
67.22222063711
61.6289382298584
56.4232770077111
51.7071768146306
46.8794743156874
42.2464215527854
37.3853365385829
32.5996608372277
28.4774372664548
25.3559481647717
22.6377526335815
20.170954681136
18.0251403954258
16.0826712852103
14.3301692973349
12.6208834370803
11.0607238711499
9.90120542556474
8.83432911629319
7.45162769024718
6.10164179873553
4.7581365908527
3.56260285874227
2.75531069803202
2.12934460209443
1.84329298774876
1.68735112032829
1.51208817220202
1.35196018126656
0.99104605259757
0.632793075220606
0.354989271061716
0.125153392452026
0.00678581895617136
0
0
0
0
0
29.3662606993268
