0
0
48.6413805319456
96.0812719897457
141.166611590165
181.470252890521
226.378306185925
264.643629234137
275.285673767569
273.096210049957
254.125185068242
227.788215417925
203.223775494594
177.439435962076
155.309640156681
134.638008935052
118.195078615241
103.709925493819
91.4851080193204
80.9078094938033
71.2201183008274
62.7652484667697
55.2714205367695
48.7177409935058
43.3678002869456
38.8137375459827
34.6205901670648
30.9580225885727
27.5935527618074
24.6813398631846
22.1177139718745
20.1623335302324
18.4615432255207
16.692131527089
15.0164679416459
13.263024592814
11.5625423569587
10.0070116949852
8.55130057547247
7.14396666258121
5.80866135309625
4.5070048792067
3.33548406286963
2.39484392911873
1.60636505200512
0.966106154792607
0.471786112999986
0.222274527813152
0.0946599054263525
0
0
0
0
0
0
0
0
0
0
0
0
45.0898219087492
