0
3.43529651228575
93.5790653706292
173.956870581803
246.097124678769
307.060164229037
369.351917766245
417.650918449153
416.688330306327
397.02557975259
363.181328403448
321.844891099371
289.979636342004
257.990250784351
229.92927309694
203.294022553372
177.876475481818
154.167312404857
132.400331182717
112.849378017635
96.7908987469091
83.164880165562
72.1825577695381
63.1152352816557
55.8809350869189
49.9617632620898
44.6413375903684
40.0305201811769
35.3161385607831
31.0389304241276
27.2351717706505
24.0471519610819
21.3062619351115
19.0569303291284
17.1014404545955
15.302628502861
13.6665614673327
11.8869390519929
10.2226936064558
8.67638938242876
7.31209472969817
6.31667952073301
5.52534526410077
5.00754406000398
4.62564937956889
4.22697739342648
3.89800197455507
3.58683936988045
3.33154777937766
3.1403390212552
3.00409808583451
2.98800386549866
3
3.01199613450134
2.99590191416549
2.85393883459355
2.65533070456088
2.40278700321003
2.09454547882333
1.73050623311544
1.31125549640835
74.0807626895616
