0
2.22328219752136
46.3565439784582
86.2734311055395
122.785849279574
154.315196192145
187.353197441999
214.021052210087
217.595821005717
211.558613952468
195.614248796111
175.375378796229
159.226528508045
142.977697989766
130.449222587449
118.639285988164
107.462976921632
96.8068138612625
85.3314019943456
74.4653478796241
64.8634644100795
56.1355115357233
49.4554880739582
43.6370495082349
38.0346824784624
32.8816386662929
27.2089702794252
21.9933628238244
18.0092646228528
14.7470573613581
12.0390004801448
10.1235157570367
8.66369868425533
7.437660556272
6.44955747617797
5.48901676639918
4.67094368046601
3.93870462262908
3.32440408372595
2.75636658408712
2.29989359600254
2.07242044708013
1.95309907311204
1.9231274784225
1.94900098727754
1.96756180646192
2
2
2
2
2
2
2
2.00895394740243
2.01524674351284
2.03928319209298
2.02411063500431
1.92666544370245
1.78463912858572
1.58733424086157
1.34046168237511
34.7191088018865
