0
0
0.00592700224983411
0.081496280935219
0.294868361929247
0.518612696860485
0.616408233982747
0.638634492419625
0.622335236232582
0.558619962046865
0.515649195735568
0.468233177736895
0.405999654113637
0.365992388927256
0.318576370928583
0.272642103492369
0.240043591118281
0.205963328181735
0.182255319182399
0.16151081130798
0.142248053996019
0.125948797808975
0.105204289934555
0.0977955371222628
0.0889050337475117
0.0829780314976775
0.0696422764355508
0.0607517730607996
0.0518612696860485
0.0503795191235899
0.0414890157488388
0.0400072651863802
0.0340802629365461
0.028153260686712
0.0192627573119609
0.0162992561870438
0.0148175056245853
0.0133357550621267
0.0103722539372097
0.00740875281229264
0.00740875281229264
0.00592700224983411
0.00444525168737558
0.00444525168737558
0.00444525168737558
0.00296350112491706
0.00148175056245853
0.00148175056245853
0.00148175056245853
0.00148175056245853
0.00148175056245853
0.00148175056245853
0
0
0
0
0
0
0
0
0
0
63.8837744841251
