1.252763327679
0.722138789205721
4.68085951693068
13.3855338670529
26.6152682269203
44.7125637423885
69.327560840122
98.5084236531743
135.137135452072
173.193782488259
209.675927251326
242.271442590211
263.866778466159
279.700692055936
289.421509284522
293.863953590349
295.075552646225
291.649772653407
282.012227034029
267.930057161926
247.38172854727
224.918518447763
204.758053488051
185.476120848627
169.573801750518
154.949148472641
141.393695071671
128.625008817467
115.183430886654
102.41161480307
91.094522820233
81.1376140338494
72.2168337266615
64.0686538993491
56.8412816472336
50.6974311806126
45.3059456800107
40.3624170513927
36.094638473895
32.51868490515
29.5417929420198
27.621388116464
26.0031364801407
24.1187545811538
22.086936191692
19.0058692815701
15.993171645411
13.2866899801431
11.8818240352344
10.9686540265732
10.6885326769413
10.5500273631134
9.90224547854569
9.1188181487817
7.95799849470473
6.73061578348199
5.6934511659722
4.75243075918385
3.95485128266151
3.26577800785173
2.70919047737028
5.20314185444481
