0
0
0.00748799950911209
0.0628991958765416
0.266572782524391
0.5076863667178
0.639475158078173
0.669427156114621
0.636479958274528
0.572083162496164
0.531647965146959
0.465753569466772
0.404351973492053
0.347443177222801
0.304012780069951
0.271065582229858
0.242611184095232
0.209663986255139
0.176716788415045
0.155750389789532
0.14227199067313
0.118310392243971
0.103334393225747
0.0883583942075227
0.0748799950911209
0.0614015959747192
0.0539135964656071
0.046425596956495
0.0374399975455605
0.028454398134626
0.0254591983309811
0.0209663986255139
0.017971198821869
0.017971198821869
0.017971198821869
0.0164735989200466
0.0134783991164018
0.0104831993127569
0.0104831993127569
0.00898559941093451
0.00599039960728968
0.00599039960728968
0.00599039960728968
0.00599039960728968
0.00449279970546726
0.00449279970546726
0.00449279970546726
0.00449279970546726
0.00299519980364484
0.00149759990182242
0.00149759990182242
0.00149759990182242
0.00149759990182242
0.00149759990182242
0.00149759990182242
0.00149759990182242
0.00149759990182242
0.00149759990182242
0.00149759990182242
0.00149759990182242
0.00149759990182242
0.00149759990182242
64.1072945816534
