0
2.05951197890196
48.1247652223029
89.2856965100513
126.402653548865
157.797353675187
190.23587121348
215.490297917841
215.711989386562
205.559077061439
184.290563186226
158.64746839039
138.001107863999
118.098373711311
103.519447254935
91.018891004714
82.0961930687244
74.7109641776051
67.7850255684315
61.3775791283581
54.1713595501497
47.0441893337748
39.1843116977166
31.6471201033313
24.9125118055089
18.973239139037
14.4247934435689
10.892217010208
9.0407135001088
8.46793059521247
7.88791271266722
7.34133014207877
6.89865623947955
5.95137546994192
4.98901314466421
3.9529475926276
3.00303051329296
2.4951363401904
2.16330399769743
2.03407049323853
2.00409808583451
1.95556567196058
1.94900098727753
1.96756180646192
2
2.00895394740243
2.01524674351284
2.05013827485524
2.05500397474908
1.99025278488277
1.87484660754798
1.64501072893828
1.36720692477939
1
0.632793075220606
0.377540346993973
0.174244184819827
0.0361889659220336
0
0
0
38.0605924518904
