0
0
30.0582937440149
70.3522760727851
115.937284232022
163.256709304832
222.57880466716
281.632785278862
329.165214164442
363.598814208729
365.21711213411
352.809974282693
327.32002139809
294.705192020823
264.590190035122
233.225088534302
205.048795834491
178.222927650642
153.859922664881
131.732345080368
113.352101046538
97.6060181700493
85.5399935866601
75.7606927520055
67.6047133457595
60.7827839809571
54.6127999541471
49.2011950703085
43.7082142115087
38.7357232620931
34.2740662119667
30.2831455746654
26.7904738872736
24.273535584085
22.1736237168226
19.9633105331243
17.9201059494916
15.8736249728874
14.0259412947987
12.6012330325469
11.3464149348546
10.1177011320427
9.01489051680344
8.08577096137166
7.2514674812535
6.36460889069391
5.55853739493208
4.94190885894482
4.42210959896951
3.99183932031237
3.61754633170777
3.26266558755117
2.94900098727754
2.66046189087134
2.38655175412674
2.09451197400823
1.82143959912916
1.58199789037586
1.36627833045029
1.17661738501856
1.01095021499358
17.597305758042
