0
0.619429386831044
40.6259277837533
77.197596640298
111.109171013186
140.823046827042
172.546881138754
198.78392609543
204.169032243157
200.700889779377
187.67584461099
170.166272007044
156.139314353377
141.382814477846
127.340269562616
113.550263195979
100.641407193941
88.6571592147317
78.4783621690497
69.3804278410982
61.9578534449307
55.4088607315217
49.3788803731434
43.7890696862984
37.7081637433951
31.9022176294707
26.3988896183455
21.3869230773604
17.193376116668
13.5947295872873
10.7478036474143
9.0617066019668
7.89523573616155
7.08888971248072
6.51901421484017
5.75603487221283
5.01925170553945
4.0450848847696
3.07844688993093
2.1813313965815
1.3849451281359
0.825332003735539
0.394747925795754
0.101608640031608
0
0
0
0
0
0
0
0
0
0
0
0
0
0
0
0
0
33.3476225631755
