0
0
25.6516089017597
69.926663660481
132.713798923083
204.609347731186
291.67367991467
365.88159625289
389.102516439773
389.313488544609
358.586990372269
316.099041759744
281.243534998291
246.437231738404
218.893748815468
194.042878786218
172.458402671199
153.073351821402
135.419687697627
119.525668800431
104.696981110488
91.2611162778259
79.5272988267114
69.0430100803009
59.5130960425197
51.0334585009504
43.0185525575385
36.0631337539594
30.9154793092627
26.9325371804596
24.2433037397778
22.1564745875332
20.5186824667763
18.9500775671361
17.4522114704101
15.4582155714025
13.4180896027072
11.3803824933887
9.49537788431222
7.92896207264196
6.6066263145709
5.85205498016464
5.29685588678544
4.68467833252058
4.08469628107875
3.30651279798184
2.55849041989512
1.86989002752808
1.2968537326062
1.04400049408668
0.929139935187988
0.938383987791377
1
1.03281285389494
1.02362073966375
0.847169060652913
0.632285125492167
0.423336117746323
0.230447330083164
0.0853363974856463
0
0
33.9425562831683
