0
0
23.5189382635234
51.4036111572353
80.6197411256643
109.083748885546
143.608723625556
176.074741936376
195.735293053318
206.501475973994
199.259331571965
184.741333223164
166.334649333042
145.317617963051
127.413527892292
110.193340133557
96.6308138134495
84.6797509169437
74.4324172236366
65.6515382879951
59.0129540639069
53.5016322381931
48.6536975097037
44.2744936679424
39.5614932539245
34.9508404074348
29.773229525757
24.7589371849285
20.2465586539418
16.0144787369605
12.5707513118627
10.2496226050511
8.46693945282508
7.21332669843449
6.32805281904316
5.46326773951824
4.74695961233684
4.07242044708014
3.50603305677774
3.09204990016986
2.74661498325442
2.29737704262507
1.87778399703303
1.58870786188257
1.33955770343089
1.08341550037898
0.843192424172853
0.574049967664311
0.335552741404273
0.158039102572363
0.0193448293473445
0
0
0
0
0
0
0
0
0
0
24.9991724704929
