0
0
42.2484457460739
103.377074488578
184.737311114518
273.054069714838
368.077890116982
444.679823726924
457.763041912259
444.582657681009
408.956069026455
362.957134773973
325.4886740752
287.854243781947
254.795695396886
224.084852873408
197.50250937672
173.594655744304
151.410100291745
131.828445354934
116.040380467887
102.677650252611
91.5069124795003
82.0007370046575
73.7147840780812
66.1309590548152
57.8029403557679
49.873544138967
42.2169742955645
35.3678270381726
29.6712123420119
25.9878845015134
23.3004129556555
21.3975742467182
19.8444458082885
17.6594133985507
15.5134680538001
13.4053333624426
11.4579209283817
9.85036926511043
8.42603681711275
7.21591552638197
6.19872383688246
5.2139758141708
4.41291612839858
4.07102419285045
3.89188481861318
3.72845929736577
3.60866546291803
3.40244643172232
3.19057478312122
3.04269217192168
2.87030107311733
2.57505213064402
2.23801594762517
1.77867510038961
1.34409413484408
1.09956033290042
0.948330738533128
0.895097383620343
0.938502507120264
53.1947263974724
