0
6.79250237049582
116.150356246749
212.75265290123
298.467885523158
369.779719128745
441.227386783456
494.880309346459
489.466722511246
460.788034335578
412.102673232714
354.256524438848
306.877680291956
260.973162293024
225.666652222772
194.731838631338
170.234035628959
149.784042872453
132.837410484283
118.476775882015
105.078813720574
93.3666772024736
83.0866707582859
73.8699403770738
64.5395021471296
55.9603326311168
48.2427662397678
41.4083391527713
35.5483558636099
30.5553018586547
26.341061859936
23.5396110484368
21.3052897116159
18.8886907789974
16.6996488767291
14.5476944326798
12.5297110356808
10.5677479935355
8.71890400314445
6.93994726829541
5.35980012622617
3.96763019724024
2.81720215384769
2.14558839760421
1.73708813614235
1.7402744603187
1.90326075673903
1.94965391165706
2.01524674351284
2.05013827485524
2.05500397474908
1.95781459134469
1.82384759482551
1.6095303483013
1.38655175412674
1.22291416624279
1.09015604053826
1.004898858798
0.953700598876875
0.945984666631582
0.975622423431703
70.5828969188103
