0
1.63002369419593
6.12478427710088
12.0448353440528
19.3788589742637
28.1505595980719
38.2852161048649
49.8444300538294
62.6944438992762
77.2173429908044
95.2187853598422
114.272831187897
134.558068170784
154.522830656116
173.543941898366
190.360699663118
202.819355117161
211.341995564583
212.931837542216
210.72279532648
202.880531005645
193.081221193043
184.497734274181
175.759248760494
170.524215452649
165.448450358294
159.669404876221
153.209874190355
143.727930284813
132.624929186672
121.998510147861
112.011962247412
102.38056419562
93.5671975136724
85.3421796750117
77.9374588802361
71.1461771202319
64.9593148313284
59.2627106077688
54.055504636002
49.2837120305335
44.6700317526764
40.4356414961594
36.6170159494602
33.233632743243
30.4758429001388
28.1190563329957
26.2872368826731
24.7210695450138
23.3886996449331
22.0285841282847
20.0968208195231
18.0337370914769
15.4890381885183
13.0122616354792
11.0571916819461
9.47073873544955
8.39839499802955
7.71646681292526
7.49991583670534
7.70239065547881
3.61071366309007
