0
0
42.7674727072234
82.7858778970532
120.31518431643
153.342067458902
189.464465466931
219.5608493945
226.440889296381
222.388233413451
203.368924359786
178.136227775526
155.37261966613
132.082727809157
112.333108279846
94.1744281594094
79.8686479519482
67.7929524144911
58.9774793033546
51.8940445650045
45.493749788323
40.0876850913114
35.097743737931
30.7430723043714
26.6391369398181
23.0246723781171
20.06365900907
17.5426107556135
15.2476966694982
13.3133998558193
11.6515906743676
10.3337106009647
9.29025026375609
8.59706378197196
8.03555784484277
7.48633066453055
6.96114853896278
6.21756484142039
5.42371622496035
4.45918149358857
3.50344029637511
2.71595118219739
2.03965593067728
1.55508618680435
1.17624552898239
0.983093186397634
0.859405439668276
0.717992288093804
0.598201502360424
0.381515704296272
0.176152405174492
0.0421854086553071
0
0
0
0
0
0
0
0
0.000670841130494508
35.1258129575192
