0
0
50.9610889173973
100.137701257475
146.844215924375
188.521812699823
234.650417864223
273.790831110665
284.248511715465
281.655572269034
261.997715740871
235.044387504336
210.749895196648
185.500444884433
165.221115132249
146.39344746039
130.290569389768
115.758371382946
102.91199546392
91.3883972751883
80.8604103557809
71.3851979684097
62.5904177052596
54.6597962083957
47.7335544652434
41.5848873128426
36.1590574569152
31.3589652698297
26.863994122021
22.8843136558985
19.4136060267263
16.5659962690564
14.1795379595688
12.2695324015018
10.717452259723
9.41441750635751
8.31200160589028
7.23372818571567
6.30774171771323
5.47448646766597
4.79225391323396
4.33498718115208
4.01417917097129
4.02036184103408
4.04776715528947
3.79961343955549
3.47154278447653
2.82859104490389
2.15965526238022
1.57143188833133
1.05803448804203
0.893558858089041
0.847002961832604
0.902685419385761
1
1
1
1
1
1
1
43.3477920602339
