0
0
66.5252669858382
129.529273551735
188.945296365904
241.457803102764
299.181557647556
347.560151975859
359.565509901527
354.163609248679
323.518191125026
282.905183538988
246.699163948579
210.001001111836
180.170975030891
153.272378185204
133.117873136405
116.469444857872
104.070548451253
94.0217604871455
84.3519505084005
75.9676903424525
67.8030254337258
60.4612043004791
53.8938258331775
48.1277776059523
43.658367698292
39.7469677010368
35.6007203070568
31.7586509740193
28.1811714457834
24.9046355510535
21.867886836193
18.9415388938076
16.2555202498799
13.9951756569254
12.0129764021873
10.0375024853396
8.30818289147946
7.06175640289992
6.12050115664398
5.60587154151873
5.29989359600254
5.11664696163185
4.98875821851378
4.73185691459727
4.45254258421161
4.05318046195415
3.59836330470296
3
2.40163669529704
1.91438134450777
1.49645840306593
1.22370875736332
1.01533986732073
0.897051862709478
0.790757642556554
0.636278360396746
0.488265653351288
0.324030344305951
0.155320059428487
38.6479468382548
