0
3.1795268079798
132.761183017775
248.905673569355
353.937791462067
443.412813930521
535.972806893062
608.810635227227
611.268733992307
586.000861228948
537.065140167632
476.293930939532
426.921399149452
377.375424191874
335.690640885536
296.864011121859
262.283188639131
231.078270055475
203.451755018705
179.094648172018
158.664818295207
140.992002923593
125.865602511094
112.839707865828
100.661090502374
90.0101334101693
81.0467960213415
73.2527434333949
66.4358046664213
60.8188704436247
55.2245365968802
49.1961822152343
43.4266488585703
37.8911790093133
32.7360810653844
28.5399280009544
24.7473078116864
21.1205908648196
17.7503568423795
14.2641453927764
11.0724498740557
8.30812775987012
5.98873494523845
4.42403615620705
3.33105071031179
2.90002769380569
2.79209211089142
2.83159706262675
2.97351147500094
2.93990669653983
2.87484660754798
2.64501072893829
2.3672069247794
2
1.63279307522061
1.37754034699397
1.17424418481983
1.03618896592203
0.951608568404371
0.928018728734109
0.960882248587721
70.7449813697485
