0
0
0.0155064920488361
0.0258441534147268
0.0646103835368169
0.0904545369515436
0.100792198317434
0.121467521049216
0.129220767073634
0.149896089805415
0.170571412537197
0.180909073903087
0.18349348924456
0.219675304025177
0.224844134708123
0.22225971936665
0.219675304025177
0.22225971936665
0.22225971936665
0.232597380732541
0.237766211415486
0.237766211415486
0.214506473342232
0.198999981293396
0.18349348924456
0.178324658561615
0.180909073903087
0.191246735268978
0.188662319927505
0.165402581854251
0.157649335829833
0.136974013098052
0.11629869036627
0.121467521049216
0.118883105707743
0.118883105707743
0.113714275024798
0.111129859683325
0.103376613658907
0.0904545369515436
0.0827012909271256
0.0775324602441803
0.0697792142197622
0.0620259681953442
0.0568571375123989
0.0542727221709262
0.0491038914879808
0.0465194761465081
0.0439350608050355
0.0387662301220901
0.0335973994391448
0.0335973994391448
0.0335973994391448
0.0387662301220901
0.0361818147806175
0.0335973994391448
0.0284285687561994
0.0310129840976721
0.0206753227317814
0.0180909073903087
0.0180909073903087
0.0180909073903087
2.53051078276592
