0
0
2.17336271363871
15.3092957530913
36.0493147062841
63.3999035584587
99.9769681798455
142.687764183202
197.061793804077
250.174918119025
294.746823147961
330.569359907636
345.849629545531
349.42201725774
335.248727542458
312.221833792344
283.208943652169
250.954484169187
221.631528059756
193.327112127249
170.638605670487
150.38037202382
134.052677938619
119.913727140437
106.948006035201
95.4755312168988
84.4850876100411
74.7153822873187
66.897677245452
60.6046638322748
54.6130022281807
48.8922683118316
43.5727270559437
38.1873884504365
33.0681037994495
27.9322563582118
23.2350996712399
19.6058573084217
16.5494353650129
14.0001174433244
11.9060281671305
10.3229226583978
9.1367141721394
8.24066462351179
7.56689536894364
7.06925066449619
6.6873511203283
6.31856868899267
5.96540842713982
5.41699608493326
4.84059966377022
4.27461595778165
3.71525184695133
3.19508167648723
2.7000051034385
2.20610079330686
1.77505665517707
1.4516648992524
1.19676129791438
1.0243778808104
0.927098683630582
8.70915542448191
