0
0
96.7726256676224
186.595550702569
270.529828605815
344.411024203485
424.514770466992
491.209673631068
505.994865871394
497.659252840604
461.794912427095
413.355750304061
370.100782672067
325.018889760729
285.288005043902
247.74559303332
215.744418212846
187.350661261249
164.830198773481
145.731658124846
129.526356512294
115.694344611265
103.291257471359
92.3444334767031
81.9071192141221
72.4232132924327
63.3131239553821
55.1335544071584
48.2466643492465
42.4011998180313
37.2596962985867
33.260823901732
29.8180382329352
26.2764323759894
23.0584221647778
19.7383937728496
16.7637233669597
14.6200282336494
12.9635922802579
12.0127116051388
11.3945535014289
10.9887971332135
10.6644472585957
10.1549373737283
9.54417197634501
8.38717597072817
7.17189251699745
5.96346373330792
4.86410308073565
4.23141486658414
3.80333389237765
3.82285092871202
3.9582647314881
3.89851455559932
3.82384759482551
3.63087788412611
3.43993308670087
3.29641023809192
3.16066931883294
3.04870399384665
2.95234394612158
48.1059983132633
