0
5.97648302941055
122.358965678566
226.212941473793
319.625927845068
398.640621595288
479.312495495181
541.916520131292
542.36448950276
517.990587526975
471.037647671394
413.710121700333
367.626801716023
321.959767742874
285.521670078498
252.167948185577
222.500628237289
195.750185593207
170.64355091122
148.143176823736
129.169691417322
112.77556343002
99.1938442881412
87.6183076549963
77.4088381226777
68.6266447746785
60.7715870857976
53.8317608248037
47.4532147657978
41.9319762438407
36.7380321981196
31.5137623504791
26.785288288447
22.7927076534346
19.3918409230671
17.067499922209
15.211159598941
13.5590302671135
12.1231135964149
10.4552431536842
8.89675615811768
7.4164139189814
6.08645555700627
5.08951402029373
4.28189228974453
3.7136864014521
3.2514674812535
2.78366194288476
2.36304016041024
1.92624988352407
1.51286584292821
1.02427751385045
0.577789100471528
0.304850996206473
0.109906648939189
0
0
0
0
0
0
53.1526960435098
