0
5.71396449852575
82.76630440496
150.401741620953
209.681403578625
258.523536531146
306.70338410307
342.245572036609
335.772272294412
313.907112831881
282.605519810026
245.985286991937
218.319131677618
191.388254852814
167.695895711543
145.844934253365
126.739734354267
109.75545418896
95.3425208816534
82.8768630382632
72.1954706377675
63.1002145005873
55.4435269349744
48.9941684623912
43.5621858753017
38.8850475106439
34.5079697048701
30.6246562197272
26.7935659793391
23.2817295373446
20.2489829512128
17.7987622271555
15.8081969060547
14.5036384912414
13.504651153859
12.618748335707
11.8195550846241
10.8388993720965
9.84435312052231
8.60434936273062
7.37540309644841
6.22351680523681
5.20913735204383
4.6209292013512
4.18835353887012
3.88764709778552
3.68209233814434
3.54465396122514
3.42630898536298
3.13933794005271
2.84319242417285
2.61544210860482
2.40179849763958
2.24365775806459
2.05500397474908
1.71700341004263
1.35956788072051
1.03277761588618
0.695539509008128
0.353376248279446
0.00343952012210164
52.5047111091619
