0
1.88550369014505
8.45932708091243
16.7853810800541
27.2614044937969
39.3652113884906
53.642168969144
68.108107611519
82.1208543557591
94.8274909064809
104.57254830097
111.646170692286
114.824993447304
115.037870749444
111.23643358249
105.264790077448
97.8046487704567
89.5671700718713
82.6011808834322
75.6400523750124
68.6347959984252
61.5217955743613
53.6378076542732
46.0702785753946
39.4894573152072
33.6241339175517
29.3248690335221
25.8300714541795
22.6982950432291
19.9555354920383
17.3451925437273
15.167243863998
13.3184385551917
11.689657996528
10.2595975389418
9.06557339145811
8.04540524742566
7.06241176882478
6.18058949745816
5.45274864648901
4.79944100830532
4.13297855879791
3.52123530332031
2.87441228865818
2.32047339518034
2.01570990132184
1.86826407894943
1.9464838462682
2.12969892688267
2.40696869285242
2.65590586515592
2.69433812130583
2.65590586515592
2.42137027200926
2.1533185894568
2.02250143763367
1.93912414376144
1.92570083298873
1.9388865500839
1.95750048997609
1.99556482511397
2.04229306397207
5.1984949669141
