0
0
57.5316979582245
124.24574658239
191.804305387779
255.474721506705
331.488918427017
400.619822463939
432.746090002231
444.214360989597
417.613509073533
376.514239951525
336.725917684181
293.926669864564
258.571232136685
225.065788068622
197.050111242852
171.923425084876
149.953130041073
130.61028973787
114.259012301373
99.991918890415
86.9582498829061
75.4150660182688
64.6085390560676
55.146979340994
47.2492359086773
40.5689025429564
35.3320596737361
31.4921076696479
28.056083222939
25.0407288626818
22.416402550215
19.7356490260654
17.3543503405513
15.3832684255123
13.6946415217983
12.3545513546173
11.1949512612994
10.0945496106699
9.09574734039712
8.01686518590109
7.02219251590042
6.15422798991037
5.37824736212558
4.82788920329809
4.36988938811402
3.952823694241
3.5473642919805
3
2.4526357080195
1.94986172514476
1.47711357371858
1.0007932677148
0.577789100471528
0.30097299757274
0.0992338414982346
0
0
0
0
35.7984244813896
