0
23.4175294262404
163.612547190942
284.865518540987
388.844635659255
472.687852337824
549.276906619257
602.09208627058
586.414109064947
545.867510539293
493.866163338903
434.296556301732
387.840747543862
343.147558809623
307.121095866183
274.599662933635
247.236084121266
222.753930930968
198.564276319517
176.115194139781
154.601522135463
134.9487263748
118.315525971464
103.451468099473
89.8742603871637
77.7019225332738
66.5985936827371
56.8462843294882
48.4478792065114
41.3659969920537
35.3288455516948
31.1320353823511
27.7084375615197
23.9902932579481
20.6278532912378
17.16340980794
14.0401438447021
11.6540143723157
9.70123456637376
8.48032247167314
7.54826530630435
6.45957338247763
5.47695177137605
4.46020121026762
3.53630533723416
2.71381399693714
2.01514544295387
1.56118642236335
1.24605031760291
1.0722928515951
0.988851342321671
0.946611724558152
0.949000987277535
0.96756180646192
1
1
1
1
1
1
1
78.0631885493614
