0
0
43.7008946129541
88.4582258691201
131.880201969346
171.478879017723
216.551201476512
256.008043534259
270.21513743796
272.112530549442
255.945529107987
232.176929286087
210.223349141926
186.809824240055
166.629800097378
147.296456651131
130.659276469766
115.565201625039
102.836781451315
91.4957621437283
80.9698029208569
71.5050177856288
62.9027757489685
55.2405888462499
48.5209902373098
42.5635784794739
37.4095289546567
32.863721223145
28.5262218719055
24.6573460693595
21.2071185159928
18.1303138837023
15.4992258134574
13.5379970159703
11.9854168837707
10.715126749026
9.73708813614235
9.03202938734213
8.51580323241328
8.15478910198576
7.84719738619947
7.51316339648935
7.12500318773646
6.39692120439119
5.57760627373164
4.57404996766431
3.60113889184549
2.87697159209823
2.28489835776424
2.06659051799079
1.94499602525092
1.86058022873312
1.77400927845249
1.40114515738599
1
0.646271902881389
0.342346316106639
0.138006860543993
0
0
0
50.2711989922401
