0
0
0.0176183207923202
0.0469821887795207
0.0851552171628812
0.170310434325762
0.273083972280964
0.396412217827206
0.487440208587527
0.549104331360648
0.599022906938888
0.575531812549128
0.540295170964488
0.478631048191367
0.434585246210566
0.405221378223366
0.361175576242565
0.314193387463044
0.287765906274564
0.231974557098883
0.196737915514243
0.167374047527042
0.138010179539842
0.111582698351362
0.0880916039616012
0.0822188303641612
0.070473283169281
0.0557913491756808
0.0499185755782407
0.0411094151820806
0.0411094151820806
0.0293638679872004
0.0264274811884804
0.0264274811884804
0.0205547075910403
0.0176183207923202
0.0146819339936002
0.0146819339936002
0.0117455471948802
0.0117455471948802
0.00880916039616012
0.00880916039616012
0.00880916039616012
0.00880916039616012
0.00587277359744008
0.00587277359744008
0.00587277359744008
0.00587277359744008
0.00293638679872004
0.00293638679872004
0.00293638679872004
0.00293638679872004
0.00293638679872004
0.00293638679872004
0
0
0
0
0
0
0
0
11.0975040202256
