0
0
0.00405863023589619
0.0537768506256246
0.325705076430669
0.54385645161009
0.637204947035702
0.654454125538261
0.607779877825455
0.58139878129213
0.524577957989583
0.467757134687036
0.411950968943464
0.362232748553735
0.321646446194773
0.281060143835811
0.24554712927172
0.21815137517942
0.191770278646095
0.168433154789692
0.153213291405081
0.128861509989704
0.115670961723041
0.103495071015353
0.08523123495382
0.0750846593640796
0.0679820564512612
0.0507328779487024
0.0405863023589619
0.0344983570051176
0.0294250692102474
0.0243517814153772
0.0172491785025588
0.0152198633846107
0.0152198633846107
0.0131905482666626
0.0121758907076886
0.00913191803076643
0.00710260291281834
0.00507328779487024
0.00507328779487024
0.00304397267692214
0.0020293151179481
0.0020293151179481
0.0020293151179481
0.00101465755897405
0.00101465755897405
0.00101465755897405
0.00101465755897405
0.00101465755897405
0
0
0
0
0
0
0
0
0
0
0
0
98.9726610077167
