0
0
0.016504679483019
0.0429121666558493
0.0759215256218872
0.102329012794718
0.161745858933586
0.19145428200302
0.21786176917585
0.24426925634868
0.264074871728303
0.300385166590945
0.353200140936606
0.353200140936606
0.353200140936606
0.330093589660379
0.330093589660379
0.31358891017736
0.316889846073964
0.300385166590945
0.297084230694341
0.267375807624907
0.24426925634868
0.234366448658869
0.21786176917585
0.194755217899624
0.184852410209812
0.161745858933586
0.145241179450567
0.128736499967548
0.12213462817434
0.115532756381133
0.0957271410015099
0.0759215256218872
0.0693196538286796
0.062717782035472
0.0594168461388682
0.0495140384490569
0.0528149743456606
0.0495140384490569
0.0396112307592455
0.0429121666558493
0.0429121666558493
0.0429121666558493
0.0363102948626417
0.0297084230694341
0.0198056153796227
0.0198056153796227
0.016504679483019
0.0132037435864152
0.0132037435864152
0.0132037435864152
0.0132037435864152
0.00990280768981137
0.00990280768981137
0.00990280768981137
0.0132037435864152
0.00990280768981137
0.00990280768981137
0.00990280768981137
0.00990280768981137
0.00990280768981137
3.45152744790044
