0
0
22.7868982770222
47.4075618442629
72.7123684720817
96.9722150917198
125.532561456949
151.945745914089
167.64208997954
175.880579254163
169.262880102984
156.352788002168
139.694641261865
120.871887252116
104.679797193552
89.1536538573689
76.8064933625374
66.0540553299278
57.9461803754924
51.2584098327652
45.6693721578899
41.0107504465855
36.7439336328186
33.0246525156879
29.6232202500693
26.4603231249445
23.2278167936548
20.1900905609116
17.1217828402254
14.1354981224642
11.6494648035924
9.76678790542507
8.32451239210926
7.78624869216694
7.54557250232064
7.1485419327095
6.7535037527557
6.10077169193288
5.42204909718594
4.57503518750562
3.73885656447572
3.04889043667363
2.47178611299998
2.22227452781315
2.09465990542635
2.0007932677148
1.96024276876376
2
2.03975723123624
1.94886064394226
1.82384759482551
1.6095303483013
1.38655175412674
1.19047729611044
1.01934482934734
0.954182610355371
0.92205390925145
0.903080964176037
0.913544077212351
0.945074596672948
1.0021127554043
21.4992118913668
