0
15.6916310233248
154.441194300517
275.227267014752
379.818976876979
465.017657037334
545.871848395161
603.488983881047
588.550152422874
547.891483141227
496.453346699246
437.01210852441
392.1166297923
347.727044161338
307.069274199181
268.60717443943
231.93864016928
198.480425653549
169.078914730754
143.551581193502
125.459803653395
111.213571933944
100.706502638726
92.1697559221529
82.4254314241048
73.3935931130027
64.0653861306383
55.4445779773666
47.8941439609491
41.1271199176644
35.5358117770954
31.8513321874497
29.0067175403884
26.4638258141937
24.331188053771
22.2530659102166
20.3405170556403
18.3221970761803
16.4345285183585
14.774274478892
13.2202626483957
11.7064202613584
10.2610421349653
8.83521622316223
7.53176132175827
6.28010305052803
5.17659015806481
4.47259154962521
3.92955485737123
3.58527754484524
3.33655163541118
2.92299988293747
2.54745741578839
2.22370875736332
1.96434085459827
1.87761526093414
1.84704356592986
1.82660490355134
1.85403272722759
1.91057765570729
2.00690759628162
66.0164320734724
