0
16.9676476331846
100.725368227089
172.862095285906
234.319023652121
283.533620986733
327.260722920357
356.674584772983
347.10762286015
323.198335928968
293.128185477235
258.312431320125
229.955652920288
202.200993182985
178.611824560923
156.740446735303
137.057407209595
119.309364669571
103.393196852682
89.2776765674546
76.8241965025262
66.1759568118809
58.255054016646
51.9015363886359
46.6029337255511
42.2754366666497
38.5922897414632
35.419835836768
32.079734666948
29.0283782687425
26.0725803757631
23.0830869121857
20.3052128799701
17.8238305877954
15.5970326292599
13.8437648412397
12.3294650206671
10.8752644465573
9.59284141961751
8.5316019406687
7.58730777083253
6.70530744603205
5.89374550725393
5.0773920059516
4.32030599789144
3.54525875368446
2.83229527176905
2.28707069688665
1.84299799980599
1.5367010950252
1.31630103586483
1.13138507385277
1.00409808583451
0.955565671960583
0.949000987277534
0.948873778160267
0.959569302138845
0.962773246940318
0.973670532121468
0.985665168696727
1.00297043392613
67.5486929996457
