0
0
20.4706825507941
62.8240891645136
117.869379802041
180.691418386699
264.089992760012
352.720432521683
442.399238007534
516.145866780289
539.691734017685
540.356095543177
504.48185869118
454.314485530006
408.263971603162
359.864773100572
321.355198942538
284.914929793534
251.399118935535
220.398526558639
191.21715152048
164.800056500971
142.865635304567
123.964445654055
108.686633338553
95.8060150106833
84.4706878605551
74.688027507207
65.497512197479
57.6008254992556
50.5299300783521
44.415909413566
39.0709597508048
34.4199451708595
30.3413401307317
26.5319999475816
23.1806626130181
20.0555018062534
17.3428315452473
15.4089670348675
13.8397579656219
12.4972479207521
11.3940470700039
10.215274294335
9.21865602240484
8.49556044795633
7.96727824408333
7.9850892738848
8.07425568028853
8.01303615919526
7.77001249317695
6.78921566770808
5.62835036030367
4.19047729611044
2.77754622317041
1.89337537142673
1.22797220362924
0.802380475552069
0.599261886343968
0.635821248045153
0.89837923966765
16.2108552586969
