0
0
31.1451300777854
68.6409244495327
107.425138150107
144.658532597543
189.668495361142
231.396381570784
253.582685363408
264.046531386323
251.333460294784
229.709431885609
207.238700217065
182.551270510796
162.517873700988
143.40041793975
127.131750472326
112.367591119299
99.568140991478
88.2218914501051
78.1365627736737
69.3284987486846
61.6359532748018
54.9799077819203
49.4411601895962
44.7801262003381
40.9938852680595
37.7750243765703
34.5533381637998
31.7193888730358
29.1190958747932
26.784187133934
24.6727073529242
22.7628815236385
21.0120393313531
19.4533042301228
17.9844657083124
16.3738630474757
14.7855956890212
13.1889973022894
11.6683509200634
10.3411246445583
9.10590168691258
7.97413923899521
6.91450253822525
5.84937736194658
4.86350352550279
3.90622066482014
3.07424750353746
2.49612156003171
2.07424750353746
1.91517461222257
1.87875026901562
1.90846958420425
1.98475325648716
1.98674272279301
1.99097563913299
1.99225498469452
1.99494778498278
1.99737940277356
2.00067084113049
28.5581336717882
