0
0
0.0170505703371625
0.0716123954160823
0.240413041753991
0.475710912406832
0.576309277396091
0.613820532137848
0.596769961800686
0.555848592991496
0.516632281216022
0.453545170968521
0.405803574024466
0.368292319282709
0.330781064540952
0.29497486683291
0.269399011327167
0.243823155821423
0.216542243281963
0.190966387776219
0.173915817439057
0.143224790832165
0.129584334562435
0.114238821258988
0.104008479056691
0.0937781368543935
0.0869579087195285
0.0801376805846635
0.0716123954160823
0.0596769961800686
0.0511517110114874
0.0409213688091899
0.0323960836406087
0.0272809125394599
0.0238707984720274
0.0238707984720274
0.0187556273708787
0.0187556273708787
0.0170505703371625
0.0153455133034462
0.01364045626973
0.01364045626973
0.0102303422022975
0.00852528516858123
0.00852528516858123
0.00852528516858123
0.00852528516858123
0.00852528516858123
0.00682022813486498
0.00341011406743249
0.00341011406743249
0.00341011406743249
0.00341011406743249
0.00341011406743249
0.00170505703371625
0.00170505703371625
0.00170505703371625
0.00170505703371625
0.00170505703371625
0.00170505703371625
0.00170505703371625
0.00170505703371625
51.8311920976896
