0
5.75558077731507
103.594063440539
203.223170330049
317.334953790732
427.52452029523
516.812087979776
575.85256182573
562.227576190699
521.418132521156
477.896151502773
427.281019705558
383.109119363546
339.075079054687
297.573343167267
258.578371574259
224.725558421759
194.618250301139
168.807611914419
146.506317588188
128.466993191829
113.039877908519
98.7646726482191
86.0971956187975
73.82060515378
62.9872999000152
54.3770785872657
47.3197977292057
42.190678619921
38.0442648227853
34.2915691717224
30.3684695529428
26.6647704464697
22.7668901655628
19.2239555965367
16.5268792993013
14.3400201465083
12.8601157994911
11.7228937809878
10.5895587997906
9.6538677938984
8.90924247573887
8.28301751633947
7.90248335218153
7.48895182169844
6.67635894480226
5.71678172139447
4.37415583895747
3.04520233098036
2.07912405132728
1.32842168667551
1.01393044177193
0.891883741523562
0.895691815869694
0.976380337425868
0.985598420843159
1
1
1
1
1
1
93.2006530954261
