0
0
47.3291990072901
90.9385218497749
131.532564189647
167.124278759894
205.561242128045
237.386171965558
243.296941157451
238.283097047213
220.746302314531
197.887437319118
179.757681428467
161.406452291829
147.089454070357
133.483846326318
120.389434661194
107.771510864549
94.5420599974418
81.9447200747032
69.9538672919709
59.1011482728837
50.9845323567981
44.2190007295087
39.2336389152296
35.1203252260374
30.7916908068801
26.8821228807539
22.9005386962023
19.1215221721055
15.9134466513618
13.5862965400916
11.7380182872033
10.3445221829275
9.20343848004042
8.11843560387399
7.14511644382363
5.96717528973502
4.85164702088959
3.81517184585278
2.89960042379484
2.27899023520168
1.80849955075371
1.53353131244126
1.35205330507445
1.15791150708733
0.984753256487164
0.76508837585014
0.562449233150796
0.358031458160623
0.176152405174492
0.0421854086553071
0
0
0
0
0
0
0
0
0.000670841130494508
42.2312827956974
