0
0.098164218169849
53.7254002031551
102.760994419556
148.437631127709
188.313745299072
231.438377911981
266.907427775812
273.012968529115
266.226856425746
242.796067146579
212.722614833189
187.977491656554
163.12394482028
143.847945093274
126.15385247113
109.573725467984
94.6738054480034
81.7448832118708
70.6702717406503
62.3777033850991
55.6543953132673
50.7585229616624
46.7424564569764
42.1764281610024
37.853700727843
33.0324341568758
28.4182513427612
24.4625371120164
20.8940461996096
17.7436578193913
15.1374579890689
12.8381640992262
10.5466537052302
8.56224663203287
7.01385887419696
5.7827037047954
5.02661068537407
4.54568898745502
4.39098913607281
4.36006322912768
4.14808407396744
3.91344314243477
3.58200283386425
3.21440431097886
2.72538404221835
2.22974417829959
1.76452726377476
1.35489757075162
1.13151266933781
0.983592560137716
0.982219700680177
1.00400496202661
0.925376397806613
0.823847594825509
0.630877884126115
0.439933086700872
0.296410238091922
0.160669318832943
0.0487039938466484
0
29.8844554614454
