0
0
49.1635413781105
110.901735370406
176.300920616351
240.337281949536
318.783754823429
392.908098803186
437.881847809025
462.810284353373
444.280063599305
409.13452331117
368.771526187568
323.738498220806
287.483073812274
252.862208943311
224.652735098075
199.562789279389
178.511602005756
160.015359825377
143.565849390854
128.919039606293
115.485774178756
103.162959107533
90.5824249507998
78.9334375588528
68.3549613496063
58.9854995955597
51.543393336415
45.5111498690092
40.2008201768077
36.0186484871853
32.5209282414052
28.9442646706021
25.7185943673024
22.9679198419421
20.4811429810185
18.1745692477434
16.0276235904672
13.5752351242682
11.3040848056449
9.47846515909849
7.90679770145695
6.89818758061754
6.08870026745057
5.25225807236635
4.51670900261229
3.56383232071908
2.70319741907399
2.22166765146691
1.89409013633635
1.85833130934901
1.89916267090452
1.7916148090847
1.66444725859573
1.44279433841394
1.19590435219507
0.942781458591398
0.672297417315719
0.396396820659821
0.107181956330289
25.5569396056672
