0
0
0.0156862745098039
0.0588235294117647
0.0901960784313725
0.133333333333333
0.176470588235294
0.211764705882353
0.258823529411765
0.32156862745098
0.364705882352941
0.392156862745098
0.396078431372549
0.411764705882353
0.415686274509804
0.368627450980392
0.349019607843137
0.345098039215686
0.337254901960784
0.305882352941176
0.305882352941176
0.274509803921569
0.262745098039216
0.235294117647059
0.215686274509804
0.184313725490196
0.156862745098039
0.129411764705882
0.12156862745098
0.105882352941176
0.101960784313725
0.0862745098039216
0.0745098039215686
0.0588235294117647
0.0509803921568627
0.0470588235294118
0.0392156862745098
0.0392156862745098
0.0274509803921569
0.0196078431372549
0.0196078431372549
0.0156862745098039
0.0117647058823529
0.00784313725490196
0.00784313725490196
0.00784313725490196
0.00784313725490196
0.00784313725490196
0.00784313725490196
0.00784313725490196
0.00784313725490196
0.00784313725490196
0.00784313725490196
0.00784313725490196
0.00784313725490196
0.00784313725490196
0.00784313725490196
0.00392156862745098
0.00392156862745098
0.00392156862745098
0.00784313725490196
3.21592271628465
