0
0
0.0235294117647059
0.0588235294117647
0.0980392156862745
0.12156862745098
0.180392156862745
0.227450980392157
0.305882352941176
0.352941176470588
0.368627450980392
0.392156862745098
0.431372549019608
0.435294117647059
0.407843137254902
0.419607843137255
0.407843137254902
0.384313725490196
0.368627450980392
0.309803921568627
0.282352941176471
0.286274509803922
0.266666666666667
0.262745098039216
0.235294117647059
0.203921568627451
0.176470588235294
0.164705882352941
0.137254901960784
0.12156862745098
0.109803921568627
0.101960784313725
0.0901960784313725
0.0745098039215686
0.0666666666666667
0.0588235294117647
0.0588235294117647
0.0509803921568627
0.0509803921568627
0.0392156862745098
0.0352941176470588
0.0352941176470588
0.0313725490196078
0.0274509803921569
0.0274509803921569
0.0156862745098039
0.0156862745098039
0.0196078431372549
0.0117647058823529
0.0117647058823529
0.0117647058823529
0.00784313725490196
0.00392156862745098
0.00392156862745098
0.00392156862745098
0.00392156862745098
0.00392156862745098
0.00392156862745098
0.00392156862745098
0.00392156862745098
0.00392156862745098
3.35300351333103
