0
0
0.0117647058823529
0.0392156862745098
0.0901960784313725
0.137254901960784
0.172549019607843
0.250980392156863
0.286274509803922
0.329411764705882
0.341176470588235
0.380392156862745
0.419607843137255
0.396078431372549
0.4
0.376470588235294
0.345098039215686
0.313725490196078
0.282352941176471
0.258823529411765
0.266666666666667
0.223529411764706
0.2
0.203921568627451
0.196078431372549
0.172549019607843
0.168627450980392
0.164705882352941
0.16078431372549
0.133333333333333
0.12156862745098
0.101960784313725
0.0823529411764706
0.0627450980392157
0.0588235294117647
0.0549019607843137
0.0549019607843137
0.0509803921568627
0.0470588235294118
0.0470588235294118
0.0470588235294118
0.0470588235294118
0.0392156862745098
0.0392156862745098
0.0392156862745098
0.0313725490196078
0.0235294117647059
0.0196078431372549
0.0196078431372549
0.0156862745098039
0.0156862745098039
0.0156862745098039
0.0117647058823529
0.0117647058823529
0.0117647058823529
0.0117647058823529
0.00784313725490196
0.00392156862745098
0.00392156862745098
0.00392156862745098
0.00392156862745098
3.66227006997839
