0
0
5.78672006388
19.3362044418
44.6874200803
81.787933043
119.602212981
144.561053851
153.491098549
149.75725415
139.928912132
127.603988213
114.700585202
102.19933357
90.5639707543
79.977668117
70.4750296047
62.015344025
54.5228260571
47.9084018419
42.0811349435
36.954066105
32.4468296871
28.4866084856
25.0082175301
21.9537074443
19.2717934074
16.9172340643
14.8501922422
13.0356263677
11.4427361254
10.0444620223
8.817038311
7.7395961549
6.79381281279
5.96360229972
5.23484306427
4.59513850167
4.03360648343
3.54069446641
3.1080171168
2.72821373225
2.39482306218
2.10217341114
1.84528616387
1.61979109523
1.42185202699
1.24810156799
1.09558382846
0.961704134228
0.844184885737
0.741026810954
0.650473004931
0.570985112926
0.501210802788
0.439963084514
0.386199985348
0.339006866218
0.297580861095
0.261217217868
0.229297308374
18.2829270226321
