0
0
4.88169954706
12.561264514
21.8685734844
32.2030367085
42.7434748474
52.8718327125
62.5529594589
71.6462426458
79.0615231996
84.4515174163
87.811492247
89.3147235036
89.1927995774
87.7466248019
85.2293600305
81.8298697922
77.7957920234
73.3138124902
68.5720865312
63.7272251032
58.9052628775
54.1926936871
49.6600379005
45.3454700291
41.2803972414
37.485213079
33.9661712016
30.7183771449
27.7324856344
25.004667928
22.5158905838
20.2534024229
18.201822466
16.3462520557
14.6682816995
13.1572677446
11.7943343336
10.5679564603
9.46809621515
8.48013155879
7.59268014103
6.79645196296
6.0826321276
5.44232548808
4.86694897945
4.35089181194
3.89268115879
3.47992739068
3.1109053474
2.78188551826
2.48588342636
2.22362968482
1.98810076685
1.77867364549
1.59216836637
1.42429523247
1.27367772247
1.13962633442
1.01856568308
3.10175113961408
