0
0
5.27729418244
15.3772436922
31.0631340578
52.8480698565
78.8503391109
104.651247986
125.302357702
137.517905003
140.414261452
136.083681061
127.292063895
116.182920729
104.504902932
93.1613670302
82.5849681371
72.9504841177
64.2949256678
56.5847877537
49.7532779087
43.7206161469
38.4047636258
33.7269554815
29.614220377
26.0003357922
22.8259582859
20.0382915059
17.5905876792
15.4415945502
13.554977822
11.8987713481
10.4448743108
9.16859645417
8.04825130337
7.06479479039
6.20150559778
5.44370317619
4.77849942964
4.1945802938
3.68201374708
3.23208113451
2.83712901814
2.49043908167
2.18611390358
1.91897667167
1.68448314217
1.47864435124
1.2979587673
1.13935273188
1.00012817711
0.877916731023
0.770639430506
0.67646940555
0.593806882804
0.521245618263
0.45755127807
0.401640330333
0.352561651379
0.309480345588
0.271663542364
9.90732080627567
