0
0
5.41324998572
16.3994852487
34.5429538016
60.6071531186
91.2383181034
119.201215465
138.066225763
145.772838861
142.930127719
134.349121819
123.115611977
111.064227239
99.2099617927
88.0686863021
77.8670924695
68.6711209754
60.4614627743
53.1767472617
46.7376666684
41.0600824684
36.0618478102
31.6661595649
27.8029199464
24.4090833887
21.4284422411
18.8111547675
16.513185627
14.4957291541
12.7246304645
11.1698561854
9.80501307229
8.60691589813
7.55520270763
6.63199398604
5.82159170666
5.11021414126
4.48576249522
3.93761572505
3.45645023577
3.03408149867
2.66332495768
2.3378738941
2.05219219317
1.8014202006
1.58129207492
1.38806323408
1.21844666469
1.06955701207
0.938861501092
0.824136853472
0.72343146905
0.635030261018
0.557431611499
0.489315403967
0.429522932748
0.377037044755
0.330964883504
0.29052270019
0.255022520764
12.1832833146614
