0
0
5.45710269668
16.7347746543
35.6939373928
63.1327502028
95.0562218275
123.266768181
141.157395965
147.357941549
143.201975392
133.745415257
122.021913738
109.748309027
97.8372078304
86.732928387
76.6167960655
67.527601931
59.4305204447
52.2557465472
45.9197286929
40.3364472895
35.4232570143
31.1035576357
27.3078144671
23.9737039422
21.045775864
18.4749300236
16.2178346086
14.2363244188
12.4968224769
10.9698120431
9.62935897702
8.45268444458
7.4197852982
6.51309827269
5.71720375725
5.01856493838
4.40529834901
3.86697218868
3.39442913638
2.97963072833
2.61552070284
2.29590501556
2.01534650032
1.76907239266
1.55289314839
1.36313117912
1.19655829435
1.05034078692
0.921991228263
0.809326153804
0.710426991553
0.623613430188
0.547408610057
0.480516068043
0.421797874345
0.370255112726
0.325010937506
0.285295656295
0.250433635584
12.9108881867847
