0
0
5.22263610645
14.9738364617
29.7055935244
49.7868561376
73.7197400232
98.0465671362
118.680883857
132.342951148
137.392988318
135.132618246
127.923498966
117.992152511
106.960697413
95.8187092719
85.2075789698
75.4203939209
66.560272036
58.6298628774
51.581478929
45.3448175204
39.8420036195
34.9954701047
30.7319238098
26.9840593527
23.6911126368
20.798788431
18.2588677733
16.0287059639
14.070697329
12.3517297121
10.8426778585
9.51794117263
8.35502734153
7.33418077053
6.43805294856
5.65141109793
4.96088127558
4.35472219993
3.82262632706
3.35554500662
2.94553486819
2.58562289769
2.269687952
1.99235672177
1.74972169027
1.53637523549
1.34889533268
1.18421041421
1.03958525713
0.912596910596
0.801106129079
0.703226149201
0.617300717858
0.541871844468
0.475658377535
0.41753513047
0.36651397555
0.321727314469
0.282413446812
8.98353187723349
