0
0
5.55276525781
17.4752845092
38.2472065924
68.6393549407
102.98279416
131.06027136
146.461766329
148.350116654
142.087473147
131.644110906
119.533848028
107.194747985
95.3837109941
84.4578140082
74.5502014669
65.673781955
57.7804811144
50.7943070695
44.629394592
39.1994865558
34.4227461231
30.2238651893
26.5347773208
23.2946371149
20.4493938142
17.9512451465
15.7580321797
13.8326389423
12.1424211287
10.65868742
9.356232122
8.21291809641
7.20930680398
6.32833137777
5.55500841462
4.87618428837
4.2803120688
3.75725547743
3.29811667295
2.89508500931
2.54130423459
2.23075589482
1.95815697262
1.71887002674
1.50882430826
1.32444651382
1.16259999943
1.02053142151
0.895823897877
0.7863558922
0.690263188432
0.605913204158
0.531870921434
0.466876747461
0.409824983325
0.359745050592
0.315784979227
0.277196913281
0.24332438778
14.4873891895191
