0
0
5.73301494409
18.903012496
43.1891750288
78.8353767911
116.15619345
142.075236972
152.429262871
149.760322215
140.537924926
128.50068715
115.697324305
103.194044306
91.5051605221
80.8423747507
71.2558572519
62.7130642154
55.1422355264
48.4560444998
42.5640713352
37.37923844
32.8207521265
28.8152366215
25.2969108086
22.2072478517
19.4944231096
17.1126990746
15.0217944108
13.1862717407
11.5749799708
10.160549808
8.91894249657
7.82904895069
6.87233519782
6.03252964146
5.29534769128
4.64824956516
4.08022741844
3.58161833441
3.14394008201
2.75974689604
2.42250285404
2.12647071149
1.86661431295
1.63851292383
1.43828602827
1.26252731536
1.10824673143
0.972819613181
0.853942036568
0.749591621921
0.657991183134
0.577584557057
0.507003785287
0.445048156406
0.39066365441
0.342925068688
0.30102025354
0.264236311191
0.231947463241
17.4189971507343
