0
0
5.3241525307
15.7265745112
32.2465042679
55.5038302052
83.1960009855
109.986607399
130.282174973
141.030987876
142.116245197
136.234010583
126.099544168
114.378987856
102.489008835
91.1450301688
80.6742039452
71.192828808
62.7061249542
55.1638544348
48.4909071041
42.6038273469
37.4194269709
32.859105579
28.8507062726
25.3291075289
22.236144292
19.5201769458
17.1355494359
15.0420084877
13.2041186597
11.590716303
10.174412847
8.93114780408
7.83979018956
6.88178513614
6.0408417039
5.30265771367
4.65467756687
4.08587929706
3.58658743739
3.14830863801
2.7635873038
2.42587883454
2.12943833297
1.8692228998
1.64080586079
1.44030147085
1.2642988167
1.10980379498
0.97418817971
0.85514491309
0.750648859322
0.658920396219
0.578401241965
0.507721564251
0.445679003551
0.391218095039
0.343412354394
0.301448516199
0.264612698366
10.6952415840308
