0
0
4.88985149997
12.6167841561
22.0421075906
32.5835310109
43.4199150511
53.9132422056
63.9904611003
73.4614817822
81.1879426125
86.7862075175
90.2322314573
91.6980976772
91.4293217889
89.7503510872
86.9419562839
83.2205349532
78.8577925554
74.0592300067
69.0262214385
63.9233446533
58.8803161233
53.9841414278
49.3036612997
44.8740458897
40.7229942264
36.866932553
33.3082016996
30.0382481834
27.0444267695
24.3200050571
21.8434472474
19.5998860474
17.5721726639
15.7439520808
14.0956298967
12.6156103843
11.2842612793
10.0894668395
9.02073417712
8.06309724332
7.20492178571
6.43674058376
5.74962093212
5.13459698922
4.58305244371
4.08937268784
3.65210270563
3.2588856753
2.90804282066
2.59589965136
2.3155321893
2.06773570876
1.84555233431
1.64842562725
1.47324136064
1.31577425065
1.17471097802
1.04942293586
0.936392625952
3.24487953196857
