0
0
5.66374137018
18.3494431762
41.2724036978
74.9605383068
111.382839759
138.3621956
150.635131997
149.533542252
141.259104072
129.699431619
117.082656021
104.602434567
92.851485722
82.0868274899
72.3838115455
63.7233518949
56.040491802
49.2509902985
43.2655395009
37.9970631709
33.3642558255
29.2929920742
25.7166611557
22.5759177612
19.818164578
17.3969496829
15.2713499798
13.4053549257
11.7673047356
10.3293804317
9.06714673517
7.95914547581
6.98653567658
6.1327759229
5.38334458986
4.72549371843
4.14803266411
3.64113801251
3.19618662671
2.80560904197
2.46276074504
2.16180916596
1.89763446987
1.66574246668
1.46218816021
1.28350863798
1.12666416097
0.988986451767
0.868133301608
0.76204872434
0.668926037882
0.587183179416
0.515429463885
0.452444224267
0.397155929175
0.34862399298
0.306022773786
0.268627526861
0.235802074557
16.2982209277498
