0
0
5.11505178433
14.1929280697
27.1102917416
43.9167828499
63.5790486063
84.1064217063
103.164669538
118.253076041
127.003538917
129.265336216
126.217001218
119.511544574
110.675217501
100.921332822
91.0382121388
81.4643053391
72.497784012
64.2536151539
56.7849149766
50.0877712323
44.1268677662
38.8404161944
34.1696901266
30.0443309486
26.4069664063
23.1997283937
20.3762234646
17.8930566719
15.7129863621
13.7965895647
12.112827512
10.6339372662
9.33525629566
8.19497725598
7.19386608368
6.31498678301
5.54344320871
4.86614258801
4.27158239673
3.74966014567
3.29150463839
2.88932684496
2.5362884291
2.2263860171
1.9551593171
1.7167144594
1.50720262382
1.32317749088
1.16157492846
1.01968329114
0.895109925615
0.785747587546
0.689740638551
0.605461873321
0.531479706099
0.466536848275
0.409529222586
0.359487446507
0.315560470178
7.1501053558008
