0
0
5.63781577837
18.1438120392
40.5602901167
73.4943566431
109.502072074
136.8126425
149.818305546
149.362188626
141.498518958
130.15569168
117.630429082
105.169215833
93.3985392537
82.5953886523
72.8464018285
64.1386209859
56.4102501749
49.578539155
43.5547537262
38.2518977374
33.5884974386
29.4901440664
25.88989884
22.728087209
19.9517979971
17.5142873366
15.3743689729
13.4957968053
11.846701685
10.3990793801
9.12833115487
8.0128548762
7.03368292134
6.17416254796
5.41967431629
4.75738435237
4.17602656452
3.66571129244
3.2177572376
2.82454387432
2.47938186392
2.17639928608
1.9104417625
1.67698477974
1.47205672299
1.29217131342
1.13426830062
0.995661401992
0.873992603609
0.767192045375
0.673440868134
0.591146316675
0.518908323265
0.455497982429
0.399836531594
0.350977037559
0.308088286497
0.270440642612
0.237393634865
15.8768912755294
