0
0
5.55964162289
17.5289849084
38.4328093053
69.0338905248
103.529177082
131.565157727
146.776053001
148.462340798
142.054529813
131.526084618
119.374406172
107.021150363
95.2114808538
84.2950567778
74.4006278812
65.538615302
57.6596010165
50.6869134367
44.5343832183
39.1156572832
34.3489125169
30.1589094104
26.4776746933
23.2444626683
20.4053210836
17.9125399069
15.7240454729
13.8027983013
12.1162223993
10.6356870892
9.33604030052
8.1951921949
7.19374588773
6.31467115637
5.5430168118
4.86565753441
4.27107125934
3.7491435461
3.29099572995
2.88883400274
2.53581689601
2.2259389349
1.95392849664
1.7151581433
1.50556590769
1.3215861957
1.16008913103
1.01832731113
0.893889069194
0.784657447178
0.688772247547
0.60460441653
0.530722032841
0.465868222611
0.40893967359
0.358967902437
0.315102778254
0.276598059546
0.242798698551
14.6001507579144
