0
0
5.4741191463
16.8655924945
36.1439908705
64.1134596328
96.5083675242
124.760089133
142.238077924
147.865011739
143.237051604
133.480098175
121.596446037
109.255845637
97.3333696088
86.2482726918
76.1664682449
67.1177456578
59.0622519991
51.927521662
45.6287126323
40.0792915164
35.1965216039
30.9039323837
27.13222482
23.8193545461
20.910154461
18.3557965267
16.1132043058
14.1444434964
12.4161444976
10.8989753616
9.56716578759
8.39808173033
7.37184772128
6.47101292689
5.68025664784
4.98612903251
4.37682303675
3.84197400152
3.37248358085
2.96036510548
2.59860779733
2.28105755081
2.00231226768
1.75762997343
1.54284815684
1.35431296342
1.18881703971
1.04354497203
0.916025392062
0.804088934709
0.705829404458
0.6195773583
0.543865476584
0.477405668794
0.419067358943
0.36785808534
0.322906668625
0.283448390742
0.248811985028
13.192386453193
