0
0
5.00942429295
13.4436223411
24.6688487785
38.4161263022
53.8309996993
69.798071929
85.3581869439
99.2423766791
109.444197651
115.213960765
116.683613225
114.543169601
109.696325059
103.083933563
95.4659288026
87.3804584232
79.275538909
71.4196574192
64.0005543178
57.1230279322
50.8346787466
45.134271574
40.0058605638
35.4083591695
31.30380551
27.6536902191
24.4154795434
21.5447586363
19.0007291933
16.7548673359
14.7690355936
13.0159713782
11.469454877
10.1066737722
8.90361667691
7.84584583663
6.91208050965
6.0894691672
5.36745165557
4.73147806588
4.1706845744
3.67661933832
3.24152196992
2.85769066913
2.51781920389
2.21761464401
1.95692143108
1.72463375326
1.52028258877
1.34134393251
1.18197793195
1.04400085592
0.921403082713
0.814512941671
0.721034404764
0.637498717511
0.563294916937
0.498441071741
0.440010682777
5.33006746276293
