0
0
5.35825903765
15.982833168
33.1186376935
57.450824159
86.3140434027
113.662474916
133.513901547
143.118778125
142.948345221
135.59500713
124.876039112
112.978230523
101.096198929
89.8403954575
79.4878109026
70.1309083448
61.7639542988
54.3320906914
47.7586959983
41.9602878413
36.8543266759
32.3631228492
28.4154935146
24.9472619367
21.9011338024
19.2262559842
16.877671704
14.8157471535
13.0055910804
11.4165176565
10.0215573953
8.79701719387
7.72208807684
6.7784974172
5.95020168101
5.22311558776
4.58487371789
4.02462087753
3.5328278639
3.1011296179
2.72218308043
2.38954237476
2.09754921543
1.84123669326
1.61624480802
1.41874631689
1.24538164028
1.0932017196
0.959617856084
0.84235767807
0.739426488254
0.649071372085
0.569757493099
0.500135585992
0.43902134665
0.385375153594
0.3382844265
0.296948102046
0.260663006712
11.2664208116616
