0
0
5.00913254229
13.4415770972
24.66225926
38.4013560774
53.8046454989
69.7584582427
85.3066702952
99.1836367608
109.384926302
115.160710556
116.641105395
114.513655482
109.679863941
103.079116516
95.4706217506
87.3923502959
79.2924809455
71.4398276312
64.0225033942
57.1456602222
50.857202365
45.1561394564
40.0267145762
35.4279823002
31.322083302
27.6705810926
24.4309922302
21.5589354147
19.0136336367
16.7665756174
14.7796303207
13.0255372704
11.4780758571
10.1144310427
8.91058749496
7.85210280172
6.91769121021
6.09449605893
5.3719521274
4.7355046128
4.17428502728
3.67983713893
3.2443964715
2.86025744359
2.52011034287
2.2196590503
1.95874510587
1.72626006858
1.52173252456
1.3426363063
1.18312960993
1.04502694306
0.92231710278
0.815326994172
0.721759311536
0.638144152576
0.563869520065
0.49895255522
0.440465930181
5.32501246870531
