0
0
5.29648338961
15.5199137975
31.5456164143
53.9325843164
80.6373895438
106.874737873
127.418638854
139.052774123
141.198444599
136.206165858
126.673426447
115.295410445
103.562670167
92.2578466533
81.757005273
72.2086434189
63.6379444389
56.0064784017
49.2457896898
43.2759324848
38.0153498714
33.385995262
29.3156638458
25.7388648048
22.5969195726
19.837621044
17.4147384916
15.2874708815
13.4198762954
11.7803299173
10.3410279929
9.07753901976
7.96840211948
6.99477009246
6.14009356245
5.38984225876
4.73125951131
4.15314625304
3.64567112754
3.20020363015
2.80916753671
2.46591218121
2.16459942525
1.90010441593
1.66792845599
1.46412251133
1.28522005933
1.12817813859
0.990325599314
0.869317675177
0.763096104909
0.669852172054
0.588002029861
0.51615339851
0.453084195485
0.397721634011
0.34912401539
0.306464711163
0.269018102413
10.2304346668431
