0
0
4.88369884593
12.5748708146
21.9110667209
32.2961419064
42.9089298119
53.1265775873
62.9048476405
72.0912714379
79.584103503
85.0272192795
88.4110214716
89.9081982095
89.7533768275
88.2528729053
85.6663415897
82.189242907
78.0750811527
73.5152193452
68.7011763817
63.7916738495
58.9138069196
54.1543371743
49.5834945257
45.2388079502
41.1508418812
37.3390607369
33.8087838344
30.5542303188
27.5652457238
24.8372836218
22.3506848389
20.0921651602
18.0458950255
16.1966032429
14.5255748464
13.0219187194
11.6665606694
10.4478192593
9.35553471166
8.37499156849
7.49473783121
6.70543325207
5.99822823111
5.36420534332
4.79476920321
4.2843045968
3.83134015612
3.42349188044
3.05904401795
2.73427895552
2.44222577148
2.18362992965
1.95148321467
1.7451783365
1.56155102262
1.39632706846
1.24814526478
1.11633094621
0.997322895406
3.13686563430005
