0
0
5.33267594314
15.7904587523
32.4636209306
55.9894316263
83.9792127327
110.9220646
131.120240155
141.58758562
142.35309869
136.212109368
125.90836133
114.095102232
102.165428029
90.814639845
80.3557526383
70.8959878451
62.435064156
54.9195505196
48.2725809353
42.4098044375
37.2476435119
32.707393036
28.716946638
25.2113141007
22.1324943294
19.4290231156
17.0554153839
14.9715815265
13.1422352522
11.5363479293
10.1266520315
8.88919490156
7.80294120696
6.84942068587
6.0124170851
5.27769406548
4.63275401327
4.06662599333
3.56967942785
3.1334604384
2.75054812785
2.41442839147
2.11938312959
1.86039298808
1.63305197813
1.4334925262
1.25831968116
1.1045533603
0.96957765241
0.851096315697
0.747093713746
0.655798565986
0.575659918879
0.505314373427
0.443565221686
0.389361961423
0.341782466336
0.300017298063
0.26335593527
10.8381650531686
