0
0
5.01903029328
13.5110384386
24.8862942031
38.903822386
54.7008573379
71.103205151
87.0493564621
101.159758291
111.363659564
116.920339867
118.026282601
115.454898849
110.181709148
103.194069724
95.2735781947
86.9623242381
78.7016860917
70.7486718046
63.2784699299
56.3842373199
50.1037322584
44.4278857241
39.3347716613
34.7788815001
30.7190720361
27.1145969682
23.9213972857
21.0940570332
18.5911567239
16.383818471
14.4337385781
12.713618551
11.197289145
9.86204481356
8.68401584782
7.64892549851
6.73566261283
5.9315469707
5.22618588088
4.60519003035
4.05784778036
3.57584983337
3.15156807628
2.77742265159
2.44621924931
2.15376723393
1.9000039205
1.67390750662
1.4750852651
1.30108204594
1.14612004522
1.0120714525
0.892976794384
0.789209514364
0.698514011062
0.617457810887
0.545462604977
0.48257571505
0.425896758569
5.49641822745688
