0
0
5.2466294918
15.1503763965
30.2984111244
51.1251493716
75.9778117554
100.993058228
121.695905453
134.767105922
138.874513529
135.673694376
127.72417813
117.297552003
105.902576637
94.6272884851
84.0080882537
74.27750943
65.5042532771
57.6717922358
50.7220637202
44.5794263277
39.1635065029
34.3958269217
30.2030328155
26.5181962868
23.2811396147
20.4382217575
17.9418848502
15.7501190943
13.8259060369
12.1366658982
10.6537516176
9.35198900694
8.2092641774
7.20615631601
6.32561245521
5.5526603434
4.87415546487
4.27855843677
3.75573929934
3.2968055434
2.89395104927
2.54032342462
2.22990751768
1.95742314372
1.71823529624
1.50827532235
1.32397172542
1.16218942034
1.02017640968
0.895516974446
0.786090583966
0.690033879877
0.605715044927
0.531699712184
0.466728852529
0.409697255071
0.359634763972
0.315689775174
0.277114749693
9.38967940270272
