0
0
5.22718467414
15.0072383101
29.8175980115
50.0398545109
74.1483394784
98.6105260749
119.265443849
132.821533241
137.693974072
135.251872462
127.896794038
117.865910921
106.775915358
95.6059557603
84.9873326212
75.2052445079
66.3573131876
58.4426067567
51.4112150221
45.1915185167
39.7049044129
34.8734302604
30.6236450877
26.8882134661
23.6064148004
20.7240331356
18.1929470509
15.9706134535
14.0195290585
12.3066775953
10.8030225658
9.48304430671
8.32432356486
7.30717024558
6.41429427634
5.63051483731
4.94250406481
4.33856146701
3.80841555669
3.34304952236
2.93454808478
2.57596299855
2.2611949485
1.98488985377
1.74234782857
1.52944325864
1.34255463845
1.1785029785
1.03449773667
0.908089355038
0.797127595414
0.699723022568
0.614220919486
0.539166869236
0.473284094425
0.415451946812
0.364686670583
0.320124722454
0.281008082188
9.06060370155454
