0
0
5.60327386679
17.8711704792
39.6164218356
71.5298648524
106.917932188
134.60339352
148.588284738
149.043044662
141.780245567
130.764954321
118.384630085
105.9604047
94.1679450125
83.3138618538
73.5017582078
64.7279912428
56.9356429435
50.0443155046
43.9662297964
38.614586155
33.9077201522
29.7708481843
26.1365815223
22.944786761
20.1421102801
17.6813991344
15.5210927459
13.6246108253
11.9597868345
10.4983531848
9.21547864377
8.08935623327
7.10083807957
6.23311296225
5.47142218149
4.80280953385
4.21590149519
3.70071406992
3.24848313301
2.85151544185
2.50305781934
2.19718230287
1.92868531695
1.69299916056
1.48611430726
1.30451119818
1.14510036885
1.00516989191
0.882339241928
0.774518797822
0.679872356182
0.596791932178
0.523864093679
0.459848200769
0.403655190962
0.354329089681
0.311030746489
0.273023558758
0.239660939909
15.3139244813
