0
0
5.31432297844
15.6530306349
31.996819063
54.9447034135
82.2897476703
108.894136557
129.290075171
140.358816946
141.817145799
136.24231966
126.312285438
114.705879257
102.866559275
91.5333267938
81.0501838889
71.5443784847
63.0278460704
55.4542791053
48.7507560536
42.8349565542
37.6242034609
33.0400529291
29.010308916
25.4697075404
22.3598975097
19.6290362912
17.2312680013
15.1261470015
13.2780618245
11.6556890373
10.2314965368
8.98129578404
7.88384207843
6.92047988261
6.07482932808
5.33250979773
4.68089658225
4.1089068695
3.60681165364
3.16607049471
2.77918639253
2.43957834921
2.1414694775
1.87978876613
1.6500848396
1.44845025046
1.27145501932
1.11608829377
0.979707135004
0.859991561614
0.754905086241
0.662658117685
0.581683615353
0.510604057079
0.448210327408
0.393441028661
0.345364466019
0.303162798021
0.266118123788
10.5302649888567
