0
0
5.82555078049
19.6515540571
45.7763167583
83.890077346
121.955906376
146.165788907
153.05192993
148.982330317
139.17737924
126.938124471
114.121030334
101.695699384
90.1254684254
79.5950193756
70.1405139209
61.7225203689
54.2662629435
47.6834692265
41.8838511543
36.7809847097
32.2949538474
28.3533241197
24.8912393352
21.8510350484
19.1816742868
16.8381315836
14.7807586185
12.9746791434
11.3892377054
9.99750182104
8.77581714442
7.70341257593
6.76205113784
5.9357221106
5.21037000013
4.57365618036
4.01474941258
3.52414182221
3.09348728396
2.71545951166
2.38362746456
2.09234596496
1.83665967449
1.61221880026
1.41520509924
1.24226692368
1.09046220323
0.957208394333
0.840238545597
0.737562731884
0.647432251793
0.568315953903
0.498867826607
0.43790643007
0.384394662822
0.337422161778
0.296189814343
0.259996163145
0.22822547212
18.9049167252957
