0
0
5.71117429362
18.7278426753
42.5827913316
77.6211229503
114.69111244
140.969020574
151.919813115
149.720738937
140.775357153
128.874304992
116.121809703
103.622125547
91.9125560206
81.2179465725
71.5957118787
63.0171490341
55.4124191293
48.6950407159
42.7749034987
37.5648957336
32.9840551567
28.9587726358
25.4230127229
22.3179998419
19.5916755671
17.1980868138
15.0967588934
13.2520819167
11.6327517834
10.2112639997
8.96346062574
7.86812767014
6.9066389121
6.06264168755
5.32178019271
4.67145210445
4.10059466257
3.59949673572
3.1596337644
2.77352282423
2.43459537253
2.13708552963
1.87593200348
1.64669199418
1.44546561669
1.26882955768
1.11377883866
0.977675695271
0.85820470331
0.753333388248
0.661275703879
0.580467707222
0.509534613239
0.447269716169
0.392613738718
0.34463685192
0.302522856088
0.265555294865
0.233105266136
17.0664215662959
