0
0
5.52016665643
17.2215652336
37.3709657302
66.7657634391
100.348366858
128.567392931
144.856596012
148.978076231
143.176457781
132.704677534
120.457799107
107.978517298
96.0474208227
85.0230344611
75.0348902988
66.0919740255
58.1430538185
51.1097955492
44.9046282392
39.4400433805
34.6332649014
30.408260514
26.6963908911
23.4363440601
20.5736829208
18.0602789321
15.8536967937
13.9165821231
12.2160843553
10.7233329518
9.4129660223
8.26271001219
7.25300706799
6.36668586138
5.58867146752
4.90573003607
4.30624429124
3.78001625595
3.31809396479
2.91261928613
2.55669430279
2.2442639999
1.9700132765
1.72927653561
1.51795831878
1.332463637
1.16963681404
1.02670780258
0.901245060111
0.791114183293
0.694439664339
0.609579007331
0.535088495821
0.469700900797
0.412303821284
0.361920796402
0.317694693034
0.278873123535
0.244795645397
13.9518078377521
